2016.09.14 21:05 B G:\CONTENEDOR\sitios\activos\AEROEXPRESS\webpanel\assets\plugins\fullcalendar-1.6.2\demos\theme.html <-- AEROEXPRESS /public_html/webpanel/assets/plugins/fullcalendar-1.6.2/demos theme.html
2016.09.14 21:05 B G:\CONTENEDOR\sitios\activos\AEROEXPRESS\webpanel\assets\plugins\fullcalendar-1.6.2\demos\selectable.html <-- AEROEXPRESS /public_html/webpanel/assets/plugins/fullcalendar-1.6.2/demos selectable.html
2016.09.14 21:05 B G:\CONTENEDOR\sitios\activos\AEROEXPRESS\webpanel\assets\plugins\fullcalendar-1.6.2\demos\json.html <-- AEROEXPRESS /public_html/webpanel/assets/plugins/fullcalendar-1.6.2/demos json.html
2016.09.14 21:05 B G:\CONTENEDOR\sitios\activos\AEROEXPRESS\webpanel\assets\plugins\fullcalendar-1.6.2\demos\json-events.php <-- AEROEXPRESS /public_html/webpanel/assets/plugins/fullcalendar-1.6.2/demos json-events.php
2016.09.14 21:05 B G:\CONTENEDOR\sitios\activos\AEROEXPRESS\webpanel\assets\plugins\fullcalendar-1.6.2\demos\gcal.html <-- AEROEXPRESS /public_html/webpanel/assets/plugins/fullcalendar-1.6.2/demos gcal.html
2016.09.14 21:05 B G:\CONTENEDOR\sitios\activos\AEROEXPRESS\webpanel\assets\plugins\fullcalendar-1.6.2\demos\external-dragging.html <-- AEROEXPRESS /public_html/webpanel/assets/plugins/fullcalendar-1.6.2/demos external-dragging.html
2016.09.14 21:05 B G:\CONTENEDOR\sitios\activos\AEROEXPRESS\webpanel\assets\plugins\fullcalendar-1.6.2\demos\default.html <-- AEROEXPRESS /public_html/webpanel/assets/plugins/fullcalendar-1.6.2/demos default.html
2016.09.14 21:05 B G:\CONTENEDOR\sitios\activos\AEROEXPRESS\webpanel\assets\plugins\fullcalendar-1.6.2\demos\basic-views.html <-- AEROEXPRESS /public_html/webpanel/assets/plugins/fullcalendar-1.6.2/demos basic-views.html
2016.09.14 21:05 B G:\CONTENEDOR\sitios\activos\AEROEXPRESS\webpanel\assets\plugins\fullcalendar-1.6.2\demos\agenda-views.html <-- AEROEXPRESS /public_html/webpanel/assets/plugins/fullcalendar-1.6.2/demos agenda-views.html
2017.03.15 14:07 B G:\CONTENEDOR\sitios\activos\AEROEXPRESS\webpanel\assets\plugins\fullcalendar-1.6.2\demos\agenda-views.html --> hs20.ihosting.cl /public_html/desarrollo/tlc/webpanel/assets/plugins/fullcalendar-1.6.2/demos agenda-views.html
2017.03.15 14:07 B G:\CONTENEDOR\sitios\activos\AEROEXPRESS\webpanel\assets\plugins\fullcalendar-1.6.2\demos\basic-views.html --> hs20.ihosting.cl /public_html/desarrollo/tlc/webpanel/assets/plugins/fullcalendar-1.6.2/demos basic-views.html
2017.03.15 14:07 B G:\CONTENEDOR\sitios\activos\AEROEXPRESS\webpanel\assets\plugins\fullcalendar-1.6.2\demos\default.html --> hs20.ihosting.cl /public_html/desarrollo/tlc/webpanel/assets/plugins/fullcalendar-1.6.2/demos default.html
2017.03.15 14:07 B G:\CONTENEDOR\sitios\activos\AEROEXPRESS\webpanel\assets\plugins\fullcalendar-1.6.2\demos\external-dragging.html --> hs20.ihosting.cl /public_html/desarrollo/tlc/webpanel/assets/plugins/fullcalendar-1.6.2/demos external-dragging.html
2017.03.15 14:07 B G:\CONTENEDOR\sitios\activos\AEROEXPRESS\webpanel\assets\plugins\fullcalendar-1.6.2\demos\gcal.html --> hs20.ihosting.cl /public_html/desarrollo/tlc/webpanel/assets/plugins/fullcalendar-1.6.2/demos gcal.html
2017.03.15 14:07 B G:\CONTENEDOR\sitios\activos\AEROEXPRESS\webpanel\assets\plugins\fullcalendar-1.6.2\demos\json-events.php --> hs20.ihosting.cl /public_html/desarrollo/tlc/webpanel/assets/plugins/fullcalendar-1.6.2/demos json-events.php
2017.03.15 14:07 B G:\CONTENEDOR\sitios\activos\AEROEXPRESS\webpanel\assets\plugins\fullcalendar-1.6.2\demos\json.html --> hs20.ihosting.cl /public_html/desarrollo/tlc/webpanel/assets/plugins/fullcalendar-1.6.2/demos json.html
2017.03.15 14:07 B G:\CONTENEDOR\sitios\activos\AEROEXPRESS\webpanel\assets\plugins\fullcalendar-1.6.2\demos\selectable.html --> hs20.ihosting.cl /public_html/desarrollo/tlc/webpanel/assets/plugins/fullcalendar-1.6.2/demos selectable.html
2017.03.15 14:07 B G:\CONTENEDOR\sitios\activos\AEROEXPRESS\webpanel\assets\plugins\fullcalendar-1.6.2\demos\theme.html --> hs20.ihosting.cl /public_html/desarrollo/tlc/webpanel/assets/plugins/fullcalendar-1.6.2/demos theme.html
2017.03.15 14:07 B G:\CONTENEDOR\sitios\activos\AEROEXPRESS\webpanel\assets\plugins\fullcalendar-1.6.2\demos\WS_FTP.LOG --> hs20.ihosting.cl /public_html/desarrollo/tlc/webpanel/assets/plugins/fullcalendar-1.6.2/demos WS_FTP.LOG
2017.05.01 19:44 B G:\CONTENEDOR\sitios\activos\tlc\webpanel\assets\plugins\fullcalendar-1.6.2\demos\WS_FTP.LOG --> hs33.ihosting.cl /public_html/webpanel/assets/plugins/fullcalendar-1.6.2/demos WS_FTP.LOG
2017.05.01 19:44 B G:\CONTENEDOR\sitios\activos\tlc\webpanel\assets\plugins\fullcalendar-1.6.2\demos\theme.html --> hs33.ihosting.cl /public_html/webpanel/assets/plugins/fullcalendar-1.6.2/demos theme.html
2017.05.01 19:44 B G:\CONTENEDOR\sitios\activos\tlc\webpanel\assets\plugins\fullcalendar-1.6.2\demos\selectable.html --> hs33.ihosting.cl /public_html/webpanel/assets/plugins/fullcalendar-1.6.2/demos selectable.html
2017.05.01 19:44 B G:\CONTENEDOR\sitios\activos\tlc\webpanel\assets\plugins\fullcalendar-1.6.2\demos\json.html --> hs33.ihosting.cl /public_html/webpanel/assets/plugins/fullcalendar-1.6.2/demos json.html
2017.05.01 19:44 B G:\CONTENEDOR\sitios\activos\tlc\webpanel\assets\plugins\fullcalendar-1.6.2\demos\json-events.php --> hs33.ihosting.cl /public_html/webpanel/assets/plugins/fullcalendar-1.6.2/demos json-events.php
2017.05.01 19:44 B G:\CONTENEDOR\sitios\activos\tlc\webpanel\assets\plugins\fullcalendar-1.6.2\demos\gcal.html --> hs33.ihosting.cl /public_html/webpanel/assets/plugins/fullcalendar-1.6.2/demos gcal.html
2017.05.01 19:44 B G:\CONTENEDOR\sitios\activos\tlc\webpanel\assets\plugins\fullcalendar-1.6.2\demos\external-dragging.html --> hs33.ihosting.cl /public_html/webpanel/assets/plugins/fullcalendar-1.6.2/demos external-dragging.html
2017.05.01 19:44 B G:\CONTENEDOR\sitios\activos\tlc\webpanel\assets\plugins\fullcalendar-1.6.2\demos\default.html --> hs33.ihosting.cl /public_html/webpanel/assets/plugins/fullcalendar-1.6.2/demos default.html
2017.05.01 19:44 B G:\CONTENEDOR\sitios\activos\tlc\webpanel\assets\plugins\fullcalendar-1.6.2\demos\basic-views.html --> hs33.ihosting.cl /public_html/webpanel/assets/plugins/fullcalendar-1.6.2/demos basic-views.html
2017.05.01 19:44 B G:\CONTENEDOR\sitios\activos\tlc\webpanel\assets\plugins\fullcalendar-1.6.2\demos\agenda-views.html --> hs33.ihosting.cl /public_html/webpanel/assets/plugins/fullcalendar-1.6.2/demos agenda-views.html
