2016.09.14 21:08 B G:\CONTENEDOR\sitios\activos\AEROEXPRESS\css\style.css <-- AEROEXPRESS /public_html/css style.css
2016.09.14 21:08 B G:\CONTENEDOR\sitios\activos\AEROEXPRESS\css\styles.css <-- AEROEXPRESS /public_html/css styles.css
2016.09.14 21:08 B G:\CONTENEDOR\sitios\activos\AEROEXPRESS\css\responsive-nav.css <-- AEROEXPRESS /public_html/css responsive-nav.css
2016.09.14 21:08 B G:\CONTENEDOR\sitios\activos\AEROEXPRESS\css\queries.css <-- AEROEXPRESS /public_html/css queries.css
2016.09.14 21:08 B G:\CONTENEDOR\sitios\activos\AEROEXPRESS\css\owl.theme.css <-- AEROEXPRESS /public_html/css owl.theme.css
2016.09.14 21:08 B G:\CONTENEDOR\sitios\activos\AEROEXPRESS\css\owl.carousel.css <-- AEROEXPRESS /public_html/css owl.carousel.css
2016.09.14 21:08 B G:\CONTENEDOR\sitios\activos\AEROEXPRESS\css\elements.css <-- AEROEXPRESS /public_html/css elements.css
2016.09.14 21:08 B G:\CONTENEDOR\sitios\activos\AEROEXPRESS\css\bootstrap.min.css <-- AEROEXPRESS /public_html/css bootstrap.min.css
2016.09.14 21:08 B G:\CONTENEDOR\sitios\activos\AEROEXPRESS\css\bootstrap.css.map <-- AEROEXPRESS /public_html/css bootstrap.css.map
2016.09.14 21:08 B G:\CONTENEDOR\sitios\activos\AEROEXPRESS\css\bootstrap.css <-- AEROEXPRESS /public_html/css bootstrap.css
2016.09.14 21:08 B G:\CONTENEDOR\sitios\activos\AEROEXPRESS\css\bootstrap-theme.min.css <-- AEROEXPRESS /public_html/css bootstrap-theme.min.css
2016.09.14 21:08 B G:\CONTENEDOR\sitios\activos\AEROEXPRESS\css\bootstrap-theme.css.map <-- AEROEXPRESS /public_html/css bootstrap-theme.css.map
2016.09.14 21:08 B G:\CONTENEDOR\sitios\activos\AEROEXPRESS\css\bootstrap-theme.css <-- AEROEXPRESS /public_html/css bootstrap-theme.css
2017.03.15 13:59 B G:\CONTENEDOR\sitios\activos\AEROEXPRESS\css\bootstrap-theme.css --> hs20.ihosting.cl /public_html/desarrollo/tlc/css bootstrap-theme.css
2017.03.15 13:59 B G:\CONTENEDOR\sitios\activos\AEROEXPRESS\css\bootstrap-theme.css.map --> hs20.ihosting.cl /public_html/desarrollo/tlc/css bootstrap-theme.css.map
2017.03.15 13:59 B G:\CONTENEDOR\sitios\activos\AEROEXPRESS\css\bootstrap-theme.min.css --> hs20.ihosting.cl /public_html/desarrollo/tlc/css bootstrap-theme.min.css
2017.03.15 13:59 B G:\CONTENEDOR\sitios\activos\AEROEXPRESS\css\bootstrap.css --> hs20.ihosting.cl /public_html/desarrollo/tlc/css bootstrap.css
2017.03.15 13:59 B G:\CONTENEDOR\sitios\activos\AEROEXPRESS\css\bootstrap.css.map --> hs20.ihosting.cl /public_html/desarrollo/tlc/css bootstrap.css.map
2017.03.15 13:59 B G:\CONTENEDOR\sitios\activos\AEROEXPRESS\css\bootstrap.min.css --> hs20.ihosting.cl /public_html/desarrollo/tlc/css bootstrap.min.css
2017.03.15 13:59 B G:\CONTENEDOR\sitios\activos\AEROEXPRESS\css\elements.css --> hs20.ihosting.cl /public_html/desarrollo/tlc/css elements.css
2017.03.15 13:59 B G:\CONTENEDOR\sitios\activos\AEROEXPRESS\css\owl.carousel.css --> hs20.ihosting.cl /public_html/desarrollo/tlc/css owl.carousel.css
2017.03.15 13:59 B G:\CONTENEDOR\sitios\activos\AEROEXPRESS\css\owl.theme.css --> hs20.ihosting.cl /public_html/desarrollo/tlc/css owl.theme.css
2017.03.15 13:59 B G:\CONTENEDOR\sitios\activos\AEROEXPRESS\css\queries.css --> hs20.ihosting.cl /public_html/desarrollo/tlc/css queries.css
2017.03.15 13:59 B G:\CONTENEDOR\sitios\activos\AEROEXPRESS\css\responsive-nav.css --> hs20.ihosting.cl /public_html/desarrollo/tlc/css responsive-nav.css
2017.03.15 13:59 B G:\CONTENEDOR\sitios\activos\AEROEXPRESS\css\style.css --> hs20.ihosting.cl /public_html/desarrollo/tlc/css style.css
2017.03.15 13:59 B G:\CONTENEDOR\sitios\activos\AEROEXPRESS\css\styles.css --> hs20.ihosting.cl /public_html/desarrollo/tlc/css styles.css
2017.03.15 13:59 B G:\CONTENEDOR\sitios\activos\AEROEXPRESS\css\WS_FTP.LOG --> hs20.ihosting.cl /public_html/desarrollo/tlc/css WS_FTP.LOG
