2016.09.14 21:03 B G:\CONTENEDOR\sitios\activos\AEROEXPRESS\webpanel\assets\plugins\pagedown\demo\browser\bootstrap\docs\upgrading.html <-- AEROEXPRESS /public_html/webpanel/assets/plugins/pagedown/demo/browser/bootstrap/docs upgrading.html
2016.09.14 21:03 B G:\CONTENEDOR\sitios\activos\AEROEXPRESS\webpanel\assets\plugins\pagedown\demo\browser\bootstrap\docs\scaffolding.html <-- AEROEXPRESS /public_html/webpanel/assets/plugins/pagedown/demo/browser/bootstrap/docs scaffolding.html
2016.09.14 21:03 B G:\CONTENEDOR\sitios\activos\AEROEXPRESS\webpanel\assets\plugins\pagedown\demo\browser\bootstrap\docs\less.html <-- AEROEXPRESS /public_html/webpanel/assets/plugins/pagedown/demo/browser/bootstrap/docs less.html
2016.09.14 21:03 B G:\CONTENEDOR\sitios\activos\AEROEXPRESS\webpanel\assets\plugins\pagedown\demo\browser\bootstrap\docs\javascript.html <-- AEROEXPRESS /public_html/webpanel/assets/plugins/pagedown/demo/browser/bootstrap/docs javascript.html
2016.09.14 21:03 B G:\CONTENEDOR\sitios\activos\AEROEXPRESS\webpanel\assets\plugins\pagedown\demo\browser\bootstrap\docs\index.html <-- AEROEXPRESS /public_html/webpanel/assets/plugins/pagedown/demo/browser/bootstrap/docs index.html
2016.09.14 21:03 B G:\CONTENEDOR\sitios\activos\AEROEXPRESS\webpanel\assets\plugins\pagedown\demo\browser\bootstrap\docs\examples.html <-- AEROEXPRESS /public_html/webpanel/assets/plugins/pagedown/demo/browser/bootstrap/docs examples.html
2016.09.14 21:03 B G:\CONTENEDOR\sitios\activos\AEROEXPRESS\webpanel\assets\plugins\pagedown\demo\browser\bootstrap\docs\download.html <-- AEROEXPRESS /public_html/webpanel/assets/plugins/pagedown/demo/browser/bootstrap/docs download.html
2016.09.14 21:03 B G:\CONTENEDOR\sitios\activos\AEROEXPRESS\webpanel\assets\plugins\pagedown\demo\browser\bootstrap\docs\components.html <-- AEROEXPRESS /public_html/webpanel/assets/plugins/pagedown/demo/browser/bootstrap/docs components.html
2016.09.14 21:03 B G:\CONTENEDOR\sitios\activos\AEROEXPRESS\webpanel\assets\plugins\pagedown\demo\browser\bootstrap\docs\base-css.html <-- AEROEXPRESS /public_html/webpanel/assets/plugins/pagedown/demo/browser/bootstrap/docs base-css.html
2017.03.15 14:10 B G:\CONTENEDOR\sitios\activos\AEROEXPRESS\webpanel\assets\plugins\pagedown\demo\browser\bootstrap\docs\base-css.html --> hs20.ihosting.cl /public_html/desarrollo/tlc/webpanel/assets/plugins/pagedown/demo/browser/bootstrap/docs base-css.html
2017.03.15 14:10 B G:\CONTENEDOR\sitios\activos\AEROEXPRESS\webpanel\assets\plugins\pagedown\demo\browser\bootstrap\docs\components.html --> hs20.ihosting.cl /public_html/desarrollo/tlc/webpanel/assets/plugins/pagedown/demo/browser/bootstrap/docs components.html
2017.03.15 14:10 B G:\CONTENEDOR\sitios\activos\AEROEXPRESS\webpanel\assets\plugins\pagedown\demo\browser\bootstrap\docs\download.html --> hs20.ihosting.cl /public_html/desarrollo/tlc/webpanel/assets/plugins/pagedown/demo/browser/bootstrap/docs download.html
2017.03.15 14:10 B G:\CONTENEDOR\sitios\activos\AEROEXPRESS\webpanel\assets\plugins\pagedown\demo\browser\bootstrap\docs\examples.html --> hs20.ihosting.cl /public_html/desarrollo/tlc/webpanel/assets/plugins/pagedown/demo/browser/bootstrap/docs examples.html
2017.03.15 14:10 B G:\CONTENEDOR\sitios\activos\AEROEXPRESS\webpanel\assets\plugins\pagedown\demo\browser\bootstrap\docs\index.html --> hs20.ihosting.cl /public_html/desarrollo/tlc/webpanel/assets/plugins/pagedown/demo/browser/bootstrap/docs index.html
2017.03.15 14:10 B G:\CONTENEDOR\sitios\activos\AEROEXPRESS\webpanel\assets\plugins\pagedown\demo\browser\bootstrap\docs\javascript.html --> hs20.ihosting.cl /public_html/desarrollo/tlc/webpanel/assets/plugins/pagedown/demo/browser/bootstrap/docs javascript.html
2017.03.15 14:10 B G:\CONTENEDOR\sitios\activos\AEROEXPRESS\webpanel\assets\plugins\pagedown\demo\browser\bootstrap\docs\less.html --> hs20.ihosting.cl /public_html/desarrollo/tlc/webpanel/assets/plugins/pagedown/demo/browser/bootstrap/docs less.html
2017.03.15 14:10 B G:\CONTENEDOR\sitios\activos\AEROEXPRESS\webpanel\assets\plugins\pagedown\demo\browser\bootstrap\docs\scaffolding.html --> hs20.ihosting.cl /public_html/desarrollo/tlc/webpanel/assets/plugins/pagedown/demo/browser/bootstrap/docs scaffolding.html
2017.03.15 14:10 B G:\CONTENEDOR\sitios\activos\AEROEXPRESS\webpanel\assets\plugins\pagedown\demo\browser\bootstrap\docs\upgrading.html --> hs20.ihosting.cl /public_html/desarrollo/tlc/webpanel/assets/plugins/pagedown/demo/browser/bootstrap/docs upgrading.html
2017.03.15 14:10 B G:\CONTENEDOR\sitios\activos\AEROEXPRESS\webpanel\assets\plugins\pagedown\demo\browser\bootstrap\docs\WS_FTP.LOG --> hs20.ihosting.cl /public_html/desarrollo/tlc/webpanel/assets/plugins/pagedown/demo/browser/bootstrap/docs WS_FTP.LOG
2017.05.01 19:37 B G:\CONTENEDOR\sitios\activos\tlc\webpanel\assets\plugins\pagedown\demo\browser\bootstrap\docs\WS_FTP.LOG --> hs33.ihosting.cl /public_html/webpanel/assets/plugins/pagedown/demo/browser/bootstrap/docs WS_FTP.LOG
2017.05.01 19:37 B G:\CONTENEDOR\sitios\activos\tlc\webpanel\assets\plugins\pagedown\demo\browser\bootstrap\docs\upgrading.html --> hs33.ihosting.cl /public_html/webpanel/assets/plugins/pagedown/demo/browser/bootstrap/docs upgrading.html
2017.05.01 19:37 B G:\CONTENEDOR\sitios\activos\tlc\webpanel\assets\plugins\pagedown\demo\browser\bootstrap\docs\scaffolding.html --> hs33.ihosting.cl /public_html/webpanel/assets/plugins/pagedown/demo/browser/bootstrap/docs scaffolding.html
2017.05.01 19:37 B G:\CONTENEDOR\sitios\activos\tlc\webpanel\assets\plugins\pagedown\demo\browser\bootstrap\docs\less.html --> hs33.ihosting.cl /public_html/webpanel/assets/plugins/pagedown/demo/browser/bootstrap/docs less.html
2017.05.01 19:37 B G:\CONTENEDOR\sitios\activos\tlc\webpanel\assets\plugins\pagedown\demo\browser\bootstrap\docs\javascript.html --> hs33.ihosting.cl /public_html/webpanel/assets/plugins/pagedown/demo/browser/bootstrap/docs javascript.html
2017.05.01 19:37 B G:\CONTENEDOR\sitios\activos\tlc\webpanel\assets\plugins\pagedown\demo\browser\bootstrap\docs\index.html --> hs33.ihosting.cl /public_html/webpanel/assets/plugins/pagedown/demo/browser/bootstrap/docs index.html
2017.05.01 19:37 B G:\CONTENEDOR\sitios\activos\tlc\webpanel\assets\plugins\pagedown\demo\browser\bootstrap\docs\examples.html --> hs33.ihosting.cl /public_html/webpanel/assets/plugins/pagedown/demo/browser/bootstrap/docs examples.html
2017.05.01 19:37 B G:\CONTENEDOR\sitios\activos\tlc\webpanel\assets\plugins\pagedown\demo\browser\bootstrap\docs\download.html --> hs33.ihosting.cl /public_html/webpanel/assets/plugins/pagedown/demo/browser/bootstrap/docs download.html
2017.05.01 19:37 B G:\CONTENEDOR\sitios\activos\tlc\webpanel\assets\plugins\pagedown\demo\browser\bootstrap\docs\components.html --> hs33.ihosting.cl /public_html/webpanel/assets/plugins/pagedown/demo/browser/bootstrap/docs components.html
2017.05.01 19:37 B G:\CONTENEDOR\sitios\activos\tlc\webpanel\assets\plugins\pagedown\demo\browser\bootstrap\docs\base-css.html --> hs33.ihosting.cl /public_html/webpanel/assets/plugins/pagedown/demo/browser/bootstrap/docs base-css.html
