2015.10.14 18:18 B G:\CONTENEDOR\sitios\activos\GARVESHOP\soon\web\css\style.css --> hs12.ihosting.cl /httpdocs/desarrollo/GARVESHOP/soon/web/css style.css
2015.10.14 18:18 B G:\CONTENEDOR\sitios\activos\GARVESHOP\soon\web\css\component.css --> hs12.ihosting.cl /httpdocs/desarrollo/GARVESHOP/soon/web/css component.css
2015.10.14 18:35 B G:\CONTENEDOR\sitios\activos\GARVESHOP\soon\web\css\style.css --> hs12.ihosting.cl /httpdocs/desarrollo/GARVESHOP/soon/web/css style.css
2015.10.14 18:35 B G:\CONTENEDOR\sitios\activos\GARVESHOP\soon\web\css\style.css --> hs12.ihosting.cl /httpdocs/desarrollo/GARVESHOP/soon/web/css style.css
2015.10.14 18:36 B G:\CONTENEDOR\sitios\activos\GARVESHOP\soon\web\css\style.css --> hs12.ihosting.cl /httpdocs/desarrollo/GARVESHOP/soon/web/css style.css
2015.10.14 22:40 B G:\CONTENEDOR\sitios\activos\GARVESHOP\soon\web\css\style.css --> hs12.ihosting.cl /httpdocs/desarrollo/GARVESHOP/soon/web/css style.css
2015.10.14 22:51 B G:\CONTENEDOR\sitios\activos\GARVESHOP\soon\web\css\component.css --> hs12.ihosting.cl /httpdocs/desarrollo/GARVESHOP/soon/web/css component.css
2015.10.14 22:53 B G:\CONTENEDOR\sitios\activos\GARVESHOP\soon\web\css\component.css --> hs12.ihosting.cl /httpdocs/desarrollo/GARVESHOP/soon/web/css component.css
2015.10.16 13:22 B G:\CONTENEDOR\sitios\activos\GARVESHOP\soon\web\css\WS_FTP.LOG --> ftp.garveshop.com /public_html/web/css WS_FTP.LOG
2015.10.16 13:22 B G:\CONTENEDOR\sitios\activos\GARVESHOP\soon\web\css\component.css --> ftp.garveshop.com /public_html/web/css component.css
2015.10.16 13:22 B G:\CONTENEDOR\sitios\activos\GARVESHOP\soon\web\css\style.css --> ftp.garveshop.com /public_html/web/css style.css
2015.10.16 14:25 B G:\CONTENEDOR\sitios\activos\GARVESHOP\soon\web\css\index.php --> ftp.garveshop.com /public_html/web index.php
2015.10.16 14:25 B G:\CONTENEDOR\sitios\activos\GARVESHOP\soon\web\css\component.css --> ftp.garveshop.com /public_html/web/css component.css
2015.10.16 14:26 B G:\CONTENEDOR\sitios\activos\GARVESHOP\soon\web\css\component.css --> ftp.garveshop.com /public_html/web/css component.css
2015.10.16 17:12 B G:\CONTENEDOR\sitios\activos\GARVESHOP\soon\web\css\style.css --> ftp.garveshop.com /public_html/web/css style.css
2015.10.16 17:12 B G:\CONTENEDOR\sitios\activos\GARVESHOP\soon\web\css\style.css --> ftp.garveshop.com /public_html/web/css style.css
2015.11.19 23:55 B G:\CONTENEDOR\sitios\activos\GARVE_NEW\soon\web\css\WS_FTP.LOG <-- GARVE IIA /public_html/soon/web/css WS_FTP.LOG
2015.11.27 17:44 B G:\CONTENEDOR\sitios\activos\NATHAN2\soon\css\WS_FTP.LOG --> hs12.ihosting.cl /httpdocs/desarrollo/nathan/soon/css WS_FTP.LOG
2015.11.27 17:44 B G:\CONTENEDOR\sitios\activos\NATHAN2\soon\css\style.css --> hs12.ihosting.cl /httpdocs/desarrollo/nathan/soon/css style.css
2015.11.27 17:44 B G:\CONTENEDOR\sitios\activos\NATHAN2\soon\css\component.css --> hs12.ihosting.cl /httpdocs/desarrollo/nathan/soon/css component.css
2015.11.27 17:52 B G:\CONTENEDOR\sitios\activos\NATHAN2\soon\css\WS_FTP.LOG --> 190.3.171.23 /public_html/soon/css WS_FTP.LOG
2015.11.27 17:52 B G:\CONTENEDOR\sitios\activos\NATHAN2\soon\css\style.css --> 190.3.171.23 /public_html/soon/css style.css
2015.11.27 17:52 B G:\CONTENEDOR\sitios\activos\NATHAN2\soon\css\component.css --> 190.3.171.23 /public_html/soon/css component.css
2015.12.01 17:10 B G:\CONTENEDOR\sitios\activos\NATHAN2\soon\css\WS_FTP.LOG --> hs30.ihosting.cl /public_html/soon/css WS_FTP.LOG
2015.12.01 17:10 B G:\CONTENEDOR\sitios\activos\NATHAN2\soon\css\style.css --> hs30.ihosting.cl /public_html/soon/css style.css
2015.12.01 17:10 B G:\CONTENEDOR\sitios\activos\NATHAN2\soon\css\component.css --> hs30.ihosting.cl /public_html/soon/css component.css
2015.12.01 17:15 B G:\CONTENEDOR\sitios\activos\VECINDAD_DEL_CHEF\soon\css\WS_FTP.LOG --> hs12.ihosting.cl /httpdocs/desarrollo/vecindad/soon/css WS_FTP.LOG
2015.12.01 17:15 B G:\CONTENEDOR\sitios\activos\VECINDAD_DEL_CHEF\soon\css\style.css --> hs12.ihosting.cl /httpdocs/desarrollo/vecindad/soon/css style.css
2015.12.01 17:15 B G:\CONTENEDOR\sitios\activos\VECINDAD_DEL_CHEF\soon\css\component.css --> hs12.ihosting.cl /httpdocs/desarrollo/vecindad/soon/css component.css
2015.12.31 11:47 B G:\CONTENEDOR\sitios\activos\VECINDAD_DEL_CHEF\soon\css\WS_FTP.LOG --> riveragestoria.cl /public_html/soon/css WS_FTP.LOG
2015.12.31 11:47 B G:\CONTENEDOR\sitios\activos\VECINDAD_DEL_CHEF\soon\css\style.css --> riveragestoria.cl /public_html/soon/css style.css
2015.12.31 11:47 B G:\CONTENEDOR\sitios\activos\VECINDAD_DEL_CHEF\soon\css\component.css --> riveragestoria.cl /public_html/soon/css component.css
2015.12.31 12:17 B G:\CONTENEDOR\sitios\activos\RIVERA_GESTORIA\soon\css\style.css --> riveragestoria.cl /public_html/soon/css style.css
2015.12.31 12:17 B G:\CONTENEDOR\sitios\activos\RIVERA_GESTORIA\soon\css\style.css --> riveragestoria.cl /public_html/soon/css style.css
2015.12.31 12:21 B G:\CONTENEDOR\sitios\activos\RIVERA_GESTORIA\soon\css\component.css --> riveragestoria.cl /public_html/soon/css component.css
2015.12.31 12:21 B G:\CONTENEDOR\sitios\activos\RIVERA_GESTORIA\soon\css\style.css --> riveragestoria.cl /public_html/soon/css style.css
2015.12.31 12:23 B G:\CONTENEDOR\sitios\activos\RIVERA_GESTORIA\soon\css\component.css --> riveragestoria.cl /public_html/soon/css component.css
2016.09.14 21:10 B G:\CONTENEDOR\sitios\activos\AEROEXPRESS\soon\css\WS_FTP.LOG <-- AEROEXPRESS /public_html/soon/css WS_FTP.LOG
2016.09.14 21:10 B G:\CONTENEDOR\sitios\activos\AEROEXPRESS\soon\css\style.css <-- AEROEXPRESS /public_html/soon/css style.css
2016.09.14 21:10 B G:\CONTENEDOR\sitios\activos\AEROEXPRESS\soon\css\component.css <-- AEROEXPRESS /public_html/soon/css component.css
2017.03.15 14:02 B G:\CONTENEDOR\sitios\activos\AEROEXPRESS\soon\css\component.css --> hs20.ihosting.cl /public_html/desarrollo/tlc/soon/css component.css
2017.03.15 14:02 B G:\CONTENEDOR\sitios\activos\AEROEXPRESS\soon\css\style.css --> hs20.ihosting.cl /public_html/desarrollo/tlc/soon/css style.css
2017.03.15 14:02 B G:\CONTENEDOR\sitios\activos\AEROEXPRESS\soon\css\WS_FTP.LOG --> hs20.ihosting.cl /public_html/desarrollo/tlc/soon/css WS_FTP.LOG
2017.04.16 15:16 B G:\CONTENEDOR\sitios\activos\tlc\soon\css\WS_FTP.LOG --> hs33.ihosting.cl /public_html/css WS_FTP.LOG
2017.04.16 15:16 B G:\CONTENEDOR\sitios\activos\tlc\soon\css\style.css --> hs33.ihosting.cl /public_html/css style.css
2017.04.16 15:16 B G:\CONTENEDOR\sitios\activos\tlc\soon\css\component.css --> hs33.ihosting.cl /public_html/css component.css
2017.05.01 19:24 B G:\CONTENEDOR\sitios\activos\tlc\soon\css\WS_FTP.LOG --> hs33.ihosting.cl /public_html/soon/css WS_FTP.LOG
2017.05.01 19:24 B G:\CONTENEDOR\sitios\activos\tlc\soon\css\style.css --> hs33.ihosting.cl /public_html/soon/css style.css
2017.05.01 19:24 B G:\CONTENEDOR\sitios\activos\tlc\soon\css\component.css --> hs33.ihosting.cl /public_html/soon/css component.css
