2016.09.14 21:05 B G:\CONTENEDOR\sitios\activos\AEROEXPRESS\webpanel\assets\plugins\formwizard\js\jquery.validate.js <-- AEROEXPRESS /public_html/webpanel/assets/plugins/formwizard/js jquery.validate.js
2016.09.14 21:05 B G:\CONTENEDOR\sitios\activos\AEROEXPRESS\webpanel\assets\plugins\formwizard\js\jquery.form.wizard.js <-- AEROEXPRESS /public_html/webpanel/assets/plugins/formwizard/js jquery.form.wizard.js
2016.09.14 21:05 B G:\CONTENEDOR\sitios\activos\AEROEXPRESS\webpanel\assets\plugins\formwizard\js\jquery.form.js <-- AEROEXPRESS /public_html/webpanel/assets/plugins/formwizard/js jquery.form.js
2016.09.14 21:05 B G:\CONTENEDOR\sitios\activos\AEROEXPRESS\webpanel\assets\plugins\formwizard\js\jquery-ui-1.8.5.custom.min.js <-- AEROEXPRESS /public_html/webpanel/assets/plugins/formwizard/js jquery-ui-1.8.5.custom.min.js
2016.09.14 21:05 B G:\CONTENEDOR\sitios\activos\AEROEXPRESS\webpanel\assets\plugins\formwizard\js\jquery-1.4.2.min.js <-- AEROEXPRESS /public_html/webpanel/assets/plugins/formwizard/js jquery-1.4.2.min.js
2016.09.14 21:05 B G:\CONTENEDOR\sitios\activos\AEROEXPRESS\webpanel\assets\plugins\formwizard\js\bbq.js <-- AEROEXPRESS /public_html/webpanel/assets/plugins/formwizard/js bbq.js
2017.03.15 14:06 B G:\CONTENEDOR\sitios\activos\AEROEXPRESS\webpanel\assets\plugins\formwizard\js\bbq.js --> hs20.ihosting.cl /public_html/desarrollo/tlc/webpanel/assets/plugins/formwizard/js bbq.js
2017.03.15 14:06 B G:\CONTENEDOR\sitios\activos\AEROEXPRESS\webpanel\assets\plugins\formwizard\js\jquery-1.4.2.min.js --> hs20.ihosting.cl /public_html/desarrollo/tlc/webpanel/assets/plugins/formwizard/js jquery-1.4.2.min.js
2017.03.15 14:06 B G:\CONTENEDOR\sitios\activos\AEROEXPRESS\webpanel\assets\plugins\formwizard\js\jquery-ui-1.8.5.custom.min.js --> hs20.ihosting.cl /public_html/desarrollo/tlc/webpanel/assets/plugins/formwizard/js jquery-ui-1.8.5.custom.min.js
2017.03.15 14:06 B G:\CONTENEDOR\sitios\activos\AEROEXPRESS\webpanel\assets\plugins\formwizard\js\jquery.form.js --> hs20.ihosting.cl /public_html/desarrollo/tlc/webpanel/assets/plugins/formwizard/js jquery.form.js
2017.03.15 14:06 B G:\CONTENEDOR\sitios\activos\AEROEXPRESS\webpanel\assets\plugins\formwizard\js\jquery.form.wizard.js --> hs20.ihosting.cl /public_html/desarrollo/tlc/webpanel/assets/plugins/formwizard/js jquery.form.wizard.js
2017.03.15 14:06 B G:\CONTENEDOR\sitios\activos\AEROEXPRESS\webpanel\assets\plugins\formwizard\js\jquery.validate.js --> hs20.ihosting.cl /public_html/desarrollo/tlc/webpanel/assets/plugins/formwizard/js jquery.validate.js
2017.03.15 14:06 B G:\CONTENEDOR\sitios\activos\AEROEXPRESS\webpanel\assets\plugins\formwizard\js\WS_FTP.LOG --> hs20.ihosting.cl /public_html/desarrollo/tlc/webpanel/assets/plugins/formwizard/js WS_FTP.LOG
2017.05.01 19:44 B G:\CONTENEDOR\sitios\activos\tlc\webpanel\assets\plugins\formwizard\js\WS_FTP.LOG --> hs33.ihosting.cl /public_html/webpanel/assets/plugins/formwizard/js WS_FTP.LOG
2017.05.01 19:44 B G:\CONTENEDOR\sitios\activos\tlc\webpanel\assets\plugins\formwizard\js\jquery.validate.js --> hs33.ihosting.cl /public_html/webpanel/assets/plugins/formwizard/js jquery.validate.js
2017.05.01 19:44 B G:\CONTENEDOR\sitios\activos\tlc\webpanel\assets\plugins\formwizard\js\jquery.form.wizard.js --> hs33.ihosting.cl /public_html/webpanel/assets/plugins/formwizard/js jquery.form.wizard.js
2017.05.01 19:44 B G:\CONTENEDOR\sitios\activos\tlc\webpanel\assets\plugins\formwizard\js\jquery.form.js --> hs33.ihosting.cl /public_html/webpanel/assets/plugins/formwizard/js jquery.form.js
2017.05.01 19:44 B G:\CONTENEDOR\sitios\activos\tlc\webpanel\assets\plugins\formwizard\js\jquery-ui-1.8.5.custom.min.js --> hs33.ihosting.cl /public_html/webpanel/assets/plugins/formwizard/js jquery-ui-1.8.5.custom.min.js
2017.05.01 19:44 B G:\CONTENEDOR\sitios\activos\tlc\webpanel\assets\plugins\formwizard\js\jquery-1.4.2.min.js --> hs33.ihosting.cl /public_html/webpanel/assets/plugins/formwizard/js jquery-1.4.2.min.js
2017.05.01 19:44 B G:\CONTENEDOR\sitios\activos\tlc\webpanel\assets\plugins\formwizard\js\bbq.js --> hs33.ihosting.cl /public_html/webpanel/assets/plugins/formwizard/js bbq.js
