2016.09.14 21:02 B G:\CONTENEDOR\sitios\activos\AEROEXPRESS\webpanel\assets\plugins\timepicker\spec\js\libs\bootstrap\docs\scaffolding.html <-- AEROEXPRESS /public_html/webpanel/assets/plugins/timepicker/spec/js/libs/bootstrap/docs scaffolding.html
2016.09.14 21:02 B G:\CONTENEDOR\sitios\activos\AEROEXPRESS\webpanel\assets\plugins\timepicker\spec\js\libs\bootstrap\docs\javascript.html <-- AEROEXPRESS /public_html/webpanel/assets/plugins/timepicker/spec/js/libs/bootstrap/docs javascript.html
2016.09.14 21:02 B G:\CONTENEDOR\sitios\activos\AEROEXPRESS\webpanel\assets\plugins\timepicker\spec\js\libs\bootstrap\docs\index.html <-- AEROEXPRESS /public_html/webpanel/assets/plugins/timepicker/spec/js/libs/bootstrap/docs index.html
2016.09.14 21:02 B G:\CONTENEDOR\sitios\activos\AEROEXPRESS\webpanel\assets\plugins\timepicker\spec\js\libs\bootstrap\docs\getting-started.html <-- AEROEXPRESS /public_html/webpanel/assets/plugins/timepicker/spec/js/libs/bootstrap/docs getting-started.html
2016.09.14 21:02 B G:\CONTENEDOR\sitios\activos\AEROEXPRESS\webpanel\assets\plugins\timepicker\spec\js\libs\bootstrap\docs\extend.html <-- AEROEXPRESS /public_html/webpanel/assets/plugins/timepicker/spec/js/libs/bootstrap/docs extend.html
2016.09.14 21:02 B G:\CONTENEDOR\sitios\activos\AEROEXPRESS\webpanel\assets\plugins\timepicker\spec\js\libs\bootstrap\docs\customize.html <-- AEROEXPRESS /public_html/webpanel/assets/plugins/timepicker/spec/js/libs/bootstrap/docs customize.html
2016.09.14 21:02 B G:\CONTENEDOR\sitios\activos\AEROEXPRESS\webpanel\assets\plugins\timepicker\spec\js\libs\bootstrap\docs\components.html <-- AEROEXPRESS /public_html/webpanel/assets/plugins/timepicker/spec/js/libs/bootstrap/docs components.html
2016.09.14 21:02 B G:\CONTENEDOR\sitios\activos\AEROEXPRESS\webpanel\assets\plugins\timepicker\spec\js\libs\bootstrap\docs\base-css.html <-- AEROEXPRESS /public_html/webpanel/assets/plugins/timepicker/spec/js/libs/bootstrap/docs base-css.html
2017.03.15 14:13 B G:\CONTENEDOR\sitios\activos\AEROEXPRESS\webpanel\assets\plugins\timepicker\spec\js\libs\bootstrap\docs\base-css.html --> hs20.ihosting.cl /public_html/desarrollo/tlc/webpanel/assets/plugins/timepicker/spec/js/libs/bootstrap/docs base-css.html
2017.03.15 14:13 B G:\CONTENEDOR\sitios\activos\AEROEXPRESS\webpanel\assets\plugins\timepicker\spec\js\libs\bootstrap\docs\components.html --> hs20.ihosting.cl /public_html/desarrollo/tlc/webpanel/assets/plugins/timepicker/spec/js/libs/bootstrap/docs components.html
2017.03.15 14:13 B G:\CONTENEDOR\sitios\activos\AEROEXPRESS\webpanel\assets\plugins\timepicker\spec\js\libs\bootstrap\docs\customize.html --> hs20.ihosting.cl /public_html/desarrollo/tlc/webpanel/assets/plugins/timepicker/spec/js/libs/bootstrap/docs customize.html
2017.03.15 14:13 B G:\CONTENEDOR\sitios\activos\AEROEXPRESS\webpanel\assets\plugins\timepicker\spec\js\libs\bootstrap\docs\extend.html --> hs20.ihosting.cl /public_html/desarrollo/tlc/webpanel/assets/plugins/timepicker/spec/js/libs/bootstrap/docs extend.html
2017.03.15 14:13 B G:\CONTENEDOR\sitios\activos\AEROEXPRESS\webpanel\assets\plugins\timepicker\spec\js\libs\bootstrap\docs\getting-started.html --> hs20.ihosting.cl /public_html/desarrollo/tlc/webpanel/assets/plugins/timepicker/spec/js/libs/bootstrap/docs getting-started.html
2017.03.15 14:13 B G:\CONTENEDOR\sitios\activos\AEROEXPRESS\webpanel\assets\plugins\timepicker\spec\js\libs\bootstrap\docs\index.html --> hs20.ihosting.cl /public_html/desarrollo/tlc/webpanel/assets/plugins/timepicker/spec/js/libs/bootstrap/docs index.html
2017.03.15 14:13 B G:\CONTENEDOR\sitios\activos\AEROEXPRESS\webpanel\assets\plugins\timepicker\spec\js\libs\bootstrap\docs\javascript.html --> hs20.ihosting.cl /public_html/desarrollo/tlc/webpanel/assets/plugins/timepicker/spec/js/libs/bootstrap/docs javascript.html
2017.03.15 14:13 B G:\CONTENEDOR\sitios\activos\AEROEXPRESS\webpanel\assets\plugins\timepicker\spec\js\libs\bootstrap\docs\scaffolding.html --> hs20.ihosting.cl /public_html/desarrollo/tlc/webpanel/assets/plugins/timepicker/spec/js/libs/bootstrap/docs scaffolding.html
2017.03.15 14:13 B G:\CONTENEDOR\sitios\activos\AEROEXPRESS\webpanel\assets\plugins\timepicker\spec\js\libs\bootstrap\docs\WS_FTP.LOG --> hs20.ihosting.cl /public_html/desarrollo/tlc/webpanel/assets/plugins/timepicker/spec/js/libs/bootstrap/docs WS_FTP.LOG
2017.05.01 19:32 B G:\CONTENEDOR\sitios\activos\tlc\webpanel\assets\plugins\timepicker\spec\js\libs\bootstrap\docs\WS_FTP.LOG --> hs33.ihosting.cl /public_html/webpanel/assets/plugins/timepicker/spec/js/libs/bootstrap/docs WS_FTP.LOG
2017.05.01 19:32 B G:\CONTENEDOR\sitios\activos\tlc\webpanel\assets\plugins\timepicker\spec\js\libs\bootstrap\docs\scaffolding.html --> hs33.ihosting.cl /public_html/webpanel/assets/plugins/timepicker/spec/js/libs/bootstrap/docs scaffolding.html
2017.05.01 19:32 B G:\CONTENEDOR\sitios\activos\tlc\webpanel\assets\plugins\timepicker\spec\js\libs\bootstrap\docs\javascript.html --> hs33.ihosting.cl /public_html/webpanel/assets/plugins/timepicker/spec/js/libs/bootstrap/docs javascript.html
2017.05.01 19:32 B G:\CONTENEDOR\sitios\activos\tlc\webpanel\assets\plugins\timepicker\spec\js\libs\bootstrap\docs\index.html --> hs33.ihosting.cl /public_html/webpanel/assets/plugins/timepicker/spec/js/libs/bootstrap/docs index.html
2017.05.01 19:32 B G:\CONTENEDOR\sitios\activos\tlc\webpanel\assets\plugins\timepicker\spec\js\libs\bootstrap\docs\getting-started.html --> hs33.ihosting.cl /public_html/webpanel/assets/plugins/timepicker/spec/js/libs/bootstrap/docs getting-started.html
2017.05.01 19:32 B G:\CONTENEDOR\sitios\activos\tlc\webpanel\assets\plugins\timepicker\spec\js\libs\bootstrap\docs\extend.html --> hs33.ihosting.cl /public_html/webpanel/assets/plugins/timepicker/spec/js/libs/bootstrap/docs extend.html
2017.05.01 19:32 B G:\CONTENEDOR\sitios\activos\tlc\webpanel\assets\plugins\timepicker\spec\js\libs\bootstrap\docs\customize.html --> hs33.ihosting.cl /public_html/webpanel/assets/plugins/timepicker/spec/js/libs/bootstrap/docs customize.html
2017.05.01 19:32 B G:\CONTENEDOR\sitios\activos\tlc\webpanel\assets\plugins\timepicker\spec\js\libs\bootstrap\docs\components.html --> hs33.ihosting.cl /public_html/webpanel/assets/plugins/timepicker/spec/js/libs/bootstrap/docs components.html
2017.05.01 19:32 B G:\CONTENEDOR\sitios\activos\tlc\webpanel\assets\plugins\timepicker\spec\js\libs\bootstrap\docs\base-css.html --> hs33.ihosting.cl /public_html/webpanel/assets/plugins/timepicker/spec/js/libs/bootstrap/docs base-css.html
