2016.09.14 21:05 B G:\CONTENEDOR\sitios\activos\AEROEXPRESS\webpanel\assets\plugins\jasny\docs\assets\img\example-sites\soundready.png <-- AEROEXPRESS /public_html/webpanel/assets/plugins/jasny/docs/assets/img/example-sites soundready.png
2016.09.14 21:05 B G:\CONTENEDOR\sitios\activos\AEROEXPRESS\webpanel\assets\plugins\jasny\docs\assets\img\example-sites\kippt.png <-- AEROEXPRESS /public_html/webpanel/assets/plugins/jasny/docs/assets/img/example-sites kippt.png
2016.09.14 21:05 B G:\CONTENEDOR\sitios\activos\AEROEXPRESS\webpanel\assets\plugins\jasny\docs\assets\img\example-sites\jshint.png <-- AEROEXPRESS /public_html/webpanel/assets/plugins/jasny/docs/assets/img/example-sites jshint.png
2016.09.14 21:05 B G:\CONTENEDOR\sitios\activos\AEROEXPRESS\webpanel\assets\plugins\jasny\docs\assets\img\example-sites\gathercontent.png <-- AEROEXPRESS /public_html/webpanel/assets/plugins/jasny/docs/assets/img/example-sites gathercontent.png
2016.09.14 21:05 B G:\CONTENEDOR\sitios\activos\AEROEXPRESS\webpanel\assets\plugins\jasny\docs\assets\img\example-sites\fleetio.png <-- AEROEXPRESS /public_html/webpanel/assets/plugins/jasny/docs/assets/img/example-sites fleetio.png
2016.09.14 21:05 B G:\CONTENEDOR\sitios\activos\AEROEXPRESS\webpanel\assets\plugins\jasny\docs\assets\img\example-sites\breakingnews.png <-- AEROEXPRESS /public_html/webpanel/assets/plugins/jasny/docs/assets/img/example-sites breakingnews.png
2016.09.14 21:05 B G:\CONTENEDOR\sitios\activos\AEROEXPRESS\webpanel\assets\plugins\jasny\docs\assets\img\example-sites\adoptahydrant.png <-- AEROEXPRESS /public_html/webpanel/assets/plugins/jasny/docs/assets/img/example-sites adoptahydrant.png
2016.09.14 21:05 B G:\CONTENEDOR\sitios\activos\AEROEXPRESS\webpanel\assets\plugins\jasny\docs\assets\img\example-sites\8020select.png <-- AEROEXPRESS /public_html/webpanel/assets/plugins/jasny/docs/assets/img/example-sites 8020select.png
2017.03.15 14:07 B G:\CONTENEDOR\sitios\activos\AEROEXPRESS\webpanel\assets\plugins\jasny\docs\assets\img\example-sites\8020select.png --> hs20.ihosting.cl /public_html/desarrollo/tlc/webpanel/assets/plugins/jasny/docs/assets/img/example-sites 8020select.png
2017.03.15 14:07 B G:\CONTENEDOR\sitios\activos\AEROEXPRESS\webpanel\assets\plugins\jasny\docs\assets\img\example-sites\adoptahydrant.png --> hs20.ihosting.cl /public_html/desarrollo/tlc/webpanel/assets/plugins/jasny/docs/assets/img/example-sites adoptahydrant.png
2017.03.15 14:07 B G:\CONTENEDOR\sitios\activos\AEROEXPRESS\webpanel\assets\plugins\jasny\docs\assets\img\example-sites\breakingnews.png --> hs20.ihosting.cl /public_html/desarrollo/tlc/webpanel/assets/plugins/jasny/docs/assets/img/example-sites breakingnews.png
2017.03.15 14:07 B G:\CONTENEDOR\sitios\activos\AEROEXPRESS\webpanel\assets\plugins\jasny\docs\assets\img\example-sites\fleetio.png --> hs20.ihosting.cl /public_html/desarrollo/tlc/webpanel/assets/plugins/jasny/docs/assets/img/example-sites fleetio.png
2017.03.15 14:07 B G:\CONTENEDOR\sitios\activos\AEROEXPRESS\webpanel\assets\plugins\jasny\docs\assets\img\example-sites\gathercontent.png --> hs20.ihosting.cl /public_html/desarrollo/tlc/webpanel/assets/plugins/jasny/docs/assets/img/example-sites gathercontent.png
2017.03.15 14:07 B G:\CONTENEDOR\sitios\activos\AEROEXPRESS\webpanel\assets\plugins\jasny\docs\assets\img\example-sites\jshint.png --> hs20.ihosting.cl /public_html/desarrollo/tlc/webpanel/assets/plugins/jasny/docs/assets/img/example-sites jshint.png
2017.03.15 14:07 B G:\CONTENEDOR\sitios\activos\AEROEXPRESS\webpanel\assets\plugins\jasny\docs\assets\img\example-sites\kippt.png --> hs20.ihosting.cl /public_html/desarrollo/tlc/webpanel/assets/plugins/jasny/docs/assets/img/example-sites kippt.png
2017.03.15 14:07 B G:\CONTENEDOR\sitios\activos\AEROEXPRESS\webpanel\assets\plugins\jasny\docs\assets\img\example-sites\soundready.png --> hs20.ihosting.cl /public_html/desarrollo/tlc/webpanel/assets/plugins/jasny/docs/assets/img/example-sites soundready.png
2017.03.15 14:07 B G:\CONTENEDOR\sitios\activos\AEROEXPRESS\webpanel\assets\plugins\jasny\docs\assets\img\example-sites\WS_FTP.LOG --> hs20.ihosting.cl /public_html/desarrollo/tlc/webpanel/assets/plugins/jasny/docs/assets/img/example-sites WS_FTP.LOG
2017.05.01 19:42 B G:\CONTENEDOR\sitios\activos\tlc\webpanel\assets\plugins\jasny\docs\assets\img\example-sites\WS_FTP.LOG --> hs33.ihosting.cl /public_html/webpanel/assets/plugins/jasny/docs/assets/img/example-sites WS_FTP.LOG
2017.05.01 19:42 B G:\CONTENEDOR\sitios\activos\tlc\webpanel\assets\plugins\jasny\docs\assets\img\example-sites\soundready.png --> hs33.ihosting.cl /public_html/webpanel/assets/plugins/jasny/docs/assets/img/example-sites soundready.png
2017.05.01 19:42 B G:\CONTENEDOR\sitios\activos\tlc\webpanel\assets\plugins\jasny\docs\assets\img\example-sites\kippt.png --> hs33.ihosting.cl /public_html/webpanel/assets/plugins/jasny/docs/assets/img/example-sites kippt.png
2017.05.01 19:42 B G:\CONTENEDOR\sitios\activos\tlc\webpanel\assets\plugins\jasny\docs\assets\img\example-sites\jshint.png --> hs33.ihosting.cl /public_html/webpanel/assets/plugins/jasny/docs/assets/img/example-sites jshint.png
2017.05.01 19:42 B G:\CONTENEDOR\sitios\activos\tlc\webpanel\assets\plugins\jasny\docs\assets\img\example-sites\gathercontent.png --> hs33.ihosting.cl /public_html/webpanel/assets/plugins/jasny/docs/assets/img/example-sites gathercontent.png
2017.05.01 19:42 B G:\CONTENEDOR\sitios\activos\tlc\webpanel\assets\plugins\jasny\docs\assets\img\example-sites\fleetio.png --> hs33.ihosting.cl /public_html/webpanel/assets/plugins/jasny/docs/assets/img/example-sites fleetio.png
2017.05.01 19:42 B G:\CONTENEDOR\sitios\activos\tlc\webpanel\assets\plugins\jasny\docs\assets\img\example-sites\breakingnews.png --> hs33.ihosting.cl /public_html/webpanel/assets/plugins/jasny/docs/assets/img/example-sites breakingnews.png
2017.05.01 19:42 B G:\CONTENEDOR\sitios\activos\tlc\webpanel\assets\plugins\jasny\docs\assets\img\example-sites\adoptahydrant.png --> hs33.ihosting.cl /public_html/webpanel/assets/plugins/jasny/docs/assets/img/example-sites adoptahydrant.png
2017.05.01 19:42 B G:\CONTENEDOR\sitios\activos\tlc\webpanel\assets\plugins\jasny\docs\assets\img\example-sites\8020select.png --> hs33.ihosting.cl /public_html/webpanel/assets/plugins/jasny/docs/assets/img/example-sites 8020select.png
