2016.09.14 21:09 B G:\CONTENEDOR\sitios\activos\AEROEXPRESS\ckeditor\skins\moono\readme.md <-- AEROEXPRESS /public_html/ckeditor/skins/moono readme.md
2016.09.14 21:09 B G:\CONTENEDOR\sitios\activos\AEROEXPRESS\ckeditor\skins\moono\icons_hidpi.png <-- AEROEXPRESS /public_html/ckeditor/skins/moono icons_hidpi.png
2016.09.14 21:09 B G:\CONTENEDOR\sitios\activos\AEROEXPRESS\ckeditor\skins\moono\icons.png <-- AEROEXPRESS /public_html/ckeditor/skins/moono icons.png
2016.09.14 21:09 B G:\CONTENEDOR\sitios\activos\AEROEXPRESS\ckeditor\skins\moono\editor_iequirks.css <-- AEROEXPRESS /public_html/ckeditor/skins/moono editor_iequirks.css
2016.09.14 21:09 B G:\CONTENEDOR\sitios\activos\AEROEXPRESS\ckeditor\skins\moono\editor_ie8.css <-- AEROEXPRESS /public_html/ckeditor/skins/moono editor_ie8.css
2016.09.14 21:09 B G:\CONTENEDOR\sitios\activos\AEROEXPRESS\ckeditor\skins\moono\editor_ie7.css <-- AEROEXPRESS /public_html/ckeditor/skins/moono editor_ie7.css
2016.09.14 21:09 B G:\CONTENEDOR\sitios\activos\AEROEXPRESS\ckeditor\skins\moono\editor_ie.css <-- AEROEXPRESS /public_html/ckeditor/skins/moono editor_ie.css
2016.09.14 21:09 B G:\CONTENEDOR\sitios\activos\AEROEXPRESS\ckeditor\skins\moono\editor_gecko.css <-- AEROEXPRESS /public_html/ckeditor/skins/moono editor_gecko.css
2016.09.14 21:09 B G:\CONTENEDOR\sitios\activos\AEROEXPRESS\ckeditor\skins\moono\editor.css <-- AEROEXPRESS /public_html/ckeditor/skins/moono editor.css
2016.09.14 21:09 B G:\CONTENEDOR\sitios\activos\AEROEXPRESS\ckeditor\skins\moono\dialog_iequirks.css <-- AEROEXPRESS /public_html/ckeditor/skins/moono dialog_iequirks.css
2016.09.14 21:09 B G:\CONTENEDOR\sitios\activos\AEROEXPRESS\ckeditor\skins\moono\dialog_ie8.css <-- AEROEXPRESS /public_html/ckeditor/skins/moono dialog_ie8.css
2016.09.14 21:09 B G:\CONTENEDOR\sitios\activos\AEROEXPRESS\ckeditor\skins\moono\dialog_ie7.css <-- AEROEXPRESS /public_html/ckeditor/skins/moono dialog_ie7.css
2016.09.14 21:09 B G:\CONTENEDOR\sitios\activos\AEROEXPRESS\ckeditor\skins\moono\dialog_ie.css <-- AEROEXPRESS /public_html/ckeditor/skins/moono dialog_ie.css
2016.09.14 21:09 B G:\CONTENEDOR\sitios\activos\AEROEXPRESS\ckeditor\skins\moono\dialog.css <-- AEROEXPRESS /public_html/ckeditor/skins/moono dialog.css
2017.03.15 13:59 B G:\CONTENEDOR\sitios\activos\AEROEXPRESS\ckeditor\skins\moono\dialog.css --> hs20.ihosting.cl /public_html/desarrollo/tlc/ckeditor/skins/moono dialog.css
2017.03.15 13:59 B G:\CONTENEDOR\sitios\activos\AEROEXPRESS\ckeditor\skins\moono\dialog_ie.css --> hs20.ihosting.cl /public_html/desarrollo/tlc/ckeditor/skins/moono dialog_ie.css
2017.03.15 13:59 B G:\CONTENEDOR\sitios\activos\AEROEXPRESS\ckeditor\skins\moono\dialog_ie7.css --> hs20.ihosting.cl /public_html/desarrollo/tlc/ckeditor/skins/moono dialog_ie7.css
2017.03.15 13:59 B G:\CONTENEDOR\sitios\activos\AEROEXPRESS\ckeditor\skins\moono\dialog_ie8.css --> hs20.ihosting.cl /public_html/desarrollo/tlc/ckeditor/skins/moono dialog_ie8.css
2017.03.15 13:59 B G:\CONTENEDOR\sitios\activos\AEROEXPRESS\ckeditor\skins\moono\dialog_iequirks.css --> hs20.ihosting.cl /public_html/desarrollo/tlc/ckeditor/skins/moono dialog_iequirks.css
2017.03.15 13:59 B G:\CONTENEDOR\sitios\activos\AEROEXPRESS\ckeditor\skins\moono\editor.css --> hs20.ihosting.cl /public_html/desarrollo/tlc/ckeditor/skins/moono editor.css
2017.03.15 13:59 B G:\CONTENEDOR\sitios\activos\AEROEXPRESS\ckeditor\skins\moono\editor_gecko.css --> hs20.ihosting.cl /public_html/desarrollo/tlc/ckeditor/skins/moono editor_gecko.css
2017.03.15 13:59 B G:\CONTENEDOR\sitios\activos\AEROEXPRESS\ckeditor\skins\moono\editor_ie.css --> hs20.ihosting.cl /public_html/desarrollo/tlc/ckeditor/skins/moono editor_ie.css
2017.03.15 13:59 B G:\CONTENEDOR\sitios\activos\AEROEXPRESS\ckeditor\skins\moono\editor_ie7.css --> hs20.ihosting.cl /public_html/desarrollo/tlc/ckeditor/skins/moono editor_ie7.css
2017.03.15 13:59 B G:\CONTENEDOR\sitios\activos\AEROEXPRESS\ckeditor\skins\moono\editor_ie8.css --> hs20.ihosting.cl /public_html/desarrollo/tlc/ckeditor/skins/moono editor_ie8.css
2017.03.15 13:59 B G:\CONTENEDOR\sitios\activos\AEROEXPRESS\ckeditor\skins\moono\editor_iequirks.css --> hs20.ihosting.cl /public_html/desarrollo/tlc/ckeditor/skins/moono editor_iequirks.css
2017.03.15 13:59 B G:\CONTENEDOR\sitios\activos\AEROEXPRESS\ckeditor\skins\moono\icons.png --> hs20.ihosting.cl /public_html/desarrollo/tlc/ckeditor/skins/moono icons.png
2017.03.15 13:59 B G:\CONTENEDOR\sitios\activos\AEROEXPRESS\ckeditor\skins\moono\icons_hidpi.png --> hs20.ihosting.cl /public_html/desarrollo/tlc/ckeditor/skins/moono icons_hidpi.png
2017.03.15 13:59 B G:\CONTENEDOR\sitios\activos\AEROEXPRESS\ckeditor\skins\moono\readme.md --> hs20.ihosting.cl /public_html/desarrollo/tlc/ckeditor/skins/moono readme.md
2017.03.15 13:59 B G:\CONTENEDOR\sitios\activos\AEROEXPRESS\ckeditor\skins\moono\WS_FTP.LOG --> hs20.ihosting.cl /public_html/desarrollo/tlc/ckeditor/skins/moono WS_FTP.LOG
