2016.09.14 21:03 B G:\CONTENEDOR\sitios\activos\AEROEXPRESS\webpanel\assets\plugins\jquery.fancybox-1.3.4\fancybox\jquery.mousewheel-3.0.4.pack.js <-- AEROEXPRESS /public_html/webpanel/assets/plugins/jquery.fancybox-1.3.4/fancybox jquery.mousewheel-3.0.4.pack.js
2016.09.14 21:03 B G:\CONTENEDOR\sitios\activos\AEROEXPRESS\webpanel\assets\plugins\jquery.fancybox-1.3.4\fancybox\jquery.fancybox-1.3.4.pack.js <-- AEROEXPRESS /public_html/webpanel/assets/plugins/jquery.fancybox-1.3.4/fancybox jquery.fancybox-1.3.4.pack.js
2016.09.14 21:03 B G:\CONTENEDOR\sitios\activos\AEROEXPRESS\webpanel\assets\plugins\jquery.fancybox-1.3.4\fancybox\jquery.fancybox-1.3.4.js <-- AEROEXPRESS /public_html/webpanel/assets/plugins/jquery.fancybox-1.3.4/fancybox jquery.fancybox-1.3.4.js
2016.09.14 21:03 B G:\CONTENEDOR\sitios\activos\AEROEXPRESS\webpanel\assets\plugins\jquery.fancybox-1.3.4\fancybox\jquery.fancybox-1.3.4.css <-- AEROEXPRESS /public_html/webpanel/assets/plugins/jquery.fancybox-1.3.4/fancybox jquery.fancybox-1.3.4.css
2016.09.14 21:03 B G:\CONTENEDOR\sitios\activos\AEROEXPRESS\webpanel\assets\plugins\jquery.fancybox-1.3.4\fancybox\jquery.easing-1.3.pack.js <-- AEROEXPRESS /public_html/webpanel/assets/plugins/jquery.fancybox-1.3.4/fancybox jquery.easing-1.3.pack.js
2016.09.14 21:03 B G:\CONTENEDOR\sitios\activos\AEROEXPRESS\webpanel\assets\plugins\jquery.fancybox-1.3.4\fancybox\fancybox.png <-- AEROEXPRESS /public_html/webpanel/assets/plugins/jquery.fancybox-1.3.4/fancybox fancybox.png
2016.09.14 21:03 B G:\CONTENEDOR\sitios\activos\AEROEXPRESS\webpanel\assets\plugins\jquery.fancybox-1.3.4\fancybox\fancybox-y.png <-- AEROEXPRESS /public_html/webpanel/assets/plugins/jquery.fancybox-1.3.4/fancybox fancybox-y.png
2016.09.14 21:03 B G:\CONTENEDOR\sitios\activos\AEROEXPRESS\webpanel\assets\plugins\jquery.fancybox-1.3.4\fancybox\fancybox-x.png <-- AEROEXPRESS /public_html/webpanel/assets/plugins/jquery.fancybox-1.3.4/fancybox fancybox-x.png
2016.09.14 21:03 B G:\CONTENEDOR\sitios\activos\AEROEXPRESS\webpanel\assets\plugins\jquery.fancybox-1.3.4\fancybox\fancy_title_right.png <-- AEROEXPRESS /public_html/webpanel/assets/plugins/jquery.fancybox-1.3.4/fancybox fancy_title_right.png
2016.09.14 21:03 B G:\CONTENEDOR\sitios\activos\AEROEXPRESS\webpanel\assets\plugins\jquery.fancybox-1.3.4\fancybox\fancy_title_over.png <-- AEROEXPRESS /public_html/webpanel/assets/plugins/jquery.fancybox-1.3.4/fancybox fancy_title_over.png
2016.09.14 21:03 B G:\CONTENEDOR\sitios\activos\AEROEXPRESS\webpanel\assets\plugins\jquery.fancybox-1.3.4\fancybox\fancy_title_main.png <-- AEROEXPRESS /public_html/webpanel/assets/plugins/jquery.fancybox-1.3.4/fancybox fancy_title_main.png
2016.09.14 21:03 B G:\CONTENEDOR\sitios\activos\AEROEXPRESS\webpanel\assets\plugins\jquery.fancybox-1.3.4\fancybox\fancy_title_left.png <-- AEROEXPRESS /public_html/webpanel/assets/plugins/jquery.fancybox-1.3.4/fancybox fancy_title_left.png
2016.09.14 21:03 B G:\CONTENEDOR\sitios\activos\AEROEXPRESS\webpanel\assets\plugins\jquery.fancybox-1.3.4\fancybox\fancy_shadow_w.png <-- AEROEXPRESS /public_html/webpanel/assets/plugins/jquery.fancybox-1.3.4/fancybox fancy_shadow_w.png
2016.09.14 21:03 B G:\CONTENEDOR\sitios\activos\AEROEXPRESS\webpanel\assets\plugins\jquery.fancybox-1.3.4\fancybox\fancy_shadow_sw.png <-- AEROEXPRESS /public_html/webpanel/assets/plugins/jquery.fancybox-1.3.4/fancybox fancy_shadow_sw.png
2016.09.14 21:03 B G:\CONTENEDOR\sitios\activos\AEROEXPRESS\webpanel\assets\plugins\jquery.fancybox-1.3.4\fancybox\fancy_shadow_se.png <-- AEROEXPRESS /public_html/webpanel/assets/plugins/jquery.fancybox-1.3.4/fancybox fancy_shadow_se.png
2016.09.14 21:03 B G:\CONTENEDOR\sitios\activos\AEROEXPRESS\webpanel\assets\plugins\jquery.fancybox-1.3.4\fancybox\fancy_shadow_s.png <-- AEROEXPRESS /public_html/webpanel/assets/plugins/jquery.fancybox-1.3.4/fancybox fancy_shadow_s.png
2016.09.14 21:03 B G:\CONTENEDOR\sitios\activos\AEROEXPRESS\webpanel\assets\plugins\jquery.fancybox-1.3.4\fancybox\fancy_shadow_nw.png <-- AEROEXPRESS /public_html/webpanel/assets/plugins/jquery.fancybox-1.3.4/fancybox fancy_shadow_nw.png
2016.09.14 21:03 B G:\CONTENEDOR\sitios\activos\AEROEXPRESS\webpanel\assets\plugins\jquery.fancybox-1.3.4\fancybox\fancy_shadow_ne.png <-- AEROEXPRESS /public_html/webpanel/assets/plugins/jquery.fancybox-1.3.4/fancybox fancy_shadow_ne.png
2016.09.14 21:03 B G:\CONTENEDOR\sitios\activos\AEROEXPRESS\webpanel\assets\plugins\jquery.fancybox-1.3.4\fancybox\fancy_shadow_n.png <-- AEROEXPRESS /public_html/webpanel/assets/plugins/jquery.fancybox-1.3.4/fancybox fancy_shadow_n.png
2016.09.14 21:03 B G:\CONTENEDOR\sitios\activos\AEROEXPRESS\webpanel\assets\plugins\jquery.fancybox-1.3.4\fancybox\fancy_shadow_e.png <-- AEROEXPRESS /public_html/webpanel/assets/plugins/jquery.fancybox-1.3.4/fancybox fancy_shadow_e.png
2016.09.14 21:03 B G:\CONTENEDOR\sitios\activos\AEROEXPRESS\webpanel\assets\plugins\jquery.fancybox-1.3.4\fancybox\fancy_nav_right.png <-- AEROEXPRESS /public_html/webpanel/assets/plugins/jquery.fancybox-1.3.4/fancybox fancy_nav_right.png
2016.09.14 21:03 B G:\CONTENEDOR\sitios\activos\AEROEXPRESS\webpanel\assets\plugins\jquery.fancybox-1.3.4\fancybox\fancy_nav_left.png <-- AEROEXPRESS /public_html/webpanel/assets/plugins/jquery.fancybox-1.3.4/fancybox fancy_nav_left.png
2016.09.14 21:03 B G:\CONTENEDOR\sitios\activos\AEROEXPRESS\webpanel\assets\plugins\jquery.fancybox-1.3.4\fancybox\fancy_loading.png <-- AEROEXPRESS /public_html/webpanel/assets/plugins/jquery.fancybox-1.3.4/fancybox fancy_loading.png
2016.09.14 21:03 B G:\CONTENEDOR\sitios\activos\AEROEXPRESS\webpanel\assets\plugins\jquery.fancybox-1.3.4\fancybox\fancy_close.png <-- AEROEXPRESS /public_html/webpanel/assets/plugins/jquery.fancybox-1.3.4/fancybox fancy_close.png
2016.09.14 21:03 B G:\CONTENEDOR\sitios\activos\AEROEXPRESS\webpanel\assets\plugins\jquery.fancybox-1.3.4\fancybox\blank.gif <-- AEROEXPRESS /public_html/webpanel/assets/plugins/jquery.fancybox-1.3.4/fancybox blank.gif
2017.03.15 14:10 B G:\CONTENEDOR\sitios\activos\AEROEXPRESS\webpanel\assets\plugins\jquery.fancybox-1.3.4\fancybox\blank.gif --> hs20.ihosting.cl /public_html/desarrollo/tlc/webpanel/assets/plugins/jquery.fancybox-1.3.4/fancybox blank.gif
2017.03.15 14:10 B G:\CONTENEDOR\sitios\activos\AEROEXPRESS\webpanel\assets\plugins\jquery.fancybox-1.3.4\fancybox\fancy_close.png --> hs20.ihosting.cl /public_html/desarrollo/tlc/webpanel/assets/plugins/jquery.fancybox-1.3.4/fancybox fancy_close.png
2017.03.15 14:10 B G:\CONTENEDOR\sitios\activos\AEROEXPRESS\webpanel\assets\plugins\jquery.fancybox-1.3.4\fancybox\fancy_loading.png --> hs20.ihosting.cl /public_html/desarrollo/tlc/webpanel/assets/plugins/jquery.fancybox-1.3.4/fancybox fancy_loading.png
2017.03.15 14:10 B G:\CONTENEDOR\sitios\activos\AEROEXPRESS\webpanel\assets\plugins\jquery.fancybox-1.3.4\fancybox\fancy_nav_left.png --> hs20.ihosting.cl /public_html/desarrollo/tlc/webpanel/assets/plugins/jquery.fancybox-1.3.4/fancybox fancy_nav_left.png
2017.03.15 14:10 B G:\CONTENEDOR\sitios\activos\AEROEXPRESS\webpanel\assets\plugins\jquery.fancybox-1.3.4\fancybox\fancy_nav_right.png --> hs20.ihosting.cl /public_html/desarrollo/tlc/webpanel/assets/plugins/jquery.fancybox-1.3.4/fancybox fancy_nav_right.png
2017.03.15 14:10 B G:\CONTENEDOR\sitios\activos\AEROEXPRESS\webpanel\assets\plugins\jquery.fancybox-1.3.4\fancybox\fancy_shadow_e.png --> hs20.ihosting.cl /public_html/desarrollo/tlc/webpanel/assets/plugins/jquery.fancybox-1.3.4/fancybox fancy_shadow_e.png
2017.03.15 14:10 B G:\CONTENEDOR\sitios\activos\AEROEXPRESS\webpanel\assets\plugins\jquery.fancybox-1.3.4\fancybox\fancy_shadow_n.png --> hs20.ihosting.cl /public_html/desarrollo/tlc/webpanel/assets/plugins/jquery.fancybox-1.3.4/fancybox fancy_shadow_n.png
2017.03.15 14:10 B G:\CONTENEDOR\sitios\activos\AEROEXPRESS\webpanel\assets\plugins\jquery.fancybox-1.3.4\fancybox\fancy_shadow_ne.png --> hs20.ihosting.cl /public_html/desarrollo/tlc/webpanel/assets/plugins/jquery.fancybox-1.3.4/fancybox fancy_shadow_ne.png
2017.03.15 14:10 B G:\CONTENEDOR\sitios\activos\AEROEXPRESS\webpanel\assets\plugins\jquery.fancybox-1.3.4\fancybox\fancy_shadow_nw.png --> hs20.ihosting.cl /public_html/desarrollo/tlc/webpanel/assets/plugins/jquery.fancybox-1.3.4/fancybox fancy_shadow_nw.png
2017.03.15 14:10 B G:\CONTENEDOR\sitios\activos\AEROEXPRESS\webpanel\assets\plugins\jquery.fancybox-1.3.4\fancybox\fancy_shadow_s.png --> hs20.ihosting.cl /public_html/desarrollo/tlc/webpanel/assets/plugins/jquery.fancybox-1.3.4/fancybox fancy_shadow_s.png
2017.03.15 14:10 B G:\CONTENEDOR\sitios\activos\AEROEXPRESS\webpanel\assets\plugins\jquery.fancybox-1.3.4\fancybox\fancy_shadow_se.png --> hs20.ihosting.cl /public_html/desarrollo/tlc/webpanel/assets/plugins/jquery.fancybox-1.3.4/fancybox fancy_shadow_se.png
2017.03.15 14:10 B G:\CONTENEDOR\sitios\activos\AEROEXPRESS\webpanel\assets\plugins\jquery.fancybox-1.3.4\fancybox\fancy_shadow_sw.png --> hs20.ihosting.cl /public_html/desarrollo/tlc/webpanel/assets/plugins/jquery.fancybox-1.3.4/fancybox fancy_shadow_sw.png
2017.03.15 14:10 B G:\CONTENEDOR\sitios\activos\AEROEXPRESS\webpanel\assets\plugins\jquery.fancybox-1.3.4\fancybox\fancy_shadow_w.png --> hs20.ihosting.cl /public_html/desarrollo/tlc/webpanel/assets/plugins/jquery.fancybox-1.3.4/fancybox fancy_shadow_w.png
2017.03.15 14:10 B G:\CONTENEDOR\sitios\activos\AEROEXPRESS\webpanel\assets\plugins\jquery.fancybox-1.3.4\fancybox\fancy_title_left.png --> hs20.ihosting.cl /public_html/desarrollo/tlc/webpanel/assets/plugins/jquery.fancybox-1.3.4/fancybox fancy_title_left.png
2017.03.15 14:10 B G:\CONTENEDOR\sitios\activos\AEROEXPRESS\webpanel\assets\plugins\jquery.fancybox-1.3.4\fancybox\fancy_title_main.png --> hs20.ihosting.cl /public_html/desarrollo/tlc/webpanel/assets/plugins/jquery.fancybox-1.3.4/fancybox fancy_title_main.png
2017.03.15 14:10 B G:\CONTENEDOR\sitios\activos\AEROEXPRESS\webpanel\assets\plugins\jquery.fancybox-1.3.4\fancybox\fancy_title_over.png --> hs20.ihosting.cl /public_html/desarrollo/tlc/webpanel/assets/plugins/jquery.fancybox-1.3.4/fancybox fancy_title_over.png
2017.03.15 14:10 B G:\CONTENEDOR\sitios\activos\AEROEXPRESS\webpanel\assets\plugins\jquery.fancybox-1.3.4\fancybox\fancy_title_right.png --> hs20.ihosting.cl /public_html/desarrollo/tlc/webpanel/assets/plugins/jquery.fancybox-1.3.4/fancybox fancy_title_right.png
2017.03.15 14:10 B G:\CONTENEDOR\sitios\activos\AEROEXPRESS\webpanel\assets\plugins\jquery.fancybox-1.3.4\fancybox\fancybox-x.png --> hs20.ihosting.cl /public_html/desarrollo/tlc/webpanel/assets/plugins/jquery.fancybox-1.3.4/fancybox fancybox-x.png
2017.03.15 14:10 B G:\CONTENEDOR\sitios\activos\AEROEXPRESS\webpanel\assets\plugins\jquery.fancybox-1.3.4\fancybox\fancybox-y.png --> hs20.ihosting.cl /public_html/desarrollo/tlc/webpanel/assets/plugins/jquery.fancybox-1.3.4/fancybox fancybox-y.png
2017.03.15 14:10 B G:\CONTENEDOR\sitios\activos\AEROEXPRESS\webpanel\assets\plugins\jquery.fancybox-1.3.4\fancybox\fancybox.png --> hs20.ihosting.cl /public_html/desarrollo/tlc/webpanel/assets/plugins/jquery.fancybox-1.3.4/fancybox fancybox.png
2017.03.15 14:10 B G:\CONTENEDOR\sitios\activos\AEROEXPRESS\webpanel\assets\plugins\jquery.fancybox-1.3.4\fancybox\jquery.easing-1.3.pack.js --> hs20.ihosting.cl /public_html/desarrollo/tlc/webpanel/assets/plugins/jquery.fancybox-1.3.4/fancybox jquery.easing-1.3.pack.js
2017.03.15 14:10 B G:\CONTENEDOR\sitios\activos\AEROEXPRESS\webpanel\assets\plugins\jquery.fancybox-1.3.4\fancybox\jquery.fancybox-1.3.4.css --> hs20.ihosting.cl /public_html/desarrollo/tlc/webpanel/assets/plugins/jquery.fancybox-1.3.4/fancybox jquery.fancybox-1.3.4.css
2017.03.15 14:10 B G:\CONTENEDOR\sitios\activos\AEROEXPRESS\webpanel\assets\plugins\jquery.fancybox-1.3.4\fancybox\jquery.fancybox-1.3.4.js --> hs20.ihosting.cl /public_html/desarrollo/tlc/webpanel/assets/plugins/jquery.fancybox-1.3.4/fancybox jquery.fancybox-1.3.4.js
2017.03.15 14:10 B G:\CONTENEDOR\sitios\activos\AEROEXPRESS\webpanel\assets\plugins\jquery.fancybox-1.3.4\fancybox\jquery.fancybox-1.3.4.pack.js --> hs20.ihosting.cl /public_html/desarrollo/tlc/webpanel/assets/plugins/jquery.fancybox-1.3.4/fancybox jquery.fancybox-1.3.4.pack.js
2017.03.15 14:10 B G:\CONTENEDOR\sitios\activos\AEROEXPRESS\webpanel\assets\plugins\jquery.fancybox-1.3.4\fancybox\jquery.mousewheel-3.0.4.pack.js --> hs20.ihosting.cl /public_html/desarrollo/tlc/webpanel/assets/plugins/jquery.fancybox-1.3.4/fancybox jquery.mousewheel-3.0.4.pack.js
2017.03.15 14:10 B G:\CONTENEDOR\sitios\activos\AEROEXPRESS\webpanel\assets\plugins\jquery.fancybox-1.3.4\fancybox\WS_FTP.LOG --> hs20.ihosting.cl /public_html/desarrollo/tlc/webpanel/assets/plugins/jquery.fancybox-1.3.4/fancybox WS_FTP.LOG
2017.05.01 19:37 B G:\CONTENEDOR\sitios\activos\tlc\webpanel\assets\plugins\jquery.fancybox-1.3.4\fancybox\WS_FTP.LOG --> hs33.ihosting.cl /public_html/webpanel/assets/plugins/jquery.fancybox-1.3.4/fancybox WS_FTP.LOG
2017.05.01 19:37 B G:\CONTENEDOR\sitios\activos\tlc\webpanel\assets\plugins\jquery.fancybox-1.3.4\fancybox\jquery.mousewheel-3.0.4.pack.js --> hs33.ihosting.cl /public_html/webpanel/assets/plugins/jquery.fancybox-1.3.4/fancybox jquery.mousewheel-3.0.4.pack.js
2017.05.01 19:37 B G:\CONTENEDOR\sitios\activos\tlc\webpanel\assets\plugins\jquery.fancybox-1.3.4\fancybox\jquery.fancybox-1.3.4.pack.js --> hs33.ihosting.cl /public_html/webpanel/assets/plugins/jquery.fancybox-1.3.4/fancybox jquery.fancybox-1.3.4.pack.js
2017.05.01 19:37 B G:\CONTENEDOR\sitios\activos\tlc\webpanel\assets\plugins\jquery.fancybox-1.3.4\fancybox\jquery.fancybox-1.3.4.js --> hs33.ihosting.cl /public_html/webpanel/assets/plugins/jquery.fancybox-1.3.4/fancybox jquery.fancybox-1.3.4.js
2017.05.01 19:37 B G:\CONTENEDOR\sitios\activos\tlc\webpanel\assets\plugins\jquery.fancybox-1.3.4\fancybox\jquery.fancybox-1.3.4.css --> hs33.ihosting.cl /public_html/webpanel/assets/plugins/jquery.fancybox-1.3.4/fancybox jquery.fancybox-1.3.4.css
2017.05.01 19:37 B G:\CONTENEDOR\sitios\activos\tlc\webpanel\assets\plugins\jquery.fancybox-1.3.4\fancybox\jquery.easing-1.3.pack.js --> hs33.ihosting.cl /public_html/webpanel/assets/plugins/jquery.fancybox-1.3.4/fancybox jquery.easing-1.3.pack.js
2017.05.01 19:37 B G:\CONTENEDOR\sitios\activos\tlc\webpanel\assets\plugins\jquery.fancybox-1.3.4\fancybox\fancybox.png --> hs33.ihosting.cl /public_html/webpanel/assets/plugins/jquery.fancybox-1.3.4/fancybox fancybox.png
2017.05.01 19:37 B G:\CONTENEDOR\sitios\activos\tlc\webpanel\assets\plugins\jquery.fancybox-1.3.4\fancybox\fancybox-y.png --> hs33.ihosting.cl /public_html/webpanel/assets/plugins/jquery.fancybox-1.3.4/fancybox fancybox-y.png
2017.05.01 19:37 B G:\CONTENEDOR\sitios\activos\tlc\webpanel\assets\plugins\jquery.fancybox-1.3.4\fancybox\fancybox-x.png --> hs33.ihosting.cl /public_html/webpanel/assets/plugins/jquery.fancybox-1.3.4/fancybox fancybox-x.png
2017.05.01 19:37 B G:\CONTENEDOR\sitios\activos\tlc\webpanel\assets\plugins\jquery.fancybox-1.3.4\fancybox\fancy_title_right.png --> hs33.ihosting.cl /public_html/webpanel/assets/plugins/jquery.fancybox-1.3.4/fancybox fancy_title_right.png
2017.05.01 19:37 B G:\CONTENEDOR\sitios\activos\tlc\webpanel\assets\plugins\jquery.fancybox-1.3.4\fancybox\fancy_title_over.png --> hs33.ihosting.cl /public_html/webpanel/assets/plugins/jquery.fancybox-1.3.4/fancybox fancy_title_over.png
2017.05.01 19:37 B G:\CONTENEDOR\sitios\activos\tlc\webpanel\assets\plugins\jquery.fancybox-1.3.4\fancybox\fancy_title_main.png --> hs33.ihosting.cl /public_html/webpanel/assets/plugins/jquery.fancybox-1.3.4/fancybox fancy_title_main.png
2017.05.01 19:37 B G:\CONTENEDOR\sitios\activos\tlc\webpanel\assets\plugins\jquery.fancybox-1.3.4\fancybox\fancy_title_left.png --> hs33.ihosting.cl /public_html/webpanel/assets/plugins/jquery.fancybox-1.3.4/fancybox fancy_title_left.png
2017.05.01 19:37 B G:\CONTENEDOR\sitios\activos\tlc\webpanel\assets\plugins\jquery.fancybox-1.3.4\fancybox\fancy_shadow_w.png --> hs33.ihosting.cl /public_html/webpanel/assets/plugins/jquery.fancybox-1.3.4/fancybox fancy_shadow_w.png
2017.05.01 19:37 B G:\CONTENEDOR\sitios\activos\tlc\webpanel\assets\plugins\jquery.fancybox-1.3.4\fancybox\fancy_shadow_sw.png --> hs33.ihosting.cl /public_html/webpanel/assets/plugins/jquery.fancybox-1.3.4/fancybox fancy_shadow_sw.png
2017.05.01 19:37 B G:\CONTENEDOR\sitios\activos\tlc\webpanel\assets\plugins\jquery.fancybox-1.3.4\fancybox\fancy_shadow_se.png --> hs33.ihosting.cl /public_html/webpanel/assets/plugins/jquery.fancybox-1.3.4/fancybox fancy_shadow_se.png
2017.05.01 19:37 B G:\CONTENEDOR\sitios\activos\tlc\webpanel\assets\plugins\jquery.fancybox-1.3.4\fancybox\fancy_shadow_s.png --> hs33.ihosting.cl /public_html/webpanel/assets/plugins/jquery.fancybox-1.3.4/fancybox fancy_shadow_s.png
2017.05.01 19:37 B G:\CONTENEDOR\sitios\activos\tlc\webpanel\assets\plugins\jquery.fancybox-1.3.4\fancybox\fancy_shadow_nw.png --> hs33.ihosting.cl /public_html/webpanel/assets/plugins/jquery.fancybox-1.3.4/fancybox fancy_shadow_nw.png
2017.05.01 19:37 B G:\CONTENEDOR\sitios\activos\tlc\webpanel\assets\plugins\jquery.fancybox-1.3.4\fancybox\fancy_shadow_ne.png --> hs33.ihosting.cl /public_html/webpanel/assets/plugins/jquery.fancybox-1.3.4/fancybox fancy_shadow_ne.png
2017.05.01 19:37 B G:\CONTENEDOR\sitios\activos\tlc\webpanel\assets\plugins\jquery.fancybox-1.3.4\fancybox\fancy_shadow_n.png --> hs33.ihosting.cl /public_html/webpanel/assets/plugins/jquery.fancybox-1.3.4/fancybox fancy_shadow_n.png
2017.05.01 19:37 B G:\CONTENEDOR\sitios\activos\tlc\webpanel\assets\plugins\jquery.fancybox-1.3.4\fancybox\fancy_shadow_e.png --> hs33.ihosting.cl /public_html/webpanel/assets/plugins/jquery.fancybox-1.3.4/fancybox fancy_shadow_e.png
2017.05.01 19:37 B G:\CONTENEDOR\sitios\activos\tlc\webpanel\assets\plugins\jquery.fancybox-1.3.4\fancybox\fancy_nav_right.png --> hs33.ihosting.cl /public_html/webpanel/assets/plugins/jquery.fancybox-1.3.4/fancybox fancy_nav_right.png
2017.05.01 19:37 B G:\CONTENEDOR\sitios\activos\tlc\webpanel\assets\plugins\jquery.fancybox-1.3.4\fancybox\fancy_nav_left.png --> hs33.ihosting.cl /public_html/webpanel/assets/plugins/jquery.fancybox-1.3.4/fancybox fancy_nav_left.png
2017.05.01 19:38 B G:\CONTENEDOR\sitios\activos\tlc\webpanel\assets\plugins\jquery.fancybox-1.3.4\fancybox\fancy_loading.png --> hs33.ihosting.cl /public_html/webpanel/assets/plugins/jquery.fancybox-1.3.4/fancybox fancy_loading.png
2017.05.01 19:38 B G:\CONTENEDOR\sitios\activos\tlc\webpanel\assets\plugins\jquery.fancybox-1.3.4\fancybox\fancy_close.png --> hs33.ihosting.cl /public_html/webpanel/assets/plugins/jquery.fancybox-1.3.4/fancybox fancy_close.png
2017.05.01 19:38 B G:\CONTENEDOR\sitios\activos\tlc\webpanel\assets\plugins\jquery.fancybox-1.3.4\fancybox\blank.gif --> hs33.ihosting.cl /public_html/webpanel/assets/plugins/jquery.fancybox-1.3.4/fancybox blank.gif
