2016.09.14 21:07 B G:\CONTENEDOR\sitios\activos\AEROEXPRESS\webpanel\assets\plugins\animate\source\wobble.css <-- AEROEXPRESS /public_html/webpanel/assets/plugins/animate/source wobble.css
2016.09.14 21:07 B G:\CONTENEDOR\sitios\activos\AEROEXPRESS\webpanel\assets\plugins\animate\source\tada.css <-- AEROEXPRESS /public_html/webpanel/assets/plugins/animate/source tada.css
2016.09.14 21:07 B G:\CONTENEDOR\sitios\activos\AEROEXPRESS\webpanel\assets\plugins\animate\source\swing.css <-- AEROEXPRESS /public_html/webpanel/assets/plugins/animate/source swing.css
2016.09.14 21:07 B G:\CONTENEDOR\sitios\activos\AEROEXPRESS\webpanel\assets\plugins\animate\source\slideOutUp.css <-- AEROEXPRESS /public_html/webpanel/assets/plugins/animate/source slideOutUp.css
2016.09.14 21:07 B G:\CONTENEDOR\sitios\activos\AEROEXPRESS\webpanel\assets\plugins\animate\source\slideOutRight.css <-- AEROEXPRESS /public_html/webpanel/assets/plugins/animate/source slideOutRight.css
2016.09.14 21:07 B G:\CONTENEDOR\sitios\activos\AEROEXPRESS\webpanel\assets\plugins\animate\source\slideOutLeft.css <-- AEROEXPRESS /public_html/webpanel/assets/plugins/animate/source slideOutLeft.css
2016.09.14 21:07 B G:\CONTENEDOR\sitios\activos\AEROEXPRESS\webpanel\assets\plugins\animate\source\slideInRight.css <-- AEROEXPRESS /public_html/webpanel/assets/plugins/animate/source slideInRight.css
2016.09.14 21:08 B G:\CONTENEDOR\sitios\activos\AEROEXPRESS\webpanel\assets\plugins\animate\source\slideInLeft.css <-- AEROEXPRESS /public_html/webpanel/assets/plugins/animate/source slideInLeft.css
2016.09.14 21:08 B G:\CONTENEDOR\sitios\activos\AEROEXPRESS\webpanel\assets\plugins\animate\source\slideInDown.css <-- AEROEXPRESS /public_html/webpanel/assets/plugins/animate/source slideInDown.css
2016.09.14 21:08 B G:\CONTENEDOR\sitios\activos\AEROEXPRESS\webpanel\assets\plugins\animate\source\shake.css <-- AEROEXPRESS /public_html/webpanel/assets/plugins/animate/source shake.css
2016.09.14 21:08 B G:\CONTENEDOR\sitios\activos\AEROEXPRESS\webpanel\assets\plugins\animate\source\rotateOutUpRight.css <-- AEROEXPRESS /public_html/webpanel/assets/plugins/animate/source rotateOutUpRight.css
2016.09.14 21:08 B G:\CONTENEDOR\sitios\activos\AEROEXPRESS\webpanel\assets\plugins\animate\source\rotateOutUpLeft.css <-- AEROEXPRESS /public_html/webpanel/assets/plugins/animate/source rotateOutUpLeft.css
2016.09.14 21:08 B G:\CONTENEDOR\sitios\activos\AEROEXPRESS\webpanel\assets\plugins\animate\source\rotateOutDownRight.css <-- AEROEXPRESS /public_html/webpanel/assets/plugins/animate/source rotateOutDownRight.css
2016.09.14 21:08 B G:\CONTENEDOR\sitios\activos\AEROEXPRESS\webpanel\assets\plugins\animate\source\rotateOutDownLeft.css <-- AEROEXPRESS /public_html/webpanel/assets/plugins/animate/source rotateOutDownLeft.css
2016.09.14 21:08 B G:\CONTENEDOR\sitios\activos\AEROEXPRESS\webpanel\assets\plugins\animate\source\rotateOut.css <-- AEROEXPRESS /public_html/webpanel/assets/plugins/animate/source rotateOut.css
2016.09.14 21:08 B G:\CONTENEDOR\sitios\activos\AEROEXPRESS\webpanel\assets\plugins\animate\source\rotateInUpRight.css <-- AEROEXPRESS /public_html/webpanel/assets/plugins/animate/source rotateInUpRight.css
2016.09.14 21:08 B G:\CONTENEDOR\sitios\activos\AEROEXPRESS\webpanel\assets\plugins\animate\source\rotateInUpLeft.css <-- AEROEXPRESS /public_html/webpanel/assets/plugins/animate/source rotateInUpLeft.css
2016.09.14 21:08 B G:\CONTENEDOR\sitios\activos\AEROEXPRESS\webpanel\assets\plugins\animate\source\rotateInDownRight.css <-- AEROEXPRESS /public_html/webpanel/assets/plugins/animate/source rotateInDownRight.css
2016.09.14 21:08 B G:\CONTENEDOR\sitios\activos\AEROEXPRESS\webpanel\assets\plugins\animate\source\rotateInDownLeft.css <-- AEROEXPRESS /public_html/webpanel/assets/plugins/animate/source rotateInDownLeft.css
2016.09.14 21:08 B G:\CONTENEDOR\sitios\activos\AEROEXPRESS\webpanel\assets\plugins\animate\source\rotateIn.css <-- AEROEXPRESS /public_html/webpanel/assets/plugins/animate/source rotateIn.css
2016.09.14 21:08 B G:\CONTENEDOR\sitios\activos\AEROEXPRESS\webpanel\assets\plugins\animate\source\rollOut.css <-- AEROEXPRESS /public_html/webpanel/assets/plugins/animate/source rollOut.css
2016.09.14 21:08 B G:\CONTENEDOR\sitios\activos\AEROEXPRESS\webpanel\assets\plugins\animate\source\rollIn.css <-- AEROEXPRESS /public_html/webpanel/assets/plugins/animate/source rollIn.css
2016.09.14 21:08 B G:\CONTENEDOR\sitios\activos\AEROEXPRESS\webpanel\assets\plugins\animate\source\pulse.css <-- AEROEXPRESS /public_html/webpanel/assets/plugins/animate/source pulse.css
2016.09.14 21:08 B G:\CONTENEDOR\sitios\activos\AEROEXPRESS\webpanel\assets\plugins\animate\source\lightSpeedOut.css <-- AEROEXPRESS /public_html/webpanel/assets/plugins/animate/source lightSpeedOut.css
2016.09.14 21:08 B G:\CONTENEDOR\sitios\activos\AEROEXPRESS\webpanel\assets\plugins\animate\source\lightSpeedIn.css <-- AEROEXPRESS /public_html/webpanel/assets/plugins/animate/source lightSpeedIn.css
2016.09.14 21:08 B G:\CONTENEDOR\sitios\activos\AEROEXPRESS\webpanel\assets\plugins\animate\source\hinge.css <-- AEROEXPRESS /public_html/webpanel/assets/plugins/animate/source hinge.css
2016.09.14 21:08 B G:\CONTENEDOR\sitios\activos\AEROEXPRESS\webpanel\assets\plugins\animate\source\flipOutY.css <-- AEROEXPRESS /public_html/webpanel/assets/plugins/animate/source flipOutY.css
2016.09.14 21:08 B G:\CONTENEDOR\sitios\activos\AEROEXPRESS\webpanel\assets\plugins\animate\source\flipOutX.css <-- AEROEXPRESS /public_html/webpanel/assets/plugins/animate/source flipOutX.css
2016.09.14 21:08 B G:\CONTENEDOR\sitios\activos\AEROEXPRESS\webpanel\assets\plugins\animate\source\flipInY.css <-- AEROEXPRESS /public_html/webpanel/assets/plugins/animate/source flipInY.css
2016.09.14 21:08 B G:\CONTENEDOR\sitios\activos\AEROEXPRESS\webpanel\assets\plugins\animate\source\flipInX.css <-- AEROEXPRESS /public_html/webpanel/assets/plugins/animate/source flipInX.css
2016.09.14 21:08 B G:\CONTENEDOR\sitios\activos\AEROEXPRESS\webpanel\assets\plugins\animate\source\flip.css <-- AEROEXPRESS /public_html/webpanel/assets/plugins/animate/source flip.css
2016.09.14 21:08 B G:\CONTENEDOR\sitios\activos\AEROEXPRESS\webpanel\assets\plugins\animate\source\flash.css <-- AEROEXPRESS /public_html/webpanel/assets/plugins/animate/source flash.css
2016.09.14 21:08 B G:\CONTENEDOR\sitios\activos\AEROEXPRESS\webpanel\assets\plugins\animate\source\fadeOutUpBig.css <-- AEROEXPRESS /public_html/webpanel/assets/plugins/animate/source fadeOutUpBig.css
2016.09.14 21:08 B G:\CONTENEDOR\sitios\activos\AEROEXPRESS\webpanel\assets\plugins\animate\source\fadeOutUp.css <-- AEROEXPRESS /public_html/webpanel/assets/plugins/animate/source fadeOutUp.css
2016.09.14 21:08 B G:\CONTENEDOR\sitios\activos\AEROEXPRESS\webpanel\assets\plugins\animate\source\fadeOutRightBig.css <-- AEROEXPRESS /public_html/webpanel/assets/plugins/animate/source fadeOutRightBig.css
2016.09.14 21:08 B G:\CONTENEDOR\sitios\activos\AEROEXPRESS\webpanel\assets\plugins\animate\source\fadeOutRight.css <-- AEROEXPRESS /public_html/webpanel/assets/plugins/animate/source fadeOutRight.css
2016.09.14 21:08 B G:\CONTENEDOR\sitios\activos\AEROEXPRESS\webpanel\assets\plugins\animate\source\fadeOutLeftBig.css <-- AEROEXPRESS /public_html/webpanel/assets/plugins/animate/source fadeOutLeftBig.css
2016.09.14 21:08 B G:\CONTENEDOR\sitios\activos\AEROEXPRESS\webpanel\assets\plugins\animate\source\fadeOutLeft.css <-- AEROEXPRESS /public_html/webpanel/assets/plugins/animate/source fadeOutLeft.css
2016.09.14 21:08 B G:\CONTENEDOR\sitios\activos\AEROEXPRESS\webpanel\assets\plugins\animate\source\fadeOutDownBig.css <-- AEROEXPRESS /public_html/webpanel/assets/plugins/animate/source fadeOutDownBig.css
2016.09.14 21:08 B G:\CONTENEDOR\sitios\activos\AEROEXPRESS\webpanel\assets\plugins\animate\source\fadeOutDown.css <-- AEROEXPRESS /public_html/webpanel/assets/plugins/animate/source fadeOutDown.css
2016.09.14 21:08 B G:\CONTENEDOR\sitios\activos\AEROEXPRESS\webpanel\assets\plugins\animate\source\fadeOut.css <-- AEROEXPRESS /public_html/webpanel/assets/plugins/animate/source fadeOut.css
2016.09.14 21:08 B G:\CONTENEDOR\sitios\activos\AEROEXPRESS\webpanel\assets\plugins\animate\source\fadeInUpBig.css <-- AEROEXPRESS /public_html/webpanel/assets/plugins/animate/source fadeInUpBig.css
2016.09.14 21:08 B G:\CONTENEDOR\sitios\activos\AEROEXPRESS\webpanel\assets\plugins\animate\source\fadeInUp.css <-- AEROEXPRESS /public_html/webpanel/assets/plugins/animate/source fadeInUp.css
2016.09.14 21:08 B G:\CONTENEDOR\sitios\activos\AEROEXPRESS\webpanel\assets\plugins\animate\source\fadeInRightBig.css <-- AEROEXPRESS /public_html/webpanel/assets/plugins/animate/source fadeInRightBig.css
2016.09.14 21:08 B G:\CONTENEDOR\sitios\activos\AEROEXPRESS\webpanel\assets\plugins\animate\source\fadeInRight.css <-- AEROEXPRESS /public_html/webpanel/assets/plugins/animate/source fadeInRight.css
2016.09.14 21:08 B G:\CONTENEDOR\sitios\activos\AEROEXPRESS\webpanel\assets\plugins\animate\source\fadeInLeftBig.css <-- AEROEXPRESS /public_html/webpanel/assets/plugins/animate/source fadeInLeftBig.css
2016.09.14 21:08 B G:\CONTENEDOR\sitios\activos\AEROEXPRESS\webpanel\assets\plugins\animate\source\fadeInLeft.css <-- AEROEXPRESS /public_html/webpanel/assets/plugins/animate/source fadeInLeft.css
2016.09.14 21:08 B G:\CONTENEDOR\sitios\activos\AEROEXPRESS\webpanel\assets\plugins\animate\source\fadeInDownBig.css <-- AEROEXPRESS /public_html/webpanel/assets/plugins/animate/source fadeInDownBig.css
2016.09.14 21:08 B G:\CONTENEDOR\sitios\activos\AEROEXPRESS\webpanel\assets\plugins\animate\source\fadeInDown.css <-- AEROEXPRESS /public_html/webpanel/assets/plugins/animate/source fadeInDown.css
2016.09.14 21:08 B G:\CONTENEDOR\sitios\activos\AEROEXPRESS\webpanel\assets\plugins\animate\source\fadeIn.css <-- AEROEXPRESS /public_html/webpanel/assets/plugins/animate/source fadeIn.css
2016.09.14 21:08 B G:\CONTENEDOR\sitios\activos\AEROEXPRESS\webpanel\assets\plugins\animate\source\bounceOutUp.css <-- AEROEXPRESS /public_html/webpanel/assets/plugins/animate/source bounceOutUp.css
2016.09.14 21:08 B G:\CONTENEDOR\sitios\activos\AEROEXPRESS\webpanel\assets\plugins\animate\source\bounceOutRight.css <-- AEROEXPRESS /public_html/webpanel/assets/plugins/animate/source bounceOutRight.css
2016.09.14 21:08 B G:\CONTENEDOR\sitios\activos\AEROEXPRESS\webpanel\assets\plugins\animate\source\bounceOutLeft.css <-- AEROEXPRESS /public_html/webpanel/assets/plugins/animate/source bounceOutLeft.css
2016.09.14 21:08 B G:\CONTENEDOR\sitios\activos\AEROEXPRESS\webpanel\assets\plugins\animate\source\bounceOutDown.css <-- AEROEXPRESS /public_html/webpanel/assets/plugins/animate/source bounceOutDown.css
2016.09.14 21:08 B G:\CONTENEDOR\sitios\activos\AEROEXPRESS\webpanel\assets\plugins\animate\source\bounceOut.css <-- AEROEXPRESS /public_html/webpanel/assets/plugins/animate/source bounceOut.css
2016.09.14 21:08 B G:\CONTENEDOR\sitios\activos\AEROEXPRESS\webpanel\assets\plugins\animate\source\bounceInUp.css <-- AEROEXPRESS /public_html/webpanel/assets/plugins/animate/source bounceInUp.css
2016.09.14 21:08 B G:\CONTENEDOR\sitios\activos\AEROEXPRESS\webpanel\assets\plugins\animate\source\bounceInRight.css <-- AEROEXPRESS /public_html/webpanel/assets/plugins/animate/source bounceInRight.css
2016.09.14 21:08 B G:\CONTENEDOR\sitios\activos\AEROEXPRESS\webpanel\assets\plugins\animate\source\bounceInLeft.css <-- AEROEXPRESS /public_html/webpanel/assets/plugins/animate/source bounceInLeft.css
2016.09.14 21:08 B G:\CONTENEDOR\sitios\activos\AEROEXPRESS\webpanel\assets\plugins\animate\source\bounceInDown.css <-- AEROEXPRESS /public_html/webpanel/assets/plugins/animate/source bounceInDown.css
2016.09.14 21:08 B G:\CONTENEDOR\sitios\activos\AEROEXPRESS\webpanel\assets\plugins\animate\source\bounceIn.css <-- AEROEXPRESS /public_html/webpanel/assets/plugins/animate/source bounceIn.css
2016.09.14 21:08 B G:\CONTENEDOR\sitios\activos\AEROEXPRESS\webpanel\assets\plugins\animate\source\bounce.css <-- AEROEXPRESS /public_html/webpanel/assets/plugins/animate/source bounce.css
2017.03.15 14:03 B G:\CONTENEDOR\sitios\activos\AEROEXPRESS\webpanel\assets\plugins\animate\source\bounce.css --> hs20.ihosting.cl /public_html/desarrollo/tlc/webpanel/assets/plugins/animate/source bounce.css
2017.03.15 14:03 B G:\CONTENEDOR\sitios\activos\AEROEXPRESS\webpanel\assets\plugins\animate\source\bounceIn.css --> hs20.ihosting.cl /public_html/desarrollo/tlc/webpanel/assets/plugins/animate/source bounceIn.css
2017.03.15 14:03 B G:\CONTENEDOR\sitios\activos\AEROEXPRESS\webpanel\assets\plugins\animate\source\bounceInDown.css --> hs20.ihosting.cl /public_html/desarrollo/tlc/webpanel/assets/plugins/animate/source bounceInDown.css
2017.03.15 14:03 B G:\CONTENEDOR\sitios\activos\AEROEXPRESS\webpanel\assets\plugins\animate\source\bounceInLeft.css --> hs20.ihosting.cl /public_html/desarrollo/tlc/webpanel/assets/plugins/animate/source bounceInLeft.css
2017.03.15 14:03 B G:\CONTENEDOR\sitios\activos\AEROEXPRESS\webpanel\assets\plugins\animate\source\bounceInRight.css --> hs20.ihosting.cl /public_html/desarrollo/tlc/webpanel/assets/plugins/animate/source bounceInRight.css
2017.03.15 14:03 B G:\CONTENEDOR\sitios\activos\AEROEXPRESS\webpanel\assets\plugins\animate\source\bounceInUp.css --> hs20.ihosting.cl /public_html/desarrollo/tlc/webpanel/assets/plugins/animate/source bounceInUp.css
2017.03.15 14:03 B G:\CONTENEDOR\sitios\activos\AEROEXPRESS\webpanel\assets\plugins\animate\source\bounceOut.css --> hs20.ihosting.cl /public_html/desarrollo/tlc/webpanel/assets/plugins/animate/source bounceOut.css
2017.03.15 14:03 B G:\CONTENEDOR\sitios\activos\AEROEXPRESS\webpanel\assets\plugins\animate\source\bounceOutDown.css --> hs20.ihosting.cl /public_html/desarrollo/tlc/webpanel/assets/plugins/animate/source bounceOutDown.css
2017.03.15 14:03 B G:\CONTENEDOR\sitios\activos\AEROEXPRESS\webpanel\assets\plugins\animate\source\bounceOutLeft.css --> hs20.ihosting.cl /public_html/desarrollo/tlc/webpanel/assets/plugins/animate/source bounceOutLeft.css
2017.03.15 14:03 B G:\CONTENEDOR\sitios\activos\AEROEXPRESS\webpanel\assets\plugins\animate\source\bounceOutRight.css --> hs20.ihosting.cl /public_html/desarrollo/tlc/webpanel/assets/plugins/animate/source bounceOutRight.css
2017.03.15 14:03 B G:\CONTENEDOR\sitios\activos\AEROEXPRESS\webpanel\assets\plugins\animate\source\bounceOutUp.css --> hs20.ihosting.cl /public_html/desarrollo/tlc/webpanel/assets/plugins/animate/source bounceOutUp.css
2017.03.15 14:03 B G:\CONTENEDOR\sitios\activos\AEROEXPRESS\webpanel\assets\plugins\animate\source\fadeIn.css --> hs20.ihosting.cl /public_html/desarrollo/tlc/webpanel/assets/plugins/animate/source fadeIn.css
2017.03.15 14:03 B G:\CONTENEDOR\sitios\activos\AEROEXPRESS\webpanel\assets\plugins\animate\source\fadeInDown.css --> hs20.ihosting.cl /public_html/desarrollo/tlc/webpanel/assets/plugins/animate/source fadeInDown.css
2017.03.15 14:03 B G:\CONTENEDOR\sitios\activos\AEROEXPRESS\webpanel\assets\plugins\animate\source\fadeInDownBig.css --> hs20.ihosting.cl /public_html/desarrollo/tlc/webpanel/assets/plugins/animate/source fadeInDownBig.css
2017.03.15 14:03 B G:\CONTENEDOR\sitios\activos\AEROEXPRESS\webpanel\assets\plugins\animate\source\fadeInLeft.css --> hs20.ihosting.cl /public_html/desarrollo/tlc/webpanel/assets/plugins/animate/source fadeInLeft.css
2017.03.15 14:03 B G:\CONTENEDOR\sitios\activos\AEROEXPRESS\webpanel\assets\plugins\animate\source\fadeInLeftBig.css --> hs20.ihosting.cl /public_html/desarrollo/tlc/webpanel/assets/plugins/animate/source fadeInLeftBig.css
2017.03.15 14:03 B G:\CONTENEDOR\sitios\activos\AEROEXPRESS\webpanel\assets\plugins\animate\source\fadeInRight.css --> hs20.ihosting.cl /public_html/desarrollo/tlc/webpanel/assets/plugins/animate/source fadeInRight.css
2017.03.15 14:03 B G:\CONTENEDOR\sitios\activos\AEROEXPRESS\webpanel\assets\plugins\animate\source\fadeInRightBig.css --> hs20.ihosting.cl /public_html/desarrollo/tlc/webpanel/assets/plugins/animate/source fadeInRightBig.css
2017.03.15 14:03 B G:\CONTENEDOR\sitios\activos\AEROEXPRESS\webpanel\assets\plugins\animate\source\fadeInUp.css --> hs20.ihosting.cl /public_html/desarrollo/tlc/webpanel/assets/plugins/animate/source fadeInUp.css
2017.03.15 14:03 B G:\CONTENEDOR\sitios\activos\AEROEXPRESS\webpanel\assets\plugins\animate\source\fadeInUpBig.css --> hs20.ihosting.cl /public_html/desarrollo/tlc/webpanel/assets/plugins/animate/source fadeInUpBig.css
2017.03.15 14:03 B G:\CONTENEDOR\sitios\activos\AEROEXPRESS\webpanel\assets\plugins\animate\source\fadeOut.css --> hs20.ihosting.cl /public_html/desarrollo/tlc/webpanel/assets/plugins/animate/source fadeOut.css
2017.03.15 14:03 B G:\CONTENEDOR\sitios\activos\AEROEXPRESS\webpanel\assets\plugins\animate\source\fadeOutDown.css --> hs20.ihosting.cl /public_html/desarrollo/tlc/webpanel/assets/plugins/animate/source fadeOutDown.css
2017.03.15 14:03 B G:\CONTENEDOR\sitios\activos\AEROEXPRESS\webpanel\assets\plugins\animate\source\fadeOutDownBig.css --> hs20.ihosting.cl /public_html/desarrollo/tlc/webpanel/assets/plugins/animate/source fadeOutDownBig.css
2017.03.15 14:03 B G:\CONTENEDOR\sitios\activos\AEROEXPRESS\webpanel\assets\plugins\animate\source\fadeOutLeft.css --> hs20.ihosting.cl /public_html/desarrollo/tlc/webpanel/assets/plugins/animate/source fadeOutLeft.css
2017.03.15 14:03 B G:\CONTENEDOR\sitios\activos\AEROEXPRESS\webpanel\assets\plugins\animate\source\fadeOutLeftBig.css --> hs20.ihosting.cl /public_html/desarrollo/tlc/webpanel/assets/plugins/animate/source fadeOutLeftBig.css
2017.03.15 14:03 B G:\CONTENEDOR\sitios\activos\AEROEXPRESS\webpanel\assets\plugins\animate\source\fadeOutRight.css --> hs20.ihosting.cl /public_html/desarrollo/tlc/webpanel/assets/plugins/animate/source fadeOutRight.css
2017.03.15 14:03 B G:\CONTENEDOR\sitios\activos\AEROEXPRESS\webpanel\assets\plugins\animate\source\fadeOutRightBig.css --> hs20.ihosting.cl /public_html/desarrollo/tlc/webpanel/assets/plugins/animate/source fadeOutRightBig.css
2017.03.15 14:03 B G:\CONTENEDOR\sitios\activos\AEROEXPRESS\webpanel\assets\plugins\animate\source\fadeOutUp.css --> hs20.ihosting.cl /public_html/desarrollo/tlc/webpanel/assets/plugins/animate/source fadeOutUp.css
2017.03.15 14:03 B G:\CONTENEDOR\sitios\activos\AEROEXPRESS\webpanel\assets\plugins\animate\source\fadeOutUpBig.css --> hs20.ihosting.cl /public_html/desarrollo/tlc/webpanel/assets/plugins/animate/source fadeOutUpBig.css
2017.03.15 14:03 B G:\CONTENEDOR\sitios\activos\AEROEXPRESS\webpanel\assets\plugins\animate\source\flash.css --> hs20.ihosting.cl /public_html/desarrollo/tlc/webpanel/assets/plugins/animate/source flash.css
2017.03.15 14:03 B G:\CONTENEDOR\sitios\activos\AEROEXPRESS\webpanel\assets\plugins\animate\source\flip.css --> hs20.ihosting.cl /public_html/desarrollo/tlc/webpanel/assets/plugins/animate/source flip.css
2017.03.15 14:03 B G:\CONTENEDOR\sitios\activos\AEROEXPRESS\webpanel\assets\plugins\animate\source\flipInX.css --> hs20.ihosting.cl /public_html/desarrollo/tlc/webpanel/assets/plugins/animate/source flipInX.css
2017.03.15 14:03 B G:\CONTENEDOR\sitios\activos\AEROEXPRESS\webpanel\assets\plugins\animate\source\flipInY.css --> hs20.ihosting.cl /public_html/desarrollo/tlc/webpanel/assets/plugins/animate/source flipInY.css
2017.03.15 14:03 B G:\CONTENEDOR\sitios\activos\AEROEXPRESS\webpanel\assets\plugins\animate\source\flipOutX.css --> hs20.ihosting.cl /public_html/desarrollo/tlc/webpanel/assets/plugins/animate/source flipOutX.css
2017.03.15 14:03 B G:\CONTENEDOR\sitios\activos\AEROEXPRESS\webpanel\assets\plugins\animate\source\flipOutY.css --> hs20.ihosting.cl /public_html/desarrollo/tlc/webpanel/assets/plugins/animate/source flipOutY.css
2017.03.15 14:03 B G:\CONTENEDOR\sitios\activos\AEROEXPRESS\webpanel\assets\plugins\animate\source\hinge.css --> hs20.ihosting.cl /public_html/desarrollo/tlc/webpanel/assets/plugins/animate/source hinge.css
2017.03.15 14:03 B G:\CONTENEDOR\sitios\activos\AEROEXPRESS\webpanel\assets\plugins\animate\source\lightSpeedIn.css --> hs20.ihosting.cl /public_html/desarrollo/tlc/webpanel/assets/plugins/animate/source lightSpeedIn.css
2017.03.15 14:03 B G:\CONTENEDOR\sitios\activos\AEROEXPRESS\webpanel\assets\plugins\animate\source\lightSpeedOut.css --> hs20.ihosting.cl /public_html/desarrollo/tlc/webpanel/assets/plugins/animate/source lightSpeedOut.css
2017.03.15 14:03 B G:\CONTENEDOR\sitios\activos\AEROEXPRESS\webpanel\assets\plugins\animate\source\pulse.css --> hs20.ihosting.cl /public_html/desarrollo/tlc/webpanel/assets/plugins/animate/source pulse.css
2017.03.15 14:03 B G:\CONTENEDOR\sitios\activos\AEROEXPRESS\webpanel\assets\plugins\animate\source\rollIn.css --> hs20.ihosting.cl /public_html/desarrollo/tlc/webpanel/assets/plugins/animate/source rollIn.css
2017.03.15 14:03 B G:\CONTENEDOR\sitios\activos\AEROEXPRESS\webpanel\assets\plugins\animate\source\rollOut.css --> hs20.ihosting.cl /public_html/desarrollo/tlc/webpanel/assets/plugins/animate/source rollOut.css
2017.03.15 14:03 B G:\CONTENEDOR\sitios\activos\AEROEXPRESS\webpanel\assets\plugins\animate\source\rotateIn.css --> hs20.ihosting.cl /public_html/desarrollo/tlc/webpanel/assets/plugins/animate/source rotateIn.css
2017.03.15 14:03 B G:\CONTENEDOR\sitios\activos\AEROEXPRESS\webpanel\assets\plugins\animate\source\rotateInDownLeft.css --> hs20.ihosting.cl /public_html/desarrollo/tlc/webpanel/assets/plugins/animate/source rotateInDownLeft.css
2017.03.15 14:03 B G:\CONTENEDOR\sitios\activos\AEROEXPRESS\webpanel\assets\plugins\animate\source\rotateInDownRight.css --> hs20.ihosting.cl /public_html/desarrollo/tlc/webpanel/assets/plugins/animate/source rotateInDownRight.css
2017.03.15 14:03 B G:\CONTENEDOR\sitios\activos\AEROEXPRESS\webpanel\assets\plugins\animate\source\rotateInUpLeft.css --> hs20.ihosting.cl /public_html/desarrollo/tlc/webpanel/assets/plugins/animate/source rotateInUpLeft.css
2017.03.15 14:03 B G:\CONTENEDOR\sitios\activos\AEROEXPRESS\webpanel\assets\plugins\animate\source\rotateInUpRight.css --> hs20.ihosting.cl /public_html/desarrollo/tlc/webpanel/assets/plugins/animate/source rotateInUpRight.css
2017.03.15 14:03 B G:\CONTENEDOR\sitios\activos\AEROEXPRESS\webpanel\assets\plugins\animate\source\rotateOut.css --> hs20.ihosting.cl /public_html/desarrollo/tlc/webpanel/assets/plugins/animate/source rotateOut.css
2017.03.15 14:03 B G:\CONTENEDOR\sitios\activos\AEROEXPRESS\webpanel\assets\plugins\animate\source\rotateOutDownLeft.css --> hs20.ihosting.cl /public_html/desarrollo/tlc/webpanel/assets/plugins/animate/source rotateOutDownLeft.css
2017.03.15 14:03 B G:\CONTENEDOR\sitios\activos\AEROEXPRESS\webpanel\assets\plugins\animate\source\rotateOutDownRight.css --> hs20.ihosting.cl /public_html/desarrollo/tlc/webpanel/assets/plugins/animate/source rotateOutDownRight.css
2017.03.15 14:03 B G:\CONTENEDOR\sitios\activos\AEROEXPRESS\webpanel\assets\plugins\animate\source\rotateOutUpLeft.css --> hs20.ihosting.cl /public_html/desarrollo/tlc/webpanel/assets/plugins/animate/source rotateOutUpLeft.css
2017.03.15 14:03 B G:\CONTENEDOR\sitios\activos\AEROEXPRESS\webpanel\assets\plugins\animate\source\rotateOutUpRight.css --> hs20.ihosting.cl /public_html/desarrollo/tlc/webpanel/assets/plugins/animate/source rotateOutUpRight.css
2017.03.15 14:03 B G:\CONTENEDOR\sitios\activos\AEROEXPRESS\webpanel\assets\plugins\animate\source\shake.css --> hs20.ihosting.cl /public_html/desarrollo/tlc/webpanel/assets/plugins/animate/source shake.css
2017.03.15 14:03 B G:\CONTENEDOR\sitios\activos\AEROEXPRESS\webpanel\assets\plugins\animate\source\slideInDown.css --> hs20.ihosting.cl /public_html/desarrollo/tlc/webpanel/assets/plugins/animate/source slideInDown.css
2017.03.15 14:03 B G:\CONTENEDOR\sitios\activos\AEROEXPRESS\webpanel\assets\plugins\animate\source\slideInLeft.css --> hs20.ihosting.cl /public_html/desarrollo/tlc/webpanel/assets/plugins/animate/source slideInLeft.css
2017.03.15 14:03 B G:\CONTENEDOR\sitios\activos\AEROEXPRESS\webpanel\assets\plugins\animate\source\slideInRight.css --> hs20.ihosting.cl /public_html/desarrollo/tlc/webpanel/assets/plugins/animate/source slideInRight.css
2017.03.15 14:03 B G:\CONTENEDOR\sitios\activos\AEROEXPRESS\webpanel\assets\plugins\animate\source\slideOutLeft.css --> hs20.ihosting.cl /public_html/desarrollo/tlc/webpanel/assets/plugins/animate/source slideOutLeft.css
2017.03.15 14:03 B G:\CONTENEDOR\sitios\activos\AEROEXPRESS\webpanel\assets\plugins\animate\source\slideOutRight.css --> hs20.ihosting.cl /public_html/desarrollo/tlc/webpanel/assets/plugins/animate/source slideOutRight.css
2017.03.15 14:03 B G:\CONTENEDOR\sitios\activos\AEROEXPRESS\webpanel\assets\plugins\animate\source\slideOutUp.css --> hs20.ihosting.cl /public_html/desarrollo/tlc/webpanel/assets/plugins/animate/source slideOutUp.css
2017.03.15 14:03 B G:\CONTENEDOR\sitios\activos\AEROEXPRESS\webpanel\assets\plugins\animate\source\swing.css --> hs20.ihosting.cl /public_html/desarrollo/tlc/webpanel/assets/plugins/animate/source swing.css
2017.03.15 14:03 B G:\CONTENEDOR\sitios\activos\AEROEXPRESS\webpanel\assets\plugins\animate\source\tada.css --> hs20.ihosting.cl /public_html/desarrollo/tlc/webpanel/assets/plugins/animate/source tada.css
2017.03.15 14:03 B G:\CONTENEDOR\sitios\activos\AEROEXPRESS\webpanel\assets\plugins\animate\source\wobble.css --> hs20.ihosting.cl /public_html/desarrollo/tlc/webpanel/assets/plugins/animate/source wobble.css
2017.03.15 14:03 B G:\CONTENEDOR\sitios\activos\AEROEXPRESS\webpanel\assets\plugins\animate\source\WS_FTP.LOG --> hs20.ihosting.cl /public_html/desarrollo/tlc/webpanel/assets/plugins/animate/source WS_FTP.LOG
