2016.09.14 21:01 B G:\CONTENEDOR\sitios\activos\AEROEXPRESS\webpanel\assets\plugins\uniform\www\images\preview-default.png <-- AEROEXPRESS /public_html/webpanel/assets/plugins/uniform/www/images preview-default.png
2016.09.14 21:01 B G:\CONTENEDOR\sitios\activos\AEROEXPRESS\webpanel\assets\plugins\uniform\www\images\preview-aristo.png <-- AEROEXPRESS /public_html/webpanel/assets/plugins/uniform/www/images preview-aristo.png
2016.09.14 21:01 B G:\CONTENEDOR\sitios\activos\AEROEXPRESS\webpanel\assets\plugins\uniform\www\images\preview-agent.png <-- AEROEXPRESS /public_html/webpanel/assets/plugins/uniform/www/images preview-agent.png
2016.09.14 21:01 B G:\CONTENEDOR\sitios\activos\AEROEXPRESS\webpanel\assets\plugins\uniform\www\images\logo-pixelmatrix.png <-- AEROEXPRESS /public_html/webpanel/assets/plugins/uniform/www/images logo-pixelmatrix.png
2016.09.14 21:01 B G:\CONTENEDOR\sitios\activos\AEROEXPRESS\webpanel\assets\plugins\uniform\www\images\icon-download.png <-- AEROEXPRESS /public_html/webpanel/assets/plugins/uniform/www/images icon-download.png
2016.09.14 21:01 B G:\CONTENEDOR\sitios\activos\AEROEXPRESS\webpanel\assets\plugins\uniform\www\images\download.png <-- AEROEXPRESS /public_html/webpanel/assets/plugins/uniform/www/images download.png
2016.09.14 21:01 B G:\CONTENEDOR\sitios\activos\AEROEXPRESS\webpanel\assets\plugins\uniform\www\images\btn-sm-bg.png <-- AEROEXPRESS /public_html/webpanel/assets/plugins/uniform/www/images btn-sm-bg.png
2016.09.14 21:01 B G:\CONTENEDOR\sitios\activos\AEROEXPRESS\webpanel\assets\plugins\uniform\www\images\btn-lg-bg.png <-- AEROEXPRESS /public_html/webpanel/assets/plugins/uniform/www/images btn-lg-bg.png
2016.09.14 21:01 B G:\CONTENEDOR\sitios\activos\AEROEXPRESS\webpanel\assets\plugins\uniform\www\images\bg-code.png <-- AEROEXPRESS /public_html/webpanel/assets/plugins/uniform/www/images bg-code.png
2017.03.15 14:14 B G:\CONTENEDOR\sitios\activos\AEROEXPRESS\webpanel\assets\plugins\uniform\www\images\bg-code.png --> hs20.ihosting.cl /public_html/desarrollo/tlc/webpanel/assets/plugins/uniform/www/images bg-code.png
2017.03.15 14:14 B G:\CONTENEDOR\sitios\activos\AEROEXPRESS\webpanel\assets\plugins\uniform\www\images\btn-lg-bg.png --> hs20.ihosting.cl /public_html/desarrollo/tlc/webpanel/assets/plugins/uniform/www/images btn-lg-bg.png
2017.03.15 14:14 B G:\CONTENEDOR\sitios\activos\AEROEXPRESS\webpanel\assets\plugins\uniform\www\images\btn-sm-bg.png --> hs20.ihosting.cl /public_html/desarrollo/tlc/webpanel/assets/plugins/uniform/www/images btn-sm-bg.png
2017.03.15 14:14 B G:\CONTENEDOR\sitios\activos\AEROEXPRESS\webpanel\assets\plugins\uniform\www\images\download.png --> hs20.ihosting.cl /public_html/desarrollo/tlc/webpanel/assets/plugins/uniform/www/images download.png
2017.03.15 14:14 B G:\CONTENEDOR\sitios\activos\AEROEXPRESS\webpanel\assets\plugins\uniform\www\images\icon-download.png --> hs20.ihosting.cl /public_html/desarrollo/tlc/webpanel/assets/plugins/uniform/www/images icon-download.png
2017.03.15 14:14 B G:\CONTENEDOR\sitios\activos\AEROEXPRESS\webpanel\assets\plugins\uniform\www\images\logo-pixelmatrix.png --> hs20.ihosting.cl /public_html/desarrollo/tlc/webpanel/assets/plugins/uniform/www/images logo-pixelmatrix.png
2017.03.15 14:14 B G:\CONTENEDOR\sitios\activos\AEROEXPRESS\webpanel\assets\plugins\uniform\www\images\preview-agent.png --> hs20.ihosting.cl /public_html/desarrollo/tlc/webpanel/assets/plugins/uniform/www/images preview-agent.png
2017.03.15 14:14 B G:\CONTENEDOR\sitios\activos\AEROEXPRESS\webpanel\assets\plugins\uniform\www\images\preview-aristo.png --> hs20.ihosting.cl /public_html/desarrollo/tlc/webpanel/assets/plugins/uniform/www/images preview-aristo.png
2017.03.15 14:14 B G:\CONTENEDOR\sitios\activos\AEROEXPRESS\webpanel\assets\plugins\uniform\www\images\preview-default.png --> hs20.ihosting.cl /public_html/desarrollo/tlc/webpanel/assets/plugins/uniform/www/images preview-default.png
2017.03.15 14:14 B G:\CONTENEDOR\sitios\activos\AEROEXPRESS\webpanel\assets\plugins\uniform\www\images\WS_FTP.LOG --> hs20.ihosting.cl /public_html/desarrollo/tlc/webpanel/assets/plugins/uniform/www/images WS_FTP.LOG
2017.05.01 19:28 B G:\CONTENEDOR\sitios\activos\tlc\webpanel\assets\plugins\uniform\www\images\WS_FTP.LOG --> hs33.ihosting.cl /public_html/webpanel/assets/plugins/uniform/www/images WS_FTP.LOG
2017.05.01 19:28 B G:\CONTENEDOR\sitios\activos\tlc\webpanel\assets\plugins\uniform\www\images\preview-default.png --> hs33.ihosting.cl /public_html/webpanel/assets/plugins/uniform/www/images preview-default.png
2017.05.01 19:28 B G:\CONTENEDOR\sitios\activos\tlc\webpanel\assets\plugins\uniform\www\images\preview-aristo.png --> hs33.ihosting.cl /public_html/webpanel/assets/plugins/uniform/www/images preview-aristo.png
2017.05.01 19:28 B G:\CONTENEDOR\sitios\activos\tlc\webpanel\assets\plugins\uniform\www\images\preview-agent.png --> hs33.ihosting.cl /public_html/webpanel/assets/plugins/uniform/www/images preview-agent.png
2017.05.01 19:28 B G:\CONTENEDOR\sitios\activos\tlc\webpanel\assets\plugins\uniform\www\images\logo-pixelmatrix.png --> hs33.ihosting.cl /public_html/webpanel/assets/plugins/uniform/www/images logo-pixelmatrix.png
2017.05.01 19:28 B G:\CONTENEDOR\sitios\activos\tlc\webpanel\assets\plugins\uniform\www\images\icon-download.png --> hs33.ihosting.cl /public_html/webpanel/assets/plugins/uniform/www/images icon-download.png
2017.05.01 19:28 B G:\CONTENEDOR\sitios\activos\tlc\webpanel\assets\plugins\uniform\www\images\download.png --> hs33.ihosting.cl /public_html/webpanel/assets/plugins/uniform/www/images download.png
2017.05.01 19:28 B G:\CONTENEDOR\sitios\activos\tlc\webpanel\assets\plugins\uniform\www\images\btn-sm-bg.png --> hs33.ihosting.cl /public_html/webpanel/assets/plugins/uniform/www/images btn-sm-bg.png
2017.05.01 19:28 B G:\CONTENEDOR\sitios\activos\tlc\webpanel\assets\plugins\uniform\www\images\btn-lg-bg.png --> hs33.ihosting.cl /public_html/webpanel/assets/plugins/uniform/www/images btn-lg-bg.png
2017.05.01 19:28 B G:\CONTENEDOR\sitios\activos\tlc\webpanel\assets\plugins\uniform\www\images\bg-code.png --> hs33.ihosting.cl /public_html/webpanel/assets/plugins/uniform/www/images bg-code.png
