2016.09.14 21:01 B G:\CONTENEDOR\sitios\activos\AEROEXPRESS\webpanel\assets\plugins\timepicker\spec\js\libs\bootstrap\docs\examples\sticky-footer.html <-- AEROEXPRESS /public_html/webpanel/assets/plugins/timepicker/spec/js/libs/bootstrap/docs/examples sticky-footer.html
2016.09.14 21:01 B G:\CONTENEDOR\sitios\activos\AEROEXPRESS\webpanel\assets\plugins\timepicker\spec\js\libs\bootstrap\docs\examples\sticky-footer-navbar.html <-- AEROEXPRESS /public_html/webpanel/assets/plugins/timepicker/spec/js/libs/bootstrap/docs/examples sticky-footer-navbar.html
2016.09.14 21:01 B G:\CONTENEDOR\sitios\activos\AEROEXPRESS\webpanel\assets\plugins\timepicker\spec\js\libs\bootstrap\docs\examples\starter-template.html <-- AEROEXPRESS /public_html/webpanel/assets/plugins/timepicker/spec/js/libs/bootstrap/docs/examples starter-template.html
2016.09.14 21:01 B G:\CONTENEDOR\sitios\activos\AEROEXPRESS\webpanel\assets\plugins\timepicker\spec\js\libs\bootstrap\docs\examples\signin.html <-- AEROEXPRESS /public_html/webpanel/assets/plugins/timepicker/spec/js/libs/bootstrap/docs/examples signin.html
2016.09.14 21:01 B G:\CONTENEDOR\sitios\activos\AEROEXPRESS\webpanel\assets\plugins\timepicker\spec\js\libs\bootstrap\docs\examples\marketing-narrow.html <-- AEROEXPRESS /public_html/webpanel/assets/plugins/timepicker/spec/js/libs/bootstrap/docs/examples marketing-narrow.html
2016.09.14 21:01 B G:\CONTENEDOR\sitios\activos\AEROEXPRESS\webpanel\assets\plugins\timepicker\spec\js\libs\bootstrap\docs\examples\justified-nav.html <-- AEROEXPRESS /public_html/webpanel/assets/plugins/timepicker/spec/js/libs/bootstrap/docs/examples justified-nav.html
2016.09.14 21:01 B G:\CONTENEDOR\sitios\activos\AEROEXPRESS\webpanel\assets\plugins\timepicker\spec\js\libs\bootstrap\docs\examples\hero.html <-- AEROEXPRESS /public_html/webpanel/assets/plugins/timepicker/spec/js/libs/bootstrap/docs/examples hero.html
2016.09.14 21:01 B G:\CONTENEDOR\sitios\activos\AEROEXPRESS\webpanel\assets\plugins\timepicker\spec\js\libs\bootstrap\docs\examples\fluid.html <-- AEROEXPRESS /public_html/webpanel/assets/plugins/timepicker/spec/js/libs/bootstrap/docs/examples fluid.html
2016.09.14 21:01 B G:\CONTENEDOR\sitios\activos\AEROEXPRESS\webpanel\assets\plugins\timepicker\spec\js\libs\bootstrap\docs\examples\carousel.html <-- AEROEXPRESS /public_html/webpanel/assets/plugins/timepicker/spec/js/libs/bootstrap/docs/examples carousel.html
2017.03.15 14:13 B G:\CONTENEDOR\sitios\activos\AEROEXPRESS\webpanel\assets\plugins\timepicker\spec\js\libs\bootstrap\docs\examples\carousel.html --> hs20.ihosting.cl /public_html/desarrollo/tlc/webpanel/assets/plugins/timepicker/spec/js/libs/bootstrap/docs/examples carousel.html
2017.03.15 14:13 B G:\CONTENEDOR\sitios\activos\AEROEXPRESS\webpanel\assets\plugins\timepicker\spec\js\libs\bootstrap\docs\examples\fluid.html --> hs20.ihosting.cl /public_html/desarrollo/tlc/webpanel/assets/plugins/timepicker/spec/js/libs/bootstrap/docs/examples fluid.html
2017.03.15 14:13 B G:\CONTENEDOR\sitios\activos\AEROEXPRESS\webpanel\assets\plugins\timepicker\spec\js\libs\bootstrap\docs\examples\hero.html --> hs20.ihosting.cl /public_html/desarrollo/tlc/webpanel/assets/plugins/timepicker/spec/js/libs/bootstrap/docs/examples hero.html
2017.03.15 14:13 B G:\CONTENEDOR\sitios\activos\AEROEXPRESS\webpanel\assets\plugins\timepicker\spec\js\libs\bootstrap\docs\examples\justified-nav.html --> hs20.ihosting.cl /public_html/desarrollo/tlc/webpanel/assets/plugins/timepicker/spec/js/libs/bootstrap/docs/examples justified-nav.html
2017.03.15 14:13 B G:\CONTENEDOR\sitios\activos\AEROEXPRESS\webpanel\assets\plugins\timepicker\spec\js\libs\bootstrap\docs\examples\marketing-narrow.html --> hs20.ihosting.cl /public_html/desarrollo/tlc/webpanel/assets/plugins/timepicker/spec/js/libs/bootstrap/docs/examples marketing-narrow.html
2017.03.15 14:13 B G:\CONTENEDOR\sitios\activos\AEROEXPRESS\webpanel\assets\plugins\timepicker\spec\js\libs\bootstrap\docs\examples\signin.html --> hs20.ihosting.cl /public_html/desarrollo/tlc/webpanel/assets/plugins/timepicker/spec/js/libs/bootstrap/docs/examples signin.html
2017.03.15 14:13 B G:\CONTENEDOR\sitios\activos\AEROEXPRESS\webpanel\assets\plugins\timepicker\spec\js\libs\bootstrap\docs\examples\starter-template.html --> hs20.ihosting.cl /public_html/desarrollo/tlc/webpanel/assets/plugins/timepicker/spec/js/libs/bootstrap/docs/examples starter-template.html
2017.03.15 14:13 B G:\CONTENEDOR\sitios\activos\AEROEXPRESS\webpanel\assets\plugins\timepicker\spec\js\libs\bootstrap\docs\examples\sticky-footer-navbar.html --> hs20.ihosting.cl /public_html/desarrollo/tlc/webpanel/assets/plugins/timepicker/spec/js/libs/bootstrap/docs/examples sticky-footer-navbar.html
2017.03.15 14:13 B G:\CONTENEDOR\sitios\activos\AEROEXPRESS\webpanel\assets\plugins\timepicker\spec\js\libs\bootstrap\docs\examples\sticky-footer.html --> hs20.ihosting.cl /public_html/desarrollo/tlc/webpanel/assets/plugins/timepicker/spec/js/libs/bootstrap/docs/examples sticky-footer.html
2017.03.15 14:13 B G:\CONTENEDOR\sitios\activos\AEROEXPRESS\webpanel\assets\plugins\timepicker\spec\js\libs\bootstrap\docs\examples\WS_FTP.LOG --> hs20.ihosting.cl /public_html/desarrollo/tlc/webpanel/assets/plugins/timepicker/spec/js/libs/bootstrap/docs/examples WS_FTP.LOG
2017.05.01 19:31 B G:\CONTENEDOR\sitios\activos\tlc\webpanel\assets\plugins\timepicker\spec\js\libs\bootstrap\docs\examples\WS_FTP.LOG --> hs33.ihosting.cl /public_html/webpanel/assets/plugins/timepicker/spec/js/libs/bootstrap/docs/examples WS_FTP.LOG
2017.05.01 19:31 B G:\CONTENEDOR\sitios\activos\tlc\webpanel\assets\plugins\timepicker\spec\js\libs\bootstrap\docs\examples\sticky-footer.html --> hs33.ihosting.cl /public_html/webpanel/assets/plugins/timepicker/spec/js/libs/bootstrap/docs/examples sticky-footer.html
2017.05.01 19:31 B G:\CONTENEDOR\sitios\activos\tlc\webpanel\assets\plugins\timepicker\spec\js\libs\bootstrap\docs\examples\sticky-footer-navbar.html --> hs33.ihosting.cl /public_html/webpanel/assets/plugins/timepicker/spec/js/libs/bootstrap/docs/examples sticky-footer-navbar.html
2017.05.01 19:31 B G:\CONTENEDOR\sitios\activos\tlc\webpanel\assets\plugins\timepicker\spec\js\libs\bootstrap\docs\examples\starter-template.html --> hs33.ihosting.cl /public_html/webpanel/assets/plugins/timepicker/spec/js/libs/bootstrap/docs/examples starter-template.html
2017.05.01 19:31 B G:\CONTENEDOR\sitios\activos\tlc\webpanel\assets\plugins\timepicker\spec\js\libs\bootstrap\docs\examples\signin.html --> hs33.ihosting.cl /public_html/webpanel/assets/plugins/timepicker/spec/js/libs/bootstrap/docs/examples signin.html
2017.05.01 19:31 B G:\CONTENEDOR\sitios\activos\tlc\webpanel\assets\plugins\timepicker\spec\js\libs\bootstrap\docs\examples\marketing-narrow.html --> hs33.ihosting.cl /public_html/webpanel/assets/plugins/timepicker/spec/js/libs/bootstrap/docs/examples marketing-narrow.html
2017.05.01 19:31 B G:\CONTENEDOR\sitios\activos\tlc\webpanel\assets\plugins\timepicker\spec\js\libs\bootstrap\docs\examples\justified-nav.html --> hs33.ihosting.cl /public_html/webpanel/assets/plugins/timepicker/spec/js/libs/bootstrap/docs/examples justified-nav.html
2017.05.01 19:31 B G:\CONTENEDOR\sitios\activos\tlc\webpanel\assets\plugins\timepicker\spec\js\libs\bootstrap\docs\examples\hero.html --> hs33.ihosting.cl /public_html/webpanel/assets/plugins/timepicker/spec/js/libs/bootstrap/docs/examples hero.html
2017.05.01 19:31 B G:\CONTENEDOR\sitios\activos\tlc\webpanel\assets\plugins\timepicker\spec\js\libs\bootstrap\docs\examples\fluid.html --> hs33.ihosting.cl /public_html/webpanel/assets/plugins/timepicker/spec/js/libs/bootstrap/docs/examples fluid.html
2017.05.01 19:31 B G:\CONTENEDOR\sitios\activos\tlc\webpanel\assets\plugins\timepicker\spec\js\libs\bootstrap\docs\examples\carousel.html --> hs33.ihosting.cl /public_html/webpanel/assets/plugins/timepicker/spec/js/libs/bootstrap/docs/examples carousel.html
