2010.04.29 15:26 B C:\AppServ\www\sitios\activos\brandgus\ajax\taskbar\taskbar.css --> hs4.ihosting.cl. /httpdocs/ajax/taskbar taskbar.css
2010.05.04 14:08 B C:\AppServ\www\sitios\activos\brandgus\ajax\taskbar\taskbar.css --> hs4.ihosting.cl. /httpdocs/ajax/taskbar taskbar.css
2010.05.04 14:14 B C:\AppServ\www\sitios\activos\brandgus\ajax\taskbar\taskbar.css --> hs4.ihosting.cl. /httpdocs/ajax/taskbar taskbar.css
2010.05.04 14:16 B C:\AppServ\www\sitios\activos\brandgus\ajax\taskbar\taskbar.css --> hs4.ihosting.cl. /httpdocs/ajax/taskbar taskbar.css
2010.05.04 14:17 B C:\AppServ\www\sitios\activos\brandgus\ajax\taskbar\taskbar.css --> hs4.ihosting.cl. /httpdocs/ajax/taskbar taskbar.css
2010.05.04 14:19 B C:\AppServ\www\sitios\activos\brandgus\ajax\taskbar\taskbar.css --> hs4.ihosting.cl. /httpdocs/ajax/taskbar taskbar.css
2010.05.04 14:20 B C:\AppServ\www\sitios\activos\brandgus\ajax\taskbar\taskbar.css --> hs4.ihosting.cl. /httpdocs/ajax/taskbar taskbar.css
2010.05.04 14:23 B C:\AppServ\www\sitios\activos\brandgus\ajax\taskbar\taskbar.css --> hs4.ihosting.cl. /httpdocs/ajax/taskbar taskbar.css
2010.05.04 14:24 B C:\AppServ\www\sitios\activos\brandgus\ajax\taskbar\taskbar.css --> hs4.ihosting.cl. /httpdocs/ajax/taskbar taskbar.css
2010.05.04 14:25 B C:\AppServ\www\sitios\activos\brandgus\ajax\taskbar\taskbar.css --> hs4.ihosting.cl. /httpdocs/ajax/taskbar taskbar.css
2010.05.04 14:26 B C:\AppServ\www\sitios\activos\brandgus\ajax\taskbar\taskbar.css --> hs4.ihosting.cl. /httpdocs/ajax/taskbar taskbar.css
2010.05.04 14:26 B C:\AppServ\www\sitios\activos\brandgus\ajax\taskbar\taskbar.css --> hs4.ihosting.cl. /httpdocs/ajax/taskbar taskbar.css
2010.05.04 14:29 B C:\AppServ\www\sitios\activos\brandgus\ajax\taskbar\taskbar.css --> hs4.ihosting.cl. /httpdocs/ajax/taskbar taskbar.css
2010.05.04 14:30 B C:\AppServ\www\sitios\activos\brandgus\ajax\taskbar\taskbar.css --> hs4.ihosting.cl. /httpdocs/ajax/taskbar taskbar.css
2010.05.04 14:31 B C:\AppServ\www\sitios\activos\brandgus\ajax\taskbar\taskbar.css --> hs4.ihosting.cl. /httpdocs/ajax/taskbar taskbar.css
2010.05.04 14:32 B C:\AppServ\www\sitios\activos\brandgus\ajax\taskbar\taskbar.css --> hs4.ihosting.cl. /httpdocs/ajax/taskbar taskbar.css
2010.05.04 14:33 B C:\AppServ\www\sitios\activos\brandgus\ajax\taskbar\taskbar.css --> hs4.ihosting.cl. /httpdocs/ajax/taskbar taskbar.css
2010.05.04 14:35 B C:\AppServ\www\sitios\activos\brandgus\ajax\taskbar\taskbar.css --> hs4.ihosting.cl. /httpdocs/ajax/taskbar taskbar.css
2010.05.04 14:36 B C:\AppServ\www\sitios\activos\brandgus\ajax\taskbar\taskbar.css --> hs4.ihosting.cl. /httpdocs/ajax/taskbar taskbar.css
2010.05.04 14:37 B C:\AppServ\www\sitios\activos\brandgus\ajax\taskbar\taskbar.css --> hs4.ihosting.cl. /httpdocs/ajax/taskbar taskbar.css
2010.05.04 14:38 B C:\AppServ\www\sitios\activos\brandgus\ajax\taskbar\taskbar.css --> hs4.ihosting.cl. /httpdocs/ajax/taskbar taskbar.css
2010.05.04 14:42 B C:\AppServ\www\sitios\activos\brandgus\ajax\taskbar\taskbar.css --> hs4.ihosting.cl. /httpdocs/ajax/taskbar taskbar.css
2010.05.04 14:45 B C:\AppServ\www\sitios\activos\brandgus\ajax\taskbar\taskbar.css --> hs4.ihosting.cl. /httpdocs/ajax/taskbar taskbar.css
2010.05.04 14:46 B C:\AppServ\www\sitios\activos\brandgus\ajax\taskbar\taskbar.css --> hs4.ihosting.cl. /httpdocs/ajax/taskbar taskbar.css
2010.05.04 14:47 B C:\AppServ\www\sitios\activos\brandgus\ajax\taskbar\taskbar.css --> hs4.ihosting.cl. /httpdocs/ajax/taskbar taskbar.css
2010.05.04 14:47 B C:\AppServ\www\sitios\activos\brandgus\ajax\taskbar\taskbar.css --> hs4.ihosting.cl. /httpdocs/ajax/taskbar taskbar.css
2010.05.04 14:48 B C:\AppServ\www\sitios\activos\brandgus\ajax\taskbar\taskbar.css --> hs4.ihosting.cl. /httpdocs/ajax/taskbar taskbar.css
2010.05.04 14:49 B C:\AppServ\www\sitios\activos\brandgus\ajax\taskbar\taskbar.css --> hs4.ihosting.cl. /httpdocs/ajax/taskbar taskbar.css
2010.05.04 14:49 B C:\AppServ\www\sitios\activos\brandgus\ajax\taskbar\taskbar.css --> hs4.ihosting.cl. /httpdocs/ajax/taskbar taskbar.css
2010.05.04 14:51 B C:\AppServ\www\sitios\activos\brandgus\ajax\taskbar\taskbar.css --> hs4.ihosting.cl. /httpdocs/ajax/taskbar taskbar.css
2010.05.04 14:51 B C:\AppServ\www\sitios\activos\brandgus\ajax\taskbar\taskbar.css --> hs4.ihosting.cl. /httpdocs/ajax/taskbar taskbar.css
2010.05.04 14:52 B C:\AppServ\www\sitios\activos\brandgus\ajax\taskbar\taskbar.css --> hs4.ihosting.cl. /httpdocs/ajax/taskbar taskbar.css
2010.05.04 14:52 B C:\AppServ\www\sitios\activos\brandgus\ajax\taskbar\taskbar.css --> hs4.ihosting.cl. /httpdocs/ajax/taskbar taskbar.css
2010.05.04 14:54 B C:\AppServ\www\sitios\activos\brandgus\ajax\taskbar\taskbar.css --> hs4.ihosting.cl. /httpdocs/ajax/taskbar taskbar.css
2010.05.04 14:57 B C:\AppServ\www\sitios\activos\brandgus\ajax\taskbar\taskbar.css --> hs4.ihosting.cl. /httpdocs/ajax/taskbar taskbar.css
2010.05.04 14:58 B C:\AppServ\www\sitios\activos\brandgus\ajax\taskbar\taskbar.css --> hs4.ihosting.cl. /httpdocs/ajax/taskbar taskbar.css
2010.05.04 14:58 B C:\AppServ\www\sitios\activos\brandgus\ajax\taskbar\taskbar.css --> hs4.ihosting.cl. /httpdocs/ajax/taskbar taskbar.css
2010.05.04 14:59 B C:\AppServ\www\sitios\activos\brandgus\ajax\taskbar\taskbar.css --> hs4.ihosting.cl. /httpdocs/ajax/taskbar taskbar.css
2010.05.04 15:03 B C:\AppServ\www\sitios\activos\brandgus\ajax\taskbar\taskbar.css --> hs4.ihosting.cl. /httpdocs/ajax/taskbar taskbar.css
2010.05.04 15:04 B C:\AppServ\www\sitios\activos\brandgus\ajax\taskbar\taskbar.css --> hs4.ihosting.cl. /httpdocs/ajax/taskbar taskbar.css
2010.05.04 15:05 B C:\AppServ\www\sitios\activos\brandgus\ajax\taskbar\taskbar.css --> hs4.ihosting.cl. /httpdocs/ajax/taskbar taskbar.css
2010.05.04 15:08 B C:\AppServ\www\sitios\activos\brandgus\ajax\taskbar\taskbar.css --> hs4.ihosting.cl. /httpdocs/ajax/taskbar taskbar.css
2010.05.04 15:09 B C:\AppServ\www\sitios\activos\brandgus\ajax\taskbar\taskbar.css --> hs4.ihosting.cl. /httpdocs/ajax/taskbar taskbar.css
2010.06.09 18:25 B C:\AppServ\www\sitios\activos\brandgus\ajax\taskbar\WS_FTP.LOG --> hs4.ihosting.cl. /httpdocs/desarrollo/ibanez/ficha_ibanez/ajax/taskbar WS_FTP.LOG
2010.06.09 18:25 B C:\AppServ\www\sitios\activos\brandgus\ajax\taskbar\taskbar.css --> hs4.ihosting.cl. /httpdocs/desarrollo/ibanez/ficha_ibanez/ajax/taskbar taskbar.css
2016.03.26 12:28 B G:\CONTENEDOR\sitios\activos\AEROPOST\LANDING_LIBROS\taskbar\WS_FTP.LOG --> hs12.ihosting.cl /httpdocs/desarrollo/aeropost/landing/libros/taskbar WS_FTP.LOG
2016.03.26 12:28 B G:\CONTENEDOR\sitios\activos\AEROPOST\LANDING_LIBROS\taskbar\taskbar.css --> hs12.ihosting.cl /httpdocs/desarrollo/aeropost/landing/libros/taskbar taskbar.css
2016.03.26 12:30 B G:\CONTENEDOR\sitios\activos\AEROPOST\LANDING_LIBROS\taskbar\taskbar.css --> hs12.ihosting.cl /httpdocs/desarrollo/aeropost/landing/libros/taskbar taskbar.css
2016.03.26 12:31 B G:\CONTENEDOR\sitios\activos\AEROPOST\LANDING_LIBROS\taskbar\taskbar.css --> hs12.ihosting.cl /httpdocs/desarrollo/aeropost/landing/libros/taskbar taskbar.css
2016.03.26 12:45 B G:\CONTENEDOR\sitios\activos\AEROPOST\LANDING_LIBROS\taskbar\taskbar.css --> hs12.ihosting.cl /httpdocs/desarrollo/aeropost/landing/libros/taskbar taskbar.css
2016.03.26 12:47 B G:\CONTENEDOR\sitios\activos\AEROPOST\LANDING_LIBROS\taskbar\taskbar.css --> hs12.ihosting.cl /httpdocs/desarrollo/aeropost/landing/libros/taskbar taskbar.css
2016.03.26 12:47 B G:\CONTENEDOR\sitios\activos\AEROPOST\LANDING_LIBROS\taskbar\taskbar.css --> hs12.ihosting.cl /httpdocs/desarrollo/aeropost/landing/libros/taskbar taskbar.css
2016.03.26 12:48 B G:\CONTENEDOR\sitios\activos\AEROPOST\LANDING_LIBROS\taskbar\taskbar.css --> hs12.ihosting.cl /httpdocs/desarrollo/aeropost/landing/libros/taskbar taskbar.css
2016.03.26 12:49 B G:\CONTENEDOR\sitios\activos\AEROPOST\LANDING_LIBROS\taskbar\taskbar.css --> hs12.ihosting.cl /httpdocs/desarrollo/aeropost/landing/libros/taskbar taskbar.css
2016.03.26 12:49 B G:\CONTENEDOR\sitios\activos\AEROPOST\LANDING_LIBROS\taskbar\taskbar.css --> hs12.ihosting.cl /httpdocs/desarrollo/aeropost/landing/libros/taskbar taskbar.css
2016.03.26 12:49 B G:\CONTENEDOR\sitios\activos\AEROPOST\LANDING_LIBROS\taskbar\taskbar.css --> hs12.ihosting.cl /httpdocs/desarrollo/aeropost/landing/libros/taskbar taskbar.css
2016.03.26 12:50 B G:\CONTENEDOR\sitios\activos\AEROPOST\LANDING_LIBROS\taskbar\taskbar.css --> hs12.ihosting.cl /httpdocs/desarrollo/aeropost/landing/libros/taskbar taskbar.css
2016.03.26 12:58 B G:\CONTENEDOR\sitios\activos\AEROPOST\LANDING_LIBROS\taskbar\taskbar.css --> hs12.ihosting.cl /httpdocs/desarrollo/aeropost/landing/libros/taskbar taskbar.css
2016.03.26 12:59 B G:\CONTENEDOR\sitios\activos\AEROPOST\LANDING_LIBROS\taskbar\taskbar.css --> hs12.ihosting.cl /httpdocs/desarrollo/aeropost/landing/libros/taskbar taskbar.css
2016.03.26 13:00 B G:\CONTENEDOR\sitios\activos\AEROPOST\LANDING_LIBROS\taskbar\taskbar.css --> hs12.ihosting.cl /httpdocs/desarrollo/aeropost/landing/libros/taskbar taskbar.css
2016.03.26 13:00 B G:\CONTENEDOR\sitios\activos\AEROPOST\LANDING_LIBROS\taskbar\taskbar.css --> hs12.ihosting.cl /httpdocs/desarrollo/aeropost/landing/libros/taskbar taskbar.css
2016.03.26 13:01 B G:\CONTENEDOR\sitios\activos\AEROPOST\LANDING_LIBROS\taskbar\taskbar.css --> hs12.ihosting.cl /httpdocs/desarrollo/aeropost/landing/libros/taskbar taskbar.css
2016.03.26 13:02 B G:\CONTENEDOR\sitios\activos\AEROPOST\LANDING_LIBROS\taskbar\taskbar.css --> hs12.ihosting.cl /httpdocs/desarrollo/aeropost/landing/libros/taskbar taskbar.css
2016.03.26 13:02 B G:\CONTENEDOR\sitios\activos\AEROPOST\LANDING_LIBROS\taskbar\taskbar.css --> hs12.ihosting.cl /httpdocs/desarrollo/aeropost/landing/libros/taskbar taskbar.css
2016.03.26 13:03 B G:\CONTENEDOR\sitios\activos\AEROPOST\LANDING_LIBROS\taskbar\taskbar.css --> hs12.ihosting.cl /httpdocs/desarrollo/aeropost/landing/libros/taskbar taskbar.css
2016.03.26 13:03 B G:\CONTENEDOR\sitios\activos\AEROPOST\LANDING_LIBROS\taskbar\taskbar.css --> hs12.ihosting.cl /httpdocs/desarrollo/aeropost/landing/libros/taskbar taskbar.css
2016.03.26 13:04 B G:\CONTENEDOR\sitios\activos\AEROPOST\LANDING_LIBROS\taskbar\taskbar.css --> hs12.ihosting.cl /httpdocs/desarrollo/aeropost/landing/libros/taskbar taskbar.css
2016.03.26 13:04 B G:\CONTENEDOR\sitios\activos\AEROPOST\LANDING_LIBROS\taskbar\taskbar.css --> hs12.ihosting.cl /httpdocs/desarrollo/aeropost/landing/libros/taskbar taskbar.css
2016.03.26 13:08 B G:\CONTENEDOR\sitios\activos\AEROPOST\LANDING_LIBROS\taskbar\taskbar.css --> hs12.ihosting.cl /httpdocs/desarrollo/aeropost/landing/libros/taskbar taskbar.css
2016.03.27 21:31 B G:\CONTENEDOR\sitios\activos\AEROPOST\LANDING_LIBROS\taskbar\WS_FTP.LOG --> 190.3.169.107 /public_html/libros/taskbar WS_FTP.LOG
2016.03.27 21:31 B G:\CONTENEDOR\sitios\activos\AEROPOST\LANDING_LIBROS\taskbar\taskbar.css --> 190.3.169.107 /public_html/libros/taskbar taskbar.css
2016.04.02 23:38 B G:\CONTENEDOR\sitios\activos\aloyd_new\LANDING_REFTRIBU\taskbar\WS_FTP.LOG --> hs24.ihosting.cl /public_html/aloyd_new/reforma/taskbar WS_FTP.LOG
2016.04.02 23:38 B G:\CONTENEDOR\sitios\activos\aloyd_new\LANDING_REFTRIBU\taskbar\taskbar.css --> hs24.ihosting.cl /public_html/aloyd_new/reforma/taskbar taskbar.css
2016.09.14 21:00 B G:\CONTENEDOR\sitios\activos\AEROEXPRESS\inicio\taskbar\WS_FTP.LOG <-- AEROEXPRESS /public_html/inicio/taskbar WS_FTP.LOG
2017.03.15 14:01 B G:\CONTENEDOR\sitios\activos\AEROEXPRESS\inicio\taskbar\taskbar.css --> hs20.ihosting.cl /public_html/desarrollo/tlc/inicio/taskbar taskbar.css
2017.03.15 14:01 B G:\CONTENEDOR\sitios\activos\AEROEXPRESS\inicio\taskbar\WS_FTP.LOG --> hs20.ihosting.cl /public_html/desarrollo/tlc/inicio/taskbar WS_FTP.LOG
2017.05.01 19:23 B G:\CONTENEDOR\sitios\activos\tlc\inicio\taskbar\WS_FTP.LOG --> hs33.ihosting.cl /public_html/inicio/taskbar WS_FTP.LOG
2017.05.01 19:23 B G:\CONTENEDOR\sitios\activos\tlc\inicio\taskbar\taskbar.css --> hs33.ihosting.cl /public_html/inicio/taskbar taskbar.css
