2016.09.14 21:06 B G:\CONTENEDOR\sitios\activos\AEROEXPRESS\webpanel\assets\plugins\fonts\glyphicons-halflings-regular.woff <-- AEROEXPRESS /public_html/webpanel/assets/plugins/fonts glyphicons-halflings-regular.woff
2016.09.14 21:06 B G:\CONTENEDOR\sitios\activos\AEROEXPRESS\webpanel\assets\plugins\fonts\glyphicons-halflings-regular.ttf <-- AEROEXPRESS /public_html/webpanel/assets/plugins/fonts glyphicons-halflings-regular.ttf
2016.09.14 21:06 B G:\CONTENEDOR\sitios\activos\AEROEXPRESS\webpanel\assets\plugins\fonts\glyphicons-halflings-regular.svg <-- AEROEXPRESS /public_html/webpanel/assets/plugins/fonts glyphicons-halflings-regular.svg
2016.09.14 21:06 B G:\CONTENEDOR\sitios\activos\AEROEXPRESS\webpanel\assets\plugins\fonts\glyphicons-halflings-regular.eot <-- AEROEXPRESS /public_html/webpanel/assets/plugins/fonts glyphicons-halflings-regular.eot
2016.09.14 21:06 B G:\CONTENEDOR\sitios\activos\AEROEXPRESS\webpanel\assets\plugins\fonts\FontAwesome.otf <-- AEROEXPRESS /public_html/webpanel/assets/plugins/fonts FontAwesome.otf
2016.09.14 21:06 B G:\CONTENEDOR\sitios\activos\AEROEXPRESS\webpanel\assets\plugins\fonts\fontawesome-webfont.woff <-- AEROEXPRESS /public_html/webpanel/assets/plugins/fonts fontawesome-webfont.woff
2016.09.14 21:06 B G:\CONTENEDOR\sitios\activos\AEROEXPRESS\webpanel\assets\plugins\fonts\fontawesome-webfont.ttf <-- AEROEXPRESS /public_html/webpanel/assets/plugins/fonts fontawesome-webfont.ttf
2016.09.14 21:06 B G:\CONTENEDOR\sitios\activos\AEROEXPRESS\webpanel\assets\plugins\fonts\fontawesome-webfont.svg <-- AEROEXPRESS /public_html/webpanel/assets/plugins/fonts fontawesome-webfont.svg
2016.09.14 21:06 B G:\CONTENEDOR\sitios\activos\AEROEXPRESS\webpanel\assets\plugins\fonts\fontawesome-webfont.eot <-- AEROEXPRESS /public_html/webpanel/assets/plugins/fonts fontawesome-webfont.eot
2017.03.15 14:06 B G:\CONTENEDOR\sitios\activos\AEROEXPRESS\webpanel\assets\plugins\fonts\fontawesome-webfont.eot --> hs20.ihosting.cl /public_html/desarrollo/tlc/webpanel/assets/plugins/fonts fontawesome-webfont.eot
2017.03.15 14:06 B G:\CONTENEDOR\sitios\activos\AEROEXPRESS\webpanel\assets\plugins\fonts\fontawesome-webfont.svg --> hs20.ihosting.cl /public_html/desarrollo/tlc/webpanel/assets/plugins/fonts fontawesome-webfont.svg
2017.03.15 14:06 B G:\CONTENEDOR\sitios\activos\AEROEXPRESS\webpanel\assets\plugins\fonts\fontawesome-webfont.ttf --> hs20.ihosting.cl /public_html/desarrollo/tlc/webpanel/assets/plugins/fonts fontawesome-webfont.ttf
2017.03.15 14:06 B G:\CONTENEDOR\sitios\activos\AEROEXPRESS\webpanel\assets\plugins\fonts\fontawesome-webfont.woff --> hs20.ihosting.cl /public_html/desarrollo/tlc/webpanel/assets/plugins/fonts fontawesome-webfont.woff
2017.03.15 14:06 B G:\CONTENEDOR\sitios\activos\AEROEXPRESS\webpanel\assets\plugins\fonts\FontAwesome.otf --> hs20.ihosting.cl /public_html/desarrollo/tlc/webpanel/assets/plugins/fonts FontAwesome.otf
2017.03.15 14:06 B G:\CONTENEDOR\sitios\activos\AEROEXPRESS\webpanel\assets\plugins\fonts\glyphicons-halflings-regular.eot --> hs20.ihosting.cl /public_html/desarrollo/tlc/webpanel/assets/plugins/fonts glyphicons-halflings-regular.eot
2017.03.15 14:06 B G:\CONTENEDOR\sitios\activos\AEROEXPRESS\webpanel\assets\plugins\fonts\glyphicons-halflings-regular.svg --> hs20.ihosting.cl /public_html/desarrollo/tlc/webpanel/assets/plugins/fonts glyphicons-halflings-regular.svg
2017.03.15 14:06 B G:\CONTENEDOR\sitios\activos\AEROEXPRESS\webpanel\assets\plugins\fonts\glyphicons-halflings-regular.ttf --> hs20.ihosting.cl /public_html/desarrollo/tlc/webpanel/assets/plugins/fonts glyphicons-halflings-regular.ttf
2017.03.15 14:06 B G:\CONTENEDOR\sitios\activos\AEROEXPRESS\webpanel\assets\plugins\fonts\glyphicons-halflings-regular.woff --> hs20.ihosting.cl /public_html/desarrollo/tlc/webpanel/assets/plugins/fonts glyphicons-halflings-regular.woff
2017.03.15 14:06 B G:\CONTENEDOR\sitios\activos\AEROEXPRESS\webpanel\assets\plugins\fonts\WS_FTP.LOG --> hs20.ihosting.cl /public_html/desarrollo/tlc/webpanel/assets/plugins/fonts WS_FTP.LOG
2017.05.01 19:45 B G:\CONTENEDOR\sitios\activos\tlc\webpanel\assets\plugins\fonts\WS_FTP.LOG --> hs33.ihosting.cl /public_html/webpanel/assets/plugins/fonts WS_FTP.LOG
2017.05.01 19:45 B G:\CONTENEDOR\sitios\activos\tlc\webpanel\assets\plugins\fonts\glyphicons-halflings-regular.woff --> hs33.ihosting.cl /public_html/webpanel/assets/plugins/fonts glyphicons-halflings-regular.woff
2017.05.01 19:45 B G:\CONTENEDOR\sitios\activos\tlc\webpanel\assets\plugins\fonts\glyphicons-halflings-regular.ttf --> hs33.ihosting.cl /public_html/webpanel/assets/plugins/fonts glyphicons-halflings-regular.ttf
2017.05.01 19:45 B G:\CONTENEDOR\sitios\activos\tlc\webpanel\assets\plugins\fonts\glyphicons-halflings-regular.svg --> hs33.ihosting.cl /public_html/webpanel/assets/plugins/fonts glyphicons-halflings-regular.svg
2017.05.01 19:45 B G:\CONTENEDOR\sitios\activos\tlc\webpanel\assets\plugins\fonts\glyphicons-halflings-regular.eot --> hs33.ihosting.cl /public_html/webpanel/assets/plugins/fonts glyphicons-halflings-regular.eot
2017.05.01 19:45 B G:\CONTENEDOR\sitios\activos\tlc\webpanel\assets\plugins\fonts\FontAwesome.otf --> hs33.ihosting.cl /public_html/webpanel/assets/plugins/fonts FontAwesome.otf
2017.05.01 19:45 B G:\CONTENEDOR\sitios\activos\tlc\webpanel\assets\plugins\fonts\fontawesome-webfont.woff --> hs33.ihosting.cl /public_html/webpanel/assets/plugins/fonts fontawesome-webfont.woff
2017.05.01 19:45 B G:\CONTENEDOR\sitios\activos\tlc\webpanel\assets\plugins\fonts\fontawesome-webfont.ttf --> hs33.ihosting.cl /public_html/webpanel/assets/plugins/fonts fontawesome-webfont.ttf
2017.05.01 19:47 B G:\CONTENEDOR\sitios\activos\tlc\webpanel\assets\plugins\fonts\fontawesome-webfont.svg --> hs33.ihosting.cl /public_html/webpanel/assets/plugins/fonts fontawesome-webfont.svg
