2016.09.14 21:03 B G:\CONTENEDOR\sitios\activos\AEROEXPRESS\webpanel\assets\plugins\pagedown\demo\browser\bootstrap\js\README.md <-- AEROEXPRESS /public_html/webpanel/assets/plugins/pagedown/demo/browser/bootstrap/js README.md
2016.09.14 21:03 B G:\CONTENEDOR\sitios\activos\AEROEXPRESS\webpanel\assets\plugins\pagedown\demo\browser\bootstrap\js\bootstrap-typeahead.js <-- AEROEXPRESS /public_html/webpanel/assets/plugins/pagedown/demo/browser/bootstrap/js bootstrap-typeahead.js
2016.09.14 21:03 B G:\CONTENEDOR\sitios\activos\AEROEXPRESS\webpanel\assets\plugins\pagedown\demo\browser\bootstrap\js\bootstrap-transition.js <-- AEROEXPRESS /public_html/webpanel/assets/plugins/pagedown/demo/browser/bootstrap/js bootstrap-transition.js
2016.09.14 21:03 B G:\CONTENEDOR\sitios\activos\AEROEXPRESS\webpanel\assets\plugins\pagedown\demo\browser\bootstrap\js\bootstrap-tooltip.js <-- AEROEXPRESS /public_html/webpanel/assets/plugins/pagedown/demo/browser/bootstrap/js bootstrap-tooltip.js
2016.09.14 21:03 B G:\CONTENEDOR\sitios\activos\AEROEXPRESS\webpanel\assets\plugins\pagedown\demo\browser\bootstrap\js\bootstrap-tab.js <-- AEROEXPRESS /public_html/webpanel/assets/plugins/pagedown/demo/browser/bootstrap/js bootstrap-tab.js
2016.09.14 21:03 B G:\CONTENEDOR\sitios\activos\AEROEXPRESS\webpanel\assets\plugins\pagedown\demo\browser\bootstrap\js\bootstrap-scrollspy.js <-- AEROEXPRESS /public_html/webpanel/assets/plugins/pagedown/demo/browser/bootstrap/js bootstrap-scrollspy.js
2016.09.14 21:03 B G:\CONTENEDOR\sitios\activos\AEROEXPRESS\webpanel\assets\plugins\pagedown\demo\browser\bootstrap\js\bootstrap-popover.js <-- AEROEXPRESS /public_html/webpanel/assets/plugins/pagedown/demo/browser/bootstrap/js bootstrap-popover.js
2016.09.14 21:03 B G:\CONTENEDOR\sitios\activos\AEROEXPRESS\webpanel\assets\plugins\pagedown\demo\browser\bootstrap\js\bootstrap-modal.js <-- AEROEXPRESS /public_html/webpanel/assets/plugins/pagedown/demo/browser/bootstrap/js bootstrap-modal.js
2016.09.14 21:03 B G:\CONTENEDOR\sitios\activos\AEROEXPRESS\webpanel\assets\plugins\pagedown\demo\browser\bootstrap\js\bootstrap-dropdown.js <-- AEROEXPRESS /public_html/webpanel/assets/plugins/pagedown/demo/browser/bootstrap/js bootstrap-dropdown.js
2016.09.14 21:03 B G:\CONTENEDOR\sitios\activos\AEROEXPRESS\webpanel\assets\plugins\pagedown\demo\browser\bootstrap\js\bootstrap-collapse.js <-- AEROEXPRESS /public_html/webpanel/assets/plugins/pagedown/demo/browser/bootstrap/js bootstrap-collapse.js
2016.09.14 21:03 B G:\CONTENEDOR\sitios\activos\AEROEXPRESS\webpanel\assets\plugins\pagedown\demo\browser\bootstrap\js\bootstrap-carousel.js <-- AEROEXPRESS /public_html/webpanel/assets/plugins/pagedown/demo/browser/bootstrap/js bootstrap-carousel.js
2016.09.14 21:03 B G:\CONTENEDOR\sitios\activos\AEROEXPRESS\webpanel\assets\plugins\pagedown\demo\browser\bootstrap\js\bootstrap-button.js <-- AEROEXPRESS /public_html/webpanel/assets/plugins/pagedown/demo/browser/bootstrap/js bootstrap-button.js
2016.09.14 21:03 B G:\CONTENEDOR\sitios\activos\AEROEXPRESS\webpanel\assets\plugins\pagedown\demo\browser\bootstrap\js\bootstrap-alert.js <-- AEROEXPRESS /public_html/webpanel/assets/plugins/pagedown/demo/browser/bootstrap/js bootstrap-alert.js
2017.03.15 14:11 B G:\CONTENEDOR\sitios\activos\AEROEXPRESS\webpanel\assets\plugins\pagedown\demo\browser\bootstrap\js\bootstrap-alert.js --> hs20.ihosting.cl /public_html/desarrollo/tlc/webpanel/assets/plugins/pagedown/demo/browser/bootstrap/js bootstrap-alert.js
2017.03.15 14:11 B G:\CONTENEDOR\sitios\activos\AEROEXPRESS\webpanel\assets\plugins\pagedown\demo\browser\bootstrap\js\bootstrap-button.js --> hs20.ihosting.cl /public_html/desarrollo/tlc/webpanel/assets/plugins/pagedown/demo/browser/bootstrap/js bootstrap-button.js
2017.03.15 14:11 B G:\CONTENEDOR\sitios\activos\AEROEXPRESS\webpanel\assets\plugins\pagedown\demo\browser\bootstrap\js\bootstrap-carousel.js --> hs20.ihosting.cl /public_html/desarrollo/tlc/webpanel/assets/plugins/pagedown/demo/browser/bootstrap/js bootstrap-carousel.js
2017.03.15 14:11 B G:\CONTENEDOR\sitios\activos\AEROEXPRESS\webpanel\assets\plugins\pagedown\demo\browser\bootstrap\js\bootstrap-collapse.js --> hs20.ihosting.cl /public_html/desarrollo/tlc/webpanel/assets/plugins/pagedown/demo/browser/bootstrap/js bootstrap-collapse.js
2017.03.15 14:11 B G:\CONTENEDOR\sitios\activos\AEROEXPRESS\webpanel\assets\plugins\pagedown\demo\browser\bootstrap\js\bootstrap-dropdown.js --> hs20.ihosting.cl /public_html/desarrollo/tlc/webpanel/assets/plugins/pagedown/demo/browser/bootstrap/js bootstrap-dropdown.js
2017.03.15 14:11 B G:\CONTENEDOR\sitios\activos\AEROEXPRESS\webpanel\assets\plugins\pagedown\demo\browser\bootstrap\js\bootstrap-modal.js --> hs20.ihosting.cl /public_html/desarrollo/tlc/webpanel/assets/plugins/pagedown/demo/browser/bootstrap/js bootstrap-modal.js
2017.03.15 14:11 B G:\CONTENEDOR\sitios\activos\AEROEXPRESS\webpanel\assets\plugins\pagedown\demo\browser\bootstrap\js\bootstrap-popover.js --> hs20.ihosting.cl /public_html/desarrollo/tlc/webpanel/assets/plugins/pagedown/demo/browser/bootstrap/js bootstrap-popover.js
2017.03.15 14:11 B G:\CONTENEDOR\sitios\activos\AEROEXPRESS\webpanel\assets\plugins\pagedown\demo\browser\bootstrap\js\bootstrap-scrollspy.js --> hs20.ihosting.cl /public_html/desarrollo/tlc/webpanel/assets/plugins/pagedown/demo/browser/bootstrap/js bootstrap-scrollspy.js
2017.03.15 14:11 B G:\CONTENEDOR\sitios\activos\AEROEXPRESS\webpanel\assets\plugins\pagedown\demo\browser\bootstrap\js\bootstrap-tab.js --> hs20.ihosting.cl /public_html/desarrollo/tlc/webpanel/assets/plugins/pagedown/demo/browser/bootstrap/js bootstrap-tab.js
2017.03.15 14:11 B G:\CONTENEDOR\sitios\activos\AEROEXPRESS\webpanel\assets\plugins\pagedown\demo\browser\bootstrap\js\bootstrap-tooltip.js --> hs20.ihosting.cl /public_html/desarrollo/tlc/webpanel/assets/plugins/pagedown/demo/browser/bootstrap/js bootstrap-tooltip.js
2017.03.15 14:11 B G:\CONTENEDOR\sitios\activos\AEROEXPRESS\webpanel\assets\plugins\pagedown\demo\browser\bootstrap\js\bootstrap-transition.js --> hs20.ihosting.cl /public_html/desarrollo/tlc/webpanel/assets/plugins/pagedown/demo/browser/bootstrap/js bootstrap-transition.js
2017.03.15 14:11 B G:\CONTENEDOR\sitios\activos\AEROEXPRESS\webpanel\assets\plugins\pagedown\demo\browser\bootstrap\js\bootstrap-typeahead.js --> hs20.ihosting.cl /public_html/desarrollo/tlc/webpanel/assets/plugins/pagedown/demo/browser/bootstrap/js bootstrap-typeahead.js
2017.03.15 14:11 B G:\CONTENEDOR\sitios\activos\AEROEXPRESS\webpanel\assets\plugins\pagedown\demo\browser\bootstrap\js\README.md --> hs20.ihosting.cl /public_html/desarrollo/tlc/webpanel/assets/plugins/pagedown/demo/browser/bootstrap/js README.md
2017.03.15 14:11 B G:\CONTENEDOR\sitios\activos\AEROEXPRESS\webpanel\assets\plugins\pagedown\demo\browser\bootstrap\js\WS_FTP.LOG --> hs20.ihosting.cl /public_html/desarrollo/tlc/webpanel/assets/plugins/pagedown/demo/browser/bootstrap/js WS_FTP.LOG
2017.05.01 19:35 B G:\CONTENEDOR\sitios\activos\tlc\webpanel\assets\plugins\pagedown\demo\browser\bootstrap\js\WS_FTP.LOG --> hs33.ihosting.cl /public_html/webpanel/assets/plugins/pagedown/demo/browser/bootstrap/js WS_FTP.LOG
2017.05.01 19:35 B G:\CONTENEDOR\sitios\activos\tlc\webpanel\assets\plugins\pagedown\demo\browser\bootstrap\js\README.md --> hs33.ihosting.cl /public_html/webpanel/assets/plugins/pagedown/demo/browser/bootstrap/js README.md
2017.05.01 19:35 B G:\CONTENEDOR\sitios\activos\tlc\webpanel\assets\plugins\pagedown\demo\browser\bootstrap\js\bootstrap-typeahead.js --> hs33.ihosting.cl /public_html/webpanel/assets/plugins/pagedown/demo/browser/bootstrap/js bootstrap-typeahead.js
2017.05.01 19:35 B G:\CONTENEDOR\sitios\activos\tlc\webpanel\assets\plugins\pagedown\demo\browser\bootstrap\js\bootstrap-transition.js --> hs33.ihosting.cl /public_html/webpanel/assets/plugins/pagedown/demo/browser/bootstrap/js bootstrap-transition.js
2017.05.01 19:35 B G:\CONTENEDOR\sitios\activos\tlc\webpanel\assets\plugins\pagedown\demo\browser\bootstrap\js\bootstrap-tooltip.js --> hs33.ihosting.cl /public_html/webpanel/assets/plugins/pagedown/demo/browser/bootstrap/js bootstrap-tooltip.js
2017.05.01 19:35 B G:\CONTENEDOR\sitios\activos\tlc\webpanel\assets\plugins\pagedown\demo\browser\bootstrap\js\bootstrap-tab.js --> hs33.ihosting.cl /public_html/webpanel/assets/plugins/pagedown/demo/browser/bootstrap/js bootstrap-tab.js
2017.05.01 19:35 B G:\CONTENEDOR\sitios\activos\tlc\webpanel\assets\plugins\pagedown\demo\browser\bootstrap\js\bootstrap-scrollspy.js --> hs33.ihosting.cl /public_html/webpanel/assets/plugins/pagedown/demo/browser/bootstrap/js bootstrap-scrollspy.js
2017.05.01 19:35 B G:\CONTENEDOR\sitios\activos\tlc\webpanel\assets\plugins\pagedown\demo\browser\bootstrap\js\bootstrap-popover.js --> hs33.ihosting.cl /public_html/webpanel/assets/plugins/pagedown/demo/browser/bootstrap/js bootstrap-popover.js
2017.05.01 19:35 B G:\CONTENEDOR\sitios\activos\tlc\webpanel\assets\plugins\pagedown\demo\browser\bootstrap\js\bootstrap-modal.js --> hs33.ihosting.cl /public_html/webpanel/assets/plugins/pagedown/demo/browser/bootstrap/js bootstrap-modal.js
2017.05.01 19:35 B G:\CONTENEDOR\sitios\activos\tlc\webpanel\assets\plugins\pagedown\demo\browser\bootstrap\js\bootstrap-dropdown.js --> hs33.ihosting.cl /public_html/webpanel/assets/plugins/pagedown/demo/browser/bootstrap/js bootstrap-dropdown.js
2017.05.01 19:35 B G:\CONTENEDOR\sitios\activos\tlc\webpanel\assets\plugins\pagedown\demo\browser\bootstrap\js\bootstrap-collapse.js --> hs33.ihosting.cl /public_html/webpanel/assets/plugins/pagedown/demo/browser/bootstrap/js bootstrap-collapse.js
2017.05.01 19:35 B G:\CONTENEDOR\sitios\activos\tlc\webpanel\assets\plugins\pagedown\demo\browser\bootstrap\js\bootstrap-carousel.js --> hs33.ihosting.cl /public_html/webpanel/assets/plugins/pagedown/demo/browser/bootstrap/js bootstrap-carousel.js
2017.05.01 19:35 B G:\CONTENEDOR\sitios\activos\tlc\webpanel\assets\plugins\pagedown\demo\browser\bootstrap\js\bootstrap-button.js --> hs33.ihosting.cl /public_html/webpanel/assets/plugins/pagedown/demo/browser/bootstrap/js bootstrap-button.js
2017.05.01 19:35 B G:\CONTENEDOR\sitios\activos\tlc\webpanel\assets\plugins\pagedown\demo\browser\bootstrap\js\bootstrap-alert.js --> hs33.ihosting.cl /public_html/webpanel/assets/plugins/pagedown/demo/browser/bootstrap/js bootstrap-alert.js
