2015.10.14 18:18 B G:\CONTENEDOR\sitios\activos\GARVESHOP\soon\web\index.html --> hs12.ihosting.cl /httpdocs/desarrollo/GARVESHOP/soon/web index.html
2015.10.14 18:21 B G:\CONTENEDOR\sitios\activos\GARVESHOP\soon\web\index.html --> hs12.ihosting.cl /httpdocs/desarrollo/GARVESHOP/soon/web index.html
2015.10.14 18:22 B G:\CONTENEDOR\sitios\activos\GARVESHOP\soon\web\index.html --> hs12.ihosting.cl /httpdocs/desarrollo/GARVESHOP/soon/web index.html
2015.10.14 18:23 B G:\CONTENEDOR\sitios\activos\GARVESHOP\soon\web\index.html --> hs12.ihosting.cl /httpdocs/desarrollo/GARVESHOP/soon/web index.html
2015.10.14 18:23 B G:\CONTENEDOR\sitios\activos\GARVESHOP\soon\web\index.html --> hs12.ihosting.cl /httpdocs/desarrollo/GARVESHOP/soon/web index.html
2015.10.14 18:28 B G:\CONTENEDOR\sitios\activos\GARVESHOP\soon\web\index.html --> hs12.ihosting.cl /httpdocs/desarrollo/GARVESHOP/soon/web index.html
2015.10.14 18:29 B G:\CONTENEDOR\sitios\activos\GARVESHOP\soon\web\index.html --> hs12.ihosting.cl /httpdocs/desarrollo/GARVESHOP/soon/web index.html
2015.10.14 18:30 B G:\CONTENEDOR\sitios\activos\GARVESHOP\soon\web\index.html --> hs12.ihosting.cl /httpdocs/desarrollo/GARVESHOP/soon/web index.html
2015.10.14 18:30 B G:\CONTENEDOR\sitios\activos\GARVESHOP\soon\web\index.html --> hs12.ihosting.cl /httpdocs/desarrollo/GARVESHOP/soon/web index.html
2015.10.14 18:32 B G:\CONTENEDOR\sitios\activos\GARVESHOP\soon\web\index.html --> hs12.ihosting.cl /httpdocs/desarrollo/GARVESHOP/soon/web index.html
2015.10.14 18:33 B G:\CONTENEDOR\sitios\activos\GARVESHOP\soon\web\index.html --> hs12.ihosting.cl /httpdocs/desarrollo/GARVESHOP/soon/web index.html
2015.10.14 18:33 B G:\CONTENEDOR\sitios\activos\GARVESHOP\soon\web\index.html --> hs12.ihosting.cl /httpdocs/desarrollo/GARVESHOP/soon/web index.html
2015.10.14 18:34 B G:\CONTENEDOR\sitios\activos\GARVESHOP\soon\web\index.html --> hs12.ihosting.cl /httpdocs/desarrollo/GARVESHOP/soon/web index.html
2015.10.14 18:34 B G:\CONTENEDOR\sitios\activos\GARVESHOP\soon\web\index.html --> hs12.ihosting.cl /httpdocs/desarrollo/GARVESHOP/soon/web index.html
2015.10.14 22:36 B G:\CONTENEDOR\sitios\activos\GARVESHOP\soon\web\form.html --> hs12.ihosting.cl /httpdocs/desarrollo/GARVESHOP/soon/web form.html
2015.10.14 22:38 B G:\CONTENEDOR\sitios\activos\GARVESHOP\soon\web\form.html --> hs12.ihosting.cl /httpdocs/desarrollo/GARVESHOP/soon/web form.html
2015.10.14 22:39 B G:\CONTENEDOR\sitios\activos\GARVESHOP\soon\web\form.html --> hs12.ihosting.cl /httpdocs/desarrollo/GARVESHOP/soon/web form.html
2015.10.14 23:03 B G:\CONTENEDOR\sitios\activos\GARVESHOP\soon\web\form.html --> hs12.ihosting.cl /httpdocs/desarrollo/GARVESHOP/soon/web form.html
2015.10.14 23:03 B G:\CONTENEDOR\sitios\activos\GARVESHOP\soon\web\form.html --> hs12.ihosting.cl /httpdocs/desarrollo/GARVESHOP/soon/web form.html
2015.10.14 23:04 B G:\CONTENEDOR\sitios\activos\GARVESHOP\soon\web\form.html --> hs12.ihosting.cl /httpdocs/desarrollo/GARVESHOP/soon/web form.html
2015.10.14 23:19 B G:\CONTENEDOR\sitios\activos\GARVESHOP\soon\web\form.html --> hs12.ihosting.cl /httpdocs/desarrollo/GARVESHOP/soon/web form.html
2015.10.14 23:24 B G:\CONTENEDOR\sitios\activos\GARVESHOP\soon\web\form.html --> hs12.ihosting.cl /httpdocs/desarrollo/GARVESHOP/soon/web form.html
2015.10.14 23:25 B G:\CONTENEDOR\sitios\activos\GARVESHOP\soon\web\form.html --> hs12.ihosting.cl /httpdocs/desarrollo/GARVESHOP/soon/web form.html
2015.10.14 23:25 B G:\CONTENEDOR\sitios\activos\GARVESHOP\soon\web\form.html --> hs12.ihosting.cl /httpdocs/desarrollo/GARVESHOP/soon/web form.html
2015.10.14 23:31 B G:\CONTENEDOR\sitios\activos\GARVESHOP\soon\web\form.html --> hs12.ihosting.cl /httpdocs/desarrollo/GARVESHOP/soon/web form.html
2015.10.14 23:31 B G:\CONTENEDOR\sitios\activos\GARVESHOP\soon\web\form.html --> hs12.ihosting.cl /httpdocs/desarrollo/GARVESHOP/soon/web form.html
2015.10.14 23:32 B G:\CONTENEDOR\sitios\activos\GARVESHOP\soon\web\form.html --> hs12.ihosting.cl /httpdocs/desarrollo/GARVESHOP/soon/web form.html
2015.10.14 23:36 B G:\CONTENEDOR\sitios\activos\GARVESHOP\soon\web\form.html --> hs12.ihosting.cl /httpdocs/desarrollo/GARVESHOP/soon/web form.html
2015.10.14 23:37 B G:\CONTENEDOR\sitios\activos\GARVESHOP\soon\web\form.html --> hs12.ihosting.cl /httpdocs/desarrollo/GARVESHOP/soon/web form.html
2015.10.16 13:23 B G:\CONTENEDOR\sitios\activos\GARVESHOP\soon\web\WS_FTP.LOG --> ftp.garveshop.com /public_html/web WS_FTP.LOG
2015.10.16 13:23 B G:\CONTENEDOR\sitios\activos\GARVESHOP\soon\web\form.html --> ftp.garveshop.com /public_html/web form.html
2015.10.16 13:23 B G:\CONTENEDOR\sitios\activos\GARVESHOP\soon\web\index.html --> ftp.garveshop.com /public_html/web index.html
2015.10.16 13:36 B G:\CONTENEDOR\sitios\activos\GARVESHOP\soon\web\index.php --> ftp.garveshop.com /public_html/web index.php
2015.10.16 13:37 B G:\CONTENEDOR\sitios\activos\GARVESHOP\soon\web\index.php --> ftp.garveshop.com /public_html index.php
2015.10.16 13:37 B G:\CONTENEDOR\sitios\activos\GARVESHOP\soon\web\index.php --> ftp.garveshop.com /public_html/web index.php
2015.10.16 13:38 B G:\CONTENEDOR\sitios\activos\GARVESHOP\soon\web\index.php --> ftp.garveshop.com /public_html/web index.php
2015.10.16 13:39 B G:\CONTENEDOR\sitios\activos\GARVESHOP\soon\web\index.php --> ftp.garveshop.com /public_html/web index.php
2015.10.16 13:39 B G:\CONTENEDOR\sitios\activos\GARVESHOP\soon\web\index.php --> ftp.garveshop.com /public_html/web index.php
2015.10.16 13:43 B G:\CONTENEDOR\sitios\activos\GARVESHOP\soon\web\index.php --> ftp.garveshop.com /public_html/web index.php
2015.10.16 13:43 B G:\CONTENEDOR\sitios\activos\GARVESHOP\soon\web\index.php --> ftp.garveshop.com /public_html/web index.php
2015.10.16 13:44 B G:\CONTENEDOR\sitios\activos\GARVESHOP\soon\web\index.php --> ftp.garveshop.com /public_html/web index.php
2015.10.16 13:52 B G:\CONTENEDOR\sitios\activos\GARVESHOP\soon\web\ok.php --> ftp.garveshop.com /public_html/web ok.php
2015.10.16 13:52 B G:\CONTENEDOR\sitios\activos\GARVESHOP\soon\web\enviar_contacto.php --> ftp.garveshop.com /public_html/web enviar_contacto.php
2015.10.16 13:52 B G:\CONTENEDOR\sitios\activos\GARVESHOP\soon\web\index.php --> ftp.garveshop.com /public_html/web index.php
2015.10.16 13:54 B G:\CONTENEDOR\sitios\activos\GARVESHOP\soon\web\ok.php --> ftp.garveshop.com /public_html/web ok.php
2015.10.16 13:58 B G:\CONTENEDOR\sitios\activos\GARVESHOP\soon\web\ok.php --> ftp.garveshop.com /public_html/web ok.php
2015.10.16 13:59 B G:\CONTENEDOR\sitios\activos\GARVESHOP\soon\web\ok.php --> ftp.garveshop.com /public_html/web ok.php
2015.10.16 14:01 B G:\CONTENEDOR\sitios\activos\GARVESHOP\soon\web\index.php --> ftp.garveshop.com /public_html/web index.php
2015.10.16 14:01 B G:\CONTENEDOR\sitios\activos\GARVESHOP\soon\web\enviar_contacto.php --> ftp.garveshop.com /public_html/web enviar_contacto.php
2015.10.16 14:02 B G:\CONTENEDOR\sitios\activos\GARVESHOP\soon\web\enviar_contacto.php --> ftp.garveshop.com /public_html/web enviar_contacto.php
2015.10.16 14:03 B G:\CONTENEDOR\sitios\activos\GARVESHOP\soon\web\index.php --> ftp.garveshop.com /public_html/web index.php
2015.10.16 14:04 B G:\CONTENEDOR\sitios\activos\GARVESHOP\soon\web\index.php --> ftp.garveshop.com /public_html/web index.php
2015.10.16 14:07 B G:\CONTENEDOR\sitios\activos\GARVESHOP\soon\web\index.php --> ftp.garveshop.com /public_html/web index.php
2015.10.16 14:10 B G:\CONTENEDOR\sitios\activos\GARVESHOP\soon\web\index.php --> ftp.garveshop.com /public_html/web index.php
2015.10.16 14:12 B G:\CONTENEDOR\sitios\activos\GARVESHOP\soon\web\index.php --> ftp.garveshop.com /public_html/web index.php
2015.10.16 14:17 B G:\CONTENEDOR\sitios\activos\GARVESHOP\soon\web\index.php --> ftp.garveshop.com /public_html/web index.php
2015.10.16 14:18 B G:\CONTENEDOR\sitios\activos\GARVESHOP\soon\web\index.php --> ftp.garveshop.com /public_html/web index.php
2015.10.16 14:19 B G:\CONTENEDOR\sitios\activos\GARVESHOP\soon\web\index.php --> ftp.garveshop.com /public_html/web index.php
2015.10.16 14:20 B G:\CONTENEDOR\sitios\activos\GARVESHOP\soon\web\index.php --> ftp.garveshop.com /public_html/web index.php
2015.10.16 14:21 B G:\CONTENEDOR\sitios\activos\GARVESHOP\soon\web\index.php --> ftp.garveshop.com /public_html/web index.php
2015.10.16 14:23 B G:\CONTENEDOR\sitios\activos\GARVESHOP\soon\web\index.php --> ftp.garveshop.com /public_html/web index.php
2015.10.16 14:26 B G:\CONTENEDOR\sitios\activos\GARVESHOP\soon\web\index.php --> ftp.garveshop.com /public_html/web index.php
2015.10.16 14:27 B G:\CONTENEDOR\sitios\activos\GARVESHOP\soon\web\index.php --> ftp.garveshop.com /public_html/web index.php
2015.10.16 14:28 B G:\CONTENEDOR\sitios\activos\GARVESHOP\soon\web\index.php --> ftp.garveshop.com /public_html/web index.php
2015.10.16 14:29 B G:\CONTENEDOR\sitios\activos\GARVESHOP\soon\web\index.php --> ftp.garveshop.com /public_html/web index.php
2015.10.16 14:29 B G:\CONTENEDOR\sitios\activos\GARVESHOP\soon\web\index.php --> ftp.garveshop.com /public_html/web index.php
2015.10.16 14:30 B G:\CONTENEDOR\sitios\activos\GARVESHOP\soon\web\index.php --> ftp.garveshop.com /public_html/web index.php
2015.10.16 14:30 B G:\CONTENEDOR\sitios\activos\GARVESHOP\soon\web\index.php --> ftp.garveshop.com /public_html/web index.php
2015.10.16 14:30 B G:\CONTENEDOR\sitios\activos\GARVESHOP\soon\web\index.php --> ftp.garveshop.com /public_html/web index.php
2015.10.16 14:30 B G:\CONTENEDOR\sitios\activos\GARVESHOP\soon\web\index.php --> ftp.garveshop.com /public_html/web index.php
2015.10.16 14:31 B G:\CONTENEDOR\sitios\activos\GARVESHOP\soon\web\index.php --> ftp.garveshop.com /public_html/web index.php
2015.10.16 14:35 B G:\CONTENEDOR\sitios\activos\GARVESHOP\soon\web\enviar_contacto.php --> ftp.garveshop.com /public_html/web enviar_contacto.php
2015.10.16 14:35 B G:\CONTENEDOR\sitios\activos\GARVESHOP\soon\web\index.php --> ftp.garveshop.com /public_html/web index.php
2015.10.16 14:36 B G:\CONTENEDOR\sitios\activos\GARVESHOP\soon\web\index.php --> ftp.garveshop.com /public_html/web index.php
2015.10.16 14:36 B G:\CONTENEDOR\sitios\activos\GARVESHOP\soon\web\index.php --> ftp.garveshop.com /public_html/web index.php
2015.10.16 16:32 B G:\CONTENEDOR\sitios\activos\GARVESHOP\soon\web\index.php --> ftp.garveshop.com /public_html/web index.php
2015.10.16 16:36 B G:\CONTENEDOR\sitios\activos\GARVESHOP\soon\web\index.php --> ftp.garveshop.com /public_html/web index.php
2015.10.16 16:37 B G:\CONTENEDOR\sitios\activos\GARVESHOP\soon\web\index.php --> ftp.garveshop.com /public_html/web index.php
2015.10.16 16:38 B G:\CONTENEDOR\sitios\activos\GARVESHOP\soon\web\index.php --> ftp.garveshop.com /public_html/web index.php
2015.10.16 16:39 B G:\CONTENEDOR\sitios\activos\GARVESHOP\soon\web\index.php --> ftp.garveshop.com /public_html/web index.php
2015.10.16 16:40 B G:\CONTENEDOR\sitios\activos\GARVESHOP\soon\web\index.php --> ftp.garveshop.com /public_html/web index.php
2015.10.16 16:40 B G:\CONTENEDOR\sitios\activos\GARVESHOP\soon\web\index.php --> ftp.garveshop.com /public_html/web index.php
2015.10.16 16:41 B G:\CONTENEDOR\sitios\activos\GARVESHOP\soon\web\index.php --> ftp.garveshop.com /public_html/web index.php
2015.10.16 16:42 B G:\CONTENEDOR\sitios\activos\GARVESHOP\soon\web\index.php --> ftp.garveshop.com /public_html/web index.php
2015.10.16 16:42 B G:\CONTENEDOR\sitios\activos\GARVESHOP\soon\web\index.php --> ftp.garveshop.com /public_html/web index.php
2015.10.16 16:43 B G:\CONTENEDOR\sitios\activos\GARVESHOP\soon\web\index.php --> ftp.garveshop.com /public_html/web index.php
2015.10.16 16:44 B G:\CONTENEDOR\sitios\activos\GARVESHOP\soon\web\index.php --> ftp.garveshop.com /public_html/web index.php
2015.10.16 16:44 B G:\CONTENEDOR\sitios\activos\GARVESHOP\soon\web\index.php --> ftp.garveshop.com /public_html/web index.php
2015.10.16 16:45 B G:\CONTENEDOR\sitios\activos\GARVESHOP\soon\web\index.php --> ftp.garveshop.com /public_html/web index.php
2015.10.16 16:45 B G:\CONTENEDOR\sitios\activos\GARVESHOP\soon\web\index.php --> ftp.garveshop.com /public_html/web index.php
2015.10.16 16:46 B G:\CONTENEDOR\sitios\activos\GARVESHOP\soon\web\index.php --> ftp.garveshop.com /public_html/web index.php
2015.10.16 16:46 B G:\CONTENEDOR\sitios\activos\GARVESHOP\soon\web\index.php --> ftp.garveshop.com /public_html/web index.php
2015.10.16 16:47 B G:\CONTENEDOR\sitios\activos\GARVESHOP\soon\web\index.php --> ftp.garveshop.com /public_html/web index.php
2015.10.16 16:48 B G:\CONTENEDOR\sitios\activos\GARVESHOP\soon\web\index.php --> ftp.garveshop.com /public_html/web index.php
2015.10.16 17:01 B G:\CONTENEDOR\sitios\activos\GARVESHOP\soon\web\index.php --> ftp.garveshop.com /public_html/web index.php
2015.10.16 17:01 B G:\CONTENEDOR\sitios\activos\GARVESHOP\soon\web\index.php --> ftp.garveshop.com /public_html/web index.php
2015.10.16 17:02 B G:\CONTENEDOR\sitios\activos\GARVESHOP\soon\web\index.php --> ftp.garveshop.com /public_html/web index.php
2015.10.16 17:02 B G:\CONTENEDOR\sitios\activos\GARVESHOP\soon\web\index.php --> ftp.garveshop.com /public_html/web index.php
2015.10.16 17:03 B G:\CONTENEDOR\sitios\activos\GARVESHOP\soon\web\index.php --> ftp.garveshop.com /public_html/web index.php
2015.10.16 17:04 B G:\CONTENEDOR\sitios\activos\GARVESHOP\soon\web\index.php --> ftp.garveshop.com /public_html/web index.php
2015.10.16 17:05 B G:\CONTENEDOR\sitios\activos\GARVESHOP\soon\web\index.php --> ftp.garveshop.com /public_html/web index.php
2015.10.16 17:05 B G:\CONTENEDOR\sitios\activos\GARVESHOP\soon\web\index.php --> ftp.garveshop.com /public_html/web index.php
2015.10.16 17:05 B G:\CONTENEDOR\sitios\activos\GARVESHOP\soon\web\index.php --> ftp.garveshop.com /public_html/web index.php
2015.10.16 17:06 B G:\CONTENEDOR\sitios\activos\GARVESHOP\soon\web\index.php --> ftp.garveshop.com /public_html/web index.php
2015.10.16 17:06 B G:\CONTENEDOR\sitios\activos\GARVESHOP\soon\web\index.php --> ftp.garveshop.com /public_html/web index.php
2015.10.16 17:06 B G:\CONTENEDOR\sitios\activos\GARVESHOP\soon\web\index.php --> ftp.garveshop.com /public_html/web index.php
2015.10.16 17:07 B G:\CONTENEDOR\sitios\activos\GARVESHOP\soon\web\index.php --> ftp.garveshop.com /public_html/web index.php
2015.10.16 17:09 B G:\CONTENEDOR\sitios\activos\GARVESHOP\soon\web\index.php --> ftp.garveshop.com /public_html/web index.php
2015.10.16 17:09 B G:\CONTENEDOR\sitios\activos\GARVESHOP\soon\web\index.php --> ftp.garveshop.com /public_html/web index.php
2015.10.16 17:10 B G:\CONTENEDOR\sitios\activos\GARVESHOP\soon\web\index.php --> ftp.garveshop.com /public_html/web index.php
2015.10.16 17:12 B G:\CONTENEDOR\sitios\activos\GARVESHOP\soon\web\index.php --> ftp.garveshop.com /public_html/web index.php
2015.10.16 17:13 B G:\CONTENEDOR\sitios\activos\GARVESHOP\soon\web\index.php --> ftp.garveshop.com /public_html/web index.php
2015.10.16 17:13 B G:\CONTENEDOR\sitios\activos\GARVESHOP\soon\web\index.php --> ftp.garveshop.com /public_html/web index.php
2015.10.16 17:14 B G:\CONTENEDOR\sitios\activos\GARVESHOP\soon\web\index.php --> ftp.garveshop.com /public_html/web index.php
2015.10.16 17:14 B G:\CONTENEDOR\sitios\activos\GARVESHOP\soon\web\index.php --> ftp.garveshop.com /public_html/web index.php
2015.10.16 17:15 B G:\CONTENEDOR\sitios\activos\GARVESHOP\soon\web\index.php --> ftp.garveshop.com /public_html/web index.php
2015.10.16 17:15 B G:\CONTENEDOR\sitios\activos\GARVESHOP\soon\web\index.php --> ftp.garveshop.com /public_html/web index.php
2015.10.16 17:16 B G:\CONTENEDOR\sitios\activos\GARVESHOP\soon\web\index.php --> ftp.garveshop.com /public_html/web index.php
2015.10.16 17:16 B G:\CONTENEDOR\sitios\activos\GARVESHOP\soon\web\index.php --> ftp.garveshop.com /public_html/web index.php
2015.10.16 17:17 B G:\CONTENEDOR\sitios\activos\GARVESHOP\soon\web\index.php --> ftp.garveshop.com /public_html/web index.php
2015.10.16 17:17 B G:\CONTENEDOR\sitios\activos\GARVESHOP\soon\web\index.php --> ftp.garveshop.com /public_html/web index.php
2015.10.16 17:18 B G:\CONTENEDOR\sitios\activos\GARVESHOP\soon\web\index.php --> ftp.garveshop.com /public_html/web index.php
2015.10.16 17:18 B G:\CONTENEDOR\sitios\activos\GARVESHOP\soon\web\index.php --> ftp.garveshop.com /public_html/web index.php
2015.10.16 17:19 B G:\CONTENEDOR\sitios\activos\GARVESHOP\soon\web\index.php --> ftp.garveshop.com /public_html/web index.php
2015.10.16 17:19 B G:\CONTENEDOR\sitios\activos\GARVESHOP\soon\web\index.php --> ftp.garveshop.com /public_html/web index.php
2015.10.16 17:19 B G:\CONTENEDOR\sitios\activos\GARVESHOP\soon\web\index.php --> ftp.garveshop.com /public_html/web index.php
2015.10.16 17:19 B G:\CONTENEDOR\sitios\activos\GARVESHOP\soon\web\index.php --> ftp.garveshop.com /public_html/web index.php
2015.10.16 17:20 B G:\CONTENEDOR\sitios\activos\GARVESHOP\soon\web\index.php --> ftp.garveshop.com /public_html/web index.php
2015.10.16 17:20 B G:\CONTENEDOR\sitios\activos\GARVESHOP\soon\web\index.php --> ftp.garveshop.com /public_html/web index.php
2015.10.16 17:20 B G:\CONTENEDOR\sitios\activos\GARVESHOP\soon\web\index.php --> ftp.garveshop.com /public_html/web index.php
2015.10.16 17:21 B G:\CONTENEDOR\sitios\activos\GARVESHOP\soon\web\index.php --> ftp.garveshop.com /public_html/web index.php
2015.10.16 17:21 B G:\CONTENEDOR\sitios\activos\GARVESHOP\soon\web\index.php --> ftp.garveshop.com /public_html/web index.php
2015.10.16 17:22 B G:\CONTENEDOR\sitios\activos\GARVESHOP\soon\web\index.php --> ftp.garveshop.com /public_html/web index.php
2015.11.09 19:37 B G:\CONTENEDOR\sitios\activos\GARVESHOP\soon\web\index.php --> cp02.iia.cl /public_html/soon/web index.php
2015.11.19 23:55 B G:\CONTENEDOR\sitios\activos\GARVE_NEW\soon\web\WS_FTP.LOG <-- GARVE IIA /public_html/soon/web WS_FTP.LOG
2015.11.27 17:44 B G:\CONTENEDOR\sitios\activos\NATHAN2\soon\index.php --> hs12.ihosting.cl /httpdocs/desarrollo/nathan/soon index.php
2015.11.27 17:44 B G:\CONTENEDOR\sitios\activos\NATHAN2\soon\WS_FTP.LOG --> hs12.ihosting.cl /httpdocs/desarrollo/nathan/soon WS_FTP.LOG
2015.11.27 17:44 B G:\CONTENEDOR\sitios\activos\NATHAN2\soon\ok.php --> hs12.ihosting.cl /httpdocs/desarrollo/nathan/soon ok.php
2015.11.27 17:44 B G:\CONTENEDOR\sitios\activos\NATHAN2\soon\enviar_contacto.php --> hs12.ihosting.cl /httpdocs/desarrollo/nathan/soon enviar_contacto.php
2015.11.27 17:45 B G:\CONTENEDOR\sitios\activos\NATHAN2\soon\index.php <-- pimenton /httpdocs/desarrollo/nathan/soon index.php
2015.11.27 17:46 B G:\CONTENEDOR\sitios\activos\NATHAN2\soon\index.php --> hs12.ihosting.cl /httpdocs/desarrollo/nathan/soon index.php
2015.11.27 17:52 B G:\CONTENEDOR\sitios\activos\NATHAN2\soon\index.php --> 190.3.171.23 /public_html/soon index.php
2015.11.27 17:52 B G:\CONTENEDOR\sitios\activos\NATHAN2\soon\enviar_contacto.php --> 190.3.171.23 /public_html/soon enviar_contacto.php
2015.11.27 17:52 B G:\CONTENEDOR\sitios\activos\NATHAN2\soon\WS_FTP.LOG --> 190.3.171.23 /public_html/soon WS_FTP.LOG
2015.11.27 17:52 B G:\CONTENEDOR\sitios\activos\NATHAN2\soon\ok.php --> 190.3.171.23 /public_html/soon ok.php
2015.11.27 17:57 B G:\CONTENEDOR\sitios\activos\NATHAN2\soon\index.php --> 190.3.171.23 /public_html/soon index.php
2015.11.27 17:57 B G:\CONTENEDOR\sitios\activos\NATHAN2\soon\enviar_contacto.php --> 190.3.171.23 /public_html/soon enviar_contacto.php
2015.11.27 18:07 B G:\CONTENEDOR\sitios\activos\NATHAN2\soon\index.php --> 190.3.171.23 /public_html/soon index.php
2015.11.27 18:09 B G:\CONTENEDOR\sitios\activos\NATHAN2\soon\index.php --> 190.3.171.23 /public_html/soon index.php
2015.11.27 18:10 B G:\CONTENEDOR\sitios\activos\NATHAN2\soon\index.php --> 190.3.171.23 /public_html/soon index.php
2015.12.01 17:10 B G:\CONTENEDOR\sitios\activos\NATHAN2\soon\WS_FTP.LOG --> hs30.ihosting.cl /public_html/soon WS_FTP.LOG
2015.12.01 17:10 B G:\CONTENEDOR\sitios\activos\NATHAN2\soon\index.php --> hs30.ihosting.cl /public_html/soon index.php
2015.12.01 17:10 B G:\CONTENEDOR\sitios\activos\NATHAN2\soon\enviar_contacto.php --> hs30.ihosting.cl /public_html/soon enviar_contacto.php
2015.12.01 17:10 B G:\CONTENEDOR\sitios\activos\NATHAN2\soon\ok.php --> hs30.ihosting.cl /public_html/soon ok.php
2015.12.01 17:15 B G:\CONTENEDOR\sitios\activos\VECINDAD_DEL_CHEF\soon\WS_FTP.LOG --> hs12.ihosting.cl /httpdocs/desarrollo/vecindad/soon WS_FTP.LOG
2015.12.01 17:15 B G:\CONTENEDOR\sitios\activos\VECINDAD_DEL_CHEF\soon\index.php --> hs12.ihosting.cl /httpdocs/desarrollo/vecindad/soon index.php
2015.12.01 17:15 B G:\CONTENEDOR\sitios\activos\VECINDAD_DEL_CHEF\soon\enviar_contacto.php --> hs12.ihosting.cl /httpdocs/desarrollo/vecindad/soon enviar_contacto.php
2015.12.01 17:15 B G:\CONTENEDOR\sitios\activos\VECINDAD_DEL_CHEF\soon\ok.php --> hs12.ihosting.cl /httpdocs/desarrollo/vecindad/soon ok.php
2015.12.01 17:22 B G:\CONTENEDOR\sitios\activos\VECINDAD_DEL_CHEF\soon\index.php --> hs12.ihosting.cl /httpdocs/desarrollo/vecindad/soon index.php
2015.12.01 17:24 B G:\CONTENEDOR\sitios\activos\VECINDAD_DEL_CHEF\soon\enviar_contacto.php --> hs12.ihosting.cl /httpdocs/desarrollo/vecindad/soon enviar_contacto.php
2015.12.01 17:26 B G:\CONTENEDOR\sitios\activos\VECINDAD_DEL_CHEF\soon\ok.php --> hs12.ihosting.cl /httpdocs/desarrollo/vecindad/soon ok.php
2015.12.01 17:27 B G:\CONTENEDOR\sitios\activos\VECINDAD_DEL_CHEF\soon\ok.php --> hs12.ihosting.cl /httpdocs/desarrollo/vecindad/soon ok.php
2015.12.01 17:31 B G:\CONTENEDOR\sitios\activos\VECINDAD_DEL_CHEF\soon\ok.php --> hs30.ihosting.cl /public_html/soon ok.php
2015.12.01 17:31 B G:\CONTENEDOR\sitios\activos\VECINDAD_DEL_CHEF\soon\enviar_contacto.php --> hs30.ihosting.cl /public_html/soon enviar_contacto.php
2015.12.01 17:31 B G:\CONTENEDOR\sitios\activos\VECINDAD_DEL_CHEF\soon\index.php --> hs30.ihosting.cl /public_html/soon index.php
2015.12.03 15:38 B G:\CONTENEDOR\sitios\activos\VECINDAD_DEL_CHEF\soon\index.php --> hs30.ihosting.cl /public_html/soon index.php
2015.12.03 15:45 B G:\CONTENEDOR\sitios\activos\VECINDAD_DEL_CHEF\soon\index.php --> hs30.ihosting.cl /public_html/soon index.php
2015.12.03 15:48 B G:\CONTENEDOR\sitios\activos\VECINDAD_DEL_CHEF\soon\ok.php --> hs30.ihosting.cl /public_html/soon ok.php
2015.12.03 15:48 B G:\CONTENEDOR\sitios\activos\VECINDAD_DEL_CHEF\soon\index.php --> hs30.ihosting.cl /public_html/soon index.php
2015.12.03 15:50 B G:\CONTENEDOR\sitios\activos\VECINDAD_DEL_CHEF\soon\index.php --> hs30.ihosting.cl /public_html/soon index.php
2015.12.03 15:50 B G:\CONTENEDOR\sitios\activos\VECINDAD_DEL_CHEF\soon\enviar_contacto.php --> hs30.ihosting.cl /public_html/soon enviar_contacto.php
2015.12.31 11:47 B G:\CONTENEDOR\sitios\activos\VECINDAD_DEL_CHEF\soon\WS_FTP.LOG --> riveragestoria.cl /public_html/soon WS_FTP.LOG
2015.12.31 11:47 B G:\CONTENEDOR\sitios\activos\VECINDAD_DEL_CHEF\soon\index.php --> riveragestoria.cl /public_html/soon index.php
2015.12.31 11:47 B G:\CONTENEDOR\sitios\activos\VECINDAD_DEL_CHEF\soon\enviar_contacto.php --> riveragestoria.cl /public_html/soon enviar_contacto.php
2015.12.31 11:47 B G:\CONTENEDOR\sitios\activos\VECINDAD_DEL_CHEF\soon\ok.php --> riveragestoria.cl /public_html/soon ok.php
2015.12.31 11:49 B G:\CONTENEDOR\sitios\activos\RIVERA_GESTORIA\soon\index.php --> riveragestoria.cl /public_html/soon index.php
2015.12.31 11:50 B G:\CONTENEDOR\sitios\activos\RIVERA_GESTORIA\soon\index.php --> riveragestoria.cl /public_html/soon index.php
2015.12.31 11:51 B G:\CONTENEDOR\sitios\activos\RIVERA_GESTORIA\soon\index.php --> riveragestoria.cl /public_html/soon index.php
2015.12.31 12:04 B G:\CONTENEDOR\sitios\activos\RIVERA_GESTORIA\soon\index.php --> riveragestoria.cl /public_html/soon index.php
2015.12.31 12:16 B G:\CONTENEDOR\sitios\activos\RIVERA_GESTORIA\soon\ok.php --> riveragestoria.cl /public_html/soon ok.php
2015.12.31 12:21 B G:\CONTENEDOR\sitios\activos\RIVERA_GESTORIA\soon\index.php --> riveragestoria.cl /public_html/soon index.php
2015.12.31 12:22 B G:\CONTENEDOR\sitios\activos\RIVERA_GESTORIA\soon\index.php --> riveragestoria.cl /public_html/soon index.php
2015.12.31 12:22 B G:\CONTENEDOR\sitios\activos\RIVERA_GESTORIA\soon\index.php --> riveragestoria.cl /public_html/soon index.php
2015.12.31 12:22 B G:\CONTENEDOR\sitios\activos\RIVERA_GESTORIA\soon\index.php --> riveragestoria.cl /public_html/soon index.php
2015.12.31 12:24 B G:\CONTENEDOR\sitios\activos\RIVERA_GESTORIA\soon\component.css <-- RIVERA GESTORIA /public_html/soon/css component.css
2015.12.31 12:25 B G:\CONTENEDOR\sitios\activos\RIVERA_GESTORIA\soon\ok.php --> riveragestoria.cl /public_html/soon ok.php
2015.12.31 12:25 B G:\CONTENEDOR\sitios\activos\RIVERA_GESTORIA\soon\enviar_contacto.php --> riveragestoria.cl /public_html/soon enviar_contacto.php
2015.12.31 12:39 B G:\CONTENEDOR\sitios\activos\RIVERA_GESTORIA\soon\enviar_contacto.php --> riveragestoria.cl /public_html/soon enviar_contacto.php
2016.09.14 21:10 B G:\CONTENEDOR\sitios\activos\AEROEXPRESS\soon\WS_FTP.LOG <-- AEROEXPRESS /public_html/soon WS_FTP.LOG
2017.03.15 14:03 B G:\CONTENEDOR\sitios\activos\AEROEXPRESS\soon\enviar_contacto.php --> hs20.ihosting.cl /public_html/desarrollo/tlc/soon enviar_contacto.php
2017.03.15 14:03 B G:\CONTENEDOR\sitios\activos\AEROEXPRESS\soon\index.php --> hs20.ihosting.cl /public_html/desarrollo/tlc/soon index.php
2017.03.15 14:03 B G:\CONTENEDOR\sitios\activos\AEROEXPRESS\soon\ok.php --> hs20.ihosting.cl /public_html/desarrollo/tlc/soon ok.php
2017.03.15 14:03 B G:\CONTENEDOR\sitios\activos\AEROEXPRESS\soon\WS_FTP.LOG --> hs20.ihosting.cl /public_html/desarrollo/tlc/soon WS_FTP.LOG
2017.03.20 19:27 B G:\CONTENEDOR\sitios\activos\tlc\soon\index.php --> hs20.ihosting.cl /public_html/desarrollo/tlc/soon index.php
2017.03.20 19:31 B G:\CONTENEDOR\sitios\activos\tlc\soon\enviar_contacto.php --> hs20.ihosting.cl /public_html/desarrollo/tlc/soon enviar_contacto.php
2017.03.20 19:31 B G:\CONTENEDOR\sitios\activos\tlc\soon\ok.php --> hs20.ihosting.cl /public_html/desarrollo/tlc/soon ok.php
2017.03.20 19:34 B G:\CONTENEDOR\sitios\activos\tlc\soon\index.php --> hs20.ihosting.cl /public_html/desarrollo/tlc/soon index.php
2017.03.20 19:40 B G:\CONTENEDOR\sitios\activos\tlc\soon\index.php --> hs20.ihosting.cl /public_html/desarrollo/tlc/soon index.php
2017.03.20 22:41 B G:\CONTENEDOR\sitios\activos\tlc\soon\ok.php --> hs20.ihosting.cl /public_html/desarrollo/tlc/soon ok.php
2017.03.20 22:41 B G:\CONTENEDOR\sitios\activos\tlc\soon\index.php --> hs20.ihosting.cl /public_html/desarrollo/tlc/soon index.php
2017.03.20 22:45 B G:\CONTENEDOR\sitios\activos\tlc\soon\ok.php --> hs20.ihosting.cl /public_html/desarrollo/tlc/soon ok.php
2017.03.20 22:45 B G:\CONTENEDOR\sitios\activos\tlc\soon\index.php --> hs20.ihosting.cl /public_html/desarrollo/tlc/soon index.php
2017.04.16 15:16 B G:\CONTENEDOR\sitios\activos\tlc\soon\WS_FTP.LOG --> hs33.ihosting.cl /public_html WS_FTP.LOG
2017.04.16 15:16 B G:\CONTENEDOR\sitios\activos\tlc\soon\ok.php --> hs33.ihosting.cl /public_html ok.php
2017.04.16 15:16 B G:\CONTENEDOR\sitios\activos\tlc\soon\index.php --> hs33.ihosting.cl /public_html index.php
2017.04.16 15:16 B G:\CONTENEDOR\sitios\activos\tlc\soon\enviar_contacto.php --> hs33.ihosting.cl /public_html enviar_contacto.php
2017.05.01 19:24 B G:\CONTENEDOR\sitios\activos\tlc\soon\WS_FTP.LOG --> hs33.ihosting.cl /public_html/soon WS_FTP.LOG
2017.05.01 19:24 B G:\CONTENEDOR\sitios\activos\tlc\soon\ok.php --> hs33.ihosting.cl /public_html/soon ok.php
2017.05.01 19:24 B G:\CONTENEDOR\sitios\activos\tlc\soon\index.php --> hs33.ihosting.cl /public_html/soon index.php
2017.05.01 19:24 B G:\CONTENEDOR\sitios\activos\tlc\soon\enviar_contacto.php --> hs33.ihosting.cl /public_html/soon enviar_contacto.php
