2015.10.14 18:18 B G:\CONTENEDOR\sitios\activos\GARVESHOP\soon\web\js\modernizr.custom.js --> hs12.ihosting.cl /httpdocs/desarrollo/GARVESHOP/soon/web/js modernizr.custom.js
2015.10.14 18:18 B G:\CONTENEDOR\sitios\activos\GARVESHOP\soon\web\js\modalEffects.js --> hs12.ihosting.cl /httpdocs/desarrollo/GARVESHOP/soon/web/js modalEffects.js
2015.10.14 18:18 B G:\CONTENEDOR\sitios\activos\GARVESHOP\soon\web\js\classie.js --> hs12.ihosting.cl /httpdocs/desarrollo/GARVESHOP/soon/web/js classie.js
2015.10.14 18:18 B G:\CONTENEDOR\sitios\activos\GARVESHOP\soon\web\js\init.js --> hs12.ihosting.cl /httpdocs/desarrollo/GARVESHOP/soon/web/js init.js
2015.10.14 18:18 B G:\CONTENEDOR\sitios\activos\GARVESHOP\soon\web\js\countdown.js --> hs12.ihosting.cl /httpdocs/desarrollo/GARVESHOP/soon/web/js countdown.js
2015.10.16 13:23 B G:\CONTENEDOR\sitios\activos\GARVESHOP\soon\web\js\WS_FTP.LOG --> ftp.garveshop.com /public_html/web/js WS_FTP.LOG
2015.10.16 13:23 B G:\CONTENEDOR\sitios\activos\GARVESHOP\soon\web\js\modernizr.custom.js --> ftp.garveshop.com /public_html/web/js modernizr.custom.js
2015.10.16 13:23 B G:\CONTENEDOR\sitios\activos\GARVESHOP\soon\web\js\modalEffects.js --> ftp.garveshop.com /public_html/web/js modalEffects.js
2015.10.16 13:23 B G:\CONTENEDOR\sitios\activos\GARVESHOP\soon\web\js\classie.js --> ftp.garveshop.com /public_html/web/js classie.js
2015.10.16 13:23 B G:\CONTENEDOR\sitios\activos\GARVESHOP\soon\web\js\init.js --> ftp.garveshop.com /public_html/web/js init.js
2015.10.16 13:23 B G:\CONTENEDOR\sitios\activos\GARVESHOP\soon\web\js\countdown.js --> ftp.garveshop.com /public_html/web/js countdown.js
2015.11.19 23:55 B G:\CONTENEDOR\sitios\activos\GARVE_NEW\soon\web\js\WS_FTP.LOG <-- GARVE IIA /public_html/soon/web/js WS_FTP.LOG
2015.11.27 17:44 B G:\CONTENEDOR\sitios\activos\NATHAN2\soon\js\WS_FTP.LOG --> hs12.ihosting.cl /httpdocs/desarrollo/nathan/soon/js WS_FTP.LOG
2015.11.27 17:44 B G:\CONTENEDOR\sitios\activos\NATHAN2\soon\js\modernizr.custom.js --> hs12.ihosting.cl /httpdocs/desarrollo/nathan/soon/js modernizr.custom.js
2015.11.27 17:44 B G:\CONTENEDOR\sitios\activos\NATHAN2\soon\js\modalEffects.js --> hs12.ihosting.cl /httpdocs/desarrollo/nathan/soon/js modalEffects.js
2015.11.27 17:44 B G:\CONTENEDOR\sitios\activos\NATHAN2\soon\js\init.js --> hs12.ihosting.cl /httpdocs/desarrollo/nathan/soon/js init.js
2015.11.27 17:44 B G:\CONTENEDOR\sitios\activos\NATHAN2\soon\js\countdown.js --> hs12.ihosting.cl /httpdocs/desarrollo/nathan/soon/js countdown.js
2015.11.27 17:44 B G:\CONTENEDOR\sitios\activos\NATHAN2\soon\js\classie.js --> hs12.ihosting.cl /httpdocs/desarrollo/nathan/soon/js classie.js
2015.11.27 17:52 B G:\CONTENEDOR\sitios\activos\NATHAN2\soon\js\WS_FTP.LOG --> 190.3.171.23 /public_html/soon/js WS_FTP.LOG
2015.11.27 17:52 B G:\CONTENEDOR\sitios\activos\NATHAN2\soon\js\modernizr.custom.js --> 190.3.171.23 /public_html/soon/js modernizr.custom.js
2015.11.27 17:52 B G:\CONTENEDOR\sitios\activos\NATHAN2\soon\js\modalEffects.js --> 190.3.171.23 /public_html/soon/js modalEffects.js
2015.11.27 17:52 B G:\CONTENEDOR\sitios\activos\NATHAN2\soon\js\init.js --> 190.3.171.23 /public_html/soon/js init.js
2015.11.27 17:52 B G:\CONTENEDOR\sitios\activos\NATHAN2\soon\js\countdown.js --> 190.3.171.23 /public_html/soon/js countdown.js
2015.11.27 17:52 B G:\CONTENEDOR\sitios\activos\NATHAN2\soon\js\classie.js --> 190.3.171.23 /public_html/soon/js classie.js
2015.12.01 17:09 B G:\CONTENEDOR\sitios\activos\NATHAN2\soon\js\WS_FTP.LOG --> hs30.ihosting.cl /public_html/soon/js WS_FTP.LOG
2015.12.01 17:09 B G:\CONTENEDOR\sitios\activos\NATHAN2\soon\js\modernizr.custom.js --> hs30.ihosting.cl /public_html/soon/js modernizr.custom.js
2015.12.01 17:09 B G:\CONTENEDOR\sitios\activos\NATHAN2\soon\js\modalEffects.js --> hs30.ihosting.cl /public_html/soon/js modalEffects.js
2015.12.01 17:09 B G:\CONTENEDOR\sitios\activos\NATHAN2\soon\js\init.js --> hs30.ihosting.cl /public_html/soon/js init.js
2015.12.01 17:09 B G:\CONTENEDOR\sitios\activos\NATHAN2\soon\js\countdown.js --> hs30.ihosting.cl /public_html/soon/js countdown.js
2015.12.01 17:09 B G:\CONTENEDOR\sitios\activos\NATHAN2\soon\js\classie.js --> hs30.ihosting.cl /public_html/soon/js classie.js
2015.12.01 17:15 B G:\CONTENEDOR\sitios\activos\VECINDAD_DEL_CHEF\soon\js\WS_FTP.LOG --> hs12.ihosting.cl /httpdocs/desarrollo/vecindad/soon/js WS_FTP.LOG
2015.12.01 17:15 B G:\CONTENEDOR\sitios\activos\VECINDAD_DEL_CHEF\soon\js\modernizr.custom.js --> hs12.ihosting.cl /httpdocs/desarrollo/vecindad/soon/js modernizr.custom.js
2015.12.01 17:15 B G:\CONTENEDOR\sitios\activos\VECINDAD_DEL_CHEF\soon\js\modalEffects.js --> hs12.ihosting.cl /httpdocs/desarrollo/vecindad/soon/js modalEffects.js
2015.12.01 17:15 B G:\CONTENEDOR\sitios\activos\VECINDAD_DEL_CHEF\soon\js\init.js --> hs12.ihosting.cl /httpdocs/desarrollo/vecindad/soon/js init.js
2015.12.01 17:15 B G:\CONTENEDOR\sitios\activos\VECINDAD_DEL_CHEF\soon\js\countdown.js --> hs12.ihosting.cl /httpdocs/desarrollo/vecindad/soon/js countdown.js
2015.12.01 17:15 B G:\CONTENEDOR\sitios\activos\VECINDAD_DEL_CHEF\soon\js\classie.js --> hs12.ihosting.cl /httpdocs/desarrollo/vecindad/soon/js classie.js
2015.12.31 11:47 B G:\CONTENEDOR\sitios\activos\VECINDAD_DEL_CHEF\soon\js\WS_FTP.LOG --> riveragestoria.cl /public_html/soon/js WS_FTP.LOG
2015.12.31 11:47 B G:\CONTENEDOR\sitios\activos\VECINDAD_DEL_CHEF\soon\js\modernizr.custom.js --> riveragestoria.cl /public_html/soon/js modernizr.custom.js
2015.12.31 11:47 B G:\CONTENEDOR\sitios\activos\VECINDAD_DEL_CHEF\soon\js\modalEffects.js --> riveragestoria.cl /public_html/soon/js modalEffects.js
2015.12.31 11:47 B G:\CONTENEDOR\sitios\activos\VECINDAD_DEL_CHEF\soon\js\init.js --> riveragestoria.cl /public_html/soon/js init.js
2015.12.31 11:47 B G:\CONTENEDOR\sitios\activos\VECINDAD_DEL_CHEF\soon\js\countdown.js --> riveragestoria.cl /public_html/soon/js countdown.js
2015.12.31 11:47 B G:\CONTENEDOR\sitios\activos\VECINDAD_DEL_CHEF\soon\js\classie.js --> riveragestoria.cl /public_html/soon/js classie.js
2016.09.14 21:10 B G:\CONTENEDOR\sitios\activos\AEROEXPRESS\soon\js\WS_FTP.LOG <-- AEROEXPRESS /public_html/soon/js WS_FTP.LOG
2016.09.14 21:10 B G:\CONTENEDOR\sitios\activos\AEROEXPRESS\soon\js\modernizr.custom.js <-- AEROEXPRESS /public_html/soon/js modernizr.custom.js
2016.09.14 21:10 B G:\CONTENEDOR\sitios\activos\AEROEXPRESS\soon\js\modalEffects.js <-- AEROEXPRESS /public_html/soon/js modalEffects.js
2016.09.14 21:10 B G:\CONTENEDOR\sitios\activos\AEROEXPRESS\soon\js\init.js <-- AEROEXPRESS /public_html/soon/js init.js
2016.09.14 21:10 B G:\CONTENEDOR\sitios\activos\AEROEXPRESS\soon\js\countdown.js <-- AEROEXPRESS /public_html/soon/js countdown.js
2016.09.14 21:10 B G:\CONTENEDOR\sitios\activos\AEROEXPRESS\soon\js\classie.js <-- AEROEXPRESS /public_html/soon/js classie.js
2017.03.15 14:03 B G:\CONTENEDOR\sitios\activos\AEROEXPRESS\soon\js\classie.js --> hs20.ihosting.cl /public_html/desarrollo/tlc/soon/js classie.js
2017.03.15 14:03 B G:\CONTENEDOR\sitios\activos\AEROEXPRESS\soon\js\countdown.js --> hs20.ihosting.cl /public_html/desarrollo/tlc/soon/js countdown.js
2017.03.15 14:03 B G:\CONTENEDOR\sitios\activos\AEROEXPRESS\soon\js\init.js --> hs20.ihosting.cl /public_html/desarrollo/tlc/soon/js init.js
2017.03.15 14:03 B G:\CONTENEDOR\sitios\activos\AEROEXPRESS\soon\js\modalEffects.js --> hs20.ihosting.cl /public_html/desarrollo/tlc/soon/js modalEffects.js
2017.03.15 14:03 B G:\CONTENEDOR\sitios\activos\AEROEXPRESS\soon\js\modernizr.custom.js --> hs20.ihosting.cl /public_html/desarrollo/tlc/soon/js modernizr.custom.js
2017.03.15 14:03 B G:\CONTENEDOR\sitios\activos\AEROEXPRESS\soon\js\WS_FTP.LOG --> hs20.ihosting.cl /public_html/desarrollo/tlc/soon/js WS_FTP.LOG
2017.04.16 15:16 B G:\CONTENEDOR\sitios\activos\tlc\soon\js\WS_FTP.LOG --> hs33.ihosting.cl /public_html/js WS_FTP.LOG
2017.04.16 15:16 B G:\CONTENEDOR\sitios\activos\tlc\soon\js\modernizr.custom.js --> hs33.ihosting.cl /public_html/js modernizr.custom.js
2017.04.16 15:16 B G:\CONTENEDOR\sitios\activos\tlc\soon\js\modalEffects.js --> hs33.ihosting.cl /public_html/js modalEffects.js
2017.04.16 15:16 B G:\CONTENEDOR\sitios\activos\tlc\soon\js\init.js --> hs33.ihosting.cl /public_html/js init.js
2017.04.16 15:16 B G:\CONTENEDOR\sitios\activos\tlc\soon\js\countdown.js --> hs33.ihosting.cl /public_html/js countdown.js
2017.04.16 15:16 B G:\CONTENEDOR\sitios\activos\tlc\soon\js\classie.js --> hs33.ihosting.cl /public_html/js classie.js
2017.05.01 19:24 B G:\CONTENEDOR\sitios\activos\tlc\soon\js\WS_FTP.LOG --> hs33.ihosting.cl /public_html/soon/js WS_FTP.LOG
2017.05.01 19:24 B G:\CONTENEDOR\sitios\activos\tlc\soon\js\modernizr.custom.js --> hs33.ihosting.cl /public_html/soon/js modernizr.custom.js
2017.05.01 19:24 B G:\CONTENEDOR\sitios\activos\tlc\soon\js\modalEffects.js --> hs33.ihosting.cl /public_html/soon/js modalEffects.js
2017.05.01 19:24 B G:\CONTENEDOR\sitios\activos\tlc\soon\js\init.js --> hs33.ihosting.cl /public_html/soon/js init.js
2017.05.01 19:24 B G:\CONTENEDOR\sitios\activos\tlc\soon\js\countdown.js --> hs33.ihosting.cl /public_html/soon/js countdown.js
2017.05.01 19:24 B G:\CONTENEDOR\sitios\activos\tlc\soon\js\classie.js --> hs33.ihosting.cl /public_html/soon/js classie.js
