2016.09.14 21:04 B G:\CONTENEDOR\sitios\activos\AEROEXPRESS\webpanel\assets\plugins\jquery-steps-master\lib\modernizr-2.6.2.min.js <-- AEROEXPRESS /public_html/webpanel/assets/plugins/jquery-steps-master/lib modernizr-2.6.2.min.js
2016.09.14 21:04 B G:\CONTENEDOR\sitios\activos\AEROEXPRESS\webpanel\assets\plugins\jquery-steps-master\lib\jquery.cookie-1.3.1.js <-- AEROEXPRESS /public_html/webpanel/assets/plugins/jquery-steps-master/lib jquery.cookie-1.3.1.js
2016.09.14 21:04 B G:\CONTENEDOR\sitios\activos\AEROEXPRESS\webpanel\assets\plugins\jquery-steps-master\lib\jquery-1.9.1.min.js <-- AEROEXPRESS /public_html/webpanel/assets/plugins/jquery-steps-master/lib jquery-1.9.1.min.js
2016.09.14 21:04 B G:\CONTENEDOR\sitios\activos\AEROEXPRESS\webpanel\assets\plugins\jquery-steps-master\lib\jquery-1.8.3.min.js <-- AEROEXPRESS /public_html/webpanel/assets/plugins/jquery-steps-master/lib jquery-1.8.3.min.js
2016.09.14 21:04 B G:\CONTENEDOR\sitios\activos\AEROEXPRESS\webpanel\assets\plugins\jquery-steps-master\lib\jquery-1.7.2.min.js <-- AEROEXPRESS /public_html/webpanel/assets/plugins/jquery-steps-master/lib jquery-1.7.2.min.js
2016.09.14 21:04 B G:\CONTENEDOR\sitios\activos\AEROEXPRESS\webpanel\assets\plugins\jquery-steps-master\lib\jquery-1.6.4.min.js <-- AEROEXPRESS /public_html/webpanel/assets/plugins/jquery-steps-master/lib jquery-1.6.4.min.js
2016.09.14 21:04 B G:\CONTENEDOR\sitios\activos\AEROEXPRESS\webpanel\assets\plugins\jquery-steps-master\lib\jquery-1.5.2.min.js <-- AEROEXPRESS /public_html/webpanel/assets/plugins/jquery-steps-master/lib jquery-1.5.2.min.js
2016.09.14 21:04 B G:\CONTENEDOR\sitios\activos\AEROEXPRESS\webpanel\assets\plugins\jquery-steps-master\lib\jquery-1.4.4.min.js <-- AEROEXPRESS /public_html/webpanel/assets/plugins/jquery-steps-master/lib jquery-1.4.4.min.js
2017.03.15 14:08 B G:\CONTENEDOR\sitios\activos\AEROEXPRESS\webpanel\assets\plugins\jquery-steps-master\lib\jquery-1.4.4.min.js --> hs20.ihosting.cl /public_html/desarrollo/tlc/webpanel/assets/plugins/jquery-steps-master/lib jquery-1.4.4.min.js
2017.03.15 14:08 B G:\CONTENEDOR\sitios\activos\AEROEXPRESS\webpanel\assets\plugins\jquery-steps-master\lib\jquery-1.5.2.min.js --> hs20.ihosting.cl /public_html/desarrollo/tlc/webpanel/assets/plugins/jquery-steps-master/lib jquery-1.5.2.min.js
2017.03.15 14:08 B G:\CONTENEDOR\sitios\activos\AEROEXPRESS\webpanel\assets\plugins\jquery-steps-master\lib\jquery-1.6.4.min.js --> hs20.ihosting.cl /public_html/desarrollo/tlc/webpanel/assets/plugins/jquery-steps-master/lib jquery-1.6.4.min.js
2017.03.15 14:08 B G:\CONTENEDOR\sitios\activos\AEROEXPRESS\webpanel\assets\plugins\jquery-steps-master\lib\jquery-1.7.2.min.js --> hs20.ihosting.cl /public_html/desarrollo/tlc/webpanel/assets/plugins/jquery-steps-master/lib jquery-1.7.2.min.js
2017.03.15 14:08 B G:\CONTENEDOR\sitios\activos\AEROEXPRESS\webpanel\assets\plugins\jquery-steps-master\lib\jquery-1.8.3.min.js --> hs20.ihosting.cl /public_html/desarrollo/tlc/webpanel/assets/plugins/jquery-steps-master/lib jquery-1.8.3.min.js
2017.03.15 14:08 B G:\CONTENEDOR\sitios\activos\AEROEXPRESS\webpanel\assets\plugins\jquery-steps-master\lib\jquery-1.9.1.min.js --> hs20.ihosting.cl /public_html/desarrollo/tlc/webpanel/assets/plugins/jquery-steps-master/lib jquery-1.9.1.min.js
2017.03.15 14:08 B G:\CONTENEDOR\sitios\activos\AEROEXPRESS\webpanel\assets\plugins\jquery-steps-master\lib\jquery.cookie-1.3.1.js --> hs20.ihosting.cl /public_html/desarrollo/tlc/webpanel/assets/plugins/jquery-steps-master/lib jquery.cookie-1.3.1.js
2017.03.15 14:08 B G:\CONTENEDOR\sitios\activos\AEROEXPRESS\webpanel\assets\plugins\jquery-steps-master\lib\modernizr-2.6.2.min.js --> hs20.ihosting.cl /public_html/desarrollo/tlc/webpanel/assets/plugins/jquery-steps-master/lib modernizr-2.6.2.min.js
2017.03.15 14:08 B G:\CONTENEDOR\sitios\activos\AEROEXPRESS\webpanel\assets\plugins\jquery-steps-master\lib\WS_FTP.LOG --> hs20.ihosting.cl /public_html/desarrollo/tlc/webpanel/assets/plugins/jquery-steps-master/lib WS_FTP.LOG
2017.05.01 19:40 B G:\CONTENEDOR\sitios\activos\tlc\webpanel\assets\plugins\jquery-steps-master\lib\WS_FTP.LOG --> hs33.ihosting.cl /public_html/webpanel/assets/plugins/jquery-steps-master/lib WS_FTP.LOG
2017.05.01 19:40 B G:\CONTENEDOR\sitios\activos\tlc\webpanel\assets\plugins\jquery-steps-master\lib\modernizr-2.6.2.min.js --> hs33.ihosting.cl /public_html/webpanel/assets/plugins/jquery-steps-master/lib modernizr-2.6.2.min.js
2017.05.01 19:40 B G:\CONTENEDOR\sitios\activos\tlc\webpanel\assets\plugins\jquery-steps-master\lib\jquery.cookie-1.3.1.js --> hs33.ihosting.cl /public_html/webpanel/assets/plugins/jquery-steps-master/lib jquery.cookie-1.3.1.js
2017.05.01 19:40 B G:\CONTENEDOR\sitios\activos\tlc\webpanel\assets\plugins\jquery-steps-master\lib\jquery-1.9.1.min.js --> hs33.ihosting.cl /public_html/webpanel/assets/plugins/jquery-steps-master/lib jquery-1.9.1.min.js
2017.05.01 19:40 B G:\CONTENEDOR\sitios\activos\tlc\webpanel\assets\plugins\jquery-steps-master\lib\jquery-1.8.3.min.js --> hs33.ihosting.cl /public_html/webpanel/assets/plugins/jquery-steps-master/lib jquery-1.8.3.min.js
2017.05.01 19:40 B G:\CONTENEDOR\sitios\activos\tlc\webpanel\assets\plugins\jquery-steps-master\lib\jquery-1.7.2.min.js --> hs33.ihosting.cl /public_html/webpanel/assets/plugins/jquery-steps-master/lib jquery-1.7.2.min.js
2017.05.01 19:40 B G:\CONTENEDOR\sitios\activos\tlc\webpanel\assets\plugins\jquery-steps-master\lib\jquery-1.6.4.min.js --> hs33.ihosting.cl /public_html/webpanel/assets/plugins/jquery-steps-master/lib jquery-1.6.4.min.js
2017.05.01 19:40 B G:\CONTENEDOR\sitios\activos\tlc\webpanel\assets\plugins\jquery-steps-master\lib\jquery-1.5.2.min.js --> hs33.ihosting.cl /public_html/webpanel/assets/plugins/jquery-steps-master/lib jquery-1.5.2.min.js
2017.05.01 19:40 B G:\CONTENEDOR\sitios\activos\tlc\webpanel\assets\plugins\jquery-steps-master\lib\jquery-1.4.4.min.js --> hs33.ihosting.cl /public_html/webpanel/assets/plugins/jquery-steps-master/lib jquery-1.4.4.min.js
