2016.09.14 21:08 B G:\CONTENEDOR\sitios\activos\AEROEXPRESS\webpanel\assets\js\WizardInit.js <-- AEROEXPRESS /public_html/webpanel/assets/js WizardInit.js
2016.09.14 21:08 B G:\CONTENEDOR\sitios\activos\AEROEXPRESS\webpanel\assets\js\validationInit.js <-- AEROEXPRESS /public_html/webpanel/assets/js validationInit.js
2016.09.14 21:08 B G:\CONTENEDOR\sitios\activos\AEROEXPRESS\webpanel\assets\js\pie_chart.js <-- AEROEXPRESS /public_html/webpanel/assets/js pie_chart.js
2016.09.14 21:08 B G:\CONTENEDOR\sitios\activos\AEROEXPRESS\webpanel\assets\js\notifications.js <-- AEROEXPRESS /public_html/webpanel/assets/js notifications.js
2016.09.14 21:08 B G:\CONTENEDOR\sitios\activos\AEROEXPRESS\webpanel\assets\js\moreNoti.js <-- AEROEXPRESS /public_html/webpanel/assets/js moreNoti.js
2016.09.14 21:08 B G:\CONTENEDOR\sitios\activos\AEROEXPRESS\webpanel\assets\js\mapsInit.js <-- AEROEXPRESS /public_html/webpanel/assets/js mapsInit.js
2016.09.14 21:08 B G:\CONTENEDOR\sitios\activos\AEROEXPRESS\webpanel\assets\js\login.js <-- AEROEXPRESS /public_html/webpanel/assets/js login.js
2016.09.14 21:08 B G:\CONTENEDOR\sitios\activos\AEROEXPRESS\webpanel\assets\js\line_chart.js <-- AEROEXPRESS /public_html/webpanel/assets/js line_chart.js
2016.09.14 21:08 B G:\CONTENEDOR\sitios\activos\AEROEXPRESS\webpanel\assets\js\jquery.knob.js <-- AEROEXPRESS /public_html/webpanel/assets/js jquery.knob.js
2016.09.14 21:08 B G:\CONTENEDOR\sitios\activos\AEROEXPRESS\webpanel\assets\js\jquery-ui.min.js <-- AEROEXPRESS /public_html/webpanel/assets/js jquery-ui.min.js
2016.09.14 21:08 B G:\CONTENEDOR\sitios\activos\AEROEXPRESS\webpanel\assets\js\image_gallery.js <-- AEROEXPRESS /public_html/webpanel/assets/js image_gallery.js
2016.09.14 21:08 B G:\CONTENEDOR\sitios\activos\AEROEXPRESS\webpanel\assets\js\get_slider.js <-- AEROEXPRESS /public_html/webpanel/assets/js get_slider.js
2016.09.14 21:08 B G:\CONTENEDOR\sitios\activos\AEROEXPRESS\webpanel\assets\js\formsInit.js <-- AEROEXPRESS /public_html/webpanel/assets/js formsInit.js
2016.09.14 21:08 B G:\CONTENEDOR\sitios\activos\AEROEXPRESS\webpanel\assets\js\for_index.js <-- AEROEXPRESS /public_html/webpanel/assets/js for_index.js
2016.09.14 21:08 B G:\CONTENEDOR\sitios\activos\AEROEXPRESS\webpanel\assets\js\editorInit.js <-- AEROEXPRESS /public_html/webpanel/assets/js editorInit.js
2016.09.14 21:08 B G:\CONTENEDOR\sitios\activos\AEROEXPRESS\webpanel\assets\js\countdown.js <-- AEROEXPRESS /public_html/webpanel/assets/js countdown.js
2016.09.14 21:08 B G:\CONTENEDOR\sitios\activos\AEROEXPRESS\webpanel\assets\js\calendarInit.js <-- AEROEXPRESS /public_html/webpanel/assets/js calendarInit.js
2016.09.14 21:08 B G:\CONTENEDOR\sitios\activos\AEROEXPRESS\webpanel\assets\js\bar_chart.js <-- AEROEXPRESS /public_html/webpanel/assets/js bar_chart.js
2017.03.15 14:03 B G:\CONTENEDOR\sitios\activos\AEROEXPRESS\webpanel\assets\js\bar_chart.js --> hs20.ihosting.cl /public_html/desarrollo/tlc/webpanel/assets/js bar_chart.js
2017.03.15 14:03 B G:\CONTENEDOR\sitios\activos\AEROEXPRESS\webpanel\assets\js\calendarInit.js --> hs20.ihosting.cl /public_html/desarrollo/tlc/webpanel/assets/js calendarInit.js
2017.03.15 14:03 B G:\CONTENEDOR\sitios\activos\AEROEXPRESS\webpanel\assets\js\countdown.js --> hs20.ihosting.cl /public_html/desarrollo/tlc/webpanel/assets/js countdown.js
2017.03.15 14:03 B G:\CONTENEDOR\sitios\activos\AEROEXPRESS\webpanel\assets\js\editorInit.js --> hs20.ihosting.cl /public_html/desarrollo/tlc/webpanel/assets/js editorInit.js
2017.03.15 14:03 B G:\CONTENEDOR\sitios\activos\AEROEXPRESS\webpanel\assets\js\for_index.js --> hs20.ihosting.cl /public_html/desarrollo/tlc/webpanel/assets/js for_index.js
2017.03.15 14:03 B G:\CONTENEDOR\sitios\activos\AEROEXPRESS\webpanel\assets\js\formsInit.js --> hs20.ihosting.cl /public_html/desarrollo/tlc/webpanel/assets/js formsInit.js
2017.03.15 14:03 B G:\CONTENEDOR\sitios\activos\AEROEXPRESS\webpanel\assets\js\get_slider.js --> hs20.ihosting.cl /public_html/desarrollo/tlc/webpanel/assets/js get_slider.js
2017.03.15 14:03 B G:\CONTENEDOR\sitios\activos\AEROEXPRESS\webpanel\assets\js\image_gallery.js --> hs20.ihosting.cl /public_html/desarrollo/tlc/webpanel/assets/js image_gallery.js
2017.03.15 14:03 B G:\CONTENEDOR\sitios\activos\AEROEXPRESS\webpanel\assets\js\jquery-ui.min.js --> hs20.ihosting.cl /public_html/desarrollo/tlc/webpanel/assets/js jquery-ui.min.js
2017.03.15 14:03 B G:\CONTENEDOR\sitios\activos\AEROEXPRESS\webpanel\assets\js\jquery.knob.js --> hs20.ihosting.cl /public_html/desarrollo/tlc/webpanel/assets/js jquery.knob.js
2017.03.15 14:03 B G:\CONTENEDOR\sitios\activos\AEROEXPRESS\webpanel\assets\js\line_chart.js --> hs20.ihosting.cl /public_html/desarrollo/tlc/webpanel/assets/js line_chart.js
2017.03.15 14:03 B G:\CONTENEDOR\sitios\activos\AEROEXPRESS\webpanel\assets\js\login.js --> hs20.ihosting.cl /public_html/desarrollo/tlc/webpanel/assets/js login.js
2017.03.15 14:03 B G:\CONTENEDOR\sitios\activos\AEROEXPRESS\webpanel\assets\js\mapsInit.js --> hs20.ihosting.cl /public_html/desarrollo/tlc/webpanel/assets/js mapsInit.js
2017.03.15 14:03 B G:\CONTENEDOR\sitios\activos\AEROEXPRESS\webpanel\assets\js\moreNoti.js --> hs20.ihosting.cl /public_html/desarrollo/tlc/webpanel/assets/js moreNoti.js
2017.03.15 14:03 B G:\CONTENEDOR\sitios\activos\AEROEXPRESS\webpanel\assets\js\notifications.js --> hs20.ihosting.cl /public_html/desarrollo/tlc/webpanel/assets/js notifications.js
2017.03.15 14:03 B G:\CONTENEDOR\sitios\activos\AEROEXPRESS\webpanel\assets\js\pie_chart.js --> hs20.ihosting.cl /public_html/desarrollo/tlc/webpanel/assets/js pie_chart.js
2017.03.15 14:03 B G:\CONTENEDOR\sitios\activos\AEROEXPRESS\webpanel\assets\js\validationInit.js --> hs20.ihosting.cl /public_html/desarrollo/tlc/webpanel/assets/js validationInit.js
2017.03.15 14:03 B G:\CONTENEDOR\sitios\activos\AEROEXPRESS\webpanel\assets\js\WizardInit.js --> hs20.ihosting.cl /public_html/desarrollo/tlc/webpanel/assets/js WizardInit.js
2017.03.15 14:03 B G:\CONTENEDOR\sitios\activos\AEROEXPRESS\webpanel\assets\js\WS_FTP.LOG --> hs20.ihosting.cl /public_html/desarrollo/tlc/webpanel/assets/js WS_FTP.LOG
