2016.09.14 21:02 B G:\CONTENEDOR\sitios\activos\AEROEXPRESS\webpanel\assets\plugins\tablesorter\css\theme.less <-- AEROEXPRESS /public_html/webpanel/assets/plugins/tablesorter/css theme.less
2016.09.14 21:02 B G:\CONTENEDOR\sitios\activos\AEROEXPRESS\webpanel\assets\plugins\tablesorter\css\theme.jui.css <-- AEROEXPRESS /public_html/webpanel/assets/plugins/tablesorter/css theme.jui.css
2016.09.14 21:02 B G:\CONTENEDOR\sitios\activos\AEROEXPRESS\webpanel\assets\plugins\tablesorter\css\theme.ice.css <-- AEROEXPRESS /public_html/webpanel/assets/plugins/tablesorter/css theme.ice.css
2016.09.14 21:02 B G:\CONTENEDOR\sitios\activos\AEROEXPRESS\webpanel\assets\plugins\tablesorter\css\theme.grey.css <-- AEROEXPRESS /public_html/webpanel/assets/plugins/tablesorter/css theme.grey.css
2016.09.14 21:02 B G:\CONTENEDOR\sitios\activos\AEROEXPRESS\webpanel\assets\plugins\tablesorter\css\theme.green.css <-- AEROEXPRESS /public_html/webpanel/assets/plugins/tablesorter/css theme.green.css
2016.09.14 21:02 B G:\CONTENEDOR\sitios\activos\AEROEXPRESS\webpanel\assets\plugins\tablesorter\css\theme.dropbox.css <-- AEROEXPRESS /public_html/webpanel/assets/plugins/tablesorter/css theme.dropbox.css
2016.09.14 21:02 B G:\CONTENEDOR\sitios\activos\AEROEXPRESS\webpanel\assets\plugins\tablesorter\css\theme.default.css <-- AEROEXPRESS /public_html/webpanel/assets/plugins/tablesorter/css theme.default.css
2016.09.14 21:02 B G:\CONTENEDOR\sitios\activos\AEROEXPRESS\webpanel\assets\plugins\tablesorter\css\theme.dark.css <-- AEROEXPRESS /public_html/webpanel/assets/plugins/tablesorter/css theme.dark.css
2016.09.14 21:02 B G:\CONTENEDOR\sitios\activos\AEROEXPRESS\webpanel\assets\plugins\tablesorter\css\theme.bootstrap.css <-- AEROEXPRESS /public_html/webpanel/assets/plugins/tablesorter/css theme.bootstrap.css
2016.09.14 21:02 B G:\CONTENEDOR\sitios\activos\AEROEXPRESS\webpanel\assets\plugins\tablesorter\css\theme.blue.css <-- AEROEXPRESS /public_html/webpanel/assets/plugins/tablesorter/css theme.blue.css
2016.09.14 21:02 B G:\CONTENEDOR\sitios\activos\AEROEXPRESS\webpanel\assets\plugins\tablesorter\css\theme.black-ice.css <-- AEROEXPRESS /public_html/webpanel/assets/plugins/tablesorter/css theme.black-ice.css
2016.09.14 21:02 B G:\CONTENEDOR\sitios\activos\AEROEXPRESS\webpanel\assets\plugins\tablesorter\css\filter.formatter.css <-- AEROEXPRESS /public_html/webpanel/assets/plugins/tablesorter/css filter.formatter.css
2017.03.15 14:11 B G:\CONTENEDOR\sitios\activos\AEROEXPRESS\webpanel\assets\plugins\tablesorter\css\filter.formatter.css --> hs20.ihosting.cl /public_html/desarrollo/tlc/webpanel/assets/plugins/tablesorter/css filter.formatter.css
2017.03.15 14:11 B G:\CONTENEDOR\sitios\activos\AEROEXPRESS\webpanel\assets\plugins\tablesorter\css\theme.black-ice.css --> hs20.ihosting.cl /public_html/desarrollo/tlc/webpanel/assets/plugins/tablesorter/css theme.black-ice.css
2017.03.15 14:11 B G:\CONTENEDOR\sitios\activos\AEROEXPRESS\webpanel\assets\plugins\tablesorter\css\theme.blue.css --> hs20.ihosting.cl /public_html/desarrollo/tlc/webpanel/assets/plugins/tablesorter/css theme.blue.css
2017.03.15 14:11 B G:\CONTENEDOR\sitios\activos\AEROEXPRESS\webpanel\assets\plugins\tablesorter\css\theme.bootstrap.css --> hs20.ihosting.cl /public_html/desarrollo/tlc/webpanel/assets/plugins/tablesorter/css theme.bootstrap.css
2017.03.15 14:11 B G:\CONTENEDOR\sitios\activos\AEROEXPRESS\webpanel\assets\plugins\tablesorter\css\theme.dark.css --> hs20.ihosting.cl /public_html/desarrollo/tlc/webpanel/assets/plugins/tablesorter/css theme.dark.css
2017.03.15 14:11 B G:\CONTENEDOR\sitios\activos\AEROEXPRESS\webpanel\assets\plugins\tablesorter\css\theme.default.css --> hs20.ihosting.cl /public_html/desarrollo/tlc/webpanel/assets/plugins/tablesorter/css theme.default.css
2017.03.15 14:11 B G:\CONTENEDOR\sitios\activos\AEROEXPRESS\webpanel\assets\plugins\tablesorter\css\theme.dropbox.css --> hs20.ihosting.cl /public_html/desarrollo/tlc/webpanel/assets/plugins/tablesorter/css theme.dropbox.css
2017.03.15 14:11 B G:\CONTENEDOR\sitios\activos\AEROEXPRESS\webpanel\assets\plugins\tablesorter\css\theme.green.css --> hs20.ihosting.cl /public_html/desarrollo/tlc/webpanel/assets/plugins/tablesorter/css theme.green.css
2017.03.15 14:11 B G:\CONTENEDOR\sitios\activos\AEROEXPRESS\webpanel\assets\plugins\tablesorter\css\theme.grey.css --> hs20.ihosting.cl /public_html/desarrollo/tlc/webpanel/assets/plugins/tablesorter/css theme.grey.css
2017.03.15 14:11 B G:\CONTENEDOR\sitios\activos\AEROEXPRESS\webpanel\assets\plugins\tablesorter\css\theme.ice.css --> hs20.ihosting.cl /public_html/desarrollo/tlc/webpanel/assets/plugins/tablesorter/css theme.ice.css
2017.03.15 14:11 B G:\CONTENEDOR\sitios\activos\AEROEXPRESS\webpanel\assets\plugins\tablesorter\css\theme.jui.css --> hs20.ihosting.cl /public_html/desarrollo/tlc/webpanel/assets/plugins/tablesorter/css theme.jui.css
2017.03.15 14:11 B G:\CONTENEDOR\sitios\activos\AEROEXPRESS\webpanel\assets\plugins\tablesorter\css\theme.less --> hs20.ihosting.cl /public_html/desarrollo/tlc/webpanel/assets/plugins/tablesorter/css theme.less
2017.03.15 14:11 B G:\CONTENEDOR\sitios\activos\AEROEXPRESS\webpanel\assets\plugins\tablesorter\css\WS_FTP.LOG --> hs20.ihosting.cl /public_html/desarrollo/tlc/webpanel/assets/plugins/tablesorter/css WS_FTP.LOG
2017.05.01 19:34 B G:\CONTENEDOR\sitios\activos\tlc\webpanel\assets\plugins\tablesorter\css\WS_FTP.LOG --> hs33.ihosting.cl /public_html/webpanel/assets/plugins/tablesorter/css WS_FTP.LOG
2017.05.01 19:34 B G:\CONTENEDOR\sitios\activos\tlc\webpanel\assets\plugins\tablesorter\css\theme.less --> hs33.ihosting.cl /public_html/webpanel/assets/plugins/tablesorter/css theme.less
2017.05.01 19:34 B G:\CONTENEDOR\sitios\activos\tlc\webpanel\assets\plugins\tablesorter\css\theme.jui.css --> hs33.ihosting.cl /public_html/webpanel/assets/plugins/tablesorter/css theme.jui.css
2017.05.01 19:34 B G:\CONTENEDOR\sitios\activos\tlc\webpanel\assets\plugins\tablesorter\css\theme.ice.css --> hs33.ihosting.cl /public_html/webpanel/assets/plugins/tablesorter/css theme.ice.css
2017.05.01 19:34 B G:\CONTENEDOR\sitios\activos\tlc\webpanel\assets\plugins\tablesorter\css\theme.grey.css --> hs33.ihosting.cl /public_html/webpanel/assets/plugins/tablesorter/css theme.grey.css
2017.05.01 19:34 B G:\CONTENEDOR\sitios\activos\tlc\webpanel\assets\plugins\tablesorter\css\theme.green.css --> hs33.ihosting.cl /public_html/webpanel/assets/plugins/tablesorter/css theme.green.css
2017.05.01 19:34 B G:\CONTENEDOR\sitios\activos\tlc\webpanel\assets\plugins\tablesorter\css\theme.dropbox.css --> hs33.ihosting.cl /public_html/webpanel/assets/plugins/tablesorter/css theme.dropbox.css
2017.05.01 19:34 B G:\CONTENEDOR\sitios\activos\tlc\webpanel\assets\plugins\tablesorter\css\theme.default.css --> hs33.ihosting.cl /public_html/webpanel/assets/plugins/tablesorter/css theme.default.css
2017.05.01 19:34 B G:\CONTENEDOR\sitios\activos\tlc\webpanel\assets\plugins\tablesorter\css\theme.dark.css --> hs33.ihosting.cl /public_html/webpanel/assets/plugins/tablesorter/css theme.dark.css
2017.05.01 19:34 B G:\CONTENEDOR\sitios\activos\tlc\webpanel\assets\plugins\tablesorter\css\theme.bootstrap.css --> hs33.ihosting.cl /public_html/webpanel/assets/plugins/tablesorter/css theme.bootstrap.css
2017.05.01 19:34 B G:\CONTENEDOR\sitios\activos\tlc\webpanel\assets\plugins\tablesorter\css\theme.blue.css --> hs33.ihosting.cl /public_html/webpanel/assets/plugins/tablesorter/css theme.blue.css
2017.05.01 19:34 B G:\CONTENEDOR\sitios\activos\tlc\webpanel\assets\plugins\tablesorter\css\theme.black-ice.css --> hs33.ihosting.cl /public_html/webpanel/assets/plugins/tablesorter/css theme.black-ice.css
2017.05.01 19:34 B G:\CONTENEDOR\sitios\activos\tlc\webpanel\assets\plugins\tablesorter\css\filter.formatter.css --> hs33.ihosting.cl /public_html/webpanel/assets/plugins/tablesorter/css filter.formatter.css
