2019.04.15 11:41 B C:\Users\Pimentón\Desktop\ISABEL\sitios\tlc_courier_2019\include_instagram.php <-- TLC Courier /public_html/2019 include_instagram.php
2019.04.15 11:41 B C:\Users\Pimentón\Desktop\ISABEL\sitios\tlc_courier_2019\index.php <-- TLC Courier /public_html/2019 index.php
2019.04.15 11:41 B C:\Users\Pimentón\Desktop\ISABEL\sitios\tlc_courier_2019\include_registro_portada.php <-- TLC Courier /public_html/2019 include_registro_portada.php
2019.04.15 11:41 B C:\Users\Pimentón\Desktop\ISABEL\sitios\tlc_courier_2019\include_header.php <-- TLC Courier /public_html/2019 include_header.php
2019.04.15 11:41 B C:\Users\Pimentón\Desktop\ISABEL\sitios\tlc_courier_2019\include_lo_compramos.php <-- TLC Courier /public_html/2019 include_lo_compramos.php
2019.04.15 11:41 B C:\Users\Pimentón\Desktop\ISABEL\sitios\tlc_courier_2019\include_head.php <-- TLC Courier /public_html/2019 include_head.php
2019.04.15 11:41 B C:\Users\Pimentón\Desktop\ISABEL\sitios\tlc_courier_2019\include_footer.php <-- TLC Courier /public_html/2019 include_footer.php
2019.04.15 11:41 B C:\Users\Pimentón\Desktop\ISABEL\sitios\tlc_courier_2019\include_envios_int.php <-- TLC Courier /public_html/2019 include_envios_int.php
2019.04.15 11:41 B C:\Users\Pimentón\Desktop\ISABEL\sitios\tlc_courier_2019\include_crea_casilla_portada.php <-- TLC Courier /public_html/2019 include_crea_casilla_portada.php
2019.04.15 11:41 B C:\Users\Pimentón\Desktop\ISABEL\sitios\tlc_courier_2019\include_banner.php <-- TLC Courier /public_html/2019 include_banner.php
2019.04.15 11:41 B C:\Users\Pimentón\Desktop\ISABEL\sitios\tlc_courier_2019\include_4_pasos.php <-- TLC Courier /public_html/2019 include_4_pasos.php
2019.04.15 11:41 B C:\Users\Pimentón\Desktop\ISABEL\sitios\tlc_courier_2019\frame_sup.php <-- TLC Courier /public_html/2019 frame_sup.php
2019.04.15 11:41 B C:\Users\Pimentón\Desktop\ISABEL\sitios\tlc_courier_2019\error_log <-- TLC Courier /public_html/2019 error_log
2019.04.15 11:41 B C:\Users\Pimentón\Desktop\ISABEL\sitios\tlc_courier_2019\welcome.html <-- TLC Courier /public_html/2019 welcome.html
2019.04.15 11:41 B C:\Users\Pimentón\Desktop\ISABEL\sitios\tlc_courier_2019\teaser-circles.html <-- TLC Courier /public_html/2019 teaser-circles.html
2019.04.15 11:41 B C:\Users\Pimentón\Desktop\ISABEL\sitios\tlc_courier_2019\teaser-background.html <-- TLC Courier /public_html/2019 teaser-background.html
2019.04.15 11:41 B C:\Users\Pimentón\Desktop\ISABEL\sitios\tlc_courier_2019\send_mail.php <-- TLC Courier /public_html/2019 send_mail.php
2019.04.15 11:41 B C:\Users\Pimentón\Desktop\ISABEL\sitios\tlc_courier_2019\page-404.html <-- TLC Courier /public_html/2019 page-404.html
2019.04.15 11:41 B C:\Users\Pimentón\Desktop\ISABEL\sitios\tlc_courier_2019\index.html <-- TLC Courier /public_html/2019 index.html
2019.04.15 11:41 B C:\Users\Pimentón\Desktop\ISABEL\sitios\tlc_courier_2019\index-3.html <-- TLC Courier /public_html/2019 index-3.html
2019.04.15 11:41 B C:\Users\Pimentón\Desktop\ISABEL\sitios\tlc_courier_2019\include_tiendas_portada.php <-- TLC Courier /public_html/2019 include_tiendas_portada.php
2019.04.15 11:41 B C:\Users\Pimentón\Desktop\ISABEL\sitios\tlc_courier_2019\include_contacto.php <-- TLC Courier /public_html/2019 include_contacto.php
2019.04.15 11:41 B C:\Users\Pimentón\Desktop\ISABEL\sitios\tlc_courier_2019\include_como_comprar_usa_portada.php <-- TLC Courier /public_html/2019 include_como_comprar_usa_portada.php
2019.04.15 11:41 B C:\Users\Pimentón\Desktop\ISABEL\sitios\tlc_courier_2019\import.php <-- TLC Courier /public_html/2019 import.php
2019.04.15 11:41 B C:\Users\Pimentón\Desktop\ISABEL\sitios\tlc_courier_2019\gallery.html <-- TLC Courier /public_html/2019 gallery.html
2019.04.15 11:41 B C:\Users\Pimentón\Desktop\ISABEL\sitios\tlc_courier_2019\gallery-2.html <-- TLC Courier /public_html/2019 gallery-2.html
2019.04.15 11:41 B C:\Users\Pimentón\Desktop\ISABEL\sitios\tlc_courier_2019\el.html <-- TLC Courier /public_html/2019 el.html
2019.04.15 11:41 B C:\Users\Pimentón\Desktop\ISABEL\sitios\tlc_courier_2019\blog.html <-- TLC Courier /public_html/2019 blog.html
2019.04.15 11:41 B C:\Users\Pimentón\Desktop\ISABEL\sitios\tlc_courier_2019\blog-detail.html <-- TLC Courier /public_html/2019 blog-detail.html
2019.04.15 11:41 B C:\Users\Pimentón\Desktop\ISABEL\sitios\tlc_courier_2019\blog-detail-2.html <-- TLC Courier /public_html/2019 blog-detail-2.html
2019.04.15 11:41 B C:\Users\Pimentón\Desktop\ISABEL\sitios\tlc_courier_2019\blog-3.html <-- TLC Courier /public_html/2019 blog-3.html
2019.04.15 11:41 B C:\Users\Pimentón\Desktop\ISABEL\sitios\tlc_courier_2019\blog-2.html <-- TLC Courier /public_html/2019 blog-2.html
2019.04.18 00:45 B C:\Users\Pimentón\Desktop\ISABEL\sitios\activos\tlc_courier_2019\tiendas.php --> hs33.ihosting.cl /public_html/2019 tiendas.php
2019.04.18 00:45 B C:\Users\Pimentón\Desktop\ISABEL\sitios\activos\tlc_courier_2019\include_header_int.php --> hs33.ihosting.cl /public_html/2019 include_header_int.php
2019.04.18 00:45 B C:\Users\Pimentón\Desktop\ISABEL\sitios\activos\tlc_courier_2019\include_tiendas.php --> hs33.ihosting.cl /public_html/2019 include_tiendas.php
2019.04.18 00:45 B C:\Users\Pimentón\Desktop\ISABEL\sitios\activos\tlc_courier_2019\include_header.php --> hs33.ihosting.cl /public_html/2019 include_header.php
2019.04.18 00:45 B C:\Users\Pimentón\Desktop\ISABEL\sitios\activos\tlc_courier_2019\include_menu.php --> hs33.ihosting.cl /public_html/2019 include_menu.php
2019.04.18 00:46 B C:\Users\Pimentón\Desktop\ISABEL\sitios\activos\tlc_courier_2019\tiendas.php --> hs33.ihosting.cl /public_html/2019 tiendas.php
2019.04.18 00:47 B C:\Users\Pimentón\Desktop\ISABEL\sitios\activos\tlc_courier_2019\tiendas.php --> hs33.ihosting.cl /public_html/2019 tiendas.php
2019.04.18 00:48 B C:\Users\Pimentón\Desktop\ISABEL\sitios\activos\tlc_courier_2019\include_tiendas.php --> hs33.ihosting.cl /public_html/2019 include_tiendas.php
2019.04.18 00:48 B C:\Users\Pimentón\Desktop\ISABEL\sitios\activos\tlc_courier_2019\include_tiendas.php --> hs33.ihosting.cl /public_html/2019 include_tiendas.php
2019.04.18 00:50 B C:\Users\Pimentón\Desktop\ISABEL\sitios\activos\tlc_courier_2019\include_tiendas.php --> hs33.ihosting.cl /public_html/2019 include_tiendas.php
2019.04.18 00:50 B C:\Users\Pimentón\Desktop\ISABEL\sitios\activos\tlc_courier_2019\tiendas.php --> hs33.ihosting.cl /public_html/2019 tiendas.php
2019.04.18 00:52 B C:\Users\Pimentón\Desktop\ISABEL\sitios\activos\tlc_courier_2019\include_tiendas.php --> hs33.ihosting.cl /public_html/2019 include_tiendas.php
2019.04.18 00:53 B C:\Users\Pimentón\Desktop\ISABEL\sitios\activos\tlc_courier_2019\include_tiendas.php --> hs33.ihosting.cl /public_html/2019 include_tiendas.php
2019.04.18 00:54 B C:\Users\Pimentón\Desktop\ISABEL\sitios\activos\tlc_courier_2019\include_tiendas.php --> hs33.ihosting.cl /public_html/2019 include_tiendas.php
2019.04.18 00:55 B C:\Users\Pimentón\Desktop\ISABEL\sitios\activos\tlc_courier_2019\include_tiendas.php --> hs33.ihosting.cl /public_html/2019 include_tiendas.php
2019.04.18 00:56 B C:\Users\Pimentón\Desktop\ISABEL\sitios\activos\tlc_courier_2019\include_tiendas.php --> hs33.ihosting.cl /public_html/2019 include_tiendas.php
2019.04.18 00:57 B C:\Users\Pimentón\Desktop\ISABEL\sitios\activos\tlc_courier_2019\include_tiendas.php --> hs33.ihosting.cl /public_html/2019 include_tiendas.php
2019.04.18 00:58 B C:\Users\Pimentón\Desktop\ISABEL\sitios\activos\tlc_courier_2019\include_tiendas.php --> hs33.ihosting.cl /public_html/2019 include_tiendas.php
2019.04.18 01:00 B C:\Users\Pimentón\Desktop\ISABEL\sitios\activos\tlc_courier_2019\include_tiendas.php --> hs33.ihosting.cl /public_html/2019 include_tiendas.php
2019.04.18 01:00 B C:\Users\Pimentón\Desktop\ISABEL\sitios\activos\tlc_courier_2019\include_tiendas.php --> hs33.ihosting.cl /public_html/2019 include_tiendas.php
2019.04.18 01:11 B C:\Users\Pimentón\Desktop\ISABEL\sitios\activos\tlc_courier_2019\include_tiendas.php --> hs33.ihosting.cl /public_html/2019 include_tiendas.php
2019.04.18 01:20 B C:\Users\Pimentón\Desktop\ISABEL\sitios\activos\tlc_courier_2019\include_tiendas.php --> hs33.ihosting.cl /public_html/2019 include_tiendas.php
2019.04.18 01:21 B C:\Users\Pimentón\Desktop\ISABEL\sitios\activos\tlc_courier_2019\include_tiendas.php --> hs33.ihosting.cl /public_html/2019 include_tiendas.php
2019.04.18 01:24 B C:\Users\Pimentón\Desktop\ISABEL\sitios\activos\tlc_courier_2019\include_tiendas_portada.php --> hs33.ihosting.cl /public_html/2019 include_tiendas_portada.php
2019.04.18 01:25 B C:\Users\Pimentón\Desktop\ISABEL\sitios\activos\tlc_courier_2019\include_tiendas_portada.php --> hs33.ihosting.cl /public_html/2019 include_tiendas_portada.php
2019.04.18 01:25 B C:\Users\Pimentón\Desktop\ISABEL\sitios\activos\tlc_courier_2019\include_tiendas_portada.php --> hs33.ihosting.cl /public_html/2019 include_tiendas_portada.php
2019.04.18 01:26 B C:\Users\Pimentón\Desktop\ISABEL\sitios\activos\tlc_courier_2019\include_tiendas_portada.php --> hs33.ihosting.cl /public_html/2019 include_tiendas_portada.php
2019.04.18 01:28 B C:\Users\Pimentón\Desktop\ISABEL\sitios\activos\tlc_courier_2019\include_menu.php --> hs33.ihosting.cl /public_html/2019 include_menu.php
2019.04.18 01:29 B C:\Users\Pimentón\Desktop\ISABEL\sitios\activos\tlc_courier_2019\include_menu.php --> hs33.ihosting.cl /public_html/2019 include_menu.php
2019.04.18 15:58 B C:\Users\Pimentón\Desktop\ISABEL\sitios\activos\tlc_courier_2019\include_contacto.php --> hs33.ihosting.cl /public_html/2019 include_contacto.php
2019.04.18 15:59 B C:\Users\Pimentón\Desktop\ISABEL\sitios\activos\tlc_courier_2019\include_contacto.php --> hs33.ihosting.cl /public_html/2019 include_contacto.php
2019.04.18 16:16 B C:\Users\Pimentón\Desktop\ISABEL\sitios\activos\tlc_courier_2019\include_reg_personas.php --> hs33.ihosting.cl /public_html/2019 include_reg_personas.php
2019.04.18 16:16 B C:\Users\Pimentón\Desktop\ISABEL\sitios\activos\tlc_courier_2019\reg_persona.php --> hs33.ihosting.cl /public_html/2019 reg_persona.php
2019.04.18 16:20 B C:\Users\Pimentón\Desktop\ISABEL\sitios\activos\tlc_courier_2019\registro.php --> hs33.ihosting.cl /public_html/2019 registro.php
2019.04.18 16:21 B C:\Users\Pimentón\Desktop\ISABEL\sitios\activos\tlc_courier_2019\include_registro_portada.php --> hs33.ihosting.cl /public_html/2019 include_registro_portada.php
2019.04.18 16:21 B C:\Users\Pimentón\Desktop\ISABEL\sitios\activos\tlc_courier_2019\registro.php --> hs33.ihosting.cl /public_html/2019 registro.php
2019.04.18 16:22 B C:\Users\Pimentón\Desktop\ISABEL\sitios\activos\tlc_courier_2019\include_menu.php --> hs33.ihosting.cl /public_html/2019 include_menu.php
2019.04.18 16:23 B C:\Users\Pimentón\Desktop\ISABEL\sitios\activos\tlc_courier_2019\reg_persona.php --> hs33.ihosting.cl /public_html/2019 reg_persona.php
2019.04.18 16:25 B C:\Users\Pimentón\Desktop\ISABEL\sitios\activos\tlc_courier_2019\include_reg_personas.php --> hs33.ihosting.cl /public_html/2019 include_reg_personas.php
2019.04.18 22:23 B C:\Users\Pimentón\Desktop\ISABEL\sitios\activos\tlc_courier_2019\include_reg_personas.php --> hs33.ihosting.cl /public_html/2019 include_reg_personas.php
2019.04.18 22:25 B C:\Users\Pimentón\Desktop\ISABEL\sitios\activos\tlc_courier_2019\include_reg_personas.php --> hs33.ihosting.cl /public_html/2019 include_reg_personas.php
2019.04.18 22:29 B C:\Users\Pimentón\Desktop\ISABEL\sitios\activos\tlc_courier_2019\registro.php --> hs33.ihosting.cl /public_html/inicio registro.php
2019.04.18 22:30 B C:\Users\Pimentón\Desktop\ISABEL\sitios\activos\tlc_courier_2019\registro.php --> hs33.ihosting.cl /public_html/2019 registro.php
2019.04.18 22:43 B C:\Users\Pimentón\Desktop\ISABEL\sitios\activos\tlc_courier_2019\include_reg_personas.php --> hs33.ihosting.cl /public_html/2019 include_reg_personas.php
2019.04.18 22:44 B C:\Users\Pimentón\Desktop\ISABEL\sitios\activos\tlc_courier_2019\include_reg_personas.php --> hs33.ihosting.cl /public_html/2019 include_reg_personas.php
2019.04.18 22:45 B C:\Users\Pimentón\Desktop\ISABEL\sitios\activos\tlc_courier_2019\include_reg_personas.php --> hs33.ihosting.cl /public_html/2019 include_reg_personas.php
2019.04.18 22:47 B C:\Users\Pimentón\Desktop\ISABEL\sitios\activos\tlc_courier_2019\include_reg_personas.php --> hs33.ihosting.cl /public_html/2019 include_reg_personas.php
2019.04.18 22:50 B C:\Users\Pimentón\Desktop\ISABEL\sitios\activos\tlc_courier_2019\include_reg_personas.php --> hs33.ihosting.cl /public_html/2019 include_reg_personas.php
2019.04.18 22:55 B C:\Users\Pimentón\Desktop\ISABEL\sitios\activos\tlc_courier_2019\include_reg_personas.php --> hs33.ihosting.cl /public_html/2019 include_reg_personas.php
2019.04.18 22:59 B C:\Users\Pimentón\Desktop\ISABEL\sitios\activos\tlc_courier_2019\include_reg_personas.php --> hs33.ihosting.cl /public_html/2019 include_reg_personas.php
2019.04.18 23:00 B C:\Users\Pimentón\Desktop\ISABEL\sitios\activos\tlc_courier_2019\include_reg_personas.php --> hs33.ihosting.cl /public_html/2019 include_reg_personas.php
2019.04.18 23:01 B C:\Users\Pimentón\Desktop\ISABEL\sitios\activos\tlc_courier_2019\include_reg_personas.php --> hs33.ihosting.cl /public_html/2019 include_reg_personas.php
2019.04.18 23:02 B C:\Users\Pimentón\Desktop\ISABEL\sitios\activos\tlc_courier_2019\include_reg_personas.php --> hs33.ihosting.cl /public_html/2019 include_reg_personas.php
2019.04.18 23:03 B C:\Users\Pimentón\Desktop\ISABEL\sitios\activos\tlc_courier_2019\include_reg_personas.php --> hs33.ihosting.cl /public_html/2019 include_reg_personas.php
2019.04.18 23:04 B C:\Users\Pimentón\Desktop\ISABEL\sitios\activos\tlc_courier_2019\include_reg_personas.php --> hs33.ihosting.cl /public_html/2019 include_reg_personas.php
2019.04.18 23:05 B C:\Users\Pimentón\Desktop\ISABEL\sitios\activos\tlc_courier_2019\include_reg_personas.php --> hs33.ihosting.cl /public_html/2019 include_reg_personas.php
2019.04.18 23:06 B C:\Users\Pimentón\Desktop\ISABEL\sitios\activos\tlc_courier_2019\include_reg_personas.php --> hs33.ihosting.cl /public_html/2019 include_reg_personas.php
2019.04.18 23:06 B C:\Users\Pimentón\Desktop\ISABEL\sitios\activos\tlc_courier_2019\include_reg_personas.php --> hs33.ihosting.cl /public_html/2019 include_reg_personas.php
2019.04.18 23:07 B C:\Users\Pimentón\Desktop\ISABEL\sitios\activos\tlc_courier_2019\include_reg_personas.php --> hs33.ihosting.cl /public_html/2019 include_reg_personas.php
2019.04.18 23:07 B C:\Users\Pimentón\Desktop\ISABEL\sitios\activos\tlc_courier_2019\include_reg_personas.php --> hs33.ihosting.cl /public_html/2019 include_reg_personas.php
2019.04.18 23:07 B C:\Users\Pimentón\Desktop\ISABEL\sitios\activos\tlc_courier_2019\include_reg_personas.php --> hs33.ihosting.cl /public_html/2019 include_reg_personas.php
2019.04.18 23:08 B C:\Users\Pimentón\Desktop\ISABEL\sitios\activos\tlc_courier_2019\include_reg_personas.php --> hs33.ihosting.cl /public_html/2019 include_reg_personas.php
2019.04.18 23:08 B C:\Users\Pimentón\Desktop\ISABEL\sitios\activos\tlc_courier_2019\include_reg_personas.php --> hs33.ihosting.cl /public_html/2019 include_reg_personas.php
2019.04.18 23:09 B C:\Users\Pimentón\Desktop\ISABEL\sitios\activos\tlc_courier_2019\include_reg_personas.php --> hs33.ihosting.cl /public_html/2019 include_reg_personas.php
2019.04.18 23:09 B C:\Users\Pimentón\Desktop\ISABEL\sitios\activos\tlc_courier_2019\include_reg_personas.php --> hs33.ihosting.cl /public_html/2019 include_reg_personas.php
2019.04.18 23:10 B C:\Users\Pimentón\Desktop\ISABEL\sitios\activos\tlc_courier_2019\include_reg_personas.php --> hs33.ihosting.cl /public_html/2019 include_reg_personas.php
2019.04.18 23:10 B C:\Users\Pimentón\Desktop\ISABEL\sitios\activos\tlc_courier_2019\include_reg_personas.php --> hs33.ihosting.cl /public_html/2019 include_reg_personas.php
2019.04.18 23:16 B C:\Users\Pimentón\Desktop\ISABEL\sitios\activos\tlc_courier_2019\include_reg_personas.php --> hs33.ihosting.cl /public_html/2019 include_reg_personas.php
2019.04.18 23:18 B C:\Users\Pimentón\Desktop\ISABEL\sitios\activos\tlc_courier_2019\include_reg_personas.php --> hs33.ihosting.cl /public_html/2019 include_reg_personas.php
2019.04.18 23:21 B C:\Users\Pimentón\Desktop\ISABEL\sitios\activos\tlc_courier_2019\include_reg_personas.php --> hs33.ihosting.cl /public_html/2019 include_reg_personas.php
2019.04.18 23:25 B C:\Users\Pimentón\Desktop\ISABEL\sitios\activos\tlc_courier_2019\include_reg_personas.php --> hs33.ihosting.cl /public_html/2019 include_reg_personas.php
2019.04.18 23:32 B C:\Users\Pimentón\Desktop\ISABEL\sitios\activos\tlc_courier_2019\include_reg_personas.php --> hs33.ihosting.cl /public_html/2019 include_reg_personas.php
2019.04.18 23:32 B C:\Users\Pimentón\Desktop\ISABEL\sitios\activos\tlc_courier_2019\include_reg_personas.php --> hs33.ihosting.cl /public_html/2019 include_reg_personas.php
2019.04.18 23:37 B C:\Users\Pimentón\Desktop\ISABEL\sitios\activos\tlc_courier_2019\include_reg_personas.php --> hs33.ihosting.cl /public_html/2019 include_reg_personas.php
2019.04.18 23:44 B C:\Users\Pimentón\Desktop\ISABEL\sitios\activos\tlc_courier_2019\include_reg_personas.php --> hs33.ihosting.cl /public_html/2019 include_reg_personas.php
2019.04.18 23:45 B C:\Users\Pimentón\Desktop\ISABEL\sitios\activos\tlc_courier_2019\include_reg_personas.php --> hs33.ihosting.cl /public_html/2019 include_reg_personas.php
2019.04.18 23:46 B C:\Users\Pimentón\Desktop\ISABEL\sitios\activos\tlc_courier_2019\include_reg_personas.php --> hs33.ihosting.cl /public_html/2019 include_reg_personas.php
2019.04.18 23:46 B C:\Users\Pimentón\Desktop\ISABEL\sitios\activos\tlc_courier_2019\include_reg_personas.php --> hs33.ihosting.cl /public_html/2019 include_reg_personas.php
2019.04.18 23:47 B C:\Users\Pimentón\Desktop\ISABEL\sitios\activos\tlc_courier_2019\include_reg_personas.php --> hs33.ihosting.cl /public_html/2019 include_reg_personas.php
2019.04.18 23:48 B C:\Users\Pimentón\Desktop\ISABEL\sitios\activos\tlc_courier_2019\include_reg_personas.php --> hs33.ihosting.cl /public_html/2019 include_reg_personas.php
2019.04.18 23:49 B C:\Users\Pimentón\Desktop\ISABEL\sitios\activos\tlc_courier_2019\include_reg_personas.php --> hs33.ihosting.cl /public_html/2019 include_reg_personas.php
2019.04.18 23:52 B C:\Users\Pimentón\Desktop\ISABEL\sitios\activos\tlc_courier_2019\include_reg_personas.php --> hs33.ihosting.cl /public_html/2019 include_reg_personas.php
2019.04.18 23:54 B C:\Users\Pimentón\Desktop\ISABEL\sitios\activos\tlc_courier_2019\include_reg_personas.php --> hs33.ihosting.cl /public_html/2019 include_reg_personas.php
2019.04.19 00:01 B C:\Users\Pimentón\Desktop\ISABEL\sitios\activos\tlc_courier_2019\enviar.php --> hs33.ihosting.cl /public_html/2019 enviar.php
2019.04.19 00:58 B C:\Users\Pimentón\Desktop\ISABEL\sitios\activos\tlc_courier_2019\enviar.php --> hs33.ihosting.cl /public_html/2019 enviar.php
2019.04.24 16:47 B D:\CONTENEDOR\sitios\activos\TLC_COURIER\tlc_courier_2019\include_reg_personas.php --> hs33.ihosting.cl /public_html/2019 include_reg_personas.php
2019.04.24 16:47 B D:\CONTENEDOR\sitios\activos\TLC_COURIER\tlc_courier_2019\reg_empresa.php --> hs33.ihosting.cl /public_html/2019 reg_empresa.php
2019.04.24 16:47 B D:\CONTENEDOR\sitios\activos\TLC_COURIER\tlc_courier_2019\include_reg_personas.php --> hs33.ihosting.cl /public_html/2019 include_reg_personas.php
2019.04.24 16:47 B D:\CONTENEDOR\sitios\activos\TLC_COURIER\tlc_courier_2019\include_reg_empresas.php --> hs33.ihosting.cl /public_html/2019 include_reg_empresas.php
2019.04.24 16:56 B D:\CONTENEDOR\sitios\activos\TLC_COURIER\tlc_courier_2019\include_reg_empresas.php --> hs33.ihosting.cl /public_html/2019 include_reg_empresas.php
2019.04.24 17:29 B D:\CONTENEDOR\sitios\activos\TLC_COURIER\tlc_courier_2019\include_reg_empresas.php --> hs33.ihosting.cl /public_html/2019 include_reg_empresas.php
2019.04.24 17:36 B D:\CONTENEDOR\sitios\activos\TLC_COURIER\tlc_courier_2019\include_registro_portada.php --> hs33.ihosting.cl /public_html/2019 include_registro_portada.php
2019.04.24 18:09 B D:\CONTENEDOR\sitios\activos\TLC_COURIER\tlc_courier_2019\include_lo_compramos_int.php --> hs33.ihosting.cl /public_html/2019 include_lo_compramos_int.php
2019.04.24 18:09 B D:\CONTENEDOR\sitios\activos\TLC_COURIER\tlc_courier_2019\include_lo_compramos_int.php --> hs33.ihosting.cl /public_html/2019 include_lo_compramos_int.php
2019.04.24 18:09 B D:\CONTENEDOR\sitios\activos\TLC_COURIER\tlc_courier_2019\lo_compramos.php --> hs33.ihosting.cl /public_html/2019 lo_compramos.php
2019.04.24 18:11 B D:\CONTENEDOR\sitios\activos\TLC_COURIER\tlc_courier_2019\lo_compramos.php --> hs33.ihosting.cl /public_html/2019 lo_compramos.php
2019.04.24 18:12 B D:\CONTENEDOR\sitios\activos\TLC_COURIER\tlc_courier_2019\lo_compramos.php --> hs33.ihosting.cl /public_html/2019 lo_compramos.php
2019.04.24 18:13 B D:\CONTENEDOR\sitios\activos\TLC_COURIER\tlc_courier_2019\include_lo_compramos_int.php --> hs33.ihosting.cl /public_html/2019 include_lo_compramos_int.php
2019.04.24 18:15 B D:\CONTENEDOR\sitios\activos\TLC_COURIER\tlc_courier_2019\lo_compramos.php --> hs33.ihosting.cl /public_html/2019 lo_compramos.php
2019.04.24 18:16 B D:\CONTENEDOR\sitios\activos\TLC_COURIER\tlc_courier_2019\include_lo_compramos_int.php --> hs33.ihosting.cl /public_html/2019 include_lo_compramos_int.php
2019.04.24 18:16 B D:\CONTENEDOR\sitios\activos\TLC_COURIER\tlc_courier_2019\lo_compramos.php --> hs33.ihosting.cl /public_html/2019 lo_compramos.php
2019.04.24 18:17 B D:\CONTENEDOR\sitios\activos\TLC_COURIER\tlc_courier_2019\include_lo_compramos_int.php --> hs33.ihosting.cl /public_html/2019 include_lo_compramos_int.php
2019.04.24 18:18 B D:\CONTENEDOR\sitios\activos\TLC_COURIER\tlc_courier_2019\include_lo_compramos_int.php --> hs33.ihosting.cl /public_html/2019 include_lo_compramos_int.php
2019.04.24 18:19 B D:\CONTENEDOR\sitios\activos\TLC_COURIER\tlc_courier_2019\include_lo_compramos_int.php --> hs33.ihosting.cl /public_html/2019 include_lo_compramos_int.php
2019.04.24 18:19 B D:\CONTENEDOR\sitios\activos\TLC_COURIER\tlc_courier_2019\include_lo_compramos_int.php --> hs33.ihosting.cl /public_html/2019 include_lo_compramos_int.php
2019.04.24 18:20 B D:\CONTENEDOR\sitios\activos\TLC_COURIER\tlc_courier_2019\include_lo_compramos_int.php --> hs33.ihosting.cl /public_html/2019 include_lo_compramos_int.php
2019.04.24 18:21 B D:\CONTENEDOR\sitios\activos\TLC_COURIER\tlc_courier_2019\include_lo_compramos_int.php --> hs33.ihosting.cl /public_html/2019 include_lo_compramos_int.php
2019.04.24 18:22 B D:\CONTENEDOR\sitios\activos\TLC_COURIER\tlc_courier_2019\include_lo_compramos_int.php --> hs33.ihosting.cl /public_html/2019 include_lo_compramos_int.php
2019.04.24 18:23 B D:\CONTENEDOR\sitios\activos\TLC_COURIER\tlc_courier_2019\include_lo_compramos_int.php --> hs33.ihosting.cl /public_html/2019 include_lo_compramos_int.php
2019.04.24 18:24 B D:\CONTENEDOR\sitios\activos\TLC_COURIER\tlc_courier_2019\include_lo_compramos_int.php --> hs33.ihosting.cl /public_html/2019 include_lo_compramos_int.php
2019.04.24 18:25 B D:\CONTENEDOR\sitios\activos\TLC_COURIER\tlc_courier_2019\include_lo_compramos_int.php --> hs33.ihosting.cl /public_html/2019 include_lo_compramos_int.php
2019.04.24 18:25 B D:\CONTENEDOR\sitios\activos\TLC_COURIER\tlc_courier_2019\include_lo_compramos_int.php --> hs33.ihosting.cl /public_html/2019 include_lo_compramos_int.php
2019.04.24 18:26 B D:\CONTENEDOR\sitios\activos\TLC_COURIER\tlc_courier_2019\include_lo_compramos_int.php --> hs33.ihosting.cl /public_html/2019 include_lo_compramos_int.php
2019.04.24 18:27 B D:\CONTENEDOR\sitios\activos\TLC_COURIER\tlc_courier_2019\include_lo_compramos_int.php --> hs33.ihosting.cl /public_html/2019 include_lo_compramos_int.php
2019.04.24 18:27 B D:\CONTENEDOR\sitios\activos\TLC_COURIER\tlc_courier_2019\include_lo_compramos_int.php --> hs33.ihosting.cl /public_html/2019 include_lo_compramos_int.php
2019.04.24 18:28 B D:\CONTENEDOR\sitios\activos\TLC_COURIER\tlc_courier_2019\include_lo_compramos_int.php --> hs33.ihosting.cl /public_html/2019 include_lo_compramos_int.php
2019.04.24 18:36 B D:\CONTENEDOR\sitios\activos\TLC_COURIER\tlc_courier_2019\include_lo_compramos_int.php --> hs33.ihosting.cl /public_html/2019 include_lo_compramos_int.php
2019.04.24 18:37 B D:\CONTENEDOR\sitios\activos\TLC_COURIER\tlc_courier_2019\include_lo_compramos_int.php --> hs33.ihosting.cl /public_html/2019 include_lo_compramos_int.php
2019.04.24 18:38 B D:\CONTENEDOR\sitios\activos\TLC_COURIER\tlc_courier_2019\include_lo_compramos_int.php --> hs33.ihosting.cl /public_html/2019 include_lo_compramos_int.php
2019.04.24 18:41 B D:\CONTENEDOR\sitios\activos\TLC_COURIER\tlc_courier_2019\include_lo_compramos_int.php --> hs33.ihosting.cl /public_html/2019 include_lo_compramos_int.php
2019.04.24 18:41 B D:\CONTENEDOR\sitios\activos\TLC_COURIER\tlc_courier_2019\include_lo_compramos_int.php --> hs33.ihosting.cl /public_html/2019 include_lo_compramos_int.php
2019.04.24 21:26 B D:\CONTENEDOR\sitios\activos\TLC_COURIER\tlc_courier_2019\include_sigue_encargo_int.php --> hs33.ihosting.cl /public_html/2019 include_sigue_encargo_int.php
2019.04.24 21:26 B D:\CONTENEDOR\sitios\activos\TLC_COURIER\tlc_courier_2019\sigue_encargo.php --> hs33.ihosting.cl /public_html/2019 sigue_encargo.php
2019.04.24 21:35 B D:\CONTENEDOR\sitios\activos\TLC_COURIER\tlc_courier_2019\include_menu.php --> hs33.ihosting.cl /public_html/2019 include_menu.php
2019.04.24 21:39 B D:\CONTENEDOR\sitios\activos\TLC_COURIER\tlc_courier_2019\include_menu.php --> hs33.ihosting.cl /public_html/2019 include_menu.php
2019.04.24 21:42 B D:\CONTENEDOR\sitios\activos\TLC_COURIER\tlc_courier_2019\include_sigue_encargo_int.php --> hs33.ihosting.cl /public_html/2019 include_sigue_encargo_int.php
2019.04.24 21:44 B D:\CONTENEDOR\sitios\activos\TLC_COURIER\tlc_courier_2019\include_sigue_encargo_int.php --> hs33.ihosting.cl /public_html/2019 include_sigue_encargo_int.php
2019.04.24 21:48 B D:\CONTENEDOR\sitios\activos\TLC_COURIER\tlc_courier_2019\include_sigue_encargo_int.php --> hs33.ihosting.cl /public_html/2019 include_sigue_encargo_int.php
2019.04.24 21:49 B D:\CONTENEDOR\sitios\activos\TLC_COURIER\tlc_courier_2019\include_sigue_encargo_int.php --> hs33.ihosting.cl /public_html/2019 include_sigue_encargo_int.php
2019.04.24 21:55 B D:\CONTENEDOR\sitios\activos\TLC_COURIER\tlc_courier_2019\include_sigue_encargo_int.php --> hs33.ihosting.cl /public_html/2019 include_sigue_encargo_int.php
2019.04.24 21:56 B D:\CONTENEDOR\sitios\activos\TLC_COURIER\tlc_courier_2019\include_sigue_encargo_int.php --> hs33.ihosting.cl /public_html/2019 include_sigue_encargo_int.php
2019.04.24 21:58 B D:\CONTENEDOR\sitios\activos\TLC_COURIER\tlc_courier_2019\include_sigue_encargo_int.php --> hs33.ihosting.cl /public_html/2019 include_sigue_encargo_int.php
2019.04.24 21:59 B D:\CONTENEDOR\sitios\activos\TLC_COURIER\tlc_courier_2019\include_sigue_encargo_int.php --> hs33.ihosting.cl /public_html/2019 include_sigue_encargo_int.php
2019.04.24 21:59 B D:\CONTENEDOR\sitios\activos\TLC_COURIER\tlc_courier_2019\include_sigue_encargo_int.php --> hs33.ihosting.cl /public_html/2019 include_sigue_encargo_int.php
2019.04.24 22:00 B D:\CONTENEDOR\sitios\activos\TLC_COURIER\tlc_courier_2019\include_sigue_encargo_int.php --> hs33.ihosting.cl /public_html/2019 include_sigue_encargo_int.php
2019.04.24 22:21 B D:\CONTENEDOR\sitios\activos\TLC_COURIER\tlc_courier_2019\include_enviamos_inter.php --> hs33.ihosting.cl /public_html/2019 include_enviamos_inter.php
2019.04.24 22:21 B D:\CONTENEDOR\sitios\activos\TLC_COURIER\tlc_courier_2019\envios.php --> hs33.ihosting.cl /public_html/2019 envios.php
2019.04.24 22:26 B D:\CONTENEDOR\sitios\activos\TLC_COURIER\tlc_courier_2019\include_enviamos_inter.php --> hs33.ihosting.cl /public_html/2019 include_enviamos_inter.php
2019.04.24 22:44 B D:\CONTENEDOR\sitios\activos\TLC_COURIER\tlc_courier_2019\include_enviamos_inter.php --> hs33.ihosting.cl /public_html/2019 include_enviamos_inter.php
2019.04.24 22:45 B D:\CONTENEDOR\sitios\activos\TLC_COURIER\tlc_courier_2019\include_enviamos_inter.php --> hs33.ihosting.cl /public_html/2019 include_enviamos_inter.php
2019.04.24 22:52 B D:\CONTENEDOR\sitios\activos\TLC_COURIER\tlc_courier_2019\include_enviamos_inter.php --> hs33.ihosting.cl /public_html/2019 include_enviamos_inter.php
2019.04.24 22:53 B D:\CONTENEDOR\sitios\activos\TLC_COURIER\tlc_courier_2019\include_enviamos_inter.php --> hs33.ihosting.cl /public_html/2019 include_enviamos_inter.php
2019.04.24 22:54 B D:\CONTENEDOR\sitios\activos\TLC_COURIER\tlc_courier_2019\include_enviamos_inter.php --> hs33.ihosting.cl /public_html/2019 include_enviamos_inter.php
2019.04.24 22:54 B D:\CONTENEDOR\sitios\activos\TLC_COURIER\tlc_courier_2019\include_enviamos_inter.php --> hs33.ihosting.cl /public_html/2019 include_enviamos_inter.php
2019.04.24 22:55 B D:\CONTENEDOR\sitios\activos\TLC_COURIER\tlc_courier_2019\include_enviamos_inter.php --> hs33.ihosting.cl /public_html/2019 include_enviamos_inter.php
2019.04.24 22:56 B D:\CONTENEDOR\sitios\activos\TLC_COURIER\tlc_courier_2019\include_enviamos_inter.php --> hs33.ihosting.cl /public_html/2019 include_enviamos_inter.php
2019.04.24 22:57 B D:\CONTENEDOR\sitios\activos\TLC_COURIER\tlc_courier_2019\include_enviamos_inter.php --> hs33.ihosting.cl /public_html/2019 include_enviamos_inter.php
2019.04.24 22:58 B D:\CONTENEDOR\sitios\activos\TLC_COURIER\tlc_courier_2019\include_enviamos_inter.php --> hs33.ihosting.cl /public_html/2019 include_enviamos_inter.php
2019.04.24 22:59 B D:\CONTENEDOR\sitios\activos\TLC_COURIER\tlc_courier_2019\include_enviamos_inter.php --> hs33.ihosting.cl /public_html/2019 include_enviamos_inter.php
2019.04.24 23:00 B D:\CONTENEDOR\sitios\activos\TLC_COURIER\tlc_courier_2019\include_enviamos_inter.php --> hs33.ihosting.cl /public_html/2019 include_enviamos_inter.php
2019.04.24 23:04 B D:\CONTENEDOR\sitios\activos\TLC_COURIER\tlc_courier_2019\include_enviamos_inter.php --> hs33.ihosting.cl /public_html/2019 include_enviamos_inter.php
2019.04.24 23:06 B D:\CONTENEDOR\sitios\activos\TLC_COURIER\tlc_courier_2019\include_enviamos_inter.php --> hs33.ihosting.cl /public_html/2019 include_enviamos_inter.php
2019.04.24 23:07 B D:\CONTENEDOR\sitios\activos\TLC_COURIER\tlc_courier_2019\include_enviamos_inter.php --> hs33.ihosting.cl /public_html/2019 include_enviamos_inter.php
2019.04.24 23:08 B D:\CONTENEDOR\sitios\activos\TLC_COURIER\tlc_courier_2019\include_enviamos_inter.php --> hs33.ihosting.cl /public_html/2019 include_enviamos_inter.php
2019.04.24 23:09 B D:\CONTENEDOR\sitios\activos\TLC_COURIER\tlc_courier_2019\include_enviamos_inter.php --> hs33.ihosting.cl /public_html/2019 include_enviamos_inter.php
2019.04.24 23:09 B D:\CONTENEDOR\sitios\activos\TLC_COURIER\tlc_courier_2019\include_enviamos_inter.php --> hs33.ihosting.cl /public_html/2019 include_enviamos_inter.php
2019.04.24 23:11 B D:\CONTENEDOR\sitios\activos\TLC_COURIER\tlc_courier_2019\include_enviamos_inter.php --> hs33.ihosting.cl /public_html/2019 include_enviamos_inter.php
2019.04.24 23:12 B D:\CONTENEDOR\sitios\activos\TLC_COURIER\tlc_courier_2019\include_enviamos_inter.php --> hs33.ihosting.cl /public_html/2019 include_enviamos_inter.php
2019.04.24 23:22 B D:\CONTENEDOR\sitios\activos\TLC_COURIER\tlc_courier_2019\include_enviamos_inter.php --> hs33.ihosting.cl /public_html/2019 include_enviamos_inter.php
2019.04.24 23:43 B D:\CONTENEDOR\sitios\activos\TLC_COURIER\tlc_courier_2019\include_sigue_envio.php --> hs33.ihosting.cl /public_html/2019 include_sigue_envio.php
2019.04.24 23:43 B D:\CONTENEDOR\sitios\activos\TLC_COURIER\tlc_courier_2019\sigue_envio.php --> hs33.ihosting.cl /public_html/2019 sigue_envio.php
2019.04.25 00:48 B D:\CONTENEDOR\sitios\activos\TLC_COURIER\tlc_courier_2019\include_como_comprar_usa_portada.php --> hs33.ihosting.cl /public_html/2019 include_como_comprar_usa_portada.php
2019.04.25 00:48 B D:\CONTENEDOR\sitios\activos\TLC_COURIER\tlc_courier_2019\include_banner.php --> hs33.ihosting.cl /public_html/2019 include_banner.php
2019.04.25 00:48 B D:\CONTENEDOR\sitios\activos\TLC_COURIER\tlc_courier_2019\include_lo_compramos.php --> hs33.ihosting.cl /public_html/2019 include_lo_compramos.php
2019.04.25 00:48 B D:\CONTENEDOR\sitios\activos\TLC_COURIER\tlc_courier_2019\include_envios_int.php --> hs33.ihosting.cl /public_html/2019 include_envios_int.php
2019.04.25 00:51 B D:\CONTENEDOR\sitios\activos\TLC_COURIER\tlc_courier_2019\include_crea_casilla_portada.php --> hs33.ihosting.cl /public_html/2019 include_crea_casilla_portada.php
2019.04.25 00:53 B D:\CONTENEDOR\sitios\activos\TLC_COURIER\tlc_courier_2019\include_lo_compramos_int.php --> hs33.ihosting.cl /public_html/2019 include_lo_compramos_int.php
2019.04.25 00:55 B D:\CONTENEDOR\sitios\activos\TLC_COURIER\tlc_courier_2019\include_lo_compramos.php --> hs33.ihosting.cl /public_html/2019 include_lo_compramos.php
2019.04.25 00:57 B D:\CONTENEDOR\sitios\activos\TLC_COURIER\tlc_courier_2019\include_menu.php --> hs33.ihosting.cl /public_html/2019 include_menu.php
2019.05.05 15:39 B D:\CONTENEDOR\sitios\activos\TLC_COURIER\tlc_courier_2019\contacto.php --> hs33.ihosting.cl /public_html/2019 contacto.php
2019.05.05 15:39 B D:\CONTENEDOR\sitios\activos\TLC_COURIER\tlc_courier_2019\include_lo_compramos_int.php --> hs33.ihosting.cl /public_html/2019 include_lo_compramos_int.php
2019.05.05 15:42 B D:\CONTENEDOR\sitios\activos\TLC_COURIER\tlc_courier_2019\include_lo_compramos_int.php --> hs33.ihosting.cl /public_html/2019 include_lo_compramos_int.php
2019.05.05 15:43 B D:\CONTENEDOR\sitios\activos\TLC_COURIER\tlc_courier_2019\contacto.php --> hs33.ihosting.cl /public_html/2019 contacto.php
2019.05.05 15:43 B D:\CONTENEDOR\sitios\activos\TLC_COURIER\tlc_courier_2019\include_contacto.php --> hs33.ihosting.cl /public_html/2019 include_contacto.php
2019.05.05 15:44 B D:\CONTENEDOR\sitios\activos\TLC_COURIER\tlc_courier_2019\include_contacto.php --> hs33.ihosting.cl /public_html/2019 include_contacto.php
2019.05.05 15:45 B D:\CONTENEDOR\sitios\activos\TLC_COURIER\tlc_courier_2019\include_contacto.php --> hs33.ihosting.cl /public_html/2019 include_contacto.php
2019.05.05 15:53 B D:\CONTENEDOR\sitios\activos\TLC_COURIER\tlc_courier_2019\include_tarifas.php --> hs33.ihosting.cl /public_html/2019 include_tarifas.php
2019.05.05 15:53 B D:\CONTENEDOR\sitios\activos\TLC_COURIER\tlc_courier_2019\tarifas.php --> hs33.ihosting.cl /public_html/2019 tarifas.php
2019.05.05 15:53 B D:\CONTENEDOR\sitios\activos\TLC_COURIER\tlc_courier_2019\include_tarifas.php --> hs33.ihosting.cl /public_html/2019 include_tarifas.php
2019.05.05 15:55 B D:\CONTENEDOR\sitios\activos\TLC_COURIER\tlc_courier_2019\include_tarifas.php --> hs33.ihosting.cl /public_html/2019 include_tarifas.php
2019.05.05 15:56 B D:\CONTENEDOR\sitios\activos\TLC_COURIER\tlc_courier_2019\include_tarifas.php --> hs33.ihosting.cl /public_html/2019 include_tarifas.php
2019.05.05 15:57 B D:\CONTENEDOR\sitios\activos\TLC_COURIER\tlc_courier_2019\include_tarifas.php --> hs33.ihosting.cl /public_html/2019 include_tarifas.php
2019.05.05 16:44 B D:\CONTENEDOR\sitios\activos\TLC_COURIER\tlc_courier_2019\include_tarifas.php --> hs33.ihosting.cl /public_html/2019 include_tarifas.php
2019.05.05 16:45 B D:\CONTENEDOR\sitios\activos\TLC_COURIER\tlc_courier_2019\include_tarifas.php --> hs33.ihosting.cl /public_html/2019 include_tarifas.php
2019.05.05 16:52 B D:\CONTENEDOR\sitios\activos\TLC_COURIER\tlc_courier_2019\include_tarifas.php --> hs33.ihosting.cl /public_html/2019 include_tarifas.php
2019.05.05 16:53 B D:\CONTENEDOR\sitios\activos\TLC_COURIER\tlc_courier_2019\include_tarifas.php --> hs33.ihosting.cl /public_html/2019 include_tarifas.php
2019.05.05 16:55 B D:\CONTENEDOR\sitios\activos\TLC_COURIER\tlc_courier_2019\include_tarifas.php --> hs33.ihosting.cl /public_html/2019 include_tarifas.php
2019.05.05 16:56 B D:\CONTENEDOR\sitios\activos\TLC_COURIER\tlc_courier_2019\include_tarifas.php --> hs33.ihosting.cl /public_html/2019 include_tarifas.php
2019.05.05 17:16 B D:\CONTENEDOR\sitios\activos\TLC_COURIER\tlc_courier_2019\include_tarifas.php --> hs33.ihosting.cl /public_html/2019 include_tarifas.php
2019.05.05 17:16 B D:\CONTENEDOR\sitios\activos\TLC_COURIER\tlc_courier_2019\include_tarifas.php --> hs33.ihosting.cl /public_html/2019 include_tarifas.php
2019.05.05 17:20 B D:\CONTENEDOR\sitios\activos\TLC_COURIER\tlc_courier_2019\include_tarifas.php --> hs33.ihosting.cl /public_html/2019 include_tarifas.php
2019.05.05 17:22 B D:\CONTENEDOR\sitios\activos\TLC_COURIER\tlc_courier_2019\include_tarifas.php --> hs33.ihosting.cl /public_html/2019 include_tarifas.php
2019.05.05 17:27 B D:\CONTENEDOR\sitios\activos\TLC_COURIER\tlc_courier_2019\include_tarifas.php --> hs33.ihosting.cl /public_html/2019 include_tarifas.php
2019.05.05 17:29 B D:\CONTENEDOR\sitios\activos\TLC_COURIER\tlc_courier_2019\include_tarifas.php --> hs33.ihosting.cl /public_html/2019 include_tarifas.php
2019.05.05 17:32 B D:\CONTENEDOR\sitios\activos\TLC_COURIER\tlc_courier_2019\tarifas.php --> hs33.ihosting.cl /public_html/2019 tarifas.php
2019.05.05 17:32 B D:\CONTENEDOR\sitios\activos\TLC_COURIER\tlc_courier_2019\include_tarifas_wide.php --> hs33.ihosting.cl /public_html/2019 include_tarifas_wide.php
2019.05.05 17:34 B D:\CONTENEDOR\sitios\activos\TLC_COURIER\tlc_courier_2019\include_tarifas_wide.php --> hs33.ihosting.cl /public_html/2019 include_tarifas_wide.php
2019.05.05 17:35 B D:\CONTENEDOR\sitios\activos\TLC_COURIER\tlc_courier_2019\include_tarifas_wide.php --> hs33.ihosting.cl /public_html/2019 include_tarifas_wide.php
2019.05.05 17:35 B D:\CONTENEDOR\sitios\activos\TLC_COURIER\tlc_courier_2019\include_tarifas_wide.php --> hs33.ihosting.cl /public_html/2019 include_tarifas_wide.php
2019.05.05 17:35 B D:\CONTENEDOR\sitios\activos\TLC_COURIER\tlc_courier_2019\include_tarifas_wide.php --> hs33.ihosting.cl /public_html/2019 include_tarifas_wide.php
2019.05.05 17:36 B D:\CONTENEDOR\sitios\activos\TLC_COURIER\tlc_courier_2019\include_tarifas_wide.php --> hs33.ihosting.cl /public_html/2019 include_tarifas_wide.php
2019.05.05 17:37 B D:\CONTENEDOR\sitios\activos\TLC_COURIER\tlc_courier_2019\include_tarifas_wide.php --> hs33.ihosting.cl /public_html/2019 include_tarifas_wide.php
2019.05.05 17:39 B D:\CONTENEDOR\sitios\activos\TLC_COURIER\tlc_courier_2019\include_tarifas_wide.php --> hs33.ihosting.cl /public_html/2019 include_tarifas_wide.php
2019.05.05 17:39 B D:\CONTENEDOR\sitios\activos\TLC_COURIER\tlc_courier_2019\include_tarifas.php --> hs33.ihosting.cl /public_html/2019 include_tarifas.php
2019.05.05 17:40 B D:\CONTENEDOR\sitios\activos\TLC_COURIER\tlc_courier_2019\include_tarifas.php --> hs33.ihosting.cl /public_html/2019 include_tarifas.php
2019.05.05 17:40 B D:\CONTENEDOR\sitios\activos\TLC_COURIER\tlc_courier_2019\tarifas.php --> hs33.ihosting.cl /public_html/2019 tarifas.php
2019.05.05 17:40 B D:\CONTENEDOR\sitios\activos\TLC_COURIER\tlc_courier_2019\include_tarifas.php --> hs33.ihosting.cl /public_html/2019 include_tarifas.php
2019.05.05 17:42 B D:\CONTENEDOR\sitios\activos\TLC_COURIER\tlc_courier_2019\include_tarifas.php --> hs33.ihosting.cl /public_html/2019 include_tarifas.php
2019.05.05 17:43 B D:\CONTENEDOR\sitios\activos\TLC_COURIER\tlc_courier_2019\include_tarifas.php --> hs33.ihosting.cl /public_html/2019 include_tarifas.php
2019.05.05 17:43 B D:\CONTENEDOR\sitios\activos\TLC_COURIER\tlc_courier_2019\include_tarifas.php --> hs33.ihosting.cl /public_html/2019 include_tarifas.php
2019.05.05 17:50 B D:\CONTENEDOR\sitios\activos\TLC_COURIER\tlc_courier_2019\include_tarifas.php --> hs33.ihosting.cl /public_html/2019 include_tarifas.php
2019.05.05 17:51 B D:\CONTENEDOR\sitios\activos\TLC_COURIER\tlc_courier_2019\include_tarifas.php --> hs33.ihosting.cl /public_html/2019 include_tarifas.php
2019.05.05 17:52 B D:\CONTENEDOR\sitios\activos\TLC_COURIER\tlc_courier_2019\WS_FTP.LOG --> hs33.ihosting.cl /public_html/2019 WS_FTP.LOG
2019.05.05 17:52 B D:\CONTENEDOR\sitios\activos\TLC_COURIER\tlc_courier_2019\include_tarifas.php --> hs33.ihosting.cl /public_html/2019 include_tarifas.php
2019.05.05 17:55 B D:\CONTENEDOR\sitios\activos\TLC_COURIER\tlc_courier_2019\include_tarifas.php --> hs33.ihosting.cl /public_html/2019 include_tarifas.php
2019.05.05 17:55 B D:\CONTENEDOR\sitios\activos\TLC_COURIER\tlc_courier_2019\include_tarifas.php --> hs33.ihosting.cl /public_html/2019 include_tarifas.php
2019.05.05 17:56 B D:\CONTENEDOR\sitios\activos\TLC_COURIER\tlc_courier_2019\include_tarifas.php --> hs33.ihosting.cl /public_html/2019 include_tarifas.php
2019.05.05 17:59 B D:\CONTENEDOR\sitios\activos\TLC_COURIER\tlc_courier_2019\include_tarifas.php --> hs33.ihosting.cl /public_html/2019 include_tarifas.php
2019.05.05 18:00 B D:\CONTENEDOR\sitios\activos\TLC_COURIER\tlc_courier_2019\include_tarifas.php --> hs33.ihosting.cl /public_html/2019 include_tarifas.php
2019.05.05 18:01 B D:\CONTENEDOR\sitios\activos\TLC_COURIER\tlc_courier_2019\include_tarifas.php --> hs33.ihosting.cl /public_html/2019 include_tarifas.php
2019.05.05 18:01 B D:\CONTENEDOR\sitios\activos\TLC_COURIER\tlc_courier_2019\include_tarifas.php --> hs33.ihosting.cl /public_html/2019 include_tarifas.php
2019.05.05 18:02 B D:\CONTENEDOR\sitios\activos\TLC_COURIER\tlc_courier_2019\include_tarifas.php --> hs33.ihosting.cl /public_html/2019 include_tarifas.php
2019.05.05 18:03 B D:\CONTENEDOR\sitios\activos\TLC_COURIER\tlc_courier_2019\include_tarifas.php --> hs33.ihosting.cl /public_html/2019 include_tarifas.php
2019.05.05 18:06 B D:\CONTENEDOR\sitios\activos\TLC_COURIER\tlc_courier_2019\include_tarifas.php --> hs33.ihosting.cl /public_html/2019 include_tarifas.php
2019.05.05 18:07 B D:\CONTENEDOR\sitios\activos\TLC_COURIER\tlc_courier_2019\include_menu.php --> hs33.ihosting.cl /public_html/2019 include_menu.php
2019.05.05 18:13 B D:\CONTENEDOR\sitios\activos\TLC_COURIER\tlc_courier_2019\include_normas.php --> hs33.ihosting.cl /public_html/2019 include_normas.php
2019.05.05 18:13 B D:\CONTENEDOR\sitios\activos\TLC_COURIER\tlc_courier_2019\normas.php --> hs33.ihosting.cl /public_html/2019 normas.php
2019.05.05 18:14 B D:\CONTENEDOR\sitios\activos\TLC_COURIER\tlc_courier_2019\include_menu.php --> hs33.ihosting.cl /public_html/2019 include_menu.php
2019.05.05 18:14 B D:\CONTENEDOR\sitios\activos\TLC_COURIER\tlc_courier_2019\include_normas.php --> hs33.ihosting.cl /public_html/2019 include_normas.php
2019.05.05 18:14 B D:\CONTENEDOR\sitios\activos\TLC_COURIER\tlc_courier_2019\normas.php --> hs33.ihosting.cl /public_html/2019 normas.php
2019.05.05 18:16 B D:\CONTENEDOR\sitios\activos\TLC_COURIER\tlc_courier_2019\include_normas.php --> hs33.ihosting.cl /public_html/2019 include_normas.php
2019.05.05 18:16 B D:\CONTENEDOR\sitios\activos\TLC_COURIER\tlc_courier_2019\normas.php --> hs33.ihosting.cl /public_html/2019 normas.php
2019.05.05 18:17 B D:\CONTENEDOR\sitios\activos\TLC_COURIER\tlc_courier_2019\normas.php --> hs33.ihosting.cl /public_html/2019 normas.php
2019.05.05 18:17 B D:\CONTENEDOR\sitios\activos\TLC_COURIER\tlc_courier_2019\include_normas.php --> hs33.ihosting.cl /public_html/2019 include_normas.php
2019.05.05 18:19 B D:\CONTENEDOR\sitios\activos\TLC_COURIER\tlc_courier_2019\include_normas.php --> hs33.ihosting.cl /public_html/2019 include_normas.php
2019.05.05 18:19 B D:\CONTENEDOR\sitios\activos\TLC_COURIER\tlc_courier_2019\include_normas.php --> hs33.ihosting.cl /public_html/2019 include_normas.php
2019.05.05 18:20 B D:\CONTENEDOR\sitios\activos\TLC_COURIER\tlc_courier_2019\include_normas.php --> hs33.ihosting.cl /public_html/2019 include_normas.php
2019.05.05 18:20 B D:\CONTENEDOR\sitios\activos\TLC_COURIER\tlc_courier_2019\include_normas.php --> hs33.ihosting.cl /public_html/2019 include_normas.php
2019.05.05 18:21 B D:\CONTENEDOR\sitios\activos\TLC_COURIER\tlc_courier_2019\include_normas.php --> hs33.ihosting.cl /public_html/2019 include_normas.php
2019.05.05 18:23 B D:\CONTENEDOR\sitios\activos\TLC_COURIER\tlc_courier_2019\include_normas.php --> hs33.ihosting.cl /public_html/2019 include_normas.php
2019.05.05 18:24 B D:\CONTENEDOR\sitios\activos\TLC_COURIER\tlc_courier_2019\include_normas.php --> hs33.ihosting.cl /public_html/2019 include_normas.php
2019.05.05 18:25 B D:\CONTENEDOR\sitios\activos\TLC_COURIER\tlc_courier_2019\include_normas.php --> hs33.ihosting.cl /public_html/2019 include_normas.php
2019.05.05 18:25 B D:\CONTENEDOR\sitios\activos\TLC_COURIER\tlc_courier_2019\include_normas.php --> hs33.ihosting.cl /public_html/2019 include_normas.php
2019.05.05 18:26 B D:\CONTENEDOR\sitios\activos\TLC_COURIER\tlc_courier_2019\include_normas.php --> hs33.ihosting.cl /public_html/2019 include_normas.php
2019.05.05 18:26 B D:\CONTENEDOR\sitios\activos\TLC_COURIER\tlc_courier_2019\include_normas.php --> hs33.ihosting.cl /public_html/2019 include_normas.php
2019.05.05 18:36 B D:\CONTENEDOR\sitios\activos\TLC_COURIER\tlc_courier_2019\include_normas.php --> hs33.ihosting.cl /public_html/2019 include_normas.php
2019.05.05 18:36 B D:\CONTENEDOR\sitios\activos\TLC_COURIER\tlc_courier_2019\include_tarifas.php --> hs33.ihosting.cl /public_html/2019 include_tarifas.php
2019.05.05 20:39 B D:\CONTENEDOR\sitios\activos\TLC_COURIER\tlc_courier_2019\include_calculadora.php --> hs33.ihosting.cl /public_html/2019 include_calculadora.php
2019.05.05 20:39 B D:\CONTENEDOR\sitios\activos\TLC_COURIER\tlc_courier_2019\calculadora.php --> hs33.ihosting.cl /public_html/2019 calculadora.php
2019.05.05 20:41 B D:\CONTENEDOR\sitios\activos\TLC_COURIER\tlc_courier_2019\include_calculadora.php --> hs33.ihosting.cl /public_html/2019 include_calculadora.php
2019.05.05 20:41 B D:\CONTENEDOR\sitios\activos\TLC_COURIER\tlc_courier_2019\calculadora.php --> hs33.ihosting.cl /public_html/2019 calculadora.php
2019.05.05 20:43 B D:\CONTENEDOR\sitios\activos\TLC_COURIER\tlc_courier_2019\include_calculadora.php --> hs33.ihosting.cl /public_html/2019 include_calculadora.php
2019.05.05 20:48 B D:\CONTENEDOR\sitios\activos\TLC_COURIER\tlc_courier_2019\calculadora.php --> hs33.ihosting.cl /public_html/2019 calculadora.php
2019.05.05 20:51 B D:\CONTENEDOR\sitios\activos\TLC_COURIER\tlc_courier_2019\include_calculadora.php --> hs33.ihosting.cl /public_html/2019 include_calculadora.php
2019.05.05 20:51 B D:\CONTENEDOR\sitios\activos\TLC_COURIER\tlc_courier_2019\calculadora.php --> hs33.ihosting.cl /public_html/2019 calculadora.php
2019.05.05 20:56 B D:\CONTENEDOR\sitios\activos\TLC_COURIER\tlc_courier_2019\include_calculadora.php --> hs33.ihosting.cl /public_html/2019 include_calculadora.php
2019.05.05 20:59 B D:\CONTENEDOR\sitios\activos\TLC_COURIER\tlc_courier_2019\include_calculadora.php --> hs33.ihosting.cl /public_html/2019 include_calculadora.php
2019.05.05 21:00 B D:\CONTENEDOR\sitios\activos\TLC_COURIER\tlc_courier_2019\include_calculadora.php --> hs33.ihosting.cl /public_html/2019 include_calculadora.php
2019.05.05 21:03 B D:\CONTENEDOR\sitios\activos\TLC_COURIER\tlc_courier_2019\include_calculadora.php --> hs33.ihosting.cl /public_html/2019 include_calculadora.php
2019.05.05 21:07 B D:\CONTENEDOR\sitios\activos\TLC_COURIER\tlc_courier_2019\include_calculadora.php --> hs33.ihosting.cl /public_html/2019 include_calculadora.php
2019.05.05 21:07 B D:\CONTENEDOR\sitios\activos\TLC_COURIER\tlc_courier_2019\calculadora.php --> hs33.ihosting.cl /public_html/2019 calculadora.php
2019.05.05 21:10 B D:\CONTENEDOR\sitios\activos\TLC_COURIER\tlc_courier_2019\include_calculadora.php --> hs33.ihosting.cl /public_html/2019 include_calculadora.php
2019.05.05 21:11 B D:\CONTENEDOR\sitios\activos\TLC_COURIER\tlc_courier_2019\include_calculadora.php --> hs33.ihosting.cl /public_html/2019 include_calculadora.php
2019.05.05 21:12 B D:\CONTENEDOR\sitios\activos\TLC_COURIER\tlc_courier_2019\include_calculadora.php --> hs33.ihosting.cl /public_html/2019 include_calculadora.php
2019.05.05 21:12 B D:\CONTENEDOR\sitios\activos\TLC_COURIER\tlc_courier_2019\include_calculadora.php --> hs33.ihosting.cl /public_html/2019 include_calculadora.php
2019.05.05 21:14 B D:\CONTENEDOR\sitios\activos\TLC_COURIER\tlc_courier_2019\include_calculadora.php --> hs33.ihosting.cl /public_html/2019 include_calculadora.php
2019.05.05 21:16 B D:\CONTENEDOR\sitios\activos\TLC_COURIER\tlc_courier_2019\include_calculadora.php --> hs33.ihosting.cl /public_html/2019 include_calculadora.php
2019.05.05 21:22 B D:\CONTENEDOR\sitios\activos\TLC_COURIER\tlc_courier_2019\include_calculadora.php --> hs33.ihosting.cl /public_html/2019 include_calculadora.php
2019.05.05 21:26 B D:\CONTENEDOR\sitios\activos\TLC_COURIER\tlc_courier_2019\include_calculadora.php --> hs33.ihosting.cl /public_html/2019 include_calculadora.php
2019.05.05 21:27 B D:\CONTENEDOR\sitios\activos\TLC_COURIER\tlc_courier_2019\include_calculadora.php --> hs33.ihosting.cl /public_html/2019 include_calculadora.php
2019.05.05 21:27 B D:\CONTENEDOR\sitios\activos\TLC_COURIER\tlc_courier_2019\include_calculadora.php --> hs33.ihosting.cl /public_html/2019 include_calculadora.php
2019.05.05 21:29 B D:\CONTENEDOR\sitios\activos\TLC_COURIER\tlc_courier_2019\include_calculadora.php --> hs33.ihosting.cl /public_html/2019 include_calculadora.php
2019.05.05 21:30 B D:\CONTENEDOR\sitios\activos\TLC_COURIER\tlc_courier_2019\include_calculadora.php --> hs33.ihosting.cl /public_html/2019 include_calculadora.php
2019.05.05 21:31 B D:\CONTENEDOR\sitios\activos\TLC_COURIER\tlc_courier_2019\include_calculadora.php --> hs33.ihosting.cl /public_html/2019 include_calculadora.php
2019.05.05 21:33 B D:\CONTENEDOR\sitios\activos\TLC_COURIER\tlc_courier_2019\include_calculadora.php --> hs33.ihosting.cl /public_html/2019 include_calculadora.php
2019.05.05 21:36 B D:\CONTENEDOR\sitios\activos\TLC_COURIER\tlc_courier_2019\include_calculadora.php --> hs33.ihosting.cl /public_html/2019 include_calculadora.php
2019.05.05 21:40 B D:\CONTENEDOR\sitios\activos\TLC_COURIER\tlc_courier_2019\include_calculadora.php --> hs33.ihosting.cl /public_html/2019 include_calculadora.php
2019.05.05 21:40 B D:\CONTENEDOR\sitios\activos\TLC_COURIER\tlc_courier_2019\include_calculadora.php --> hs33.ihosting.cl /public_html/2019 include_calculadora.php
2019.05.05 21:42 B D:\CONTENEDOR\sitios\activos\TLC_COURIER\tlc_courier_2019\include_calculadora.php --> hs33.ihosting.cl /public_html/2019 include_calculadora.php
2019.05.05 21:42 B D:\CONTENEDOR\sitios\activos\TLC_COURIER\tlc_courier_2019\include_calculadora.php --> hs33.ihosting.cl /public_html/2019 include_calculadora.php
2019.05.05 21:43 B D:\CONTENEDOR\sitios\activos\TLC_COURIER\tlc_courier_2019\include_calculadora.php --> hs33.ihosting.cl /public_html/2019 include_calculadora.php
2019.05.05 21:52 B D:\CONTENEDOR\sitios\activos\TLC_COURIER\tlc_courier_2019\include_calculadora.php --> hs33.ihosting.cl /public_html/2019 include_calculadora.php
2019.05.05 21:53 B D:\CONTENEDOR\sitios\activos\TLC_COURIER\tlc_courier_2019\include_calculadora.php --> hs33.ihosting.cl /public_html/2019 include_calculadora.php
2019.05.05 21:54 B D:\CONTENEDOR\sitios\activos\TLC_COURIER\tlc_courier_2019\include_calculadora.php --> hs33.ihosting.cl /public_html/2019 include_calculadora.php
2019.05.05 21:55 B D:\CONTENEDOR\sitios\activos\TLC_COURIER\tlc_courier_2019\include_calculadora.php --> hs33.ihosting.cl /public_html/2019 include_calculadora.php
2019.05.05 21:56 B D:\CONTENEDOR\sitios\activos\TLC_COURIER\tlc_courier_2019\include_calculadora.php --> hs33.ihosting.cl /public_html/2019 include_calculadora.php
2019.05.05 21:57 B D:\CONTENEDOR\sitios\activos\TLC_COURIER\tlc_courier_2019\include_calculadora.php --> hs33.ihosting.cl /public_html/2019 include_calculadora.php
2019.05.05 21:57 B D:\CONTENEDOR\sitios\activos\TLC_COURIER\tlc_courier_2019\include_calculadora.php --> hs33.ihosting.cl /public_html/2019 include_calculadora.php
2019.05.05 21:57 B D:\CONTENEDOR\sitios\activos\TLC_COURIER\tlc_courier_2019\include_calculadora.php --> hs33.ihosting.cl /public_html/2019 include_calculadora.php
2019.05.05 22:01 B D:\CONTENEDOR\sitios\activos\TLC_COURIER\tlc_courier_2019\include_calculadora.php --> hs33.ihosting.cl /public_html/2019 include_calculadora.php
2019.05.05 22:02 B D:\CONTENEDOR\sitios\activos\TLC_COURIER\tlc_courier_2019\include_calculadora.php --> hs33.ihosting.cl /public_html/2019 include_calculadora.php
2019.05.05 22:14 B D:\CONTENEDOR\sitios\activos\TLC_COURIER\tlc_courier_2019\include_calculadora.php --> hs33.ihosting.cl /public_html/2019 include_calculadora.php
2019.05.05 22:15 B D:\CONTENEDOR\sitios\activos\TLC_COURIER\tlc_courier_2019\include_calculadora.php --> hs33.ihosting.cl /public_html/2019 include_calculadora.php
2019.05.05 22:15 B D:\CONTENEDOR\sitios\activos\TLC_COURIER\tlc_courier_2019\include_calculadora.php --> hs33.ihosting.cl /public_html/2019 include_calculadora.php
2019.05.05 22:16 B D:\CONTENEDOR\sitios\activos\TLC_COURIER\tlc_courier_2019\include_calculadora.php --> hs33.ihosting.cl /public_html/2019 include_calculadora.php
2019.05.05 22:17 B D:\CONTENEDOR\sitios\activos\TLC_COURIER\tlc_courier_2019\include_calculadora.php --> hs33.ihosting.cl /public_html/2019 include_calculadora.php
2019.05.05 22:17 B D:\CONTENEDOR\sitios\activos\TLC_COURIER\tlc_courier_2019\include_calculadora.php --> hs33.ihosting.cl /public_html/2019 include_calculadora.php
2019.05.05 22:18 B D:\CONTENEDOR\sitios\activos\TLC_COURIER\tlc_courier_2019\include_calculadora.php --> hs33.ihosting.cl /public_html/2019 include_calculadora.php
2019.05.05 22:18 B D:\CONTENEDOR\sitios\activos\TLC_COURIER\tlc_courier_2019\include_calculadora.php --> hs33.ihosting.cl /public_html/2019 include_calculadora.php
2019.05.05 22:19 B D:\CONTENEDOR\sitios\activos\TLC_COURIER\tlc_courier_2019\include_calculadora.php --> hs33.ihosting.cl /public_html/2019 include_calculadora.php
2019.05.05 22:29 B D:\CONTENEDOR\sitios\activos\TLC_COURIER\tlc_courier_2019\include_calculadora_result.php --> hs33.ihosting.cl /public_html/2019 include_calculadora_result.php
2019.05.05 22:29 B D:\CONTENEDOR\sitios\activos\TLC_COURIER\tlc_courier_2019\calculadora_result.php --> hs33.ihosting.cl /public_html/2019 calculadora_result.php
2019.05.05 22:32 B D:\CONTENEDOR\sitios\activos\TLC_COURIER\tlc_courier_2019\include_calculadora.php --> hs33.ihosting.cl /public_html/2019 include_calculadora.php
2019.05.05 22:34 B D:\CONTENEDOR\sitios\activos\TLC_COURIER\tlc_courier_2019\include_calculadora.php --> hs33.ihosting.cl /public_html/2019 include_calculadora.php
2019.05.05 22:34 B D:\CONTENEDOR\sitios\activos\TLC_COURIER\tlc_courier_2019\include_calculadora.php --> hs33.ihosting.cl /public_html/2019 include_calculadora.php
2019.05.05 22:42 B D:\CONTENEDOR\sitios\activos\TLC_COURIER\tlc_courier_2019\include_calculadora_result.php --> hs33.ihosting.cl /public_html/2019 include_calculadora_result.php
2019.05.05 22:44 B D:\CONTENEDOR\sitios\activos\TLC_COURIER\tlc_courier_2019\calculadora_result.php --> hs33.ihosting.cl /public_html/2019 calculadora_result.php
2019.05.05 22:46 B D:\CONTENEDOR\sitios\activos\TLC_COURIER\tlc_courier_2019\calculadora_result.php --> hs33.ihosting.cl /public_html/2019 calculadora_result.php
2019.05.05 22:50 B D:\CONTENEDOR\sitios\activos\TLC_COURIER\tlc_courier_2019\include_calculadora_result.php --> hs33.ihosting.cl /public_html/2019 include_calculadora_result.php
2019.05.05 22:51 B D:\CONTENEDOR\sitios\activos\TLC_COURIER\tlc_courier_2019\include_calculadora_result.php --> hs33.ihosting.cl /public_html/2019 include_calculadora_result.php
2019.05.05 22:52 B D:\CONTENEDOR\sitios\activos\TLC_COURIER\tlc_courier_2019\include_calculadora_result.php --> hs33.ihosting.cl /public_html/2019 include_calculadora_result.php
2019.05.05 22:55 B D:\CONTENEDOR\sitios\activos\TLC_COURIER\tlc_courier_2019\calculadora_result.php --> hs33.ihosting.cl /public_html/2019 calculadora_result.php
2019.05.05 22:57 B D:\CONTENEDOR\sitios\activos\TLC_COURIER\tlc_courier_2019\include_calculadora_result.php --> hs33.ihosting.cl /public_html/2019 include_calculadora_result.php
2019.05.05 22:59 B D:\CONTENEDOR\sitios\activos\TLC_COURIER\tlc_courier_2019\include_calculadora_result.php --> hs33.ihosting.cl /public_html/2019 include_calculadora_result.php
2019.05.05 23:00 B D:\CONTENEDOR\sitios\activos\TLC_COURIER\tlc_courier_2019\include_calculadora_result.php --> hs33.ihosting.cl /public_html/2019 include_calculadora_result.php
2019.05.05 23:01 B D:\CONTENEDOR\sitios\activos\TLC_COURIER\tlc_courier_2019\include_calculadora_result.php --> hs33.ihosting.cl /public_html/2019 include_calculadora_result.php
2019.05.05 23:01 B D:\CONTENEDOR\sitios\activos\TLC_COURIER\tlc_courier_2019\include_calculadora_result.php --> hs33.ihosting.cl /public_html/2019 include_calculadora_result.php
2019.05.05 23:02 B D:\CONTENEDOR\sitios\activos\TLC_COURIER\tlc_courier_2019\include_calculadora_result.php --> hs33.ihosting.cl /public_html/2019 include_calculadora_result.php
2019.05.05 23:04 B D:\CONTENEDOR\sitios\activos\TLC_COURIER\tlc_courier_2019\include_calculadora_result.php --> hs33.ihosting.cl /public_html/2019 include_calculadora_result.php
2019.05.05 23:05 B D:\CONTENEDOR\sitios\activos\TLC_COURIER\tlc_courier_2019\include_calculadora_result.php --> hs33.ihosting.cl /public_html/2019 include_calculadora_result.php
2019.05.05 23:06 B D:\CONTENEDOR\sitios\activos\TLC_COURIER\tlc_courier_2019\include_calculadora_result.php --> hs33.ihosting.cl /public_html/2019 include_calculadora_result.php
2019.05.05 23:08 B D:\CONTENEDOR\sitios\activos\TLC_COURIER\tlc_courier_2019\include_calculadora_result.php --> hs33.ihosting.cl /public_html/2019 include_calculadora_result.php
2019.05.05 23:09 B D:\CONTENEDOR\sitios\activos\TLC_COURIER\tlc_courier_2019\include_calculadora_result.php --> hs33.ihosting.cl /public_html/2019 include_calculadora_result.php
2019.05.05 23:10 B D:\CONTENEDOR\sitios\activos\TLC_COURIER\tlc_courier_2019\include_calculadora_result.php --> hs33.ihosting.cl /public_html/2019 include_calculadora_result.php
2019.05.05 23:11 B D:\CONTENEDOR\sitios\activos\TLC_COURIER\tlc_courier_2019\include_calculadora_result.php --> hs33.ihosting.cl /public_html/2019 include_calculadora_result.php
2019.05.05 23:12 B D:\CONTENEDOR\sitios\activos\TLC_COURIER\tlc_courier_2019\include_calculadora_result.php --> hs33.ihosting.cl /public_html/2019 include_calculadora_result.php
2019.05.05 23:12 B D:\CONTENEDOR\sitios\activos\TLC_COURIER\tlc_courier_2019\include_calculadora_result.php --> hs33.ihosting.cl /public_html/2019 include_calculadora_result.php
2019.05.05 23:38 B D:\CONTENEDOR\sitios\activos\TLC_COURIER\tlc_courier_2019\include_contacto.php --> hs33.ihosting.cl /public_html/2019 include_contacto.php
2019.05.05 23:38 B D:\CONTENEDOR\sitios\activos\TLC_COURIER\tlc_courier_2019\include_lo_compramos.php --> hs33.ihosting.cl /public_html/2019 include_lo_compramos.php
2019.05.05 23:39 B D:\CONTENEDOR\sitios\activos\TLC_COURIER\tlc_courier_2019\index.php --> hs33.ihosting.cl /public_html/2019 index.php
2019.05.06 11:09 B D:\CONTENEDOR\sitios\activos\TLC_COURIER\tlc_courier_2019\include_menu.php --> hs33.ihosting.cl /public_html/2019 include_menu.php
2019.05.06 11:13 B D:\CONTENEDOR\sitios\activos\TLC_COURIER\tlc_courier_2019\include_footer.php --> hs33.ihosting.cl /public_html/2019 include_footer.php
2019.05.06 11:20 B D:\CONTENEDOR\sitios\activos\TLC_COURIER\tlc_courier_2019\include_footer.php --> hs33.ihosting.cl /public_html/2019 include_footer.php
2019.05.06 11:20 B D:\CONTENEDOR\sitios\activos\TLC_COURIER\tlc_courier_2019\include_politica.php --> hs33.ihosting.cl /public_html/2019 include_politica.php
2019.05.06 11:21 B D:\CONTENEDOR\sitios\activos\TLC_COURIER\tlc_courier_2019\politica.php --> hs33.ihosting.cl /public_html/2019 politica.php
2019.05.06 11:21 B D:\CONTENEDOR\sitios\activos\TLC_COURIER\tlc_courier_2019\politica.php --> hs33.ihosting.cl /public_html/2019 politica.php
2019.05.06 11:21 B D:\CONTENEDOR\sitios\activos\TLC_COURIER\tlc_courier_2019\include_politica.php --> hs33.ihosting.cl /public_html/2019 include_politica.php
2019.05.06 11:28 B D:\CONTENEDOR\sitios\activos\TLC_COURIER\tlc_courier_2019\include_somos.php --> hs33.ihosting.cl /public_html/2019 include_somos.php
2019.05.06 11:28 B D:\CONTENEDOR\sitios\activos\TLC_COURIER\tlc_courier_2019\somos.php --> hs33.ihosting.cl /public_html/2019 somos.php
2019.05.06 11:28 B D:\CONTENEDOR\sitios\activos\TLC_COURIER\tlc_courier_2019\WS_FTP.LOG --> hs33.ihosting.cl /public_html/2019 WS_FTP.LOG
2019.05.06 11:28 B D:\CONTENEDOR\sitios\activos\TLC_COURIER\tlc_courier_2019\include_footer.php --> hs33.ihosting.cl /public_html/2019 include_footer.php
2019.05.06 11:28 B D:\CONTENEDOR\sitios\activos\TLC_COURIER\tlc_courier_2019\include_somos.php --> hs33.ihosting.cl /public_html/2019 include_somos.php
2019.05.06 11:29 B D:\CONTENEDOR\sitios\activos\TLC_COURIER\tlc_courier_2019\include_somos.php --> hs33.ihosting.cl /public_html/2019 include_somos.php
2019.05.06 11:29 B D:\CONTENEDOR\sitios\activos\TLC_COURIER\tlc_courier_2019\include_somos.php --> hs33.ihosting.cl /public_html/2019 include_somos.php
2019.05.06 11:32 B D:\CONTENEDOR\sitios\activos\TLC_COURIER\tlc_courier_2019\include_somos.php --> hs33.ihosting.cl /public_html/2019 include_somos.php
2019.05.06 11:36 B D:\CONTENEDOR\sitios\activos\TLC_COURIER\tlc_courier_2019\include_somos.php --> hs33.ihosting.cl /public_html/2019 include_somos.php
2019.05.06 11:37 B D:\CONTENEDOR\sitios\activos\TLC_COURIER\tlc_courier_2019\include_somos.php --> hs33.ihosting.cl /public_html/2019 include_somos.php
2019.05.06 11:38 B D:\CONTENEDOR\sitios\activos\TLC_COURIER\tlc_courier_2019\include_somos.php --> hs33.ihosting.cl /public_html/2019 include_somos.php
2019.05.06 11:38 B D:\CONTENEDOR\sitios\activos\TLC_COURIER\tlc_courier_2019\include_politica.php --> hs33.ihosting.cl /public_html/2019 include_politica.php
2019.05.06 21:15 B D:\CONTENEDOR\sitios\activos\TLC_COURIER\tlc_courier_2019\include_lo_compramos_int.php --> hs33.ihosting.cl /public_html/2019 include_lo_compramos_int.php
2019.05.06 21:15 B D:\CONTENEDOR\sitios\activos\TLC_COURIER\tlc_courier_2019\enviar_compramos.php --> hs33.ihosting.cl /public_html/2019 enviar_compramos.php
2019.05.06 21:22 B D:\CONTENEDOR\sitios\activos\TLC_COURIER\tlc_courier_2019\include_enviamos_inter.php --> hs33.ihosting.cl /public_html/2019 include_enviamos_inter.php
2019.05.06 21:22 B D:\CONTENEDOR\sitios\activos\TLC_COURIER\tlc_courier_2019\include_enviamos_inter.php --> hs33.ihosting.cl /public_html/2019 include_enviamos_inter.php
2019.05.06 21:23 B D:\CONTENEDOR\sitios\activos\TLC_COURIER\tlc_courier_2019\include_enviamos_inter.php --> hs33.ihosting.cl /public_html/2019 include_enviamos_inter.php
2019.05.06 22:11 B D:\CONTENEDOR\sitios\activos\TLC_COURIER\tlc_courier_2019\include_enviamos_inter.php --> hs33.ihosting.cl /public_html/2019 include_enviamos_inter.php
2019.05.06 22:12 B D:\CONTENEDOR\sitios\activos\TLC_COURIER\tlc_courier_2019\include_enviamos_inter.php --> hs33.ihosting.cl /public_html/2019 include_enviamos_inter.php
2019.05.06 22:14 B D:\CONTENEDOR\sitios\activos\TLC_COURIER\tlc_courier_2019\include_enviamos_inter.php --> hs33.ihosting.cl /public_html/2019 include_enviamos_inter.php
2019.05.06 22:17 B D:\CONTENEDOR\sitios\activos\TLC_COURIER\tlc_courier_2019\include_enviamos_inter.php --> hs33.ihosting.cl /public_html/2019 include_enviamos_inter.php
2019.05.06 22:59 B D:\CONTENEDOR\sitios\activos\TLC_COURIER\tlc_courier_2019\enviar_enviamospac.php --> hs33.ihosting.cl /public_html/2019 enviar_enviamospac.php
2019.05.06 22:59 B D:\CONTENEDOR\sitios\activos\TLC_COURIER\tlc_courier_2019\enviar_enviamosdoc.php --> hs33.ihosting.cl /public_html/2019 enviar_enviamosdoc.php
2019.05.06 22:59 B D:\CONTENEDOR\sitios\activos\TLC_COURIER\tlc_courier_2019\include_enviamos_inter.php --> hs33.ihosting.cl /public_html/2019 include_enviamos_inter.php
2019.05.06 23:09 B D:\CONTENEDOR\sitios\activos\TLC_COURIER\tlc_courier_2019\enviar_enviamospac.php --> hs33.ihosting.cl /public_html/2019 enviar_enviamospac.php
2019.05.06 23:09 B D:\CONTENEDOR\sitios\activos\TLC_COURIER\tlc_courier_2019\enviar_enviamosdoc.php --> hs33.ihosting.cl /public_html/2019 enviar_enviamosdoc.php
2019.05.06 23:11 B D:\CONTENEDOR\sitios\activos\TLC_COURIER\tlc_courier_2019\include_reg_empresas.php <-- TLC Courier /public_html/2019 include_reg_empresas.php
2019.05.06 23:18 B D:\CONTENEDOR\sitios\activos\TLC_COURIER\tlc_courier_2019\include_enviamos_inter.php --> hs33.ihosting.cl /public_html/2019 include_enviamos_inter.php
2019.05.06 23:19 B D:\CONTENEDOR\sitios\activos\TLC_COURIER\tlc_courier_2019\enviar_enviamospac.php --> hs33.ihosting.cl /public_html/2019 enviar_enviamospac.php
2019.05.06 23:19 B D:\CONTENEDOR\sitios\activos\TLC_COURIER\tlc_courier_2019\enviar_enviamosdoc.php --> hs33.ihosting.cl /public_html/2019 enviar_enviamosdoc.php
2019.05.06 23:23 B D:\CONTENEDOR\sitios\activos\TLC_COURIER\tlc_courier_2019\include_lo_compramos_int.php --> hs33.ihosting.cl /public_html/2019 include_lo_compramos_int.php
2019.05.06 23:35 B D:\CONTENEDOR\sitios\activos\TLC_COURIER\tlc_courier_2019\enviar_compramos.php --> hs33.ihosting.cl /public_html/2019 enviar_compramos.php
2019.05.06 23:35 B D:\CONTENEDOR\sitios\activos\TLC_COURIER\tlc_courier_2019\enviar_enviamosdoc.php <-- TLC Courier /public_html/2019 enviar_enviamosdoc.php
2019.05.06 23:36 B D:\CONTENEDOR\sitios\activos\TLC_COURIER\tlc_courier_2019\enviar_enviamosdoc.php --> hs33.ihosting.cl /public_html/2019 enviar_enviamosdoc.php
2019.05.06 23:38 B D:\CONTENEDOR\sitios\activos\TLC_COURIER\tlc_courier_2019\enviar_compramos.php --> hs33.ihosting.cl /public_html/2019 enviar_compramos.php
2019.05.06 23:47 B D:\CONTENEDOR\sitios\activos\TLC_COURIER\tlc_courier_2019\include_enviamos_inter.php --> hs33.ihosting.cl /public_html/2019 include_enviamos_inter.php
2019.05.06 23:51 B D:\CONTENEDOR\sitios\activos\TLC_COURIER\tlc_courier_2019\enviar_enviamospac.php --> hs33.ihosting.cl /public_html/2019 enviar_enviamospac.php
2019.05.06 23:52 B D:\CONTENEDOR\sitios\activos\TLC_COURIER\tlc_courier_2019\enviar_enviamospac.php --> hs33.ihosting.cl /public_html/2019 enviar_enviamospac.php
2019.05.06 23:57 B D:\CONTENEDOR\sitios\activos\TLC_COURIER\tlc_courier_2019\enviar_enviamospac.php --> hs33.ihosting.cl /public_html/2019 enviar_enviamospac.php
2019.05.06 23:59 B D:\CONTENEDOR\sitios\activos\TLC_COURIER\tlc_courier_2019\enviar_enviamospac.php --> hs33.ihosting.cl /public_html/2019 enviar_enviamospac.php
2019.05.07 00:01 B D:\CONTENEDOR\sitios\activos\TLC_COURIER\tlc_courier_2019\enviar_enviamosdoc.php --> hs33.ihosting.cl /public_html/2019 enviar_enviamosdoc.php
2019.05.07 00:02 B D:\CONTENEDOR\sitios\activos\TLC_COURIER\tlc_courier_2019\enviar_enviamospac.php --> hs33.ihosting.cl /public_html/2019 enviar_enviamospac.php
2019.05.07 00:02 B D:\CONTENEDOR\sitios\activos\TLC_COURIER\tlc_courier_2019\enviar_enviamosdoc.php --> hs33.ihosting.cl /public_html/2019 enviar_enviamosdoc.php
2019.05.07 00:02 B D:\CONTENEDOR\sitios\activos\TLC_COURIER\tlc_courier_2019\enviar_compramos.php --> hs33.ihosting.cl /public_html/2019 enviar_compramos.php
2019.05.07 00:14 B D:\CONTENEDOR\sitios\activos\TLC_COURIER\tlc_courier_2019\include_contacto.php --> hs33.ihosting.cl /public_html/2019 include_contacto.php
