2016.04.21 09:43 B G:\CONTENEDOR\sitios\activos\AEROEXPRESS\inicio\como.php --> hs31.ihosting.cl /public_html/inicio como.php
2016.04.21 09:45 B G:\CONTENEDOR\sitios\activos\AEROEXPRESS\inicio\como.php --> hs31.ihosting.cl /public_html/inicio como.php
2016.04.21 09:47 B G:\CONTENEDOR\sitios\activos\AEROEXPRESS\inicio\como.php --> hs31.ihosting.cl /public_html/inicio como.php
2016.04.21 09:48 B G:\CONTENEDOR\sitios\activos\AEROEXPRESS\inicio\como.php --> hs31.ihosting.cl /public_html/inicio como.php
2016.04.21 09:49 B G:\CONTENEDOR\sitios\activos\AEROEXPRESS\inicio\ --> hs31.ihosting.cl /public_html/inicio 
2016.04.21 09:49 B G:\CONTENEDOR\sitios\activos\AEROEXPRESS\inicio\como.php --> hs31.ihosting.cl /public_html/inicio como.php
2016.04.21 09:49 B G:\CONTENEDOR\sitios\activos\AEROEXPRESS\inicio\como.php --> hs31.ihosting.cl /public_html/inicio como.php
2016.04.21 09:51 B G:\CONTENEDOR\sitios\activos\AEROEXPRESS\inicio\como.php --> hs31.ihosting.cl /public_html/inicio como.php
2016.04.21 09:52 B G:\CONTENEDOR\sitios\activos\AEROEXPRESS\inicio\como.php --> hs31.ihosting.cl /public_html/inicio como.php
2016.04.21 09:52 B G:\CONTENEDOR\sitios\activos\AEROEXPRESS\inicio\como.php --> hs31.ihosting.cl /public_html/inicio como.php
2016.04.21 09:54 B G:\CONTENEDOR\sitios\activos\AEROEXPRESS\inicio\tiendas.php --> hs31.ihosting.cl /public_html/inicio tiendas.php
2016.04.21 09:55 B G:\CONTENEDOR\sitios\activos\AEROEXPRESS\inicio\include_header.php --> hs31.ihosting.cl /public_html/inicio include_header.php
2016.04.21 09:56 B G:\CONTENEDOR\sitios\activos\AEROEXPRESS\inicio\tiendas.php --> hs31.ihosting.cl /public_html/inicio tiendas.php
2016.04.21 09:58 B G:\CONTENEDOR\sitios\activos\AEROEXPRESS\inicio\tiendas.php --> hs31.ihosting.cl /public_html/inicio tiendas.php
2016.04.21 09:58 B G:\CONTENEDOR\sitios\activos\AEROEXPRESS\inicio\siguenos.php --> hs31.ihosting.cl /public_html/inicio siguenos.php
2016.04.21 09:58 B G:\CONTENEDOR\sitios\activos\AEROEXPRESS\inicio\include_siguenos.php --> hs31.ihosting.cl /public_html/inicio include_siguenos.php
2016.04.21 09:59 B G:\CONTENEDOR\sitios\activos\AEROEXPRESS\inicio\include_siguenos.php --> hs31.ihosting.cl /public_html/inicio include_siguenos.php
2016.04.21 09:59 B G:\CONTENEDOR\sitios\activos\AEROEXPRESS\inicio\tiendas.php --> hs31.ihosting.cl /public_html/inicio tiendas.php
2016.04.21 09:59 B G:\CONTENEDOR\sitios\activos\AEROEXPRESS\inicio\tiendas.php --> hs31.ihosting.cl /public_html/inicio tiendas.php
2016.04.21 10:00 B G:\CONTENEDOR\sitios\activos\AEROEXPRESS\inicio\tiendas.php --> hs31.ihosting.cl /public_html/inicio tiendas.php
2016.04.21 10:00 B G:\CONTENEDOR\sitios\activos\AEROEXPRESS\inicio\include_siguenos.php --> hs31.ihosting.cl /public_html/inicio include_siguenos.php
2016.04.21 10:00 B G:\CONTENEDOR\sitios\activos\AEROEXPRESS\inicio\include_header.php --> hs31.ihosting.cl /public_html/inicio include_header.php
2016.04.21 10:00 B G:\CONTENEDOR\sitios\activos\AEROEXPRESS\inicio\include_header.php --> hs31.ihosting.cl /public_html/inicio include_header.php
2016.04.21 10:00 B G:\CONTENEDOR\sitios\activos\AEROEXPRESS\inicio\tiendas.php --> hs31.ihosting.cl /public_html/inicio tiendas.php
2016.04.21 10:01 B G:\CONTENEDOR\sitios\activos\AEROEXPRESS\inicio\tiendas.php --> hs31.ihosting.cl /public_html/inicio tiendas.php
2016.04.21 10:05 B G:\CONTENEDOR\sitios\activos\AEROEXPRESS\inicio\tiendas2.php --> hs31.ihosting.cl /public_html/inicio tiendas2.php
2016.04.21 10:07 B G:\CONTENEDOR\sitios\activos\AEROEXPRESS\inicio\tiendas.php --> hs31.ihosting.cl /public_html/inicio tiendas.php
2016.04.21 10:07 B G:\CONTENEDOR\sitios\activos\AEROEXPRESS\inicio\tiendas.php --> hs31.ihosting.cl /public_html/inicio tiendas.php
2016.04.21 10:10 B G:\CONTENEDOR\sitios\activos\AEROEXPRESS\inicio\tiendas.php --> hs31.ihosting.cl /public_html/inicio tiendas.php
2016.04.21 10:10 B G:\CONTENEDOR\sitios\activos\AEROEXPRESS\inicio\tiendas.php --> hs31.ihosting.cl /public_html/inicio tiendas.php
2016.04.21 10:12 B G:\CONTENEDOR\sitios\activos\AEROEXPRESS\inicio\tiendas.php --> hs31.ihosting.cl /public_html/inicio tiendas.php
2016.04.21 10:13 B G:\CONTENEDOR\sitios\activos\AEROEXPRESS\inicio\tiendas.php --> hs31.ihosting.cl /public_html/inicio tiendas.php
2016.04.21 10:14 B G:\CONTENEDOR\sitios\activos\AEROEXPRESS\inicio\tiendas.php --> hs31.ihosting.cl /public_html/inicio tiendas.php
2016.04.21 10:14 B G:\CONTENEDOR\sitios\activos\AEROEXPRESS\inicio\tiendas.php --> hs31.ihosting.cl /public_html/inicio tiendas.php
2016.04.21 10:15 B G:\CONTENEDOR\sitios\activos\AEROEXPRESS\inicio\tiendas.php --> hs31.ihosting.cl /public_html/inicio tiendas.php
2016.04.21 10:15 B G:\CONTENEDOR\sitios\activos\AEROEXPRESS\inicio\tiendas.php --> hs31.ihosting.cl /public_html/inicio tiendas.php
2016.04.21 10:21 B G:\CONTENEDOR\sitios\activos\AEROEXPRESS\inicio\WS_FTP.LOG --> hs31.ihosting.cl /public_html/inicio WS_FTP.LOG
2016.04.21 10:21 B G:\CONTENEDOR\sitios\activos\AEROEXPRESS\inicio\tarifas.php --> hs31.ihosting.cl /public_html/inicio tarifas.php
2016.04.21 10:21 B G:\CONTENEDOR\sitios\activos\AEROEXPRESS\inicio\include_header.php --> hs31.ihosting.cl /public_html/inicio include_header.php
2016.04.21 11:04 B G:\CONTENEDOR\sitios\activos\AEROEXPRESS\inicio\tarifas.php --> hs31.ihosting.cl /public_html/inicio tarifas.php
2016.04.21 11:13 B G:\CONTENEDOR\sitios\activos\AEROEXPRESS\inicio\tarifas.php --> hs31.ihosting.cl /public_html/inicio tarifas.php
2016.04.21 11:14 B G:\CONTENEDOR\sitios\activos\AEROEXPRESS\inicio\tarifas.php --> hs31.ihosting.cl /public_html/inicio tarifas.php
2016.04.21 11:14 B G:\CONTENEDOR\sitios\activos\AEROEXPRESS\inicio\tarifas.php --> hs31.ihosting.cl /public_html/inicio tarifas.php
2016.04.21 11:15 B G:\CONTENEDOR\sitios\activos\AEROEXPRESS\inicio\tarifas.php --> hs31.ihosting.cl /public_html/inicio tarifas.php
2016.04.21 11:16 B G:\CONTENEDOR\sitios\activos\AEROEXPRESS\inicio\tarifas.php --> hs31.ihosting.cl /public_html/inicio tarifas.php
2016.04.21 11:17 B G:\CONTENEDOR\sitios\activos\AEROEXPRESS\inicio\tarifas.php --> hs31.ihosting.cl /public_html/inicio tarifas.php
2016.04.21 11:18 B G:\CONTENEDOR\sitios\activos\AEROEXPRESS\inicio\tarifas.php --> hs31.ihosting.cl /public_html/inicio tarifas.php
2016.04.21 11:21 B G:\CONTENEDOR\sitios\activos\AEROEXPRESS\inicio\tarifas.php --> hs31.ihosting.cl /public_html/inicio tarifas.php
2016.04.21 11:21 B G:\CONTENEDOR\sitios\activos\AEROEXPRESS\inicio\tarifas.php --> hs31.ihosting.cl /public_html/inicio tarifas.php
2016.04.21 11:21 B G:\CONTENEDOR\sitios\activos\AEROEXPRESS\inicio\tarifas.php --> hs31.ihosting.cl /public_html/inicio tarifas.php
2016.04.21 11:22 B G:\CONTENEDOR\sitios\activos\AEROEXPRESS\inicio\tarifas.php --> hs31.ihosting.cl /public_html/inicio tarifas.php
2016.04.21 11:24 B G:\CONTENEDOR\sitios\activos\AEROEXPRESS\inicio\tarifas.php --> hs31.ihosting.cl /public_html/inicio tarifas.php
2016.04.21 11:24 B G:\CONTENEDOR\sitios\activos\AEROEXPRESS\inicio\tarifas.php --> hs31.ihosting.cl /public_html/inicio tarifas.php
2016.04.21 11:27 B G:\CONTENEDOR\sitios\activos\AEROEXPRESS\inicio\tarifas.php --> hs31.ihosting.cl /public_html/inicio tarifas.php
2016.04.21 11:27 B G:\CONTENEDOR\sitios\activos\AEROEXPRESS\inicio\tarifas.php --> hs31.ihosting.cl /public_html/inicio tarifas.php
2016.04.21 11:28 B G:\CONTENEDOR\sitios\activos\AEROEXPRESS\inicio\tarifas.php --> hs31.ihosting.cl /public_html/inicio tarifas.php
2016.04.21 11:29 B G:\CONTENEDOR\sitios\activos\AEROEXPRESS\inicio\tarifas.php --> hs31.ihosting.cl /public_html/inicio tarifas.php
2016.04.21 11:29 B G:\CONTENEDOR\sitios\activos\AEROEXPRESS\inicio\tarifas.php --> hs31.ihosting.cl /public_html/inicio tarifas.php
2016.04.21 11:30 B G:\CONTENEDOR\sitios\activos\AEROEXPRESS\inicio\tarifas.php --> hs31.ihosting.cl /public_html/inicio tarifas.php
2016.04.21 11:58 B G:\CONTENEDOR\sitios\activos\AEROEXPRESS\inicio\contacto.php --> hs31.ihosting.cl /public_html/inicio contacto.php
2016.04.21 11:58 B G:\CONTENEDOR\sitios\activos\AEROEXPRESS\inicio\include_contacto.php --> hs31.ihosting.cl /public_html/inicio include_contacto.php
2016.04.21 11:58 B G:\CONTENEDOR\sitios\activos\AEROEXPRESS\inicio\include_header.php --> hs31.ihosting.cl /public_html/inicio include_header.php
2016.04.21 12:02 B G:\CONTENEDOR\sitios\activos\AEROEXPRESS\inicio\registro.php --> hs31.ihosting.cl /public_html/inicio registro.php
2016.04.21 12:02 B G:\CONTENEDOR\sitios\activos\AEROEXPRESS\inicio\include_registro.php --> hs31.ihosting.cl /public_html/inicio include_registro.php
2016.04.21 12:03 B G:\CONTENEDOR\sitios\activos\AEROEXPRESS\inicio\include_registro.php --> hs31.ihosting.cl /public_html/inicio include_registro.php
2016.04.21 12:03 B G:\CONTENEDOR\sitios\activos\AEROEXPRESS\inicio\registro.php --> hs31.ihosting.cl /public_html/inicio registro.php
2016.04.21 12:06 B G:\CONTENEDOR\sitios\activos\AEROEXPRESS\inicio\include_registro.php --> hs31.ihosting.cl /public_html/inicio include_registro.php
2016.04.21 12:07 B G:\CONTENEDOR\sitios\activos\AEROEXPRESS\inicio\include_registro.php --> hs31.ihosting.cl /public_html/inicio include_registro.php
2016.04.21 12:07 B G:\CONTENEDOR\sitios\activos\AEROEXPRESS\inicio\include_registro.php --> hs31.ihosting.cl /public_html/inicio include_registro.php
2016.04.21 12:08 B G:\CONTENEDOR\sitios\activos\AEROEXPRESS\inicio\include_registro.php --> hs31.ihosting.cl /public_html/inicio include_registro.php
2016.04.21 12:09 B G:\CONTENEDOR\sitios\activos\AEROEXPRESS\inicio\include_registro.php --> hs31.ihosting.cl /public_html/inicio include_registro.php
2016.04.21 12:10 B G:\CONTENEDOR\sitios\activos\AEROEXPRESS\inicio\include_registro.php --> hs31.ihosting.cl /public_html/inicio include_registro.php
2016.04.21 12:12 B G:\CONTENEDOR\sitios\activos\AEROEXPRESS\inicio\include_registro.php --> hs31.ihosting.cl /public_html/inicio include_registro.php
2016.04.21 12:13 B G:\CONTENEDOR\sitios\activos\AEROEXPRESS\inicio\include_registro.php --> hs31.ihosting.cl /public_html/inicio include_registro.php
2016.04.21 12:15 B G:\CONTENEDOR\sitios\activos\AEROEXPRESS\inicio\include_registro.php --> hs31.ihosting.cl /public_html/inicio include_registro.php
2016.04.21 12:15 B G:\CONTENEDOR\sitios\activos\AEROEXPRESS\inicio\include_registro.php --> hs31.ihosting.cl /public_html/inicio include_registro.php
2016.04.21 12:16 B G:\CONTENEDOR\sitios\activos\AEROEXPRESS\inicio\include_registro.php --> hs31.ihosting.cl /public_html/inicio include_registro.php
2016.04.21 12:16 B G:\CONTENEDOR\sitios\activos\AEROEXPRESS\inicio\include_registro.php --> hs31.ihosting.cl /public_html/inicio include_registro.php
2016.04.21 12:18 B G:\CONTENEDOR\sitios\activos\AEROEXPRESS\inicio\include_contacto.php --> hs31.ihosting.cl /public_html/inicio include_contacto.php
2016.04.21 12:19 B G:\CONTENEDOR\sitios\activos\AEROEXPRESS\inicio\include_registro.php --> hs31.ihosting.cl /public_html/inicio include_registro.php
2016.04.21 12:20 B G:\CONTENEDOR\sitios\activos\AEROEXPRESS\inicio\include_registro.php --> hs31.ihosting.cl /public_html/inicio include_registro.php
2016.04.21 12:21 B G:\CONTENEDOR\sitios\activos\AEROEXPRESS\inicio\include_registro.php --> hs31.ihosting.cl /public_html/inicio include_registro.php
2016.04.21 12:21 B G:\CONTENEDOR\sitios\activos\AEROEXPRESS\inicio\include_registro.php --> hs31.ihosting.cl /public_html/inicio include_registro.php
2016.04.21 12:22 B G:\CONTENEDOR\sitios\activos\AEROEXPRESS\inicio\include_registro.php --> hs31.ihosting.cl /public_html/inicio include_registro.php
2016.04.21 12:24 B G:\CONTENEDOR\sitios\activos\AEROEXPRESS\inicio\include_registro.php --> hs31.ihosting.cl /public_html/inicio include_registro.php
2016.04.21 12:25 B G:\CONTENEDOR\sitios\activos\AEROEXPRESS\inicio\include_registro.php --> hs31.ihosting.cl /public_html/inicio include_registro.php
2016.04.21 12:25 B G:\CONTENEDOR\sitios\activos\AEROEXPRESS\inicio\include_contacto.php --> hs31.ihosting.cl /public_html/inicio include_contacto.php
2016.04.21 12:25 B G:\CONTENEDOR\sitios\activos\AEROEXPRESS\inicio\registro.php --> hs31.ihosting.cl /public_html/inicio registro.php
2016.04.21 12:26 B G:\CONTENEDOR\sitios\activos\AEROEXPRESS\inicio\registro.php --> hs31.ihosting.cl /public_html/inicio registro.php
2016.04.21 12:28 B G:\CONTENEDOR\sitios\activos\AEROEXPRESS\inicio\include_taskbar.php --> hs31.ihosting.cl /public_html/inicio include_taskbar.php
2016.04.21 12:29 B G:\CONTENEDOR\sitios\activos\AEROEXPRESS\inicio\index.php --> hs31.ihosting.cl /public_html/inicio index.php
2016.04.21 12:31 B G:\CONTENEDOR\sitios\activos\AEROEXPRESS\inicio\include_head.php --> hs31.ihosting.cl /public_html/inicio include_head.php
2016.04.21 12:32 B G:\CONTENEDOR\sitios\activos\AEROEXPRESS\inicio\include_taskbar.php --> hs31.ihosting.cl /public_html/inicio include_taskbar.php
2016.04.21 12:33 B G:\CONTENEDOR\sitios\activos\AEROEXPRESS\inicio\include_footer_bottom.php --> hs31.ihosting.cl /public_html/inicio include_footer_bottom.php
2016.04.21 13:11 B G:\CONTENEDOR\sitios\activos\AEROEXPRESS\inicio\calculadora.php --> hs31.ihosting.cl /public_html/inicio calculadora.php
2016.04.21 13:12 B G:\CONTENEDOR\sitios\activos\AEROEXPRESS\inicio\calculadora.php --> hs31.ihosting.cl /public_html/inicio calculadora.php
2016.04.21 13:12 B G:\CONTENEDOR\sitios\activos\AEROEXPRESS\inicio\include_calculadora.php --> hs31.ihosting.cl /public_html/inicio include_calculadora.php
2016.04.21 13:13 B G:\CONTENEDOR\sitios\activos\AEROEXPRESS\inicio\include_calculadora.php --> hs31.ihosting.cl /public_html/inicio include_calculadora.php
2016.04.21 13:14 B G:\CONTENEDOR\sitios\activos\AEROEXPRESS\inicio\include_calculadora.php --> hs31.ihosting.cl /public_html/inicio include_calculadora.php
2016.04.21 13:16 B G:\CONTENEDOR\sitios\activos\AEROEXPRESS\inicio\include_calculadora.php --> hs31.ihosting.cl /public_html/inicio include_calculadora.php
2016.04.21 13:20 B G:\CONTENEDOR\sitios\activos\AEROEXPRESS\inicio\include_calculadora.php --> hs31.ihosting.cl /public_html/inicio include_calculadora.php
2016.04.21 13:23 B G:\CONTENEDOR\sitios\activos\AEROEXPRESS\inicio\include_calculadora.php --> hs31.ihosting.cl /public_html/inicio include_calculadora.php
2016.04.21 13:24 B G:\CONTENEDOR\sitios\activos\AEROEXPRESS\inicio\include_calculadora.php --> hs31.ihosting.cl /public_html/inicio include_calculadora.php
2016.04.21 13:28 B G:\CONTENEDOR\sitios\activos\AEROEXPRESS\inicio\include_calculadora.php --> hs31.ihosting.cl /public_html/inicio include_calculadora.php
2016.04.21 13:31 B G:\CONTENEDOR\sitios\activos\AEROEXPRESS\inicio\include_calculadora.php --> hs31.ihosting.cl /public_html/inicio include_calculadora.php
2016.04.21 13:32 B G:\CONTENEDOR\sitios\activos\AEROEXPRESS\inicio\include_calculadora.php --> hs31.ihosting.cl /public_html/inicio include_calculadora.php
2016.04.21 13:33 B G:\CONTENEDOR\sitios\activos\AEROEXPRESS\inicio\include_calculadora.php --> hs31.ihosting.cl /public_html/inicio include_calculadora.php
2016.04.21 13:33 B G:\CONTENEDOR\sitios\activos\AEROEXPRESS\inicio\include_calculadora.php --> hs31.ihosting.cl /public_html/inicio include_calculadora.php
2016.04.21 13:34 B G:\CONTENEDOR\sitios\activos\AEROEXPRESS\inicio\include_calculadora.php --> hs31.ihosting.cl /public_html/inicio include_calculadora.php
2016.04.21 13:34 B G:\CONTENEDOR\sitios\activos\AEROEXPRESS\inicio\include_calculadora.php --> hs31.ihosting.cl /public_html/inicio include_calculadora.php
2016.04.21 13:34 B G:\CONTENEDOR\sitios\activos\AEROEXPRESS\inicio\include_calculadora.php --> hs31.ihosting.cl /public_html/inicio include_calculadora.php
2016.04.21 13:36 B G:\CONTENEDOR\sitios\activos\AEROEXPRESS\inicio\include_calculadora.php --> hs31.ihosting.cl /public_html/inicio include_calculadora.php
2016.04.21 13:36 B G:\CONTENEDOR\sitios\activos\AEROEXPRESS\inicio\include_calculadora.php --> hs31.ihosting.cl /public_html/inicio include_calculadora.php
2016.04.21 13:36 B G:\CONTENEDOR\sitios\activos\AEROEXPRESS\inicio\calculadora.php --> hs31.ihosting.cl /public_html/inicio calculadora.php
2016.04.21 13:36 B G:\CONTENEDOR\sitios\activos\AEROEXPRESS\inicio\include_calculadora.php --> hs31.ihosting.cl /public_html/inicio include_calculadora.php
2016.04.21 13:51 B G:\CONTENEDOR\sitios\activos\AEROEXPRESS\inicio\include_calculadora.php --> hs31.ihosting.cl /public_html/inicio include_calculadora.php
2016.04.21 13:51 B G:\CONTENEDOR\sitios\activos\AEROEXPRESS\inicio\include_calculadora.php --> hs31.ihosting.cl /public_html/inicio include_calculadora.php
2016.04.21 13:52 B G:\CONTENEDOR\sitios\activos\AEROEXPRESS\inicio\include_calculadora.php --> hs31.ihosting.cl /public_html/inicio include_calculadora.php
2016.04.21 13:52 B G:\CONTENEDOR\sitios\activos\AEROEXPRESS\inicio\include_calculadora.php --> hs31.ihosting.cl /public_html/inicio include_calculadora.php
2016.04.21 13:52 B G:\CONTENEDOR\sitios\activos\AEROEXPRESS\inicio\include_calculadora.php --> hs31.ihosting.cl /public_html/inicio include_calculadora.php
2016.04.21 13:53 B G:\CONTENEDOR\sitios\activos\AEROEXPRESS\inicio\include_calculadora.php --> hs31.ihosting.cl /public_html/inicio include_calculadora.php
2016.04.21 14:03 B G:\CONTENEDOR\sitios\activos\AEROEXPRESS\inicio\include_calculadora.php --> hs31.ihosting.cl /public_html/inicio include_calculadora.php
2016.04.21 14:08 B G:\CONTENEDOR\sitios\activos\AEROEXPRESS\inicio\include_lo_compramos.php --> hs31.ihosting.cl /public_html/inicio include_lo_compramos.php
2016.04.21 14:08 B G:\CONTENEDOR\sitios\activos\AEROEXPRESS\inicio\lo_compramos.php --> hs31.ihosting.cl /public_html/inicio lo_compramos.php
2016.04.21 14:08 B G:\CONTENEDOR\sitios\activos\AEROEXPRESS\inicio\include_lo_compramos.php --> hs31.ihosting.cl /public_html/inicio include_lo_compramos.php
2016.04.21 15:17 B G:\CONTENEDOR\sitios\activos\AEROEXPRESS\inicio\include_contacto.php --> hs31.ihosting.cl /public_html/inicio include_contacto.php
2016.04.21 15:22 B G:\CONTENEDOR\sitios\activos\AEROEXPRESS\inicio\include_lo_compramos.php --> hs31.ihosting.cl /public_html/inicio include_lo_compramos.php
2016.04.21 15:23 B G:\CONTENEDOR\sitios\activos\AEROEXPRESS\inicio\include_lo_compramos.php --> hs31.ihosting.cl /public_html/inicio include_lo_compramos.php
2016.04.21 15:23 B G:\CONTENEDOR\sitios\activos\AEROEXPRESS\inicio\include_lo_compramos.php --> hs31.ihosting.cl /public_html/inicio include_lo_compramos.php
2016.04.21 15:23 B G:\CONTENEDOR\sitios\activos\AEROEXPRESS\inicio\include_lo_compramos.php --> hs31.ihosting.cl /public_html/inicio include_lo_compramos.php
2016.04.21 15:24 B G:\CONTENEDOR\sitios\activos\AEROEXPRESS\inicio\include_lo_compramos.php --> hs31.ihosting.cl /public_html/inicio include_lo_compramos.php
2016.04.21 15:25 B G:\CONTENEDOR\sitios\activos\AEROEXPRESS\inicio\include_lo_compramos.php --> hs31.ihosting.cl /public_html/inicio include_lo_compramos.php
2016.04.21 15:26 B G:\CONTENEDOR\sitios\activos\AEROEXPRESS\inicio\include_lo_compramos.php --> hs31.ihosting.cl /public_html/inicio include_lo_compramos.php
2016.09.14 21:00 B G:\CONTENEDOR\sitios\activos\AEROEXPRESS\inicio\WS_FTP.LOG <-- AEROEXPRESS /public_html/inicio WS_FTP.LOG
2016.09.14 21:00 B G:\CONTENEDOR\sitios\activos\AEROEXPRESS\inicio\include_calculadora_old.php <-- AEROEXPRESS /public_html/inicio include_calculadora_old.php
2016.09.14 21:00 B G:\CONTENEDOR\sitios\activos\AEROEXPRESS\inicio\include_taskbar.php <-- AEROEXPRESS /public_html/inicio include_taskbar.php
2016.09.14 21:00 B G:\CONTENEDOR\sitios\activos\AEROEXPRESS\inicio\tiendas2.php <-- AEROEXPRESS /public_html/inicio tiendas2.php
2016.09.14 21:00 B G:\CONTENEDOR\sitios\activos\AEROEXPRESS\inicio\include_siguenos.php <-- AEROEXPRESS /public_html/inicio include_siguenos.php
2016.09.14 21:00 B G:\CONTENEDOR\sitios\activos\AEROEXPRESS\inicio\include_sobre_aeroexpress.php <-- AEROEXPRESS /public_html/inicio include_sobre_aeroexpress.php
2016.09.14 21:00 B G:\CONTENEDOR\sitios\activos\AEROEXPRESS\inicio\include_medio_pago.php <-- AEROEXPRESS /public_html/inicio include_medio_pago.php
2016.09.14 21:00 B G:\CONTENEDOR\sitios\activos\AEROEXPRESS\inicio\include_marcas_favoritas.php <-- AEROEXPRESS /public_html/inicio include_marcas_favoritas.php
2017.03.15 14:01 B G:\CONTENEDOR\sitios\activos\AEROEXPRESS\inicio\calculadora.php --> hs20.ihosting.cl /public_html/desarrollo/tlc/inicio calculadora.php
2017.03.15 14:01 B G:\CONTENEDOR\sitios\activos\AEROEXPRESS\inicio\calculadora_result.php --> hs20.ihosting.cl /public_html/desarrollo/tlc/inicio calculadora_result.php
2017.03.15 14:01 B G:\CONTENEDOR\sitios\activos\AEROEXPRESS\inicio\class.phpmailer.php --> hs20.ihosting.cl /public_html/desarrollo/tlc/inicio class.phpmailer.php
2017.03.15 14:01 B G:\CONTENEDOR\sitios\activos\AEROEXPRESS\inicio\como.php --> hs20.ihosting.cl /public_html/desarrollo/tlc/inicio como.php
2017.03.15 14:01 B G:\CONTENEDOR\sitios\activos\AEROEXPRESS\inicio\contacto.php --> hs20.ihosting.cl /public_html/desarrollo/tlc/inicio contacto.php
2017.03.15 14:01 B G:\CONTENEDOR\sitios\activos\AEROEXPRESS\inicio\enviar.php --> hs20.ihosting.cl /public_html/desarrollo/tlc/inicio enviar.php
2017.03.15 14:01 B G:\CONTENEDOR\sitios\activos\AEROEXPRESS\inicio\enviar_compramos.php --> hs20.ihosting.cl /public_html/desarrollo/tlc/inicio enviar_compramos.php
2017.03.15 14:01 B G:\CONTENEDOR\sitios\activos\AEROEXPRESS\inicio\enviar_contacto.php --> hs20.ihosting.cl /public_html/desarrollo/tlc/inicio enviar_contacto.php
2017.03.15 14:01 B G:\CONTENEDOR\sitios\activos\AEROEXPRESS\inicio\error_log --> hs20.ihosting.cl /public_html/desarrollo/tlc/inicio error_log
2017.03.15 14:01 B G:\CONTENEDOR\sitios\activos\AEROEXPRESS\inicio\include_4_pasos.php --> hs20.ihosting.cl /public_html/desarrollo/tlc/inicio include_4_pasos.php
2017.03.15 14:01 B G:\CONTENEDOR\sitios\activos\AEROEXPRESS\inicio\include_4_tr.php --> hs20.ihosting.cl /public_html/desarrollo/tlc/inicio include_4_tr.php
2017.03.15 14:01 B G:\CONTENEDOR\sitios\activos\AEROEXPRESS\inicio\include_calculadora.php --> hs20.ihosting.cl /public_html/desarrollo/tlc/inicio include_calculadora.php
2017.03.15 14:01 B G:\CONTENEDOR\sitios\activos\AEROEXPRESS\inicio\include_calculadora_old.php --> hs20.ihosting.cl /public_html/desarrollo/tlc/inicio include_calculadora_old.php
2017.03.15 14:01 B G:\CONTENEDOR\sitios\activos\AEROEXPRESS\inicio\include_calculadora_result.php --> hs20.ihosting.cl /public_html/desarrollo/tlc/inicio include_calculadora_result.php
2017.03.15 14:01 B G:\CONTENEDOR\sitios\activos\AEROEXPRESS\inicio\include_contacto.php --> hs20.ihosting.cl /public_html/desarrollo/tlc/inicio include_contacto.php
2017.03.15 14:01 B G:\CONTENEDOR\sitios\activos\AEROEXPRESS\inicio\include_footer_bottom.php --> hs20.ihosting.cl /public_html/desarrollo/tlc/inicio include_footer_bottom.php
2017.03.15 14:01 B G:\CONTENEDOR\sitios\activos\AEROEXPRESS\inicio\include_footer_top.php --> hs20.ihosting.cl /public_html/desarrollo/tlc/inicio include_footer_top.php
2017.03.15 14:01 B G:\CONTENEDOR\sitios\activos\AEROEXPRESS\inicio\include_head.php --> hs20.ihosting.cl /public_html/desarrollo/tlc/inicio include_head.php
2017.03.15 14:01 B G:\CONTENEDOR\sitios\activos\AEROEXPRESS\inicio\include_header.php --> hs20.ihosting.cl /public_html/desarrollo/tlc/inicio include_header.php
2017.03.15 14:01 B G:\CONTENEDOR\sitios\activos\AEROEXPRESS\inicio\include_lo_compramos.php --> hs20.ihosting.cl /public_html/desarrollo/tlc/inicio include_lo_compramos.php
2017.03.15 14:01 B G:\CONTENEDOR\sitios\activos\AEROEXPRESS\inicio\include_marcas_favoritas.php --> hs20.ihosting.cl /public_html/desarrollo/tlc/inicio include_marcas_favoritas.php
2017.03.15 14:01 B G:\CONTENEDOR\sitios\activos\AEROEXPRESS\inicio\include_medio_pago.php --> hs20.ihosting.cl /public_html/desarrollo/tlc/inicio include_medio_pago.php
2017.03.15 14:01 B G:\CONTENEDOR\sitios\activos\AEROEXPRESS\inicio\include_registro.php --> hs20.ihosting.cl /public_html/desarrollo/tlc/inicio include_registro.php
2017.03.15 14:01 B G:\CONTENEDOR\sitios\activos\AEROEXPRESS\inicio\include_siguenos.php --> hs20.ihosting.cl /public_html/desarrollo/tlc/inicio include_siguenos.php
2017.03.15 14:01 B G:\CONTENEDOR\sitios\activos\AEROEXPRESS\inicio\include_slider.php --> hs20.ihosting.cl /public_html/desarrollo/tlc/inicio include_slider.php
2017.03.15 14:01 B G:\CONTENEDOR\sitios\activos\AEROEXPRESS\inicio\include_sobre_aeroexpress.php --> hs20.ihosting.cl /public_html/desarrollo/tlc/inicio include_sobre_aeroexpress.php
2017.03.15 14:01 B G:\CONTENEDOR\sitios\activos\AEROEXPRESS\inicio\include_taskbar.php --> hs20.ihosting.cl /public_html/desarrollo/tlc/inicio include_taskbar.php
2017.03.15 14:01 B G:\CONTENEDOR\sitios\activos\AEROEXPRESS\inicio\include_tiendas_recomendadas.php --> hs20.ihosting.cl /public_html/desarrollo/tlc/inicio include_tiendas_recomendadas.php
2017.03.15 14:01 B G:\CONTENEDOR\sitios\activos\AEROEXPRESS\inicio\index.php --> hs20.ihosting.cl /public_html/desarrollo/tlc/inicio index.php
2017.03.15 14:01 B G:\CONTENEDOR\sitios\activos\AEROEXPRESS\inicio\lo_compramos.php --> hs20.ihosting.cl /public_html/desarrollo/tlc/inicio lo_compramos.php
2017.03.15 14:01 B G:\CONTENEDOR\sitios\activos\AEROEXPRESS\inicio\registro.php --> hs20.ihosting.cl /public_html/desarrollo/tlc/inicio registro.php
2017.03.15 14:01 B G:\CONTENEDOR\sitios\activos\AEROEXPRESS\inicio\seguimiento.php --> hs20.ihosting.cl /public_html/desarrollo/tlc/inicio seguimiento.php
2017.03.15 14:01 B G:\CONTENEDOR\sitios\activos\AEROEXPRESS\inicio\tarifas.php --> hs20.ihosting.cl /public_html/desarrollo/tlc/inicio tarifas.php
2017.03.15 14:01 B G:\CONTENEDOR\sitios\activos\AEROEXPRESS\inicio\terminos.php --> hs20.ihosting.cl /public_html/desarrollo/tlc/inicio terminos.php
2017.03.15 14:01 B G:\CONTENEDOR\sitios\activos\AEROEXPRESS\inicio\tiendas.php --> hs20.ihosting.cl /public_html/desarrollo/tlc/inicio tiendas.php
2017.03.15 14:01 B G:\CONTENEDOR\sitios\activos\AEROEXPRESS\inicio\tiendas2.php --> hs20.ihosting.cl /public_html/desarrollo/tlc/inicio tiendas2.php
2017.03.15 14:01 B G:\CONTENEDOR\sitios\activos\AEROEXPRESS\inicio\WS_FTP.LOG --> hs20.ihosting.cl /public_html/desarrollo/tlc/inicio WS_FTP.LOG
2017.03.20 21:43 B G:\CONTENEDOR\sitios\activos\tlc\inicio\include_head.php --> hs20.ihosting.cl /public_html/desarrollo/tlc/inicio include_head.php
2017.03.20 21:43 B G:\CONTENEDOR\sitios\activos\tlc\inicio\include_slider.php --> hs20.ihosting.cl /public_html/desarrollo/tlc/inicio include_slider.php
2017.03.20 21:44 B G:\CONTENEDOR\sitios\activos\tlc\inicio\include_slider.php --> hs20.ihosting.cl /public_html/desarrollo/tlc/inicio include_slider.php
2017.03.20 21:48 B G:\CONTENEDOR\sitios\activos\tlc\inicio\include_header.php --> hs20.ihosting.cl /public_html/desarrollo/tlc/inicio include_header.php
2017.03.20 21:48 B G:\CONTENEDOR\sitios\activos\tlc\inicio\include_header.php --> hs20.ihosting.cl /public_html/desarrollo/tlc/inicio include_header.php
2017.03.20 21:49 B G:\CONTENEDOR\sitios\activos\tlc\inicio\include_4_pasos.php --> hs20.ihosting.cl /public_html/desarrollo/tlc/inicio include_4_pasos.php
2017.03.20 21:49 B G:\CONTENEDOR\sitios\activos\tlc\inicio\include_4_pasos.php --> hs20.ihosting.cl /public_html/desarrollo/tlc/inicio include_4_pasos.php
2017.03.20 21:58 B G:\CONTENEDOR\sitios\activos\tlc\inicio\include_sobre_aeroexpress.php --> hs20.ihosting.cl /public_html/desarrollo/tlc/inicio include_sobre_aeroexpress.php
2017.03.20 21:58 B G:\CONTENEDOR\sitios\activos\tlc\inicio\include_tiendas_recomendadas.php --> hs20.ihosting.cl /public_html/desarrollo/tlc/inicio include_tiendas_recomendadas.php
2017.03.20 22:00 B G:\CONTENEDOR\sitios\activos\tlc\inicio\include_sobre_aeroexpress.php --> hs20.ihosting.cl /public_html/desarrollo/tlc/inicio include_sobre_aeroexpress.php
2017.03.20 22:09 B G:\CONTENEDOR\sitios\activos\tlc\inicio\include_contacto.php --> hs20.ihosting.cl /public_html/desarrollo/tlc/inicio include_contacto.php
2017.03.20 22:38 B G:\CONTENEDOR\sitios\activos\tlc\inicio\enviar_contacto.php --> hs20.ihosting.cl /public_html/desarrollo/tlc/inicio enviar_contacto.php
2017.03.20 22:38 B G:\CONTENEDOR\sitios\activos\tlc\inicio\include_contacto.php --> hs20.ihosting.cl /public_html/desarrollo/tlc/inicio include_contacto.php
2017.03.20 22:45 B G:\CONTENEDOR\sitios\activos\tlc\inicio\terminos.php --> hs20.ihosting.cl /public_html/desarrollo/tlc/inicio terminos.php
2017.03.20 22:47 B G:\CONTENEDOR\sitios\activos\tlc\inicio\include_footer_top.php --> hs20.ihosting.cl /public_html/desarrollo/tlc/inicio include_footer_top.php
2017.03.20 22:47 B G:\CONTENEDOR\sitios\activos\tlc\inicio\include_footer_bottom.php --> hs20.ihosting.cl /public_html/desarrollo/tlc/inicio include_footer_bottom.php
2017.03.20 22:52 B G:\CONTENEDOR\sitios\activos\tlc\inicio\como.php --> hs20.ihosting.cl /public_html/desarrollo/tlc/inicio como.php
2017.03.20 22:54 B G:\CONTENEDOR\sitios\activos\tlc\inicio\como.php --> hs20.ihosting.cl /public_html/desarrollo/tlc/inicio como.php
2017.03.20 22:55 B G:\CONTENEDOR\sitios\activos\tlc\inicio\como.php --> hs20.ihosting.cl /public_html/desarrollo/tlc/inicio como.php
2017.03.20 23:02 B G:\CONTENEDOR\sitios\activos\tlc\inicio\enviar.php --> hs20.ihosting.cl /public_html/desarrollo/tlc/inicio enviar.php
2017.03.20 23:05 B G:\CONTENEDOR\sitios\activos\tlc\inicio\enviar_compramos.php --> hs20.ihosting.cl /public_html/desarrollo/tlc/inicio enviar_compramos.php
2017.03.20 23:05 B G:\CONTENEDOR\sitios\activos\tlc\inicio\enviar.php --> hs20.ihosting.cl /public_html/desarrollo/tlc/inicio enviar.php
2017.03.20 23:05 B G:\CONTENEDOR\sitios\activos\tlc\inicio\como.php --> hs20.ihosting.cl /public_html/desarrollo/tlc/inicio como.php
2017.03.20 23:11 B G:\CONTENEDOR\sitios\activos\tlc\inicio\tarifas.php --> hs20.ihosting.cl /public_html/desarrollo/tlc/inicio tarifas.php
2017.03.20 23:12 B G:\CONTENEDOR\sitios\activos\tlc\inicio\tarifas.php --> hs20.ihosting.cl /public_html/desarrollo/tlc/inicio tarifas.php
2017.03.20 23:12 B G:\CONTENEDOR\sitios\activos\tlc\inicio\tarifas.php --> hs20.ihosting.cl /public_html/desarrollo/tlc/inicio tarifas.php
2017.03.20 23:13 B G:\CONTENEDOR\sitios\activos\tlc\inicio\tarifas.php --> hs20.ihosting.cl /public_html/desarrollo/tlc/inicio tarifas.php
2017.03.20 23:13 B G:\CONTENEDOR\sitios\activos\tlc\inicio\tarifas.php --> hs20.ihosting.cl /public_html/desarrollo/tlc/inicio tarifas.php
2017.03.20 23:16 B G:\CONTENEDOR\sitios\activos\tlc\inicio\calculadora.php --> hs20.ihosting.cl /public_html/desarrollo/tlc/inicio calculadora.php
2017.03.20 23:17 B G:\CONTENEDOR\sitios\activos\tlc\inicio\calculadora.php --> hs20.ihosting.cl /public_html/desarrollo/tlc/inicio calculadora.php
2017.03.20 23:17 B G:\CONTENEDOR\sitios\activos\tlc\inicio\include_calculadora.php --> hs20.ihosting.cl /public_html/desarrollo/tlc/inicio include_calculadora.php
2017.03.20 23:19 B G:\CONTENEDOR\sitios\activos\tlc\inicio\include_calculadora_maqueta.php --> hs20.ihosting.cl /public_html/desarrollo/tlc/inicio include_calculadora_maqueta.php
2017.03.20 23:19 B G:\CONTENEDOR\sitios\activos\tlc\inicio\calculadora_maqueta.php --> hs20.ihosting.cl /public_html/desarrollo/tlc/inicio calculadora_maqueta.php
2017.03.20 23:19 B G:\CONTENEDOR\sitios\activos\tlc\inicio\include_header.php --> hs20.ihosting.cl /public_html/desarrollo/tlc/inicio include_header.php
2017.03.20 23:20 B G:\CONTENEDOR\sitios\activos\tlc\inicio\include_header.php --> hs20.ihosting.cl /public_html/desarrollo/tlc/inicio include_header.php
2017.03.20 23:20 B G:\CONTENEDOR\sitios\activos\tlc\inicio\include_header.php --> hs20.ihosting.cl /public_html/desarrollo/tlc/inicio include_header.php
2017.03.20 23:23 B G:\CONTENEDOR\sitios\activos\tlc\inicio\include_registro_maqueta.php --> hs20.ihosting.cl /public_html/desarrollo/tlc/inicio include_registro_maqueta.php
2017.03.20 23:23 B G:\CONTENEDOR\sitios\activos\tlc\inicio\registro_maqueta.php --> hs20.ihosting.cl /public_html/desarrollo/tlc/inicio registro_maqueta.php
2017.03.20 23:23 B G:\CONTENEDOR\sitios\activos\tlc\inicio\include_header.php --> hs20.ihosting.cl /public_html/desarrollo/tlc/inicio include_header.php
2017.03.20 23:23 B G:\CONTENEDOR\sitios\activos\tlc\inicio\calculadora_maqueta.php --> hs20.ihosting.cl /public_html/desarrollo/tlc/inicio calculadora_maqueta.php
2017.03.20 23:24 B G:\CONTENEDOR\sitios\activos\tlc\inicio\registro_maqueta.php --> hs20.ihosting.cl /public_html/desarrollo/tlc/inicio registro_maqueta.php
2017.03.20 23:24 B G:\CONTENEDOR\sitios\activos\tlc\inicio\include_registro_maqueta.php --> hs20.ihosting.cl /public_html/desarrollo/tlc/inicio include_registro_maqueta.php
2017.03.20 23:25 B G:\CONTENEDOR\sitios\activos\tlc\inicio\include_registro_maqueta.php --> hs20.ihosting.cl /public_html/desarrollo/tlc/inicio include_registro_maqueta.php
2017.03.21 00:11 B G:\CONTENEDOR\sitios\activos\tlc\inicio\include_footer_top.php --> hs20.ihosting.cl /public_html/desarrollo/tlc/inicio include_footer_top.php
2017.03.21 00:11 B G:\CONTENEDOR\sitios\activos\tlc\inicio\include_footer_bottom.php --> hs20.ihosting.cl /public_html/desarrollo/tlc/inicio include_footer_bottom.php
2017.03.21 00:11 B G:\CONTENEDOR\sitios\activos\tlc\inicio\include_header.php --> hs20.ihosting.cl /public_html/desarrollo/tlc/inicio include_header.php
2017.03.21 00:12 B G:\CONTENEDOR\sitios\activos\tlc\inicio\include_footer_top.php --> hs20.ihosting.cl /public_html/desarrollo/tlc/inicio include_footer_top.php
2017.04.25 15:59 B G:\CONTENEDOR\sitios\activos\tlc\inicio\include_4_pasos.php --> hs20.ihosting.cl /public_html/desarrollo/tlc/inicio include_4_pasos.php
2017.04.25 15:59 B G:\CONTENEDOR\sitios\activos\tlc\inicio\include_4_pasos.php --> hs20.ihosting.cl /public_html/desarrollo/tlc/inicio include_4_pasos.php
2017.04.25 16:00 B G:\CONTENEDOR\sitios\activos\tlc\inicio\include_4_pasos.php --> hs20.ihosting.cl /public_html/desarrollo/tlc/inicio include_4_pasos.php
2017.04.25 16:01 B G:\CONTENEDOR\sitios\activos\tlc\inicio\include_4_pasos.php --> hs20.ihosting.cl /public_html/desarrollo/tlc/inicio include_4_pasos.php
2017.04.25 16:02 B G:\CONTENEDOR\sitios\activos\tlc\inicio\include_4_pasos.php --> hs20.ihosting.cl /public_html/desarrollo/tlc/inicio include_4_pasos.php
2017.04.25 16:02 B G:\CONTENEDOR\sitios\activos\tlc\inicio\include_4_pasos.php --> hs20.ihosting.cl /public_html/desarrollo/tlc/inicio include_4_pasos.php
2017.04.25 16:03 B G:\CONTENEDOR\sitios\activos\tlc\inicio\include_4_pasos.php --> hs20.ihosting.cl /public_html/desarrollo/tlc/inicio include_4_pasos.php
2017.04.25 16:03 B G:\CONTENEDOR\sitios\activos\tlc\inicio\include_4_pasos.php --> hs20.ihosting.cl /public_html/desarrollo/tlc/inicio include_4_pasos.php
2017.04.25 16:05 B G:\CONTENEDOR\sitios\activos\tlc\inicio\include_4_pasos.php --> hs20.ihosting.cl /public_html/desarrollo/tlc/inicio include_4_pasos.php
2017.04.25 16:05 B G:\CONTENEDOR\sitios\activos\tlc\inicio\include_4_pasos.php --> hs20.ihosting.cl /public_html/desarrollo/tlc/inicio include_4_pasos.php
2017.04.25 16:05 B G:\CONTENEDOR\sitios\activos\tlc\inicio\include_4_pasos.php --> hs20.ihosting.cl /public_html/desarrollo/tlc/inicio include_4_pasos.php
2017.04.25 16:05 B G:\CONTENEDOR\sitios\activos\tlc\inicio\include_4_pasos.php --> hs20.ihosting.cl /public_html/desarrollo/tlc/inicio include_4_pasos.php
2017.04.25 16:06 B G:\CONTENEDOR\sitios\activos\tlc\inicio\include_4_pasos.php --> hs20.ihosting.cl /public_html/desarrollo/tlc/inicio include_4_pasos.php
2017.04.25 16:21 B G:\CONTENEDOR\sitios\activos\tlc\inicio\include_4_pasos.php --> hs20.ihosting.cl /public_html/desarrollo/tlc/inicio include_4_pasos.php
2017.04.25 16:23 B G:\CONTENEDOR\sitios\activos\tlc\inicio\include_4_pasos.php --> hs20.ihosting.cl /public_html/desarrollo/tlc/inicio include_4_pasos.php
2017.04.25 16:28 B G:\CONTENEDOR\sitios\activos\tlc\inicio\include_4_pasos.php --> hs20.ihosting.cl /public_html/desarrollo/tlc/inicio include_4_pasos.php
2017.04.25 16:28 B G:\CONTENEDOR\sitios\activos\tlc\inicio\include_4_pasos.php --> hs20.ihosting.cl /public_html/desarrollo/tlc/inicio include_4_pasos.php
2017.04.25 16:30 B G:\CONTENEDOR\sitios\activos\tlc\inicio\index.php --> hs20.ihosting.cl /public_html/desarrollo/tlc/inicio index.php
2017.04.25 16:34 B G:\CONTENEDOR\sitios\activos\tlc\inicio\servicios.php --> hs20.ihosting.cl /public_html/desarrollo/tlc/inicio servicios.php
2017.04.25 16:35 B G:\CONTENEDOR\sitios\activos\tlc\inicio\servicios.php --> hs20.ihosting.cl /public_html/desarrollo/tlc/inicio servicios.php
2017.04.25 16:38 B G:\CONTENEDOR\sitios\activos\tlc\inicio\servicios.php --> hs20.ihosting.cl /public_html/desarrollo/tlc/inicio servicios.php
2017.04.25 16:39 B G:\CONTENEDOR\sitios\activos\tlc\inicio\servicios.php --> hs20.ihosting.cl /public_html/desarrollo/tlc/inicio servicios.php
2017.04.25 16:40 B G:\CONTENEDOR\sitios\activos\tlc\inicio\servicios.php --> hs20.ihosting.cl /public_html/desarrollo/tlc/inicio servicios.php
2017.04.25 16:43 B G:\CONTENEDOR\sitios\activos\tlc\inicio\servicios.php --> hs20.ihosting.cl /public_html/desarrollo/tlc/inicio servicios.php
2017.04.25 16:45 B G:\CONTENEDOR\sitios\activos\tlc\inicio\servicios.php --> hs20.ihosting.cl /public_html/desarrollo/tlc/inicio servicios.php
2017.04.25 16:45 B G:\CONTENEDOR\sitios\activos\tlc\inicio\servicios.php --> hs20.ihosting.cl /public_html/desarrollo/tlc/inicio servicios.php
2017.04.25 16:48 B G:\CONTENEDOR\sitios\activos\tlc\inicio\servicios.php --> hs20.ihosting.cl /public_html/desarrollo/tlc/inicio servicios.php
2017.04.25 16:52 B G:\CONTENEDOR\sitios\activos\tlc\inicio\servicios.php --> hs20.ihosting.cl /public_html/desarrollo/tlc/inicio servicios.php
2017.04.25 16:55 B G:\CONTENEDOR\sitios\activos\tlc\inicio\servicios.php --> hs20.ihosting.cl /public_html/desarrollo/tlc/inicio servicios.php
2017.04.25 16:56 B G:\CONTENEDOR\sitios\activos\tlc\inicio\servicios.php --> hs20.ihosting.cl /public_html/desarrollo/tlc/inicio servicios.php
2017.04.25 16:56 B G:\CONTENEDOR\sitios\activos\tlc\inicio\servicios.php --> hs20.ihosting.cl /public_html/desarrollo/tlc/inicio servicios.php
2017.04.25 16:58 B G:\CONTENEDOR\sitios\activos\tlc\inicio\servicios.php --> hs20.ihosting.cl /public_html/desarrollo/tlc/inicio servicios.php
2017.04.25 16:59 B G:\CONTENEDOR\sitios\activos\tlc\inicio\servicios.php --> hs20.ihosting.cl /public_html/desarrollo/tlc/inicio servicios.php
2017.04.25 16:59 B G:\CONTENEDOR\sitios\activos\tlc\inicio\servicios.php --> hs20.ihosting.cl /public_html/desarrollo/tlc/inicio servicios.php
2017.04.25 17:00 B G:\CONTENEDOR\sitios\activos\tlc\inicio\servicios.php --> hs20.ihosting.cl /public_html/desarrollo/tlc/inicio servicios.php
2017.04.25 17:00 B G:\CONTENEDOR\sitios\activos\tlc\inicio\servicios.php --> hs20.ihosting.cl /public_html/desarrollo/tlc/inicio servicios.php
2017.04.25 17:01 B G:\CONTENEDOR\sitios\activos\tlc\inicio\servicios.php --> hs20.ihosting.cl /public_html/desarrollo/tlc/inicio servicios.php
2017.04.25 17:02 B G:\CONTENEDOR\sitios\activos\tlc\inicio\servicios.php --> hs20.ihosting.cl /public_html/desarrollo/tlc/inicio servicios.php
2017.04.25 17:08 B G:\CONTENEDOR\sitios\activos\tlc\inicio\servicios.php --> hs20.ihosting.cl /public_html/desarrollo/tlc/inicio servicios.php
2017.04.25 17:09 B G:\CONTENEDOR\sitios\activos\tlc\inicio\servicios.php --> hs20.ihosting.cl /public_html/desarrollo/tlc/inicio servicios.php
2017.04.25 17:11 B G:\CONTENEDOR\sitios\activos\tlc\inicio\servicios.php --> hs20.ihosting.cl /public_html/desarrollo/tlc/inicio servicios.php
2017.04.25 17:13 B G:\CONTENEDOR\sitios\activos\tlc\inicio\servicios.php --> hs20.ihosting.cl /public_html/desarrollo/tlc/inicio servicios.php
2017.04.25 17:14 B G:\CONTENEDOR\sitios\activos\tlc\inicio\servicios.php --> hs20.ihosting.cl /public_html/desarrollo/tlc/inicio servicios.php
2017.04.25 17:16 B G:\CONTENEDOR\sitios\activos\tlc\inicio\servicios.php --> hs20.ihosting.cl /public_html/desarrollo/tlc/inicio servicios.php
2017.04.25 17:18 B G:\CONTENEDOR\sitios\activos\tlc\inicio\servicios.php --> hs20.ihosting.cl /public_html/desarrollo/tlc/inicio servicios.php
2017.04.25 17:19 B G:\CONTENEDOR\sitios\activos\tlc\inicio\servicios.php --> hs20.ihosting.cl /public_html/desarrollo/tlc/inicio servicios.php
2017.04.25 17:19 B G:\CONTENEDOR\sitios\activos\tlc\inicio\servicios.php --> hs20.ihosting.cl /public_html/desarrollo/tlc/inicio servicios.php
2017.04.25 17:29 B G:\CONTENEDOR\sitios\activos\tlc\inicio\faq.php --> hs20.ihosting.cl /public_html/desarrollo/tlc/inicio faq.php
2017.04.25 17:29 B G:\CONTENEDOR\sitios\activos\tlc\inicio\servicios.php --> hs20.ihosting.cl /public_html/desarrollo/tlc/inicio servicios.php
2017.04.25 17:30 B G:\CONTENEDOR\sitios\activos\tlc\inicio\servicios.php --> hs20.ihosting.cl /public_html/desarrollo/tlc/inicio servicios.php
2017.04.25 17:30 B G:\CONTENEDOR\sitios\activos\tlc\inicio\faq.php --> hs20.ihosting.cl /public_html/desarrollo/tlc/inicio faq.php
2017.04.25 17:34 B G:\CONTENEDOR\sitios\activos\tlc\inicio\normas.php --> hs20.ihosting.cl /public_html/desarrollo/tlc/inicio normas.php
2017.04.25 17:36 B G:\CONTENEDOR\sitios\activos\tlc\inicio\normas.php --> hs20.ihosting.cl /public_html/desarrollo/tlc/inicio normas.php
2017.04.25 17:37 B G:\CONTENEDOR\sitios\activos\tlc\inicio\normas.php --> hs20.ihosting.cl /public_html/desarrollo/tlc/inicio normas.php
2017.04.25 17:37 B G:\CONTENEDOR\sitios\activos\tlc\inicio\tarifas.php --> hs20.ihosting.cl /public_html/desarrollo/tlc/inicio tarifas.php
2017.04.25 17:39 B G:\CONTENEDOR\sitios\activos\tlc\inicio\calculadora.php --> hs20.ihosting.cl /public_html/desarrollo/tlc/inicio calculadora.php
2017.04.25 17:40 B G:\CONTENEDOR\sitios\activos\tlc\inicio\calculadora.php --> hs20.ihosting.cl /public_html/desarrollo/tlc/inicio calculadora.php
2017.04.25 17:41 B G:\CONTENEDOR\sitios\activos\tlc\inicio\calculadora_maqueta.php --> hs20.ihosting.cl /public_html/desarrollo/tlc/inicio calculadora_maqueta.php
2017.04.25 17:51 B G:\CONTENEDOR\sitios\activos\tlc\inicio\normas.php --> hs20.ihosting.cl /public_html/desarrollo/tlc/inicio normas.php
2017.04.25 17:51 B G:\CONTENEDOR\sitios\activos\tlc\inicio\normas.php --> hs20.ihosting.cl /public_html/desarrollo/tlc/inicio normas.php
2017.04.25 18:00 B G:\CONTENEDOR\sitios\activos\tlc\inicio\normas.php --> hs20.ihosting.cl /public_html/desarrollo/tlc/inicio normas.php
2017.04.25 18:04 B G:\CONTENEDOR\sitios\activos\tlc\inicio\normas.php --> hs20.ihosting.cl /public_html/desarrollo/tlc/inicio normas.php
2017.04.25 18:08 B G:\CONTENEDOR\sitios\activos\tlc\inicio\normas.php --> hs20.ihosting.cl /public_html/desarrollo/tlc/inicio normas.php
2017.04.25 18:08 B G:\CONTENEDOR\sitios\activos\tlc\inicio\normas.php --> hs20.ihosting.cl /public_html/desarrollo/tlc/inicio normas.php
2017.04.25 18:20 B G:\CONTENEDOR\sitios\activos\tlc\inicio\include_header.php --> hs20.ihosting.cl /public_html/desarrollo/tlc/inicio include_header.php
2017.04.25 18:21 B G:\CONTENEDOR\sitios\activos\tlc\inicio\include_header.php --> hs20.ihosting.cl /public_html/desarrollo/tlc/inicio include_header.php
2017.04.25 18:22 B G:\CONTENEDOR\sitios\activos\tlc\inicio\include_header.php --> hs20.ihosting.cl /public_html/desarrollo/tlc/inicio include_header.php
2017.04.25 18:23 B G:\CONTENEDOR\sitios\activos\tlc\inicio\include_header.php --> hs20.ihosting.cl /public_html/desarrollo/tlc/inicio include_header.php
2017.04.25 18:24 B G:\CONTENEDOR\sitios\activos\tlc\inicio\include_header.php --> hs20.ihosting.cl /public_html/desarrollo/tlc/inicio include_header.php
2017.04.25 18:27 B G:\CONTENEDOR\sitios\activos\tlc\inicio\include_header.php --> hs20.ihosting.cl /public_html/desarrollo/tlc/inicio include_header.php
2017.04.25 18:30 B G:\CONTENEDOR\sitios\activos\tlc\inicio\include_4_pasos.php --> hs20.ihosting.cl /public_html/desarrollo/tlc/inicio include_4_pasos.php
2017.04.25 18:30 B G:\CONTENEDOR\sitios\activos\tlc\inicio\como.php --> hs20.ihosting.cl /public_html/desarrollo/tlc/inicio como.php
2017.04.25 18:30 B G:\CONTENEDOR\sitios\activos\tlc\inicio\include_header.php --> hs20.ihosting.cl /public_html/desarrollo/tlc/inicio include_header.php
2017.04.25 18:31 B G:\CONTENEDOR\sitios\activos\tlc\inicio\como.php --> hs20.ihosting.cl /public_html/desarrollo/tlc/inicio como.php
2017.04.25 18:32 B G:\CONTENEDOR\sitios\activos\tlc\inicio\como.php --> hs20.ihosting.cl /public_html/desarrollo/tlc/inicio como.php
2017.04.25 18:33 B G:\CONTENEDOR\sitios\activos\tlc\inicio\lo_compramos.php --> hs20.ihosting.cl /public_html/desarrollo/tlc/inicio lo_compramos.php
2017.04.25 18:35 B G:\CONTENEDOR\sitios\activos\tlc\inicio\include_lo_compramos.php --> hs20.ihosting.cl /public_html/desarrollo/tlc/inicio include_lo_compramos.php
2017.04.25 18:37 B G:\CONTENEDOR\sitios\activos\tlc\inicio\include_lo_compramos.php --> hs20.ihosting.cl /public_html/desarrollo/tlc/inicio include_lo_compramos.php
2017.04.25 18:37 B G:\CONTENEDOR\sitios\activos\tlc\inicio\include_lo_compramos.php --> hs20.ihosting.cl /public_html/desarrollo/tlc/inicio include_lo_compramos.php
2017.04.25 18:38 B G:\CONTENEDOR\sitios\activos\tlc\inicio\include_lo_compramos.php --> hs20.ihosting.cl /public_html/desarrollo/tlc/inicio include_lo_compramos.php
2017.04.25 18:38 B G:\CONTENEDOR\sitios\activos\tlc\inicio\tarifas.php --> hs20.ihosting.cl /public_html/desarrollo/tlc/inicio tarifas.php
2017.04.25 18:39 B G:\CONTENEDOR\sitios\activos\tlc\inicio\servicios.php --> hs20.ihosting.cl /public_html/desarrollo/tlc/inicio servicios.php
2017.04.25 18:39 B G:\CONTENEDOR\sitios\activos\tlc\inicio\include_header.php --> hs20.ihosting.cl /public_html/desarrollo/tlc/inicio include_header.php
2017.04.25 18:39 B G:\CONTENEDOR\sitios\activos\tlc\inicio\include_header.php --> hs20.ihosting.cl /public_html/desarrollo/tlc/inicio include_header.php
2017.04.25 18:41 B G:\CONTENEDOR\sitios\activos\tlc\inicio\include_4_tr.php --> hs20.ihosting.cl /public_html/desarrollo/tlc/inicio include_4_tr.php
2017.04.25 18:41 B G:\CONTENEDOR\sitios\activos\tlc\inicio\include_4_tr.php --> hs20.ihosting.cl /public_html/desarrollo/tlc/inicio include_4_tr.php
2017.04.25 18:42 B G:\CONTENEDOR\sitios\activos\tlc\inicio\include_4_tr.php --> hs20.ihosting.cl /public_html/desarrollo/tlc/inicio include_4_tr.php
2017.04.25 18:42 B G:\CONTENEDOR\sitios\activos\tlc\inicio\include_4_tr.php --> hs20.ihosting.cl /public_html/desarrollo/tlc/inicio include_4_tr.php
2017.04.25 18:43 B G:\CONTENEDOR\sitios\activos\tlc\inicio\include_4_tr.php --> hs20.ihosting.cl /public_html/desarrollo/tlc/inicio include_4_tr.php
2017.04.25 18:44 B G:\CONTENEDOR\sitios\activos\tlc\inicio\include_4_tr.php --> hs20.ihosting.cl /public_html/desarrollo/tlc/inicio include_4_tr.php
2017.04.25 18:46 B G:\CONTENEDOR\sitios\activos\tlc\inicio\include_4_tr.php --> hs20.ihosting.cl /public_html/desarrollo/tlc/inicio include_4_tr.php
2017.04.25 18:48 B G:\CONTENEDOR\sitios\activos\tlc\inicio\include_footer_top.php --> hs20.ihosting.cl /public_html/desarrollo/tlc/inicio include_footer_top.php
2017.05.01 19:24 B G:\CONTENEDOR\sitios\activos\tlc\inicio\WS_FTP.LOG --> hs33.ihosting.cl /public_html/inicio WS_FTP.LOG
2017.05.01 19:24 B G:\CONTENEDOR\sitios\activos\tlc\inicio\include_footer_top.php --> hs33.ihosting.cl /public_html/inicio include_footer_top.php
2017.05.01 19:24 B G:\CONTENEDOR\sitios\activos\tlc\inicio\include_4_tr.php --> hs33.ihosting.cl /public_html/inicio include_4_tr.php
2017.05.01 19:24 B G:\CONTENEDOR\sitios\activos\tlc\inicio\include_header.php --> hs33.ihosting.cl /public_html/inicio include_header.php
2017.05.01 19:24 B G:\CONTENEDOR\sitios\activos\tlc\inicio\tarifas.php --> hs33.ihosting.cl /public_html/inicio tarifas.php
2017.05.01 19:24 B G:\CONTENEDOR\sitios\activos\tlc\inicio\servicios.php --> hs33.ihosting.cl /public_html/inicio servicios.php
2017.05.01 19:24 B G:\CONTENEDOR\sitios\activos\tlc\inicio\include_lo_compramos.php --> hs33.ihosting.cl /public_html/inicio include_lo_compramos.php
2017.05.01 19:24 B G:\CONTENEDOR\sitios\activos\tlc\inicio\lo_compramos.php --> hs33.ihosting.cl /public_html/inicio lo_compramos.php
2017.05.01 19:24 B G:\CONTENEDOR\sitios\activos\tlc\inicio\como.php --> hs33.ihosting.cl /public_html/inicio como.php
2017.05.01 19:24 B G:\CONTENEDOR\sitios\activos\tlc\inicio\include_4_pasos.php --> hs33.ihosting.cl /public_html/inicio include_4_pasos.php
2017.05.01 19:24 B G:\CONTENEDOR\sitios\activos\tlc\inicio\normas.php --> hs33.ihosting.cl /public_html/inicio normas.php
2017.05.01 19:24 B G:\CONTENEDOR\sitios\activos\tlc\inicio\calculadora_maqueta.php --> hs33.ihosting.cl /public_html/inicio calculadora_maqueta.php
2017.05.01 19:24 B G:\CONTENEDOR\sitios\activos\tlc\inicio\calculadora.php --> hs33.ihosting.cl /public_html/inicio calculadora.php
2017.05.01 19:24 B G:\CONTENEDOR\sitios\activos\tlc\inicio\faq.php --> hs33.ihosting.cl /public_html/inicio faq.php
2017.05.01 19:24 B G:\CONTENEDOR\sitios\activos\tlc\inicio\index.php --> hs33.ihosting.cl /public_html/inicio index.php
2017.05.01 19:24 B G:\CONTENEDOR\sitios\activos\tlc\inicio\include_footer_bottom.php --> hs33.ihosting.cl /public_html/inicio include_footer_bottom.php
2017.05.01 19:24 B G:\CONTENEDOR\sitios\activos\tlc\inicio\include_registro_maqueta.php --> hs33.ihosting.cl /public_html/inicio include_registro_maqueta.php
2017.05.01 19:24 B G:\CONTENEDOR\sitios\activos\tlc\inicio\registro_maqueta.php --> hs33.ihosting.cl /public_html/inicio registro_maqueta.php
2017.05.01 19:24 B G:\CONTENEDOR\sitios\activos\tlc\inicio\include_calculadora_maqueta.php --> hs33.ihosting.cl /public_html/inicio include_calculadora_maqueta.php
2017.05.01 19:24 B G:\CONTENEDOR\sitios\activos\tlc\inicio\include_calculadora.php --> hs33.ihosting.cl /public_html/inicio include_calculadora.php
2017.05.01 19:24 B G:\CONTENEDOR\sitios\activos\tlc\inicio\enviar_compramos.php --> hs33.ihosting.cl /public_html/inicio enviar_compramos.php
2017.05.01 19:24 B G:\CONTENEDOR\sitios\activos\tlc\inicio\enviar.php --> hs33.ihosting.cl /public_html/inicio enviar.php
2017.05.01 19:24 B G:\CONTENEDOR\sitios\activos\tlc\inicio\terminos.php --> hs33.ihosting.cl /public_html/inicio terminos.php
2017.05.01 19:24 B G:\CONTENEDOR\sitios\activos\tlc\inicio\enviar_contacto.php --> hs33.ihosting.cl /public_html/inicio enviar_contacto.php
2017.05.01 19:24 B G:\CONTENEDOR\sitios\activos\tlc\inicio\include_contacto.php --> hs33.ihosting.cl /public_html/inicio include_contacto.php
2017.05.01 19:24 B G:\CONTENEDOR\sitios\activos\tlc\inicio\include_sobre_aeroexpress.php --> hs33.ihosting.cl /public_html/inicio include_sobre_aeroexpress.php
2017.05.01 19:24 B G:\CONTENEDOR\sitios\activos\tlc\inicio\include_tiendas_recomendadas.php --> hs33.ihosting.cl /public_html/inicio include_tiendas_recomendadas.php
2017.05.01 19:24 B G:\CONTENEDOR\sitios\activos\tlc\inicio\include_slider.php --> hs33.ihosting.cl /public_html/inicio include_slider.php
2017.05.01 19:24 B G:\CONTENEDOR\sitios\activos\tlc\inicio\include_head.php --> hs33.ihosting.cl /public_html/inicio include_head.php
2017.05.01 19:24 B G:\CONTENEDOR\sitios\activos\tlc\inicio\seguimiento.php --> hs33.ihosting.cl /public_html/inicio seguimiento.php
2017.05.01 19:24 B G:\CONTENEDOR\sitios\activos\tlc\inicio\error_log --> hs33.ihosting.cl /public_html/inicio error_log
2017.05.01 19:24 B G:\CONTENEDOR\sitios\activos\tlc\inicio\include_registro.php --> hs33.ihosting.cl /public_html/inicio include_registro.php
2017.05.01 19:24 B G:\CONTENEDOR\sitios\activos\tlc\inicio\contacto.php --> hs33.ihosting.cl /public_html/inicio contacto.php
2017.05.01 19:24 B G:\CONTENEDOR\sitios\activos\tlc\inicio\calculadora_result.php --> hs33.ihosting.cl /public_html/inicio calculadora_result.php
2017.05.01 19:24 B G:\CONTENEDOR\sitios\activos\tlc\inicio\registro.php --> hs33.ihosting.cl /public_html/inicio registro.php
2017.05.01 19:24 B G:\CONTENEDOR\sitios\activos\tlc\inicio\include_calculadora_result.php --> hs33.ihosting.cl /public_html/inicio include_calculadora_result.php
2017.05.01 19:24 B G:\CONTENEDOR\sitios\activos\tlc\inicio\tiendas.php --> hs33.ihosting.cl /public_html/inicio tiendas.php
2017.05.01 19:24 B G:\CONTENEDOR\sitios\activos\tlc\inicio\class.phpmailer.php --> hs33.ihosting.cl /public_html/inicio class.phpmailer.php
2017.05.01 19:24 B G:\CONTENEDOR\sitios\activos\tlc\inicio\include_calculadora_old.php --> hs33.ihosting.cl /public_html/inicio include_calculadora_old.php
2017.05.01 19:24 B G:\CONTENEDOR\sitios\activos\tlc\inicio\include_taskbar.php --> hs33.ihosting.cl /public_html/inicio include_taskbar.php
2017.05.01 19:24 B G:\CONTENEDOR\sitios\activos\tlc\inicio\tiendas2.php --> hs33.ihosting.cl /public_html/inicio tiendas2.php
2017.05.01 19:24 B G:\CONTENEDOR\sitios\activos\tlc\inicio\include_siguenos.php --> hs33.ihosting.cl /public_html/inicio include_siguenos.php
2017.05.01 19:24 B G:\CONTENEDOR\sitios\activos\tlc\inicio\include_medio_pago.php --> hs33.ihosting.cl /public_html/inicio include_medio_pago.php
2017.05.01 19:24 B G:\CONTENEDOR\sitios\activos\tlc\inicio\include_marcas_favoritas.php --> hs33.ihosting.cl /public_html/inicio include_marcas_favoritas.php
