2016.09.14 21:02 B G:\CONTENEDOR\sitios\activos\AEROEXPRESS\webpanel\assets\plugins\tablesorter\docs\themes.html <-- AEROEXPRESS /public_html/webpanel/assets/plugins/tablesorter/docs themes.html
2016.09.14 21:02 B G:\CONTENEDOR\sitios\activos\AEROEXPRESS\webpanel\assets\plugins\tablesorter\docs\index.html <-- AEROEXPRESS /public_html/webpanel/assets/plugins/tablesorter/docs index.html
2016.09.14 21:02 B G:\CONTENEDOR\sitios\activos\AEROEXPRESS\webpanel\assets\plugins\tablesorter\docs\example-widgets.html <-- AEROEXPRESS /public_html/webpanel/assets/plugins/tablesorter/docs example-widgets.html
2016.09.14 21:02 B G:\CONTENEDOR\sitios\activos\AEROEXPRESS\webpanel\assets\plugins\tablesorter\docs\example-widget-zebra.html <-- AEROEXPRESS /public_html/webpanel/assets/plugins/tablesorter/docs example-widget-zebra.html
2016.09.14 21:02 B G:\CONTENEDOR\sitios\activos\AEROEXPRESS\webpanel\assets\plugins\tablesorter\docs\example-widget-ui-theme.html <-- AEROEXPRESS /public_html/webpanel/assets/plugins/tablesorter/docs example-widget-ui-theme.html
2016.09.14 21:02 B G:\CONTENEDOR\sitios\activos\AEROEXPRESS\webpanel\assets\plugins\tablesorter\docs\example-widget-sticky-header.html <-- AEROEXPRESS /public_html/webpanel/assets/plugins/tablesorter/docs example-widget-sticky-header.html
2016.09.14 21:02 B G:\CONTENEDOR\sitios\activos\AEROEXPRESS\webpanel\assets\plugins\tablesorter\docs\example-widget-scroller.html <-- AEROEXPRESS /public_html/webpanel/assets/plugins/tablesorter/docs example-widget-scroller.html
2016.09.14 21:02 B G:\CONTENEDOR\sitios\activos\AEROEXPRESS\webpanel\assets\plugins\tablesorter\docs\example-widget-savesort.html <-- AEROEXPRESS /public_html/webpanel/assets/plugins/tablesorter/docs example-widget-savesort.html
2016.09.14 21:02 B G:\CONTENEDOR\sitios\activos\AEROEXPRESS\webpanel\assets\plugins\tablesorter\docs\example-widget-resizable.html <-- AEROEXPRESS /public_html/webpanel/assets/plugins/tablesorter/docs example-widget-resizable.html
2016.09.14 21:02 B G:\CONTENEDOR\sitios\activos\AEROEXPRESS\webpanel\assets\plugins\tablesorter\docs\example-widget-grouping.html <-- AEROEXPRESS /public_html/webpanel/assets/plugins/tablesorter/docs example-widget-grouping.html
2016.09.14 21:02 B G:\CONTENEDOR\sitios\activos\AEROEXPRESS\webpanel\assets\plugins\tablesorter\docs\example-widget-filter.html <-- AEROEXPRESS /public_html/webpanel/assets/plugins/tablesorter/docs example-widget-filter.html
2016.09.14 21:02 B G:\CONTENEDOR\sitios\activos\AEROEXPRESS\webpanel\assets\plugins\tablesorter\docs\example-widget-filter-formatter-2.html <-- AEROEXPRESS /public_html/webpanel/assets/plugins/tablesorter/docs example-widget-filter-formatter-2.html
2016.09.14 21:02 B G:\CONTENEDOR\sitios\activos\AEROEXPRESS\webpanel\assets\plugins\tablesorter\docs\example-widget-filter-formatter-1.html <-- AEROEXPRESS /public_html/webpanel/assets/plugins/tablesorter/docs example-widget-filter-formatter-1.html
2016.09.14 21:02 B G:\CONTENEDOR\sitios\activos\AEROEXPRESS\webpanel\assets\plugins\tablesorter\docs\example-widget-filter-custom.html <-- AEROEXPRESS /public_html/webpanel/assets/plugins/tablesorter/docs example-widget-filter-custom.html
2016.09.14 21:02 B G:\CONTENEDOR\sitios\activos\AEROEXPRESS\webpanel\assets\plugins\tablesorter\docs\example-widget-editable.html <-- AEROEXPRESS /public_html/webpanel/assets/plugins/tablesorter/docs example-widget-editable.html
2016.09.14 21:02 B G:\CONTENEDOR\sitios\activos\AEROEXPRESS\webpanel\assets\plugins\tablesorter\docs\example-widget-columns.html <-- AEROEXPRESS /public_html/webpanel/assets/plugins/tablesorter/docs example-widget-columns.html
2016.09.14 21:02 B G:\CONTENEDOR\sitios\activos\AEROEXPRESS\webpanel\assets\plugins\tablesorter\docs\example-widget-build-table.html <-- AEROEXPRESS /public_html/webpanel/assets/plugins/tablesorter/docs example-widget-build-table.html
2016.09.14 21:02 B G:\CONTENEDOR\sitios\activos\AEROEXPRESS\webpanel\assets\plugins\tablesorter\docs\example-widget-bootstrap-theme.html <-- AEROEXPRESS /public_html/webpanel/assets/plugins/tablesorter/docs example-widget-bootstrap-theme.html
2016.09.14 21:02 B G:\CONTENEDOR\sitios\activos\AEROEXPRESS\webpanel\assets\plugins\tablesorter\docs\example-update-cell.html <-- AEROEXPRESS /public_html/webpanel/assets/plugins/tablesorter/docs example-update-cell.html
2016.09.14 21:02 B G:\CONTENEDOR\sitios\activos\AEROEXPRESS\webpanel\assets\plugins\tablesorter\docs\example-update-all.html <-- AEROEXPRESS /public_html/webpanel/assets/plugins/tablesorter/docs example-update-all.html
2016.09.14 21:02 B G:\CONTENEDOR\sitios\activos\AEROEXPRESS\webpanel\assets\plugins\tablesorter\docs\example-triggers.html <-- AEROEXPRESS /public_html/webpanel/assets/plugins/tablesorter/docs example-triggers.html
2016.09.14 21:02 B G:\CONTENEDOR\sitios\activos\AEROEXPRESS\webpanel\assets\plugins\tablesorter\docs\example-trigger-sort.html <-- AEROEXPRESS /public_html/webpanel/assets/plugins/tablesorter/docs example-trigger-sort.html
2016.09.14 21:02 B G:\CONTENEDOR\sitios\activos\AEROEXPRESS\webpanel\assets\plugins\tablesorter\docs\example-parsers.html <-- AEROEXPRESS /public_html/webpanel/assets/plugins/tablesorter/docs example-parsers.html
2016.09.14 21:02 B G:\CONTENEDOR\sitios\activos\AEROEXPRESS\webpanel\assets\plugins\tablesorter\docs\example-parsers-metric.html <-- AEROEXPRESS /public_html/webpanel/assets/plugins/tablesorter/docs example-parsers-metric.html
2016.09.14 21:02 B G:\CONTENEDOR\sitios\activos\AEROEXPRESS\webpanel\assets\plugins\tablesorter\docs\example-parsers-jquery-data.html <-- AEROEXPRESS /public_html/webpanel/assets/plugins/tablesorter/docs example-parsers-jquery-data.html
2016.09.14 21:02 B G:\CONTENEDOR\sitios\activos\AEROEXPRESS\webpanel\assets\plugins\tablesorter\docs\example-parsers-ignore-articles.html <-- AEROEXPRESS /public_html/webpanel/assets/plugins/tablesorter/docs example-parsers-ignore-articles.html
2016.09.14 21:02 B G:\CONTENEDOR\sitios\activos\AEROEXPRESS\webpanel\assets\plugins\tablesorter\docs\example-parsers-feet-inch-fraction.html <-- AEROEXPRESS /public_html/webpanel/assets/plugins/tablesorter/docs example-parsers-feet-inch-fraction.html
2016.09.14 21:02 B G:\CONTENEDOR\sitios\activos\AEROEXPRESS\webpanel\assets\plugins\tablesorter\docs\example-parsers-dates.html <-- AEROEXPRESS /public_html/webpanel/assets/plugins/tablesorter/docs example-parsers-dates.html
2016.09.14 21:02 B G:\CONTENEDOR\sitios\activos\AEROEXPRESS\webpanel\assets\plugins\tablesorter\docs\example-parsers-class-name.html <-- AEROEXPRESS /public_html/webpanel/assets/plugins/tablesorter/docs example-parsers-class-name.html
2016.09.14 21:02 B G:\CONTENEDOR\sitios\activos\AEROEXPRESS\webpanel\assets\plugins\tablesorter\docs\example-parsers-advanced.html <-- AEROEXPRESS /public_html/webpanel/assets/plugins/tablesorter/docs example-parsers-advanced.html
2016.09.14 21:02 B G:\CONTENEDOR\sitios\activos\AEROEXPRESS\webpanel\assets\plugins\tablesorter\docs\example-pager.html <-- AEROEXPRESS /public_html/webpanel/assets/plugins/tablesorter/docs example-pager.html
2016.09.14 21:02 B G:\CONTENEDOR\sitios\activos\AEROEXPRESS\webpanel\assets\plugins\tablesorter\docs\example-pager-filtered.html <-- AEROEXPRESS /public_html/webpanel/assets/plugins/tablesorter/docs example-pager-filtered.html
2016.09.14 21:02 B G:\CONTENEDOR\sitios\activos\AEROEXPRESS\webpanel\assets\plugins\tablesorter\docs\example-pager-ajax.html <-- AEROEXPRESS /public_html/webpanel/assets/plugins/tablesorter/docs example-pager-ajax.html
2016.09.14 21:02 B G:\CONTENEDOR\sitios\activos\AEROEXPRESS\webpanel\assets\plugins\tablesorter\docs\example-options-headers.html <-- AEROEXPRESS /public_html/webpanel/assets/plugins/tablesorter/docs example-options-headers.html
2016.09.14 21:02 B G:\CONTENEDOR\sitios\activos\AEROEXPRESS\webpanel\assets\plugins\tablesorter\docs\example-options-headers-order.html <-- AEROEXPRESS /public_html/webpanel/assets/plugins/tablesorter/docs example-options-headers-order.html
2016.09.14 21:02 B G:\CONTENEDOR\sitios\activos\AEROEXPRESS\webpanel\assets\plugins\tablesorter\docs\example-options-headers-locked.html <-- AEROEXPRESS /public_html/webpanel/assets/plugins/tablesorter/docs example-options-headers-locked.html
2016.09.14 21:02 B G:\CONTENEDOR\sitios\activos\AEROEXPRESS\webpanel\assets\plugins\tablesorter\docs\example-options-headers-digits-strings.html <-- AEROEXPRESS /public_html/webpanel/assets/plugins/tablesorter/docs example-options-headers-digits-strings.html
2016.09.14 21:02 B G:\CONTENEDOR\sitios\activos\AEROEXPRESS\webpanel\assets\plugins\tablesorter\docs\example-option-text-extraction.html <-- AEROEXPRESS /public_html/webpanel/assets/plugins/tablesorter/docs example-option-text-extraction.html
2016.09.14 21:02 B G:\CONTENEDOR\sitios\activos\AEROEXPRESS\webpanel\assets\plugins\tablesorter\docs\example-option-sortreset-sortrestart.html <-- AEROEXPRESS /public_html/webpanel/assets/plugins/tablesorter/docs example-option-sortreset-sortrestart.html
2016.09.14 21:02 B G:\CONTENEDOR\sitios\activos\AEROEXPRESS\webpanel\assets\plugins\tablesorter\docs\example-option-sort-order.html <-- AEROEXPRESS /public_html/webpanel/assets/plugins/tablesorter/docs example-option-sort-order.html
2016.09.14 21:02 B G:\CONTENEDOR\sitios\activos\AEROEXPRESS\webpanel\assets\plugins\tablesorter\docs\example-option-sort-list.html <-- AEROEXPRESS /public_html/webpanel/assets/plugins/tablesorter/docs example-option-sort-list.html
2016.09.14 21:02 B G:\CONTENEDOR\sitios\activos\AEROEXPRESS\webpanel\assets\plugins\tablesorter\docs\example-option-sort-key.html <-- AEROEXPRESS /public_html/webpanel/assets/plugins/tablesorter/docs example-option-sort-key.html
2016.09.14 21:02 B G:\CONTENEDOR\sitios\activos\AEROEXPRESS\webpanel\assets\plugins\tablesorter\docs\example-option-sort-force.html <-- AEROEXPRESS /public_html/webpanel/assets/plugins/tablesorter/docs example-option-sort-force.html
2016.09.14 21:02 B G:\CONTENEDOR\sitios\activos\AEROEXPRESS\webpanel\assets\plugins\tablesorter\docs\example-option-sort-empty.html <-- AEROEXPRESS /public_html/webpanel/assets/plugins/tablesorter/docs example-option-sort-empty.html
2016.09.14 21:02 B G:\CONTENEDOR\sitios\activos\AEROEXPRESS\webpanel\assets\plugins\tablesorter\docs\example-option-sort-append.html <-- AEROEXPRESS /public_html/webpanel/assets/plugins/tablesorter/docs example-option-sort-append.html
2016.09.14 21:02 B G:\CONTENEDOR\sitios\activos\AEROEXPRESS\webpanel\assets\plugins\tablesorter\docs\example-option-show-processing.html <-- AEROEXPRESS /public_html/webpanel/assets/plugins/tablesorter/docs example-option-show-processing.html
2016.09.14 21:02 B G:\CONTENEDOR\sitios\activos\AEROEXPRESS\webpanel\assets\plugins\tablesorter\docs\example-option-selectorsort.html <-- AEROEXPRESS /public_html/webpanel/assets/plugins/tablesorter/docs example-option-selectorsort.html
2016.09.14 21:02 B G:\CONTENEDOR\sitios\activos\AEROEXPRESS\webpanel\assets\plugins\tablesorter\docs\example-option-render-template.html <-- AEROEXPRESS /public_html/webpanel/assets/plugins/tablesorter/docs example-option-render-template.html
2016.09.14 21:02 B G:\CONTENEDOR\sitios\activos\AEROEXPRESS\webpanel\assets\plugins\tablesorter\docs\example-option-render-header.html <-- AEROEXPRESS /public_html/webpanel/assets/plugins/tablesorter/docs example-option-render-header.html
2016.09.14 21:02 B G:\CONTENEDOR\sitios\activos\AEROEXPRESS\webpanel\assets\plugins\tablesorter\docs\example-option-digits.html <-- AEROEXPRESS /public_html/webpanel/assets/plugins/tablesorter/docs example-option-digits.html
2016.09.14 21:02 B G:\CONTENEDOR\sitios\activos\AEROEXPRESS\webpanel\assets\plugins\tablesorter\docs\example-option-debug.html <-- AEROEXPRESS /public_html/webpanel/assets/plugins/tablesorter/docs example-option-debug.html
2016.09.14 21:02 B G:\CONTENEDOR\sitios\activos\AEROEXPRESS\webpanel\assets\plugins\tablesorter\docs\example-option-date-format.html <-- AEROEXPRESS /public_html/webpanel/assets/plugins/tablesorter/docs example-option-date-format.html
2016.09.14 21:02 B G:\CONTENEDOR\sitios\activos\AEROEXPRESS\webpanel\assets\plugins\tablesorter\docs\example-option-custom-sort.html <-- AEROEXPRESS /public_html/webpanel/assets/plugins/tablesorter/docs example-option-custom-sort.html
2016.09.14 21:02 B G:\CONTENEDOR\sitios\activos\AEROEXPRESS\webpanel\assets\plugins\tablesorter\docs\example-multiple-tbodies.html <-- AEROEXPRESS /public_html/webpanel/assets/plugins/tablesorter/docs example-multiple-tbodies.html
2016.09.14 21:02 B G:\CONTENEDOR\sitios\activos\AEROEXPRESS\webpanel\assets\plugins\tablesorter\docs\example-method-sortreset.html <-- AEROEXPRESS /public_html/webpanel/assets/plugins/tablesorter/docs example-method-sortreset.html
2016.09.14 21:02 B G:\CONTENEDOR\sitios\activos\AEROEXPRESS\webpanel\assets\plugins\tablesorter\docs\example-meta-sort-list.html <-- AEROEXPRESS /public_html/webpanel/assets/plugins/tablesorter/docs example-meta-sort-list.html
2016.09.14 21:02 B G:\CONTENEDOR\sitios\activos\AEROEXPRESS\webpanel\assets\plugins\tablesorter\docs\example-meta-parsers.html <-- AEROEXPRESS /public_html/webpanel/assets/plugins/tablesorter/docs example-meta-parsers.html
2016.09.14 21:02 B G:\CONTENEDOR\sitios\activos\AEROEXPRESS\webpanel\assets\plugins\tablesorter\docs\example-meta-headers.html <-- AEROEXPRESS /public_html/webpanel/assets/plugins/tablesorter/docs example-meta-headers.html
2016.09.14 21:02 B G:\CONTENEDOR\sitios\activos\AEROEXPRESS\webpanel\assets\plugins\tablesorter\docs\example-locale-sort.html <-- AEROEXPRESS /public_html/webpanel/assets/plugins/tablesorter/docs example-locale-sort.html
2016.09.14 21:02 B G:\CONTENEDOR\sitios\activos\AEROEXPRESS\webpanel\assets\plugins\tablesorter\docs\example-header-column-span.html <-- AEROEXPRESS /public_html/webpanel/assets/plugins/tablesorter/docs example-header-column-span.html
2016.09.14 21:02 B G:\CONTENEDOR\sitios\activos\AEROEXPRESS\webpanel\assets\plugins\tablesorter\docs\example-extending-defaults.html <-- AEROEXPRESS /public_html/webpanel/assets/plugins/tablesorter/docs example-extending-defaults.html
2016.09.14 21:02 B G:\CONTENEDOR\sitios\activos\AEROEXPRESS\webpanel\assets\plugins\tablesorter\docs\example-empty-table.html <-- AEROEXPRESS /public_html/webpanel/assets/plugins/tablesorter/docs example-empty-table.html
2016.09.14 21:02 B G:\CONTENEDOR\sitios\activos\AEROEXPRESS\webpanel\assets\plugins\tablesorter\docs\example-child-rows.html <-- AEROEXPRESS /public_html/webpanel/assets/plugins/tablesorter/docs example-child-rows.html
2016.09.14 21:02 B G:\CONTENEDOR\sitios\activos\AEROEXPRESS\webpanel\assets\plugins\tablesorter\docs\example-child-rows-filtered.html <-- AEROEXPRESS /public_html/webpanel/assets/plugins/tablesorter/docs example-child-rows-filtered.html
2016.09.14 21:02 B G:\CONTENEDOR\sitios\activos\AEROEXPRESS\webpanel\assets\plugins\tablesorter\docs\example-apply-widget.html <-- AEROEXPRESS /public_html/webpanel/assets/plugins/tablesorter/docs example-apply-widget.html
2016.09.14 21:02 B G:\CONTENEDOR\sitios\activos\AEROEXPRESS\webpanel\assets\plugins\tablesorter\docs\example-ajax.html <-- AEROEXPRESS /public_html/webpanel/assets/plugins/tablesorter/docs example-ajax.html
2016.09.14 21:02 B G:\CONTENEDOR\sitios\activos\AEROEXPRESS\webpanel\assets\plugins\tablesorter\docs\example-add-rows.html <-- AEROEXPRESS /public_html/webpanel/assets/plugins/tablesorter/docs example-add-rows.html
2017.03.15 14:11 B G:\CONTENEDOR\sitios\activos\AEROEXPRESS\webpanel\assets\plugins\tablesorter\docs\example-add-rows.html --> hs20.ihosting.cl /public_html/desarrollo/tlc/webpanel/assets/plugins/tablesorter/docs example-add-rows.html
2017.03.15 14:11 B G:\CONTENEDOR\sitios\activos\AEROEXPRESS\webpanel\assets\plugins\tablesorter\docs\example-ajax.html --> hs20.ihosting.cl /public_html/desarrollo/tlc/webpanel/assets/plugins/tablesorter/docs example-ajax.html
2017.03.15 14:11 B G:\CONTENEDOR\sitios\activos\AEROEXPRESS\webpanel\assets\plugins\tablesorter\docs\example-apply-widget.html --> hs20.ihosting.cl /public_html/desarrollo/tlc/webpanel/assets/plugins/tablesorter/docs example-apply-widget.html
2017.03.15 14:11 B G:\CONTENEDOR\sitios\activos\AEROEXPRESS\webpanel\assets\plugins\tablesorter\docs\example-child-rows-filtered.html --> hs20.ihosting.cl /public_html/desarrollo/tlc/webpanel/assets/plugins/tablesorter/docs example-child-rows-filtered.html
2017.03.15 14:11 B G:\CONTENEDOR\sitios\activos\AEROEXPRESS\webpanel\assets\plugins\tablesorter\docs\example-child-rows.html --> hs20.ihosting.cl /public_html/desarrollo/tlc/webpanel/assets/plugins/tablesorter/docs example-child-rows.html
2017.03.15 14:11 B G:\CONTENEDOR\sitios\activos\AEROEXPRESS\webpanel\assets\plugins\tablesorter\docs\example-empty-table.html --> hs20.ihosting.cl /public_html/desarrollo/tlc/webpanel/assets/plugins/tablesorter/docs example-empty-table.html
2017.03.15 14:11 B G:\CONTENEDOR\sitios\activos\AEROEXPRESS\webpanel\assets\plugins\tablesorter\docs\example-extending-defaults.html --> hs20.ihosting.cl /public_html/desarrollo/tlc/webpanel/assets/plugins/tablesorter/docs example-extending-defaults.html
2017.03.15 14:11 B G:\CONTENEDOR\sitios\activos\AEROEXPRESS\webpanel\assets\plugins\tablesorter\docs\example-header-column-span.html --> hs20.ihosting.cl /public_html/desarrollo/tlc/webpanel/assets/plugins/tablesorter/docs example-header-column-span.html
2017.03.15 14:11 B G:\CONTENEDOR\sitios\activos\AEROEXPRESS\webpanel\assets\plugins\tablesorter\docs\example-locale-sort.html --> hs20.ihosting.cl /public_html/desarrollo/tlc/webpanel/assets/plugins/tablesorter/docs example-locale-sort.html
2017.03.15 14:11 B G:\CONTENEDOR\sitios\activos\AEROEXPRESS\webpanel\assets\plugins\tablesorter\docs\example-meta-headers.html --> hs20.ihosting.cl /public_html/desarrollo/tlc/webpanel/assets/plugins/tablesorter/docs example-meta-headers.html
2017.03.15 14:11 B G:\CONTENEDOR\sitios\activos\AEROEXPRESS\webpanel\assets\plugins\tablesorter\docs\example-meta-parsers.html --> hs20.ihosting.cl /public_html/desarrollo/tlc/webpanel/assets/plugins/tablesorter/docs example-meta-parsers.html
2017.03.15 14:11 B G:\CONTENEDOR\sitios\activos\AEROEXPRESS\webpanel\assets\plugins\tablesorter\docs\example-meta-sort-list.html --> hs20.ihosting.cl /public_html/desarrollo/tlc/webpanel/assets/plugins/tablesorter/docs example-meta-sort-list.html
2017.03.15 14:11 B G:\CONTENEDOR\sitios\activos\AEROEXPRESS\webpanel\assets\plugins\tablesorter\docs\example-method-sortreset.html --> hs20.ihosting.cl /public_html/desarrollo/tlc/webpanel/assets/plugins/tablesorter/docs example-method-sortreset.html
2017.03.15 14:11 B G:\CONTENEDOR\sitios\activos\AEROEXPRESS\webpanel\assets\plugins\tablesorter\docs\example-multiple-tbodies.html --> hs20.ihosting.cl /public_html/desarrollo/tlc/webpanel/assets/plugins/tablesorter/docs example-multiple-tbodies.html
2017.03.15 14:11 B G:\CONTENEDOR\sitios\activos\AEROEXPRESS\webpanel\assets\plugins\tablesorter\docs\example-option-custom-sort.html --> hs20.ihosting.cl /public_html/desarrollo/tlc/webpanel/assets/plugins/tablesorter/docs example-option-custom-sort.html
2017.03.15 14:11 B G:\CONTENEDOR\sitios\activos\AEROEXPRESS\webpanel\assets\plugins\tablesorter\docs\example-option-date-format.html --> hs20.ihosting.cl /public_html/desarrollo/tlc/webpanel/assets/plugins/tablesorter/docs example-option-date-format.html
2017.03.15 14:11 B G:\CONTENEDOR\sitios\activos\AEROEXPRESS\webpanel\assets\plugins\tablesorter\docs\example-option-debug.html --> hs20.ihosting.cl /public_html/desarrollo/tlc/webpanel/assets/plugins/tablesorter/docs example-option-debug.html
2017.03.15 14:11 B G:\CONTENEDOR\sitios\activos\AEROEXPRESS\webpanel\assets\plugins\tablesorter\docs\example-option-digits.html --> hs20.ihosting.cl /public_html/desarrollo/tlc/webpanel/assets/plugins/tablesorter/docs example-option-digits.html
2017.03.15 14:11 B G:\CONTENEDOR\sitios\activos\AEROEXPRESS\webpanel\assets\plugins\tablesorter\docs\example-option-render-header.html --> hs20.ihosting.cl /public_html/desarrollo/tlc/webpanel/assets/plugins/tablesorter/docs example-option-render-header.html
2017.03.15 14:11 B G:\CONTENEDOR\sitios\activos\AEROEXPRESS\webpanel\assets\plugins\tablesorter\docs\example-option-render-template.html --> hs20.ihosting.cl /public_html/desarrollo/tlc/webpanel/assets/plugins/tablesorter/docs example-option-render-template.html
2017.03.15 14:11 B G:\CONTENEDOR\sitios\activos\AEROEXPRESS\webpanel\assets\plugins\tablesorter\docs\example-option-selectorsort.html --> hs20.ihosting.cl /public_html/desarrollo/tlc/webpanel/assets/plugins/tablesorter/docs example-option-selectorsort.html
2017.03.15 14:11 B G:\CONTENEDOR\sitios\activos\AEROEXPRESS\webpanel\assets\plugins\tablesorter\docs\example-option-show-processing.html --> hs20.ihosting.cl /public_html/desarrollo/tlc/webpanel/assets/plugins/tablesorter/docs example-option-show-processing.html
2017.03.15 14:11 B G:\CONTENEDOR\sitios\activos\AEROEXPRESS\webpanel\assets\plugins\tablesorter\docs\example-option-sort-append.html --> hs20.ihosting.cl /public_html/desarrollo/tlc/webpanel/assets/plugins/tablesorter/docs example-option-sort-append.html
2017.03.15 14:11 B G:\CONTENEDOR\sitios\activos\AEROEXPRESS\webpanel\assets\plugins\tablesorter\docs\example-option-sort-empty.html --> hs20.ihosting.cl /public_html/desarrollo/tlc/webpanel/assets/plugins/tablesorter/docs example-option-sort-empty.html
2017.03.15 14:11 B G:\CONTENEDOR\sitios\activos\AEROEXPRESS\webpanel\assets\plugins\tablesorter\docs\example-option-sort-force.html --> hs20.ihosting.cl /public_html/desarrollo/tlc/webpanel/assets/plugins/tablesorter/docs example-option-sort-force.html
2017.03.15 14:11 B G:\CONTENEDOR\sitios\activos\AEROEXPRESS\webpanel\assets\plugins\tablesorter\docs\example-option-sort-key.html --> hs20.ihosting.cl /public_html/desarrollo/tlc/webpanel/assets/plugins/tablesorter/docs example-option-sort-key.html
2017.03.15 14:11 B G:\CONTENEDOR\sitios\activos\AEROEXPRESS\webpanel\assets\plugins\tablesorter\docs\example-option-sort-list.html --> hs20.ihosting.cl /public_html/desarrollo/tlc/webpanel/assets/plugins/tablesorter/docs example-option-sort-list.html
2017.03.15 14:11 B G:\CONTENEDOR\sitios\activos\AEROEXPRESS\webpanel\assets\plugins\tablesorter\docs\example-option-sort-order.html --> hs20.ihosting.cl /public_html/desarrollo/tlc/webpanel/assets/plugins/tablesorter/docs example-option-sort-order.html
2017.03.15 14:11 B G:\CONTENEDOR\sitios\activos\AEROEXPRESS\webpanel\assets\plugins\tablesorter\docs\example-option-sortreset-sortrestart.html --> hs20.ihosting.cl /public_html/desarrollo/tlc/webpanel/assets/plugins/tablesorter/docs example-option-sortreset-sortrestart.html
2017.03.15 14:11 B G:\CONTENEDOR\sitios\activos\AEROEXPRESS\webpanel\assets\plugins\tablesorter\docs\example-option-text-extraction.html --> hs20.ihosting.cl /public_html/desarrollo/tlc/webpanel/assets/plugins/tablesorter/docs example-option-text-extraction.html
2017.03.15 14:11 B G:\CONTENEDOR\sitios\activos\AEROEXPRESS\webpanel\assets\plugins\tablesorter\docs\example-options-headers-digits-strings.html --> hs20.ihosting.cl /public_html/desarrollo/tlc/webpanel/assets/plugins/tablesorter/docs example-options-headers-digits-strings.html
2017.03.15 14:11 B G:\CONTENEDOR\sitios\activos\AEROEXPRESS\webpanel\assets\plugins\tablesorter\docs\example-options-headers-locked.html --> hs20.ihosting.cl /public_html/desarrollo/tlc/webpanel/assets/plugins/tablesorter/docs example-options-headers-locked.html
2017.03.15 14:11 B G:\CONTENEDOR\sitios\activos\AEROEXPRESS\webpanel\assets\plugins\tablesorter\docs\example-options-headers-order.html --> hs20.ihosting.cl /public_html/desarrollo/tlc/webpanel/assets/plugins/tablesorter/docs example-options-headers-order.html
2017.03.15 14:11 B G:\CONTENEDOR\sitios\activos\AEROEXPRESS\webpanel\assets\plugins\tablesorter\docs\example-options-headers.html --> hs20.ihosting.cl /public_html/desarrollo/tlc/webpanel/assets/plugins/tablesorter/docs example-options-headers.html
2017.03.15 14:11 B G:\CONTENEDOR\sitios\activos\AEROEXPRESS\webpanel\assets\plugins\tablesorter\docs\example-pager-ajax.html --> hs20.ihosting.cl /public_html/desarrollo/tlc/webpanel/assets/plugins/tablesorter/docs example-pager-ajax.html
2017.03.15 14:11 B G:\CONTENEDOR\sitios\activos\AEROEXPRESS\webpanel\assets\plugins\tablesorter\docs\example-pager-filtered.html --> hs20.ihosting.cl /public_html/desarrollo/tlc/webpanel/assets/plugins/tablesorter/docs example-pager-filtered.html
2017.03.15 14:12 B G:\CONTENEDOR\sitios\activos\AEROEXPRESS\webpanel\assets\plugins\tablesorter\docs\example-pager.html --> hs20.ihosting.cl /public_html/desarrollo/tlc/webpanel/assets/plugins/tablesorter/docs example-pager.html
2017.03.15 14:12 B G:\CONTENEDOR\sitios\activos\AEROEXPRESS\webpanel\assets\plugins\tablesorter\docs\example-parsers-advanced.html --> hs20.ihosting.cl /public_html/desarrollo/tlc/webpanel/assets/plugins/tablesorter/docs example-parsers-advanced.html
2017.03.15 14:12 B G:\CONTENEDOR\sitios\activos\AEROEXPRESS\webpanel\assets\plugins\tablesorter\docs\example-parsers-class-name.html --> hs20.ihosting.cl /public_html/desarrollo/tlc/webpanel/assets/plugins/tablesorter/docs example-parsers-class-name.html
2017.03.15 14:12 B G:\CONTENEDOR\sitios\activos\AEROEXPRESS\webpanel\assets\plugins\tablesorter\docs\example-parsers-dates.html --> hs20.ihosting.cl /public_html/desarrollo/tlc/webpanel/assets/plugins/tablesorter/docs example-parsers-dates.html
2017.03.15 14:12 B G:\CONTENEDOR\sitios\activos\AEROEXPRESS\webpanel\assets\plugins\tablesorter\docs\example-parsers-feet-inch-fraction.html --> hs20.ihosting.cl /public_html/desarrollo/tlc/webpanel/assets/plugins/tablesorter/docs example-parsers-feet-inch-fraction.html
2017.03.15 14:12 B G:\CONTENEDOR\sitios\activos\AEROEXPRESS\webpanel\assets\plugins\tablesorter\docs\example-parsers-ignore-articles.html --> hs20.ihosting.cl /public_html/desarrollo/tlc/webpanel/assets/plugins/tablesorter/docs example-parsers-ignore-articles.html
2017.03.15 14:12 B G:\CONTENEDOR\sitios\activos\AEROEXPRESS\webpanel\assets\plugins\tablesorter\docs\example-parsers-jquery-data.html --> hs20.ihosting.cl /public_html/desarrollo/tlc/webpanel/assets/plugins/tablesorter/docs example-parsers-jquery-data.html
2017.03.15 14:12 B G:\CONTENEDOR\sitios\activos\AEROEXPRESS\webpanel\assets\plugins\tablesorter\docs\example-parsers-metric.html --> hs20.ihosting.cl /public_html/desarrollo/tlc/webpanel/assets/plugins/tablesorter/docs example-parsers-metric.html
2017.03.15 14:12 B G:\CONTENEDOR\sitios\activos\AEROEXPRESS\webpanel\assets\plugins\tablesorter\docs\example-parsers.html --> hs20.ihosting.cl /public_html/desarrollo/tlc/webpanel/assets/plugins/tablesorter/docs example-parsers.html
2017.03.15 14:12 B G:\CONTENEDOR\sitios\activos\AEROEXPRESS\webpanel\assets\plugins\tablesorter\docs\example-trigger-sort.html --> hs20.ihosting.cl /public_html/desarrollo/tlc/webpanel/assets/plugins/tablesorter/docs example-trigger-sort.html
2017.03.15 14:12 B G:\CONTENEDOR\sitios\activos\AEROEXPRESS\webpanel\assets\plugins\tablesorter\docs\example-triggers.html --> hs20.ihosting.cl /public_html/desarrollo/tlc/webpanel/assets/plugins/tablesorter/docs example-triggers.html
2017.03.15 14:12 B G:\CONTENEDOR\sitios\activos\AEROEXPRESS\webpanel\assets\plugins\tablesorter\docs\example-update-all.html --> hs20.ihosting.cl /public_html/desarrollo/tlc/webpanel/assets/plugins/tablesorter/docs example-update-all.html
2017.03.15 14:12 B G:\CONTENEDOR\sitios\activos\AEROEXPRESS\webpanel\assets\plugins\tablesorter\docs\example-update-cell.html --> hs20.ihosting.cl /public_html/desarrollo/tlc/webpanel/assets/plugins/tablesorter/docs example-update-cell.html
2017.03.15 14:12 B G:\CONTENEDOR\sitios\activos\AEROEXPRESS\webpanel\assets\plugins\tablesorter\docs\example-widget-bootstrap-theme.html --> hs20.ihosting.cl /public_html/desarrollo/tlc/webpanel/assets/plugins/tablesorter/docs example-widget-bootstrap-theme.html
2017.03.15 14:12 B G:\CONTENEDOR\sitios\activos\AEROEXPRESS\webpanel\assets\plugins\tablesorter\docs\example-widget-build-table.html --> hs20.ihosting.cl /public_html/desarrollo/tlc/webpanel/assets/plugins/tablesorter/docs example-widget-build-table.html
2017.03.15 14:12 B G:\CONTENEDOR\sitios\activos\AEROEXPRESS\webpanel\assets\plugins\tablesorter\docs\example-widget-columns.html --> hs20.ihosting.cl /public_html/desarrollo/tlc/webpanel/assets/plugins/tablesorter/docs example-widget-columns.html
2017.03.15 14:12 B G:\CONTENEDOR\sitios\activos\AEROEXPRESS\webpanel\assets\plugins\tablesorter\docs\example-widget-editable.html --> hs20.ihosting.cl /public_html/desarrollo/tlc/webpanel/assets/plugins/tablesorter/docs example-widget-editable.html
2017.03.15 14:12 B G:\CONTENEDOR\sitios\activos\AEROEXPRESS\webpanel\assets\plugins\tablesorter\docs\example-widget-filter-custom.html --> hs20.ihosting.cl /public_html/desarrollo/tlc/webpanel/assets/plugins/tablesorter/docs example-widget-filter-custom.html
2017.03.15 14:12 B G:\CONTENEDOR\sitios\activos\AEROEXPRESS\webpanel\assets\plugins\tablesorter\docs\example-widget-filter-formatter-1.html --> hs20.ihosting.cl /public_html/desarrollo/tlc/webpanel/assets/plugins/tablesorter/docs example-widget-filter-formatter-1.html
2017.03.15 14:12 B G:\CONTENEDOR\sitios\activos\AEROEXPRESS\webpanel\assets\plugins\tablesorter\docs\example-widget-filter-formatter-2.html --> hs20.ihosting.cl /public_html/desarrollo/tlc/webpanel/assets/plugins/tablesorter/docs example-widget-filter-formatter-2.html
2017.03.15 14:12 B G:\CONTENEDOR\sitios\activos\AEROEXPRESS\webpanel\assets\plugins\tablesorter\docs\example-widget-filter.html --> hs20.ihosting.cl /public_html/desarrollo/tlc/webpanel/assets/plugins/tablesorter/docs example-widget-filter.html
2017.03.15 14:12 B G:\CONTENEDOR\sitios\activos\AEROEXPRESS\webpanel\assets\plugins\tablesorter\docs\example-widget-grouping.html --> hs20.ihosting.cl /public_html/desarrollo/tlc/webpanel/assets/plugins/tablesorter/docs example-widget-grouping.html
2017.03.15 14:12 B G:\CONTENEDOR\sitios\activos\AEROEXPRESS\webpanel\assets\plugins\tablesorter\docs\example-widget-resizable.html --> hs20.ihosting.cl /public_html/desarrollo/tlc/webpanel/assets/plugins/tablesorter/docs example-widget-resizable.html
2017.03.15 14:12 B G:\CONTENEDOR\sitios\activos\AEROEXPRESS\webpanel\assets\plugins\tablesorter\docs\example-widget-savesort.html --> hs20.ihosting.cl /public_html/desarrollo/tlc/webpanel/assets/plugins/tablesorter/docs example-widget-savesort.html
2017.03.15 14:12 B G:\CONTENEDOR\sitios\activos\AEROEXPRESS\webpanel\assets\plugins\tablesorter\docs\example-widget-scroller.html --> hs20.ihosting.cl /public_html/desarrollo/tlc/webpanel/assets/plugins/tablesorter/docs example-widget-scroller.html
2017.03.15 14:12 B G:\CONTENEDOR\sitios\activos\AEROEXPRESS\webpanel\assets\plugins\tablesorter\docs\example-widget-sticky-header.html --> hs20.ihosting.cl /public_html/desarrollo/tlc/webpanel/assets/plugins/tablesorter/docs example-widget-sticky-header.html
2017.03.15 14:12 B G:\CONTENEDOR\sitios\activos\AEROEXPRESS\webpanel\assets\plugins\tablesorter\docs\example-widget-ui-theme.html --> hs20.ihosting.cl /public_html/desarrollo/tlc/webpanel/assets/plugins/tablesorter/docs example-widget-ui-theme.html
2017.03.15 14:12 B G:\CONTENEDOR\sitios\activos\AEROEXPRESS\webpanel\assets\plugins\tablesorter\docs\example-widget-zebra.html --> hs20.ihosting.cl /public_html/desarrollo/tlc/webpanel/assets/plugins/tablesorter/docs example-widget-zebra.html
2017.03.15 14:12 B G:\CONTENEDOR\sitios\activos\AEROEXPRESS\webpanel\assets\plugins\tablesorter\docs\example-widgets.html --> hs20.ihosting.cl /public_html/desarrollo/tlc/webpanel/assets/plugins/tablesorter/docs example-widgets.html
2017.03.15 14:12 B G:\CONTENEDOR\sitios\activos\AEROEXPRESS\webpanel\assets\plugins\tablesorter\docs\index.html --> hs20.ihosting.cl /public_html/desarrollo/tlc/webpanel/assets/plugins/tablesorter/docs index.html
2017.03.15 14:12 B G:\CONTENEDOR\sitios\activos\AEROEXPRESS\webpanel\assets\plugins\tablesorter\docs\themes.html --> hs20.ihosting.cl /public_html/desarrollo/tlc/webpanel/assets/plugins/tablesorter/docs themes.html
2017.03.15 14:12 B G:\CONTENEDOR\sitios\activos\AEROEXPRESS\webpanel\assets\plugins\tablesorter\docs\WS_FTP.LOG --> hs20.ihosting.cl /public_html/desarrollo/tlc/webpanel/assets/plugins/tablesorter/docs WS_FTP.LOG
2017.05.01 19:33 B G:\CONTENEDOR\sitios\activos\tlc\webpanel\assets\plugins\tablesorter\docs\WS_FTP.LOG --> hs33.ihosting.cl /public_html/webpanel/assets/plugins/tablesorter/docs WS_FTP.LOG
2017.05.01 19:33 B G:\CONTENEDOR\sitios\activos\tlc\webpanel\assets\plugins\tablesorter\docs\themes.html --> hs33.ihosting.cl /public_html/webpanel/assets/plugins/tablesorter/docs themes.html
2017.05.01 19:33 B G:\CONTENEDOR\sitios\activos\tlc\webpanel\assets\plugins\tablesorter\docs\index.html --> hs33.ihosting.cl /public_html/webpanel/assets/plugins/tablesorter/docs index.html
2017.05.01 19:33 B G:\CONTENEDOR\sitios\activos\tlc\webpanel\assets\plugins\tablesorter\docs\example-widgets.html --> hs33.ihosting.cl /public_html/webpanel/assets/plugins/tablesorter/docs example-widgets.html
2017.05.01 19:33 B G:\CONTENEDOR\sitios\activos\tlc\webpanel\assets\plugins\tablesorter\docs\example-widget-zebra.html --> hs33.ihosting.cl /public_html/webpanel/assets/plugins/tablesorter/docs example-widget-zebra.html
2017.05.01 19:33 B G:\CONTENEDOR\sitios\activos\tlc\webpanel\assets\plugins\tablesorter\docs\example-widget-ui-theme.html --> hs33.ihosting.cl /public_html/webpanel/assets/plugins/tablesorter/docs example-widget-ui-theme.html
2017.05.01 19:33 B G:\CONTENEDOR\sitios\activos\tlc\webpanel\assets\plugins\tablesorter\docs\example-widget-sticky-header.html --> hs33.ihosting.cl /public_html/webpanel/assets/plugins/tablesorter/docs example-widget-sticky-header.html
2017.05.01 19:33 B G:\CONTENEDOR\sitios\activos\tlc\webpanel\assets\plugins\tablesorter\docs\example-widget-scroller.html --> hs33.ihosting.cl /public_html/webpanel/assets/plugins/tablesorter/docs example-widget-scroller.html
2017.05.01 19:33 B G:\CONTENEDOR\sitios\activos\tlc\webpanel\assets\plugins\tablesorter\docs\example-widget-savesort.html --> hs33.ihosting.cl /public_html/webpanel/assets/plugins/tablesorter/docs example-widget-savesort.html
2017.05.01 19:33 B G:\CONTENEDOR\sitios\activos\tlc\webpanel\assets\plugins\tablesorter\docs\example-widget-resizable.html --> hs33.ihosting.cl /public_html/webpanel/assets/plugins/tablesorter/docs example-widget-resizable.html
2017.05.01 19:34 B G:\CONTENEDOR\sitios\activos\tlc\webpanel\assets\plugins\tablesorter\docs\example-widget-grouping.html --> hs33.ihosting.cl /public_html/webpanel/assets/plugins/tablesorter/docs example-widget-grouping.html
2017.05.01 19:34 B G:\CONTENEDOR\sitios\activos\tlc\webpanel\assets\plugins\tablesorter\docs\example-widget-filter.html --> hs33.ihosting.cl /public_html/webpanel/assets/plugins/tablesorter/docs example-widget-filter.html
2017.05.01 19:34 B G:\CONTENEDOR\sitios\activos\tlc\webpanel\assets\plugins\tablesorter\docs\example-widget-filter-formatter-2.html --> hs33.ihosting.cl /public_html/webpanel/assets/plugins/tablesorter/docs example-widget-filter-formatter-2.html
2017.05.01 19:34 B G:\CONTENEDOR\sitios\activos\tlc\webpanel\assets\plugins\tablesorter\docs\example-widget-filter-formatter-1.html --> hs33.ihosting.cl /public_html/webpanel/assets/plugins/tablesorter/docs example-widget-filter-formatter-1.html
2017.05.01 19:34 B G:\CONTENEDOR\sitios\activos\tlc\webpanel\assets\plugins\tablesorter\docs\example-widget-filter-custom.html --> hs33.ihosting.cl /public_html/webpanel/assets/plugins/tablesorter/docs example-widget-filter-custom.html
2017.05.01 19:34 B G:\CONTENEDOR\sitios\activos\tlc\webpanel\assets\plugins\tablesorter\docs\example-widget-editable.html --> hs33.ihosting.cl /public_html/webpanel/assets/plugins/tablesorter/docs example-widget-editable.html
2017.05.01 19:34 B G:\CONTENEDOR\sitios\activos\tlc\webpanel\assets\plugins\tablesorter\docs\example-widget-columns.html --> hs33.ihosting.cl /public_html/webpanel/assets/plugins/tablesorter/docs example-widget-columns.html
2017.05.01 19:34 B G:\CONTENEDOR\sitios\activos\tlc\webpanel\assets\plugins\tablesorter\docs\example-widget-build-table.html --> hs33.ihosting.cl /public_html/webpanel/assets/plugins/tablesorter/docs example-widget-build-table.html
2017.05.01 19:34 B G:\CONTENEDOR\sitios\activos\tlc\webpanel\assets\plugins\tablesorter\docs\example-widget-bootstrap-theme.html --> hs33.ihosting.cl /public_html/webpanel/assets/plugins/tablesorter/docs example-widget-bootstrap-theme.html
2017.05.01 19:34 B G:\CONTENEDOR\sitios\activos\tlc\webpanel\assets\plugins\tablesorter\docs\example-update-cell.html --> hs33.ihosting.cl /public_html/webpanel/assets/plugins/tablesorter/docs example-update-cell.html
2017.05.01 19:34 B G:\CONTENEDOR\sitios\activos\tlc\webpanel\assets\plugins\tablesorter\docs\example-update-all.html --> hs33.ihosting.cl /public_html/webpanel/assets/plugins/tablesorter/docs example-update-all.html
2017.05.01 19:34 B G:\CONTENEDOR\sitios\activos\tlc\webpanel\assets\plugins\tablesorter\docs\example-triggers.html --> hs33.ihosting.cl /public_html/webpanel/assets/plugins/tablesorter/docs example-triggers.html
2017.05.01 19:34 B G:\CONTENEDOR\sitios\activos\tlc\webpanel\assets\plugins\tablesorter\docs\example-trigger-sort.html --> hs33.ihosting.cl /public_html/webpanel/assets/plugins/tablesorter/docs example-trigger-sort.html
2017.05.01 19:34 B G:\CONTENEDOR\sitios\activos\tlc\webpanel\assets\plugins\tablesorter\docs\example-parsers.html --> hs33.ihosting.cl /public_html/webpanel/assets/plugins/tablesorter/docs example-parsers.html
2017.05.01 19:34 B G:\CONTENEDOR\sitios\activos\tlc\webpanel\assets\plugins\tablesorter\docs\example-parsers-metric.html --> hs33.ihosting.cl /public_html/webpanel/assets/plugins/tablesorter/docs example-parsers-metric.html
2017.05.01 19:34 B G:\CONTENEDOR\sitios\activos\tlc\webpanel\assets\plugins\tablesorter\docs\example-parsers-jquery-data.html --> hs33.ihosting.cl /public_html/webpanel/assets/plugins/tablesorter/docs example-parsers-jquery-data.html
2017.05.01 19:34 B G:\CONTENEDOR\sitios\activos\tlc\webpanel\assets\plugins\tablesorter\docs\example-parsers-ignore-articles.html --> hs33.ihosting.cl /public_html/webpanel/assets/plugins/tablesorter/docs example-parsers-ignore-articles.html
2017.05.01 19:34 B G:\CONTENEDOR\sitios\activos\tlc\webpanel\assets\plugins\tablesorter\docs\example-parsers-feet-inch-fraction.html --> hs33.ihosting.cl /public_html/webpanel/assets/plugins/tablesorter/docs example-parsers-feet-inch-fraction.html
2017.05.01 19:34 B G:\CONTENEDOR\sitios\activos\tlc\webpanel\assets\plugins\tablesorter\docs\example-parsers-dates.html --> hs33.ihosting.cl /public_html/webpanel/assets/plugins/tablesorter/docs example-parsers-dates.html
2017.05.01 19:34 B G:\CONTENEDOR\sitios\activos\tlc\webpanel\assets\plugins\tablesorter\docs\example-parsers-class-name.html --> hs33.ihosting.cl /public_html/webpanel/assets/plugins/tablesorter/docs example-parsers-class-name.html
2017.05.01 19:34 B G:\CONTENEDOR\sitios\activos\tlc\webpanel\assets\plugins\tablesorter\docs\example-parsers-advanced.html --> hs33.ihosting.cl /public_html/webpanel/assets/plugins/tablesorter/docs example-parsers-advanced.html
2017.05.01 19:34 B G:\CONTENEDOR\sitios\activos\tlc\webpanel\assets\plugins\tablesorter\docs\example-pager.html --> hs33.ihosting.cl /public_html/webpanel/assets/plugins/tablesorter/docs example-pager.html
2017.05.01 19:34 B G:\CONTENEDOR\sitios\activos\tlc\webpanel\assets\plugins\tablesorter\docs\example-pager-filtered.html --> hs33.ihosting.cl /public_html/webpanel/assets/plugins/tablesorter/docs example-pager-filtered.html
2017.05.01 19:34 B G:\CONTENEDOR\sitios\activos\tlc\webpanel\assets\plugins\tablesorter\docs\example-pager-ajax.html --> hs33.ihosting.cl /public_html/webpanel/assets/plugins/tablesorter/docs example-pager-ajax.html
2017.05.01 19:34 B G:\CONTENEDOR\sitios\activos\tlc\webpanel\assets\plugins\tablesorter\docs\example-options-headers.html --> hs33.ihosting.cl /public_html/webpanel/assets/plugins/tablesorter/docs example-options-headers.html
2017.05.01 19:34 B G:\CONTENEDOR\sitios\activos\tlc\webpanel\assets\plugins\tablesorter\docs\example-options-headers-order.html --> hs33.ihosting.cl /public_html/webpanel/assets/plugins/tablesorter/docs example-options-headers-order.html
2017.05.01 19:34 B G:\CONTENEDOR\sitios\activos\tlc\webpanel\assets\plugins\tablesorter\docs\example-options-headers-locked.html --> hs33.ihosting.cl /public_html/webpanel/assets/plugins/tablesorter/docs example-options-headers-locked.html
2017.05.01 19:34 B G:\CONTENEDOR\sitios\activos\tlc\webpanel\assets\plugins\tablesorter\docs\example-options-headers-digits-strings.html --> hs33.ihosting.cl /public_html/webpanel/assets/plugins/tablesorter/docs example-options-headers-digits-strings.html
2017.05.01 19:34 B G:\CONTENEDOR\sitios\activos\tlc\webpanel\assets\plugins\tablesorter\docs\example-option-text-extraction.html --> hs33.ihosting.cl /public_html/webpanel/assets/plugins/tablesorter/docs example-option-text-extraction.html
2017.05.01 19:34 B G:\CONTENEDOR\sitios\activos\tlc\webpanel\assets\plugins\tablesorter\docs\example-option-sortreset-sortrestart.html --> hs33.ihosting.cl /public_html/webpanel/assets/plugins/tablesorter/docs example-option-sortreset-sortrestart.html
2017.05.01 19:34 B G:\CONTENEDOR\sitios\activos\tlc\webpanel\assets\plugins\tablesorter\docs\example-option-sort-order.html --> hs33.ihosting.cl /public_html/webpanel/assets/plugins/tablesorter/docs example-option-sort-order.html
2017.05.01 19:34 B G:\CONTENEDOR\sitios\activos\tlc\webpanel\assets\plugins\tablesorter\docs\example-option-sort-list.html --> hs33.ihosting.cl /public_html/webpanel/assets/plugins/tablesorter/docs example-option-sort-list.html
2017.05.01 19:34 B G:\CONTENEDOR\sitios\activos\tlc\webpanel\assets\plugins\tablesorter\docs\example-option-sort-key.html --> hs33.ihosting.cl /public_html/webpanel/assets/plugins/tablesorter/docs example-option-sort-key.html
2017.05.01 19:34 B G:\CONTENEDOR\sitios\activos\tlc\webpanel\assets\plugins\tablesorter\docs\example-option-sort-force.html --> hs33.ihosting.cl /public_html/webpanel/assets/plugins/tablesorter/docs example-option-sort-force.html
2017.05.01 19:34 B G:\CONTENEDOR\sitios\activos\tlc\webpanel\assets\plugins\tablesorter\docs\example-option-sort-empty.html --> hs33.ihosting.cl /public_html/webpanel/assets/plugins/tablesorter/docs example-option-sort-empty.html
2017.05.01 19:34 B G:\CONTENEDOR\sitios\activos\tlc\webpanel\assets\plugins\tablesorter\docs\example-option-sort-append.html --> hs33.ihosting.cl /public_html/webpanel/assets/plugins/tablesorter/docs example-option-sort-append.html
2017.05.01 19:34 B G:\CONTENEDOR\sitios\activos\tlc\webpanel\assets\plugins\tablesorter\docs\example-option-show-processing.html --> hs33.ihosting.cl /public_html/webpanel/assets/plugins/tablesorter/docs example-option-show-processing.html
2017.05.01 19:34 B G:\CONTENEDOR\sitios\activos\tlc\webpanel\assets\plugins\tablesorter\docs\example-option-selectorsort.html --> hs33.ihosting.cl /public_html/webpanel/assets/plugins/tablesorter/docs example-option-selectorsort.html
2017.05.01 19:34 B G:\CONTENEDOR\sitios\activos\tlc\webpanel\assets\plugins\tablesorter\docs\example-option-render-template.html --> hs33.ihosting.cl /public_html/webpanel/assets/plugins/tablesorter/docs example-option-render-template.html
2017.05.01 19:34 B G:\CONTENEDOR\sitios\activos\tlc\webpanel\assets\plugins\tablesorter\docs\example-option-render-header.html --> hs33.ihosting.cl /public_html/webpanel/assets/plugins/tablesorter/docs example-option-render-header.html
2017.05.01 19:34 B G:\CONTENEDOR\sitios\activos\tlc\webpanel\assets\plugins\tablesorter\docs\example-option-digits.html --> hs33.ihosting.cl /public_html/webpanel/assets/plugins/tablesorter/docs example-option-digits.html
2017.05.01 19:34 B G:\CONTENEDOR\sitios\activos\tlc\webpanel\assets\plugins\tablesorter\docs\example-option-debug.html --> hs33.ihosting.cl /public_html/webpanel/assets/plugins/tablesorter/docs example-option-debug.html
2017.05.01 19:34 B G:\CONTENEDOR\sitios\activos\tlc\webpanel\assets\plugins\tablesorter\docs\example-option-date-format.html --> hs33.ihosting.cl /public_html/webpanel/assets/plugins/tablesorter/docs example-option-date-format.html
2017.05.01 19:34 B G:\CONTENEDOR\sitios\activos\tlc\webpanel\assets\plugins\tablesorter\docs\example-option-custom-sort.html --> hs33.ihosting.cl /public_html/webpanel/assets/plugins/tablesorter/docs example-option-custom-sort.html
2017.05.01 19:34 B G:\CONTENEDOR\sitios\activos\tlc\webpanel\assets\plugins\tablesorter\docs\example-multiple-tbodies.html --> hs33.ihosting.cl /public_html/webpanel/assets/plugins/tablesorter/docs example-multiple-tbodies.html
2017.05.01 19:34 B G:\CONTENEDOR\sitios\activos\tlc\webpanel\assets\plugins\tablesorter\docs\example-method-sortreset.html --> hs33.ihosting.cl /public_html/webpanel/assets/plugins/tablesorter/docs example-method-sortreset.html
2017.05.01 19:34 B G:\CONTENEDOR\sitios\activos\tlc\webpanel\assets\plugins\tablesorter\docs\example-meta-sort-list.html --> hs33.ihosting.cl /public_html/webpanel/assets/plugins/tablesorter/docs example-meta-sort-list.html
2017.05.01 19:34 B G:\CONTENEDOR\sitios\activos\tlc\webpanel\assets\plugins\tablesorter\docs\example-meta-parsers.html --> hs33.ihosting.cl /public_html/webpanel/assets/plugins/tablesorter/docs example-meta-parsers.html
2017.05.01 19:34 B G:\CONTENEDOR\sitios\activos\tlc\webpanel\assets\plugins\tablesorter\docs\example-meta-headers.html --> hs33.ihosting.cl /public_html/webpanel/assets/plugins/tablesorter/docs example-meta-headers.html
2017.05.01 19:34 B G:\CONTENEDOR\sitios\activos\tlc\webpanel\assets\plugins\tablesorter\docs\example-locale-sort.html --> hs33.ihosting.cl /public_html/webpanel/assets/plugins/tablesorter/docs example-locale-sort.html
2017.05.01 19:34 B G:\CONTENEDOR\sitios\activos\tlc\webpanel\assets\plugins\tablesorter\docs\example-header-column-span.html --> hs33.ihosting.cl /public_html/webpanel/assets/plugins/tablesorter/docs example-header-column-span.html
2017.05.01 19:34 B G:\CONTENEDOR\sitios\activos\tlc\webpanel\assets\plugins\tablesorter\docs\example-extending-defaults.html --> hs33.ihosting.cl /public_html/webpanel/assets/plugins/tablesorter/docs example-extending-defaults.html
2017.05.01 19:34 B G:\CONTENEDOR\sitios\activos\tlc\webpanel\assets\plugins\tablesorter\docs\example-empty-table.html --> hs33.ihosting.cl /public_html/webpanel/assets/plugins/tablesorter/docs example-empty-table.html
2017.05.01 19:34 B G:\CONTENEDOR\sitios\activos\tlc\webpanel\assets\plugins\tablesorter\docs\example-child-rows.html --> hs33.ihosting.cl /public_html/webpanel/assets/plugins/tablesorter/docs example-child-rows.html
2017.05.01 19:34 B G:\CONTENEDOR\sitios\activos\tlc\webpanel\assets\plugins\tablesorter\docs\example-child-rows-filtered.html --> hs33.ihosting.cl /public_html/webpanel/assets/plugins/tablesorter/docs example-child-rows-filtered.html
2017.05.01 19:34 B G:\CONTENEDOR\sitios\activos\tlc\webpanel\assets\plugins\tablesorter\docs\example-apply-widget.html --> hs33.ihosting.cl /public_html/webpanel/assets/plugins/tablesorter/docs example-apply-widget.html
2017.05.01 19:34 B G:\CONTENEDOR\sitios\activos\tlc\webpanel\assets\plugins\tablesorter\docs\example-ajax.html --> hs33.ihosting.cl /public_html/webpanel/assets/plugins/tablesorter/docs example-ajax.html
2017.05.01 19:34 B G:\CONTENEDOR\sitios\activos\tlc\webpanel\assets\plugins\tablesorter\docs\example-add-rows.html --> hs33.ihosting.cl /public_html/webpanel/assets/plugins/tablesorter/docs example-add-rows.html
