2016.09.14 21:03 B G:\CONTENEDOR\sitios\activos\AEROEXPRESS\webpanel\assets\plugins\pagedown\demo\browser\bootstrap\less\wells.less <-- AEROEXPRESS /public_html/webpanel/assets/plugins/pagedown/demo/browser/bootstrap/less wells.less
2016.09.14 21:03 B G:\CONTENEDOR\sitios\activos\AEROEXPRESS\webpanel\assets\plugins\pagedown\demo\browser\bootstrap\less\variables.less <-- AEROEXPRESS /public_html/webpanel/assets/plugins/pagedown/demo/browser/bootstrap/less variables.less
2016.09.14 21:03 B G:\CONTENEDOR\sitios\activos\AEROEXPRESS\webpanel\assets\plugins\pagedown\demo\browser\bootstrap\less\utilities.less <-- AEROEXPRESS /public_html/webpanel/assets/plugins/pagedown/demo/browser/bootstrap/less utilities.less
2016.09.14 21:03 B G:\CONTENEDOR\sitios\activos\AEROEXPRESS\webpanel\assets\plugins\pagedown\demo\browser\bootstrap\less\type.less <-- AEROEXPRESS /public_html/webpanel/assets/plugins/pagedown/demo/browser/bootstrap/less type.less
2016.09.14 21:03 B G:\CONTENEDOR\sitios\activos\AEROEXPRESS\webpanel\assets\plugins\pagedown\demo\browser\bootstrap\less\tooltip.less <-- AEROEXPRESS /public_html/webpanel/assets/plugins/pagedown/demo/browser/bootstrap/less tooltip.less
2016.09.14 21:03 B G:\CONTENEDOR\sitios\activos\AEROEXPRESS\webpanel\assets\plugins\pagedown\demo\browser\bootstrap\less\thumbnails.less <-- AEROEXPRESS /public_html/webpanel/assets/plugins/pagedown/demo/browser/bootstrap/less thumbnails.less
2016.09.14 21:03 B G:\CONTENEDOR\sitios\activos\AEROEXPRESS\webpanel\assets\plugins\pagedown\demo\browser\bootstrap\less\tables.less <-- AEROEXPRESS /public_html/webpanel/assets/plugins/pagedown/demo/browser/bootstrap/less tables.less
2016.09.14 21:03 B G:\CONTENEDOR\sitios\activos\AEROEXPRESS\webpanel\assets\plugins\pagedown\demo\browser\bootstrap\less\sprites.less <-- AEROEXPRESS /public_html/webpanel/assets/plugins/pagedown/demo/browser/bootstrap/less sprites.less
2016.09.14 21:03 B G:\CONTENEDOR\sitios\activos\AEROEXPRESS\webpanel\assets\plugins\pagedown\demo\browser\bootstrap\less\scaffolding.less <-- AEROEXPRESS /public_html/webpanel/assets/plugins/pagedown/demo/browser/bootstrap/less scaffolding.less
2016.09.14 21:03 B G:\CONTENEDOR\sitios\activos\AEROEXPRESS\webpanel\assets\plugins\pagedown\demo\browser\bootstrap\less\responsive.less <-- AEROEXPRESS /public_html/webpanel/assets/plugins/pagedown/demo/browser/bootstrap/less responsive.less
2016.09.14 21:03 B G:\CONTENEDOR\sitios\activos\AEROEXPRESS\webpanel\assets\plugins\pagedown\demo\browser\bootstrap\less\reset.less <-- AEROEXPRESS /public_html/webpanel/assets/plugins/pagedown/demo/browser/bootstrap/less reset.less
2016.09.14 21:03 B G:\CONTENEDOR\sitios\activos\AEROEXPRESS\webpanel\assets\plugins\pagedown\demo\browser\bootstrap\less\progress-bars.less <-- AEROEXPRESS /public_html/webpanel/assets/plugins/pagedown/demo/browser/bootstrap/less progress-bars.less
2016.09.14 21:03 B G:\CONTENEDOR\sitios\activos\AEROEXPRESS\webpanel\assets\plugins\pagedown\demo\browser\bootstrap\less\popovers.less <-- AEROEXPRESS /public_html/webpanel/assets/plugins/pagedown/demo/browser/bootstrap/less popovers.less
2016.09.14 21:03 B G:\CONTENEDOR\sitios\activos\AEROEXPRESS\webpanel\assets\plugins\pagedown\demo\browser\bootstrap\less\pagination.less <-- AEROEXPRESS /public_html/webpanel/assets/plugins/pagedown/demo/browser/bootstrap/less pagination.less
2016.09.14 21:03 B G:\CONTENEDOR\sitios\activos\AEROEXPRESS\webpanel\assets\plugins\pagedown\demo\browser\bootstrap\less\pager.less <-- AEROEXPRESS /public_html/webpanel/assets/plugins/pagedown/demo/browser/bootstrap/less pager.less
2016.09.14 21:03 B G:\CONTENEDOR\sitios\activos\AEROEXPRESS\webpanel\assets\plugins\pagedown\demo\browser\bootstrap\less\navs.less <-- AEROEXPRESS /public_html/webpanel/assets/plugins/pagedown/demo/browser/bootstrap/less navs.less
2016.09.14 21:03 B G:\CONTENEDOR\sitios\activos\AEROEXPRESS\webpanel\assets\plugins\pagedown\demo\browser\bootstrap\less\navbar.less <-- AEROEXPRESS /public_html/webpanel/assets/plugins/pagedown/demo/browser/bootstrap/less navbar.less
2016.09.14 21:03 B G:\CONTENEDOR\sitios\activos\AEROEXPRESS\webpanel\assets\plugins\pagedown\demo\browser\bootstrap\less\modals.less <-- AEROEXPRESS /public_html/webpanel/assets/plugins/pagedown/demo/browser/bootstrap/less modals.less
2016.09.14 21:03 B G:\CONTENEDOR\sitios\activos\AEROEXPRESS\webpanel\assets\plugins\pagedown\demo\browser\bootstrap\less\mixins.less <-- AEROEXPRESS /public_html/webpanel/assets/plugins/pagedown/demo/browser/bootstrap/less mixins.less
2016.09.14 21:03 B G:\CONTENEDOR\sitios\activos\AEROEXPRESS\webpanel\assets\plugins\pagedown\demo\browser\bootstrap\less\layouts.less <-- AEROEXPRESS /public_html/webpanel/assets/plugins/pagedown/demo/browser/bootstrap/less layouts.less
2016.09.14 21:03 B G:\CONTENEDOR\sitios\activos\AEROEXPRESS\webpanel\assets\plugins\pagedown\demo\browser\bootstrap\less\labels.less <-- AEROEXPRESS /public_html/webpanel/assets/plugins/pagedown/demo/browser/bootstrap/less labels.less
2016.09.14 21:03 B G:\CONTENEDOR\sitios\activos\AEROEXPRESS\webpanel\assets\plugins\pagedown\demo\browser\bootstrap\less\hero-unit.less <-- AEROEXPRESS /public_html/webpanel/assets/plugins/pagedown/demo/browser/bootstrap/less hero-unit.less
2016.09.14 21:03 B G:\CONTENEDOR\sitios\activos\AEROEXPRESS\webpanel\assets\plugins\pagedown\demo\browser\bootstrap\less\grid.less <-- AEROEXPRESS /public_html/webpanel/assets/plugins/pagedown/demo/browser/bootstrap/less grid.less
2016.09.14 21:03 B G:\CONTENEDOR\sitios\activos\AEROEXPRESS\webpanel\assets\plugins\pagedown\demo\browser\bootstrap\less\forms.less <-- AEROEXPRESS /public_html/webpanel/assets/plugins/pagedown/demo/browser/bootstrap/less forms.less
2016.09.14 21:03 B G:\CONTENEDOR\sitios\activos\AEROEXPRESS\webpanel\assets\plugins\pagedown\demo\browser\bootstrap\less\dropdowns.less <-- AEROEXPRESS /public_html/webpanel/assets/plugins/pagedown/demo/browser/bootstrap/less dropdowns.less
2016.09.14 21:03 B G:\CONTENEDOR\sitios\activos\AEROEXPRESS\webpanel\assets\plugins\pagedown\demo\browser\bootstrap\less\component-animations.less <-- AEROEXPRESS /public_html/webpanel/assets/plugins/pagedown/demo/browser/bootstrap/less component-animations.less
2016.09.14 21:03 B G:\CONTENEDOR\sitios\activos\AEROEXPRESS\webpanel\assets\plugins\pagedown\demo\browser\bootstrap\less\code.less <-- AEROEXPRESS /public_html/webpanel/assets/plugins/pagedown/demo/browser/bootstrap/less code.less
2016.09.14 21:03 B G:\CONTENEDOR\sitios\activos\AEROEXPRESS\webpanel\assets\plugins\pagedown\demo\browser\bootstrap\less\close.less <-- AEROEXPRESS /public_html/webpanel/assets/plugins/pagedown/demo/browser/bootstrap/less close.less
2016.09.14 21:03 B G:\CONTENEDOR\sitios\activos\AEROEXPRESS\webpanel\assets\plugins\pagedown\demo\browser\bootstrap\less\carousel.less <-- AEROEXPRESS /public_html/webpanel/assets/plugins/pagedown/demo/browser/bootstrap/less carousel.less
2016.09.14 21:03 B G:\CONTENEDOR\sitios\activos\AEROEXPRESS\webpanel\assets\plugins\pagedown\demo\browser\bootstrap\less\buttons.less <-- AEROEXPRESS /public_html/webpanel/assets/plugins/pagedown/demo/browser/bootstrap/less buttons.less
2016.09.14 21:03 B G:\CONTENEDOR\sitios\activos\AEROEXPRESS\webpanel\assets\plugins\pagedown\demo\browser\bootstrap\less\button-groups.less <-- AEROEXPRESS /public_html/webpanel/assets/plugins/pagedown/demo/browser/bootstrap/less button-groups.less
2016.09.14 21:03 B G:\CONTENEDOR\sitios\activos\AEROEXPRESS\webpanel\assets\plugins\pagedown\demo\browser\bootstrap\less\breadcrumbs.less <-- AEROEXPRESS /public_html/webpanel/assets/plugins/pagedown/demo/browser/bootstrap/less breadcrumbs.less
2016.09.14 21:03 B G:\CONTENEDOR\sitios\activos\AEROEXPRESS\webpanel\assets\plugins\pagedown\demo\browser\bootstrap\less\bootstrap.less <-- AEROEXPRESS /public_html/webpanel/assets/plugins/pagedown/demo/browser/bootstrap/less bootstrap.less
2016.09.14 21:03 B G:\CONTENEDOR\sitios\activos\AEROEXPRESS\webpanel\assets\plugins\pagedown\demo\browser\bootstrap\less\alerts.less <-- AEROEXPRESS /public_html/webpanel/assets/plugins/pagedown/demo/browser/bootstrap/less alerts.less
2016.09.14 21:03 B G:\CONTENEDOR\sitios\activos\AEROEXPRESS\webpanel\assets\plugins\pagedown\demo\browser\bootstrap\less\accordion.less <-- AEROEXPRESS /public_html/webpanel/assets/plugins/pagedown/demo/browser/bootstrap/less accordion.less
2017.03.15 14:11 B G:\CONTENEDOR\sitios\activos\AEROEXPRESS\webpanel\assets\plugins\pagedown\demo\browser\bootstrap\less\accordion.less --> hs20.ihosting.cl /public_html/desarrollo/tlc/webpanel/assets/plugins/pagedown/demo/browser/bootstrap/less accordion.less
2017.03.15 14:11 B G:\CONTENEDOR\sitios\activos\AEROEXPRESS\webpanel\assets\plugins\pagedown\demo\browser\bootstrap\less\alerts.less --> hs20.ihosting.cl /public_html/desarrollo/tlc/webpanel/assets/plugins/pagedown/demo/browser/bootstrap/less alerts.less
2017.03.15 14:11 B G:\CONTENEDOR\sitios\activos\AEROEXPRESS\webpanel\assets\plugins\pagedown\demo\browser\bootstrap\less\bootstrap.less --> hs20.ihosting.cl /public_html/desarrollo/tlc/webpanel/assets/plugins/pagedown/demo/browser/bootstrap/less bootstrap.less
2017.03.15 14:11 B G:\CONTENEDOR\sitios\activos\AEROEXPRESS\webpanel\assets\plugins\pagedown\demo\browser\bootstrap\less\breadcrumbs.less --> hs20.ihosting.cl /public_html/desarrollo/tlc/webpanel/assets/plugins/pagedown/demo/browser/bootstrap/less breadcrumbs.less
2017.03.15 14:11 B G:\CONTENEDOR\sitios\activos\AEROEXPRESS\webpanel\assets\plugins\pagedown\demo\browser\bootstrap\less\button-groups.less --> hs20.ihosting.cl /public_html/desarrollo/tlc/webpanel/assets/plugins/pagedown/demo/browser/bootstrap/less button-groups.less
2017.03.15 14:11 B G:\CONTENEDOR\sitios\activos\AEROEXPRESS\webpanel\assets\plugins\pagedown\demo\browser\bootstrap\less\buttons.less --> hs20.ihosting.cl /public_html/desarrollo/tlc/webpanel/assets/plugins/pagedown/demo/browser/bootstrap/less buttons.less
2017.03.15 14:11 B G:\CONTENEDOR\sitios\activos\AEROEXPRESS\webpanel\assets\plugins\pagedown\demo\browser\bootstrap\less\carousel.less --> hs20.ihosting.cl /public_html/desarrollo/tlc/webpanel/assets/plugins/pagedown/demo/browser/bootstrap/less carousel.less
2017.03.15 14:11 B G:\CONTENEDOR\sitios\activos\AEROEXPRESS\webpanel\assets\plugins\pagedown\demo\browser\bootstrap\less\close.less --> hs20.ihosting.cl /public_html/desarrollo/tlc/webpanel/assets/plugins/pagedown/demo/browser/bootstrap/less close.less
2017.03.15 14:11 B G:\CONTENEDOR\sitios\activos\AEROEXPRESS\webpanel\assets\plugins\pagedown\demo\browser\bootstrap\less\code.less --> hs20.ihosting.cl /public_html/desarrollo/tlc/webpanel/assets/plugins/pagedown/demo/browser/bootstrap/less code.less
2017.03.15 14:11 B G:\CONTENEDOR\sitios\activos\AEROEXPRESS\webpanel\assets\plugins\pagedown\demo\browser\bootstrap\less\component-animations.less --> hs20.ihosting.cl /public_html/desarrollo/tlc/webpanel/assets/plugins/pagedown/demo/browser/bootstrap/less component-animations.less
2017.03.15 14:11 B G:\CONTENEDOR\sitios\activos\AEROEXPRESS\webpanel\assets\plugins\pagedown\demo\browser\bootstrap\less\dropdowns.less --> hs20.ihosting.cl /public_html/desarrollo/tlc/webpanel/assets/plugins/pagedown/demo/browser/bootstrap/less dropdowns.less
2017.03.15 14:11 B G:\CONTENEDOR\sitios\activos\AEROEXPRESS\webpanel\assets\plugins\pagedown\demo\browser\bootstrap\less\forms.less --> hs20.ihosting.cl /public_html/desarrollo/tlc/webpanel/assets/plugins/pagedown/demo/browser/bootstrap/less forms.less
2017.03.15 14:11 B G:\CONTENEDOR\sitios\activos\AEROEXPRESS\webpanel\assets\plugins\pagedown\demo\browser\bootstrap\less\grid.less --> hs20.ihosting.cl /public_html/desarrollo/tlc/webpanel/assets/plugins/pagedown/demo/browser/bootstrap/less grid.less
2017.03.15 14:11 B G:\CONTENEDOR\sitios\activos\AEROEXPRESS\webpanel\assets\plugins\pagedown\demo\browser\bootstrap\less\hero-unit.less --> hs20.ihosting.cl /public_html/desarrollo/tlc/webpanel/assets/plugins/pagedown/demo/browser/bootstrap/less hero-unit.less
2017.03.15 14:11 B G:\CONTENEDOR\sitios\activos\AEROEXPRESS\webpanel\assets\plugins\pagedown\demo\browser\bootstrap\less\labels.less --> hs20.ihosting.cl /public_html/desarrollo/tlc/webpanel/assets/plugins/pagedown/demo/browser/bootstrap/less labels.less
2017.03.15 14:11 B G:\CONTENEDOR\sitios\activos\AEROEXPRESS\webpanel\assets\plugins\pagedown\demo\browser\bootstrap\less\layouts.less --> hs20.ihosting.cl /public_html/desarrollo/tlc/webpanel/assets/plugins/pagedown/demo/browser/bootstrap/less layouts.less
2017.03.15 14:11 B G:\CONTENEDOR\sitios\activos\AEROEXPRESS\webpanel\assets\plugins\pagedown\demo\browser\bootstrap\less\mixins.less --> hs20.ihosting.cl /public_html/desarrollo/tlc/webpanel/assets/plugins/pagedown/demo/browser/bootstrap/less mixins.less
2017.03.15 14:11 B G:\CONTENEDOR\sitios\activos\AEROEXPRESS\webpanel\assets\plugins\pagedown\demo\browser\bootstrap\less\modals.less --> hs20.ihosting.cl /public_html/desarrollo/tlc/webpanel/assets/plugins/pagedown/demo/browser/bootstrap/less modals.less
2017.03.15 14:11 B G:\CONTENEDOR\sitios\activos\AEROEXPRESS\webpanel\assets\plugins\pagedown\demo\browser\bootstrap\less\navbar.less --> hs20.ihosting.cl /public_html/desarrollo/tlc/webpanel/assets/plugins/pagedown/demo/browser/bootstrap/less navbar.less
2017.03.15 14:11 B G:\CONTENEDOR\sitios\activos\AEROEXPRESS\webpanel\assets\plugins\pagedown\demo\browser\bootstrap\less\navs.less --> hs20.ihosting.cl /public_html/desarrollo/tlc/webpanel/assets/plugins/pagedown/demo/browser/bootstrap/less navs.less
2017.03.15 14:11 B G:\CONTENEDOR\sitios\activos\AEROEXPRESS\webpanel\assets\plugins\pagedown\demo\browser\bootstrap\less\pager.less --> hs20.ihosting.cl /public_html/desarrollo/tlc/webpanel/assets/plugins/pagedown/demo/browser/bootstrap/less pager.less
2017.03.15 14:11 B G:\CONTENEDOR\sitios\activos\AEROEXPRESS\webpanel\assets\plugins\pagedown\demo\browser\bootstrap\less\pagination.less --> hs20.ihosting.cl /public_html/desarrollo/tlc/webpanel/assets/plugins/pagedown/demo/browser/bootstrap/less pagination.less
2017.03.15 14:11 B G:\CONTENEDOR\sitios\activos\AEROEXPRESS\webpanel\assets\plugins\pagedown\demo\browser\bootstrap\less\popovers.less --> hs20.ihosting.cl /public_html/desarrollo/tlc/webpanel/assets/plugins/pagedown/demo/browser/bootstrap/less popovers.less
2017.03.15 14:11 B G:\CONTENEDOR\sitios\activos\AEROEXPRESS\webpanel\assets\plugins\pagedown\demo\browser\bootstrap\less\progress-bars.less --> hs20.ihosting.cl /public_html/desarrollo/tlc/webpanel/assets/plugins/pagedown/demo/browser/bootstrap/less progress-bars.less
2017.03.15 14:11 B G:\CONTENEDOR\sitios\activos\AEROEXPRESS\webpanel\assets\plugins\pagedown\demo\browser\bootstrap\less\reset.less --> hs20.ihosting.cl /public_html/desarrollo/tlc/webpanel/assets/plugins/pagedown/demo/browser/bootstrap/less reset.less
2017.03.15 14:11 B G:\CONTENEDOR\sitios\activos\AEROEXPRESS\webpanel\assets\plugins\pagedown\demo\browser\bootstrap\less\responsive.less --> hs20.ihosting.cl /public_html/desarrollo/tlc/webpanel/assets/plugins/pagedown/demo/browser/bootstrap/less responsive.less
2017.03.15 14:11 B G:\CONTENEDOR\sitios\activos\AEROEXPRESS\webpanel\assets\plugins\pagedown\demo\browser\bootstrap\less\scaffolding.less --> hs20.ihosting.cl /public_html/desarrollo/tlc/webpanel/assets/plugins/pagedown/demo/browser/bootstrap/less scaffolding.less
2017.03.15 14:11 B G:\CONTENEDOR\sitios\activos\AEROEXPRESS\webpanel\assets\plugins\pagedown\demo\browser\bootstrap\less\sprites.less --> hs20.ihosting.cl /public_html/desarrollo/tlc/webpanel/assets/plugins/pagedown/demo/browser/bootstrap/less sprites.less
2017.03.15 14:11 B G:\CONTENEDOR\sitios\activos\AEROEXPRESS\webpanel\assets\plugins\pagedown\demo\browser\bootstrap\less\tables.less --> hs20.ihosting.cl /public_html/desarrollo/tlc/webpanel/assets/plugins/pagedown/demo/browser/bootstrap/less tables.less
2017.03.15 14:11 B G:\CONTENEDOR\sitios\activos\AEROEXPRESS\webpanel\assets\plugins\pagedown\demo\browser\bootstrap\less\thumbnails.less --> hs20.ihosting.cl /public_html/desarrollo/tlc/webpanel/assets/plugins/pagedown/demo/browser/bootstrap/less thumbnails.less
2017.03.15 14:11 B G:\CONTENEDOR\sitios\activos\AEROEXPRESS\webpanel\assets\plugins\pagedown\demo\browser\bootstrap\less\tooltip.less --> hs20.ihosting.cl /public_html/desarrollo/tlc/webpanel/assets/plugins/pagedown/demo/browser/bootstrap/less tooltip.less
2017.03.15 14:11 B G:\CONTENEDOR\sitios\activos\AEROEXPRESS\webpanel\assets\plugins\pagedown\demo\browser\bootstrap\less\type.less --> hs20.ihosting.cl /public_html/desarrollo/tlc/webpanel/assets/plugins/pagedown/demo/browser/bootstrap/less type.less
2017.03.15 14:11 B G:\CONTENEDOR\sitios\activos\AEROEXPRESS\webpanel\assets\plugins\pagedown\demo\browser\bootstrap\less\utilities.less --> hs20.ihosting.cl /public_html/desarrollo/tlc/webpanel/assets/plugins/pagedown/demo/browser/bootstrap/less utilities.less
2017.03.15 14:11 B G:\CONTENEDOR\sitios\activos\AEROEXPRESS\webpanel\assets\plugins\pagedown\demo\browser\bootstrap\less\variables.less --> hs20.ihosting.cl /public_html/desarrollo/tlc/webpanel/assets/plugins/pagedown/demo/browser/bootstrap/less variables.less
2017.03.15 14:11 B G:\CONTENEDOR\sitios\activos\AEROEXPRESS\webpanel\assets\plugins\pagedown\demo\browser\bootstrap\less\wells.less --> hs20.ihosting.cl /public_html/desarrollo/tlc/webpanel/assets/plugins/pagedown/demo/browser/bootstrap/less wells.less
2017.03.15 14:11 B G:\CONTENEDOR\sitios\activos\AEROEXPRESS\webpanel\assets\plugins\pagedown\demo\browser\bootstrap\less\WS_FTP.LOG --> hs20.ihosting.cl /public_html/desarrollo/tlc/webpanel/assets/plugins/pagedown/demo/browser/bootstrap/less WS_FTP.LOG
2017.05.01 19:35 B G:\CONTENEDOR\sitios\activos\tlc\webpanel\assets\plugins\pagedown\demo\browser\bootstrap\less\WS_FTP.LOG --> hs33.ihosting.cl /public_html/webpanel/assets/plugins/pagedown/demo/browser/bootstrap/less WS_FTP.LOG
2017.05.01 19:35 B G:\CONTENEDOR\sitios\activos\tlc\webpanel\assets\plugins\pagedown\demo\browser\bootstrap\less\wells.less --> hs33.ihosting.cl /public_html/webpanel/assets/plugins/pagedown/demo/browser/bootstrap/less wells.less
2017.05.01 19:35 B G:\CONTENEDOR\sitios\activos\tlc\webpanel\assets\plugins\pagedown\demo\browser\bootstrap\less\variables.less --> hs33.ihosting.cl /public_html/webpanel/assets/plugins/pagedown/demo/browser/bootstrap/less variables.less
2017.05.01 19:35 B G:\CONTENEDOR\sitios\activos\tlc\webpanel\assets\plugins\pagedown\demo\browser\bootstrap\less\utilities.less --> hs33.ihosting.cl /public_html/webpanel/assets/plugins/pagedown/demo/browser/bootstrap/less utilities.less
2017.05.01 19:35 B G:\CONTENEDOR\sitios\activos\tlc\webpanel\assets\plugins\pagedown\demo\browser\bootstrap\less\type.less --> hs33.ihosting.cl /public_html/webpanel/assets/plugins/pagedown/demo/browser/bootstrap/less type.less
2017.05.01 19:35 B G:\CONTENEDOR\sitios\activos\tlc\webpanel\assets\plugins\pagedown\demo\browser\bootstrap\less\tooltip.less --> hs33.ihosting.cl /public_html/webpanel/assets/plugins/pagedown/demo/browser/bootstrap/less tooltip.less
2017.05.01 19:35 B G:\CONTENEDOR\sitios\activos\tlc\webpanel\assets\plugins\pagedown\demo\browser\bootstrap\less\thumbnails.less --> hs33.ihosting.cl /public_html/webpanel/assets/plugins/pagedown/demo/browser/bootstrap/less thumbnails.less
2017.05.01 19:35 B G:\CONTENEDOR\sitios\activos\tlc\webpanel\assets\plugins\pagedown\demo\browser\bootstrap\less\tables.less --> hs33.ihosting.cl /public_html/webpanel/assets/plugins/pagedown/demo/browser/bootstrap/less tables.less
2017.05.01 19:35 B G:\CONTENEDOR\sitios\activos\tlc\webpanel\assets\plugins\pagedown\demo\browser\bootstrap\less\sprites.less --> hs33.ihosting.cl /public_html/webpanel/assets/plugins/pagedown/demo/browser/bootstrap/less sprites.less
2017.05.01 19:35 B G:\CONTENEDOR\sitios\activos\tlc\webpanel\assets\plugins\pagedown\demo\browser\bootstrap\less\scaffolding.less --> hs33.ihosting.cl /public_html/webpanel/assets/plugins/pagedown/demo/browser/bootstrap/less scaffolding.less
2017.05.01 19:35 B G:\CONTENEDOR\sitios\activos\tlc\webpanel\assets\plugins\pagedown\demo\browser\bootstrap\less\responsive.less --> hs33.ihosting.cl /public_html/webpanel/assets/plugins/pagedown/demo/browser/bootstrap/less responsive.less
2017.05.01 19:35 B G:\CONTENEDOR\sitios\activos\tlc\webpanel\assets\plugins\pagedown\demo\browser\bootstrap\less\reset.less --> hs33.ihosting.cl /public_html/webpanel/assets/plugins/pagedown/demo/browser/bootstrap/less reset.less
2017.05.01 19:35 B G:\CONTENEDOR\sitios\activos\tlc\webpanel\assets\plugins\pagedown\demo\browser\bootstrap\less\progress-bars.less --> hs33.ihosting.cl /public_html/webpanel/assets/plugins/pagedown/demo/browser/bootstrap/less progress-bars.less
2017.05.01 19:35 B G:\CONTENEDOR\sitios\activos\tlc\webpanel\assets\plugins\pagedown\demo\browser\bootstrap\less\popovers.less --> hs33.ihosting.cl /public_html/webpanel/assets/plugins/pagedown/demo/browser/bootstrap/less popovers.less
2017.05.01 19:35 B G:\CONTENEDOR\sitios\activos\tlc\webpanel\assets\plugins\pagedown\demo\browser\bootstrap\less\pagination.less --> hs33.ihosting.cl /public_html/webpanel/assets/plugins/pagedown/demo/browser/bootstrap/less pagination.less
2017.05.01 19:35 B G:\CONTENEDOR\sitios\activos\tlc\webpanel\assets\plugins\pagedown\demo\browser\bootstrap\less\pager.less --> hs33.ihosting.cl /public_html/webpanel/assets/plugins/pagedown/demo/browser/bootstrap/less pager.less
2017.05.01 19:35 B G:\CONTENEDOR\sitios\activos\tlc\webpanel\assets\plugins\pagedown\demo\browser\bootstrap\less\navs.less --> hs33.ihosting.cl /public_html/webpanel/assets/plugins/pagedown/demo/browser/bootstrap/less navs.less
2017.05.01 19:35 B G:\CONTENEDOR\sitios\activos\tlc\webpanel\assets\plugins\pagedown\demo\browser\bootstrap\less\navbar.less --> hs33.ihosting.cl /public_html/webpanel/assets/plugins/pagedown/demo/browser/bootstrap/less navbar.less
2017.05.01 19:35 B G:\CONTENEDOR\sitios\activos\tlc\webpanel\assets\plugins\pagedown\demo\browser\bootstrap\less\modals.less --> hs33.ihosting.cl /public_html/webpanel/assets/plugins/pagedown/demo/browser/bootstrap/less modals.less
2017.05.01 19:35 B G:\CONTENEDOR\sitios\activos\tlc\webpanel\assets\plugins\pagedown\demo\browser\bootstrap\less\mixins.less --> hs33.ihosting.cl /public_html/webpanel/assets/plugins/pagedown/demo/browser/bootstrap/less mixins.less
2017.05.01 19:35 B G:\CONTENEDOR\sitios\activos\tlc\webpanel\assets\plugins\pagedown\demo\browser\bootstrap\less\layouts.less --> hs33.ihosting.cl /public_html/webpanel/assets/plugins/pagedown/demo/browser/bootstrap/less layouts.less
2017.05.01 19:35 B G:\CONTENEDOR\sitios\activos\tlc\webpanel\assets\plugins\pagedown\demo\browser\bootstrap\less\labels.less --> hs33.ihosting.cl /public_html/webpanel/assets/plugins/pagedown/demo/browser/bootstrap/less labels.less
2017.05.01 19:35 B G:\CONTENEDOR\sitios\activos\tlc\webpanel\assets\plugins\pagedown\demo\browser\bootstrap\less\hero-unit.less --> hs33.ihosting.cl /public_html/webpanel/assets/plugins/pagedown/demo/browser/bootstrap/less hero-unit.less
2017.05.01 19:35 B G:\CONTENEDOR\sitios\activos\tlc\webpanel\assets\plugins\pagedown\demo\browser\bootstrap\less\grid.less --> hs33.ihosting.cl /public_html/webpanel/assets/plugins/pagedown/demo/browser/bootstrap/less grid.less
2017.05.01 19:35 B G:\CONTENEDOR\sitios\activos\tlc\webpanel\assets\plugins\pagedown\demo\browser\bootstrap\less\forms.less --> hs33.ihosting.cl /public_html/webpanel/assets/plugins/pagedown/demo/browser/bootstrap/less forms.less
2017.05.01 19:35 B G:\CONTENEDOR\sitios\activos\tlc\webpanel\assets\plugins\pagedown\demo\browser\bootstrap\less\dropdowns.less --> hs33.ihosting.cl /public_html/webpanel/assets/plugins/pagedown/demo/browser/bootstrap/less dropdowns.less
2017.05.01 19:35 B G:\CONTENEDOR\sitios\activos\tlc\webpanel\assets\plugins\pagedown\demo\browser\bootstrap\less\component-animations.less --> hs33.ihosting.cl /public_html/webpanel/assets/plugins/pagedown/demo/browser/bootstrap/less component-animations.less
2017.05.01 19:35 B G:\CONTENEDOR\sitios\activos\tlc\webpanel\assets\plugins\pagedown\demo\browser\bootstrap\less\code.less --> hs33.ihosting.cl /public_html/webpanel/assets/plugins/pagedown/demo/browser/bootstrap/less code.less
2017.05.01 19:35 B G:\CONTENEDOR\sitios\activos\tlc\webpanel\assets\plugins\pagedown\demo\browser\bootstrap\less\close.less --> hs33.ihosting.cl /public_html/webpanel/assets/plugins/pagedown/demo/browser/bootstrap/less close.less
2017.05.01 19:35 B G:\CONTENEDOR\sitios\activos\tlc\webpanel\assets\plugins\pagedown\demo\browser\bootstrap\less\carousel.less --> hs33.ihosting.cl /public_html/webpanel/assets/plugins/pagedown/demo/browser/bootstrap/less carousel.less
2017.05.01 19:35 B G:\CONTENEDOR\sitios\activos\tlc\webpanel\assets\plugins\pagedown\demo\browser\bootstrap\less\buttons.less --> hs33.ihosting.cl /public_html/webpanel/assets/plugins/pagedown/demo/browser/bootstrap/less buttons.less
2017.05.01 19:35 B G:\CONTENEDOR\sitios\activos\tlc\webpanel\assets\plugins\pagedown\demo\browser\bootstrap\less\button-groups.less --> hs33.ihosting.cl /public_html/webpanel/assets/plugins/pagedown/demo/browser/bootstrap/less button-groups.less
2017.05.01 19:35 B G:\CONTENEDOR\sitios\activos\tlc\webpanel\assets\plugins\pagedown\demo\browser\bootstrap\less\breadcrumbs.less --> hs33.ihosting.cl /public_html/webpanel/assets/plugins/pagedown/demo/browser/bootstrap/less breadcrumbs.less
2017.05.01 19:35 B G:\CONTENEDOR\sitios\activos\tlc\webpanel\assets\plugins\pagedown\demo\browser\bootstrap\less\bootstrap.less --> hs33.ihosting.cl /public_html/webpanel/assets/plugins/pagedown/demo/browser/bootstrap/less bootstrap.less
2017.05.01 19:35 B G:\CONTENEDOR\sitios\activos\tlc\webpanel\assets\plugins\pagedown\demo\browser\bootstrap\less\alerts.less --> hs33.ihosting.cl /public_html/webpanel/assets/plugins/pagedown/demo/browser/bootstrap/less alerts.less
2017.05.01 19:35 B G:\CONTENEDOR\sitios\activos\tlc\webpanel\assets\plugins\pagedown\demo\browser\bootstrap\less\accordion.less --> hs33.ihosting.cl /public_html/webpanel/assets/plugins/pagedown/demo/browser/bootstrap/less accordion.less
