2016.09.14 21:06 B G:\CONTENEDOR\sitios\activos\AEROEXPRESS\webpanel\assets\plugins\Font-Awesome\src\_includes\why.html <-- AEROEXPRESS /public_html/webpanel/assets/plugins/Font-Awesome/src/_includes why.html
2016.09.14 21:06 B G:\CONTENEDOR\sitios\activos\AEROEXPRESS\webpanel\assets\plugins\Font-Awesome\src\_includes\whats-new.html <-- AEROEXPRESS /public_html/webpanel/assets/plugins/Font-Awesome/src/_includes whats-new.html
2016.09.14 21:06 B G:\CONTENEDOR\sitios\activos\AEROEXPRESS\webpanel\assets\plugins\Font-Awesome\src\_includes\thanks-to.html <-- AEROEXPRESS /public_html/webpanel/assets/plugins/Font-Awesome/src/_includes thanks-to.html
2016.09.14 21:06 B G:\CONTENEDOR\sitios\activos\AEROEXPRESS\webpanel\assets\plugins\Font-Awesome\src\_includes\tell-me-thanks.html <-- AEROEXPRESS /public_html/webpanel/assets/plugins/Font-Awesome/src/_includes tell-me-thanks.html
2016.09.14 21:06 B G:\CONTENEDOR\sitios\activos\AEROEXPRESS\webpanel\assets\plugins\Font-Awesome\src\_includes\stripe-social.html <-- AEROEXPRESS /public_html/webpanel/assets/plugins/Font-Awesome/src/_includes stripe-social.html
2016.09.14 21:06 B G:\CONTENEDOR\sitios\activos\AEROEXPRESS\webpanel\assets\plugins\Font-Awesome\src\_includes\stripe-ad.html <-- AEROEXPRESS /public_html/webpanel/assets/plugins/Font-Awesome/src/_includes stripe-ad.html
2016.09.14 21:06 B G:\CONTENEDOR\sitios\activos\AEROEXPRESS\webpanel\assets\plugins\Font-Awesome\src\_includes\navbar.html <-- AEROEXPRESS /public_html/webpanel/assets/plugins/Font-Awesome/src/_includes navbar.html
2016.09.14 21:06 B G:\CONTENEDOR\sitios\activos\AEROEXPRESS\webpanel\assets\plugins\Font-Awesome\src\_includes\license.html <-- AEROEXPRESS /public_html/webpanel/assets/plugins/Font-Awesome/src/_includes license.html
2016.09.14 21:06 B G:\CONTENEDOR\sitios\activos\AEROEXPRESS\webpanel\assets\plugins\Font-Awesome\src\_includes\license-code.less <-- AEROEXPRESS /public_html/webpanel/assets/plugins/Font-Awesome/src/_includes license-code.less
2016.09.14 21:06 B G:\CONTENEDOR\sitios\activos\AEROEXPRESS\webpanel\assets\plugins\Font-Awesome\src\_includes\jumbotron.html <-- AEROEXPRESS /public_html/webpanel/assets/plugins/Font-Awesome/src/_includes jumbotron.html
2016.09.14 21:06 B G:\CONTENEDOR\sitios\activos\AEROEXPRESS\webpanel\assets\plugins\Font-Awesome\src\_includes\jumbotron-slider.html <-- AEROEXPRESS /public_html/webpanel/assets/plugins/Font-Awesome/src/_includes jumbotron-slider.html
2016.09.14 21:06 B G:\CONTENEDOR\sitios\activos\AEROEXPRESS\webpanel\assets\plugins\Font-Awesome\src\_includes\icons.html <-- AEROEXPRESS /public_html/webpanel/assets/plugins/Font-Awesome/src/_includes icons.html
2016.09.14 21:06 B G:\CONTENEDOR\sitios\activos\AEROEXPRESS\webpanel\assets\plugins\Font-Awesome\src\_includes\get-started.html <-- AEROEXPRESS /public_html/webpanel/assets/plugins/Font-Awesome/src/_includes get-started.html
2016.09.14 21:06 B G:\CONTENEDOR\sitios\activos\AEROEXPRESS\webpanel\assets\plugins\Font-Awesome\src\_includes\footer.html <-- AEROEXPRESS /public_html/webpanel/assets/plugins/Font-Awesome/src/_includes footer.html
2016.09.14 21:06 B G:\CONTENEDOR\sitios\activos\AEROEXPRESS\webpanel\assets\plugins\Font-Awesome\src\_includes\examples.html <-- AEROEXPRESS /public_html/webpanel/assets/plugins/Font-Awesome/src/_includes examples.html
2016.09.14 21:06 B G:\CONTENEDOR\sitios\activos\AEROEXPRESS\webpanel\assets\plugins\Font-Awesome\src\_includes\community.html <-- AEROEXPRESS /public_html/webpanel/assets/plugins/Font-Awesome/src/_includes community.html
2016.09.14 21:06 B G:\CONTENEDOR\sitios\activos\AEROEXPRESS\webpanel\assets\plugins\Font-Awesome\src\_includes\cheatsheet.html <-- AEROEXPRESS /public_html/webpanel/assets/plugins/Font-Awesome/src/_includes cheatsheet.html
2016.09.14 21:06 B G:\CONTENEDOR\sitios\activos\AEROEXPRESS\webpanel\assets\plugins\Font-Awesome\src\_includes\brand-license.html <-- AEROEXPRESS /public_html/webpanel/assets/plugins/Font-Awesome/src/_includes brand-license.html
2017.03.15 14:05 B G:\CONTENEDOR\sitios\activos\AEROEXPRESS\webpanel\assets\plugins\Font-Awesome\src\_includes\brand-license.html --> hs20.ihosting.cl /public_html/desarrollo/tlc/webpanel/assets/plugins/Font-Awesome/src/_includes brand-license.html
2017.03.15 14:05 B G:\CONTENEDOR\sitios\activos\AEROEXPRESS\webpanel\assets\plugins\Font-Awesome\src\_includes\cheatsheet.html --> hs20.ihosting.cl /public_html/desarrollo/tlc/webpanel/assets/plugins/Font-Awesome/src/_includes cheatsheet.html
2017.03.15 14:05 B G:\CONTENEDOR\sitios\activos\AEROEXPRESS\webpanel\assets\plugins\Font-Awesome\src\_includes\community.html --> hs20.ihosting.cl /public_html/desarrollo/tlc/webpanel/assets/plugins/Font-Awesome/src/_includes community.html
2017.03.15 14:05 B G:\CONTENEDOR\sitios\activos\AEROEXPRESS\webpanel\assets\plugins\Font-Awesome\src\_includes\examples.html --> hs20.ihosting.cl /public_html/desarrollo/tlc/webpanel/assets/plugins/Font-Awesome/src/_includes examples.html
2017.03.15 14:05 B G:\CONTENEDOR\sitios\activos\AEROEXPRESS\webpanel\assets\plugins\Font-Awesome\src\_includes\footer.html --> hs20.ihosting.cl /public_html/desarrollo/tlc/webpanel/assets/plugins/Font-Awesome/src/_includes footer.html
2017.03.15 14:05 B G:\CONTENEDOR\sitios\activos\AEROEXPRESS\webpanel\assets\plugins\Font-Awesome\src\_includes\get-started.html --> hs20.ihosting.cl /public_html/desarrollo/tlc/webpanel/assets/plugins/Font-Awesome/src/_includes get-started.html
2017.03.15 14:05 B G:\CONTENEDOR\sitios\activos\AEROEXPRESS\webpanel\assets\plugins\Font-Awesome\src\_includes\icons.html --> hs20.ihosting.cl /public_html/desarrollo/tlc/webpanel/assets/plugins/Font-Awesome/src/_includes icons.html
2017.03.15 14:05 B G:\CONTENEDOR\sitios\activos\AEROEXPRESS\webpanel\assets\plugins\Font-Awesome\src\_includes\jumbotron-slider.html --> hs20.ihosting.cl /public_html/desarrollo/tlc/webpanel/assets/plugins/Font-Awesome/src/_includes jumbotron-slider.html
2017.03.15 14:05 B G:\CONTENEDOR\sitios\activos\AEROEXPRESS\webpanel\assets\plugins\Font-Awesome\src\_includes\jumbotron.html --> hs20.ihosting.cl /public_html/desarrollo/tlc/webpanel/assets/plugins/Font-Awesome/src/_includes jumbotron.html
2017.03.15 14:05 B G:\CONTENEDOR\sitios\activos\AEROEXPRESS\webpanel\assets\plugins\Font-Awesome\src\_includes\license-code.less --> hs20.ihosting.cl /public_html/desarrollo/tlc/webpanel/assets/plugins/Font-Awesome/src/_includes license-code.less
2017.03.15 14:05 B G:\CONTENEDOR\sitios\activos\AEROEXPRESS\webpanel\assets\plugins\Font-Awesome\src\_includes\license.html --> hs20.ihosting.cl /public_html/desarrollo/tlc/webpanel/assets/plugins/Font-Awesome/src/_includes license.html
2017.03.15 14:05 B G:\CONTENEDOR\sitios\activos\AEROEXPRESS\webpanel\assets\plugins\Font-Awesome\src\_includes\navbar.html --> hs20.ihosting.cl /public_html/desarrollo/tlc/webpanel/assets/plugins/Font-Awesome/src/_includes navbar.html
2017.03.15 14:05 B G:\CONTENEDOR\sitios\activos\AEROEXPRESS\webpanel\assets\plugins\Font-Awesome\src\_includes\stripe-ad.html --> hs20.ihosting.cl /public_html/desarrollo/tlc/webpanel/assets/plugins/Font-Awesome/src/_includes stripe-ad.html
2017.03.15 14:05 B G:\CONTENEDOR\sitios\activos\AEROEXPRESS\webpanel\assets\plugins\Font-Awesome\src\_includes\stripe-social.html --> hs20.ihosting.cl /public_html/desarrollo/tlc/webpanel/assets/plugins/Font-Awesome/src/_includes stripe-social.html
2017.03.15 14:05 B G:\CONTENEDOR\sitios\activos\AEROEXPRESS\webpanel\assets\plugins\Font-Awesome\src\_includes\tell-me-thanks.html --> hs20.ihosting.cl /public_html/desarrollo/tlc/webpanel/assets/plugins/Font-Awesome/src/_includes tell-me-thanks.html
2017.03.15 14:05 B G:\CONTENEDOR\sitios\activos\AEROEXPRESS\webpanel\assets\plugins\Font-Awesome\src\_includes\thanks-to.html --> hs20.ihosting.cl /public_html/desarrollo/tlc/webpanel/assets/plugins/Font-Awesome/src/_includes thanks-to.html
2017.03.15 14:05 B G:\CONTENEDOR\sitios\activos\AEROEXPRESS\webpanel\assets\plugins\Font-Awesome\src\_includes\whats-new.html --> hs20.ihosting.cl /public_html/desarrollo/tlc/webpanel/assets/plugins/Font-Awesome/src/_includes whats-new.html
2017.03.15 14:06 B G:\CONTENEDOR\sitios\activos\AEROEXPRESS\webpanel\assets\plugins\Font-Awesome\src\_includes\why.html --> hs20.ihosting.cl /public_html/desarrollo/tlc/webpanel/assets/plugins/Font-Awesome/src/_includes why.html
2017.03.15 14:06 B G:\CONTENEDOR\sitios\activos\AEROEXPRESS\webpanel\assets\plugins\Font-Awesome\src\_includes\WS_FTP.LOG --> hs20.ihosting.cl /public_html/desarrollo/tlc/webpanel/assets/plugins/Font-Awesome/src/_includes WS_FTP.LOG
