2016.09.14 21:07 B G:\CONTENEDOR\sitios\activos\AEROEXPRESS\webpanel\assets\plugins\flot\README.md <-- AEROEXPRESS /public_html/webpanel/assets/plugins/flot README.md
2016.09.14 21:07 B G:\CONTENEDOR\sitios\activos\AEROEXPRESS\webpanel\assets\plugins\flot\PLUGINS.md <-- AEROEXPRESS /public_html/webpanel/assets/plugins/flot PLUGINS.md
2016.09.14 21:07 B G:\CONTENEDOR\sitios\activos\AEROEXPRESS\webpanel\assets\plugins\flot\package.json <-- AEROEXPRESS /public_html/webpanel/assets/plugins/flot package.json
2016.09.14 21:07 B G:\CONTENEDOR\sitios\activos\AEROEXPRESS\webpanel\assets\plugins\flot\NEWS.md <-- AEROEXPRESS /public_html/webpanel/assets/plugins/flot NEWS.md
2016.09.14 21:07 B G:\CONTENEDOR\sitios\activos\AEROEXPRESS\webpanel\assets\plugins\flot\Makefile <-- AEROEXPRESS /public_html/webpanel/assets/plugins/flot Makefile
2016.09.14 21:07 B G:\CONTENEDOR\sitios\activos\AEROEXPRESS\webpanel\assets\plugins\flot\LICENSE.txt <-- AEROEXPRESS /public_html/webpanel/assets/plugins/flot LICENSE.txt
2016.09.14 21:07 B G:\CONTENEDOR\sitios\activos\AEROEXPRESS\webpanel\assets\plugins\flot\jquery.js <-- AEROEXPRESS /public_html/webpanel/assets/plugins/flot jquery.js
2016.09.14 21:07 B G:\CONTENEDOR\sitios\activos\AEROEXPRESS\webpanel\assets\plugins\flot\jquery.flot.time.js <-- AEROEXPRESS /public_html/webpanel/assets/plugins/flot jquery.flot.time.js
2016.09.14 21:07 B G:\CONTENEDOR\sitios\activos\AEROEXPRESS\webpanel\assets\plugins\flot\jquery.flot.threshold.js <-- AEROEXPRESS /public_html/webpanel/assets/plugins/flot jquery.flot.threshold.js
2016.09.14 21:07 B G:\CONTENEDOR\sitios\activos\AEROEXPRESS\webpanel\assets\plugins\flot\jquery.flot.symbol.js <-- AEROEXPRESS /public_html/webpanel/assets/plugins/flot jquery.flot.symbol.js
2016.09.14 21:07 B G:\CONTENEDOR\sitios\activos\AEROEXPRESS\webpanel\assets\plugins\flot\jquery.flot.stack.js <-- AEROEXPRESS /public_html/webpanel/assets/plugins/flot jquery.flot.stack.js
2016.09.14 21:07 B G:\CONTENEDOR\sitios\activos\AEROEXPRESS\webpanel\assets\plugins\flot\jquery.flot.selection.js <-- AEROEXPRESS /public_html/webpanel/assets/plugins/flot jquery.flot.selection.js
2016.09.14 21:07 B G:\CONTENEDOR\sitios\activos\AEROEXPRESS\webpanel\assets\plugins\flot\jquery.flot.resize.js <-- AEROEXPRESS /public_html/webpanel/assets/plugins/flot jquery.flot.resize.js
2016.09.14 21:07 B G:\CONTENEDOR\sitios\activos\AEROEXPRESS\webpanel\assets\plugins\flot\jquery.flot.pie.js <-- AEROEXPRESS /public_html/webpanel/assets/plugins/flot jquery.flot.pie.js
2016.09.14 21:07 B G:\CONTENEDOR\sitios\activos\AEROEXPRESS\webpanel\assets\plugins\flot\jquery.flot.navigate.js <-- AEROEXPRESS /public_html/webpanel/assets/plugins/flot jquery.flot.navigate.js
2016.09.14 21:07 B G:\CONTENEDOR\sitios\activos\AEROEXPRESS\webpanel\assets\plugins\flot\jquery.flot.js <-- AEROEXPRESS /public_html/webpanel/assets/plugins/flot jquery.flot.js
2016.09.14 21:07 B G:\CONTENEDOR\sitios\activos\AEROEXPRESS\webpanel\assets\plugins\flot\jquery.flot.image.js <-- AEROEXPRESS /public_html/webpanel/assets/plugins/flot jquery.flot.image.js
2016.09.14 21:07 B G:\CONTENEDOR\sitios\activos\AEROEXPRESS\webpanel\assets\plugins\flot\jquery.flot.fillbetween.js <-- AEROEXPRESS /public_html/webpanel/assets/plugins/flot jquery.flot.fillbetween.js
2016.09.14 21:07 B G:\CONTENEDOR\sitios\activos\AEROEXPRESS\webpanel\assets\plugins\flot\jquery.flot.errorbars.js <-- AEROEXPRESS /public_html/webpanel/assets/plugins/flot jquery.flot.errorbars.js
2016.09.14 21:07 B G:\CONTENEDOR\sitios\activos\AEROEXPRESS\webpanel\assets\plugins\flot\jquery.flot.crosshair.js <-- AEROEXPRESS /public_html/webpanel/assets/plugins/flot jquery.flot.crosshair.js
2016.09.14 21:07 B G:\CONTENEDOR\sitios\activos\AEROEXPRESS\webpanel\assets\plugins\flot\jquery.flot.categories.js <-- AEROEXPRESS /public_html/webpanel/assets/plugins/flot jquery.flot.categories.js
2016.09.14 21:07 B G:\CONTENEDOR\sitios\activos\AEROEXPRESS\webpanel\assets\plugins\flot\jquery.flot.canvas.js <-- AEROEXPRESS /public_html/webpanel/assets/plugins/flot jquery.flot.canvas.js
2016.09.14 21:07 B G:\CONTENEDOR\sitios\activos\AEROEXPRESS\webpanel\assets\plugins\flot\jquery.colorhelpers.js <-- AEROEXPRESS /public_html/webpanel/assets/plugins/flot jquery.colorhelpers.js
2016.09.14 21:07 B G:\CONTENEDOR\sitios\activos\AEROEXPRESS\webpanel\assets\plugins\flot\flot.jquery.json <-- AEROEXPRESS /public_html/webpanel/assets/plugins/flot flot.jquery.json
2016.09.14 21:07 B G:\CONTENEDOR\sitios\activos\AEROEXPRESS\webpanel\assets\plugins\flot\FAQ.md <-- AEROEXPRESS /public_html/webpanel/assets/plugins/flot FAQ.md
2016.09.14 21:07 B G:\CONTENEDOR\sitios\activos\AEROEXPRESS\webpanel\assets\plugins\flot\excanvas.min.js <-- AEROEXPRESS /public_html/webpanel/assets/plugins/flot excanvas.min.js
2016.09.14 21:07 B G:\CONTENEDOR\sitios\activos\AEROEXPRESS\webpanel\assets\plugins\flot\excanvas.js <-- AEROEXPRESS /public_html/webpanel/assets/plugins/flot excanvas.js
2016.09.14 21:07 B G:\CONTENEDOR\sitios\activos\AEROEXPRESS\webpanel\assets\plugins\flot\CONTRIBUTING.md <-- AEROEXPRESS /public_html/webpanel/assets/plugins/flot CONTRIBUTING.md
2016.09.14 21:07 B G:\CONTENEDOR\sitios\activos\AEROEXPRESS\webpanel\assets\plugins\flot\component.json <-- AEROEXPRESS /public_html/webpanel/assets/plugins/flot component.json
2016.09.14 21:07 B G:\CONTENEDOR\sitios\activos\AEROEXPRESS\webpanel\assets\plugins\flot\API.md <-- AEROEXPRESS /public_html/webpanel/assets/plugins/flot API.md
2017.03.15 14:05 B G:\CONTENEDOR\sitios\activos\AEROEXPRESS\webpanel\assets\plugins\flot\API.md --> hs20.ihosting.cl /public_html/desarrollo/tlc/webpanel/assets/plugins/flot API.md
2017.03.15 14:05 B G:\CONTENEDOR\sitios\activos\AEROEXPRESS\webpanel\assets\plugins\flot\component.json --> hs20.ihosting.cl /public_html/desarrollo/tlc/webpanel/assets/plugins/flot component.json
2017.03.15 14:05 B G:\CONTENEDOR\sitios\activos\AEROEXPRESS\webpanel\assets\plugins\flot\CONTRIBUTING.md --> hs20.ihosting.cl /public_html/desarrollo/tlc/webpanel/assets/plugins/flot CONTRIBUTING.md
2017.03.15 14:05 B G:\CONTENEDOR\sitios\activos\AEROEXPRESS\webpanel\assets\plugins\flot\excanvas.js --> hs20.ihosting.cl /public_html/desarrollo/tlc/webpanel/assets/plugins/flot excanvas.js
2017.03.15 14:05 B G:\CONTENEDOR\sitios\activos\AEROEXPRESS\webpanel\assets\plugins\flot\excanvas.min.js --> hs20.ihosting.cl /public_html/desarrollo/tlc/webpanel/assets/plugins/flot excanvas.min.js
2017.03.15 14:05 B G:\CONTENEDOR\sitios\activos\AEROEXPRESS\webpanel\assets\plugins\flot\FAQ.md --> hs20.ihosting.cl /public_html/desarrollo/tlc/webpanel/assets/plugins/flot FAQ.md
2017.03.15 14:05 B G:\CONTENEDOR\sitios\activos\AEROEXPRESS\webpanel\assets\plugins\flot\flot.jquery.json --> hs20.ihosting.cl /public_html/desarrollo/tlc/webpanel/assets/plugins/flot flot.jquery.json
2017.03.15 14:05 B G:\CONTENEDOR\sitios\activos\AEROEXPRESS\webpanel\assets\plugins\flot\jquery.colorhelpers.js --> hs20.ihosting.cl /public_html/desarrollo/tlc/webpanel/assets/plugins/flot jquery.colorhelpers.js
2017.03.15 14:05 B G:\CONTENEDOR\sitios\activos\AEROEXPRESS\webpanel\assets\plugins\flot\jquery.flot.canvas.js --> hs20.ihosting.cl /public_html/desarrollo/tlc/webpanel/assets/plugins/flot jquery.flot.canvas.js
2017.03.15 14:05 B G:\CONTENEDOR\sitios\activos\AEROEXPRESS\webpanel\assets\plugins\flot\jquery.flot.categories.js --> hs20.ihosting.cl /public_html/desarrollo/tlc/webpanel/assets/plugins/flot jquery.flot.categories.js
2017.03.15 14:05 B G:\CONTENEDOR\sitios\activos\AEROEXPRESS\webpanel\assets\plugins\flot\jquery.flot.crosshair.js --> hs20.ihosting.cl /public_html/desarrollo/tlc/webpanel/assets/plugins/flot jquery.flot.crosshair.js
2017.03.15 14:05 B G:\CONTENEDOR\sitios\activos\AEROEXPRESS\webpanel\assets\plugins\flot\jquery.flot.errorbars.js --> hs20.ihosting.cl /public_html/desarrollo/tlc/webpanel/assets/plugins/flot jquery.flot.errorbars.js
2017.03.15 14:05 B G:\CONTENEDOR\sitios\activos\AEROEXPRESS\webpanel\assets\plugins\flot\jquery.flot.fillbetween.js --> hs20.ihosting.cl /public_html/desarrollo/tlc/webpanel/assets/plugins/flot jquery.flot.fillbetween.js
2017.03.15 14:05 B G:\CONTENEDOR\sitios\activos\AEROEXPRESS\webpanel\assets\plugins\flot\jquery.flot.image.js --> hs20.ihosting.cl /public_html/desarrollo/tlc/webpanel/assets/plugins/flot jquery.flot.image.js
2017.03.15 14:05 B G:\CONTENEDOR\sitios\activos\AEROEXPRESS\webpanel\assets\plugins\flot\jquery.flot.js --> hs20.ihosting.cl /public_html/desarrollo/tlc/webpanel/assets/plugins/flot jquery.flot.js
2017.03.15 14:05 B G:\CONTENEDOR\sitios\activos\AEROEXPRESS\webpanel\assets\plugins\flot\jquery.flot.navigate.js --> hs20.ihosting.cl /public_html/desarrollo/tlc/webpanel/assets/plugins/flot jquery.flot.navigate.js
2017.03.15 14:05 B G:\CONTENEDOR\sitios\activos\AEROEXPRESS\webpanel\assets\plugins\flot\jquery.flot.pie.js --> hs20.ihosting.cl /public_html/desarrollo/tlc/webpanel/assets/plugins/flot jquery.flot.pie.js
2017.03.15 14:05 B G:\CONTENEDOR\sitios\activos\AEROEXPRESS\webpanel\assets\plugins\flot\jquery.flot.resize.js --> hs20.ihosting.cl /public_html/desarrollo/tlc/webpanel/assets/plugins/flot jquery.flot.resize.js
2017.03.15 14:05 B G:\CONTENEDOR\sitios\activos\AEROEXPRESS\webpanel\assets\plugins\flot\jquery.flot.selection.js --> hs20.ihosting.cl /public_html/desarrollo/tlc/webpanel/assets/plugins/flot jquery.flot.selection.js
2017.03.15 14:05 B G:\CONTENEDOR\sitios\activos\AEROEXPRESS\webpanel\assets\plugins\flot\jquery.flot.stack.js --> hs20.ihosting.cl /public_html/desarrollo/tlc/webpanel/assets/plugins/flot jquery.flot.stack.js
2017.03.15 14:05 B G:\CONTENEDOR\sitios\activos\AEROEXPRESS\webpanel\assets\plugins\flot\jquery.flot.symbol.js --> hs20.ihosting.cl /public_html/desarrollo/tlc/webpanel/assets/plugins/flot jquery.flot.symbol.js
2017.03.15 14:05 B G:\CONTENEDOR\sitios\activos\AEROEXPRESS\webpanel\assets\plugins\flot\jquery.flot.threshold.js --> hs20.ihosting.cl /public_html/desarrollo/tlc/webpanel/assets/plugins/flot jquery.flot.threshold.js
2017.03.15 14:05 B G:\CONTENEDOR\sitios\activos\AEROEXPRESS\webpanel\assets\plugins\flot\jquery.flot.time.js --> hs20.ihosting.cl /public_html/desarrollo/tlc/webpanel/assets/plugins/flot jquery.flot.time.js
2017.03.15 14:05 B G:\CONTENEDOR\sitios\activos\AEROEXPRESS\webpanel\assets\plugins\flot\jquery.js --> hs20.ihosting.cl /public_html/desarrollo/tlc/webpanel/assets/plugins/flot jquery.js
2017.03.15 14:05 B G:\CONTENEDOR\sitios\activos\AEROEXPRESS\webpanel\assets\plugins\flot\LICENSE.txt --> hs20.ihosting.cl /public_html/desarrollo/tlc/webpanel/assets/plugins/flot LICENSE.txt
2017.03.15 14:05 B G:\CONTENEDOR\sitios\activos\AEROEXPRESS\webpanel\assets\plugins\flot\Makefile --> hs20.ihosting.cl /public_html/desarrollo/tlc/webpanel/assets/plugins/flot Makefile
2017.03.15 14:05 B G:\CONTENEDOR\sitios\activos\AEROEXPRESS\webpanel\assets\plugins\flot\NEWS.md --> hs20.ihosting.cl /public_html/desarrollo/tlc/webpanel/assets/plugins/flot NEWS.md
2017.03.15 14:05 B G:\CONTENEDOR\sitios\activos\AEROEXPRESS\webpanel\assets\plugins\flot\package.json --> hs20.ihosting.cl /public_html/desarrollo/tlc/webpanel/assets/plugins/flot package.json
2017.03.15 14:05 B G:\CONTENEDOR\sitios\activos\AEROEXPRESS\webpanel\assets\plugins\flot\PLUGINS.md --> hs20.ihosting.cl /public_html/desarrollo/tlc/webpanel/assets/plugins/flot PLUGINS.md
2017.03.15 14:05 B G:\CONTENEDOR\sitios\activos\AEROEXPRESS\webpanel\assets\plugins\flot\README.md --> hs20.ihosting.cl /public_html/desarrollo/tlc/webpanel/assets/plugins/flot README.md
2017.03.15 14:05 B G:\CONTENEDOR\sitios\activos\AEROEXPRESS\webpanel\assets\plugins\flot\WS_FTP.LOG --> hs20.ihosting.cl /public_html/desarrollo/tlc/webpanel/assets/plugins/flot WS_FTP.LOG
