2010.04.29 15:26 B C:\AppServ\www\sitios\activos\brandgus\ajax\taskbar\img\Thumbs.db --> hs4.ihosting.cl. /httpdocs/ajax/taskbar/img Thumbs.db
2010.04.29 15:26 B C:\AppServ\www\sitios\activos\brandgus\ajax\taskbar\img\twitter logo.png --> hs4.ihosting.cl. /httpdocs/ajax/taskbar/img twitter logo.png
2010.04.29 15:26 B C:\AppServ\www\sitios\activos\brandgus\ajax\taskbar\img\services-sprite.gif --> hs4.ihosting.cl. /httpdocs/ajax/taskbar/img services-sprite.gif
2010.04.29 15:26 B C:\AppServ\www\sitios\activos\brandgus\ajax\taskbar\img\admirador2.jpg --> hs4.ihosting.cl. /httpdocs/ajax/taskbar/img admirador2.jpg
2010.04.29 15:26 B C:\AppServ\www\sitios\activos\brandgus\ajax\taskbar\img\bookmarksite_stumbleupon.gif --> hs4.ihosting.cl. /httpdocs/ajax/taskbar/img bookmarksite_stumbleupon.gif
2010.04.29 15:26 B C:\AppServ\www\sitios\activos\brandgus\ajax\taskbar\img\bookmarksite_digg.gif --> hs4.ihosting.cl. /httpdocs/ajax/taskbar/img bookmarksite_digg.gif
2010.04.29 15:26 B C:\AppServ\www\sitios\activos\brandgus\ajax\taskbar\img\twitter.png --> hs4.ihosting.cl. /httpdocs/ajax/taskbar/img twitter.png
2010.04.29 15:26 B C:\AppServ\www\sitios\activos\brandgus\ajax\taskbar\img\twitter-28-webtoolkit.png --> hs4.ihosting.cl. /httpdocs/ajax/taskbar/img twitter-28-webtoolkit.png
2010.04.29 15:26 B C:\AppServ\www\sitios\activos\brandgus\ajax\taskbar\img\feedback.gif --> hs4.ihosting.cl. /httpdocs/ajax/taskbar/img feedback.gif
2010.04.29 15:26 B C:\AppServ\www\sitios\activos\brandgus\ajax\taskbar\img\feedback.jpg --> hs4.ihosting.cl. /httpdocs/ajax/taskbar/img feedback.jpg
2010.04.29 15:26 B C:\AppServ\www\sitios\activos\brandgus\ajax\taskbar\img\admirador.jpg --> hs4.ihosting.cl. /httpdocs/ajax/taskbar/img admirador.jpg
2010.04.29 15:26 B C:\AppServ\www\sitios\activos\brandgus\ajax\taskbar\img\group.png --> hs4.ihosting.cl. /httpdocs/ajax/taskbar/img group.png
2010.04.29 15:26 B C:\AppServ\www\sitios\activos\brandgus\ajax\taskbar\img\clock_red.png --> hs4.ihosting.cl. /httpdocs/ajax/taskbar/img clock_red.png
2010.04.29 15:26 B C:\AppServ\www\sitios\activos\brandgus\ajax\taskbar\img\camera_small.png --> hs4.ihosting.cl. /httpdocs/ajax/taskbar/img camera_small.png
2010.04.29 15:26 B C:\AppServ\www\sitios\activos\brandgus\ajax\taskbar\img\calculator.png --> hs4.ihosting.cl. /httpdocs/ajax/taskbar/img calculator.png
2010.04.29 15:26 B C:\AppServ\www\sitios\activos\brandgus\ajax\taskbar\img\book_addresses.png --> hs4.ihosting.cl. /httpdocs/ajax/taskbar/img book_addresses.png
2010.04.29 15:26 B C:\AppServ\www\sitios\activos\brandgus\ajax\taskbar\img\application.png --> hs4.ihosting.cl. /httpdocs/ajax/taskbar/img application.png
2010.04.29 15:26 B C:\AppServ\www\sitios\activos\brandgus\ajax\taskbar\img\zoom.png --> hs4.ihosting.cl. /httpdocs/ajax/taskbar/img zoom.png
2010.04.29 15:26 B C:\AppServ\www\sitios\activos\brandgus\ajax\taskbar\img\wikio.gif --> hs4.ihosting.cl. /httpdocs/ajax/taskbar/img wikio.gif
2010.04.29 15:26 B C:\AppServ\www\sitios\activos\brandgus\ajax\taskbar\img\technorati.png --> hs4.ihosting.cl. /httpdocs/ajax/taskbar/img technorati.png
2010.04.29 15:26 B C:\AppServ\www\sitios\activos\brandgus\ajax\taskbar\img\scoopeo.png --> hs4.ihosting.cl. /httpdocs/ajax/taskbar/img scoopeo.png
2010.04.29 15:26 B C:\AppServ\www\sitios\activos\brandgus\ajax\taskbar\img\reddit.png --> hs4.ihosting.cl. /httpdocs/ajax/taskbar/img reddit.png
2010.04.29 15:26 B C:\AppServ\www\sitios\activos\brandgus\ajax\taskbar\img\live.png --> hs4.ihosting.cl. /httpdocs/ajax/taskbar/img live.png
2010.04.29 15:26 B C:\AppServ\www\sitios\activos\brandgus\ajax\taskbar\img\googlebookmark.png --> hs4.ihosting.cl. /httpdocs/ajax/taskbar/img googlebookmark.png
2010.04.29 15:26 B C:\AppServ\www\sitios\activos\brandgus\ajax\taskbar\img\furl.png --> hs4.ihosting.cl. /httpdocs/ajax/taskbar/img furl.png
2010.04.29 15:26 B C:\AppServ\www\sitios\activos\brandgus\ajax\taskbar\img\facebook.png --> hs4.ihosting.cl. /httpdocs/ajax/taskbar/img facebook.png
2010.04.29 15:26 B C:\AppServ\www\sitios\activos\brandgus\ajax\taskbar\img\digg.png --> hs4.ihosting.cl. /httpdocs/ajax/taskbar/img digg.png
2010.04.29 15:26 B C:\AppServ\www\sitios\activos\brandgus\ajax\taskbar\img\delicious.png --> hs4.ihosting.cl. /httpdocs/ajax/taskbar/img delicious.png
2010.04.29 15:26 B C:\AppServ\www\sitios\activos\brandgus\ajax\taskbar\img\_safari.png --> hs4.ihosting.cl. /httpdocs/ajax/taskbar/img _safari.png
2010.04.29 15:26 B C:\AppServ\www\sitios\activos\brandgus\ajax\taskbar\img\_opera.png --> hs4.ihosting.cl. /httpdocs/ajax/taskbar/img _opera.png
2010.04.29 15:26 B C:\AppServ\www\sitios\activos\brandgus\ajax\taskbar\img\_netscape.png --> hs4.ihosting.cl. /httpdocs/ajax/taskbar/img _netscape.png
2010.04.29 15:26 B C:\AppServ\www\sitios\activos\brandgus\ajax\taskbar\img\_firefox.png --> hs4.ihosting.cl. /httpdocs/ajax/taskbar/img _firefox.png
2010.04.29 15:26 B C:\AppServ\www\sitios\activos\brandgus\ajax\taskbar\img\_explorer.png --> hs4.ihosting.cl. /httpdocs/ajax/taskbar/img _explorer.png
2010.04.29 15:26 B C:\AppServ\www\sitios\activos\brandgus\ajax\taskbar\img\starburst.gif --> hs4.ihosting.cl. /httpdocs/ajax/taskbar/img starburst.gif
2010.06.09 18:25 B C:\AppServ\www\sitios\activos\brandgus\ajax\taskbar\img\WS_FTP.LOG --> hs4.ihosting.cl. /httpdocs/desarrollo/ibanez/ficha_ibanez/ajax/taskbar/img WS_FTP.LOG
2010.06.09 18:25 B C:\AppServ\www\sitios\activos\brandgus\ajax\taskbar\img\Thumbs.db --> hs4.ihosting.cl. /httpdocs/desarrollo/ibanez/ficha_ibanez/ajax/taskbar/img Thumbs.db
2010.06.09 18:25 B C:\AppServ\www\sitios\activos\brandgus\ajax\taskbar\img\twitter logo.png --> hs4.ihosting.cl. /httpdocs/desarrollo/ibanez/ficha_ibanez/ajax/taskbar/img twitter logo.png
2010.06.09 18:25 B C:\AppServ\www\sitios\activos\brandgus\ajax\taskbar\img\services-sprite.gif --> hs4.ihosting.cl. /httpdocs/desarrollo/ibanez/ficha_ibanez/ajax/taskbar/img services-sprite.gif
2010.06.09 18:25 B C:\AppServ\www\sitios\activos\brandgus\ajax\taskbar\img\admirador2.jpg --> hs4.ihosting.cl. /httpdocs/desarrollo/ibanez/ficha_ibanez/ajax/taskbar/img admirador2.jpg
2010.06.09 18:25 B C:\AppServ\www\sitios\activos\brandgus\ajax\taskbar\img\bookmarksite_stumbleupon.gif --> hs4.ihosting.cl. /httpdocs/desarrollo/ibanez/ficha_ibanez/ajax/taskbar/img bookmarksite_stumbleupon.gif
2010.06.09 18:25 B C:\AppServ\www\sitios\activos\brandgus\ajax\taskbar\img\bookmarksite_digg.gif --> hs4.ihosting.cl. /httpdocs/desarrollo/ibanez/ficha_ibanez/ajax/taskbar/img bookmarksite_digg.gif
2010.06.09 18:25 B C:\AppServ\www\sitios\activos\brandgus\ajax\taskbar\img\twitter.png --> hs4.ihosting.cl. /httpdocs/desarrollo/ibanez/ficha_ibanez/ajax/taskbar/img twitter.png
2010.06.09 18:25 B C:\AppServ\www\sitios\activos\brandgus\ajax\taskbar\img\twitter-28-webtoolkit.png --> hs4.ihosting.cl. /httpdocs/desarrollo/ibanez/ficha_ibanez/ajax/taskbar/img twitter-28-webtoolkit.png
2010.06.09 18:25 B C:\AppServ\www\sitios\activos\brandgus\ajax\taskbar\img\feedback.gif --> hs4.ihosting.cl. /httpdocs/desarrollo/ibanez/ficha_ibanez/ajax/taskbar/img feedback.gif
2010.06.09 18:25 B C:\AppServ\www\sitios\activos\brandgus\ajax\taskbar\img\feedback.jpg --> hs4.ihosting.cl. /httpdocs/desarrollo/ibanez/ficha_ibanez/ajax/taskbar/img feedback.jpg
2010.06.09 18:25 B C:\AppServ\www\sitios\activos\brandgus\ajax\taskbar\img\admirador.jpg --> hs4.ihosting.cl. /httpdocs/desarrollo/ibanez/ficha_ibanez/ajax/taskbar/img admirador.jpg
2010.06.09 18:25 B C:\AppServ\www\sitios\activos\brandgus\ajax\taskbar\img\group.png --> hs4.ihosting.cl. /httpdocs/desarrollo/ibanez/ficha_ibanez/ajax/taskbar/img group.png
2010.06.09 18:25 B C:\AppServ\www\sitios\activos\brandgus\ajax\taskbar\img\clock_red.png --> hs4.ihosting.cl. /httpdocs/desarrollo/ibanez/ficha_ibanez/ajax/taskbar/img clock_red.png
2010.06.09 18:25 B C:\AppServ\www\sitios\activos\brandgus\ajax\taskbar\img\camera_small.png --> hs4.ihosting.cl. /httpdocs/desarrollo/ibanez/ficha_ibanez/ajax/taskbar/img camera_small.png
2010.06.09 18:25 B C:\AppServ\www\sitios\activos\brandgus\ajax\taskbar\img\calculator.png --> hs4.ihosting.cl. /httpdocs/desarrollo/ibanez/ficha_ibanez/ajax/taskbar/img calculator.png
2010.06.09 18:25 B C:\AppServ\www\sitios\activos\brandgus\ajax\taskbar\img\book_addresses.png --> hs4.ihosting.cl. /httpdocs/desarrollo/ibanez/ficha_ibanez/ajax/taskbar/img book_addresses.png
2010.06.09 18:25 B C:\AppServ\www\sitios\activos\brandgus\ajax\taskbar\img\application.png --> hs4.ihosting.cl. /httpdocs/desarrollo/ibanez/ficha_ibanez/ajax/taskbar/img application.png
2010.06.09 18:25 B C:\AppServ\www\sitios\activos\brandgus\ajax\taskbar\img\zoom.png --> hs4.ihosting.cl. /httpdocs/desarrollo/ibanez/ficha_ibanez/ajax/taskbar/img zoom.png
2010.06.09 18:25 B C:\AppServ\www\sitios\activos\brandgus\ajax\taskbar\img\wikio.gif --> hs4.ihosting.cl. /httpdocs/desarrollo/ibanez/ficha_ibanez/ajax/taskbar/img wikio.gif
2010.06.09 18:25 B C:\AppServ\www\sitios\activos\brandgus\ajax\taskbar\img\technorati.png --> hs4.ihosting.cl. /httpdocs/desarrollo/ibanez/ficha_ibanez/ajax/taskbar/img technorati.png
2010.06.09 18:25 B C:\AppServ\www\sitios\activos\brandgus\ajax\taskbar\img\scoopeo.png --> hs4.ihosting.cl. /httpdocs/desarrollo/ibanez/ficha_ibanez/ajax/taskbar/img scoopeo.png
2010.06.09 18:25 B C:\AppServ\www\sitios\activos\brandgus\ajax\taskbar\img\reddit.png --> hs4.ihosting.cl. /httpdocs/desarrollo/ibanez/ficha_ibanez/ajax/taskbar/img reddit.png
2010.06.09 18:25 B C:\AppServ\www\sitios\activos\brandgus\ajax\taskbar\img\live.png --> hs4.ihosting.cl. /httpdocs/desarrollo/ibanez/ficha_ibanez/ajax/taskbar/img live.png
2010.06.09 18:25 B C:\AppServ\www\sitios\activos\brandgus\ajax\taskbar\img\googlebookmark.png --> hs4.ihosting.cl. /httpdocs/desarrollo/ibanez/ficha_ibanez/ajax/taskbar/img googlebookmark.png
2010.06.09 18:25 B C:\AppServ\www\sitios\activos\brandgus\ajax\taskbar\img\furl.png --> hs4.ihosting.cl. /httpdocs/desarrollo/ibanez/ficha_ibanez/ajax/taskbar/img furl.png
2010.06.09 18:25 B C:\AppServ\www\sitios\activos\brandgus\ajax\taskbar\img\facebook.png --> hs4.ihosting.cl. /httpdocs/desarrollo/ibanez/ficha_ibanez/ajax/taskbar/img facebook.png
2010.06.09 18:25 B C:\AppServ\www\sitios\activos\brandgus\ajax\taskbar\img\digg.png --> hs4.ihosting.cl. /httpdocs/desarrollo/ibanez/ficha_ibanez/ajax/taskbar/img digg.png
2010.06.09 18:25 B C:\AppServ\www\sitios\activos\brandgus\ajax\taskbar\img\delicious.png --> hs4.ihosting.cl. /httpdocs/desarrollo/ibanez/ficha_ibanez/ajax/taskbar/img delicious.png
2010.06.09 18:25 B C:\AppServ\www\sitios\activos\brandgus\ajax\taskbar\img\_safari.png --> hs4.ihosting.cl. /httpdocs/desarrollo/ibanez/ficha_ibanez/ajax/taskbar/img _safari.png
2010.06.09 18:25 B C:\AppServ\www\sitios\activos\brandgus\ajax\taskbar\img\_opera.png --> hs4.ihosting.cl. /httpdocs/desarrollo/ibanez/ficha_ibanez/ajax/taskbar/img _opera.png
2010.06.09 18:25 B C:\AppServ\www\sitios\activos\brandgus\ajax\taskbar\img\_netscape.png --> hs4.ihosting.cl. /httpdocs/desarrollo/ibanez/ficha_ibanez/ajax/taskbar/img _netscape.png
2010.06.09 18:25 B C:\AppServ\www\sitios\activos\brandgus\ajax\taskbar\img\_firefox.png --> hs4.ihosting.cl. /httpdocs/desarrollo/ibanez/ficha_ibanez/ajax/taskbar/img _firefox.png
2010.06.09 18:25 B C:\AppServ\www\sitios\activos\brandgus\ajax\taskbar\img\_explorer.png --> hs4.ihosting.cl. /httpdocs/desarrollo/ibanez/ficha_ibanez/ajax/taskbar/img _explorer.png
2010.06.09 18:25 B C:\AppServ\www\sitios\activos\brandgus\ajax\taskbar\img\starburst.gif --> hs4.ihosting.cl. /httpdocs/desarrollo/ibanez/ficha_ibanez/ajax/taskbar/img starburst.gif
2016.03.26 12:27 B G:\CONTENEDOR\sitios\activos\AEROPOST\LANDING_LIBROS\taskbar\img\WS_FTP.LOG --> hs12.ihosting.cl /httpdocs/desarrollo/aeropost/landing/libros/taskbar/img WS_FTP.LOG
2016.03.26 12:27 B G:\CONTENEDOR\sitios\activos\AEROPOST\LANDING_LIBROS\taskbar\img\Thumbs.db --> hs12.ihosting.cl /httpdocs/desarrollo/aeropost/landing/libros/taskbar/img Thumbs.db
2016.03.26 12:27 B G:\CONTENEDOR\sitios\activos\AEROPOST\LANDING_LIBROS\taskbar\img\twitter logo.png --> hs12.ihosting.cl /httpdocs/desarrollo/aeropost/landing/libros/taskbar/img twitter logo.png
2016.03.26 12:27 B G:\CONTENEDOR\sitios\activos\AEROPOST\LANDING_LIBROS\taskbar\img\services-sprite.gif --> hs12.ihosting.cl /httpdocs/desarrollo/aeropost/landing/libros/taskbar/img services-sprite.gif
2016.03.26 12:27 B G:\CONTENEDOR\sitios\activos\AEROPOST\LANDING_LIBROS\taskbar\img\admirador2.jpg --> hs12.ihosting.cl /httpdocs/desarrollo/aeropost/landing/libros/taskbar/img admirador2.jpg
2016.03.26 12:27 B G:\CONTENEDOR\sitios\activos\AEROPOST\LANDING_LIBROS\taskbar\img\bookmarksite_stumbleupon.gif --> hs12.ihosting.cl /httpdocs/desarrollo/aeropost/landing/libros/taskbar/img bookmarksite_stumbleupon.gif
2016.03.26 12:27 B G:\CONTENEDOR\sitios\activos\AEROPOST\LANDING_LIBROS\taskbar\img\bookmarksite_digg.gif --> hs12.ihosting.cl /httpdocs/desarrollo/aeropost/landing/libros/taskbar/img bookmarksite_digg.gif
2016.03.26 12:27 B G:\CONTENEDOR\sitios\activos\AEROPOST\LANDING_LIBROS\taskbar\img\twitter.png --> hs12.ihosting.cl /httpdocs/desarrollo/aeropost/landing/libros/taskbar/img twitter.png
2016.03.26 12:27 B G:\CONTENEDOR\sitios\activos\AEROPOST\LANDING_LIBROS\taskbar\img\twitter-28-webtoolkit.png --> hs12.ihosting.cl /httpdocs/desarrollo/aeropost/landing/libros/taskbar/img twitter-28-webtoolkit.png
2016.03.26 12:27 B G:\CONTENEDOR\sitios\activos\AEROPOST\LANDING_LIBROS\taskbar\img\feedback.gif --> hs12.ihosting.cl /httpdocs/desarrollo/aeropost/landing/libros/taskbar/img feedback.gif
2016.03.26 12:27 B G:\CONTENEDOR\sitios\activos\AEROPOST\LANDING_LIBROS\taskbar\img\feedback.jpg --> hs12.ihosting.cl /httpdocs/desarrollo/aeropost/landing/libros/taskbar/img feedback.jpg
2016.03.26 12:28 B G:\CONTENEDOR\sitios\activos\AEROPOST\LANDING_LIBROS\taskbar\img\admirador.jpg --> hs12.ihosting.cl /httpdocs/desarrollo/aeropost/landing/libros/taskbar/img admirador.jpg
2016.03.26 12:28 B G:\CONTENEDOR\sitios\activos\AEROPOST\LANDING_LIBROS\taskbar\img\group.png --> hs12.ihosting.cl /httpdocs/desarrollo/aeropost/landing/libros/taskbar/img group.png
2016.03.26 12:28 B G:\CONTENEDOR\sitios\activos\AEROPOST\LANDING_LIBROS\taskbar\img\clock_red.png --> hs12.ihosting.cl /httpdocs/desarrollo/aeropost/landing/libros/taskbar/img clock_red.png
2016.03.26 12:28 B G:\CONTENEDOR\sitios\activos\AEROPOST\LANDING_LIBROS\taskbar\img\camera_small.png --> hs12.ihosting.cl /httpdocs/desarrollo/aeropost/landing/libros/taskbar/img camera_small.png
2016.03.26 12:28 B G:\CONTENEDOR\sitios\activos\AEROPOST\LANDING_LIBROS\taskbar\img\calculator.png --> hs12.ihosting.cl /httpdocs/desarrollo/aeropost/landing/libros/taskbar/img calculator.png
2016.03.26 12:28 B G:\CONTENEDOR\sitios\activos\AEROPOST\LANDING_LIBROS\taskbar\img\book_addresses.png --> hs12.ihosting.cl /httpdocs/desarrollo/aeropost/landing/libros/taskbar/img book_addresses.png
2016.03.26 12:28 B G:\CONTENEDOR\sitios\activos\AEROPOST\LANDING_LIBROS\taskbar\img\application.png --> hs12.ihosting.cl /httpdocs/desarrollo/aeropost/landing/libros/taskbar/img application.png
2016.03.26 12:28 B G:\CONTENEDOR\sitios\activos\AEROPOST\LANDING_LIBROS\taskbar\img\zoom.png --> hs12.ihosting.cl /httpdocs/desarrollo/aeropost/landing/libros/taskbar/img zoom.png
2016.03.26 12:28 B G:\CONTENEDOR\sitios\activos\AEROPOST\LANDING_LIBROS\taskbar\img\wikio.gif --> hs12.ihosting.cl /httpdocs/desarrollo/aeropost/landing/libros/taskbar/img wikio.gif
2016.03.26 12:28 B G:\CONTENEDOR\sitios\activos\AEROPOST\LANDING_LIBROS\taskbar\img\technorati.png --> hs12.ihosting.cl /httpdocs/desarrollo/aeropost/landing/libros/taskbar/img technorati.png
2016.03.26 12:28 B G:\CONTENEDOR\sitios\activos\AEROPOST\LANDING_LIBROS\taskbar\img\scoopeo.png --> hs12.ihosting.cl /httpdocs/desarrollo/aeropost/landing/libros/taskbar/img scoopeo.png
2016.03.26 12:28 B G:\CONTENEDOR\sitios\activos\AEROPOST\LANDING_LIBROS\taskbar\img\reddit.png --> hs12.ihosting.cl /httpdocs/desarrollo/aeropost/landing/libros/taskbar/img reddit.png
2016.03.26 12:28 B G:\CONTENEDOR\sitios\activos\AEROPOST\LANDING_LIBROS\taskbar\img\live.png --> hs12.ihosting.cl /httpdocs/desarrollo/aeropost/landing/libros/taskbar/img live.png
2016.03.26 12:28 B G:\CONTENEDOR\sitios\activos\AEROPOST\LANDING_LIBROS\taskbar\img\googlebookmark.png --> hs12.ihosting.cl /httpdocs/desarrollo/aeropost/landing/libros/taskbar/img googlebookmark.png
2016.03.26 12:28 B G:\CONTENEDOR\sitios\activos\AEROPOST\LANDING_LIBROS\taskbar\img\furl.png --> hs12.ihosting.cl /httpdocs/desarrollo/aeropost/landing/libros/taskbar/img furl.png
2016.03.26 12:28 B G:\CONTENEDOR\sitios\activos\AEROPOST\LANDING_LIBROS\taskbar\img\facebook.png --> hs12.ihosting.cl /httpdocs/desarrollo/aeropost/landing/libros/taskbar/img facebook.png
2016.03.26 12:28 B G:\CONTENEDOR\sitios\activos\AEROPOST\LANDING_LIBROS\taskbar\img\digg.png --> hs12.ihosting.cl /httpdocs/desarrollo/aeropost/landing/libros/taskbar/img digg.png
2016.03.26 12:28 B G:\CONTENEDOR\sitios\activos\AEROPOST\LANDING_LIBROS\taskbar\img\delicious.png --> hs12.ihosting.cl /httpdocs/desarrollo/aeropost/landing/libros/taskbar/img delicious.png
2016.03.26 12:28 B G:\CONTENEDOR\sitios\activos\AEROPOST\LANDING_LIBROS\taskbar\img\_safari.png --> hs12.ihosting.cl /httpdocs/desarrollo/aeropost/landing/libros/taskbar/img _safari.png
2016.03.26 12:28 B G:\CONTENEDOR\sitios\activos\AEROPOST\LANDING_LIBROS\taskbar\img\_opera.png --> hs12.ihosting.cl /httpdocs/desarrollo/aeropost/landing/libros/taskbar/img _opera.png
2016.03.26 12:28 B G:\CONTENEDOR\sitios\activos\AEROPOST\LANDING_LIBROS\taskbar\img\_netscape.png --> hs12.ihosting.cl /httpdocs/desarrollo/aeropost/landing/libros/taskbar/img _netscape.png
2016.03.26 12:28 B G:\CONTENEDOR\sitios\activos\AEROPOST\LANDING_LIBROS\taskbar\img\_firefox.png --> hs12.ihosting.cl /httpdocs/desarrollo/aeropost/landing/libros/taskbar/img _firefox.png
2016.03.26 12:28 B G:\CONTENEDOR\sitios\activos\AEROPOST\LANDING_LIBROS\taskbar\img\_explorer.png --> hs12.ihosting.cl /httpdocs/desarrollo/aeropost/landing/libros/taskbar/img _explorer.png
2016.03.26 12:28 B G:\CONTENEDOR\sitios\activos\AEROPOST\LANDING_LIBROS\taskbar\img\starburst.gif --> hs12.ihosting.cl /httpdocs/desarrollo/aeropost/landing/libros/taskbar/img starburst.gif
2016.03.27 21:31 B G:\CONTENEDOR\sitios\activos\AEROPOST\LANDING_LIBROS\taskbar\img\WS_FTP.LOG --> 190.3.169.107 /public_html/libros/taskbar/img WS_FTP.LOG
2016.03.27 21:31 B G:\CONTENEDOR\sitios\activos\AEROPOST\LANDING_LIBROS\taskbar\img\Thumbs.db --> 190.3.169.107 /public_html/libros/taskbar/img Thumbs.db
2016.03.27 21:31 B G:\CONTENEDOR\sitios\activos\AEROPOST\LANDING_LIBROS\taskbar\img\twitter logo.png --> 190.3.169.107 /public_html/libros/taskbar/img twitter logo.png
2016.03.27 21:31 B G:\CONTENEDOR\sitios\activos\AEROPOST\LANDING_LIBROS\taskbar\img\services-sprite.gif --> 190.3.169.107 /public_html/libros/taskbar/img services-sprite.gif
2016.03.27 21:31 B G:\CONTENEDOR\sitios\activos\AEROPOST\LANDING_LIBROS\taskbar\img\admirador2.jpg --> 190.3.169.107 /public_html/libros/taskbar/img admirador2.jpg
2016.03.27 21:31 B G:\CONTENEDOR\sitios\activos\AEROPOST\LANDING_LIBROS\taskbar\img\bookmarksite_stumbleupon.gif --> 190.3.169.107 /public_html/libros/taskbar/img bookmarksite_stumbleupon.gif
2016.03.27 21:31 B G:\CONTENEDOR\sitios\activos\AEROPOST\LANDING_LIBROS\taskbar\img\bookmarksite_digg.gif --> 190.3.169.107 /public_html/libros/taskbar/img bookmarksite_digg.gif
2016.03.27 21:31 B G:\CONTENEDOR\sitios\activos\AEROPOST\LANDING_LIBROS\taskbar\img\twitter.png --> 190.3.169.107 /public_html/libros/taskbar/img twitter.png
2016.03.27 21:31 B G:\CONTENEDOR\sitios\activos\AEROPOST\LANDING_LIBROS\taskbar\img\twitter-28-webtoolkit.png --> 190.3.169.107 /public_html/libros/taskbar/img twitter-28-webtoolkit.png
2016.03.27 21:31 B G:\CONTENEDOR\sitios\activos\AEROPOST\LANDING_LIBROS\taskbar\img\feedback.gif --> 190.3.169.107 /public_html/libros/taskbar/img feedback.gif
2016.03.27 21:31 B G:\CONTENEDOR\sitios\activos\AEROPOST\LANDING_LIBROS\taskbar\img\feedback.jpg --> 190.3.169.107 /public_html/libros/taskbar/img feedback.jpg
2016.03.27 21:31 B G:\CONTENEDOR\sitios\activos\AEROPOST\LANDING_LIBROS\taskbar\img\admirador.jpg --> 190.3.169.107 /public_html/libros/taskbar/img admirador.jpg
2016.03.27 21:31 B G:\CONTENEDOR\sitios\activos\AEROPOST\LANDING_LIBROS\taskbar\img\group.png --> 190.3.169.107 /public_html/libros/taskbar/img group.png
2016.03.27 21:31 B G:\CONTENEDOR\sitios\activos\AEROPOST\LANDING_LIBROS\taskbar\img\clock_red.png --> 190.3.169.107 /public_html/libros/taskbar/img clock_red.png
2016.03.27 21:31 B G:\CONTENEDOR\sitios\activos\AEROPOST\LANDING_LIBROS\taskbar\img\camera_small.png --> 190.3.169.107 /public_html/libros/taskbar/img camera_small.png
2016.03.27 21:31 B G:\CONTENEDOR\sitios\activos\AEROPOST\LANDING_LIBROS\taskbar\img\calculator.png --> 190.3.169.107 /public_html/libros/taskbar/img calculator.png
2016.03.27 21:31 B G:\CONTENEDOR\sitios\activos\AEROPOST\LANDING_LIBROS\taskbar\img\book_addresses.png --> 190.3.169.107 /public_html/libros/taskbar/img book_addresses.png
2016.03.27 21:31 B G:\CONTENEDOR\sitios\activos\AEROPOST\LANDING_LIBROS\taskbar\img\application.png --> 190.3.169.107 /public_html/libros/taskbar/img application.png
2016.03.27 21:31 B G:\CONTENEDOR\sitios\activos\AEROPOST\LANDING_LIBROS\taskbar\img\zoom.png --> 190.3.169.107 /public_html/libros/taskbar/img zoom.png
2016.03.27 21:31 B G:\CONTENEDOR\sitios\activos\AEROPOST\LANDING_LIBROS\taskbar\img\wikio.gif --> 190.3.169.107 /public_html/libros/taskbar/img wikio.gif
2016.03.27 21:31 B G:\CONTENEDOR\sitios\activos\AEROPOST\LANDING_LIBROS\taskbar\img\technorati.png --> 190.3.169.107 /public_html/libros/taskbar/img technorati.png
2016.03.27 21:31 B G:\CONTENEDOR\sitios\activos\AEROPOST\LANDING_LIBROS\taskbar\img\scoopeo.png --> 190.3.169.107 /public_html/libros/taskbar/img scoopeo.png
2016.03.27 21:31 B G:\CONTENEDOR\sitios\activos\AEROPOST\LANDING_LIBROS\taskbar\img\reddit.png --> 190.3.169.107 /public_html/libros/taskbar/img reddit.png
2016.03.27 21:31 B G:\CONTENEDOR\sitios\activos\AEROPOST\LANDING_LIBROS\taskbar\img\live.png --> 190.3.169.107 /public_html/libros/taskbar/img live.png
2016.03.27 21:31 B G:\CONTENEDOR\sitios\activos\AEROPOST\LANDING_LIBROS\taskbar\img\googlebookmark.png --> 190.3.169.107 /public_html/libros/taskbar/img googlebookmark.png
2016.03.27 21:31 B G:\CONTENEDOR\sitios\activos\AEROPOST\LANDING_LIBROS\taskbar\img\furl.png --> 190.3.169.107 /public_html/libros/taskbar/img furl.png
2016.03.27 21:31 B G:\CONTENEDOR\sitios\activos\AEROPOST\LANDING_LIBROS\taskbar\img\facebook.png --> 190.3.169.107 /public_html/libros/taskbar/img facebook.png
2016.03.27 21:31 B G:\CONTENEDOR\sitios\activos\AEROPOST\LANDING_LIBROS\taskbar\img\digg.png --> 190.3.169.107 /public_html/libros/taskbar/img digg.png
2016.03.27 21:31 B G:\CONTENEDOR\sitios\activos\AEROPOST\LANDING_LIBROS\taskbar\img\delicious.png --> 190.3.169.107 /public_html/libros/taskbar/img delicious.png
2016.03.27 21:31 B G:\CONTENEDOR\sitios\activos\AEROPOST\LANDING_LIBROS\taskbar\img\_safari.png --> 190.3.169.107 /public_html/libros/taskbar/img _safari.png
2016.03.27 21:31 B G:\CONTENEDOR\sitios\activos\AEROPOST\LANDING_LIBROS\taskbar\img\_opera.png --> 190.3.169.107 /public_html/libros/taskbar/img _opera.png
2016.03.27 21:31 B G:\CONTENEDOR\sitios\activos\AEROPOST\LANDING_LIBROS\taskbar\img\_netscape.png --> 190.3.169.107 /public_html/libros/taskbar/img _netscape.png
2016.03.27 21:31 B G:\CONTENEDOR\sitios\activos\AEROPOST\LANDING_LIBROS\taskbar\img\_firefox.png --> 190.3.169.107 /public_html/libros/taskbar/img _firefox.png
2016.03.27 21:31 B G:\CONTENEDOR\sitios\activos\AEROPOST\LANDING_LIBROS\taskbar\img\_explorer.png --> 190.3.169.107 /public_html/libros/taskbar/img _explorer.png
2016.03.27 21:31 B G:\CONTENEDOR\sitios\activos\AEROPOST\LANDING_LIBROS\taskbar\img\starburst.gif --> 190.3.169.107 /public_html/libros/taskbar/img starburst.gif
2016.04.03 00:37 B G:\CONTENEDOR\sitios\activos\aloyd_new\LANDING_REFTRIBU\taskbar\img\WS_FTP.LOG --> hs24.ihosting.cl /public_html/aloyd_new/reforma/taskbar/img WS_FTP.LOG
2016.04.02 23:37 B G:\CONTENEDOR\sitios\activos\aloyd_new\LANDING_REFTRIBU\taskbar\img\Thumbs.db --> hs24.ihosting.cl /public_html/aloyd_new/reforma/taskbar/img Thumbs.db
2016.04.02 23:37 B G:\CONTENEDOR\sitios\activos\aloyd_new\LANDING_REFTRIBU\taskbar\img\twitter logo.png --> hs24.ihosting.cl /public_html/aloyd_new/reforma/taskbar/img twitter logo.png
2016.04.02 23:37 B G:\CONTENEDOR\sitios\activos\aloyd_new\LANDING_REFTRIBU\taskbar\img\services-sprite.gif --> hs24.ihosting.cl /public_html/aloyd_new/reforma/taskbar/img services-sprite.gif
2016.04.02 23:37 B G:\CONTENEDOR\sitios\activos\aloyd_new\LANDING_REFTRIBU\taskbar\img\admirador2.jpg --> hs24.ihosting.cl /public_html/aloyd_new/reforma/taskbar/img admirador2.jpg
2016.04.02 23:37 B G:\CONTENEDOR\sitios\activos\aloyd_new\LANDING_REFTRIBU\taskbar\img\bookmarksite_stumbleupon.gif --> hs24.ihosting.cl /public_html/aloyd_new/reforma/taskbar/img bookmarksite_stumbleupon.gif
2016.04.02 23:37 B G:\CONTENEDOR\sitios\activos\aloyd_new\LANDING_REFTRIBU\taskbar\img\bookmarksite_digg.gif --> hs24.ihosting.cl /public_html/aloyd_new/reforma/taskbar/img bookmarksite_digg.gif
2016.04.03 00:38 B G:\CONTENEDOR\sitios\activos\aloyd_new\LANDING_REFTRIBU\taskbar\img\WS_FTP.LOG --> hs24.ihosting.cl /public_html/aloyd_new/reforma/taskbar/img WS_FTP.LOG
2016.04.02 23:38 B G:\CONTENEDOR\sitios\activos\aloyd_new\LANDING_REFTRIBU\taskbar\img\twitter.png --> hs24.ihosting.cl /public_html/aloyd_new/reforma/taskbar/img twitter.png
2016.04.02 23:38 B G:\CONTENEDOR\sitios\activos\aloyd_new\LANDING_REFTRIBU\taskbar\img\twitter-28-webtoolkit.png --> hs24.ihosting.cl /public_html/aloyd_new/reforma/taskbar/img twitter-28-webtoolkit.png
2016.04.02 23:38 B G:\CONTENEDOR\sitios\activos\aloyd_new\LANDING_REFTRIBU\taskbar\img\feedback.gif --> hs24.ihosting.cl /public_html/aloyd_new/reforma/taskbar/img feedback.gif
2016.04.02 23:38 B G:\CONTENEDOR\sitios\activos\aloyd_new\LANDING_REFTRIBU\taskbar\img\feedback.jpg --> hs24.ihosting.cl /public_html/aloyd_new/reforma/taskbar/img feedback.jpg
2016.04.02 23:38 B G:\CONTENEDOR\sitios\activos\aloyd_new\LANDING_REFTRIBU\taskbar\img\admirador.jpg --> hs24.ihosting.cl /public_html/aloyd_new/reforma/taskbar/img admirador.jpg
2016.04.02 23:38 B G:\CONTENEDOR\sitios\activos\aloyd_new\LANDING_REFTRIBU\taskbar\img\group.png --> hs24.ihosting.cl /public_html/aloyd_new/reforma/taskbar/img group.png
2016.04.02 23:38 B G:\CONTENEDOR\sitios\activos\aloyd_new\LANDING_REFTRIBU\taskbar\img\clock_red.png --> hs24.ihosting.cl /public_html/aloyd_new/reforma/taskbar/img clock_red.png
2016.04.02 23:38 B G:\CONTENEDOR\sitios\activos\aloyd_new\LANDING_REFTRIBU\taskbar\img\camera_small.png --> hs24.ihosting.cl /public_html/aloyd_new/reforma/taskbar/img camera_small.png
2016.04.02 23:38 B G:\CONTENEDOR\sitios\activos\aloyd_new\LANDING_REFTRIBU\taskbar\img\calculator.png --> hs24.ihosting.cl /public_html/aloyd_new/reforma/taskbar/img calculator.png
2016.04.02 23:38 B G:\CONTENEDOR\sitios\activos\aloyd_new\LANDING_REFTRIBU\taskbar\img\book_addresses.png --> hs24.ihosting.cl /public_html/aloyd_new/reforma/taskbar/img book_addresses.png
2016.04.02 23:38 B G:\CONTENEDOR\sitios\activos\aloyd_new\LANDING_REFTRIBU\taskbar\img\application.png --> hs24.ihosting.cl /public_html/aloyd_new/reforma/taskbar/img application.png
2016.04.02 23:38 B G:\CONTENEDOR\sitios\activos\aloyd_new\LANDING_REFTRIBU\taskbar\img\zoom.png --> hs24.ihosting.cl /public_html/aloyd_new/reforma/taskbar/img zoom.png
2016.04.02 23:38 B G:\CONTENEDOR\sitios\activos\aloyd_new\LANDING_REFTRIBU\taskbar\img\wikio.gif --> hs24.ihosting.cl /public_html/aloyd_new/reforma/taskbar/img wikio.gif
2016.04.02 23:38 B G:\CONTENEDOR\sitios\activos\aloyd_new\LANDING_REFTRIBU\taskbar\img\technorati.png --> hs24.ihosting.cl /public_html/aloyd_new/reforma/taskbar/img technorati.png
2016.04.02 23:38 B G:\CONTENEDOR\sitios\activos\aloyd_new\LANDING_REFTRIBU\taskbar\img\scoopeo.png --> hs24.ihosting.cl /public_html/aloyd_new/reforma/taskbar/img scoopeo.png
2016.04.02 23:38 B G:\CONTENEDOR\sitios\activos\aloyd_new\LANDING_REFTRIBU\taskbar\img\reddit.png --> hs24.ihosting.cl /public_html/aloyd_new/reforma/taskbar/img reddit.png
2016.04.02 23:38 B G:\CONTENEDOR\sitios\activos\aloyd_new\LANDING_REFTRIBU\taskbar\img\live.png --> hs24.ihosting.cl /public_html/aloyd_new/reforma/taskbar/img live.png
2016.04.02 23:38 B G:\CONTENEDOR\sitios\activos\aloyd_new\LANDING_REFTRIBU\taskbar\img\googlebookmark.png --> hs24.ihosting.cl /public_html/aloyd_new/reforma/taskbar/img googlebookmark.png
2016.04.02 23:38 B G:\CONTENEDOR\sitios\activos\aloyd_new\LANDING_REFTRIBU\taskbar\img\furl.png --> hs24.ihosting.cl /public_html/aloyd_new/reforma/taskbar/img furl.png
2016.04.02 23:38 B G:\CONTENEDOR\sitios\activos\aloyd_new\LANDING_REFTRIBU\taskbar\img\facebook.png --> hs24.ihosting.cl /public_html/aloyd_new/reforma/taskbar/img facebook.png
2016.04.02 23:38 B G:\CONTENEDOR\sitios\activos\aloyd_new\LANDING_REFTRIBU\taskbar\img\digg.png --> hs24.ihosting.cl /public_html/aloyd_new/reforma/taskbar/img digg.png
2016.04.02 23:38 B G:\CONTENEDOR\sitios\activos\aloyd_new\LANDING_REFTRIBU\taskbar\img\delicious.png --> hs24.ihosting.cl /public_html/aloyd_new/reforma/taskbar/img delicious.png
2016.04.02 23:38 B G:\CONTENEDOR\sitios\activos\aloyd_new\LANDING_REFTRIBU\taskbar\img\_safari.png --> hs24.ihosting.cl /public_html/aloyd_new/reforma/taskbar/img _safari.png
2016.04.02 23:38 B G:\CONTENEDOR\sitios\activos\aloyd_new\LANDING_REFTRIBU\taskbar\img\_opera.png --> hs24.ihosting.cl /public_html/aloyd_new/reforma/taskbar/img _opera.png
2016.04.02 23:38 B G:\CONTENEDOR\sitios\activos\aloyd_new\LANDING_REFTRIBU\taskbar\img\_netscape.png --> hs24.ihosting.cl /public_html/aloyd_new/reforma/taskbar/img _netscape.png
2016.04.02 23:38 B G:\CONTENEDOR\sitios\activos\aloyd_new\LANDING_REFTRIBU\taskbar\img\_firefox.png --> hs24.ihosting.cl /public_html/aloyd_new/reforma/taskbar/img _firefox.png
2016.04.02 23:38 B G:\CONTENEDOR\sitios\activos\aloyd_new\LANDING_REFTRIBU\taskbar\img\_explorer.png --> hs24.ihosting.cl /public_html/aloyd_new/reforma/taskbar/img _explorer.png
2016.04.02 23:38 B G:\CONTENEDOR\sitios\activos\aloyd_new\LANDING_REFTRIBU\taskbar\img\starburst.gif --> hs24.ihosting.cl /public_html/aloyd_new/reforma/taskbar/img starburst.gif
2016.09.14 20:59 B G:\CONTENEDOR\sitios\activos\AEROEXPRESS\inicio\taskbar\img\WS_FTP.LOG <-- AEROEXPRESS /public_html/inicio/taskbar/img WS_FTP.LOG
2016.09.14 20:59 B G:\CONTENEDOR\sitios\activos\AEROEXPRESS\inicio\taskbar\img\wikio.gif <-- AEROEXPRESS /public_html/inicio/taskbar/img wikio.gif
2016.09.14 20:59 B G:\CONTENEDOR\sitios\activos\AEROEXPRESS\inicio\taskbar\img\twitter.png <-- AEROEXPRESS /public_html/inicio/taskbar/img twitter.png
2016.09.14 20:59 B G:\CONTENEDOR\sitios\activos\AEROEXPRESS\inicio\taskbar\img\twitter-28-webtoolkit.png <-- AEROEXPRESS /public_html/inicio/taskbar/img twitter-28-webtoolkit.png
2016.09.14 20:59 B G:\CONTENEDOR\sitios\activos\AEROEXPRESS\inicio\taskbar\img\twitter logo.png <-- AEROEXPRESS /public_html/inicio/taskbar/img twitter logo.png
2016.09.14 20:59 B G:\CONTENEDOR\sitios\activos\AEROEXPRESS\inicio\taskbar\img\Thumbs.db <-- AEROEXPRESS /public_html/inicio/taskbar/img Thumbs.db
2016.09.14 20:59 B G:\CONTENEDOR\sitios\activos\AEROEXPRESS\inicio\taskbar\img\technorati.png <-- AEROEXPRESS /public_html/inicio/taskbar/img technorati.png
2016.09.14 20:59 B G:\CONTENEDOR\sitios\activos\AEROEXPRESS\inicio\taskbar\img\starburst.gif <-- AEROEXPRESS /public_html/inicio/taskbar/img starburst.gif
2016.09.14 20:59 B G:\CONTENEDOR\sitios\activos\AEROEXPRESS\inicio\taskbar\img\services-sprite.gif <-- AEROEXPRESS /public_html/inicio/taskbar/img services-sprite.gif
2016.09.14 20:59 B G:\CONTENEDOR\sitios\activos\AEROEXPRESS\inicio\taskbar\img\scoopeo.png <-- AEROEXPRESS /public_html/inicio/taskbar/img scoopeo.png
2016.09.14 20:59 B G:\CONTENEDOR\sitios\activos\AEROEXPRESS\inicio\taskbar\img\reddit.png <-- AEROEXPRESS /public_html/inicio/taskbar/img reddit.png
2016.09.14 20:59 B G:\CONTENEDOR\sitios\activos\AEROEXPRESS\inicio\taskbar\img\live.png <-- AEROEXPRESS /public_html/inicio/taskbar/img live.png
2016.09.14 20:59 B G:\CONTENEDOR\sitios\activos\AEROEXPRESS\inicio\taskbar\img\group.png <-- AEROEXPRESS /public_html/inicio/taskbar/img group.png
2016.09.14 20:59 B G:\CONTENEDOR\sitios\activos\AEROEXPRESS\inicio\taskbar\img\googlebookmark.png <-- AEROEXPRESS /public_html/inicio/taskbar/img googlebookmark.png
2016.09.14 20:59 B G:\CONTENEDOR\sitios\activos\AEROEXPRESS\inicio\taskbar\img\furl.png <-- AEROEXPRESS /public_html/inicio/taskbar/img furl.png
2016.09.14 20:59 B G:\CONTENEDOR\sitios\activos\AEROEXPRESS\inicio\taskbar\img\feedback.jpg <-- AEROEXPRESS /public_html/inicio/taskbar/img feedback.jpg
2016.09.14 20:59 B G:\CONTENEDOR\sitios\activos\AEROEXPRESS\inicio\taskbar\img\feedback.gif <-- AEROEXPRESS /public_html/inicio/taskbar/img feedback.gif
2016.09.14 20:59 B G:\CONTENEDOR\sitios\activos\AEROEXPRESS\inicio\taskbar\img\facebook.png <-- AEROEXPRESS /public_html/inicio/taskbar/img facebook.png
2016.09.14 20:59 B G:\CONTENEDOR\sitios\activos\AEROEXPRESS\inicio\taskbar\img\digg.png <-- AEROEXPRESS /public_html/inicio/taskbar/img digg.png
2016.09.14 20:59 B G:\CONTENEDOR\sitios\activos\AEROEXPRESS\inicio\taskbar\img\delicious.png <-- AEROEXPRESS /public_html/inicio/taskbar/img delicious.png
2016.09.14 20:59 B G:\CONTENEDOR\sitios\activos\AEROEXPRESS\inicio\taskbar\img\clock_red.png <-- AEROEXPRESS /public_html/inicio/taskbar/img clock_red.png
2016.09.14 20:59 B G:\CONTENEDOR\sitios\activos\AEROEXPRESS\inicio\taskbar\img\camera_small.png <-- AEROEXPRESS /public_html/inicio/taskbar/img camera_small.png
2016.09.14 20:59 B G:\CONTENEDOR\sitios\activos\AEROEXPRESS\inicio\taskbar\img\calculator.png <-- AEROEXPRESS /public_html/inicio/taskbar/img calculator.png
2016.09.14 20:59 B G:\CONTENEDOR\sitios\activos\AEROEXPRESS\inicio\taskbar\img\bookmarksite_stumbleupon.gif <-- AEROEXPRESS /public_html/inicio/taskbar/img bookmarksite_stumbleupon.gif
2016.09.14 20:59 B G:\CONTENEDOR\sitios\activos\AEROEXPRESS\inicio\taskbar\img\bookmarksite_digg.gif <-- AEROEXPRESS /public_html/inicio/taskbar/img bookmarksite_digg.gif
2016.09.14 20:59 B G:\CONTENEDOR\sitios\activos\AEROEXPRESS\inicio\taskbar\img\book_addresses.png <-- AEROEXPRESS /public_html/inicio/taskbar/img book_addresses.png
2016.09.14 20:59 B G:\CONTENEDOR\sitios\activos\AEROEXPRESS\inicio\taskbar\img\application.png <-- AEROEXPRESS /public_html/inicio/taskbar/img application.png
2016.09.14 20:59 B G:\CONTENEDOR\sitios\activos\AEROEXPRESS\inicio\taskbar\img\admirador2.jpg <-- AEROEXPRESS /public_html/inicio/taskbar/img admirador2.jpg
2016.09.14 20:59 B G:\CONTENEDOR\sitios\activos\AEROEXPRESS\inicio\taskbar\img\admirador.jpg <-- AEROEXPRESS /public_html/inicio/taskbar/img admirador.jpg
2016.09.14 20:59 B G:\CONTENEDOR\sitios\activos\AEROEXPRESS\inicio\taskbar\img\_safari.png <-- AEROEXPRESS /public_html/inicio/taskbar/img _safari.png
2016.09.14 21:00 B G:\CONTENEDOR\sitios\activos\AEROEXPRESS\inicio\taskbar\img\_opera.png <-- AEROEXPRESS /public_html/inicio/taskbar/img _opera.png
2016.09.14 21:00 B G:\CONTENEDOR\sitios\activos\AEROEXPRESS\inicio\taskbar\img\_netscape.png <-- AEROEXPRESS /public_html/inicio/taskbar/img _netscape.png
2016.09.14 21:00 B G:\CONTENEDOR\sitios\activos\AEROEXPRESS\inicio\taskbar\img\_firefox.png <-- AEROEXPRESS /public_html/inicio/taskbar/img _firefox.png
2016.09.14 21:00 B G:\CONTENEDOR\sitios\activos\AEROEXPRESS\inicio\taskbar\img\_explorer.png <-- AEROEXPRESS /public_html/inicio/taskbar/img _explorer.png
2017.03.15 14:01 B G:\CONTENEDOR\sitios\activos\AEROEXPRESS\inicio\taskbar\img\_explorer.png --> hs20.ihosting.cl /public_html/desarrollo/tlc/inicio/taskbar/img _explorer.png
2017.03.15 14:01 B G:\CONTENEDOR\sitios\activos\AEROEXPRESS\inicio\taskbar\img\_firefox.png --> hs20.ihosting.cl /public_html/desarrollo/tlc/inicio/taskbar/img _firefox.png
2017.03.15 14:01 B G:\CONTENEDOR\sitios\activos\AEROEXPRESS\inicio\taskbar\img\_netscape.png --> hs20.ihosting.cl /public_html/desarrollo/tlc/inicio/taskbar/img _netscape.png
2017.03.15 14:01 B G:\CONTENEDOR\sitios\activos\AEROEXPRESS\inicio\taskbar\img\_opera.png --> hs20.ihosting.cl /public_html/desarrollo/tlc/inicio/taskbar/img _opera.png
2017.03.15 14:01 B G:\CONTENEDOR\sitios\activos\AEROEXPRESS\inicio\taskbar\img\_safari.png --> hs20.ihosting.cl /public_html/desarrollo/tlc/inicio/taskbar/img _safari.png
2017.03.15 14:01 B G:\CONTENEDOR\sitios\activos\AEROEXPRESS\inicio\taskbar\img\admirador.jpg --> hs20.ihosting.cl /public_html/desarrollo/tlc/inicio/taskbar/img admirador.jpg
2017.03.15 14:01 B G:\CONTENEDOR\sitios\activos\AEROEXPRESS\inicio\taskbar\img\admirador2.jpg --> hs20.ihosting.cl /public_html/desarrollo/tlc/inicio/taskbar/img admirador2.jpg
2017.03.15 14:01 B G:\CONTENEDOR\sitios\activos\AEROEXPRESS\inicio\taskbar\img\application.png --> hs20.ihosting.cl /public_html/desarrollo/tlc/inicio/taskbar/img application.png
2017.03.15 14:01 B G:\CONTENEDOR\sitios\activos\AEROEXPRESS\inicio\taskbar\img\book_addresses.png --> hs20.ihosting.cl /public_html/desarrollo/tlc/inicio/taskbar/img book_addresses.png
2017.03.15 14:01 B G:\CONTENEDOR\sitios\activos\AEROEXPRESS\inicio\taskbar\img\bookmarksite_digg.gif --> hs20.ihosting.cl /public_html/desarrollo/tlc/inicio/taskbar/img bookmarksite_digg.gif
2017.03.15 14:01 B G:\CONTENEDOR\sitios\activos\AEROEXPRESS\inicio\taskbar\img\bookmarksite_stumbleupon.gif --> hs20.ihosting.cl /public_html/desarrollo/tlc/inicio/taskbar/img bookmarksite_stumbleupon.gif
2017.03.15 14:01 B G:\CONTENEDOR\sitios\activos\AEROEXPRESS\inicio\taskbar\img\calculator.png --> hs20.ihosting.cl /public_html/desarrollo/tlc/inicio/taskbar/img calculator.png
2017.03.15 14:01 B G:\CONTENEDOR\sitios\activos\AEROEXPRESS\inicio\taskbar\img\camera_small.png --> hs20.ihosting.cl /public_html/desarrollo/tlc/inicio/taskbar/img camera_small.png
2017.03.15 14:01 B G:\CONTENEDOR\sitios\activos\AEROEXPRESS\inicio\taskbar\img\clock_red.png --> hs20.ihosting.cl /public_html/desarrollo/tlc/inicio/taskbar/img clock_red.png
2017.03.15 14:01 B G:\CONTENEDOR\sitios\activos\AEROEXPRESS\inicio\taskbar\img\delicious.png --> hs20.ihosting.cl /public_html/desarrollo/tlc/inicio/taskbar/img delicious.png
2017.03.15 14:01 B G:\CONTENEDOR\sitios\activos\AEROEXPRESS\inicio\taskbar\img\digg.png --> hs20.ihosting.cl /public_html/desarrollo/tlc/inicio/taskbar/img digg.png
2017.03.15 14:01 B G:\CONTENEDOR\sitios\activos\AEROEXPRESS\inicio\taskbar\img\facebook.png --> hs20.ihosting.cl /public_html/desarrollo/tlc/inicio/taskbar/img facebook.png
2017.03.15 14:01 B G:\CONTENEDOR\sitios\activos\AEROEXPRESS\inicio\taskbar\img\feedback.gif --> hs20.ihosting.cl /public_html/desarrollo/tlc/inicio/taskbar/img feedback.gif
2017.03.15 14:01 B G:\CONTENEDOR\sitios\activos\AEROEXPRESS\inicio\taskbar\img\feedback.jpg --> hs20.ihosting.cl /public_html/desarrollo/tlc/inicio/taskbar/img feedback.jpg
2017.03.15 14:01 B G:\CONTENEDOR\sitios\activos\AEROEXPRESS\inicio\taskbar\img\furl.png --> hs20.ihosting.cl /public_html/desarrollo/tlc/inicio/taskbar/img furl.png
2017.03.15 14:01 B G:\CONTENEDOR\sitios\activos\AEROEXPRESS\inicio\taskbar\img\googlebookmark.png --> hs20.ihosting.cl /public_html/desarrollo/tlc/inicio/taskbar/img googlebookmark.png
2017.03.15 14:01 B G:\CONTENEDOR\sitios\activos\AEROEXPRESS\inicio\taskbar\img\group.png --> hs20.ihosting.cl /public_html/desarrollo/tlc/inicio/taskbar/img group.png
2017.03.15 14:01 B G:\CONTENEDOR\sitios\activos\AEROEXPRESS\inicio\taskbar\img\live.png --> hs20.ihosting.cl /public_html/desarrollo/tlc/inicio/taskbar/img live.png
2017.03.15 14:01 B G:\CONTENEDOR\sitios\activos\AEROEXPRESS\inicio\taskbar\img\reddit.png --> hs20.ihosting.cl /public_html/desarrollo/tlc/inicio/taskbar/img reddit.png
2017.03.15 14:01 B G:\CONTENEDOR\sitios\activos\AEROEXPRESS\inicio\taskbar\img\scoopeo.png --> hs20.ihosting.cl /public_html/desarrollo/tlc/inicio/taskbar/img scoopeo.png
2017.03.15 14:01 B G:\CONTENEDOR\sitios\activos\AEROEXPRESS\inicio\taskbar\img\services-sprite.gif --> hs20.ihosting.cl /public_html/desarrollo/tlc/inicio/taskbar/img services-sprite.gif
2017.03.15 14:01 B G:\CONTENEDOR\sitios\activos\AEROEXPRESS\inicio\taskbar\img\starburst.gif --> hs20.ihosting.cl /public_html/desarrollo/tlc/inicio/taskbar/img starburst.gif
2017.03.15 14:01 B G:\CONTENEDOR\sitios\activos\AEROEXPRESS\inicio\taskbar\img\technorati.png --> hs20.ihosting.cl /public_html/desarrollo/tlc/inicio/taskbar/img technorati.png
2017.03.15 14:01 B G:\CONTENEDOR\sitios\activos\AEROEXPRESS\inicio\taskbar\img\Thumbs.db --> hs20.ihosting.cl /public_html/desarrollo/tlc/inicio/taskbar/img Thumbs.db
2017.03.15 14:01 B G:\CONTENEDOR\sitios\activos\AEROEXPRESS\inicio\taskbar\img\twitter logo.png --> hs20.ihosting.cl /public_html/desarrollo/tlc/inicio/taskbar/img twitter logo.png
2017.03.15 14:01 B G:\CONTENEDOR\sitios\activos\AEROEXPRESS\inicio\taskbar\img\twitter-28-webtoolkit.png --> hs20.ihosting.cl /public_html/desarrollo/tlc/inicio/taskbar/img twitter-28-webtoolkit.png
2017.03.15 14:01 B G:\CONTENEDOR\sitios\activos\AEROEXPRESS\inicio\taskbar\img\twitter.png --> hs20.ihosting.cl /public_html/desarrollo/tlc/inicio/taskbar/img twitter.png
2017.03.15 14:01 B G:\CONTENEDOR\sitios\activos\AEROEXPRESS\inicio\taskbar\img\wikio.gif --> hs20.ihosting.cl /public_html/desarrollo/tlc/inicio/taskbar/img wikio.gif
2017.03.15 14:01 B G:\CONTENEDOR\sitios\activos\AEROEXPRESS\inicio\taskbar\img\WS_FTP.LOG --> hs20.ihosting.cl /public_html/desarrollo/tlc/inicio/taskbar/img WS_FTP.LOG
2017.03.15 14:01 B G:\CONTENEDOR\sitios\activos\AEROEXPRESS\inicio\taskbar\img\zoom.png --> hs20.ihosting.cl /public_html/desarrollo/tlc/inicio/taskbar/img zoom.png
2017.05.01 19:23 B G:\CONTENEDOR\sitios\activos\tlc\inicio\taskbar\img\WS_FTP.LOG --> hs33.ihosting.cl /public_html/inicio/taskbar/img WS_FTP.LOG
2017.05.01 19:23 B G:\CONTENEDOR\sitios\activos\tlc\inicio\taskbar\img\zoom.png --> hs33.ihosting.cl /public_html/inicio/taskbar/img zoom.png
2017.05.01 19:23 B G:\CONTENEDOR\sitios\activos\tlc\inicio\taskbar\img\wikio.gif --> hs33.ihosting.cl /public_html/inicio/taskbar/img wikio.gif
2017.05.01 19:23 B G:\CONTENEDOR\sitios\activos\tlc\inicio\taskbar\img\twitter.png --> hs33.ihosting.cl /public_html/inicio/taskbar/img twitter.png
2017.05.01 19:23 B G:\CONTENEDOR\sitios\activos\tlc\inicio\taskbar\img\twitter-28-webtoolkit.png --> hs33.ihosting.cl /public_html/inicio/taskbar/img twitter-28-webtoolkit.png
2017.05.01 19:23 B G:\CONTENEDOR\sitios\activos\tlc\inicio\taskbar\img\twitter logo.png --> hs33.ihosting.cl /public_html/inicio/taskbar/img twitter logo.png
2017.05.01 19:23 B G:\CONTENEDOR\sitios\activos\tlc\inicio\taskbar\img\Thumbs.db --> hs33.ihosting.cl /public_html/inicio/taskbar/img Thumbs.db
2017.05.01 19:23 B G:\CONTENEDOR\sitios\activos\tlc\inicio\taskbar\img\technorati.png --> hs33.ihosting.cl /public_html/inicio/taskbar/img technorati.png
2017.05.01 19:23 B G:\CONTENEDOR\sitios\activos\tlc\inicio\taskbar\img\starburst.gif --> hs33.ihosting.cl /public_html/inicio/taskbar/img starburst.gif
2017.05.01 19:23 B G:\CONTENEDOR\sitios\activos\tlc\inicio\taskbar\img\services-sprite.gif --> hs33.ihosting.cl /public_html/inicio/taskbar/img services-sprite.gif
2017.05.01 19:23 B G:\CONTENEDOR\sitios\activos\tlc\inicio\taskbar\img\scoopeo.png --> hs33.ihosting.cl /public_html/inicio/taskbar/img scoopeo.png
2017.05.01 19:23 B G:\CONTENEDOR\sitios\activos\tlc\inicio\taskbar\img\reddit.png --> hs33.ihosting.cl /public_html/inicio/taskbar/img reddit.png
2017.05.01 19:23 B G:\CONTENEDOR\sitios\activos\tlc\inicio\taskbar\img\live.png --> hs33.ihosting.cl /public_html/inicio/taskbar/img live.png
2017.05.01 19:23 B G:\CONTENEDOR\sitios\activos\tlc\inicio\taskbar\img\group.png --> hs33.ihosting.cl /public_html/inicio/taskbar/img group.png
2017.05.01 19:23 B G:\CONTENEDOR\sitios\activos\tlc\inicio\taskbar\img\googlebookmark.png --> hs33.ihosting.cl /public_html/inicio/taskbar/img googlebookmark.png
2017.05.01 19:23 B G:\CONTENEDOR\sitios\activos\tlc\inicio\taskbar\img\furl.png --> hs33.ihosting.cl /public_html/inicio/taskbar/img furl.png
2017.05.01 19:23 B G:\CONTENEDOR\sitios\activos\tlc\inicio\taskbar\img\feedback.jpg --> hs33.ihosting.cl /public_html/inicio/taskbar/img feedback.jpg
2017.05.01 19:23 B G:\CONTENEDOR\sitios\activos\tlc\inicio\taskbar\img\feedback.gif --> hs33.ihosting.cl /public_html/inicio/taskbar/img feedback.gif
2017.05.01 19:23 B G:\CONTENEDOR\sitios\activos\tlc\inicio\taskbar\img\facebook.png --> hs33.ihosting.cl /public_html/inicio/taskbar/img facebook.png
2017.05.01 19:23 B G:\CONTENEDOR\sitios\activos\tlc\inicio\taskbar\img\digg.png --> hs33.ihosting.cl /public_html/inicio/taskbar/img digg.png
2017.05.01 19:23 B G:\CONTENEDOR\sitios\activos\tlc\inicio\taskbar\img\delicious.png --> hs33.ihosting.cl /public_html/inicio/taskbar/img delicious.png
2017.05.01 19:23 B G:\CONTENEDOR\sitios\activos\tlc\inicio\taskbar\img\clock_red.png --> hs33.ihosting.cl /public_html/inicio/taskbar/img clock_red.png
2017.05.01 19:23 B G:\CONTENEDOR\sitios\activos\tlc\inicio\taskbar\img\camera_small.png --> hs33.ihosting.cl /public_html/inicio/taskbar/img camera_small.png
2017.05.01 19:23 B G:\CONTENEDOR\sitios\activos\tlc\inicio\taskbar\img\calculator.png --> hs33.ihosting.cl /public_html/inicio/taskbar/img calculator.png
2017.05.01 19:23 B G:\CONTENEDOR\sitios\activos\tlc\inicio\taskbar\img\bookmarksite_stumbleupon.gif --> hs33.ihosting.cl /public_html/inicio/taskbar/img bookmarksite_stumbleupon.gif
2017.05.01 19:23 B G:\CONTENEDOR\sitios\activos\tlc\inicio\taskbar\img\bookmarksite_digg.gif --> hs33.ihosting.cl /public_html/inicio/taskbar/img bookmarksite_digg.gif
2017.05.01 19:23 B G:\CONTENEDOR\sitios\activos\tlc\inicio\taskbar\img\book_addresses.png --> hs33.ihosting.cl /public_html/inicio/taskbar/img book_addresses.png
2017.05.01 19:23 B G:\CONTENEDOR\sitios\activos\tlc\inicio\taskbar\img\application.png --> hs33.ihosting.cl /public_html/inicio/taskbar/img application.png
2017.05.01 19:23 B G:\CONTENEDOR\sitios\activos\tlc\inicio\taskbar\img\admirador2.jpg --> hs33.ihosting.cl /public_html/inicio/taskbar/img admirador2.jpg
2017.05.01 19:23 B G:\CONTENEDOR\sitios\activos\tlc\inicio\taskbar\img\admirador.jpg --> hs33.ihosting.cl /public_html/inicio/taskbar/img admirador.jpg
2017.05.01 19:23 B G:\CONTENEDOR\sitios\activos\tlc\inicio\taskbar\img\_safari.png --> hs33.ihosting.cl /public_html/inicio/taskbar/img _safari.png
2017.05.01 19:23 B G:\CONTENEDOR\sitios\activos\tlc\inicio\taskbar\img\_opera.png --> hs33.ihosting.cl /public_html/inicio/taskbar/img _opera.png
2017.05.01 19:23 B G:\CONTENEDOR\sitios\activos\tlc\inicio\taskbar\img\_netscape.png --> hs33.ihosting.cl /public_html/inicio/taskbar/img _netscape.png
2017.05.01 19:23 B G:\CONTENEDOR\sitios\activos\tlc\inicio\taskbar\img\_firefox.png --> hs33.ihosting.cl /public_html/inicio/taskbar/img _firefox.png
2017.05.01 19:23 B G:\CONTENEDOR\sitios\activos\tlc\inicio\taskbar\img\_explorer.png --> hs33.ihosting.cl /public_html/inicio/taskbar/img _explorer.png
