2016.09.14 21:02 B G:\CONTENEDOR\sitios\activos\AEROEXPRESS\webpanel\assets\plugins\tablesorter\js\jquery.tablesorter.widgets.min.js <-- AEROEXPRESS /public_html/webpanel/assets/plugins/tablesorter/js jquery.tablesorter.widgets.min.js
2016.09.14 21:02 B G:\CONTENEDOR\sitios\activos\AEROEXPRESS\webpanel\assets\plugins\tablesorter\js\jquery.tablesorter.widgets.js <-- AEROEXPRESS /public_html/webpanel/assets/plugins/tablesorter/js jquery.tablesorter.widgets.js
2016.09.14 21:02 B G:\CONTENEDOR\sitios\activos\AEROEXPRESS\webpanel\assets\plugins\tablesorter\js\jquery.tablesorter.widgets-filter-formatter.min.js <-- AEROEXPRESS /public_html/webpanel/assets/plugins/tablesorter/js jquery.tablesorter.widgets-filter-formatter.min.js
2016.09.14 21:02 B G:\CONTENEDOR\sitios\activos\AEROEXPRESS\webpanel\assets\plugins\tablesorter\js\jquery.tablesorter.widgets-filter-formatter.js <-- AEROEXPRESS /public_html/webpanel/assets/plugins/tablesorter/js jquery.tablesorter.widgets-filter-formatter.js
2016.09.14 21:02 B G:\CONTENEDOR\sitios\activos\AEROEXPRESS\webpanel\assets\plugins\tablesorter\js\jquery.tablesorter.min.js <-- AEROEXPRESS /public_html/webpanel/assets/plugins/tablesorter/js jquery.tablesorter.min.js
2016.09.14 21:02 B G:\CONTENEDOR\sitios\activos\AEROEXPRESS\webpanel\assets\plugins\tablesorter\js\jquery.tablesorter.js <-- AEROEXPRESS /public_html/webpanel/assets/plugins/tablesorter/js jquery.tablesorter.js
2016.09.14 21:02 B G:\CONTENEDOR\sitios\activos\AEROEXPRESS\webpanel\assets\plugins\tablesorter\js\jquery.metadata.js <-- AEROEXPRESS /public_html/webpanel/assets/plugins/tablesorter/js jquery.metadata.js
2017.03.15 14:12 B G:\CONTENEDOR\sitios\activos\AEROEXPRESS\webpanel\assets\plugins\tablesorter\js\jquery.metadata.js --> hs20.ihosting.cl /public_html/desarrollo/tlc/webpanel/assets/plugins/tablesorter/js jquery.metadata.js
2017.03.15 14:12 B G:\CONTENEDOR\sitios\activos\AEROEXPRESS\webpanel\assets\plugins\tablesorter\js\jquery.tablesorter.js --> hs20.ihosting.cl /public_html/desarrollo/tlc/webpanel/assets/plugins/tablesorter/js jquery.tablesorter.js
2017.03.15 14:12 B G:\CONTENEDOR\sitios\activos\AEROEXPRESS\webpanel\assets\plugins\tablesorter\js\jquery.tablesorter.min.js --> hs20.ihosting.cl /public_html/desarrollo/tlc/webpanel/assets/plugins/tablesorter/js jquery.tablesorter.min.js
2017.03.15 14:12 B G:\CONTENEDOR\sitios\activos\AEROEXPRESS\webpanel\assets\plugins\tablesorter\js\jquery.tablesorter.widgets-filter-formatter.js --> hs20.ihosting.cl /public_html/desarrollo/tlc/webpanel/assets/plugins/tablesorter/js jquery.tablesorter.widgets-filter-formatter.js
2017.03.15 14:12 B G:\CONTENEDOR\sitios\activos\AEROEXPRESS\webpanel\assets\plugins\tablesorter\js\jquery.tablesorter.widgets-filter-formatter.min.js --> hs20.ihosting.cl /public_html/desarrollo/tlc/webpanel/assets/plugins/tablesorter/js jquery.tablesorter.widgets-filter-formatter.min.js
2017.03.15 14:12 B G:\CONTENEDOR\sitios\activos\AEROEXPRESS\webpanel\assets\plugins\tablesorter\js\jquery.tablesorter.widgets.js --> hs20.ihosting.cl /public_html/desarrollo/tlc/webpanel/assets/plugins/tablesorter/js jquery.tablesorter.widgets.js
2017.03.15 14:12 B G:\CONTENEDOR\sitios\activos\AEROEXPRESS\webpanel\assets\plugins\tablesorter\js\jquery.tablesorter.widgets.min.js --> hs20.ihosting.cl /public_html/desarrollo/tlc/webpanel/assets/plugins/tablesorter/js jquery.tablesorter.widgets.min.js
2017.03.15 14:12 B G:\CONTENEDOR\sitios\activos\AEROEXPRESS\webpanel\assets\plugins\tablesorter\js\WS_FTP.LOG --> hs20.ihosting.cl /public_html/desarrollo/tlc/webpanel/assets/plugins/tablesorter/js WS_FTP.LOG
2017.05.01 19:33 B G:\CONTENEDOR\sitios\activos\tlc\webpanel\assets\plugins\tablesorter\js\WS_FTP.LOG --> hs33.ihosting.cl /public_html/webpanel/assets/plugins/tablesorter/js WS_FTP.LOG
2017.05.01 19:33 B G:\CONTENEDOR\sitios\activos\tlc\webpanel\assets\plugins\tablesorter\js\jquery.tablesorter.widgets.min.js --> hs33.ihosting.cl /public_html/webpanel/assets/plugins/tablesorter/js jquery.tablesorter.widgets.min.js
2017.05.01 19:33 B G:\CONTENEDOR\sitios\activos\tlc\webpanel\assets\plugins\tablesorter\js\jquery.tablesorter.widgets.js --> hs33.ihosting.cl /public_html/webpanel/assets/plugins/tablesorter/js jquery.tablesorter.widgets.js
2017.05.01 19:33 B G:\CONTENEDOR\sitios\activos\tlc\webpanel\assets\plugins\tablesorter\js\jquery.tablesorter.widgets-filter-formatter.min.js --> hs33.ihosting.cl /public_html/webpanel/assets/plugins/tablesorter/js jquery.tablesorter.widgets-filter-formatter.min.js
2017.05.01 19:33 B G:\CONTENEDOR\sitios\activos\tlc\webpanel\assets\plugins\tablesorter\js\jquery.tablesorter.widgets-filter-formatter.js --> hs33.ihosting.cl /public_html/webpanel/assets/plugins/tablesorter/js jquery.tablesorter.widgets-filter-formatter.js
2017.05.01 19:33 B G:\CONTENEDOR\sitios\activos\tlc\webpanel\assets\plugins\tablesorter\js\jquery.tablesorter.min.js --> hs33.ihosting.cl /public_html/webpanel/assets/plugins/tablesorter/js jquery.tablesorter.min.js
2017.05.01 19:33 B G:\CONTENEDOR\sitios\activos\tlc\webpanel\assets\plugins\tablesorter\js\jquery.tablesorter.js --> hs33.ihosting.cl /public_html/webpanel/assets/plugins/tablesorter/js jquery.tablesorter.js
2017.05.01 19:33 B G:\CONTENEDOR\sitios\activos\tlc\webpanel\assets\plugins\tablesorter\js\jquery.metadata.js --> hs33.ihosting.cl /public_html/webpanel/assets/plugins/tablesorter/js jquery.metadata.js
