2016.09.14 21:01 B G:\CONTENEDOR\sitios\activos\AEROEXPRESS\webpanel\assets\plugins\uniform\themes\jeans\images\sprite-retina-jeans.png <-- AEROEXPRESS /public_html/webpanel/assets/plugins/uniform/themes/jeans/images sprite-retina-jeans.png
2016.09.14 21:01 B G:\CONTENEDOR\sitios\activos\AEROEXPRESS\webpanel\assets\plugins\uniform\themes\jeans\images\sprite-jeans.png <-- AEROEXPRESS /public_html/webpanel/assets/plugins/uniform/themes/jeans/images sprite-jeans.png
2016.09.14 21:01 B G:\CONTENEDOR\sitios\activos\AEROEXPRESS\webpanel\assets\plugins\uniform\themes\jeans\images\bg-input-retina-jeans.png <-- AEROEXPRESS /public_html/webpanel/assets/plugins/uniform/themes/jeans/images bg-input-retina-jeans.png
2016.09.14 21:01 B G:\CONTENEDOR\sitios\activos\AEROEXPRESS\webpanel\assets\plugins\uniform\themes\jeans\images\bg-input-jeans.png <-- AEROEXPRESS /public_html/webpanel/assets/plugins/uniform/themes/jeans/images bg-input-jeans.png
2016.09.14 21:01 B G:\CONTENEDOR\sitios\activos\AEROEXPRESS\webpanel\assets\plugins\uniform\themes\jeans\images\bg-input-focus-retina-jeans.png <-- AEROEXPRESS /public_html/webpanel/assets/plugins/uniform/themes/jeans/images bg-input-focus-retina-jeans.png
2016.09.14 21:01 B G:\CONTENEDOR\sitios\activos\AEROEXPRESS\webpanel\assets\plugins\uniform\themes\jeans\images\bg-input-focus-jeans.png <-- AEROEXPRESS /public_html/webpanel/assets/plugins/uniform/themes/jeans/images bg-input-focus-jeans.png
2017.03.15 14:14 B G:\CONTENEDOR\sitios\activos\AEROEXPRESS\webpanel\assets\plugins\uniform\themes\jeans\images\bg-input-focus-jeans.png --> hs20.ihosting.cl /public_html/desarrollo/tlc/webpanel/assets/plugins/uniform/themes/jeans/images bg-input-focus-jeans.png
2017.03.15 14:14 B G:\CONTENEDOR\sitios\activos\AEROEXPRESS\webpanel\assets\plugins\uniform\themes\jeans\images\bg-input-focus-retina-jeans.png --> hs20.ihosting.cl /public_html/desarrollo/tlc/webpanel/assets/plugins/uniform/themes/jeans/images bg-input-focus-retina-jeans.png
2017.03.15 14:14 B G:\CONTENEDOR\sitios\activos\AEROEXPRESS\webpanel\assets\plugins\uniform\themes\jeans\images\bg-input-jeans.png --> hs20.ihosting.cl /public_html/desarrollo/tlc/webpanel/assets/plugins/uniform/themes/jeans/images bg-input-jeans.png
2017.03.15 14:14 B G:\CONTENEDOR\sitios\activos\AEROEXPRESS\webpanel\assets\plugins\uniform\themes\jeans\images\bg-input-retina-jeans.png --> hs20.ihosting.cl /public_html/desarrollo/tlc/webpanel/assets/plugins/uniform/themes/jeans/images bg-input-retina-jeans.png
2017.03.15 14:14 B G:\CONTENEDOR\sitios\activos\AEROEXPRESS\webpanel\assets\plugins\uniform\themes\jeans\images\sprite-jeans.png --> hs20.ihosting.cl /public_html/desarrollo/tlc/webpanel/assets/plugins/uniform/themes/jeans/images sprite-jeans.png
2017.03.15 14:14 B G:\CONTENEDOR\sitios\activos\AEROEXPRESS\webpanel\assets\plugins\uniform\themes\jeans\images\sprite-retina-jeans.png --> hs20.ihosting.cl /public_html/desarrollo/tlc/webpanel/assets/plugins/uniform/themes/jeans/images sprite-retina-jeans.png
2017.03.15 14:14 B G:\CONTENEDOR\sitios\activos\AEROEXPRESS\webpanel\assets\plugins\uniform\themes\jeans\images\WS_FTP.LOG --> hs20.ihosting.cl /public_html/desarrollo/tlc/webpanel/assets/plugins/uniform/themes/jeans/images WS_FTP.LOG
2017.05.01 19:28 B G:\CONTENEDOR\sitios\activos\tlc\webpanel\assets\plugins\uniform\themes\jeans\images\WS_FTP.LOG --> hs33.ihosting.cl /public_html/webpanel/assets/plugins/uniform/themes/jeans/images WS_FTP.LOG
2017.05.01 19:28 B G:\CONTENEDOR\sitios\activos\tlc\webpanel\assets\plugins\uniform\themes\jeans\images\sprite-retina-jeans.png --> hs33.ihosting.cl /public_html/webpanel/assets/plugins/uniform/themes/jeans/images sprite-retina-jeans.png
2017.05.01 19:28 B G:\CONTENEDOR\sitios\activos\tlc\webpanel\assets\plugins\uniform\themes\jeans\images\sprite-jeans.png --> hs33.ihosting.cl /public_html/webpanel/assets/plugins/uniform/themes/jeans/images sprite-jeans.png
2017.05.01 19:28 B G:\CONTENEDOR\sitios\activos\tlc\webpanel\assets\plugins\uniform\themes\jeans\images\bg-input-retina-jeans.png --> hs33.ihosting.cl /public_html/webpanel/assets/plugins/uniform/themes/jeans/images bg-input-retina-jeans.png
2017.05.01 19:28 B G:\CONTENEDOR\sitios\activos\tlc\webpanel\assets\plugins\uniform\themes\jeans\images\bg-input-jeans.png --> hs33.ihosting.cl /public_html/webpanel/assets/plugins/uniform/themes/jeans/images bg-input-jeans.png
2017.05.01 19:28 B G:\CONTENEDOR\sitios\activos\tlc\webpanel\assets\plugins\uniform\themes\jeans\images\bg-input-focus-retina-jeans.png --> hs33.ihosting.cl /public_html/webpanel/assets/plugins/uniform/themes/jeans/images bg-input-focus-retina-jeans.png
2017.05.01 19:28 B G:\CONTENEDOR\sitios\activos\tlc\webpanel\assets\plugins\uniform\themes\jeans\images\bg-input-focus-jeans.png --> hs33.ihosting.cl /public_html/webpanel/assets/plugins/uniform/themes/jeans/images bg-input-focus-jeans.png
