2016.09.14 21:06 B G:\CONTENEDOR\sitios\activos\AEROEXPRESS\webpanel\assets\plugins\Font-Awesome\src\_includes\examples\stacked.html <-- AEROEXPRESS /public_html/webpanel/assets/plugins/Font-Awesome/src/_includes/examples stacked.html
2016.09.14 21:06 B G:\CONTENEDOR\sitios\activos\AEROEXPRESS\webpanel\assets\plugins\Font-Awesome\src\_includes\examples\rotated-flipped.html <-- AEROEXPRESS /public_html/webpanel/assets/plugins/Font-Awesome/src/_includes/examples rotated-flipped.html
2016.09.14 21:06 B G:\CONTENEDOR\sitios\activos\AEROEXPRESS\webpanel\assets\plugins\Font-Awesome\src\_includes\examples\new.html <-- AEROEXPRESS /public_html/webpanel/assets/plugins/Font-Awesome/src/_includes/examples new.html
2016.09.14 21:06 B G:\CONTENEDOR\sitios\activos\AEROEXPRESS\webpanel\assets\plugins\Font-Awesome\src\_includes\examples\navigation.html <-- AEROEXPRESS /public_html/webpanel/assets/plugins/Font-Awesome/src/_includes/examples navigation.html
2016.09.14 21:06 B G:\CONTENEDOR\sitios\activos\AEROEXPRESS\webpanel\assets\plugins\Font-Awesome\src\_includes\examples\larger-icons.html <-- AEROEXPRESS /public_html/webpanel/assets/plugins/Font-Awesome/src/_includes/examples larger-icons.html
2016.09.14 21:06 B G:\CONTENEDOR\sitios\activos\AEROEXPRESS\webpanel\assets\plugins\Font-Awesome\src\_includes\examples\inline-icons.html <-- AEROEXPRESS /public_html/webpanel/assets/plugins/Font-Awesome/src/_includes/examples inline-icons.html
2016.09.14 21:06 B G:\CONTENEDOR\sitios\activos\AEROEXPRESS\webpanel\assets\plugins\Font-Awesome\src\_includes\examples\form-inputs.html <-- AEROEXPRESS /public_html/webpanel/assets/plugins/Font-Awesome/src/_includes/examples form-inputs.html
2016.09.14 21:06 B G:\CONTENEDOR\sitios\activos\AEROEXPRESS\webpanel\assets\plugins\Font-Awesome\src\_includes\examples\custom.html <-- AEROEXPRESS /public_html/webpanel/assets/plugins/Font-Awesome/src/_includes/examples custom.html
2016.09.14 21:06 B G:\CONTENEDOR\sitios\activos\AEROEXPRESS\webpanel\assets\plugins\Font-Awesome\src\_includes\examples\buttons.html <-- AEROEXPRESS /public_html/webpanel/assets/plugins/Font-Awesome/src/_includes/examples buttons.html
2016.09.14 21:06 B G:\CONTENEDOR\sitios\activos\AEROEXPRESS\webpanel\assets\plugins\Font-Awesome\src\_includes\examples\button-groups.html <-- AEROEXPRESS /public_html/webpanel/assets/plugins/Font-Awesome/src/_includes/examples button-groups.html
2016.09.14 21:06 B G:\CONTENEDOR\sitios\activos\AEROEXPRESS\webpanel\assets\plugins\Font-Awesome\src\_includes\examples\button-dropdowns.html <-- AEROEXPRESS /public_html/webpanel/assets/plugins/Font-Awesome/src/_includes/examples button-dropdowns.html
2016.09.14 21:06 B G:\CONTENEDOR\sitios\activos\AEROEXPRESS\webpanel\assets\plugins\Font-Awesome\src\_includes\examples\bulleted-lists.html <-- AEROEXPRESS /public_html/webpanel/assets/plugins/Font-Awesome/src/_includes/examples bulleted-lists.html
2016.09.14 21:06 B G:\CONTENEDOR\sitios\activos\AEROEXPRESS\webpanel\assets\plugins\Font-Awesome\src\_includes\examples\bordered-pulled.html <-- AEROEXPRESS /public_html/webpanel/assets/plugins/Font-Awesome/src/_includes/examples bordered-pulled.html
2016.09.14 21:06 B G:\CONTENEDOR\sitios\activos\AEROEXPRESS\webpanel\assets\plugins\Font-Awesome\src\_includes\examples\animated-spinner.html <-- AEROEXPRESS /public_html/webpanel/assets/plugins/Font-Awesome/src/_includes/examples animated-spinner.html
2017.03.15 14:05 B G:\CONTENEDOR\sitios\activos\AEROEXPRESS\webpanel\assets\plugins\Font-Awesome\src\_includes\examples\animated-spinner.html --> hs20.ihosting.cl /public_html/desarrollo/tlc/webpanel/assets/plugins/Font-Awesome/src/_includes/examples animated-spinner.html
2017.03.15 14:05 B G:\CONTENEDOR\sitios\activos\AEROEXPRESS\webpanel\assets\plugins\Font-Awesome\src\_includes\examples\bordered-pulled.html --> hs20.ihosting.cl /public_html/desarrollo/tlc/webpanel/assets/plugins/Font-Awesome/src/_includes/examples bordered-pulled.html
2017.03.15 14:05 B G:\CONTENEDOR\sitios\activos\AEROEXPRESS\webpanel\assets\plugins\Font-Awesome\src\_includes\examples\bulleted-lists.html --> hs20.ihosting.cl /public_html/desarrollo/tlc/webpanel/assets/plugins/Font-Awesome/src/_includes/examples bulleted-lists.html
2017.03.15 14:05 B G:\CONTENEDOR\sitios\activos\AEROEXPRESS\webpanel\assets\plugins\Font-Awesome\src\_includes\examples\button-dropdowns.html --> hs20.ihosting.cl /public_html/desarrollo/tlc/webpanel/assets/plugins/Font-Awesome/src/_includes/examples button-dropdowns.html
2017.03.15 14:05 B G:\CONTENEDOR\sitios\activos\AEROEXPRESS\webpanel\assets\plugins\Font-Awesome\src\_includes\examples\button-groups.html --> hs20.ihosting.cl /public_html/desarrollo/tlc/webpanel/assets/plugins/Font-Awesome/src/_includes/examples button-groups.html
2017.03.15 14:05 B G:\CONTENEDOR\sitios\activos\AEROEXPRESS\webpanel\assets\plugins\Font-Awesome\src\_includes\examples\buttons.html --> hs20.ihosting.cl /public_html/desarrollo/tlc/webpanel/assets/plugins/Font-Awesome/src/_includes/examples buttons.html
2017.03.15 14:05 B G:\CONTENEDOR\sitios\activos\AEROEXPRESS\webpanel\assets\plugins\Font-Awesome\src\_includes\examples\custom.html --> hs20.ihosting.cl /public_html/desarrollo/tlc/webpanel/assets/plugins/Font-Awesome/src/_includes/examples custom.html
2017.03.15 14:05 B G:\CONTENEDOR\sitios\activos\AEROEXPRESS\webpanel\assets\plugins\Font-Awesome\src\_includes\examples\form-inputs.html --> hs20.ihosting.cl /public_html/desarrollo/tlc/webpanel/assets/plugins/Font-Awesome/src/_includes/examples form-inputs.html
2017.03.15 14:05 B G:\CONTENEDOR\sitios\activos\AEROEXPRESS\webpanel\assets\plugins\Font-Awesome\src\_includes\examples\inline-icons.html --> hs20.ihosting.cl /public_html/desarrollo/tlc/webpanel/assets/plugins/Font-Awesome/src/_includes/examples inline-icons.html
2017.03.15 14:05 B G:\CONTENEDOR\sitios\activos\AEROEXPRESS\webpanel\assets\plugins\Font-Awesome\src\_includes\examples\larger-icons.html --> hs20.ihosting.cl /public_html/desarrollo/tlc/webpanel/assets/plugins/Font-Awesome/src/_includes/examples larger-icons.html
2017.03.15 14:05 B G:\CONTENEDOR\sitios\activos\AEROEXPRESS\webpanel\assets\plugins\Font-Awesome\src\_includes\examples\navigation.html --> hs20.ihosting.cl /public_html/desarrollo/tlc/webpanel/assets/plugins/Font-Awesome/src/_includes/examples navigation.html
2017.03.15 14:05 B G:\CONTENEDOR\sitios\activos\AEROEXPRESS\webpanel\assets\plugins\Font-Awesome\src\_includes\examples\new.html --> hs20.ihosting.cl /public_html/desarrollo/tlc/webpanel/assets/plugins/Font-Awesome/src/_includes/examples new.html
2017.03.15 14:05 B G:\CONTENEDOR\sitios\activos\AEROEXPRESS\webpanel\assets\plugins\Font-Awesome\src\_includes\examples\rotated-flipped.html --> hs20.ihosting.cl /public_html/desarrollo/tlc/webpanel/assets/plugins/Font-Awesome/src/_includes/examples rotated-flipped.html
2017.03.15 14:05 B G:\CONTENEDOR\sitios\activos\AEROEXPRESS\webpanel\assets\plugins\Font-Awesome\src\_includes\examples\stacked.html --> hs20.ihosting.cl /public_html/desarrollo/tlc/webpanel/assets/plugins/Font-Awesome/src/_includes/examples stacked.html
2017.03.15 14:05 B G:\CONTENEDOR\sitios\activos\AEROEXPRESS\webpanel\assets\plugins\Font-Awesome\src\_includes\examples\WS_FTP.LOG --> hs20.ihosting.cl /public_html/desarrollo/tlc/webpanel/assets/plugins/Font-Awesome/src/_includes/examples WS_FTP.LOG
