2016.09.14 21:04 B G:\CONTENEDOR\sitios\activos\AEROEXPRESS\webpanel\assets\plugins\jasny\font\iconic_stroke.woff <-- AEROEXPRESS /public_html/webpanel/assets/plugins/jasny/font iconic_stroke.woff
2016.09.14 21:04 B G:\CONTENEDOR\sitios\activos\AEROEXPRESS\webpanel\assets\plugins\jasny\font\iconic_stroke.ttf <-- AEROEXPRESS /public_html/webpanel/assets/plugins/jasny/font iconic_stroke.ttf
2016.09.14 21:04 B G:\CONTENEDOR\sitios\activos\AEROEXPRESS\webpanel\assets\plugins\jasny\font\iconic_stroke.svg <-- AEROEXPRESS /public_html/webpanel/assets/plugins/jasny/font iconic_stroke.svg
2016.09.14 21:04 B G:\CONTENEDOR\sitios\activos\AEROEXPRESS\webpanel\assets\plugins\jasny\font\iconic_stroke.otf <-- AEROEXPRESS /public_html/webpanel/assets/plugins/jasny/font iconic_stroke.otf
2016.09.14 21:04 B G:\CONTENEDOR\sitios\activos\AEROEXPRESS\webpanel\assets\plugins\jasny\font\iconic_stroke.eot <-- AEROEXPRESS /public_html/webpanel/assets/plugins/jasny/font iconic_stroke.eot
2016.09.14 21:04 B G:\CONTENEDOR\sitios\activos\AEROEXPRESS\webpanel\assets\plugins\jasny\font\iconic_fill.woff <-- AEROEXPRESS /public_html/webpanel/assets/plugins/jasny/font iconic_fill.woff
2016.09.14 21:04 B G:\CONTENEDOR\sitios\activos\AEROEXPRESS\webpanel\assets\plugins\jasny\font\iconic_fill.ttf <-- AEROEXPRESS /public_html/webpanel/assets/plugins/jasny/font iconic_fill.ttf
2016.09.14 21:04 B G:\CONTENEDOR\sitios\activos\AEROEXPRESS\webpanel\assets\plugins\jasny\font\iconic_fill.svg <-- AEROEXPRESS /public_html/webpanel/assets/plugins/jasny/font iconic_fill.svg
2016.09.14 21:04 B G:\CONTENEDOR\sitios\activos\AEROEXPRESS\webpanel\assets\plugins\jasny\font\iconic_fill.otf <-- AEROEXPRESS /public_html/webpanel/assets/plugins/jasny/font iconic_fill.otf
2016.09.14 21:04 B G:\CONTENEDOR\sitios\activos\AEROEXPRESS\webpanel\assets\plugins\jasny\font\iconic_fill.eot <-- AEROEXPRESS /public_html/webpanel/assets/plugins/jasny/font iconic_fill.eot
2017.03.15 14:08 B G:\CONTENEDOR\sitios\activos\AEROEXPRESS\webpanel\assets\plugins\jasny\font\iconic_fill.eot --> hs20.ihosting.cl /public_html/desarrollo/tlc/webpanel/assets/plugins/jasny/font iconic_fill.eot
2017.03.15 14:08 B G:\CONTENEDOR\sitios\activos\AEROEXPRESS\webpanel\assets\plugins\jasny\font\iconic_fill.otf --> hs20.ihosting.cl /public_html/desarrollo/tlc/webpanel/assets/plugins/jasny/font iconic_fill.otf
2017.03.15 14:08 B G:\CONTENEDOR\sitios\activos\AEROEXPRESS\webpanel\assets\plugins\jasny\font\iconic_fill.svg --> hs20.ihosting.cl /public_html/desarrollo/tlc/webpanel/assets/plugins/jasny/font iconic_fill.svg
2017.03.15 14:08 B G:\CONTENEDOR\sitios\activos\AEROEXPRESS\webpanel\assets\plugins\jasny\font\iconic_fill.ttf --> hs20.ihosting.cl /public_html/desarrollo/tlc/webpanel/assets/plugins/jasny/font iconic_fill.ttf
2017.03.15 14:08 B G:\CONTENEDOR\sitios\activos\AEROEXPRESS\webpanel\assets\plugins\jasny\font\iconic_fill.woff --> hs20.ihosting.cl /public_html/desarrollo/tlc/webpanel/assets/plugins/jasny/font iconic_fill.woff
2017.03.15 14:08 B G:\CONTENEDOR\sitios\activos\AEROEXPRESS\webpanel\assets\plugins\jasny\font\iconic_stroke.eot --> hs20.ihosting.cl /public_html/desarrollo/tlc/webpanel/assets/plugins/jasny/font iconic_stroke.eot
2017.03.15 14:08 B G:\CONTENEDOR\sitios\activos\AEROEXPRESS\webpanel\assets\plugins\jasny\font\iconic_stroke.otf --> hs20.ihosting.cl /public_html/desarrollo/tlc/webpanel/assets/plugins/jasny/font iconic_stroke.otf
2017.03.15 14:08 B G:\CONTENEDOR\sitios\activos\AEROEXPRESS\webpanel\assets\plugins\jasny\font\iconic_stroke.svg --> hs20.ihosting.cl /public_html/desarrollo/tlc/webpanel/assets/plugins/jasny/font iconic_stroke.svg
2017.03.15 14:08 B G:\CONTENEDOR\sitios\activos\AEROEXPRESS\webpanel\assets\plugins\jasny\font\iconic_stroke.ttf --> hs20.ihosting.cl /public_html/desarrollo/tlc/webpanel/assets/plugins/jasny/font iconic_stroke.ttf
2017.03.15 14:08 B G:\CONTENEDOR\sitios\activos\AEROEXPRESS\webpanel\assets\plugins\jasny\font\iconic_stroke.woff --> hs20.ihosting.cl /public_html/desarrollo/tlc/webpanel/assets/plugins/jasny/font iconic_stroke.woff
2017.03.15 14:08 B G:\CONTENEDOR\sitios\activos\AEROEXPRESS\webpanel\assets\plugins\jasny\font\WS_FTP.LOG --> hs20.ihosting.cl /public_html/desarrollo/tlc/webpanel/assets/plugins/jasny/font WS_FTP.LOG
2017.05.01 19:41 B G:\CONTENEDOR\sitios\activos\tlc\webpanel\assets\plugins\jasny\font\WS_FTP.LOG --> hs33.ihosting.cl /public_html/webpanel/assets/plugins/jasny/font WS_FTP.LOG
2017.05.01 19:41 B G:\CONTENEDOR\sitios\activos\tlc\webpanel\assets\plugins\jasny\font\iconic_stroke.woff --> hs33.ihosting.cl /public_html/webpanel/assets/plugins/jasny/font iconic_stroke.woff
2017.05.01 19:41 B G:\CONTENEDOR\sitios\activos\tlc\webpanel\assets\plugins\jasny\font\iconic_stroke.ttf --> hs33.ihosting.cl /public_html/webpanel/assets/plugins/jasny/font iconic_stroke.ttf
2017.05.01 19:41 B G:\CONTENEDOR\sitios\activos\tlc\webpanel\assets\plugins\jasny\font\iconic_stroke.svg --> hs33.ihosting.cl /public_html/webpanel/assets/plugins/jasny/font iconic_stroke.svg
2017.05.01 19:41 B G:\CONTENEDOR\sitios\activos\tlc\webpanel\assets\plugins\jasny\font\iconic_stroke.otf --> hs33.ihosting.cl /public_html/webpanel/assets/plugins/jasny/font iconic_stroke.otf
2017.05.01 19:41 B G:\CONTENEDOR\sitios\activos\tlc\webpanel\assets\plugins\jasny\font\iconic_stroke.eot --> hs33.ihosting.cl /public_html/webpanel/assets/plugins/jasny/font iconic_stroke.eot
2017.05.01 19:41 B G:\CONTENEDOR\sitios\activos\tlc\webpanel\assets\plugins\jasny\font\iconic_fill.woff --> hs33.ihosting.cl /public_html/webpanel/assets/plugins/jasny/font iconic_fill.woff
2017.05.01 19:41 B G:\CONTENEDOR\sitios\activos\tlc\webpanel\assets\plugins\jasny\font\iconic_fill.ttf --> hs33.ihosting.cl /public_html/webpanel/assets/plugins/jasny/font iconic_fill.ttf
2017.05.01 19:41 B G:\CONTENEDOR\sitios\activos\tlc\webpanel\assets\plugins\jasny\font\iconic_fill.svg --> hs33.ihosting.cl /public_html/webpanel/assets/plugins/jasny/font iconic_fill.svg
2017.05.01 19:41 B G:\CONTENEDOR\sitios\activos\tlc\webpanel\assets\plugins\jasny\font\iconic_fill.otf --> hs33.ihosting.cl /public_html/webpanel/assets/plugins/jasny/font iconic_fill.otf
2017.05.01 19:41 B G:\CONTENEDOR\sitios\activos\tlc\webpanel\assets\plugins\jasny\font\iconic_fill.eot --> hs33.ihosting.cl /public_html/webpanel/assets/plugins/jasny/font iconic_fill.eot
