2016.09.14 21:01 B G:\CONTENEDOR\sitios\activos\AEROEXPRESS\webpanel\assets\plugins\timepicker\spec\js\libs\jquery\README.md <-- AEROEXPRESS /public_html/webpanel/assets/plugins/timepicker/spec/js/libs/jquery README.md
2016.09.14 21:01 B G:\CONTENEDOR\sitios\activos\AEROEXPRESS\webpanel\assets\plugins\timepicker\spec\js\libs\jquery\package.json <-- AEROEXPRESS /public_html/webpanel/assets/plugins/timepicker/spec/js/libs/jquery package.json
2016.09.14 21:01 B G:\CONTENEDOR\sitios\activos\AEROEXPRESS\webpanel\assets\plugins\timepicker\spec\js\libs\jquery\jquery.min.map <-- AEROEXPRESS /public_html/webpanel/assets/plugins/timepicker/spec/js/libs/jquery jquery.min.map
2016.09.14 21:01 B G:\CONTENEDOR\sitios\activos\AEROEXPRESS\webpanel\assets\plugins\timepicker\spec\js\libs\jquery\jquery.min.js <-- AEROEXPRESS /public_html/webpanel/assets/plugins/timepicker/spec/js/libs/jquery jquery.min.js
2016.09.14 21:01 B G:\CONTENEDOR\sitios\activos\AEROEXPRESS\webpanel\assets\plugins\timepicker\spec\js\libs\jquery\jquery.js <-- AEROEXPRESS /public_html/webpanel/assets/plugins/timepicker/spec/js/libs/jquery jquery.js
2016.09.14 21:01 B G:\CONTENEDOR\sitios\activos\AEROEXPRESS\webpanel\assets\plugins\timepicker\spec\js\libs\jquery\jquery-migrate.min.js <-- AEROEXPRESS /public_html/webpanel/assets/plugins/timepicker/spec/js/libs/jquery jquery-migrate.min.js
2016.09.14 21:01 B G:\CONTENEDOR\sitios\activos\AEROEXPRESS\webpanel\assets\plugins\timepicker\spec\js\libs\jquery\jquery-migrate.js <-- AEROEXPRESS /public_html/webpanel/assets/plugins/timepicker/spec/js/libs/jquery jquery-migrate.js
2016.09.14 21:01 B G:\CONTENEDOR\sitios\activos\AEROEXPRESS\webpanel\assets\plugins\timepicker\spec\js\libs\jquery\composer.json <-- AEROEXPRESS /public_html/webpanel/assets/plugins/timepicker/spec/js/libs/jquery composer.json
2016.09.14 21:01 B G:\CONTENEDOR\sitios\activos\AEROEXPRESS\webpanel\assets\plugins\timepicker\spec\js\libs\jquery\component.json <-- AEROEXPRESS /public_html/webpanel/assets/plugins/timepicker/spec/js/libs/jquery component.json
2016.09.14 21:01 B G:\CONTENEDOR\sitios\activos\AEROEXPRESS\webpanel\assets\plugins\timepicker\spec\js\libs\jquery\bower.json <-- AEROEXPRESS /public_html/webpanel/assets/plugins/timepicker/spec/js/libs/jquery bower.json
2017.03.15 14:13 B G:\CONTENEDOR\sitios\activos\AEROEXPRESS\webpanel\assets\plugins\timepicker\spec\js\libs\jquery\bower.json --> hs20.ihosting.cl /public_html/desarrollo/tlc/webpanel/assets/plugins/timepicker/spec/js/libs/jquery bower.json
2017.03.15 14:13 B G:\CONTENEDOR\sitios\activos\AEROEXPRESS\webpanel\assets\plugins\timepicker\spec\js\libs\jquery\component.json --> hs20.ihosting.cl /public_html/desarrollo/tlc/webpanel/assets/plugins/timepicker/spec/js/libs/jquery component.json
2017.03.15 14:13 B G:\CONTENEDOR\sitios\activos\AEROEXPRESS\webpanel\assets\plugins\timepicker\spec\js\libs\jquery\composer.json --> hs20.ihosting.cl /public_html/desarrollo/tlc/webpanel/assets/plugins/timepicker/spec/js/libs/jquery composer.json
2017.03.15 14:13 B G:\CONTENEDOR\sitios\activos\AEROEXPRESS\webpanel\assets\plugins\timepicker\spec\js\libs\jquery\jquery-migrate.js --> hs20.ihosting.cl /public_html/desarrollo/tlc/webpanel/assets/plugins/timepicker/spec/js/libs/jquery jquery-migrate.js
2017.03.15 14:13 B G:\CONTENEDOR\sitios\activos\AEROEXPRESS\webpanel\assets\plugins\timepicker\spec\js\libs\jquery\jquery-migrate.min.js --> hs20.ihosting.cl /public_html/desarrollo/tlc/webpanel/assets/plugins/timepicker/spec/js/libs/jquery jquery-migrate.min.js
2017.03.15 14:13 B G:\CONTENEDOR\sitios\activos\AEROEXPRESS\webpanel\assets\plugins\timepicker\spec\js\libs\jquery\jquery.js --> hs20.ihosting.cl /public_html/desarrollo/tlc/webpanel/assets/plugins/timepicker/spec/js/libs/jquery jquery.js
2017.03.15 14:13 B G:\CONTENEDOR\sitios\activos\AEROEXPRESS\webpanel\assets\plugins\timepicker\spec\js\libs\jquery\jquery.min.js --> hs20.ihosting.cl /public_html/desarrollo/tlc/webpanel/assets/plugins/timepicker/spec/js/libs/jquery jquery.min.js
2017.03.15 14:13 B G:\CONTENEDOR\sitios\activos\AEROEXPRESS\webpanel\assets\plugins\timepicker\spec\js\libs\jquery\jquery.min.map --> hs20.ihosting.cl /public_html/desarrollo/tlc/webpanel/assets/plugins/timepicker/spec/js/libs/jquery jquery.min.map
2017.03.15 14:13 B G:\CONTENEDOR\sitios\activos\AEROEXPRESS\webpanel\assets\plugins\timepicker\spec\js\libs\jquery\package.json --> hs20.ihosting.cl /public_html/desarrollo/tlc/webpanel/assets/plugins/timepicker/spec/js/libs/jquery package.json
2017.03.15 14:13 B G:\CONTENEDOR\sitios\activos\AEROEXPRESS\webpanel\assets\plugins\timepicker\spec\js\libs\jquery\README.md --> hs20.ihosting.cl /public_html/desarrollo/tlc/webpanel/assets/plugins/timepicker/spec/js/libs/jquery README.md
2017.03.15 14:13 B G:\CONTENEDOR\sitios\activos\AEROEXPRESS\webpanel\assets\plugins\timepicker\spec\js\libs\jquery\WS_FTP.LOG --> hs20.ihosting.cl /public_html/desarrollo/tlc/webpanel/assets/plugins/timepicker/spec/js/libs/jquery WS_FTP.LOG
2017.05.01 19:30 B G:\CONTENEDOR\sitios\activos\tlc\webpanel\assets\plugins\timepicker\spec\js\libs\jquery\WS_FTP.LOG --> hs33.ihosting.cl /public_html/webpanel/assets/plugins/timepicker/spec/js/libs/jquery WS_FTP.LOG
2017.05.01 19:30 B G:\CONTENEDOR\sitios\activos\tlc\webpanel\assets\plugins\timepicker\spec\js\libs\jquery\README.md --> hs33.ihosting.cl /public_html/webpanel/assets/plugins/timepicker/spec/js/libs/jquery README.md
2017.05.01 19:30 B G:\CONTENEDOR\sitios\activos\tlc\webpanel\assets\plugins\timepicker\spec\js\libs\jquery\package.json --> hs33.ihosting.cl /public_html/webpanel/assets/plugins/timepicker/spec/js/libs/jquery package.json
2017.05.01 19:30 B G:\CONTENEDOR\sitios\activos\tlc\webpanel\assets\plugins\timepicker\spec\js\libs\jquery\jquery.min.map --> hs33.ihosting.cl /public_html/webpanel/assets/plugins/timepicker/spec/js/libs/jquery jquery.min.map
2017.05.01 19:30 B G:\CONTENEDOR\sitios\activos\tlc\webpanel\assets\plugins\timepicker\spec\js\libs\jquery\jquery.min.js --> hs33.ihosting.cl /public_html/webpanel/assets/plugins/timepicker/spec/js/libs/jquery jquery.min.js
2017.05.01 19:30 B G:\CONTENEDOR\sitios\activos\tlc\webpanel\assets\plugins\timepicker\spec\js\libs\jquery\jquery.js --> hs33.ihosting.cl /public_html/webpanel/assets/plugins/timepicker/spec/js/libs/jquery jquery.js
2017.05.01 19:30 B G:\CONTENEDOR\sitios\activos\tlc\webpanel\assets\plugins\timepicker\spec\js\libs\jquery\jquery-migrate.min.js --> hs33.ihosting.cl /public_html/webpanel/assets/plugins/timepicker/spec/js/libs/jquery jquery-migrate.min.js
2017.05.01 19:30 B G:\CONTENEDOR\sitios\activos\tlc\webpanel\assets\plugins\timepicker\spec\js\libs\jquery\jquery-migrate.js --> hs33.ihosting.cl /public_html/webpanel/assets/plugins/timepicker/spec/js/libs/jquery jquery-migrate.js
2017.05.01 19:30 B G:\CONTENEDOR\sitios\activos\tlc\webpanel\assets\plugins\timepicker\spec\js\libs\jquery\composer.json --> hs33.ihosting.cl /public_html/webpanel/assets/plugins/timepicker/spec/js/libs/jquery composer.json
2017.05.01 19:30 B G:\CONTENEDOR\sitios\activos\tlc\webpanel\assets\plugins\timepicker\spec\js\libs\jquery\component.json --> hs33.ihosting.cl /public_html/webpanel/assets/plugins/timepicker/spec/js/libs/jquery component.json
2017.05.01 19:30 B G:\CONTENEDOR\sitios\activos\tlc\webpanel\assets\plugins\timepicker\spec\js\libs\jquery\bower.json --> hs33.ihosting.cl /public_html/webpanel/assets/plugins/timepicker/spec/js/libs/jquery bower.json
