2016.09.14 21:10 B G:\CONTENEDOR\sitios\activos\AEROEXPRESS\ckeditor\lang\zh.js <-- AEROEXPRESS /public_html/ckeditor/lang zh.js
2016.09.14 21:10 B G:\CONTENEDOR\sitios\activos\AEROEXPRESS\ckeditor\lang\zh-cn.js <-- AEROEXPRESS /public_html/ckeditor/lang zh-cn.js
2016.09.14 21:10 B G:\CONTENEDOR\sitios\activos\AEROEXPRESS\ckeditor\lang\vi.js <-- AEROEXPRESS /public_html/ckeditor/lang vi.js
2016.09.14 21:10 B G:\CONTENEDOR\sitios\activos\AEROEXPRESS\ckeditor\lang\uk.js <-- AEROEXPRESS /public_html/ckeditor/lang uk.js
2016.09.14 21:10 B G:\CONTENEDOR\sitios\activos\AEROEXPRESS\ckeditor\lang\ug.js <-- AEROEXPRESS /public_html/ckeditor/lang ug.js
2016.09.14 21:10 B G:\CONTENEDOR\sitios\activos\AEROEXPRESS\ckeditor\lang\tt.js <-- AEROEXPRESS /public_html/ckeditor/lang tt.js
2016.09.14 21:10 B G:\CONTENEDOR\sitios\activos\AEROEXPRESS\ckeditor\lang\tr.js <-- AEROEXPRESS /public_html/ckeditor/lang tr.js
2016.09.14 21:10 B G:\CONTENEDOR\sitios\activos\AEROEXPRESS\ckeditor\lang\th.js <-- AEROEXPRESS /public_html/ckeditor/lang th.js
2016.09.14 21:10 B G:\CONTENEDOR\sitios\activos\AEROEXPRESS\ckeditor\lang\sv.js <-- AEROEXPRESS /public_html/ckeditor/lang sv.js
2016.09.14 21:10 B G:\CONTENEDOR\sitios\activos\AEROEXPRESS\ckeditor\lang\sr.js <-- AEROEXPRESS /public_html/ckeditor/lang sr.js
2016.09.14 21:10 B G:\CONTENEDOR\sitios\activos\AEROEXPRESS\ckeditor\lang\sr-latn.js <-- AEROEXPRESS /public_html/ckeditor/lang sr-latn.js
2016.09.14 21:10 B G:\CONTENEDOR\sitios\activos\AEROEXPRESS\ckeditor\lang\sq.js <-- AEROEXPRESS /public_html/ckeditor/lang sq.js
2016.09.14 21:10 B G:\CONTENEDOR\sitios\activos\AEROEXPRESS\ckeditor\lang\sl.js <-- AEROEXPRESS /public_html/ckeditor/lang sl.js
2016.09.14 21:10 B G:\CONTENEDOR\sitios\activos\AEROEXPRESS\ckeditor\lang\sk.js <-- AEROEXPRESS /public_html/ckeditor/lang sk.js
2016.09.14 21:10 B G:\CONTENEDOR\sitios\activos\AEROEXPRESS\ckeditor\lang\si.js <-- AEROEXPRESS /public_html/ckeditor/lang si.js
2016.09.14 21:10 B G:\CONTENEDOR\sitios\activos\AEROEXPRESS\ckeditor\lang\ru.js <-- AEROEXPRESS /public_html/ckeditor/lang ru.js
2016.09.14 21:10 B G:\CONTENEDOR\sitios\activos\AEROEXPRESS\ckeditor\lang\ro.js <-- AEROEXPRESS /public_html/ckeditor/lang ro.js
2016.09.14 21:10 B G:\CONTENEDOR\sitios\activos\AEROEXPRESS\ckeditor\lang\pt.js <-- AEROEXPRESS /public_html/ckeditor/lang pt.js
2016.09.14 21:10 B G:\CONTENEDOR\sitios\activos\AEROEXPRESS\ckeditor\lang\pt-br.js <-- AEROEXPRESS /public_html/ckeditor/lang pt-br.js
2016.09.14 21:10 B G:\CONTENEDOR\sitios\activos\AEROEXPRESS\ckeditor\lang\pl.js <-- AEROEXPRESS /public_html/ckeditor/lang pl.js
2016.09.14 21:10 B G:\CONTENEDOR\sitios\activos\AEROEXPRESS\ckeditor\lang\no.js <-- AEROEXPRESS /public_html/ckeditor/lang no.js
2016.09.14 21:10 B G:\CONTENEDOR\sitios\activos\AEROEXPRESS\ckeditor\lang\nl.js <-- AEROEXPRESS /public_html/ckeditor/lang nl.js
2016.09.14 21:10 B G:\CONTENEDOR\sitios\activos\AEROEXPRESS\ckeditor\lang\nb.js <-- AEROEXPRESS /public_html/ckeditor/lang nb.js
2016.09.14 21:10 B G:\CONTENEDOR\sitios\activos\AEROEXPRESS\ckeditor\lang\ms.js <-- AEROEXPRESS /public_html/ckeditor/lang ms.js
2016.09.14 21:10 B G:\CONTENEDOR\sitios\activos\AEROEXPRESS\ckeditor\lang\mn.js <-- AEROEXPRESS /public_html/ckeditor/lang mn.js
2016.09.14 21:10 B G:\CONTENEDOR\sitios\activos\AEROEXPRESS\ckeditor\lang\mk.js <-- AEROEXPRESS /public_html/ckeditor/lang mk.js
2016.09.14 21:10 B G:\CONTENEDOR\sitios\activos\AEROEXPRESS\ckeditor\lang\lv.js <-- AEROEXPRESS /public_html/ckeditor/lang lv.js
2016.09.14 21:10 B G:\CONTENEDOR\sitios\activos\AEROEXPRESS\ckeditor\lang\lt.js <-- AEROEXPRESS /public_html/ckeditor/lang lt.js
2016.09.14 21:10 B G:\CONTENEDOR\sitios\activos\AEROEXPRESS\ckeditor\lang\ku.js <-- AEROEXPRESS /public_html/ckeditor/lang ku.js
2016.09.14 21:10 B G:\CONTENEDOR\sitios\activos\AEROEXPRESS\ckeditor\lang\ko.js <-- AEROEXPRESS /public_html/ckeditor/lang ko.js
2016.09.14 21:10 B G:\CONTENEDOR\sitios\activos\AEROEXPRESS\ckeditor\lang\km.js <-- AEROEXPRESS /public_html/ckeditor/lang km.js
2016.09.14 21:10 B G:\CONTENEDOR\sitios\activos\AEROEXPRESS\ckeditor\lang\ka.js <-- AEROEXPRESS /public_html/ckeditor/lang ka.js
2016.09.14 21:10 B G:\CONTENEDOR\sitios\activos\AEROEXPRESS\ckeditor\lang\ja.js <-- AEROEXPRESS /public_html/ckeditor/lang ja.js
2016.09.14 21:10 B G:\CONTENEDOR\sitios\activos\AEROEXPRESS\ckeditor\lang\it.js <-- AEROEXPRESS /public_html/ckeditor/lang it.js
2016.09.14 21:10 B G:\CONTENEDOR\sitios\activos\AEROEXPRESS\ckeditor\lang\is.js <-- AEROEXPRESS /public_html/ckeditor/lang is.js
2016.09.14 21:10 B G:\CONTENEDOR\sitios\activos\AEROEXPRESS\ckeditor\lang\id.js <-- AEROEXPRESS /public_html/ckeditor/lang id.js
2016.09.14 21:10 B G:\CONTENEDOR\sitios\activos\AEROEXPRESS\ckeditor\lang\hu.js <-- AEROEXPRESS /public_html/ckeditor/lang hu.js
2016.09.14 21:10 B G:\CONTENEDOR\sitios\activos\AEROEXPRESS\ckeditor\lang\hr.js <-- AEROEXPRESS /public_html/ckeditor/lang hr.js
2016.09.14 21:10 B G:\CONTENEDOR\sitios\activos\AEROEXPRESS\ckeditor\lang\hi.js <-- AEROEXPRESS /public_html/ckeditor/lang hi.js
2016.09.14 21:10 B G:\CONTENEDOR\sitios\activos\AEROEXPRESS\ckeditor\lang\he.js <-- AEROEXPRESS /public_html/ckeditor/lang he.js
2016.09.14 21:10 B G:\CONTENEDOR\sitios\activos\AEROEXPRESS\ckeditor\lang\gu.js <-- AEROEXPRESS /public_html/ckeditor/lang gu.js
2016.09.14 21:10 B G:\CONTENEDOR\sitios\activos\AEROEXPRESS\ckeditor\lang\gl.js <-- AEROEXPRESS /public_html/ckeditor/lang gl.js
2016.09.14 21:10 B G:\CONTENEDOR\sitios\activos\AEROEXPRESS\ckeditor\lang\fr.js <-- AEROEXPRESS /public_html/ckeditor/lang fr.js
2016.09.14 21:10 B G:\CONTENEDOR\sitios\activos\AEROEXPRESS\ckeditor\lang\fr-ca.js <-- AEROEXPRESS /public_html/ckeditor/lang fr-ca.js
2016.09.14 21:10 B G:\CONTENEDOR\sitios\activos\AEROEXPRESS\ckeditor\lang\fo.js <-- AEROEXPRESS /public_html/ckeditor/lang fo.js
2016.09.14 21:10 B G:\CONTENEDOR\sitios\activos\AEROEXPRESS\ckeditor\lang\fi.js <-- AEROEXPRESS /public_html/ckeditor/lang fi.js
2016.09.14 21:10 B G:\CONTENEDOR\sitios\activos\AEROEXPRESS\ckeditor\lang\fa.js <-- AEROEXPRESS /public_html/ckeditor/lang fa.js
2016.09.14 21:10 B G:\CONTENEDOR\sitios\activos\AEROEXPRESS\ckeditor\lang\eu.js <-- AEROEXPRESS /public_html/ckeditor/lang eu.js
2016.09.14 21:10 B G:\CONTENEDOR\sitios\activos\AEROEXPRESS\ckeditor\lang\et.js <-- AEROEXPRESS /public_html/ckeditor/lang et.js
2016.09.14 21:10 B G:\CONTENEDOR\sitios\activos\AEROEXPRESS\ckeditor\lang\es.js <-- AEROEXPRESS /public_html/ckeditor/lang es.js
2016.09.14 21:10 B G:\CONTENEDOR\sitios\activos\AEROEXPRESS\ckeditor\lang\eo.js <-- AEROEXPRESS /public_html/ckeditor/lang eo.js
2016.09.14 21:10 B G:\CONTENEDOR\sitios\activos\AEROEXPRESS\ckeditor\lang\en.js <-- AEROEXPRESS /public_html/ckeditor/lang en.js
2016.09.14 21:10 B G:\CONTENEDOR\sitios\activos\AEROEXPRESS\ckeditor\lang\en-gb.js <-- AEROEXPRESS /public_html/ckeditor/lang en-gb.js
2016.09.14 21:10 B G:\CONTENEDOR\sitios\activos\AEROEXPRESS\ckeditor\lang\en-ca.js <-- AEROEXPRESS /public_html/ckeditor/lang en-ca.js
2016.09.14 21:10 B G:\CONTENEDOR\sitios\activos\AEROEXPRESS\ckeditor\lang\en-au.js <-- AEROEXPRESS /public_html/ckeditor/lang en-au.js
2016.09.14 21:10 B G:\CONTENEDOR\sitios\activos\AEROEXPRESS\ckeditor\lang\el.js <-- AEROEXPRESS /public_html/ckeditor/lang el.js
2016.09.14 21:10 B G:\CONTENEDOR\sitios\activos\AEROEXPRESS\ckeditor\lang\de.js <-- AEROEXPRESS /public_html/ckeditor/lang de.js
2016.09.14 21:10 B G:\CONTENEDOR\sitios\activos\AEROEXPRESS\ckeditor\lang\da.js <-- AEROEXPRESS /public_html/ckeditor/lang da.js
2016.09.14 21:10 B G:\CONTENEDOR\sitios\activos\AEROEXPRESS\ckeditor\lang\cy.js <-- AEROEXPRESS /public_html/ckeditor/lang cy.js
2016.09.14 21:10 B G:\CONTENEDOR\sitios\activos\AEROEXPRESS\ckeditor\lang\cs.js <-- AEROEXPRESS /public_html/ckeditor/lang cs.js
2016.09.14 21:10 B G:\CONTENEDOR\sitios\activos\AEROEXPRESS\ckeditor\lang\ca.js <-- AEROEXPRESS /public_html/ckeditor/lang ca.js
2016.09.14 21:10 B G:\CONTENEDOR\sitios\activos\AEROEXPRESS\ckeditor\lang\bs.js <-- AEROEXPRESS /public_html/ckeditor/lang bs.js
2016.09.14 21:10 B G:\CONTENEDOR\sitios\activos\AEROEXPRESS\ckeditor\lang\bn.js <-- AEROEXPRESS /public_html/ckeditor/lang bn.js
2016.09.14 21:10 B G:\CONTENEDOR\sitios\activos\AEROEXPRESS\ckeditor\lang\bg.js <-- AEROEXPRESS /public_html/ckeditor/lang bg.js
2016.09.14 21:10 B G:\CONTENEDOR\sitios\activos\AEROEXPRESS\ckeditor\lang\ar.js <-- AEROEXPRESS /public_html/ckeditor/lang ar.js
2016.09.14 21:10 B G:\CONTENEDOR\sitios\activos\AEROEXPRESS\ckeditor\lang\af.js <-- AEROEXPRESS /public_html/ckeditor/lang af.js
2017.03.15 13:57 B G:\CONTENEDOR\sitios\activos\AEROEXPRESS\ckeditor\lang\af.js --> hs20.ihosting.cl /public_html/desarrollo/tlc/ckeditor/lang af.js
2017.03.15 13:57 B G:\CONTENEDOR\sitios\activos\AEROEXPRESS\ckeditor\lang\ar.js --> hs20.ihosting.cl /public_html/desarrollo/tlc/ckeditor/lang ar.js
2017.03.15 13:57 B G:\CONTENEDOR\sitios\activos\AEROEXPRESS\ckeditor\lang\bg.js --> hs20.ihosting.cl /public_html/desarrollo/tlc/ckeditor/lang bg.js
2017.03.15 13:57 B G:\CONTENEDOR\sitios\activos\AEROEXPRESS\ckeditor\lang\bn.js --> hs20.ihosting.cl /public_html/desarrollo/tlc/ckeditor/lang bn.js
2017.03.15 13:57 B G:\CONTENEDOR\sitios\activos\AEROEXPRESS\ckeditor\lang\bs.js --> hs20.ihosting.cl /public_html/desarrollo/tlc/ckeditor/lang bs.js
2017.03.15 13:57 B G:\CONTENEDOR\sitios\activos\AEROEXPRESS\ckeditor\lang\ca.js --> hs20.ihosting.cl /public_html/desarrollo/tlc/ckeditor/lang ca.js
2017.03.15 13:57 B G:\CONTENEDOR\sitios\activos\AEROEXPRESS\ckeditor\lang\cs.js --> hs20.ihosting.cl /public_html/desarrollo/tlc/ckeditor/lang cs.js
2017.03.15 13:57 B G:\CONTENEDOR\sitios\activos\AEROEXPRESS\ckeditor\lang\cy.js --> hs20.ihosting.cl /public_html/desarrollo/tlc/ckeditor/lang cy.js
2017.03.15 13:57 B G:\CONTENEDOR\sitios\activos\AEROEXPRESS\ckeditor\lang\da.js --> hs20.ihosting.cl /public_html/desarrollo/tlc/ckeditor/lang da.js
2017.03.15 13:57 B G:\CONTENEDOR\sitios\activos\AEROEXPRESS\ckeditor\lang\de.js --> hs20.ihosting.cl /public_html/desarrollo/tlc/ckeditor/lang de.js
2017.03.15 13:57 B G:\CONTENEDOR\sitios\activos\AEROEXPRESS\ckeditor\lang\el.js --> hs20.ihosting.cl /public_html/desarrollo/tlc/ckeditor/lang el.js
2017.03.15 13:57 B G:\CONTENEDOR\sitios\activos\AEROEXPRESS\ckeditor\lang\en-au.js --> hs20.ihosting.cl /public_html/desarrollo/tlc/ckeditor/lang en-au.js
2017.03.15 13:57 B G:\CONTENEDOR\sitios\activos\AEROEXPRESS\ckeditor\lang\en-ca.js --> hs20.ihosting.cl /public_html/desarrollo/tlc/ckeditor/lang en-ca.js
2017.03.15 13:57 B G:\CONTENEDOR\sitios\activos\AEROEXPRESS\ckeditor\lang\en-gb.js --> hs20.ihosting.cl /public_html/desarrollo/tlc/ckeditor/lang en-gb.js
2017.03.15 13:57 B G:\CONTENEDOR\sitios\activos\AEROEXPRESS\ckeditor\lang\en.js --> hs20.ihosting.cl /public_html/desarrollo/tlc/ckeditor/lang en.js
2017.03.15 13:57 B G:\CONTENEDOR\sitios\activos\AEROEXPRESS\ckeditor\lang\eo.js --> hs20.ihosting.cl /public_html/desarrollo/tlc/ckeditor/lang eo.js
2017.03.15 13:57 B G:\CONTENEDOR\sitios\activos\AEROEXPRESS\ckeditor\lang\es.js --> hs20.ihosting.cl /public_html/desarrollo/tlc/ckeditor/lang es.js
2017.03.15 13:57 B G:\CONTENEDOR\sitios\activos\AEROEXPRESS\ckeditor\lang\et.js --> hs20.ihosting.cl /public_html/desarrollo/tlc/ckeditor/lang et.js
2017.03.15 13:57 B G:\CONTENEDOR\sitios\activos\AEROEXPRESS\ckeditor\lang\eu.js --> hs20.ihosting.cl /public_html/desarrollo/tlc/ckeditor/lang eu.js
2017.03.15 13:57 B G:\CONTENEDOR\sitios\activos\AEROEXPRESS\ckeditor\lang\fa.js --> hs20.ihosting.cl /public_html/desarrollo/tlc/ckeditor/lang fa.js
2017.03.15 13:57 B G:\CONTENEDOR\sitios\activos\AEROEXPRESS\ckeditor\lang\fi.js --> hs20.ihosting.cl /public_html/desarrollo/tlc/ckeditor/lang fi.js
2017.03.15 13:57 B G:\CONTENEDOR\sitios\activos\AEROEXPRESS\ckeditor\lang\fo.js --> hs20.ihosting.cl /public_html/desarrollo/tlc/ckeditor/lang fo.js
2017.03.15 13:57 B G:\CONTENEDOR\sitios\activos\AEROEXPRESS\ckeditor\lang\fr-ca.js --> hs20.ihosting.cl /public_html/desarrollo/tlc/ckeditor/lang fr-ca.js
2017.03.15 13:57 B G:\CONTENEDOR\sitios\activos\AEROEXPRESS\ckeditor\lang\fr.js --> hs20.ihosting.cl /public_html/desarrollo/tlc/ckeditor/lang fr.js
2017.03.15 13:57 B G:\CONTENEDOR\sitios\activos\AEROEXPRESS\ckeditor\lang\gl.js --> hs20.ihosting.cl /public_html/desarrollo/tlc/ckeditor/lang gl.js
2017.03.15 13:57 B G:\CONTENEDOR\sitios\activos\AEROEXPRESS\ckeditor\lang\gu.js --> hs20.ihosting.cl /public_html/desarrollo/tlc/ckeditor/lang gu.js
2017.03.15 13:57 B G:\CONTENEDOR\sitios\activos\AEROEXPRESS\ckeditor\lang\he.js --> hs20.ihosting.cl /public_html/desarrollo/tlc/ckeditor/lang he.js
2017.03.15 13:57 B G:\CONTENEDOR\sitios\activos\AEROEXPRESS\ckeditor\lang\hi.js --> hs20.ihosting.cl /public_html/desarrollo/tlc/ckeditor/lang hi.js
2017.03.15 13:57 B G:\CONTENEDOR\sitios\activos\AEROEXPRESS\ckeditor\lang\hr.js --> hs20.ihosting.cl /public_html/desarrollo/tlc/ckeditor/lang hr.js
2017.03.15 13:57 B G:\CONTENEDOR\sitios\activos\AEROEXPRESS\ckeditor\lang\hu.js --> hs20.ihosting.cl /public_html/desarrollo/tlc/ckeditor/lang hu.js
2017.03.15 13:57 B G:\CONTENEDOR\sitios\activos\AEROEXPRESS\ckeditor\lang\id.js --> hs20.ihosting.cl /public_html/desarrollo/tlc/ckeditor/lang id.js
2017.03.15 13:57 B G:\CONTENEDOR\sitios\activos\AEROEXPRESS\ckeditor\lang\is.js --> hs20.ihosting.cl /public_html/desarrollo/tlc/ckeditor/lang is.js
2017.03.15 13:57 B G:\CONTENEDOR\sitios\activos\AEROEXPRESS\ckeditor\lang\it.js --> hs20.ihosting.cl /public_html/desarrollo/tlc/ckeditor/lang it.js
2017.03.15 13:57 B G:\CONTENEDOR\sitios\activos\AEROEXPRESS\ckeditor\lang\ja.js --> hs20.ihosting.cl /public_html/desarrollo/tlc/ckeditor/lang ja.js
2017.03.15 13:57 B G:\CONTENEDOR\sitios\activos\AEROEXPRESS\ckeditor\lang\ka.js --> hs20.ihosting.cl /public_html/desarrollo/tlc/ckeditor/lang ka.js
2017.03.15 13:57 B G:\CONTENEDOR\sitios\activos\AEROEXPRESS\ckeditor\lang\km.js --> hs20.ihosting.cl /public_html/desarrollo/tlc/ckeditor/lang km.js
2017.03.15 13:57 B G:\CONTENEDOR\sitios\activos\AEROEXPRESS\ckeditor\lang\ko.js --> hs20.ihosting.cl /public_html/desarrollo/tlc/ckeditor/lang ko.js
2017.03.15 13:57 B G:\CONTENEDOR\sitios\activos\AEROEXPRESS\ckeditor\lang\ku.js --> hs20.ihosting.cl /public_html/desarrollo/tlc/ckeditor/lang ku.js
2017.03.15 13:57 B G:\CONTENEDOR\sitios\activos\AEROEXPRESS\ckeditor\lang\lt.js --> hs20.ihosting.cl /public_html/desarrollo/tlc/ckeditor/lang lt.js
2017.03.15 13:57 B G:\CONTENEDOR\sitios\activos\AEROEXPRESS\ckeditor\lang\lv.js --> hs20.ihosting.cl /public_html/desarrollo/tlc/ckeditor/lang lv.js
2017.03.15 13:57 B G:\CONTENEDOR\sitios\activos\AEROEXPRESS\ckeditor\lang\mk.js --> hs20.ihosting.cl /public_html/desarrollo/tlc/ckeditor/lang mk.js
2017.03.15 13:57 B G:\CONTENEDOR\sitios\activos\AEROEXPRESS\ckeditor\lang\mn.js --> hs20.ihosting.cl /public_html/desarrollo/tlc/ckeditor/lang mn.js
2017.03.15 13:57 B G:\CONTENEDOR\sitios\activos\AEROEXPRESS\ckeditor\lang\ms.js --> hs20.ihosting.cl /public_html/desarrollo/tlc/ckeditor/lang ms.js
2017.03.15 13:57 B G:\CONTENEDOR\sitios\activos\AEROEXPRESS\ckeditor\lang\nb.js --> hs20.ihosting.cl /public_html/desarrollo/tlc/ckeditor/lang nb.js
2017.03.15 13:57 B G:\CONTENEDOR\sitios\activos\AEROEXPRESS\ckeditor\lang\nl.js --> hs20.ihosting.cl /public_html/desarrollo/tlc/ckeditor/lang nl.js
2017.03.15 13:57 B G:\CONTENEDOR\sitios\activos\AEROEXPRESS\ckeditor\lang\no.js --> hs20.ihosting.cl /public_html/desarrollo/tlc/ckeditor/lang no.js
2017.03.15 13:57 B G:\CONTENEDOR\sitios\activos\AEROEXPRESS\ckeditor\lang\pl.js --> hs20.ihosting.cl /public_html/desarrollo/tlc/ckeditor/lang pl.js
2017.03.15 13:57 B G:\CONTENEDOR\sitios\activos\AEROEXPRESS\ckeditor\lang\pt-br.js --> hs20.ihosting.cl /public_html/desarrollo/tlc/ckeditor/lang pt-br.js
2017.03.15 13:57 B G:\CONTENEDOR\sitios\activos\AEROEXPRESS\ckeditor\lang\pt.js --> hs20.ihosting.cl /public_html/desarrollo/tlc/ckeditor/lang pt.js
2017.03.15 13:57 B G:\CONTENEDOR\sitios\activos\AEROEXPRESS\ckeditor\lang\ro.js --> hs20.ihosting.cl /public_html/desarrollo/tlc/ckeditor/lang ro.js
2017.03.15 13:57 B G:\CONTENEDOR\sitios\activos\AEROEXPRESS\ckeditor\lang\ru.js --> hs20.ihosting.cl /public_html/desarrollo/tlc/ckeditor/lang ru.js
2017.03.15 13:57 B G:\CONTENEDOR\sitios\activos\AEROEXPRESS\ckeditor\lang\si.js --> hs20.ihosting.cl /public_html/desarrollo/tlc/ckeditor/lang si.js
2017.03.15 13:57 B G:\CONTENEDOR\sitios\activos\AEROEXPRESS\ckeditor\lang\sk.js --> hs20.ihosting.cl /public_html/desarrollo/tlc/ckeditor/lang sk.js
2017.03.15 13:57 B G:\CONTENEDOR\sitios\activos\AEROEXPRESS\ckeditor\lang\sl.js --> hs20.ihosting.cl /public_html/desarrollo/tlc/ckeditor/lang sl.js
2017.03.15 13:57 B G:\CONTENEDOR\sitios\activos\AEROEXPRESS\ckeditor\lang\sq.js --> hs20.ihosting.cl /public_html/desarrollo/tlc/ckeditor/lang sq.js
2017.03.15 13:57 B G:\CONTENEDOR\sitios\activos\AEROEXPRESS\ckeditor\lang\sr-latn.js --> hs20.ihosting.cl /public_html/desarrollo/tlc/ckeditor/lang sr-latn.js
2017.03.15 13:57 B G:\CONTENEDOR\sitios\activos\AEROEXPRESS\ckeditor\lang\sr.js --> hs20.ihosting.cl /public_html/desarrollo/tlc/ckeditor/lang sr.js
2017.03.15 13:57 B G:\CONTENEDOR\sitios\activos\AEROEXPRESS\ckeditor\lang\sv.js --> hs20.ihosting.cl /public_html/desarrollo/tlc/ckeditor/lang sv.js
2017.03.15 13:57 B G:\CONTENEDOR\sitios\activos\AEROEXPRESS\ckeditor\lang\th.js --> hs20.ihosting.cl /public_html/desarrollo/tlc/ckeditor/lang th.js
2017.03.15 13:57 B G:\CONTENEDOR\sitios\activos\AEROEXPRESS\ckeditor\lang\tr.js --> hs20.ihosting.cl /public_html/desarrollo/tlc/ckeditor/lang tr.js
2017.03.15 13:57 B G:\CONTENEDOR\sitios\activos\AEROEXPRESS\ckeditor\lang\tt.js --> hs20.ihosting.cl /public_html/desarrollo/tlc/ckeditor/lang tt.js
2017.03.15 13:57 B G:\CONTENEDOR\sitios\activos\AEROEXPRESS\ckeditor\lang\ug.js --> hs20.ihosting.cl /public_html/desarrollo/tlc/ckeditor/lang ug.js
2017.03.15 13:57 B G:\CONTENEDOR\sitios\activos\AEROEXPRESS\ckeditor\lang\uk.js --> hs20.ihosting.cl /public_html/desarrollo/tlc/ckeditor/lang uk.js
2017.03.15 13:57 B G:\CONTENEDOR\sitios\activos\AEROEXPRESS\ckeditor\lang\vi.js --> hs20.ihosting.cl /public_html/desarrollo/tlc/ckeditor/lang vi.js
2017.03.15 13:57 B G:\CONTENEDOR\sitios\activos\AEROEXPRESS\ckeditor\lang\WS_FTP.LOG --> hs20.ihosting.cl /public_html/desarrollo/tlc/ckeditor/lang WS_FTP.LOG
2017.03.15 13:57 B G:\CONTENEDOR\sitios\activos\AEROEXPRESS\ckeditor\lang\zh-cn.js --> hs20.ihosting.cl /public_html/desarrollo/tlc/ckeditor/lang zh-cn.js
2017.03.15 13:57 B G:\CONTENEDOR\sitios\activos\AEROEXPRESS\ckeditor\lang\zh.js --> hs20.ihosting.cl /public_html/desarrollo/tlc/ckeditor/lang zh.js
