2016.09.14 21:04 B G:\CONTENEDOR\sitios\activos\AEROEXPRESS\webpanel\assets\plugins\jasny\less\wells.less <-- AEROEXPRESS /public_html/webpanel/assets/plugins/jasny/less wells.less
2016.09.14 21:04 B G:\CONTENEDOR\sitios\activos\AEROEXPRESS\webpanel\assets\plugins\jasny\less\variables.less <-- AEROEXPRESS /public_html/webpanel/assets/plugins/jasny/less variables.less
2016.09.14 21:04 B G:\CONTENEDOR\sitios\activos\AEROEXPRESS\webpanel\assets\plugins\jasny\less\utilities.less <-- AEROEXPRESS /public_html/webpanel/assets/plugins/jasny/less utilities.less
2016.09.14 21:04 B G:\CONTENEDOR\sitios\activos\AEROEXPRESS\webpanel\assets\plugins\jasny\less\type.less <-- AEROEXPRESS /public_html/webpanel/assets/plugins/jasny/less type.less
2016.09.14 21:04 B G:\CONTENEDOR\sitios\activos\AEROEXPRESS\webpanel\assets\plugins\jasny\less\tooltip.less <-- AEROEXPRESS /public_html/webpanel/assets/plugins/jasny/less tooltip.less
2016.09.14 21:04 B G:\CONTENEDOR\sitios\activos\AEROEXPRESS\webpanel\assets\plugins\jasny\less\thumbnails.less <-- AEROEXPRESS /public_html/webpanel/assets/plugins/jasny/less thumbnails.less
2016.09.14 21:04 B G:\CONTENEDOR\sitios\activos\AEROEXPRESS\webpanel\assets\plugins\jasny\less\tables.less <-- AEROEXPRESS /public_html/webpanel/assets/plugins/jasny/less tables.less
2016.09.14 21:04 B G:\CONTENEDOR\sitios\activos\AEROEXPRESS\webpanel\assets\plugins\jasny\less\sprites.less <-- AEROEXPRESS /public_html/webpanel/assets/plugins/jasny/less sprites.less
2016.09.14 21:04 B G:\CONTENEDOR\sitios\activos\AEROEXPRESS\webpanel\assets\plugins\jasny\less\scaffolding.less <-- AEROEXPRESS /public_html/webpanel/assets/plugins/jasny/less scaffolding.less
2016.09.14 21:04 B G:\CONTENEDOR\sitios\activos\AEROEXPRESS\webpanel\assets\plugins\jasny\less\rowlink.less <-- AEROEXPRESS /public_html/webpanel/assets/plugins/jasny/less rowlink.less
2016.09.14 21:04 B G:\CONTENEDOR\sitios\activos\AEROEXPRESS\webpanel\assets\plugins\jasny\less\responsive.less <-- AEROEXPRESS /public_html/webpanel/assets/plugins/jasny/less responsive.less
2016.09.14 21:04 B G:\CONTENEDOR\sitios\activos\AEROEXPRESS\webpanel\assets\plugins\jasny\less\responsive-utilities.less <-- AEROEXPRESS /public_html/webpanel/assets/plugins/jasny/less responsive-utilities.less
2016.09.14 21:04 B G:\CONTENEDOR\sitios\activos\AEROEXPRESS\webpanel\assets\plugins\jasny\less\responsive-tables.less <-- AEROEXPRESS /public_html/webpanel/assets/plugins/jasny/less responsive-tables.less
2016.09.14 21:04 B G:\CONTENEDOR\sitios\activos\AEROEXPRESS\webpanel\assets\plugins\jasny\less\responsive-row-desktop.less <-- AEROEXPRESS /public_html/webpanel/assets/plugins/jasny/less responsive-row-desktop.less
2016.09.14 21:04 B G:\CONTENEDOR\sitios\activos\AEROEXPRESS\webpanel\assets\plugins\jasny\less\responsive-navbar.less <-- AEROEXPRESS /public_html/webpanel/assets/plugins/jasny/less responsive-navbar.less
2016.09.14 21:04 B G:\CONTENEDOR\sitios\activos\AEROEXPRESS\webpanel\assets\plugins\jasny\less\responsive-768px-979px.less <-- AEROEXPRESS /public_html/webpanel/assets/plugins/jasny/less responsive-768px-979px.less
2016.09.14 21:04 B G:\CONTENEDOR\sitios\activos\AEROEXPRESS\webpanel\assets\plugins\jasny\less\responsive-767px-max.less <-- AEROEXPRESS /public_html/webpanel/assets/plugins/jasny/less responsive-767px-max.less
2016.09.14 21:04 B G:\CONTENEDOR\sitios\activos\AEROEXPRESS\webpanel\assets\plugins\jasny\less\responsive-1200px-min.less <-- AEROEXPRESS /public_html/webpanel/assets/plugins/jasny/less responsive-1200px-min.less
2016.09.14 21:04 B G:\CONTENEDOR\sitios\activos\AEROEXPRESS\webpanel\assets\plugins\jasny\less\reset.less <-- AEROEXPRESS /public_html/webpanel/assets/plugins/jasny/less reset.less
2016.09.14 21:04 B G:\CONTENEDOR\sitios\activos\AEROEXPRESS\webpanel\assets\plugins\jasny\less\progress-bars.less <-- AEROEXPRESS /public_html/webpanel/assets/plugins/jasny/less progress-bars.less
2016.09.14 21:04 B G:\CONTENEDOR\sitios\activos\AEROEXPRESS\webpanel\assets\plugins\jasny\less\popovers.less <-- AEROEXPRESS /public_html/webpanel/assets/plugins/jasny/less popovers.less
2016.09.14 21:04 B G:\CONTENEDOR\sitios\activos\AEROEXPRESS\webpanel\assets\plugins\jasny\less\pagination.less <-- AEROEXPRESS /public_html/webpanel/assets/plugins/jasny/less pagination.less
2016.09.14 21:04 B G:\CONTENEDOR\sitios\activos\AEROEXPRESS\webpanel\assets\plugins\jasny\less\pager.less <-- AEROEXPRESS /public_html/webpanel/assets/plugins/jasny/less pager.less
2016.09.14 21:04 B G:\CONTENEDOR\sitios\activos\AEROEXPRESS\webpanel\assets\plugins\jasny\less\page-alert.responsive-767px-max.less <-- AEROEXPRESS /public_html/webpanel/assets/plugins/jasny/less page-alert.responsive-767px-max.less
2016.09.14 21:04 B G:\CONTENEDOR\sitios\activos\AEROEXPRESS\webpanel\assets\plugins\jasny\less\page-alert.responsive-1200px-min.less <-- AEROEXPRESS /public_html/webpanel/assets/plugins/jasny/less page-alert.responsive-1200px-min.less
2016.09.14 21:04 B G:\CONTENEDOR\sitios\activos\AEROEXPRESS\webpanel\assets\plugins\jasny\less\page-alert.less <-- AEROEXPRESS /public_html/webpanel/assets/plugins/jasny/less page-alert.less
2016.09.14 21:04 B G:\CONTENEDOR\sitios\activos\AEROEXPRESS\webpanel\assets\plugins\jasny\less\navs.less <-- AEROEXPRESS /public_html/webpanel/assets/plugins/jasny/less navs.less
2016.09.14 21:04 B G:\CONTENEDOR\sitios\activos\AEROEXPRESS\webpanel\assets\plugins\jasny\less\navbar.less <-- AEROEXPRESS /public_html/webpanel/assets/plugins/jasny/less navbar.less
2016.09.14 21:04 B G:\CONTENEDOR\sitios\activos\AEROEXPRESS\webpanel\assets\plugins\jasny\less\modals.less <-- AEROEXPRESS /public_html/webpanel/assets/plugins/jasny/less modals.less
2016.09.14 21:04 B G:\CONTENEDOR\sitios\activos\AEROEXPRESS\webpanel\assets\plugins\jasny\less\mixins.less <-- AEROEXPRESS /public_html/webpanel/assets/plugins/jasny/less mixins.less
2016.09.14 21:04 B G:\CONTENEDOR\sitios\activos\AEROEXPRESS\webpanel\assets\plugins\jasny\less\media.less <-- AEROEXPRESS /public_html/webpanel/assets/plugins/jasny/less media.less
2016.09.14 21:04 B G:\CONTENEDOR\sitios\activos\AEROEXPRESS\webpanel\assets\plugins\jasny\less\layouts.less <-- AEROEXPRESS /public_html/webpanel/assets/plugins/jasny/less layouts.less
2016.09.14 21:04 B G:\CONTENEDOR\sitios\activos\AEROEXPRESS\webpanel\assets\plugins\jasny\less\layouts-semifluid.responsive-1200px-min.less <-- AEROEXPRESS /public_html/webpanel/assets/plugins/jasny/less layouts-semifluid.responsive-1200px-min.less
2016.09.14 21:04 B G:\CONTENEDOR\sitios\activos\AEROEXPRESS\webpanel\assets\plugins\jasny\less\layouts-semifluid.less <-- AEROEXPRESS /public_html/webpanel/assets/plugins/jasny/less layouts-semifluid.less
2016.09.14 21:04 B G:\CONTENEDOR\sitios\activos\AEROEXPRESS\webpanel\assets\plugins\jasny\less\labels-badges.less <-- AEROEXPRESS /public_html/webpanel/assets/plugins/jasny/less labels-badges.less
2016.09.14 21:04 B G:\CONTENEDOR\sitios\activos\AEROEXPRESS\webpanel\assets\plugins\jasny\less\jasny-responsive.less <-- AEROEXPRESS /public_html/webpanel/assets/plugins/jasny/less jasny-responsive.less
2016.09.14 21:04 B G:\CONTENEDOR\sitios\activos\AEROEXPRESS\webpanel\assets\plugins\jasny\less\jasny-navs-tabbable.less <-- AEROEXPRESS /public_html/webpanel/assets/plugins/jasny/less jasny-navs-tabbable.less
2016.09.14 21:04 B G:\CONTENEDOR\sitios\activos\AEROEXPRESS\webpanel\assets\plugins\jasny\less\jasny-forms.responsive-768px-979px.less <-- AEROEXPRESS /public_html/webpanel/assets/plugins/jasny/less jasny-forms.responsive-768px-979px.less
2016.09.14 21:04 B G:\CONTENEDOR\sitios\activos\AEROEXPRESS\webpanel\assets\plugins\jasny\less\jasny-forms.responsive-767px-max.less <-- AEROEXPRESS /public_html/webpanel/assets/plugins/jasny/less jasny-forms.responsive-767px-max.less
2016.09.14 21:04 B G:\CONTENEDOR\sitios\activos\AEROEXPRESS\webpanel\assets\plugins\jasny\less\jasny-forms.responsive-1200px-min.less <-- AEROEXPRESS /public_html/webpanel/assets/plugins/jasny/less jasny-forms.responsive-1200px-min.less
2016.09.14 21:04 B G:\CONTENEDOR\sitios\activos\AEROEXPRESS\webpanel\assets\plugins\jasny\less\jasny-forms.less <-- AEROEXPRESS /public_html/webpanel/assets/plugins/jasny/less jasny-forms.less
2016.09.14 21:04 B G:\CONTENEDOR\sitios\activos\AEROEXPRESS\webpanel\assets\plugins\jasny\less\jasny-bootstrap.less <-- AEROEXPRESS /public_html/webpanel/assets/plugins/jasny/less jasny-bootstrap.less
2016.09.14 21:04 B G:\CONTENEDOR\sitios\activos\AEROEXPRESS\webpanel\assets\plugins\jasny\less\iconic.less <-- AEROEXPRESS /public_html/webpanel/assets/plugins/jasny/less iconic.less
2016.09.14 21:04 B G:\CONTENEDOR\sitios\activos\AEROEXPRESS\webpanel\assets\plugins\jasny\less\hero-unit.less <-- AEROEXPRESS /public_html/webpanel/assets/plugins/jasny/less hero-unit.less
2016.09.14 21:04 B G:\CONTENEDOR\sitios\activos\AEROEXPRESS\webpanel\assets\plugins\jasny\less\grid.less <-- AEROEXPRESS /public_html/webpanel/assets/plugins/jasny/less grid.less
2016.09.14 21:04 B G:\CONTENEDOR\sitios\activos\AEROEXPRESS\webpanel\assets\plugins\jasny\less\forms.less <-- AEROEXPRESS /public_html/webpanel/assets/plugins/jasny/less forms.less
2016.09.14 21:04 B G:\CONTENEDOR\sitios\activos\AEROEXPRESS\webpanel\assets\plugins\jasny\less\forms-uneditable.less <-- AEROEXPRESS /public_html/webpanel/assets/plugins/jasny/less forms-uneditable.less
2016.09.14 21:04 B G:\CONTENEDOR\sitios\activos\AEROEXPRESS\webpanel\assets\plugins\jasny\less\fileupload.less <-- AEROEXPRESS /public_html/webpanel/assets/plugins/jasny/less fileupload.less
2016.09.14 21:04 B G:\CONTENEDOR\sitios\activos\AEROEXPRESS\webpanel\assets\plugins\jasny\less\dropdowns.less <-- AEROEXPRESS /public_html/webpanel/assets/plugins/jasny/less dropdowns.less
2016.09.14 21:04 B G:\CONTENEDOR\sitios\activos\AEROEXPRESS\webpanel\assets\plugins\jasny\less\component-animations.less <-- AEROEXPRESS /public_html/webpanel/assets/plugins/jasny/less component-animations.less
2016.09.14 21:04 B G:\CONTENEDOR\sitios\activos\AEROEXPRESS\webpanel\assets\plugins\jasny\less\code.less <-- AEROEXPRESS /public_html/webpanel/assets/plugins/jasny/less code.less
2016.09.14 21:04 B G:\CONTENEDOR\sitios\activos\AEROEXPRESS\webpanel\assets\plugins\jasny\less\close.less <-- AEROEXPRESS /public_html/webpanel/assets/plugins/jasny/less close.less
2016.09.14 21:04 B G:\CONTENEDOR\sitios\activos\AEROEXPRESS\webpanel\assets\plugins\jasny\less\carousel.less <-- AEROEXPRESS /public_html/webpanel/assets/plugins/jasny/less carousel.less
2016.09.14 21:04 B G:\CONTENEDOR\sitios\activos\AEROEXPRESS\webpanel\assets\plugins\jasny\less\buttons.less <-- AEROEXPRESS /public_html/webpanel/assets/plugins/jasny/less buttons.less
2016.09.14 21:04 B G:\CONTENEDOR\sitios\activos\AEROEXPRESS\webpanel\assets\plugins\jasny\less\button-groups.less <-- AEROEXPRESS /public_html/webpanel/assets/plugins/jasny/less button-groups.less
2016.09.14 21:04 B G:\CONTENEDOR\sitios\activos\AEROEXPRESS\webpanel\assets\plugins\jasny\less\breadcrumbs.less <-- AEROEXPRESS /public_html/webpanel/assets/plugins/jasny/less breadcrumbs.less
2016.09.14 21:04 B G:\CONTENEDOR\sitios\activos\AEROEXPRESS\webpanel\assets\plugins\jasny\less\bootstrap.less <-- AEROEXPRESS /public_html/webpanel/assets/plugins/jasny/less bootstrap.less
2016.09.14 21:04 B G:\CONTENEDOR\sitios\activos\AEROEXPRESS\webpanel\assets\plugins\jasny\less\alerts.less <-- AEROEXPRESS /public_html/webpanel/assets/plugins/jasny/less alerts.less
2016.09.14 21:04 B G:\CONTENEDOR\sitios\activos\AEROEXPRESS\webpanel\assets\plugins\jasny\less\action-links.less <-- AEROEXPRESS /public_html/webpanel/assets/plugins/jasny/less action-links.less
2016.09.14 21:04 B G:\CONTENEDOR\sitios\activos\AEROEXPRESS\webpanel\assets\plugins\jasny\less\action-areas.less <-- AEROEXPRESS /public_html/webpanel/assets/plugins/jasny/less action-areas.less
2016.09.14 21:04 B G:\CONTENEDOR\sitios\activos\AEROEXPRESS\webpanel\assets\plugins\jasny\less\accordion.less <-- AEROEXPRESS /public_html/webpanel/assets/plugins/jasny/less accordion.less
2017.03.15 14:08 B G:\CONTENEDOR\sitios\activos\AEROEXPRESS\webpanel\assets\plugins\jasny\less\accordion.less --> hs20.ihosting.cl /public_html/desarrollo/tlc/webpanel/assets/plugins/jasny/less accordion.less
2017.03.15 14:08 B G:\CONTENEDOR\sitios\activos\AEROEXPRESS\webpanel\assets\plugins\jasny\less\action-areas.less --> hs20.ihosting.cl /public_html/desarrollo/tlc/webpanel/assets/plugins/jasny/less action-areas.less
2017.03.15 14:08 B G:\CONTENEDOR\sitios\activos\AEROEXPRESS\webpanel\assets\plugins\jasny\less\action-links.less --> hs20.ihosting.cl /public_html/desarrollo/tlc/webpanel/assets/plugins/jasny/less action-links.less
2017.03.15 14:08 B G:\CONTENEDOR\sitios\activos\AEROEXPRESS\webpanel\assets\plugins\jasny\less\alerts.less --> hs20.ihosting.cl /public_html/desarrollo/tlc/webpanel/assets/plugins/jasny/less alerts.less
2017.03.15 14:08 B G:\CONTENEDOR\sitios\activos\AEROEXPRESS\webpanel\assets\plugins\jasny\less\bootstrap.less --> hs20.ihosting.cl /public_html/desarrollo/tlc/webpanel/assets/plugins/jasny/less bootstrap.less
2017.03.15 14:08 B G:\CONTENEDOR\sitios\activos\AEROEXPRESS\webpanel\assets\plugins\jasny\less\breadcrumbs.less --> hs20.ihosting.cl /public_html/desarrollo/tlc/webpanel/assets/plugins/jasny/less breadcrumbs.less
2017.03.15 14:08 B G:\CONTENEDOR\sitios\activos\AEROEXPRESS\webpanel\assets\plugins\jasny\less\button-groups.less --> hs20.ihosting.cl /public_html/desarrollo/tlc/webpanel/assets/plugins/jasny/less button-groups.less
2017.03.15 14:08 B G:\CONTENEDOR\sitios\activos\AEROEXPRESS\webpanel\assets\plugins\jasny\less\buttons.less --> hs20.ihosting.cl /public_html/desarrollo/tlc/webpanel/assets/plugins/jasny/less buttons.less
2017.03.15 14:08 B G:\CONTENEDOR\sitios\activos\AEROEXPRESS\webpanel\assets\plugins\jasny\less\carousel.less --> hs20.ihosting.cl /public_html/desarrollo/tlc/webpanel/assets/plugins/jasny/less carousel.less
2017.03.15 14:08 B G:\CONTENEDOR\sitios\activos\AEROEXPRESS\webpanel\assets\plugins\jasny\less\close.less --> hs20.ihosting.cl /public_html/desarrollo/tlc/webpanel/assets/plugins/jasny/less close.less
2017.03.15 14:08 B G:\CONTENEDOR\sitios\activos\AEROEXPRESS\webpanel\assets\plugins\jasny\less\code.less --> hs20.ihosting.cl /public_html/desarrollo/tlc/webpanel/assets/plugins/jasny/less code.less
2017.03.15 14:08 B G:\CONTENEDOR\sitios\activos\AEROEXPRESS\webpanel\assets\plugins\jasny\less\component-animations.less --> hs20.ihosting.cl /public_html/desarrollo/tlc/webpanel/assets/plugins/jasny/less component-animations.less
2017.03.15 14:08 B G:\CONTENEDOR\sitios\activos\AEROEXPRESS\webpanel\assets\plugins\jasny\less\dropdowns.less --> hs20.ihosting.cl /public_html/desarrollo/tlc/webpanel/assets/plugins/jasny/less dropdowns.less
2017.03.15 14:08 B G:\CONTENEDOR\sitios\activos\AEROEXPRESS\webpanel\assets\plugins\jasny\less\fileupload.less --> hs20.ihosting.cl /public_html/desarrollo/tlc/webpanel/assets/plugins/jasny/less fileupload.less
2017.03.15 14:08 B G:\CONTENEDOR\sitios\activos\AEROEXPRESS\webpanel\assets\plugins\jasny\less\forms-uneditable.less --> hs20.ihosting.cl /public_html/desarrollo/tlc/webpanel/assets/plugins/jasny/less forms-uneditable.less
2017.03.15 14:08 B G:\CONTENEDOR\sitios\activos\AEROEXPRESS\webpanel\assets\plugins\jasny\less\forms.less --> hs20.ihosting.cl /public_html/desarrollo/tlc/webpanel/assets/plugins/jasny/less forms.less
2017.03.15 14:08 B G:\CONTENEDOR\sitios\activos\AEROEXPRESS\webpanel\assets\plugins\jasny\less\grid.less --> hs20.ihosting.cl /public_html/desarrollo/tlc/webpanel/assets/plugins/jasny/less grid.less
2017.03.15 14:08 B G:\CONTENEDOR\sitios\activos\AEROEXPRESS\webpanel\assets\plugins\jasny\less\hero-unit.less --> hs20.ihosting.cl /public_html/desarrollo/tlc/webpanel/assets/plugins/jasny/less hero-unit.less
2017.03.15 14:08 B G:\CONTENEDOR\sitios\activos\AEROEXPRESS\webpanel\assets\plugins\jasny\less\iconic.less --> hs20.ihosting.cl /public_html/desarrollo/tlc/webpanel/assets/plugins/jasny/less iconic.less
2017.03.15 14:08 B G:\CONTENEDOR\sitios\activos\AEROEXPRESS\webpanel\assets\plugins\jasny\less\jasny-bootstrap.less --> hs20.ihosting.cl /public_html/desarrollo/tlc/webpanel/assets/plugins/jasny/less jasny-bootstrap.less
2017.03.15 14:08 B G:\CONTENEDOR\sitios\activos\AEROEXPRESS\webpanel\assets\plugins\jasny\less\jasny-forms.less --> hs20.ihosting.cl /public_html/desarrollo/tlc/webpanel/assets/plugins/jasny/less jasny-forms.less
2017.03.15 14:08 B G:\CONTENEDOR\sitios\activos\AEROEXPRESS\webpanel\assets\plugins\jasny\less\jasny-forms.responsive-1200px-min.less --> hs20.ihosting.cl /public_html/desarrollo/tlc/webpanel/assets/plugins/jasny/less jasny-forms.responsive-1200px-min.less
2017.03.15 14:08 B G:\CONTENEDOR\sitios\activos\AEROEXPRESS\webpanel\assets\plugins\jasny\less\jasny-forms.responsive-767px-max.less --> hs20.ihosting.cl /public_html/desarrollo/tlc/webpanel/assets/plugins/jasny/less jasny-forms.responsive-767px-max.less
2017.03.15 14:08 B G:\CONTENEDOR\sitios\activos\AEROEXPRESS\webpanel\assets\plugins\jasny\less\jasny-forms.responsive-768px-979px.less --> hs20.ihosting.cl /public_html/desarrollo/tlc/webpanel/assets/plugins/jasny/less jasny-forms.responsive-768px-979px.less
2017.03.15 14:08 B G:\CONTENEDOR\sitios\activos\AEROEXPRESS\webpanel\assets\plugins\jasny\less\jasny-navs-tabbable.less --> hs20.ihosting.cl /public_html/desarrollo/tlc/webpanel/assets/plugins/jasny/less jasny-navs-tabbable.less
2017.03.15 14:08 B G:\CONTENEDOR\sitios\activos\AEROEXPRESS\webpanel\assets\plugins\jasny\less\jasny-responsive.less --> hs20.ihosting.cl /public_html/desarrollo/tlc/webpanel/assets/plugins/jasny/less jasny-responsive.less
2017.03.15 14:08 B G:\CONTENEDOR\sitios\activos\AEROEXPRESS\webpanel\assets\plugins\jasny\less\labels-badges.less --> hs20.ihosting.cl /public_html/desarrollo/tlc/webpanel/assets/plugins/jasny/less labels-badges.less
2017.03.15 14:08 B G:\CONTENEDOR\sitios\activos\AEROEXPRESS\webpanel\assets\plugins\jasny\less\layouts-semifluid.less --> hs20.ihosting.cl /public_html/desarrollo/tlc/webpanel/assets/plugins/jasny/less layouts-semifluid.less
2017.03.15 14:08 B G:\CONTENEDOR\sitios\activos\AEROEXPRESS\webpanel\assets\plugins\jasny\less\layouts-semifluid.responsive-1200px-min.less --> hs20.ihosting.cl /public_html/desarrollo/tlc/webpanel/assets/plugins/jasny/less layouts-semifluid.responsive-1200px-min.less
2017.03.15 14:08 B G:\CONTENEDOR\sitios\activos\AEROEXPRESS\webpanel\assets\plugins\jasny\less\layouts.less --> hs20.ihosting.cl /public_html/desarrollo/tlc/webpanel/assets/plugins/jasny/less layouts.less
2017.03.15 14:08 B G:\CONTENEDOR\sitios\activos\AEROEXPRESS\webpanel\assets\plugins\jasny\less\media.less --> hs20.ihosting.cl /public_html/desarrollo/tlc/webpanel/assets/plugins/jasny/less media.less
2017.03.15 14:08 B G:\CONTENEDOR\sitios\activos\AEROEXPRESS\webpanel\assets\plugins\jasny\less\mixins.less --> hs20.ihosting.cl /public_html/desarrollo/tlc/webpanel/assets/plugins/jasny/less mixins.less
2017.03.15 14:08 B G:\CONTENEDOR\sitios\activos\AEROEXPRESS\webpanel\assets\plugins\jasny\less\modals.less --> hs20.ihosting.cl /public_html/desarrollo/tlc/webpanel/assets/plugins/jasny/less modals.less
2017.03.15 14:08 B G:\CONTENEDOR\sitios\activos\AEROEXPRESS\webpanel\assets\plugins\jasny\less\navbar.less --> hs20.ihosting.cl /public_html/desarrollo/tlc/webpanel/assets/plugins/jasny/less navbar.less
2017.03.15 14:08 B G:\CONTENEDOR\sitios\activos\AEROEXPRESS\webpanel\assets\plugins\jasny\less\navs.less --> hs20.ihosting.cl /public_html/desarrollo/tlc/webpanel/assets/plugins/jasny/less navs.less
2017.03.15 14:08 B G:\CONTENEDOR\sitios\activos\AEROEXPRESS\webpanel\assets\plugins\jasny\less\page-alert.less --> hs20.ihosting.cl /public_html/desarrollo/tlc/webpanel/assets/plugins/jasny/less page-alert.less
2017.03.15 14:08 B G:\CONTENEDOR\sitios\activos\AEROEXPRESS\webpanel\assets\plugins\jasny\less\page-alert.responsive-1200px-min.less --> hs20.ihosting.cl /public_html/desarrollo/tlc/webpanel/assets/plugins/jasny/less page-alert.responsive-1200px-min.less
2017.03.15 14:08 B G:\CONTENEDOR\sitios\activos\AEROEXPRESS\webpanel\assets\plugins\jasny\less\page-alert.responsive-767px-max.less --> hs20.ihosting.cl /public_html/desarrollo/tlc/webpanel/assets/plugins/jasny/less page-alert.responsive-767px-max.less
2017.03.15 14:08 B G:\CONTENEDOR\sitios\activos\AEROEXPRESS\webpanel\assets\plugins\jasny\less\pager.less --> hs20.ihosting.cl /public_html/desarrollo/tlc/webpanel/assets/plugins/jasny/less pager.less
2017.03.15 14:08 B G:\CONTENEDOR\sitios\activos\AEROEXPRESS\webpanel\assets\plugins\jasny\less\pagination.less --> hs20.ihosting.cl /public_html/desarrollo/tlc/webpanel/assets/plugins/jasny/less pagination.less
2017.03.15 14:08 B G:\CONTENEDOR\sitios\activos\AEROEXPRESS\webpanel\assets\plugins\jasny\less\popovers.less --> hs20.ihosting.cl /public_html/desarrollo/tlc/webpanel/assets/plugins/jasny/less popovers.less
2017.03.15 14:08 B G:\CONTENEDOR\sitios\activos\AEROEXPRESS\webpanel\assets\plugins\jasny\less\progress-bars.less --> hs20.ihosting.cl /public_html/desarrollo/tlc/webpanel/assets/plugins/jasny/less progress-bars.less
2017.03.15 14:08 B G:\CONTENEDOR\sitios\activos\AEROEXPRESS\webpanel\assets\plugins\jasny\less\reset.less --> hs20.ihosting.cl /public_html/desarrollo/tlc/webpanel/assets/plugins/jasny/less reset.less
2017.03.15 14:08 B G:\CONTENEDOR\sitios\activos\AEROEXPRESS\webpanel\assets\plugins\jasny\less\responsive-1200px-min.less --> hs20.ihosting.cl /public_html/desarrollo/tlc/webpanel/assets/plugins/jasny/less responsive-1200px-min.less
2017.03.15 14:08 B G:\CONTENEDOR\sitios\activos\AEROEXPRESS\webpanel\assets\plugins\jasny\less\responsive-767px-max.less --> hs20.ihosting.cl /public_html/desarrollo/tlc/webpanel/assets/plugins/jasny/less responsive-767px-max.less
2017.03.15 14:08 B G:\CONTENEDOR\sitios\activos\AEROEXPRESS\webpanel\assets\plugins\jasny\less\responsive-768px-979px.less --> hs20.ihosting.cl /public_html/desarrollo/tlc/webpanel/assets/plugins/jasny/less responsive-768px-979px.less
2017.03.15 14:08 B G:\CONTENEDOR\sitios\activos\AEROEXPRESS\webpanel\assets\plugins\jasny\less\responsive-navbar.less --> hs20.ihosting.cl /public_html/desarrollo/tlc/webpanel/assets/plugins/jasny/less responsive-navbar.less
2017.03.15 14:08 B G:\CONTENEDOR\sitios\activos\AEROEXPRESS\webpanel\assets\plugins\jasny\less\responsive-row-desktop.less --> hs20.ihosting.cl /public_html/desarrollo/tlc/webpanel/assets/plugins/jasny/less responsive-row-desktop.less
2017.03.15 14:08 B G:\CONTENEDOR\sitios\activos\AEROEXPRESS\webpanel\assets\plugins\jasny\less\responsive-tables.less --> hs20.ihosting.cl /public_html/desarrollo/tlc/webpanel/assets/plugins/jasny/less responsive-tables.less
2017.03.15 14:08 B G:\CONTENEDOR\sitios\activos\AEROEXPRESS\webpanel\assets\plugins\jasny\less\responsive-utilities.less --> hs20.ihosting.cl /public_html/desarrollo/tlc/webpanel/assets/plugins/jasny/less responsive-utilities.less
2017.03.15 14:08 B G:\CONTENEDOR\sitios\activos\AEROEXPRESS\webpanel\assets\plugins\jasny\less\responsive.less --> hs20.ihosting.cl /public_html/desarrollo/tlc/webpanel/assets/plugins/jasny/less responsive.less
2017.03.15 14:08 B G:\CONTENEDOR\sitios\activos\AEROEXPRESS\webpanel\assets\plugins\jasny\less\rowlink.less --> hs20.ihosting.cl /public_html/desarrollo/tlc/webpanel/assets/plugins/jasny/less rowlink.less
2017.03.15 14:08 B G:\CONTENEDOR\sitios\activos\AEROEXPRESS\webpanel\assets\plugins\jasny\less\scaffolding.less --> hs20.ihosting.cl /public_html/desarrollo/tlc/webpanel/assets/plugins/jasny/less scaffolding.less
2017.03.15 14:08 B G:\CONTENEDOR\sitios\activos\AEROEXPRESS\webpanel\assets\plugins\jasny\less\sprites.less --> hs20.ihosting.cl /public_html/desarrollo/tlc/webpanel/assets/plugins/jasny/less sprites.less
2017.03.15 14:08 B G:\CONTENEDOR\sitios\activos\AEROEXPRESS\webpanel\assets\plugins\jasny\less\tables.less --> hs20.ihosting.cl /public_html/desarrollo/tlc/webpanel/assets/plugins/jasny/less tables.less
2017.03.15 14:08 B G:\CONTENEDOR\sitios\activos\AEROEXPRESS\webpanel\assets\plugins\jasny\less\thumbnails.less --> hs20.ihosting.cl /public_html/desarrollo/tlc/webpanel/assets/plugins/jasny/less thumbnails.less
2017.03.15 14:08 B G:\CONTENEDOR\sitios\activos\AEROEXPRESS\webpanel\assets\plugins\jasny\less\tooltip.less --> hs20.ihosting.cl /public_html/desarrollo/tlc/webpanel/assets/plugins/jasny/less tooltip.less
2017.03.15 14:08 B G:\CONTENEDOR\sitios\activos\AEROEXPRESS\webpanel\assets\plugins\jasny\less\type.less --> hs20.ihosting.cl /public_html/desarrollo/tlc/webpanel/assets/plugins/jasny/less type.less
2017.03.15 14:08 B G:\CONTENEDOR\sitios\activos\AEROEXPRESS\webpanel\assets\plugins\jasny\less\utilities.less --> hs20.ihosting.cl /public_html/desarrollo/tlc/webpanel/assets/plugins/jasny/less utilities.less
2017.03.15 14:08 B G:\CONTENEDOR\sitios\activos\AEROEXPRESS\webpanel\assets\plugins\jasny\less\variables.less --> hs20.ihosting.cl /public_html/desarrollo/tlc/webpanel/assets/plugins/jasny/less variables.less
2017.03.15 14:08 B G:\CONTENEDOR\sitios\activos\AEROEXPRESS\webpanel\assets\plugins\jasny\less\wells.less --> hs20.ihosting.cl /public_html/desarrollo/tlc/webpanel/assets/plugins/jasny/less wells.less
2017.03.15 14:08 B G:\CONTENEDOR\sitios\activos\AEROEXPRESS\webpanel\assets\plugins\jasny\less\WS_FTP.LOG --> hs20.ihosting.cl /public_html/desarrollo/tlc/webpanel/assets/plugins/jasny/less WS_FTP.LOG
2017.05.01 19:41 B G:\CONTENEDOR\sitios\activos\tlc\webpanel\assets\plugins\jasny\less\WS_FTP.LOG --> hs33.ihosting.cl /public_html/webpanel/assets/plugins/jasny/less WS_FTP.LOG
2017.05.01 19:41 B G:\CONTENEDOR\sitios\activos\tlc\webpanel\assets\plugins\jasny\less\wells.less --> hs33.ihosting.cl /public_html/webpanel/assets/plugins/jasny/less wells.less
2017.05.01 19:41 B G:\CONTENEDOR\sitios\activos\tlc\webpanel\assets\plugins\jasny\less\variables.less --> hs33.ihosting.cl /public_html/webpanel/assets/plugins/jasny/less variables.less
2017.05.01 19:41 B G:\CONTENEDOR\sitios\activos\tlc\webpanel\assets\plugins\jasny\less\utilities.less --> hs33.ihosting.cl /public_html/webpanel/assets/plugins/jasny/less utilities.less
2017.05.01 19:41 B G:\CONTENEDOR\sitios\activos\tlc\webpanel\assets\plugins\jasny\less\type.less --> hs33.ihosting.cl /public_html/webpanel/assets/plugins/jasny/less type.less
2017.05.01 19:41 B G:\CONTENEDOR\sitios\activos\tlc\webpanel\assets\plugins\jasny\less\tooltip.less --> hs33.ihosting.cl /public_html/webpanel/assets/plugins/jasny/less tooltip.less
2017.05.01 19:41 B G:\CONTENEDOR\sitios\activos\tlc\webpanel\assets\plugins\jasny\less\thumbnails.less --> hs33.ihosting.cl /public_html/webpanel/assets/plugins/jasny/less thumbnails.less
2017.05.01 19:41 B G:\CONTENEDOR\sitios\activos\tlc\webpanel\assets\plugins\jasny\less\tables.less --> hs33.ihosting.cl /public_html/webpanel/assets/plugins/jasny/less tables.less
2017.05.01 19:41 B G:\CONTENEDOR\sitios\activos\tlc\webpanel\assets\plugins\jasny\less\sprites.less --> hs33.ihosting.cl /public_html/webpanel/assets/plugins/jasny/less sprites.less
2017.05.01 19:41 B G:\CONTENEDOR\sitios\activos\tlc\webpanel\assets\plugins\jasny\less\scaffolding.less --> hs33.ihosting.cl /public_html/webpanel/assets/plugins/jasny/less scaffolding.less
2017.05.01 19:41 B G:\CONTENEDOR\sitios\activos\tlc\webpanel\assets\plugins\jasny\less\rowlink.less --> hs33.ihosting.cl /public_html/webpanel/assets/plugins/jasny/less rowlink.less
2017.05.01 19:41 B G:\CONTENEDOR\sitios\activos\tlc\webpanel\assets\plugins\jasny\less\responsive.less --> hs33.ihosting.cl /public_html/webpanel/assets/plugins/jasny/less responsive.less
2017.05.01 19:41 B G:\CONTENEDOR\sitios\activos\tlc\webpanel\assets\plugins\jasny\less\responsive-utilities.less --> hs33.ihosting.cl /public_html/webpanel/assets/plugins/jasny/less responsive-utilities.less
2017.05.01 19:41 B G:\CONTENEDOR\sitios\activos\tlc\webpanel\assets\plugins\jasny\less\responsive-tables.less --> hs33.ihosting.cl /public_html/webpanel/assets/plugins/jasny/less responsive-tables.less
2017.05.01 19:41 B G:\CONTENEDOR\sitios\activos\tlc\webpanel\assets\plugins\jasny\less\responsive-row-desktop.less --> hs33.ihosting.cl /public_html/webpanel/assets/plugins/jasny/less responsive-row-desktop.less
2017.05.01 19:41 B G:\CONTENEDOR\sitios\activos\tlc\webpanel\assets\plugins\jasny\less\responsive-navbar.less --> hs33.ihosting.cl /public_html/webpanel/assets/plugins/jasny/less responsive-navbar.less
2017.05.01 19:41 B G:\CONTENEDOR\sitios\activos\tlc\webpanel\assets\plugins\jasny\less\responsive-768px-979px.less --> hs33.ihosting.cl /public_html/webpanel/assets/plugins/jasny/less responsive-768px-979px.less
2017.05.01 19:41 B G:\CONTENEDOR\sitios\activos\tlc\webpanel\assets\plugins\jasny\less\responsive-767px-max.less --> hs33.ihosting.cl /public_html/webpanel/assets/plugins/jasny/less responsive-767px-max.less
2017.05.01 19:41 B G:\CONTENEDOR\sitios\activos\tlc\webpanel\assets\plugins\jasny\less\responsive-1200px-min.less --> hs33.ihosting.cl /public_html/webpanel/assets/plugins/jasny/less responsive-1200px-min.less
2017.05.01 19:41 B G:\CONTENEDOR\sitios\activos\tlc\webpanel\assets\plugins\jasny\less\reset.less --> hs33.ihosting.cl /public_html/webpanel/assets/plugins/jasny/less reset.less
2017.05.01 19:41 B G:\CONTENEDOR\sitios\activos\tlc\webpanel\assets\plugins\jasny\less\progress-bars.less --> hs33.ihosting.cl /public_html/webpanel/assets/plugins/jasny/less progress-bars.less
2017.05.01 19:41 B G:\CONTENEDOR\sitios\activos\tlc\webpanel\assets\plugins\jasny\less\popovers.less --> hs33.ihosting.cl /public_html/webpanel/assets/plugins/jasny/less popovers.less
2017.05.01 19:41 B G:\CONTENEDOR\sitios\activos\tlc\webpanel\assets\plugins\jasny\less\pagination.less --> hs33.ihosting.cl /public_html/webpanel/assets/plugins/jasny/less pagination.less
2017.05.01 19:41 B G:\CONTENEDOR\sitios\activos\tlc\webpanel\assets\plugins\jasny\less\pager.less --> hs33.ihosting.cl /public_html/webpanel/assets/plugins/jasny/less pager.less
2017.05.01 19:41 B G:\CONTENEDOR\sitios\activos\tlc\webpanel\assets\plugins\jasny\less\page-alert.responsive-767px-max.less --> hs33.ihosting.cl /public_html/webpanel/assets/plugins/jasny/less page-alert.responsive-767px-max.less
2017.05.01 19:41 B G:\CONTENEDOR\sitios\activos\tlc\webpanel\assets\plugins\jasny\less\page-alert.responsive-1200px-min.less --> hs33.ihosting.cl /public_html/webpanel/assets/plugins/jasny/less page-alert.responsive-1200px-min.less
2017.05.01 19:41 B G:\CONTENEDOR\sitios\activos\tlc\webpanel\assets\plugins\jasny\less\page-alert.less --> hs33.ihosting.cl /public_html/webpanel/assets/plugins/jasny/less page-alert.less
2017.05.01 19:41 B G:\CONTENEDOR\sitios\activos\tlc\webpanel\assets\plugins\jasny\less\navs.less --> hs33.ihosting.cl /public_html/webpanel/assets/plugins/jasny/less navs.less
2017.05.01 19:41 B G:\CONTENEDOR\sitios\activos\tlc\webpanel\assets\plugins\jasny\less\navbar.less --> hs33.ihosting.cl /public_html/webpanel/assets/plugins/jasny/less navbar.less
2017.05.01 19:41 B G:\CONTENEDOR\sitios\activos\tlc\webpanel\assets\plugins\jasny\less\modals.less --> hs33.ihosting.cl /public_html/webpanel/assets/plugins/jasny/less modals.less
2017.05.01 19:41 B G:\CONTENEDOR\sitios\activos\tlc\webpanel\assets\plugins\jasny\less\mixins.less --> hs33.ihosting.cl /public_html/webpanel/assets/plugins/jasny/less mixins.less
2017.05.01 19:41 B G:\CONTENEDOR\sitios\activos\tlc\webpanel\assets\plugins\jasny\less\media.less --> hs33.ihosting.cl /public_html/webpanel/assets/plugins/jasny/less media.less
2017.05.01 19:41 B G:\CONTENEDOR\sitios\activos\tlc\webpanel\assets\plugins\jasny\less\layouts.less --> hs33.ihosting.cl /public_html/webpanel/assets/plugins/jasny/less layouts.less
2017.05.01 19:41 B G:\CONTENEDOR\sitios\activos\tlc\webpanel\assets\plugins\jasny\less\layouts-semifluid.responsive-1200px-min.less --> hs33.ihosting.cl /public_html/webpanel/assets/plugins/jasny/less layouts-semifluid.responsive-1200px-min.less
2017.05.01 19:41 B G:\CONTENEDOR\sitios\activos\tlc\webpanel\assets\plugins\jasny\less\layouts-semifluid.less --> hs33.ihosting.cl /public_html/webpanel/assets/plugins/jasny/less layouts-semifluid.less
2017.05.01 19:41 B G:\CONTENEDOR\sitios\activos\tlc\webpanel\assets\plugins\jasny\less\labels-badges.less --> hs33.ihosting.cl /public_html/webpanel/assets/plugins/jasny/less labels-badges.less
2017.05.01 19:41 B G:\CONTENEDOR\sitios\activos\tlc\webpanel\assets\plugins\jasny\less\jasny-responsive.less --> hs33.ihosting.cl /public_html/webpanel/assets/plugins/jasny/less jasny-responsive.less
2017.05.01 19:41 B G:\CONTENEDOR\sitios\activos\tlc\webpanel\assets\plugins\jasny\less\jasny-navs-tabbable.less --> hs33.ihosting.cl /public_html/webpanel/assets/plugins/jasny/less jasny-navs-tabbable.less
2017.05.01 19:41 B G:\CONTENEDOR\sitios\activos\tlc\webpanel\assets\plugins\jasny\less\jasny-forms.responsive-768px-979px.less --> hs33.ihosting.cl /public_html/webpanel/assets/plugins/jasny/less jasny-forms.responsive-768px-979px.less
2017.05.01 19:41 B G:\CONTENEDOR\sitios\activos\tlc\webpanel\assets\plugins\jasny\less\jasny-forms.responsive-767px-max.less --> hs33.ihosting.cl /public_html/webpanel/assets/plugins/jasny/less jasny-forms.responsive-767px-max.less
2017.05.01 19:41 B G:\CONTENEDOR\sitios\activos\tlc\webpanel\assets\plugins\jasny\less\jasny-forms.responsive-1200px-min.less --> hs33.ihosting.cl /public_html/webpanel/assets/plugins/jasny/less jasny-forms.responsive-1200px-min.less
2017.05.01 19:41 B G:\CONTENEDOR\sitios\activos\tlc\webpanel\assets\plugins\jasny\less\jasny-forms.less --> hs33.ihosting.cl /public_html/webpanel/assets/plugins/jasny/less jasny-forms.less
2017.05.01 19:41 B G:\CONTENEDOR\sitios\activos\tlc\webpanel\assets\plugins\jasny\less\jasny-bootstrap.less --> hs33.ihosting.cl /public_html/webpanel/assets/plugins/jasny/less jasny-bootstrap.less
2017.05.01 19:41 B G:\CONTENEDOR\sitios\activos\tlc\webpanel\assets\plugins\jasny\less\iconic.less --> hs33.ihosting.cl /public_html/webpanel/assets/plugins/jasny/less iconic.less
2017.05.01 19:41 B G:\CONTENEDOR\sitios\activos\tlc\webpanel\assets\plugins\jasny\less\hero-unit.less --> hs33.ihosting.cl /public_html/webpanel/assets/plugins/jasny/less hero-unit.less
2017.05.01 19:41 B G:\CONTENEDOR\sitios\activos\tlc\webpanel\assets\plugins\jasny\less\grid.less --> hs33.ihosting.cl /public_html/webpanel/assets/plugins/jasny/less grid.less
2017.05.01 19:41 B G:\CONTENEDOR\sitios\activos\tlc\webpanel\assets\plugins\jasny\less\forms.less --> hs33.ihosting.cl /public_html/webpanel/assets/plugins/jasny/less forms.less
2017.05.01 19:41 B G:\CONTENEDOR\sitios\activos\tlc\webpanel\assets\plugins\jasny\less\forms-uneditable.less --> hs33.ihosting.cl /public_html/webpanel/assets/plugins/jasny/less forms-uneditable.less
2017.05.01 19:41 B G:\CONTENEDOR\sitios\activos\tlc\webpanel\assets\plugins\jasny\less\fileupload.less --> hs33.ihosting.cl /public_html/webpanel/assets/plugins/jasny/less fileupload.less
2017.05.01 19:41 B G:\CONTENEDOR\sitios\activos\tlc\webpanel\assets\plugins\jasny\less\dropdowns.less --> hs33.ihosting.cl /public_html/webpanel/assets/plugins/jasny/less dropdowns.less
2017.05.01 19:41 B G:\CONTENEDOR\sitios\activos\tlc\webpanel\assets\plugins\jasny\less\component-animations.less --> hs33.ihosting.cl /public_html/webpanel/assets/plugins/jasny/less component-animations.less
2017.05.01 19:41 B G:\CONTENEDOR\sitios\activos\tlc\webpanel\assets\plugins\jasny\less\code.less --> hs33.ihosting.cl /public_html/webpanel/assets/plugins/jasny/less code.less
2017.05.01 19:41 B G:\CONTENEDOR\sitios\activos\tlc\webpanel\assets\plugins\jasny\less\close.less --> hs33.ihosting.cl /public_html/webpanel/assets/plugins/jasny/less close.less
2017.05.01 19:41 B G:\CONTENEDOR\sitios\activos\tlc\webpanel\assets\plugins\jasny\less\carousel.less --> hs33.ihosting.cl /public_html/webpanel/assets/plugins/jasny/less carousel.less
2017.05.01 19:41 B G:\CONTENEDOR\sitios\activos\tlc\webpanel\assets\plugins\jasny\less\buttons.less --> hs33.ihosting.cl /public_html/webpanel/assets/plugins/jasny/less buttons.less
2017.05.01 19:41 B G:\CONTENEDOR\sitios\activos\tlc\webpanel\assets\plugins\jasny\less\button-groups.less --> hs33.ihosting.cl /public_html/webpanel/assets/plugins/jasny/less button-groups.less
2017.05.01 19:41 B G:\CONTENEDOR\sitios\activos\tlc\webpanel\assets\plugins\jasny\less\breadcrumbs.less --> hs33.ihosting.cl /public_html/webpanel/assets/plugins/jasny/less breadcrumbs.less
2017.05.01 19:41 B G:\CONTENEDOR\sitios\activos\tlc\webpanel\assets\plugins\jasny\less\bootstrap.less --> hs33.ihosting.cl /public_html/webpanel/assets/plugins/jasny/less bootstrap.less
2017.05.01 19:41 B G:\CONTENEDOR\sitios\activos\tlc\webpanel\assets\plugins\jasny\less\alerts.less --> hs33.ihosting.cl /public_html/webpanel/assets/plugins/jasny/less alerts.less
2017.05.01 19:41 B G:\CONTENEDOR\sitios\activos\tlc\webpanel\assets\plugins\jasny\less\action-links.less --> hs33.ihosting.cl /public_html/webpanel/assets/plugins/jasny/less action-links.less
2017.05.01 19:41 B G:\CONTENEDOR\sitios\activos\tlc\webpanel\assets\plugins\jasny\less\action-areas.less --> hs33.ihosting.cl /public_html/webpanel/assets/plugins/jasny/less action-areas.less
2017.05.01 19:41 B G:\CONTENEDOR\sitios\activos\tlc\webpanel\assets\plugins\jasny\less\accordion.less --> hs33.ihosting.cl /public_html/webpanel/assets/plugins/jasny/less accordion.less
