2016.09.14 21:06 B G:\CONTENEDOR\sitios\activos\AEROEXPRESS\webpanel\assets\plugins\flot\examples\axes-time-zones\tz\zone.tab <-- AEROEXPRESS /public_html/webpanel/assets/plugins/flot/examples/axes-time-zones/tz zone.tab
2016.09.14 21:06 B G:\CONTENEDOR\sitios\activos\AEROEXPRESS\webpanel\assets\plugins\flot\examples\axes-time-zones\tz\yearistype.sh <-- AEROEXPRESS /public_html/webpanel/assets/plugins/flot/examples/axes-time-zones/tz yearistype.sh
2016.09.14 21:06 B G:\CONTENEDOR\sitios\activos\AEROEXPRESS\webpanel\assets\plugins\flot\examples\axes-time-zones\tz\systemv <-- AEROEXPRESS /public_html/webpanel/assets/plugins/flot/examples/axes-time-zones/tz systemv
2016.09.14 21:07 B G:\CONTENEDOR\sitios\activos\AEROEXPRESS\webpanel\assets\plugins\flot\examples\axes-time-zones\tz\southamerica <-- AEROEXPRESS /public_html/webpanel/assets/plugins/flot/examples/axes-time-zones/tz southamerica
2016.09.14 21:07 B G:\CONTENEDOR\sitios\activos\AEROEXPRESS\webpanel\assets\plugins\flot\examples\axes-time-zones\tz\solar89 <-- AEROEXPRESS /public_html/webpanel/assets/plugins/flot/examples/axes-time-zones/tz solar89
2016.09.14 21:07 B G:\CONTENEDOR\sitios\activos\AEROEXPRESS\webpanel\assets\plugins\flot\examples\axes-time-zones\tz\solar88 <-- AEROEXPRESS /public_html/webpanel/assets/plugins/flot/examples/axes-time-zones/tz solar88
2016.09.14 21:07 B G:\CONTENEDOR\sitios\activos\AEROEXPRESS\webpanel\assets\plugins\flot\examples\axes-time-zones\tz\solar87 <-- AEROEXPRESS /public_html/webpanel/assets/plugins/flot/examples/axes-time-zones/tz solar87
2016.09.14 21:07 B G:\CONTENEDOR\sitios\activos\AEROEXPRESS\webpanel\assets\plugins\flot\examples\axes-time-zones\tz\pacificnew <-- AEROEXPRESS /public_html/webpanel/assets/plugins/flot/examples/axes-time-zones/tz pacificnew
2016.09.14 21:07 B G:\CONTENEDOR\sitios\activos\AEROEXPRESS\webpanel\assets\plugins\flot\examples\axes-time-zones\tz\northamerica <-- AEROEXPRESS /public_html/webpanel/assets/plugins/flot/examples/axes-time-zones/tz northamerica
2016.09.14 21:07 B G:\CONTENEDOR\sitios\activos\AEROEXPRESS\webpanel\assets\plugins\flot\examples\axes-time-zones\tz\leapseconds <-- AEROEXPRESS /public_html/webpanel/assets/plugins/flot/examples/axes-time-zones/tz leapseconds
2016.09.14 21:07 B G:\CONTENEDOR\sitios\activos\AEROEXPRESS\webpanel\assets\plugins\flot\examples\axes-time-zones\tz\iso3166.tab <-- AEROEXPRESS /public_html/webpanel/assets/plugins/flot/examples/axes-time-zones/tz iso3166.tab
2016.09.14 21:07 B G:\CONTENEDOR\sitios\activos\AEROEXPRESS\webpanel\assets\plugins\flot\examples\axes-time-zones\tz\factory <-- AEROEXPRESS /public_html/webpanel/assets/plugins/flot/examples/axes-time-zones/tz factory
2016.09.14 21:07 B G:\CONTENEDOR\sitios\activos\AEROEXPRESS\webpanel\assets\plugins\flot\examples\axes-time-zones\tz\europe <-- AEROEXPRESS /public_html/webpanel/assets/plugins/flot/examples/axes-time-zones/tz europe
2016.09.14 21:07 B G:\CONTENEDOR\sitios\activos\AEROEXPRESS\webpanel\assets\plugins\flot\examples\axes-time-zones\tz\etcetera <-- AEROEXPRESS /public_html/webpanel/assets/plugins/flot/examples/axes-time-zones/tz etcetera
2016.09.14 21:07 B G:\CONTENEDOR\sitios\activos\AEROEXPRESS\webpanel\assets\plugins\flot\examples\axes-time-zones\tz\backward <-- AEROEXPRESS /public_html/webpanel/assets/plugins/flot/examples/axes-time-zones/tz backward
2016.09.14 21:07 B G:\CONTENEDOR\sitios\activos\AEROEXPRESS\webpanel\assets\plugins\flot\examples\axes-time-zones\tz\australasia <-- AEROEXPRESS /public_html/webpanel/assets/plugins/flot/examples/axes-time-zones/tz australasia
2016.09.14 21:07 B G:\CONTENEDOR\sitios\activos\AEROEXPRESS\webpanel\assets\plugins\flot\examples\axes-time-zones\tz\asia <-- AEROEXPRESS /public_html/webpanel/assets/plugins/flot/examples/axes-time-zones/tz asia
2016.09.14 21:07 B G:\CONTENEDOR\sitios\activos\AEROEXPRESS\webpanel\assets\plugins\flot\examples\axes-time-zones\tz\antarctica <-- AEROEXPRESS /public_html/webpanel/assets/plugins/flot/examples/axes-time-zones/tz antarctica
2016.09.14 21:07 B G:\CONTENEDOR\sitios\activos\AEROEXPRESS\webpanel\assets\plugins\flot\examples\axes-time-zones\tz\africa <-- AEROEXPRESS /public_html/webpanel/assets/plugins/flot/examples/axes-time-zones/tz africa
2017.03.15 14:04 B G:\CONTENEDOR\sitios\activos\AEROEXPRESS\webpanel\assets\plugins\flot\examples\axes-time-zones\tz\africa --> hs20.ihosting.cl /public_html/desarrollo/tlc/webpanel/assets/plugins/flot/examples/axes-time-zones/tz africa
2017.03.15 14:04 B G:\CONTENEDOR\sitios\activos\AEROEXPRESS\webpanel\assets\plugins\flot\examples\axes-time-zones\tz\antarctica --> hs20.ihosting.cl /public_html/desarrollo/tlc/webpanel/assets/plugins/flot/examples/axes-time-zones/tz antarctica
2017.03.15 14:04 B G:\CONTENEDOR\sitios\activos\AEROEXPRESS\webpanel\assets\plugins\flot\examples\axes-time-zones\tz\asia --> hs20.ihosting.cl /public_html/desarrollo/tlc/webpanel/assets/plugins/flot/examples/axes-time-zones/tz asia
2017.03.15 14:04 B G:\CONTENEDOR\sitios\activos\AEROEXPRESS\webpanel\assets\plugins\flot\examples\axes-time-zones\tz\australasia --> hs20.ihosting.cl /public_html/desarrollo/tlc/webpanel/assets/plugins/flot/examples/axes-time-zones/tz australasia
2017.03.15 14:04 B G:\CONTENEDOR\sitios\activos\AEROEXPRESS\webpanel\assets\plugins\flot\examples\axes-time-zones\tz\backward --> hs20.ihosting.cl /public_html/desarrollo/tlc/webpanel/assets/plugins/flot/examples/axes-time-zones/tz backward
2017.03.15 14:04 B G:\CONTENEDOR\sitios\activos\AEROEXPRESS\webpanel\assets\plugins\flot\examples\axes-time-zones\tz\etcetera --> hs20.ihosting.cl /public_html/desarrollo/tlc/webpanel/assets/plugins/flot/examples/axes-time-zones/tz etcetera
2017.03.15 14:04 B G:\CONTENEDOR\sitios\activos\AEROEXPRESS\webpanel\assets\plugins\flot\examples\axes-time-zones\tz\europe --> hs20.ihosting.cl /public_html/desarrollo/tlc/webpanel/assets/plugins/flot/examples/axes-time-zones/tz europe
2017.03.15 14:04 B G:\CONTENEDOR\sitios\activos\AEROEXPRESS\webpanel\assets\plugins\flot\examples\axes-time-zones\tz\factory --> hs20.ihosting.cl /public_html/desarrollo/tlc/webpanel/assets/plugins/flot/examples/axes-time-zones/tz factory
2017.03.15 14:04 B G:\CONTENEDOR\sitios\activos\AEROEXPRESS\webpanel\assets\plugins\flot\examples\axes-time-zones\tz\iso3166.tab --> hs20.ihosting.cl /public_html/desarrollo/tlc/webpanel/assets/plugins/flot/examples/axes-time-zones/tz iso3166.tab
2017.03.15 14:04 B G:\CONTENEDOR\sitios\activos\AEROEXPRESS\webpanel\assets\plugins\flot\examples\axes-time-zones\tz\leapseconds --> hs20.ihosting.cl /public_html/desarrollo/tlc/webpanel/assets/plugins/flot/examples/axes-time-zones/tz leapseconds
2017.03.15 14:04 B G:\CONTENEDOR\sitios\activos\AEROEXPRESS\webpanel\assets\plugins\flot\examples\axes-time-zones\tz\northamerica --> hs20.ihosting.cl /public_html/desarrollo/tlc/webpanel/assets/plugins/flot/examples/axes-time-zones/tz northamerica
2017.03.15 14:04 B G:\CONTENEDOR\sitios\activos\AEROEXPRESS\webpanel\assets\plugins\flot\examples\axes-time-zones\tz\pacificnew --> hs20.ihosting.cl /public_html/desarrollo/tlc/webpanel/assets/plugins/flot/examples/axes-time-zones/tz pacificnew
2017.03.15 14:04 B G:\CONTENEDOR\sitios\activos\AEROEXPRESS\webpanel\assets\plugins\flot\examples\axes-time-zones\tz\solar87 --> hs20.ihosting.cl /public_html/desarrollo/tlc/webpanel/assets/plugins/flot/examples/axes-time-zones/tz solar87
2017.03.15 14:04 B G:\CONTENEDOR\sitios\activos\AEROEXPRESS\webpanel\assets\plugins\flot\examples\axes-time-zones\tz\solar88 --> hs20.ihosting.cl /public_html/desarrollo/tlc/webpanel/assets/plugins/flot/examples/axes-time-zones/tz solar88
2017.03.15 14:04 B G:\CONTENEDOR\sitios\activos\AEROEXPRESS\webpanel\assets\plugins\flot\examples\axes-time-zones\tz\solar89 --> hs20.ihosting.cl /public_html/desarrollo/tlc/webpanel/assets/plugins/flot/examples/axes-time-zones/tz solar89
2017.03.15 14:04 B G:\CONTENEDOR\sitios\activos\AEROEXPRESS\webpanel\assets\plugins\flot\examples\axes-time-zones\tz\southamerica --> hs20.ihosting.cl /public_html/desarrollo/tlc/webpanel/assets/plugins/flot/examples/axes-time-zones/tz southamerica
2017.03.15 14:04 B G:\CONTENEDOR\sitios\activos\AEROEXPRESS\webpanel\assets\plugins\flot\examples\axes-time-zones\tz\systemv --> hs20.ihosting.cl /public_html/desarrollo/tlc/webpanel/assets/plugins/flot/examples/axes-time-zones/tz systemv
2017.03.15 14:04 B G:\CONTENEDOR\sitios\activos\AEROEXPRESS\webpanel\assets\plugins\flot\examples\axes-time-zones\tz\WS_FTP.LOG --> hs20.ihosting.cl /public_html/desarrollo/tlc/webpanel/assets/plugins/flot/examples/axes-time-zones/tz WS_FTP.LOG
2017.03.15 14:04 B G:\CONTENEDOR\sitios\activos\AEROEXPRESS\webpanel\assets\plugins\flot\examples\axes-time-zones\tz\yearistype.sh --> hs20.ihosting.cl /public_html/desarrollo/tlc/webpanel/assets/plugins/flot/examples/axes-time-zones/tz yearistype.sh
2017.03.15 14:04 B G:\CONTENEDOR\sitios\activos\AEROEXPRESS\webpanel\assets\plugins\flot\examples\axes-time-zones\tz\zone.tab --> hs20.ihosting.cl /public_html/desarrollo/tlc/webpanel/assets/plugins/flot/examples/axes-time-zones/tz zone.tab
