2016.09.14 21:06 B G:\CONTENEDOR\sitios\activos\AEROEXPRESS\webpanel\assets\plugins\Font-Awesome\src\whats-new.html <-- AEROEXPRESS /public_html/webpanel/assets/plugins/Font-Awesome/src whats-new.html
2016.09.14 21:06 B G:\CONTENEDOR\sitios\activos\AEROEXPRESS\webpanel\assets\plugins\Font-Awesome\src\test.html <-- AEROEXPRESS /public_html/webpanel/assets/plugins/Font-Awesome/src test.html
2016.09.14 21:06 B G:\CONTENEDOR\sitios\activos\AEROEXPRESS\webpanel\assets\plugins\Font-Awesome\src\license.html <-- AEROEXPRESS /public_html/webpanel/assets/plugins/Font-Awesome/src license.html
2016.09.14 21:06 B G:\CONTENEDOR\sitios\activos\AEROEXPRESS\webpanel\assets\plugins\Font-Awesome\src\index.html <-- AEROEXPRESS /public_html/webpanel/assets/plugins/Font-Awesome/src index.html
2016.09.14 21:06 B G:\CONTENEDOR\sitios\activos\AEROEXPRESS\webpanel\assets\plugins\Font-Awesome\src\icons.yml <-- AEROEXPRESS /public_html/webpanel/assets/plugins/Font-Awesome/src icons.yml
2016.09.14 21:06 B G:\CONTENEDOR\sitios\activos\AEROEXPRESS\webpanel\assets\plugins\Font-Awesome\src\icons.html <-- AEROEXPRESS /public_html/webpanel/assets/plugins/Font-Awesome/src icons.html
2016.09.14 21:06 B G:\CONTENEDOR\sitios\activos\AEROEXPRESS\webpanel\assets\plugins\Font-Awesome\src\get-started.html <-- AEROEXPRESS /public_html/webpanel/assets/plugins/Font-Awesome/src get-started.html
2016.09.14 21:06 B G:\CONTENEDOR\sitios\activos\AEROEXPRESS\webpanel\assets\plugins\Font-Awesome\src\examples.html <-- AEROEXPRESS /public_html/webpanel/assets/plugins/Font-Awesome/src examples.html
2016.09.14 21:06 B G:\CONTENEDOR\sitios\activos\AEROEXPRESS\webpanel\assets\plugins\Font-Awesome\src\design.html <-- AEROEXPRESS /public_html/webpanel/assets/plugins/Font-Awesome/src design.html
2016.09.14 21:06 B G:\CONTENEDOR\sitios\activos\AEROEXPRESS\webpanel\assets\plugins\Font-Awesome\src\community.html <-- AEROEXPRESS /public_html/webpanel/assets/plugins/Font-Awesome/src community.html
2016.09.14 21:06 B G:\CONTENEDOR\sitios\activos\AEROEXPRESS\webpanel\assets\plugins\Font-Awesome\src\cheatsheet.html <-- AEROEXPRESS /public_html/webpanel/assets/plugins/Font-Awesome/src cheatsheet.html
2017.03.15 14:06 B G:\CONTENEDOR\sitios\activos\AEROEXPRESS\webpanel\assets\plugins\Font-Awesome\src\cheatsheet.html --> hs20.ihosting.cl /public_html/desarrollo/tlc/webpanel/assets/plugins/Font-Awesome/src cheatsheet.html
2017.03.15 14:06 B G:\CONTENEDOR\sitios\activos\AEROEXPRESS\webpanel\assets\plugins\Font-Awesome\src\community.html --> hs20.ihosting.cl /public_html/desarrollo/tlc/webpanel/assets/plugins/Font-Awesome/src community.html
2017.03.15 14:06 B G:\CONTENEDOR\sitios\activos\AEROEXPRESS\webpanel\assets\plugins\Font-Awesome\src\design.html --> hs20.ihosting.cl /public_html/desarrollo/tlc/webpanel/assets/plugins/Font-Awesome/src design.html
2017.03.15 14:06 B G:\CONTENEDOR\sitios\activos\AEROEXPRESS\webpanel\assets\plugins\Font-Awesome\src\examples.html --> hs20.ihosting.cl /public_html/desarrollo/tlc/webpanel/assets/plugins/Font-Awesome/src examples.html
2017.03.15 14:06 B G:\CONTENEDOR\sitios\activos\AEROEXPRESS\webpanel\assets\plugins\Font-Awesome\src\get-started.html --> hs20.ihosting.cl /public_html/desarrollo/tlc/webpanel/assets/plugins/Font-Awesome/src get-started.html
2017.03.15 14:06 B G:\CONTENEDOR\sitios\activos\AEROEXPRESS\webpanel\assets\plugins\Font-Awesome\src\icons.html --> hs20.ihosting.cl /public_html/desarrollo/tlc/webpanel/assets/plugins/Font-Awesome/src icons.html
2017.03.15 14:06 B G:\CONTENEDOR\sitios\activos\AEROEXPRESS\webpanel\assets\plugins\Font-Awesome\src\icons.yml --> hs20.ihosting.cl /public_html/desarrollo/tlc/webpanel/assets/plugins/Font-Awesome/src icons.yml
2017.03.15 14:06 B G:\CONTENEDOR\sitios\activos\AEROEXPRESS\webpanel\assets\plugins\Font-Awesome\src\index.html --> hs20.ihosting.cl /public_html/desarrollo/tlc/webpanel/assets/plugins/Font-Awesome/src index.html
2017.03.15 14:06 B G:\CONTENEDOR\sitios\activos\AEROEXPRESS\webpanel\assets\plugins\Font-Awesome\src\license.html --> hs20.ihosting.cl /public_html/desarrollo/tlc/webpanel/assets/plugins/Font-Awesome/src license.html
2017.03.15 14:06 B G:\CONTENEDOR\sitios\activos\AEROEXPRESS\webpanel\assets\plugins\Font-Awesome\src\test.html --> hs20.ihosting.cl /public_html/desarrollo/tlc/webpanel/assets/plugins/Font-Awesome/src test.html
2017.03.15 14:06 B G:\CONTENEDOR\sitios\activos\AEROEXPRESS\webpanel\assets\plugins\Font-Awesome\src\whats-new.html --> hs20.ihosting.cl /public_html/desarrollo/tlc/webpanel/assets/plugins/Font-Awesome/src whats-new.html
2017.03.15 14:06 B G:\CONTENEDOR\sitios\activos\AEROEXPRESS\webpanel\assets\plugins\Font-Awesome\src\WS_FTP.LOG --> hs20.ihosting.cl /public_html/desarrollo/tlc/webpanel/assets/plugins/Font-Awesome/src WS_FTP.LOG
