2015.10.14 18:18 B G:\CONTENEDOR\sitios\activos\GARVESHOP\soon\web\images\bg.jpg --> hs12.ihosting.cl /httpdocs/desarrollo/GARVESHOP/soon/web/images bg.jpg
2015.10.14 18:18 B G:\CONTENEDOR\sitios\activos\GARVESHOP\soon\web\images\Thumbs.db --> hs12.ihosting.cl /httpdocs/desarrollo/GARVESHOP/soon/web/images Thumbs.db
2015.10.14 18:18 B G:\CONTENEDOR\sitios\activos\GARVESHOP\soon\web\images\pattern.png --> hs12.ihosting.cl /httpdocs/desarrollo/GARVESHOP/soon/web/images pattern.png
2015.10.14 18:18 B G:\CONTENEDOR\sitios\activos\GARVESHOP\soon\web\images\twitter.png --> hs12.ihosting.cl /httpdocs/desarrollo/GARVESHOP/soon/web/images twitter.png
2015.10.14 18:18 B G:\CONTENEDOR\sitios\activos\GARVESHOP\soon\web\images\rss.png --> hs12.ihosting.cl /httpdocs/desarrollo/GARVESHOP/soon/web/images rss.png
2015.10.14 18:18 B G:\CONTENEDOR\sitios\activos\GARVESHOP\soon\web\images\gpluse.png --> hs12.ihosting.cl /httpdocs/desarrollo/GARVESHOP/soon/web/images gpluse.png
2015.10.14 18:18 B G:\CONTENEDOR\sitios\activos\GARVESHOP\soon\web\images\facebook.png --> hs12.ihosting.cl /httpdocs/desarrollo/GARVESHOP/soon/web/images facebook.png
2015.10.14 18:25 B G:\CONTENEDOR\sitios\activos\GARVESHOP\soon\web\images\twitter.png --> hs12.ihosting.cl /httpdocs/desarrollo/GARVESHOP/soon/web/images twitter.png
2015.10.14 18:25 B G:\CONTENEDOR\sitios\activos\GARVESHOP\soon\web\images\rss.png --> hs12.ihosting.cl /httpdocs/desarrollo/GARVESHOP/soon/web/images rss.png
2015.10.14 18:25 B G:\CONTENEDOR\sitios\activos\GARVESHOP\soon\web\images\gpluse.png --> hs12.ihosting.cl /httpdocs/desarrollo/GARVESHOP/soon/web/images gpluse.png
2015.10.14 18:25 B G:\CONTENEDOR\sitios\activos\GARVESHOP\soon\web\images\facebook.png --> hs12.ihosting.cl /httpdocs/desarrollo/GARVESHOP/soon/web/images facebook.png
2015.10.14 18:28 B G:\CONTENEDOR\sitios\activos\GARVESHOP\soon\web\images\logo.png --> hs12.ihosting.cl /httpdocs/desarrollo/GARVESHOP/soon/web/images logo.png
2015.10.14 18:29 B G:\CONTENEDOR\sitios\activos\GARVESHOP\soon\web\images\logo.png --> hs12.ihosting.cl /httpdocs/desarrollo/GARVESHOP/soon/web/images logo.png
2015.10.14 18:31 B G:\CONTENEDOR\sitios\activos\GARVESHOP\soon\web\images\logo.png --> hs12.ihosting.cl /httpdocs/desarrollo/GARVESHOP/soon/web/images logo.png
2015.10.14 18:32 B G:\CONTENEDOR\sitios\activos\GARVESHOP\soon\web\images\logo.png --> hs12.ihosting.cl /httpdocs/desarrollo/GARVESHOP/soon/web/images logo.png
2015.10.16 13:22 B G:\CONTENEDOR\sitios\activos\GARVESHOP\soon\web\images\WS_FTP.LOG --> ftp.garveshop.com /public_html/web/images WS_FTP.LOG
2015.10.16 13:22 B G:\CONTENEDOR\sitios\activos\GARVESHOP\soon\web\images\logo.png --> ftp.garveshop.com /public_html/web/images logo.png
2015.10.16 13:22 B G:\CONTENEDOR\sitios\activos\GARVESHOP\soon\web\images\twitter.png --> ftp.garveshop.com /public_html/web/images twitter.png
2015.10.16 13:22 B G:\CONTENEDOR\sitios\activos\GARVESHOP\soon\web\images\rss.png --> ftp.garveshop.com /public_html/web/images rss.png
2015.10.16 13:22 B G:\CONTENEDOR\sitios\activos\GARVESHOP\soon\web\images\gpluse.png --> ftp.garveshop.com /public_html/web/images gpluse.png
2015.10.16 13:22 B G:\CONTENEDOR\sitios\activos\GARVESHOP\soon\web\images\facebook.png --> ftp.garveshop.com /public_html/web/images facebook.png
2015.10.16 13:23 B G:\CONTENEDOR\sitios\activos\GARVESHOP\soon\web\images\bg.jpg --> ftp.garveshop.com /public_html/web/images bg.jpg
2015.10.16 13:23 B G:\CONTENEDOR\sitios\activos\GARVESHOP\soon\web\images\Thumbs.db --> ftp.garveshop.com /public_html/web/images Thumbs.db
2015.10.16 13:23 B G:\CONTENEDOR\sitios\activos\GARVESHOP\soon\web\images\pattern.png --> ftp.garveshop.com /public_html/web/images pattern.png
2015.10.16 13:59 B G:\CONTENEDOR\sitios\activos\GARVESHOP\soon\web\images\volver.png --> ftp.garveshop.com /public_html/web/images volver.png
2015.11.19 23:55 B G:\CONTENEDOR\sitios\activos\GARVE_NEW\soon\web\images\WS_FTP.LOG <-- GARVE IIA /public_html/soon/web/images WS_FTP.LOG
2015.11.27 17:44 B G:\CONTENEDOR\sitios\activos\NATHAN2\soon\images\logo.png --> hs12.ihosting.cl /httpdocs/desarrollo/nathan/soon/images logo.png
2015.11.27 17:44 B G:\CONTENEDOR\sitios\activos\NATHAN2\soon\images\bg.jpg --> hs12.ihosting.cl /httpdocs/desarrollo/nathan/soon/images bg.jpg
2015.11.27 17:44 B G:\CONTENEDOR\sitios\activos\NATHAN2\soon\images\WS_FTP.LOG --> hs12.ihosting.cl /httpdocs/desarrollo/nathan/soon/images WS_FTP.LOG
2015.11.27 17:44 B G:\CONTENEDOR\sitios\activos\NATHAN2\soon\images\volver.png --> hs12.ihosting.cl /httpdocs/desarrollo/nathan/soon/images volver.png
2015.11.27 17:44 B G:\CONTENEDOR\sitios\activos\NATHAN2\soon\images\twitter.png --> hs12.ihosting.cl /httpdocs/desarrollo/nathan/soon/images twitter.png
2015.11.27 17:44 B G:\CONTENEDOR\sitios\activos\NATHAN2\soon\images\Thumbs.db --> hs12.ihosting.cl /httpdocs/desarrollo/nathan/soon/images Thumbs.db
2015.11.27 17:44 B G:\CONTENEDOR\sitios\activos\NATHAN2\soon\images\rss.png --> hs12.ihosting.cl /httpdocs/desarrollo/nathan/soon/images rss.png
2015.11.27 17:44 B G:\CONTENEDOR\sitios\activos\NATHAN2\soon\images\pattern.png --> hs12.ihosting.cl /httpdocs/desarrollo/nathan/soon/images pattern.png
2015.11.27 17:44 B G:\CONTENEDOR\sitios\activos\NATHAN2\soon\images\gpluse.png --> hs12.ihosting.cl /httpdocs/desarrollo/nathan/soon/images gpluse.png
2015.11.27 17:44 B G:\CONTENEDOR\sitios\activos\NATHAN2\soon\images\facebook.png --> hs12.ihosting.cl /httpdocs/desarrollo/nathan/soon/images facebook.png
2015.11.27 17:52 B G:\CONTENEDOR\sitios\activos\NATHAN2\soon\images\WS_FTP.LOG --> 190.3.171.23 /public_html/soon/images WS_FTP.LOG
2015.11.27 17:52 B G:\CONTENEDOR\sitios\activos\NATHAN2\soon\images\logo.png --> 190.3.171.23 /public_html/soon/images logo.png
2015.11.27 17:52 B G:\CONTENEDOR\sitios\activos\NATHAN2\soon\images\bg.jpg --> 190.3.171.23 /public_html/soon/images bg.jpg
2015.11.27 17:52 B G:\CONTENEDOR\sitios\activos\NATHAN2\soon\images\volver.png --> 190.3.171.23 /public_html/soon/images volver.png
2015.11.27 17:52 B G:\CONTENEDOR\sitios\activos\NATHAN2\soon\images\twitter.png --> 190.3.171.23 /public_html/soon/images twitter.png
2015.11.27 17:52 B G:\CONTENEDOR\sitios\activos\NATHAN2\soon\images\Thumbs.db --> 190.3.171.23 /public_html/soon/images Thumbs.db
2015.11.27 17:52 B G:\CONTENEDOR\sitios\activos\NATHAN2\soon\images\rss.png --> 190.3.171.23 /public_html/soon/images rss.png
2015.11.27 17:52 B G:\CONTENEDOR\sitios\activos\NATHAN2\soon\images\pattern.png --> 190.3.171.23 /public_html/soon/images pattern.png
2015.11.27 17:52 B G:\CONTENEDOR\sitios\activos\NATHAN2\soon\images\gpluse.png --> 190.3.171.23 /public_html/soon/images gpluse.png
2015.11.27 17:52 B G:\CONTENEDOR\sitios\activos\NATHAN2\soon\images\facebook.png --> 190.3.171.23 /public_html/soon/images facebook.png
2015.12.01 17:09 B G:\CONTENEDOR\sitios\activos\NATHAN2\soon\images\WS_FTP.LOG --> hs30.ihosting.cl /public_html/soon/images WS_FTP.LOG
2015.12.01 17:09 B G:\CONTENEDOR\sitios\activos\NATHAN2\soon\images\logo.png --> hs30.ihosting.cl /public_html/soon/images logo.png
2015.12.01 17:09 B G:\CONTENEDOR\sitios\activos\NATHAN2\soon\images\bg.jpg --> hs30.ihosting.cl /public_html/soon/images bg.jpg
2015.12.01 17:09 B G:\CONTENEDOR\sitios\activos\NATHAN2\soon\images\volver.png --> hs30.ihosting.cl /public_html/soon/images volver.png
2015.12.01 17:09 B G:\CONTENEDOR\sitios\activos\NATHAN2\soon\images\twitter.png --> hs30.ihosting.cl /public_html/soon/images twitter.png
2015.12.01 17:09 B G:\CONTENEDOR\sitios\activos\NATHAN2\soon\images\Thumbs.db --> hs30.ihosting.cl /public_html/soon/images Thumbs.db
2015.12.01 17:09 B G:\CONTENEDOR\sitios\activos\NATHAN2\soon\images\rss.png --> hs30.ihosting.cl /public_html/soon/images rss.png
2015.12.01 17:09 B G:\CONTENEDOR\sitios\activos\NATHAN2\soon\images\pattern.png --> hs30.ihosting.cl /public_html/soon/images pattern.png
2015.12.01 17:09 B G:\CONTENEDOR\sitios\activos\NATHAN2\soon\images\gpluse.png --> hs30.ihosting.cl /public_html/soon/images gpluse.png
2015.12.01 17:09 B G:\CONTENEDOR\sitios\activos\NATHAN2\soon\images\facebook.png --> hs30.ihosting.cl /public_html/soon/images facebook.png
2015.12.01 17:13 B G:\CONTENEDOR\sitios\activos\VECINDAD_DEL_CHEF\soon\images\bg.jpg --> hs30.ihosting.cl /public_html/soon/images bg.jpg
2015.12.01 17:15 B G:\CONTENEDOR\sitios\activos\VECINDAD_DEL_CHEF\soon\images\WS_FTP.LOG --> hs12.ihosting.cl /httpdocs/desarrollo/vecindad/soon/images WS_FTP.LOG
2015.12.01 17:15 B G:\CONTENEDOR\sitios\activos\VECINDAD_DEL_CHEF\soon\images\bg.jpg --> hs12.ihosting.cl /httpdocs/desarrollo/vecindad/soon/images bg.jpg
2015.12.01 17:15 B G:\CONTENEDOR\sitios\activos\VECINDAD_DEL_CHEF\soon\images\logo.png --> hs12.ihosting.cl /httpdocs/desarrollo/vecindad/soon/images logo.png
2015.12.01 17:15 B G:\CONTENEDOR\sitios\activos\VECINDAD_DEL_CHEF\soon\images\volver.png --> hs12.ihosting.cl /httpdocs/desarrollo/vecindad/soon/images volver.png
2015.12.01 17:15 B G:\CONTENEDOR\sitios\activos\VECINDAD_DEL_CHEF\soon\images\twitter.png --> hs12.ihosting.cl /httpdocs/desarrollo/vecindad/soon/images twitter.png
2015.12.01 17:15 B G:\CONTENEDOR\sitios\activos\VECINDAD_DEL_CHEF\soon\images\Thumbs.db --> hs12.ihosting.cl /httpdocs/desarrollo/vecindad/soon/images Thumbs.db
2015.12.01 17:15 B G:\CONTENEDOR\sitios\activos\VECINDAD_DEL_CHEF\soon\images\rss.png --> hs12.ihosting.cl /httpdocs/desarrollo/vecindad/soon/images rss.png
2015.12.01 17:15 B G:\CONTENEDOR\sitios\activos\VECINDAD_DEL_CHEF\soon\images\pattern.png --> hs12.ihosting.cl /httpdocs/desarrollo/vecindad/soon/images pattern.png
2015.12.01 17:15 B G:\CONTENEDOR\sitios\activos\VECINDAD_DEL_CHEF\soon\images\gpluse.png --> hs12.ihosting.cl /httpdocs/desarrollo/vecindad/soon/images gpluse.png
2015.12.01 17:15 B G:\CONTENEDOR\sitios\activos\VECINDAD_DEL_CHEF\soon\images\facebook.png --> hs12.ihosting.cl /httpdocs/desarrollo/vecindad/soon/images facebook.png
2015.12.01 17:18 B G:\CONTENEDOR\sitios\activos\VECINDAD_DEL_CHEF\soon\images\logo.png --> hs12.ihosting.cl /httpdocs/desarrollo/vecindad/soon/images logo.png
2015.12.01 17:19 B G:\CONTENEDOR\sitios\activos\VECINDAD_DEL_CHEF\soon\images\logo.png --> hs12.ihosting.cl /httpdocs/desarrollo/vecindad/soon/images logo.png
2015.12.01 17:31 B G:\CONTENEDOR\sitios\activos\VECINDAD_DEL_CHEF\soon\images\logo.png --> hs30.ihosting.cl /public_html/soon/images logo.png
2015.12.01 17:31 B G:\CONTENEDOR\sitios\activos\VECINDAD_DEL_CHEF\soon\images\bg.jpg --> hs30.ihosting.cl /public_html/soon/images bg.jpg
2015.12.03 15:44 B G:\CONTENEDOR\sitios\activos\VECINDAD_DEL_CHEF\soon\images\rss.png --> hs30.ihosting.cl /public_html/soon/images rss.png
2015.12.03 15:45 B G:\CONTENEDOR\sitios\activos\VECINDAD_DEL_CHEF\soon\images\rss.png --> hs30.ihosting.cl /public_html/soon/images rss.png
2015.12.03 15:46 B G:\CONTENEDOR\sitios\activos\VECINDAD_DEL_CHEF\soon\images\rss.png --> hs30.ihosting.cl /public_html/soon/images rss.png
2015.12.31 11:46 B G:\CONTENEDOR\sitios\activos\VECINDAD_DEL_CHEF\soon\images\WS_FTP.LOG --> riveragestoria.cl /public_html/soon/images WS_FTP.LOG
2015.12.31 11:46 B G:\CONTENEDOR\sitios\activos\VECINDAD_DEL_CHEF\soon\images\rss.png --> riveragestoria.cl /public_html/soon/images rss.png
2015.12.31 11:46 B G:\CONTENEDOR\sitios\activos\VECINDAD_DEL_CHEF\soon\images\logo.png --> riveragestoria.cl /public_html/soon/images logo.png
2015.12.31 11:46 B G:\CONTENEDOR\sitios\activos\VECINDAD_DEL_CHEF\soon\images\bg.jpg --> riveragestoria.cl /public_html/soon/images bg.jpg
2015.12.31 11:46 B G:\CONTENEDOR\sitios\activos\VECINDAD_DEL_CHEF\soon\images\volver.png --> riveragestoria.cl /public_html/soon/images volver.png
2015.12.31 11:46 B G:\CONTENEDOR\sitios\activos\VECINDAD_DEL_CHEF\soon\images\twitter.png --> riveragestoria.cl /public_html/soon/images twitter.png
2015.12.31 11:46 B G:\CONTENEDOR\sitios\activos\VECINDAD_DEL_CHEF\soon\images\Thumbs.db --> riveragestoria.cl /public_html/soon/images Thumbs.db
2015.12.31 11:46 B G:\CONTENEDOR\sitios\activos\VECINDAD_DEL_CHEF\soon\images\pattern.png --> riveragestoria.cl /public_html/soon/images pattern.png
2015.12.31 11:46 B G:\CONTENEDOR\sitios\activos\VECINDAD_DEL_CHEF\soon\images\gpluse.png --> riveragestoria.cl /public_html/soon/images gpluse.png
2015.12.31 11:46 B G:\CONTENEDOR\sitios\activos\VECINDAD_DEL_CHEF\soon\images\facebook.png --> riveragestoria.cl /public_html/soon/images facebook.png
2015.12.31 12:07 B G:\CONTENEDOR\sitios\activos\RIVERA_GESTORIA\soon\images\bg.jpg --> riveragestoria.cl /public_html/soon/images bg.jpg
2015.12.31 12:09 B G:\CONTENEDOR\sitios\activos\RIVERA_GESTORIA\soon\images\bg.jpg --> riveragestoria.cl /public_html/soon/images bg.jpg
2015.12.31 12:10 B G:\CONTENEDOR\sitios\activos\RIVERA_GESTORIA\soon\images\bg.jpg --> riveragestoria.cl /public_html/soon/images bg.jpg
2015.12.31 12:10 B G:\CONTENEDOR\sitios\activos\RIVERA_GESTORIA\soon\images\bg.jpg --> riveragestoria.cl /public_html/soon/images bg.jpg
2015.12.31 12:11 B G:\CONTENEDOR\sitios\activos\RIVERA_GESTORIA\soon\images\bg.jpg --> riveragestoria.cl /public_html/soon/images bg.jpg
2015.12.31 12:12 B G:\CONTENEDOR\sitios\activos\RIVERA_GESTORIA\soon\images\logo.png --> riveragestoria.cl /public_html/soon/images logo.png
2015.12.31 12:13 B G:\CONTENEDOR\sitios\activos\RIVERA_GESTORIA\soon\images\logo.png --> riveragestoria.cl /public_html/soon/images logo.png
2015.12.31 12:14 B G:\CONTENEDOR\sitios\activos\RIVERA_GESTORIA\soon\images\volver.png --> riveragestoria.cl /public_html/soon/images volver.png
2015.12.31 12:15 B G:\CONTENEDOR\sitios\activos\RIVERA_GESTORIA\soon\images\facebook.png --> riveragestoria.cl /public_html/soon/images facebook.png
2016.01.05 13:35 B G:\CONTENEDOR\sitios\activos\RIVERA_GESTORIA\soon\images\logo.png --> riveragestoria.cl /public_html/soon/images logo.png
2016.01.05 13:35 B G:\CONTENEDOR\sitios\activos\RIVERA_GESTORIA\soon\images\logo.png --> riveragestoria.cl /public_html/soon/images logo.png
2016.04.16 22:40 B G:\CONTENEDOR\sitios\activos\AEROEXPRESS\soon\images\WS_FTP.LOG --> hs31.ihosting.cl /public_html/soon/images WS_FTP.LOG
2016.04.16 22:40 B G:\CONTENEDOR\sitios\activos\AEROEXPRESS\soon\images\logo.png --> hs31.ihosting.cl /public_html/soon/images logo.png
2016.04.16 22:40 B G:\CONTENEDOR\sitios\activos\AEROEXPRESS\soon\images\facebook.png --> hs31.ihosting.cl /public_html/soon/images facebook.png
2016.04.16 22:40 B G:\CONTENEDOR\sitios\activos\AEROEXPRESS\soon\images\volver.png --> hs31.ihosting.cl /public_html/soon/images volver.png
2016.04.16 22:40 B G:\CONTENEDOR\sitios\activos\AEROEXPRESS\soon\images\bg.jpg --> hs31.ihosting.cl /public_html/soon/images bg.jpg
2016.04.16 22:40 B G:\CONTENEDOR\sitios\activos\AEROEXPRESS\soon\images\rss.png --> hs31.ihosting.cl /public_html/soon/images rss.png
2016.04.16 22:40 B G:\CONTENEDOR\sitios\activos\AEROEXPRESS\soon\images\twitter.png --> hs31.ihosting.cl /public_html/soon/images twitter.png
2016.04.16 22:40 B G:\CONTENEDOR\sitios\activos\AEROEXPRESS\soon\images\Thumbs.db --> hs31.ihosting.cl /public_html/soon/images Thumbs.db
2016.04.16 22:40 B G:\CONTENEDOR\sitios\activos\AEROEXPRESS\soon\images\pattern.png --> hs31.ihosting.cl /public_html/soon/images pattern.png
2016.04.16 22:40 B G:\CONTENEDOR\sitios\activos\AEROEXPRESS\soon\images\gpluse.png --> hs31.ihosting.cl /public_html/soon/images gpluse.png
2016.04.16 22:43 B G:\CONTENEDOR\sitios\activos\AEROEXPRESS\soon\images\logo.png --> hs31.ihosting.cl /public_html/soon/images logo.png
2016.04.16 22:45 B G:\CONTENEDOR\sitios\activos\AEROEXPRESS\soon\images\bg.jpg --> hs31.ihosting.cl /public_html/soon/images bg.jpg
2016.04.16 22:53 B G:\CONTENEDOR\sitios\activos\AEROEXPRESS\soon\images\bg.jpg --> hs31.ihosting.cl /public_html/soon/images bg.jpg
2016.04.16 22:55 B G:\CONTENEDOR\sitios\activos\AEROEXPRESS\soon\images\bg.jpg --> hs31.ihosting.cl /public_html/soon/images bg.jpg
2016.04.16 22:56 B G:\CONTENEDOR\sitios\activos\AEROEXPRESS\soon\images\logo.png --> hs31.ihosting.cl /public_html/soon/images logo.png
2016.04.16 23:11 B G:\CONTENEDOR\sitios\activos\AEROEXPRESS\soon\images\bg.jpg --> hs31.ihosting.cl /public_html/soon/images bg.jpg
2016.04.16 23:12 B G:\CONTENEDOR\sitios\activos\AEROEXPRESS\soon\images\bg.jpg --> hs31.ihosting.cl /public_html/soon/images bg.jpg
2016.04.16 23:12 B G:\CONTENEDOR\sitios\activos\AEROEXPRESS\soon\images\bg.jpg --> hs31.ihosting.cl /public_html/soon/images bg.jpg
2016.04.16 23:14 B G:\CONTENEDOR\sitios\activos\AEROEXPRESS\soon\images\bg.jpg --> hs31.ihosting.cl /public_html/soon/images bg.jpg
2016.09.14 21:10 B G:\CONTENEDOR\sitios\activos\AEROEXPRESS\soon\images\WS_FTP.LOG <-- AEROEXPRESS /public_html/soon/images WS_FTP.LOG
2016.09.14 21:10 B G:\CONTENEDOR\sitios\activos\AEROEXPRESS\soon\images\bg.jpg <-- AEROEXPRESS /public_html/soon/images bg.jpg
2016.09.14 21:10 B G:\CONTENEDOR\sitios\activos\AEROEXPRESS\soon\images\logo.png <-- AEROEXPRESS /public_html/soon/images logo.png
2016.09.14 21:10 B G:\CONTENEDOR\sitios\activos\AEROEXPRESS\soon\images\volver.png <-- AEROEXPRESS /public_html/soon/images volver.png
2016.09.14 21:10 B G:\CONTENEDOR\sitios\activos\AEROEXPRESS\soon\images\twitter.png <-- AEROEXPRESS /public_html/soon/images twitter.png
2016.09.14 21:10 B G:\CONTENEDOR\sitios\activos\AEROEXPRESS\soon\images\Thumbs.db <-- AEROEXPRESS /public_html/soon/images Thumbs.db
2016.09.14 21:10 B G:\CONTENEDOR\sitios\activos\AEROEXPRESS\soon\images\rss.png <-- AEROEXPRESS /public_html/soon/images rss.png
2016.09.14 21:10 B G:\CONTENEDOR\sitios\activos\AEROEXPRESS\soon\images\pattern.png <-- AEROEXPRESS /public_html/soon/images pattern.png
2016.09.14 21:10 B G:\CONTENEDOR\sitios\activos\AEROEXPRESS\soon\images\gpluse.png <-- AEROEXPRESS /public_html/soon/images gpluse.png
2016.09.14 21:10 B G:\CONTENEDOR\sitios\activos\AEROEXPRESS\soon\images\facebook.png <-- AEROEXPRESS /public_html/soon/images facebook.png
2017.03.15 14:03 B G:\CONTENEDOR\sitios\activos\AEROEXPRESS\soon\images\bg.jpg --> hs20.ihosting.cl /public_html/desarrollo/tlc/soon/images bg.jpg
2017.03.15 14:03 B G:\CONTENEDOR\sitios\activos\AEROEXPRESS\soon\images\facebook.png --> hs20.ihosting.cl /public_html/desarrollo/tlc/soon/images facebook.png
2017.03.15 14:03 B G:\CONTENEDOR\sitios\activos\AEROEXPRESS\soon\images\gpluse.png --> hs20.ihosting.cl /public_html/desarrollo/tlc/soon/images gpluse.png
2017.03.15 14:03 B G:\CONTENEDOR\sitios\activos\AEROEXPRESS\soon\images\logo.png --> hs20.ihosting.cl /public_html/desarrollo/tlc/soon/images logo.png
2017.03.15 14:03 B G:\CONTENEDOR\sitios\activos\AEROEXPRESS\soon\images\pattern.png --> hs20.ihosting.cl /public_html/desarrollo/tlc/soon/images pattern.png
2017.03.15 14:03 B G:\CONTENEDOR\sitios\activos\AEROEXPRESS\soon\images\rss.png --> hs20.ihosting.cl /public_html/desarrollo/tlc/soon/images rss.png
2017.03.15 14:03 B G:\CONTENEDOR\sitios\activos\AEROEXPRESS\soon\images\Thumbs.db --> hs20.ihosting.cl /public_html/desarrollo/tlc/soon/images Thumbs.db
2017.03.15 14:03 B G:\CONTENEDOR\sitios\activos\AEROEXPRESS\soon\images\twitter.png --> hs20.ihosting.cl /public_html/desarrollo/tlc/soon/images twitter.png
2017.03.15 14:03 B G:\CONTENEDOR\sitios\activos\AEROEXPRESS\soon\images\volver.png --> hs20.ihosting.cl /public_html/desarrollo/tlc/soon/images volver.png
2017.03.15 14:03 B G:\CONTENEDOR\sitios\activos\AEROEXPRESS\soon\images\WS_FTP.LOG --> hs20.ihosting.cl /public_html/desarrollo/tlc/soon/images WS_FTP.LOG
2017.03.20 19:23 B G:\CONTENEDOR\sitios\activos\tlc\soon\images\logo.png --> hs20.ihosting.cl /public_html/desarrollo/tlc/soon/images logo.png
2017.03.20 19:23 B G:\CONTENEDOR\sitios\activos\tlc\soon\images\logo.png --> hs20.ihosting.cl /public_html/desarrollo/tlc/soon/images logo.png
2017.04.16 15:16 B G:\CONTENEDOR\sitios\activos\tlc\soon\images\WS_FTP.LOG --> hs33.ihosting.cl /public_html/images WS_FTP.LOG
2017.04.16 15:16 B G:\CONTENEDOR\sitios\activos\tlc\soon\images\logo.png --> hs33.ihosting.cl /public_html/images logo.png
2017.04.16 15:16 B G:\CONTENEDOR\sitios\activos\tlc\soon\images\bg.jpg --> hs33.ihosting.cl /public_html/images bg.jpg
2017.04.16 15:16 B G:\CONTENEDOR\sitios\activos\tlc\soon\images\volver.png --> hs33.ihosting.cl /public_html/images volver.png
2017.04.16 15:16 B G:\CONTENEDOR\sitios\activos\tlc\soon\images\twitter.png --> hs33.ihosting.cl /public_html/images twitter.png
2017.04.16 15:16 B G:\CONTENEDOR\sitios\activos\tlc\soon\images\Thumbs.db --> hs33.ihosting.cl /public_html/images Thumbs.db
2017.04.16 15:16 B G:\CONTENEDOR\sitios\activos\tlc\soon\images\rss.png --> hs33.ihosting.cl /public_html/images rss.png
2017.04.16 15:16 B G:\CONTENEDOR\sitios\activos\tlc\soon\images\pattern.png --> hs33.ihosting.cl /public_html/images pattern.png
2017.04.16 15:16 B G:\CONTENEDOR\sitios\activos\tlc\soon\images\gpluse.png --> hs33.ihosting.cl /public_html/images gpluse.png
2017.04.16 15:16 B G:\CONTENEDOR\sitios\activos\tlc\soon\images\facebook.png --> hs33.ihosting.cl /public_html/images facebook.png
2017.04.16 15:18 B G:\CONTENEDOR\sitios\activos\tlc\soon\images\bg.jpg --> hs33.ihosting.cl /public_html/images bg.jpg
2017.04.16 15:19 B G:\CONTENEDOR\sitios\activos\tlc\soon\images\bg.jpg --> hs33.ihosting.cl /public_html/images bg.jpg
2017.05.01 19:24 B G:\CONTENEDOR\sitios\activos\tlc\soon\images\WS_FTP.LOG --> hs33.ihosting.cl /public_html/soon/images WS_FTP.LOG
2017.05.01 19:24 B G:\CONTENEDOR\sitios\activos\tlc\soon\images\logo.png --> hs33.ihosting.cl /public_html/soon/images logo.png
2017.05.01 19:24 B G:\CONTENEDOR\sitios\activos\tlc\soon\images\bg.jpg --> hs33.ihosting.cl /public_html/soon/images bg.jpg
2017.05.01 19:24 B G:\CONTENEDOR\sitios\activos\tlc\soon\images\volver.png --> hs33.ihosting.cl /public_html/soon/images volver.png
2017.05.01 19:24 B G:\CONTENEDOR\sitios\activos\tlc\soon\images\twitter.png --> hs33.ihosting.cl /public_html/soon/images twitter.png
2017.05.01 19:24 B G:\CONTENEDOR\sitios\activos\tlc\soon\images\Thumbs.db --> hs33.ihosting.cl /public_html/soon/images Thumbs.db
2017.05.01 19:24 B G:\CONTENEDOR\sitios\activos\tlc\soon\images\rss.png --> hs33.ihosting.cl /public_html/soon/images rss.png
2017.05.01 19:24 B G:\CONTENEDOR\sitios\activos\tlc\soon\images\pattern.png --> hs33.ihosting.cl /public_html/soon/images pattern.png
2017.05.01 19:24 B G:\CONTENEDOR\sitios\activos\tlc\soon\images\gpluse.png --> hs33.ihosting.cl /public_html/soon/images gpluse.png
2017.05.01 19:24 B G:\CONTENEDOR\sitios\activos\tlc\soon\images\facebook.png --> hs33.ihosting.cl /public_html/soon/images facebook.png
