2016.09.14 21:05 B G:\CONTENEDOR\sitios\activos\AEROEXPRESS\webpanel\assets\plugins\jasny\docs\scaffolding.html <-- AEROEXPRESS /public_html/webpanel/assets/plugins/jasny/docs scaffolding.html
2016.09.14 21:05 B G:\CONTENEDOR\sitios\activos\AEROEXPRESS\webpanel\assets\plugins\jasny\docs\javascript.html <-- AEROEXPRESS /public_html/webpanel/assets/plugins/jasny/docs javascript.html
2016.09.14 21:05 B G:\CONTENEDOR\sitios\activos\AEROEXPRESS\webpanel\assets\plugins\jasny\docs\index.html <-- AEROEXPRESS /public_html/webpanel/assets/plugins/jasny/docs index.html
2016.09.14 21:05 B G:\CONTENEDOR\sitios\activos\AEROEXPRESS\webpanel\assets\plugins\jasny\docs\getting-started.html <-- AEROEXPRESS /public_html/webpanel/assets/plugins/jasny/docs getting-started.html
2016.09.14 21:05 B G:\CONTENEDOR\sitios\activos\AEROEXPRESS\webpanel\assets\plugins\jasny\docs\extend.html <-- AEROEXPRESS /public_html/webpanel/assets/plugins/jasny/docs extend.html
2016.09.14 21:05 B G:\CONTENEDOR\sitios\activos\AEROEXPRESS\webpanel\assets\plugins\jasny\docs\customize.html <-- AEROEXPRESS /public_html/webpanel/assets/plugins/jasny/docs customize.html
2016.09.14 21:05 B G:\CONTENEDOR\sitios\activos\AEROEXPRESS\webpanel\assets\plugins\jasny\docs\components.html <-- AEROEXPRESS /public_html/webpanel/assets/plugins/jasny/docs components.html
2016.09.14 21:05 B G:\CONTENEDOR\sitios\activos\AEROEXPRESS\webpanel\assets\plugins\jasny\docs\base-css.html <-- AEROEXPRESS /public_html/webpanel/assets/plugins/jasny/docs base-css.html
2017.03.15 14:08 B G:\CONTENEDOR\sitios\activos\AEROEXPRESS\webpanel\assets\plugins\jasny\docs\base-css.html --> hs20.ihosting.cl /public_html/desarrollo/tlc/webpanel/assets/plugins/jasny/docs base-css.html
2017.03.15 14:08 B G:\CONTENEDOR\sitios\activos\AEROEXPRESS\webpanel\assets\plugins\jasny\docs\components.html --> hs20.ihosting.cl /public_html/desarrollo/tlc/webpanel/assets/plugins/jasny/docs components.html
2017.03.15 14:08 B G:\CONTENEDOR\sitios\activos\AEROEXPRESS\webpanel\assets\plugins\jasny\docs\customize.html --> hs20.ihosting.cl /public_html/desarrollo/tlc/webpanel/assets/plugins/jasny/docs customize.html
2017.03.15 14:08 B G:\CONTENEDOR\sitios\activos\AEROEXPRESS\webpanel\assets\plugins\jasny\docs\extend.html --> hs20.ihosting.cl /public_html/desarrollo/tlc/webpanel/assets/plugins/jasny/docs extend.html
2017.03.15 14:08 B G:\CONTENEDOR\sitios\activos\AEROEXPRESS\webpanel\assets\plugins\jasny\docs\getting-started.html --> hs20.ihosting.cl /public_html/desarrollo/tlc/webpanel/assets/plugins/jasny/docs getting-started.html
2017.03.15 14:08 B G:\CONTENEDOR\sitios\activos\AEROEXPRESS\webpanel\assets\plugins\jasny\docs\index.html --> hs20.ihosting.cl /public_html/desarrollo/tlc/webpanel/assets/plugins/jasny/docs index.html
2017.03.15 14:08 B G:\CONTENEDOR\sitios\activos\AEROEXPRESS\webpanel\assets\plugins\jasny\docs\javascript.html --> hs20.ihosting.cl /public_html/desarrollo/tlc/webpanel/assets/plugins/jasny/docs javascript.html
2017.03.15 14:08 B G:\CONTENEDOR\sitios\activos\AEROEXPRESS\webpanel\assets\plugins\jasny\docs\scaffolding.html --> hs20.ihosting.cl /public_html/desarrollo/tlc/webpanel/assets/plugins/jasny/docs scaffolding.html
2017.03.15 14:08 B G:\CONTENEDOR\sitios\activos\AEROEXPRESS\webpanel\assets\plugins\jasny\docs\WS_FTP.LOG --> hs20.ihosting.cl /public_html/desarrollo/tlc/webpanel/assets/plugins/jasny/docs WS_FTP.LOG
2017.05.01 19:43 B G:\CONTENEDOR\sitios\activos\tlc\webpanel\assets\plugins\jasny\docs\WS_FTP.LOG --> hs33.ihosting.cl /public_html/webpanel/assets/plugins/jasny/docs WS_FTP.LOG
2017.05.01 19:43 B G:\CONTENEDOR\sitios\activos\tlc\webpanel\assets\plugins\jasny\docs\scaffolding.html --> hs33.ihosting.cl /public_html/webpanel/assets/plugins/jasny/docs scaffolding.html
2017.05.01 19:43 B G:\CONTENEDOR\sitios\activos\tlc\webpanel\assets\plugins\jasny\docs\javascript.html --> hs33.ihosting.cl /public_html/webpanel/assets/plugins/jasny/docs javascript.html
2017.05.01 19:43 B G:\CONTENEDOR\sitios\activos\tlc\webpanel\assets\plugins\jasny\docs\index.html --> hs33.ihosting.cl /public_html/webpanel/assets/plugins/jasny/docs index.html
2017.05.01 19:43 B G:\CONTENEDOR\sitios\activos\tlc\webpanel\assets\plugins\jasny\docs\getting-started.html --> hs33.ihosting.cl /public_html/webpanel/assets/plugins/jasny/docs getting-started.html
2017.05.01 19:43 B G:\CONTENEDOR\sitios\activos\tlc\webpanel\assets\plugins\jasny\docs\extend.html --> hs33.ihosting.cl /public_html/webpanel/assets/plugins/jasny/docs extend.html
2017.05.01 19:43 B G:\CONTENEDOR\sitios\activos\tlc\webpanel\assets\plugins\jasny\docs\customize.html --> hs33.ihosting.cl /public_html/webpanel/assets/plugins/jasny/docs customize.html
2017.05.01 19:43 B G:\CONTENEDOR\sitios\activos\tlc\webpanel\assets\plugins\jasny\docs\components.html --> hs33.ihosting.cl /public_html/webpanel/assets/plugins/jasny/docs components.html
2017.05.01 19:43 B G:\CONTENEDOR\sitios\activos\tlc\webpanel\assets\plugins\jasny\docs\base-css.html --> hs33.ihosting.cl /public_html/webpanel/assets/plugins/jasny/docs base-css.html
