2015.10.14 18:18 B G:\CONTENEDOR\sitios\activos\GARVESHOP\soon\web\fonts\stylesheet.css --> hs12.ihosting.cl /httpdocs/desarrollo/GARVESHOP/soon/web/fonts stylesheet.css
2015.10.14 18:18 B G:\CONTENEDOR\sitios\activos\GARVESHOP\soon\web\fonts\BEBAS___-webfont.woff --> hs12.ihosting.cl /httpdocs/desarrollo/GARVESHOP/soon/web/fonts BEBAS___-webfont.woff
2015.10.14 18:18 B G:\CONTENEDOR\sitios\activos\GARVESHOP\soon\web\fonts\BEBAS___-webfont.eot --> hs12.ihosting.cl /httpdocs/desarrollo/GARVESHOP/soon/web/fonts BEBAS___-webfont.eot
2015.10.16 13:23 B G:\CONTENEDOR\sitios\activos\GARVESHOP\soon\web\fonts\WS_FTP.LOG --> ftp.garveshop.com /public_html/web/fonts WS_FTP.LOG
2015.10.16 13:23 B G:\CONTENEDOR\sitios\activos\GARVESHOP\soon\web\fonts\stylesheet.css --> ftp.garveshop.com /public_html/web/fonts stylesheet.css
2015.10.16 13:23 B G:\CONTENEDOR\sitios\activos\GARVESHOP\soon\web\fonts\BEBAS___-webfont.woff --> ftp.garveshop.com /public_html/web/fonts BEBAS___-webfont.woff
2015.10.16 13:23 B G:\CONTENEDOR\sitios\activos\GARVESHOP\soon\web\fonts\BEBAS___-webfont.eot --> ftp.garveshop.com /public_html/web/fonts BEBAS___-webfont.eot
2015.11.19 23:55 B G:\CONTENEDOR\sitios\activos\GARVE_NEW\soon\web\fonts\WS_FTP.LOG <-- GARVE IIA /public_html/soon/web/fonts WS_FTP.LOG
2015.11.27 17:44 B G:\CONTENEDOR\sitios\activos\NATHAN2\soon\fonts\WS_FTP.LOG --> hs12.ihosting.cl /httpdocs/desarrollo/nathan/soon/fonts WS_FTP.LOG
2015.11.27 17:44 B G:\CONTENEDOR\sitios\activos\NATHAN2\soon\fonts\stylesheet.css --> hs12.ihosting.cl /httpdocs/desarrollo/nathan/soon/fonts stylesheet.css
2015.11.27 17:44 B G:\CONTENEDOR\sitios\activos\NATHAN2\soon\fonts\BEBAS___-webfont.woff --> hs12.ihosting.cl /httpdocs/desarrollo/nathan/soon/fonts BEBAS___-webfont.woff
2015.11.27 17:44 B G:\CONTENEDOR\sitios\activos\NATHAN2\soon\fonts\BEBAS___-webfont.eot --> hs12.ihosting.cl /httpdocs/desarrollo/nathan/soon/fonts BEBAS___-webfont.eot
2015.11.27 17:52 B G:\CONTENEDOR\sitios\activos\NATHAN2\soon\fonts\WS_FTP.LOG --> 190.3.171.23 /public_html/soon/fonts WS_FTP.LOG
2015.11.27 17:52 B G:\CONTENEDOR\sitios\activos\NATHAN2\soon\fonts\stylesheet.css --> 190.3.171.23 /public_html/soon/fonts stylesheet.css
2015.11.27 17:52 B G:\CONTENEDOR\sitios\activos\NATHAN2\soon\fonts\BEBAS___-webfont.woff --> 190.3.171.23 /public_html/soon/fonts BEBAS___-webfont.woff
2015.11.27 17:52 B G:\CONTENEDOR\sitios\activos\NATHAN2\soon\fonts\BEBAS___-webfont.eot --> 190.3.171.23 /public_html/soon/fonts BEBAS___-webfont.eot
2015.12.01 17:10 B G:\CONTENEDOR\sitios\activos\NATHAN2\soon\fonts\WS_FTP.LOG --> hs30.ihosting.cl /public_html/soon/fonts WS_FTP.LOG
2015.12.01 17:10 B G:\CONTENEDOR\sitios\activos\NATHAN2\soon\fonts\stylesheet.css --> hs30.ihosting.cl /public_html/soon/fonts stylesheet.css
2015.12.01 17:10 B G:\CONTENEDOR\sitios\activos\NATHAN2\soon\fonts\BEBAS___-webfont.woff --> hs30.ihosting.cl /public_html/soon/fonts BEBAS___-webfont.woff
2015.12.01 17:10 B G:\CONTENEDOR\sitios\activos\NATHAN2\soon\fonts\BEBAS___-webfont.eot --> hs30.ihosting.cl /public_html/soon/fonts BEBAS___-webfont.eot
2015.12.01 17:15 B G:\CONTENEDOR\sitios\activos\VECINDAD_DEL_CHEF\soon\fonts\WS_FTP.LOG --> hs12.ihosting.cl /httpdocs/desarrollo/vecindad/soon/fonts WS_FTP.LOG
2015.12.01 17:15 B G:\CONTENEDOR\sitios\activos\VECINDAD_DEL_CHEF\soon\fonts\stylesheet.css --> hs12.ihosting.cl /httpdocs/desarrollo/vecindad/soon/fonts stylesheet.css
2015.12.01 17:15 B G:\CONTENEDOR\sitios\activos\VECINDAD_DEL_CHEF\soon\fonts\BEBAS___-webfont.woff --> hs12.ihosting.cl /httpdocs/desarrollo/vecindad/soon/fonts BEBAS___-webfont.woff
2015.12.01 17:15 B G:\CONTENEDOR\sitios\activos\VECINDAD_DEL_CHEF\soon\fonts\BEBAS___-webfont.eot --> hs12.ihosting.cl /httpdocs/desarrollo/vecindad/soon/fonts BEBAS___-webfont.eot
2015.12.31 11:47 B G:\CONTENEDOR\sitios\activos\VECINDAD_DEL_CHEF\soon\fonts\WS_FTP.LOG --> riveragestoria.cl /public_html/soon/fonts WS_FTP.LOG
2015.12.31 11:47 B G:\CONTENEDOR\sitios\activos\VECINDAD_DEL_CHEF\soon\fonts\stylesheet.css --> riveragestoria.cl /public_html/soon/fonts stylesheet.css
2015.12.31 11:47 B G:\CONTENEDOR\sitios\activos\VECINDAD_DEL_CHEF\soon\fonts\BEBAS___-webfont.woff --> riveragestoria.cl /public_html/soon/fonts BEBAS___-webfont.woff
2015.12.31 11:47 B G:\CONTENEDOR\sitios\activos\VECINDAD_DEL_CHEF\soon\fonts\BEBAS___-webfont.eot --> riveragestoria.cl /public_html/soon/fonts BEBAS___-webfont.eot
2016.09.14 21:10 B G:\CONTENEDOR\sitios\activos\AEROEXPRESS\soon\fonts\WS_FTP.LOG <-- AEROEXPRESS /public_html/soon/fonts WS_FTP.LOG
2016.09.14 21:10 B G:\CONTENEDOR\sitios\activos\AEROEXPRESS\soon\fonts\stylesheet.css <-- AEROEXPRESS /public_html/soon/fonts stylesheet.css
2016.09.14 21:10 B G:\CONTENEDOR\sitios\activos\AEROEXPRESS\soon\fonts\BEBAS___-webfont.woff <-- AEROEXPRESS /public_html/soon/fonts BEBAS___-webfont.woff
2016.09.14 21:10 B G:\CONTENEDOR\sitios\activos\AEROEXPRESS\soon\fonts\BEBAS___-webfont.eot <-- AEROEXPRESS /public_html/soon/fonts BEBAS___-webfont.eot
2017.03.15 14:02 B G:\CONTENEDOR\sitios\activos\AEROEXPRESS\soon\fonts\BEBAS___-webfont.eot --> hs20.ihosting.cl /public_html/desarrollo/tlc/soon/fonts BEBAS___-webfont.eot
2017.03.15 14:02 B G:\CONTENEDOR\sitios\activos\AEROEXPRESS\soon\fonts\BEBAS___-webfont.woff --> hs20.ihosting.cl /public_html/desarrollo/tlc/soon/fonts BEBAS___-webfont.woff
2017.03.15 14:02 B G:\CONTENEDOR\sitios\activos\AEROEXPRESS\soon\fonts\stylesheet.css --> hs20.ihosting.cl /public_html/desarrollo/tlc/soon/fonts stylesheet.css
2017.03.15 14:02 B G:\CONTENEDOR\sitios\activos\AEROEXPRESS\soon\fonts\WS_FTP.LOG --> hs20.ihosting.cl /public_html/desarrollo/tlc/soon/fonts WS_FTP.LOG
2017.04.16 15:16 B G:\CONTENEDOR\sitios\activos\tlc\soon\fonts\WS_FTP.LOG --> hs33.ihosting.cl /public_html/fonts WS_FTP.LOG
2017.04.16 15:16 B G:\CONTENEDOR\sitios\activos\tlc\soon\fonts\stylesheet.css --> hs33.ihosting.cl /public_html/fonts stylesheet.css
2017.04.16 15:16 B G:\CONTENEDOR\sitios\activos\tlc\soon\fonts\BEBAS___-webfont.woff --> hs33.ihosting.cl /public_html/fonts BEBAS___-webfont.woff
2017.04.16 15:16 B G:\CONTENEDOR\sitios\activos\tlc\soon\fonts\BEBAS___-webfont.eot --> hs33.ihosting.cl /public_html/fonts BEBAS___-webfont.eot
2017.05.01 19:24 B G:\CONTENEDOR\sitios\activos\tlc\soon\fonts\WS_FTP.LOG --> hs33.ihosting.cl /public_html/soon/fonts WS_FTP.LOG
2017.05.01 19:24 B G:\CONTENEDOR\sitios\activos\tlc\soon\fonts\stylesheet.css --> hs33.ihosting.cl /public_html/soon/fonts stylesheet.css
2017.05.01 19:24 B G:\CONTENEDOR\sitios\activos\tlc\soon\fonts\BEBAS___-webfont.woff --> hs33.ihosting.cl /public_html/soon/fonts BEBAS___-webfont.woff
2017.05.01 19:24 B G:\CONTENEDOR\sitios\activos\tlc\soon\fonts\BEBAS___-webfont.eot --> hs33.ihosting.cl /public_html/soon/fonts BEBAS___-webfont.eot
