2016.09.14 21:04 B G:\CONTENEDOR\sitios\activos\AEROEXPRESS\webpanel\assets\plugins\jquery-steps-master\src\publics.js <-- AEROEXPRESS /public_html/webpanel/assets/plugins/jquery-steps-master/src publics.js
2016.09.14 21:04 B G:\CONTENEDOR\sitios\activos\AEROEXPRESS\webpanel\assets\plugins\jquery-steps-master\src\privates.js <-- AEROEXPRESS /public_html/webpanel/assets/plugins/jquery-steps-master/src privates.js
2016.09.14 21:04 B G:\CONTENEDOR\sitios\activos\AEROEXPRESS\webpanel\assets\plugins\jquery-steps-master\src\model.js <-- AEROEXPRESS /public_html/webpanel/assets/plugins/jquery-steps-master/src model.js
2016.09.14 21:04 B G:\CONTENEDOR\sitios\activos\AEROEXPRESS\webpanel\assets\plugins\jquery-steps-master\src\helper.js <-- AEROEXPRESS /public_html/webpanel/assets/plugins/jquery-steps-master/src helper.js
2016.09.14 21:04 B G:\CONTENEDOR\sitios\activos\AEROEXPRESS\webpanel\assets\plugins\jquery-steps-master\src\enums.js <-- AEROEXPRESS /public_html/webpanel/assets/plugins/jquery-steps-master/src enums.js
2016.09.14 21:04 B G:\CONTENEDOR\sitios\activos\AEROEXPRESS\webpanel\assets\plugins\jquery-steps-master\src\defaults.js <-- AEROEXPRESS /public_html/webpanel/assets/plugins/jquery-steps-master/src defaults.js
2016.09.14 21:04 B G:\CONTENEDOR\sitios\activos\AEROEXPRESS\webpanel\assets\plugins\jquery-steps-master\src\_banner.js <-- AEROEXPRESS /public_html/webpanel/assets/plugins/jquery-steps-master/src _banner.js
2017.03.15 14:09 B G:\CONTENEDOR\sitios\activos\AEROEXPRESS\webpanel\assets\plugins\jquery-steps-master\src\_banner.js --> hs20.ihosting.cl /public_html/desarrollo/tlc/webpanel/assets/plugins/jquery-steps-master/src _banner.js
2017.03.15 14:09 B G:\CONTENEDOR\sitios\activos\AEROEXPRESS\webpanel\assets\plugins\jquery-steps-master\src\defaults.js --> hs20.ihosting.cl /public_html/desarrollo/tlc/webpanel/assets/plugins/jquery-steps-master/src defaults.js
2017.03.15 14:09 B G:\CONTENEDOR\sitios\activos\AEROEXPRESS\webpanel\assets\plugins\jquery-steps-master\src\enums.js --> hs20.ihosting.cl /public_html/desarrollo/tlc/webpanel/assets/plugins/jquery-steps-master/src enums.js
2017.03.15 14:09 B G:\CONTENEDOR\sitios\activos\AEROEXPRESS\webpanel\assets\plugins\jquery-steps-master\src\helper.js --> hs20.ihosting.cl /public_html/desarrollo/tlc/webpanel/assets/plugins/jquery-steps-master/src helper.js
2017.03.15 14:09 B G:\CONTENEDOR\sitios\activos\AEROEXPRESS\webpanel\assets\plugins\jquery-steps-master\src\model.js --> hs20.ihosting.cl /public_html/desarrollo/tlc/webpanel/assets/plugins/jquery-steps-master/src model.js
2017.03.15 14:09 B G:\CONTENEDOR\sitios\activos\AEROEXPRESS\webpanel\assets\plugins\jquery-steps-master\src\privates.js --> hs20.ihosting.cl /public_html/desarrollo/tlc/webpanel/assets/plugins/jquery-steps-master/src privates.js
2017.03.15 14:09 B G:\CONTENEDOR\sitios\activos\AEROEXPRESS\webpanel\assets\plugins\jquery-steps-master\src\publics.js --> hs20.ihosting.cl /public_html/desarrollo/tlc/webpanel/assets/plugins/jquery-steps-master/src publics.js
2017.03.15 14:09 B G:\CONTENEDOR\sitios\activos\AEROEXPRESS\webpanel\assets\plugins\jquery-steps-master\src\WS_FTP.LOG --> hs20.ihosting.cl /public_html/desarrollo/tlc/webpanel/assets/plugins/jquery-steps-master/src WS_FTP.LOG
2017.05.01 19:40 B G:\CONTENEDOR\sitios\activos\tlc\webpanel\assets\plugins\jquery-steps-master\src\WS_FTP.LOG --> hs33.ihosting.cl /public_html/webpanel/assets/plugins/jquery-steps-master/src WS_FTP.LOG
2017.05.01 19:40 B G:\CONTENEDOR\sitios\activos\tlc\webpanel\assets\plugins\jquery-steps-master\src\publics.js --> hs33.ihosting.cl /public_html/webpanel/assets/plugins/jquery-steps-master/src publics.js
2017.05.01 19:40 B G:\CONTENEDOR\sitios\activos\tlc\webpanel\assets\plugins\jquery-steps-master\src\privates.js --> hs33.ihosting.cl /public_html/webpanel/assets/plugins/jquery-steps-master/src privates.js
2017.05.01 19:40 B G:\CONTENEDOR\sitios\activos\tlc\webpanel\assets\plugins\jquery-steps-master\src\model.js --> hs33.ihosting.cl /public_html/webpanel/assets/plugins/jquery-steps-master/src model.js
2017.05.01 19:40 B G:\CONTENEDOR\sitios\activos\tlc\webpanel\assets\plugins\jquery-steps-master\src\helper.js --> hs33.ihosting.cl /public_html/webpanel/assets/plugins/jquery-steps-master/src helper.js
2017.05.01 19:40 B G:\CONTENEDOR\sitios\activos\tlc\webpanel\assets\plugins\jquery-steps-master\src\enums.js --> hs33.ihosting.cl /public_html/webpanel/assets/plugins/jquery-steps-master/src enums.js
2017.05.01 19:40 B G:\CONTENEDOR\sitios\activos\tlc\webpanel\assets\plugins\jquery-steps-master\src\defaults.js --> hs33.ihosting.cl /public_html/webpanel/assets/plugins/jquery-steps-master/src defaults.js
2017.05.01 19:40 B G:\CONTENEDOR\sitios\activos\tlc\webpanel\assets\plugins\jquery-steps-master\src\_banner.js --> hs33.ihosting.cl /public_html/webpanel/assets/plugins/jquery-steps-master/src _banner.js
