2016.09.14 21:03 B G:\CONTENEDOR\sitios\activos\AEROEXPRESS\webpanel\assets\plugins\pagedown\demo\browser\bootstrap\docs\assets\img\responsive-illustrations.png <-- AEROEXPRESS /public_html/webpanel/assets/plugins/pagedown/demo/browser/bootstrap/docs/assets/img responsive-illustrations.png
2016.09.14 21:03 B G:\CONTENEDOR\sitios\activos\AEROEXPRESS\webpanel\assets\plugins\pagedown\demo\browser\bootstrap\docs\assets\img\less-small.png <-- AEROEXPRESS /public_html/webpanel/assets/plugins/pagedown/demo/browser/bootstrap/docs/assets/img less-small.png
2016.09.14 21:03 B G:\CONTENEDOR\sitios\activos\AEROEXPRESS\webpanel\assets\plugins\pagedown\demo\browser\bootstrap\docs\assets\img\less-logo-large.png <-- AEROEXPRESS /public_html/webpanel/assets/plugins/pagedown/demo/browser/bootstrap/docs/assets/img less-logo-large.png
2016.09.14 21:03 B G:\CONTENEDOR\sitios\activos\AEROEXPRESS\webpanel\assets\plugins\pagedown\demo\browser\bootstrap\docs\assets\img\icon-twitter.png <-- AEROEXPRESS /public_html/webpanel/assets/plugins/pagedown/demo/browser/bootstrap/docs/assets/img icon-twitter.png
2016.09.14 21:03 B G:\CONTENEDOR\sitios\activos\AEROEXPRESS\webpanel\assets\plugins\pagedown\demo\browser\bootstrap\docs\assets\img\icon-html5.png <-- AEROEXPRESS /public_html/webpanel/assets/plugins/pagedown/demo/browser/bootstrap/docs/assets/img icon-html5.png
2016.09.14 21:03 B G:\CONTENEDOR\sitios\activos\AEROEXPRESS\webpanel\assets\plugins\pagedown\demo\browser\bootstrap\docs\assets\img\icon-github.png <-- AEROEXPRESS /public_html/webpanel/assets/plugins/pagedown/demo/browser/bootstrap/docs/assets/img icon-github.png
2016.09.14 21:03 B G:\CONTENEDOR\sitios\activos\AEROEXPRESS\webpanel\assets\plugins\pagedown\demo\browser\bootstrap\docs\assets\img\icon-css3.png <-- AEROEXPRESS /public_html/webpanel/assets/plugins/pagedown/demo/browser/bootstrap/docs/assets/img icon-css3.png
2016.09.14 21:03 B G:\CONTENEDOR\sitios\activos\AEROEXPRESS\webpanel\assets\plugins\pagedown\demo\browser\bootstrap\docs\assets\img\grid-18px-masked.png <-- AEROEXPRESS /public_html/webpanel/assets/plugins/pagedown/demo/browser/bootstrap/docs/assets/img grid-18px-masked.png
2016.09.14 21:03 B G:\CONTENEDOR\sitios\activos\AEROEXPRESS\webpanel\assets\plugins\pagedown\demo\browser\bootstrap\docs\assets\img\glyphicons-halflings.png <-- AEROEXPRESS /public_html/webpanel/assets/plugins/pagedown/demo/browser/bootstrap/docs/assets/img glyphicons-halflings.png
2016.09.14 21:03 B G:\CONTENEDOR\sitios\activos\AEROEXPRESS\webpanel\assets\plugins\pagedown\demo\browser\bootstrap\docs\assets\img\glyphicons-halflings-white.png <-- AEROEXPRESS /public_html/webpanel/assets/plugins/pagedown/demo/browser/bootstrap/docs/assets/img glyphicons-halflings-white.png
2016.09.14 21:03 B G:\CONTENEDOR\sitios\activos\AEROEXPRESS\webpanel\assets\plugins\pagedown\demo\browser\bootstrap\docs\assets\img\github-16px.png <-- AEROEXPRESS /public_html/webpanel/assets/plugins/pagedown/demo/browser/bootstrap/docs/assets/img github-16px.png
2016.09.14 21:03 B G:\CONTENEDOR\sitios\activos\AEROEXPRESS\webpanel\assets\plugins\pagedown\demo\browser\bootstrap\docs\assets\img\example-diagram-03.png <-- AEROEXPRESS /public_html/webpanel/assets/plugins/pagedown/demo/browser/bootstrap/docs/assets/img example-diagram-03.png
2016.09.14 21:03 B G:\CONTENEDOR\sitios\activos\AEROEXPRESS\webpanel\assets\plugins\pagedown\demo\browser\bootstrap\docs\assets\img\example-diagram-02.png <-- AEROEXPRESS /public_html/webpanel/assets/plugins/pagedown/demo/browser/bootstrap/docs/assets/img example-diagram-02.png
2016.09.14 21:03 B G:\CONTENEDOR\sitios\activos\AEROEXPRESS\webpanel\assets\plugins\pagedown\demo\browser\bootstrap\docs\assets\img\example-diagram-01.png <-- AEROEXPRESS /public_html/webpanel/assets/plugins/pagedown/demo/browser/bootstrap/docs/assets/img example-diagram-01.png
2016.09.14 21:03 B G:\CONTENEDOR\sitios\activos\AEROEXPRESS\webpanel\assets\plugins\pagedown\demo\browser\bootstrap\docs\assets\img\browsers.png <-- AEROEXPRESS /public_html/webpanel/assets/plugins/pagedown/demo/browser/bootstrap/docs/assets/img browsers.png
2016.09.14 21:03 B G:\CONTENEDOR\sitios\activos\AEROEXPRESS\webpanel\assets\plugins\pagedown\demo\browser\bootstrap\docs\assets\img\bootstrap-mdo-sfmoma-03.jpg <-- AEROEXPRESS /public_html/webpanel/assets/plugins/pagedown/demo/browser/bootstrap/docs/assets/img bootstrap-mdo-sfmoma-03.jpg
2016.09.14 21:03 B G:\CONTENEDOR\sitios\activos\AEROEXPRESS\webpanel\assets\plugins\pagedown\demo\browser\bootstrap\docs\assets\img\bootstrap-mdo-sfmoma-02.jpg <-- AEROEXPRESS /public_html/webpanel/assets/plugins/pagedown/demo/browser/bootstrap/docs/assets/img bootstrap-mdo-sfmoma-02.jpg
2016.09.14 21:03 B G:\CONTENEDOR\sitios\activos\AEROEXPRESS\webpanel\assets\plugins\pagedown\demo\browser\bootstrap\docs\assets\img\bootstrap-mdo-sfmoma-01.jpg <-- AEROEXPRESS /public_html/webpanel/assets/plugins/pagedown/demo/browser/bootstrap/docs/assets/img bootstrap-mdo-sfmoma-01.jpg
2016.09.14 21:03 B G:\CONTENEDOR\sitios\activos\AEROEXPRESS\webpanel\assets\plugins\pagedown\demo\browser\bootstrap\docs\assets\img\bird.png <-- AEROEXPRESS /public_html/webpanel/assets/plugins/pagedown/demo/browser/bootstrap/docs/assets/img bird.png
2017.03.15 14:10 B G:\CONTENEDOR\sitios\activos\AEROEXPRESS\webpanel\assets\plugins\pagedown\demo\browser\bootstrap\docs\assets\img\bird.png --> hs20.ihosting.cl /public_html/desarrollo/tlc/webpanel/assets/plugins/pagedown/demo/browser/bootstrap/docs/assets/img bird.png
2017.03.15 14:10 B G:\CONTENEDOR\sitios\activos\AEROEXPRESS\webpanel\assets\plugins\pagedown\demo\browser\bootstrap\docs\assets\img\bootstrap-mdo-sfmoma-01.jpg --> hs20.ihosting.cl /public_html/desarrollo/tlc/webpanel/assets/plugins/pagedown/demo/browser/bootstrap/docs/assets/img bootstrap-mdo-sfmoma-01.jpg
2017.03.15 14:10 B G:\CONTENEDOR\sitios\activos\AEROEXPRESS\webpanel\assets\plugins\pagedown\demo\browser\bootstrap\docs\assets\img\bootstrap-mdo-sfmoma-02.jpg --> hs20.ihosting.cl /public_html/desarrollo/tlc/webpanel/assets/plugins/pagedown/demo/browser/bootstrap/docs/assets/img bootstrap-mdo-sfmoma-02.jpg
2017.03.15 14:10 B G:\CONTENEDOR\sitios\activos\AEROEXPRESS\webpanel\assets\plugins\pagedown\demo\browser\bootstrap\docs\assets\img\bootstrap-mdo-sfmoma-03.jpg --> hs20.ihosting.cl /public_html/desarrollo/tlc/webpanel/assets/plugins/pagedown/demo/browser/bootstrap/docs/assets/img bootstrap-mdo-sfmoma-03.jpg
2017.03.15 14:10 B G:\CONTENEDOR\sitios\activos\AEROEXPRESS\webpanel\assets\plugins\pagedown\demo\browser\bootstrap\docs\assets\img\browsers.png --> hs20.ihosting.cl /public_html/desarrollo/tlc/webpanel/assets/plugins/pagedown/demo/browser/bootstrap/docs/assets/img browsers.png
2017.03.15 14:10 B G:\CONTENEDOR\sitios\activos\AEROEXPRESS\webpanel\assets\plugins\pagedown\demo\browser\bootstrap\docs\assets\img\example-diagram-01.png --> hs20.ihosting.cl /public_html/desarrollo/tlc/webpanel/assets/plugins/pagedown/demo/browser/bootstrap/docs/assets/img example-diagram-01.png
2017.03.15 14:10 B G:\CONTENEDOR\sitios\activos\AEROEXPRESS\webpanel\assets\plugins\pagedown\demo\browser\bootstrap\docs\assets\img\example-diagram-02.png --> hs20.ihosting.cl /public_html/desarrollo/tlc/webpanel/assets/plugins/pagedown/demo/browser/bootstrap/docs/assets/img example-diagram-02.png
2017.03.15 14:10 B G:\CONTENEDOR\sitios\activos\AEROEXPRESS\webpanel\assets\plugins\pagedown\demo\browser\bootstrap\docs\assets\img\example-diagram-03.png --> hs20.ihosting.cl /public_html/desarrollo/tlc/webpanel/assets/plugins/pagedown/demo/browser/bootstrap/docs/assets/img example-diagram-03.png
2017.03.15 14:10 B G:\CONTENEDOR\sitios\activos\AEROEXPRESS\webpanel\assets\plugins\pagedown\demo\browser\bootstrap\docs\assets\img\github-16px.png --> hs20.ihosting.cl /public_html/desarrollo/tlc/webpanel/assets/plugins/pagedown/demo/browser/bootstrap/docs/assets/img github-16px.png
2017.03.15 14:10 B G:\CONTENEDOR\sitios\activos\AEROEXPRESS\webpanel\assets\plugins\pagedown\demo\browser\bootstrap\docs\assets\img\glyphicons-halflings-white.png --> hs20.ihosting.cl /public_html/desarrollo/tlc/webpanel/assets/plugins/pagedown/demo/browser/bootstrap/docs/assets/img glyphicons-halflings-white.png
2017.03.15 14:10 B G:\CONTENEDOR\sitios\activos\AEROEXPRESS\webpanel\assets\plugins\pagedown\demo\browser\bootstrap\docs\assets\img\glyphicons-halflings.png --> hs20.ihosting.cl /public_html/desarrollo/tlc/webpanel/assets/plugins/pagedown/demo/browser/bootstrap/docs/assets/img glyphicons-halflings.png
2017.03.15 14:10 B G:\CONTENEDOR\sitios\activos\AEROEXPRESS\webpanel\assets\plugins\pagedown\demo\browser\bootstrap\docs\assets\img\grid-18px-masked.png --> hs20.ihosting.cl /public_html/desarrollo/tlc/webpanel/assets/plugins/pagedown/demo/browser/bootstrap/docs/assets/img grid-18px-masked.png
2017.03.15 14:10 B G:\CONTENEDOR\sitios\activos\AEROEXPRESS\webpanel\assets\plugins\pagedown\demo\browser\bootstrap\docs\assets\img\icon-css3.png --> hs20.ihosting.cl /public_html/desarrollo/tlc/webpanel/assets/plugins/pagedown/demo/browser/bootstrap/docs/assets/img icon-css3.png
2017.03.15 14:10 B G:\CONTENEDOR\sitios\activos\AEROEXPRESS\webpanel\assets\plugins\pagedown\demo\browser\bootstrap\docs\assets\img\icon-github.png --> hs20.ihosting.cl /public_html/desarrollo/tlc/webpanel/assets/plugins/pagedown/demo/browser/bootstrap/docs/assets/img icon-github.png
2017.03.15 14:10 B G:\CONTENEDOR\sitios\activos\AEROEXPRESS\webpanel\assets\plugins\pagedown\demo\browser\bootstrap\docs\assets\img\icon-html5.png --> hs20.ihosting.cl /public_html/desarrollo/tlc/webpanel/assets/plugins/pagedown/demo/browser/bootstrap/docs/assets/img icon-html5.png
2017.03.15 14:10 B G:\CONTENEDOR\sitios\activos\AEROEXPRESS\webpanel\assets\plugins\pagedown\demo\browser\bootstrap\docs\assets\img\icon-twitter.png --> hs20.ihosting.cl /public_html/desarrollo/tlc/webpanel/assets/plugins/pagedown/demo/browser/bootstrap/docs/assets/img icon-twitter.png
2017.03.15 14:10 B G:\CONTENEDOR\sitios\activos\AEROEXPRESS\webpanel\assets\plugins\pagedown\demo\browser\bootstrap\docs\assets\img\less-logo-large.png --> hs20.ihosting.cl /public_html/desarrollo/tlc/webpanel/assets/plugins/pagedown/demo/browser/bootstrap/docs/assets/img less-logo-large.png
2017.03.15 14:10 B G:\CONTENEDOR\sitios\activos\AEROEXPRESS\webpanel\assets\plugins\pagedown\demo\browser\bootstrap\docs\assets\img\less-small.png --> hs20.ihosting.cl /public_html/desarrollo/tlc/webpanel/assets/plugins/pagedown/demo/browser/bootstrap/docs/assets/img less-small.png
2017.03.15 14:10 B G:\CONTENEDOR\sitios\activos\AEROEXPRESS\webpanel\assets\plugins\pagedown\demo\browser\bootstrap\docs\assets\img\responsive-illustrations.png --> hs20.ihosting.cl /public_html/desarrollo/tlc/webpanel/assets/plugins/pagedown/demo/browser/bootstrap/docs/assets/img responsive-illustrations.png
2017.03.15 14:10 B G:\CONTENEDOR\sitios\activos\AEROEXPRESS\webpanel\assets\plugins\pagedown\demo\browser\bootstrap\docs\assets\img\WS_FTP.LOG --> hs20.ihosting.cl /public_html/desarrollo/tlc/webpanel/assets/plugins/pagedown/demo/browser/bootstrap/docs/assets/img WS_FTP.LOG
2017.05.01 19:36 B G:\CONTENEDOR\sitios\activos\tlc\webpanel\assets\plugins\pagedown\demo\browser\bootstrap\docs\assets\img\WS_FTP.LOG --> hs33.ihosting.cl /public_html/webpanel/assets/plugins/pagedown/demo/browser/bootstrap/docs/assets/img WS_FTP.LOG
2017.05.01 19:36 B G:\CONTENEDOR\sitios\activos\tlc\webpanel\assets\plugins\pagedown\demo\browser\bootstrap\docs\assets\img\responsive-illustrations.png --> hs33.ihosting.cl /public_html/webpanel/assets/plugins/pagedown/demo/browser/bootstrap/docs/assets/img responsive-illustrations.png
2017.05.01 19:36 B G:\CONTENEDOR\sitios\activos\tlc\webpanel\assets\plugins\pagedown\demo\browser\bootstrap\docs\assets\img\less-small.png --> hs33.ihosting.cl /public_html/webpanel/assets/plugins/pagedown/demo/browser/bootstrap/docs/assets/img less-small.png
2017.05.01 19:36 B G:\CONTENEDOR\sitios\activos\tlc\webpanel\assets\plugins\pagedown\demo\browser\bootstrap\docs\assets\img\less-logo-large.png --> hs33.ihosting.cl /public_html/webpanel/assets/plugins/pagedown/demo/browser/bootstrap/docs/assets/img less-logo-large.png
2017.05.01 19:36 B G:\CONTENEDOR\sitios\activos\tlc\webpanel\assets\plugins\pagedown\demo\browser\bootstrap\docs\assets\img\icon-twitter.png --> hs33.ihosting.cl /public_html/webpanel/assets/plugins/pagedown/demo/browser/bootstrap/docs/assets/img icon-twitter.png
2017.05.01 19:36 B G:\CONTENEDOR\sitios\activos\tlc\webpanel\assets\plugins\pagedown\demo\browser\bootstrap\docs\assets\img\icon-html5.png --> hs33.ihosting.cl /public_html/webpanel/assets/plugins/pagedown/demo/browser/bootstrap/docs/assets/img icon-html5.png
2017.05.01 19:36 B G:\CONTENEDOR\sitios\activos\tlc\webpanel\assets\plugins\pagedown\demo\browser\bootstrap\docs\assets\img\icon-github.png --> hs33.ihosting.cl /public_html/webpanel/assets/plugins/pagedown/demo/browser/bootstrap/docs/assets/img icon-github.png
2017.05.01 19:36 B G:\CONTENEDOR\sitios\activos\tlc\webpanel\assets\plugins\pagedown\demo\browser\bootstrap\docs\assets\img\icon-css3.png --> hs33.ihosting.cl /public_html/webpanel/assets/plugins/pagedown/demo/browser/bootstrap/docs/assets/img icon-css3.png
2017.05.01 19:36 B G:\CONTENEDOR\sitios\activos\tlc\webpanel\assets\plugins\pagedown\demo\browser\bootstrap\docs\assets\img\grid-18px-masked.png --> hs33.ihosting.cl /public_html/webpanel/assets/plugins/pagedown/demo/browser/bootstrap/docs/assets/img grid-18px-masked.png
2017.05.01 19:36 B G:\CONTENEDOR\sitios\activos\tlc\webpanel\assets\plugins\pagedown\demo\browser\bootstrap\docs\assets\img\glyphicons-halflings.png --> hs33.ihosting.cl /public_html/webpanel/assets/plugins/pagedown/demo/browser/bootstrap/docs/assets/img glyphicons-halflings.png
2017.05.01 19:36 B G:\CONTENEDOR\sitios\activos\tlc\webpanel\assets\plugins\pagedown\demo\browser\bootstrap\docs\assets\img\glyphicons-halflings-white.png --> hs33.ihosting.cl /public_html/webpanel/assets/plugins/pagedown/demo/browser/bootstrap/docs/assets/img glyphicons-halflings-white.png
2017.05.01 19:36 B G:\CONTENEDOR\sitios\activos\tlc\webpanel\assets\plugins\pagedown\demo\browser\bootstrap\docs\assets\img\github-16px.png --> hs33.ihosting.cl /public_html/webpanel/assets/plugins/pagedown/demo/browser/bootstrap/docs/assets/img github-16px.png
2017.05.01 19:36 B G:\CONTENEDOR\sitios\activos\tlc\webpanel\assets\plugins\pagedown\demo\browser\bootstrap\docs\assets\img\example-diagram-03.png --> hs33.ihosting.cl /public_html/webpanel/assets/plugins/pagedown/demo/browser/bootstrap/docs/assets/img example-diagram-03.png
2017.05.01 19:36 B G:\CONTENEDOR\sitios\activos\tlc\webpanel\assets\plugins\pagedown\demo\browser\bootstrap\docs\assets\img\example-diagram-02.png --> hs33.ihosting.cl /public_html/webpanel/assets/plugins/pagedown/demo/browser/bootstrap/docs/assets/img example-diagram-02.png
2017.05.01 19:36 B G:\CONTENEDOR\sitios\activos\tlc\webpanel\assets\plugins\pagedown\demo\browser\bootstrap\docs\assets\img\example-diagram-01.png --> hs33.ihosting.cl /public_html/webpanel/assets/plugins/pagedown/demo/browser/bootstrap/docs/assets/img example-diagram-01.png
2017.05.01 19:36 B G:\CONTENEDOR\sitios\activos\tlc\webpanel\assets\plugins\pagedown\demo\browser\bootstrap\docs\assets\img\browsers.png --> hs33.ihosting.cl /public_html/webpanel/assets/plugins/pagedown/demo/browser/bootstrap/docs/assets/img browsers.png
2017.05.01 19:36 B G:\CONTENEDOR\sitios\activos\tlc\webpanel\assets\plugins\pagedown\demo\browser\bootstrap\docs\assets\img\bootstrap-mdo-sfmoma-03.jpg --> hs33.ihosting.cl /public_html/webpanel/assets/plugins/pagedown/demo/browser/bootstrap/docs/assets/img bootstrap-mdo-sfmoma-03.jpg
2017.05.01 19:36 B G:\CONTENEDOR\sitios\activos\tlc\webpanel\assets\plugins\pagedown\demo\browser\bootstrap\docs\assets\img\bootstrap-mdo-sfmoma-02.jpg --> hs33.ihosting.cl /public_html/webpanel/assets/plugins/pagedown/demo/browser/bootstrap/docs/assets/img bootstrap-mdo-sfmoma-02.jpg
2017.05.01 19:36 B G:\CONTENEDOR\sitios\activos\tlc\webpanel\assets\plugins\pagedown\demo\browser\bootstrap\docs\assets\img\bootstrap-mdo-sfmoma-01.jpg --> hs33.ihosting.cl /public_html/webpanel/assets/plugins/pagedown/demo/browser/bootstrap/docs/assets/img bootstrap-mdo-sfmoma-01.jpg
2017.05.01 19:36 B G:\CONTENEDOR\sitios\activos\tlc\webpanel\assets\plugins\pagedown\demo\browser\bootstrap\docs\assets\img\bird.png --> hs33.ihosting.cl /public_html/webpanel/assets/plugins/pagedown/demo/browser/bootstrap/docs/assets/img bird.png
