2016.09.14 21:00 B G:\CONTENEDOR\sitios\activos\AEROEXPRESS\webpanel\assets\plugins\wysihtml5\lib\js\wysihtml5-0.3.0.min.js <-- AEROEXPRESS /public_html/webpanel/assets/plugins/wysihtml5/lib/js wysihtml5-0.3.0.min.js
2016.09.14 21:00 B G:\CONTENEDOR\sitios\activos\AEROEXPRESS\webpanel\assets\plugins\wysihtml5\lib\js\wysihtml5-0.3.0.js <-- AEROEXPRESS /public_html/webpanel/assets/plugins/wysihtml5/lib/js wysihtml5-0.3.0.js
2016.09.14 21:00 B G:\CONTENEDOR\sitios\activos\AEROEXPRESS\webpanel\assets\plugins\wysihtml5\lib\js\prettify.js <-- AEROEXPRESS /public_html/webpanel/assets/plugins/wysihtml5/lib/js prettify.js
2016.09.14 21:00 B G:\CONTENEDOR\sitios\activos\AEROEXPRESS\webpanel\assets\plugins\wysihtml5\lib\js\jquery-1.7.2.min.js <-- AEROEXPRESS /public_html/webpanel/assets/plugins/wysihtml5/lib/js jquery-1.7.2.min.js
2016.09.14 21:00 B G:\CONTENEDOR\sitios\activos\AEROEXPRESS\webpanel\assets\plugins\wysihtml5\lib\js\bootstrap.min.js <-- AEROEXPRESS /public_html/webpanel/assets/plugins/wysihtml5/lib/js bootstrap.min.js
2016.09.14 21:00 B G:\CONTENEDOR\sitios\activos\AEROEXPRESS\webpanel\assets\plugins\wysihtml5\lib\js\bootstrap.js <-- AEROEXPRESS /public_html/webpanel/assets/plugins/wysihtml5/lib/js bootstrap.js
2016.09.14 21:00 B G:\CONTENEDOR\sitios\activos\AEROEXPRESS\webpanel\assets\plugins\wysihtml5\lib\js\bootstrap-button.js <-- AEROEXPRESS /public_html/webpanel/assets/plugins/wysihtml5/lib/js bootstrap-button.js
2017.03.15 14:15 B G:\CONTENEDOR\sitios\activos\AEROEXPRESS\webpanel\assets\plugins\wysihtml5\lib\js\bootstrap-button.js --> hs20.ihosting.cl /public_html/desarrollo/tlc/webpanel/assets/plugins/wysihtml5/lib/js bootstrap-button.js
2017.03.15 14:15 B G:\CONTENEDOR\sitios\activos\AEROEXPRESS\webpanel\assets\plugins\wysihtml5\lib\js\bootstrap.js --> hs20.ihosting.cl /public_html/desarrollo/tlc/webpanel/assets/plugins/wysihtml5/lib/js bootstrap.js
2017.03.15 14:15 B G:\CONTENEDOR\sitios\activos\AEROEXPRESS\webpanel\assets\plugins\wysihtml5\lib\js\bootstrap.min.js --> hs20.ihosting.cl /public_html/desarrollo/tlc/webpanel/assets/plugins/wysihtml5/lib/js bootstrap.min.js
2017.03.15 14:15 B G:\CONTENEDOR\sitios\activos\AEROEXPRESS\webpanel\assets\plugins\wysihtml5\lib\js\jquery-1.7.2.min.js --> hs20.ihosting.cl /public_html/desarrollo/tlc/webpanel/assets/plugins/wysihtml5/lib/js jquery-1.7.2.min.js
2017.03.15 14:15 B G:\CONTENEDOR\sitios\activos\AEROEXPRESS\webpanel\assets\plugins\wysihtml5\lib\js\prettify.js --> hs20.ihosting.cl /public_html/desarrollo/tlc/webpanel/assets/plugins/wysihtml5/lib/js prettify.js
2017.03.15 14:15 B G:\CONTENEDOR\sitios\activos\AEROEXPRESS\webpanel\assets\plugins\wysihtml5\lib\js\WS_FTP.LOG --> hs20.ihosting.cl /public_html/desarrollo/tlc/webpanel/assets/plugins/wysihtml5/lib/js WS_FTP.LOG
2017.03.15 14:15 B G:\CONTENEDOR\sitios\activos\AEROEXPRESS\webpanel\assets\plugins\wysihtml5\lib\js\wysihtml5-0.3.0.js --> hs20.ihosting.cl /public_html/desarrollo/tlc/webpanel/assets/plugins/wysihtml5/lib/js wysihtml5-0.3.0.js
2017.03.15 14:15 B G:\CONTENEDOR\sitios\activos\AEROEXPRESS\webpanel\assets\plugins\wysihtml5\lib\js\wysihtml5-0.3.0.min.js --> hs20.ihosting.cl /public_html/desarrollo/tlc/webpanel/assets/plugins/wysihtml5/lib/js wysihtml5-0.3.0.min.js
2017.05.01 19:26 B G:\CONTENEDOR\sitios\activos\tlc\webpanel\assets\plugins\wysihtml5\lib\js\WS_FTP.LOG --> hs33.ihosting.cl /public_html/webpanel/assets/plugins/wysihtml5/lib/js WS_FTP.LOG
2017.05.01 19:26 B G:\CONTENEDOR\sitios\activos\tlc\webpanel\assets\plugins\wysihtml5\lib\js\wysihtml5-0.3.0.min.js --> hs33.ihosting.cl /public_html/webpanel/assets/plugins/wysihtml5/lib/js wysihtml5-0.3.0.min.js
2017.05.01 19:26 B G:\CONTENEDOR\sitios\activos\tlc\webpanel\assets\plugins\wysihtml5\lib\js\wysihtml5-0.3.0.js --> hs33.ihosting.cl /public_html/webpanel/assets/plugins/wysihtml5/lib/js wysihtml5-0.3.0.js
2017.05.01 19:26 B G:\CONTENEDOR\sitios\activos\tlc\webpanel\assets\plugins\wysihtml5\lib\js\prettify.js --> hs33.ihosting.cl /public_html/webpanel/assets/plugins/wysihtml5/lib/js prettify.js
2017.05.01 19:26 B G:\CONTENEDOR\sitios\activos\tlc\webpanel\assets\plugins\wysihtml5\lib\js\jquery-1.7.2.min.js --> hs33.ihosting.cl /public_html/webpanel/assets/plugins/wysihtml5/lib/js jquery-1.7.2.min.js
2017.05.01 19:26 B G:\CONTENEDOR\sitios\activos\tlc\webpanel\assets\plugins\wysihtml5\lib\js\bootstrap.min.js --> hs33.ihosting.cl /public_html/webpanel/assets/plugins/wysihtml5/lib/js bootstrap.min.js
2017.05.01 19:26 B G:\CONTENEDOR\sitios\activos\tlc\webpanel\assets\plugins\wysihtml5\lib\js\bootstrap.js --> hs33.ihosting.cl /public_html/webpanel/assets/plugins/wysihtml5/lib/js bootstrap.js
2017.05.01 19:26 B G:\CONTENEDOR\sitios\activos\tlc\webpanel\assets\plugins\wysihtml5\lib\js\bootstrap-button.js --> hs33.ihosting.cl /public_html/webpanel/assets/plugins/wysihtml5/lib/js bootstrap-button.js
