2007.11.07 15:02 B C:\AppServ\www\sitios\activos\minwax_dinamica\archivos\wimages\8014.jpg <-- user /web/minwax/wimages 8014.jpg
2007.11.07 15:02 B C:\AppServ\www\sitios\activos\minwax_dinamica\archivos\wimages\aleta_central_cabecera.jpg <-- user /web/minwax/wimages aleta_central_cabecera.jpg
2007.11.07 15:02 B C:\AppServ\www\sitios\activos\minwax_dinamica\archivos\wimages\cerrar.jpg <-- user /web/minwax/wimages cerrar.jpg
2007.11.07 15:02 B C:\AppServ\www\sitios\activos\minwax_dinamica\archivos\wimages\corner1.gif <-- user /web/minwax/wimages corner1.gif
2007.11.07 15:02 B C:\AppServ\www\sitios\activos\minwax_dinamica\archivos\wimages\corner2.gif <-- user /web/minwax/wimages corner2.gif
2007.11.07 15:02 B C:\AppServ\www\sitios\activos\minwax_dinamica\archivos\wimages\corner3.gif <-- user /web/minwax/wimages corner3.gif
2007.11.07 15:02 B C:\AppServ\www\sitios\activos\minwax_dinamica\archivos\wimages\corner4.gif <-- user /web/minwax/wimages corner4.gif
2007.11.07 15:02 B C:\AppServ\www\sitios\activos\minwax_dinamica\archivos\wimages\del.gif <-- user /web/minwax/wimages del.gif
2007.11.07 15:02 B C:\AppServ\www\sitios\activos\minwax_dinamica\archivos\wimages\down.png <-- user /web/minwax/wimages down.png
2007.11.07 15:02 B C:\AppServ\www\sitios\activos\minwax_dinamica\archivos\wimages\edit.gif <-- user /web/minwax/wimages edit.gif
2007.11.07 15:02 B C:\AppServ\www\sitios\activos\minwax_dinamica\archivos\wimages\fondo_cabecera.jpg <-- user /web/minwax/wimages fondo_cabecera.jpg
2007.11.07 15:02 B C:\AppServ\www\sitios\activos\minwax_dinamica\archivos\wimages\fondo_gris_frame_supe.jpg <-- user /web/minwax/wimages fondo_gris_frame_supe.jpg
2007.11.07 15:02 B C:\AppServ\www\sitios\activos\minwax_dinamica\archivos\wimages\fondo_line_pie_pagina.jpg <-- user /web/minwax/wimages fondo_line_pie_pagina.jpg
2007.11.07 15:02 B C:\AppServ\www\sitios\activos\minwax_dinamica\archivos\wimages\ico_articulos.jpg <-- user /web/minwax/wimages ico_articulos.jpg
2007.11.07 15:02 B C:\AppServ\www\sitios\activos\minwax_dinamica\archivos\wimages\ico_descargas.jpg <-- user /web/minwax/wimages ico_descargas.jpg
2007.11.07 15:03 B C:\AppServ\www\sitios\activos\minwax_dinamica\archivos\wimages\ico_destacado.gif <-- user /web/minwax/wimages ico_destacado.gif
2007.11.07 15:03 B C:\AppServ\www\sitios\activos\minwax_dinamica\archivos\wimages\ico_destacado.jpg <-- user /web/minwax/wimages ico_destacado.jpg
2007.11.07 15:03 B C:\AppServ\www\sitios\activos\minwax_dinamica\archivos\wimages\ico_integrantes_cieplan.gif <-- user /web/minwax/wimages ico_integrantes_cieplan.gif
2007.11.07 15:03 B C:\AppServ\www\sitios\activos\minwax_dinamica\archivos\wimages\ico_integrantes_externos.gif <-- user /web/minwax/wimages ico_integrantes_externos.gif
2007.11.07 15:03 B C:\AppServ\www\sitios\activos\minwax_dinamica\archivos\wimages\ico_mantenportal.jpg <-- user /web/minwax/wimages ico_mantenportal.jpg
2007.11.07 15:03 B C:\AppServ\www\sitios\activos\minwax_dinamica\archivos\wimages\ico_proyectos.jpg <-- user /web/minwax/wimages ico_proyectos.jpg
2007.11.07 15:03 B C:\AppServ\www\sitios\activos\minwax_dinamica\archivos\wimages\ico_webmail.jpg <-- user /web/minwax/wimages ico_webmail.jpg
2007.11.07 15:03 B C:\AppServ\www\sitios\activos\minwax_dinamica\archivos\wimages\ico_webpanel.jpg <-- user /web/minwax/wimages ico_webpanel.jpg
2007.11.07 15:03 B C:\AppServ\www\sitios\activos\minwax_dinamica\archivos\wimages\info.gif <-- user /web/minwax/wimages info.gif
2007.11.07 15:03 B C:\AppServ\www\sitios\activos\minwax_dinamica\archivos\wimages\llave.jpg <-- user /web/minwax/wimages llave.jpg
2007.11.07 15:03 B C:\AppServ\www\sitios\activos\minwax_dinamica\archivos\wimages\loading.gif <-- user /web/minwax/wimages loading.gif
2007.11.07 15:03 B C:\AppServ\www\sitios\activos\minwax_dinamica\archivos\wimages\logo_user_webpanel.gif <-- user /web/minwax/wimages logo_user_webpanel.gif
2007.11.07 15:03 B C:\AppServ\www\sitios\activos\minwax_dinamica\archivos\wimages\logo_web_panel.gif <-- user /web/minwax/wimages logo_web_panel.gif
2007.11.07 15:03 B C:\AppServ\www\sitios\activos\minwax_dinamica\archivos\wimages\logo_web_panel_big.gif <-- user /web/minwax/wimages logo_web_panel_big.gif
2007.11.07 15:03 B C:\AppServ\www\sitios\activos\minwax_dinamica\archivos\wimages\logo_web_panel_webpanel.gif <-- user /web/minwax/wimages logo_web_panel_webpanel.gif
2007.11.07 15:03 B C:\AppServ\www\sitios\activos\minwax_dinamica\archivos\wimages\logo_web_panel_webpanel_acceso.gif <-- user /web/minwax/wimages logo_web_panel_webpanel_acceso.gif
2007.11.07 15:03 B C:\AppServ\www\sitios\activos\minwax_dinamica\archivos\wimages\logo_webpanel_1.gif <-- user /web/minwax/wimages logo_webpanel_1.gif
2007.11.07 15:03 B C:\AppServ\www\sitios\activos\minwax_dinamica\archivos\wimages\lupa.gif <-- user /web/minwax/wimages lupa.gif
2007.11.07 15:03 B C:\AppServ\www\sitios\activos\minwax_dinamica\archivos\wimages\masmenos.jpg <-- user /web/minwax/wimages masmenos.jpg
2007.11.07 15:03 B C:\AppServ\www\sitios\activos\minwax_dinamica\archivos\wimages\paleta_line_pie_pagina.jpg <-- user /web/minwax/wimages paleta_line_pie_pagina.jpg
2007.11.07 15:03 B C:\AppServ\www\sitios\activos\minwax_dinamica\archivos\wimages\refrescar.gif <-- user /web/minwax/wimages refrescar.gif
2007.11.07 15:03 B C:\AppServ\www\sitios\activos\minwax_dinamica\archivos\wimages\refresh.gif <-- user /web/minwax/wimages refresh.gif
2007.11.07 15:03 B C:\AppServ\www\sitios\activos\minwax_dinamica\archivos\wimages\salir_webpanel.gif <-- user /web/minwax/wimages salir_webpanel.gif
2007.11.07 15:03 B C:\AppServ\www\sitios\activos\minwax_dinamica\archivos\wimages\texto_salir_webpanel.gif <-- user /web/minwax/wimages texto_salir_webpanel.gif
2007.11.07 15:03 B C:\AppServ\www\sitios\activos\minwax_dinamica\archivos\wimages\titulo_gris_webpanel.gif <-- user /web/minwax/wimages titulo_gris_webpanel.gif
2007.11.07 15:03 B C:\AppServ\www\sitios\activos\minwax_dinamica\archivos\wimages\titulo_ingreso_ususrios.gif <-- user /web/minwax/wimages titulo_ingreso_ususrios.gif
2007.11.07 15:03 B C:\AppServ\www\sitios\activos\minwax_dinamica\archivos\wimages\up.png <-- user /web/minwax/wimages up.png
2007.11.07 19:04 B C:\AppServ\www\sitios\activos\minwax_dinamica\wimages\1_1pix.gif --> www.user.cl /web/minwax/wimages 1_1pix.gif
2007.11.07 19:04 B C:\AppServ\www\sitios\activos\minwax_dinamica\wimages\1pix.gif --> www.user.cl /web/minwax/wimages 1pix.gif
2007.11.07 19:04 B C:\AppServ\www\sitios\activos\minwax_dinamica\wimages\acceso_denegado.jpg --> www.user.cl /web/minwax/wimages acceso_denegado.jpg
2007.11.07 19:07 B C:\AppServ\www\sitios\activos\minwax_dinamica\wimages\ok.gif --> www.user.cl /web/minwax/wimages ok.gif
2007.11.07 19:07 B C:\AppServ\www\sitios\activos\minwax_dinamica\wimages\error.gif --> www.user.cl /web/minwax/wimages error.gif
2007.11.07 19:12 B C:\AppServ\www\sitios\activos\minwax_dinamica\wimages\error.gif --> www.user.cl /web/minwax/wimages error.gif
2007.11.07 19:12 B C:\AppServ\www\sitios\activos\minwax_dinamica\wimages\vuelva_ingresar.gif --> www.user.cl /web/minwax/wimages vuelva_ingresar.gif
2008.04.21 23:36 B C:\AppServ\www\sitios\activos\SHERWIN_WILLIAMS\minwax_dinamica\wimages\info.gif --> 200.29.0.56 /httpdocs/wimages info.gif
2008.04.21 23:36 B C:\AppServ\www\sitios\activos\SHERWIN_WILLIAMS\minwax_dinamica\wimages\info.gif --> 200.29.0.56 /httpdocs/images info.gif
2008.07.04 20:47 B C:\AppServ\www\sitios\activos\SHERWIN_WILLIAMS\minwax_dinamica\wimages\WS_FTP.LOG <-- MINWAX /httpdocs/wimages WS_FTP.LOG
2008.07.04 20:49 B C:\AppServ\www\sitios\activos\SHERWIN_WILLIAMS\minwax_dinamica\wimages\Thumbs.db --> 200.29.0.56 /httpdocs/wimages Thumbs.db
2009.04.06 13:15 B C:\AppServ\www\sitios\activos\SHERWIN_WILLIAMS\minwax_dinamica\wimages\WS_FTP.LOG <-- MINWAX en 123 Hosting /httpdocs/wimages WS_FTP.LOG
2009.04.06 13:15 B C:\AppServ\www\sitios\activos\SHERWIN_WILLIAMS\minwax_dinamica\wimages\xls.gif <-- MINWAX en 123 Hosting /httpdocs/wimages xls.gif
2009.04.06 13:15 B C:\AppServ\www\sitios\activos\SHERWIN_WILLIAMS\minwax_dinamica\wimages\zip.gif <-- MINWAX en 123 Hosting /httpdocs/wimages zip.gif
