2016.09.14 21:00 B G:\CONTENEDOR\sitios\activos\AEROEXPRESS\lib\conf.php <-- AEROEXPRESS /public_html/lib conf.php
2016.09.14 21:00 B G:\CONTENEDOR\sitios\activos\AEROEXPRESS\lib\db.php <-- AEROEXPRESS /public_html/lib db.php
2016.09.14 21:00 B G:\CONTENEDOR\sitios\activos\AEROEXPRESS\lib\webpanel.css <-- AEROEXPRESS /public_html/lib webpanel.css
2016.09.14 21:00 B G:\CONTENEDOR\sitios\activos\AEROEXPRESS\lib\url_web.php <-- AEROEXPRESS /public_html/lib url_web.php
2016.09.14 21:00 B G:\CONTENEDOR\sitios\activos\AEROEXPRESS\lib\url.php <-- AEROEXPRESS /public_html/lib url.php
2016.09.14 21:00 B G:\CONTENEDOR\sitios\activos\AEROEXPRESS\lib\style.css <-- AEROEXPRESS /public_html/lib style.css
2016.09.14 21:00 B G:\CONTENEDOR\sitios\activos\AEROEXPRESS\lib\spiffyCal_v2_1.js <-- AEROEXPRESS /public_html/lib spiffyCal_v2_1.js
2016.09.14 21:00 B G:\CONTENEDOR\sitios\activos\AEROEXPRESS\lib\spiffyCal_v2_1.css <-- AEROEXPRESS /public_html/lib spiffyCal_v2_1.css
2016.09.14 21:00 B G:\CONTENEDOR\sitios\activos\AEROEXPRESS\lib\menu_ol2.php <-- AEROEXPRESS /public_html/lib menu_ol2.php
2016.09.14 21:00 B G:\CONTENEDOR\sitios\activos\AEROEXPRESS\lib\menu.php <-- AEROEXPRESS /public_html/lib menu.php
2016.09.14 21:00 B G:\CONTENEDOR\sitios\activos\AEROEXPRESS\lib\info.php <-- AEROEXPRESS /public_html/lib info.php
2016.09.14 21:00 B G:\CONTENEDOR\sitios\activos\AEROEXPRESS\lib\error_log <-- AEROEXPRESS /public_html/lib error_log
2016.09.14 21:00 B G:\CONTENEDOR\sitios\activos\AEROEXPRESS\lib\conf_web.php <-- AEROEXPRESS /public_html/lib conf_web.php
2017.03.15 14:01 B G:\CONTENEDOR\sitios\activos\AEROEXPRESS\lib\conf.php --> hs20.ihosting.cl /public_html/desarrollo/tlc/lib conf.php
2017.03.15 14:01 B G:\CONTENEDOR\sitios\activos\AEROEXPRESS\lib\conf_web.php --> hs20.ihosting.cl /public_html/desarrollo/tlc/lib conf_web.php
2017.03.15 14:01 B G:\CONTENEDOR\sitios\activos\AEROEXPRESS\lib\db.php --> hs20.ihosting.cl /public_html/desarrollo/tlc/lib db.php
2017.03.15 14:01 B G:\CONTENEDOR\sitios\activos\AEROEXPRESS\lib\error_log --> hs20.ihosting.cl /public_html/desarrollo/tlc/lib error_log
2017.03.15 14:01 B G:\CONTENEDOR\sitios\activos\AEROEXPRESS\lib\info.php --> hs20.ihosting.cl /public_html/desarrollo/tlc/lib info.php
2017.03.15 14:01 B G:\CONTENEDOR\sitios\activos\AEROEXPRESS\lib\menu.php --> hs20.ihosting.cl /public_html/desarrollo/tlc/lib menu.php
2017.03.15 14:01 B G:\CONTENEDOR\sitios\activos\AEROEXPRESS\lib\menu_ol2.php --> hs20.ihosting.cl /public_html/desarrollo/tlc/lib menu_ol2.php
2017.03.15 14:01 B G:\CONTENEDOR\sitios\activos\AEROEXPRESS\lib\spiffyCal_v2_1.css --> hs20.ihosting.cl /public_html/desarrollo/tlc/lib spiffyCal_v2_1.css
2017.03.15 14:01 B G:\CONTENEDOR\sitios\activos\AEROEXPRESS\lib\spiffyCal_v2_1.js --> hs20.ihosting.cl /public_html/desarrollo/tlc/lib spiffyCal_v2_1.js
2017.03.15 14:01 B G:\CONTENEDOR\sitios\activos\AEROEXPRESS\lib\style.css --> hs20.ihosting.cl /public_html/desarrollo/tlc/lib style.css
2017.03.15 14:01 B G:\CONTENEDOR\sitios\activos\AEROEXPRESS\lib\url.php --> hs20.ihosting.cl /public_html/desarrollo/tlc/lib url.php
2017.03.15 14:01 B G:\CONTENEDOR\sitios\activos\AEROEXPRESS\lib\url_web.php --> hs20.ihosting.cl /public_html/desarrollo/tlc/lib url_web.php
2017.03.15 14:01 B G:\CONTENEDOR\sitios\activos\AEROEXPRESS\lib\webpanel.css --> hs20.ihosting.cl /public_html/desarrollo/tlc/lib webpanel.css
2017.03.15 14:01 B G:\CONTENEDOR\sitios\activos\AEROEXPRESS\lib\WS_FTP.LOG --> hs20.ihosting.cl /public_html/desarrollo/tlc/lib WS_FTP.LOG
