2016.03.10 01:45 B G:\CONTENEDOR\sitios\activos\aeroshop\js\uisearch.js --> hs12.ihosting.cl /httpdocs/desarrollo/aeroexpress/js uisearch.js
2016.03.10 01:45 B G:\CONTENEDOR\sitios\activos\aeroshop\js\classie.js --> hs12.ihosting.cl /httpdocs/desarrollo/aeroexpress/js classie.js
2016.03.10 01:45 B G:\CONTENEDOR\sitios\activos\aeroshop\js\nav.js --> hs12.ihosting.cl /httpdocs/desarrollo/aeroexpress/js nav.js
2016.03.10 01:45 B G:\CONTENEDOR\sitios\activos\aeroshop\js\jquery.etalage.min.js --> hs12.ihosting.cl /httpdocs/desarrollo/aeroexpress/js jquery.etalage.min.js
2016.03.10 01:45 B G:\CONTENEDOR\sitios\activos\aeroshop\js\jquery.wmuSlider.js --> hs12.ihosting.cl /httpdocs/desarrollo/aeroexpress/js jquery.wmuSlider.js
2016.03.10 01:45 B G:\CONTENEDOR\sitios\activos\aeroshop\js\easyResponsiveTabs.js --> hs12.ihosting.cl /httpdocs/desarrollo/aeroexpress/js easyResponsiveTabs.js
2016.03.10 01:45 B G:\CONTENEDOR\sitios\activos\aeroshop\js\responsiveslides.min.js --> hs12.ihosting.cl /httpdocs/desarrollo/aeroexpress/js responsiveslides.min.js
2016.03.10 01:45 B G:\CONTENEDOR\sitios\activos\aeroshop\js\jquery.easydropdown.js --> hs12.ihosting.cl /httpdocs/desarrollo/aeroexpress/js jquery.easydropdown.js
2016.03.10 01:45 B G:\CONTENEDOR\sitios\activos\aeroshop\js\jquery-1.11.1.min.js --> hs12.ihosting.cl /httpdocs/desarrollo/aeroexpress/js jquery-1.11.1.min.js
2016.04.20 22:38 B G:\CONTENEDOR\sitios\activos\AEROEXPRESS\js\uisearch.js --> hs31.ihosting.cl /public_html/js uisearch.js
2016.04.20 22:41 B G:\CONTENEDOR\sitios\activos\AEROEXPRESS\js\uisearch.js --> hs31.ihosting.cl /public_html/js uisearch.js
2016.04.20 22:47 B G:\CONTENEDOR\sitios\activos\AEROEXPRESS\inicio\js\WS_FTP.LOG --> hs31.ihosting.cl /public_html/inicio/js WS_FTP.LOG
2016.04.20 22:47 B G:\CONTENEDOR\sitios\activos\AEROEXPRESS\inicio\js\uisearch.js --> hs31.ihosting.cl /public_html/inicio/js uisearch.js
2016.04.20 22:48 B G:\CONTENEDOR\sitios\activos\AEROEXPRESS\inicio\js\classie.js --> hs31.ihosting.cl /public_html/inicio/js classie.js
2016.09.14 21:00 B G:\CONTENEDOR\sitios\activos\AEROEXPRESS\inicio\js\WS_FTP.LOG <-- AEROEXPRESS /public_html/inicio/js WS_FTP.LOG
2016.09.14 21:00 B G:\CONTENEDOR\sitios\activos\AEROEXPRESS\inicio\js\uisearch.js <-- AEROEXPRESS /public_html/inicio/js uisearch.js
2016.09.14 21:00 B G:\CONTENEDOR\sitios\activos\AEROEXPRESS\inicio\js\responsiveslides.min.js <-- AEROEXPRESS /public_html/inicio/js responsiveslides.min.js
2016.09.14 21:00 B G:\CONTENEDOR\sitios\activos\AEROEXPRESS\inicio\js\nav.js <-- AEROEXPRESS /public_html/inicio/js nav.js
2016.09.14 21:00 B G:\CONTENEDOR\sitios\activos\AEROEXPRESS\inicio\js\jquery.wmuSlider.js <-- AEROEXPRESS /public_html/inicio/js jquery.wmuSlider.js
2016.09.14 21:00 B G:\CONTENEDOR\sitios\activos\AEROEXPRESS\inicio\js\jquery.etalage.min.js <-- AEROEXPRESS /public_html/inicio/js jquery.etalage.min.js
2016.09.14 21:00 B G:\CONTENEDOR\sitios\activos\AEROEXPRESS\inicio\js\jquery.easydropdown.js <-- AEROEXPRESS /public_html/inicio/js jquery.easydropdown.js
2016.09.14 21:00 B G:\CONTENEDOR\sitios\activos\AEROEXPRESS\inicio\js\jquery-1.11.1.min.js <-- AEROEXPRESS /public_html/inicio/js jquery-1.11.1.min.js
2016.09.14 21:00 B G:\CONTENEDOR\sitios\activos\AEROEXPRESS\inicio\js\easyResponsiveTabs.js <-- AEROEXPRESS /public_html/inicio/js easyResponsiveTabs.js
2016.09.14 21:00 B G:\CONTENEDOR\sitios\activos\AEROEXPRESS\inicio\js\classie.js <-- AEROEXPRESS /public_html/inicio/js classie.js
2017.03.15 14:01 B G:\CONTENEDOR\sitios\activos\AEROEXPRESS\inicio\js\classie.js --> hs20.ihosting.cl /public_html/desarrollo/tlc/inicio/js classie.js
2017.03.15 14:01 B G:\CONTENEDOR\sitios\activos\AEROEXPRESS\inicio\js\easyResponsiveTabs.js --> hs20.ihosting.cl /public_html/desarrollo/tlc/inicio/js easyResponsiveTabs.js
2017.03.15 14:01 B G:\CONTENEDOR\sitios\activos\AEROEXPRESS\inicio\js\jquery-1.11.1.min.js --> hs20.ihosting.cl /public_html/desarrollo/tlc/inicio/js jquery-1.11.1.min.js
2017.03.15 14:01 B G:\CONTENEDOR\sitios\activos\AEROEXPRESS\inicio\js\jquery.easydropdown.js --> hs20.ihosting.cl /public_html/desarrollo/tlc/inicio/js jquery.easydropdown.js
2017.03.15 14:01 B G:\CONTENEDOR\sitios\activos\AEROEXPRESS\inicio\js\jquery.etalage.min.js --> hs20.ihosting.cl /public_html/desarrollo/tlc/inicio/js jquery.etalage.min.js
2017.03.15 14:01 B G:\CONTENEDOR\sitios\activos\AEROEXPRESS\inicio\js\jquery.wmuSlider.js --> hs20.ihosting.cl /public_html/desarrollo/tlc/inicio/js jquery.wmuSlider.js
2017.03.15 14:01 B G:\CONTENEDOR\sitios\activos\AEROEXPRESS\inicio\js\nav.js --> hs20.ihosting.cl /public_html/desarrollo/tlc/inicio/js nav.js
2017.03.15 14:01 B G:\CONTENEDOR\sitios\activos\AEROEXPRESS\inicio\js\responsiveslides.min.js --> hs20.ihosting.cl /public_html/desarrollo/tlc/inicio/js responsiveslides.min.js
2017.03.15 14:01 B G:\CONTENEDOR\sitios\activos\AEROEXPRESS\inicio\js\uisearch.js --> hs20.ihosting.cl /public_html/desarrollo/tlc/inicio/js uisearch.js
2017.03.15 14:01 B G:\CONTENEDOR\sitios\activos\AEROEXPRESS\inicio\js\WS_FTP.LOG --> hs20.ihosting.cl /public_html/desarrollo/tlc/inicio/js WS_FTP.LOG
2017.05.01 19:23 B G:\CONTENEDOR\sitios\activos\tlc\inicio\js\WS_FTP.LOG --> hs33.ihosting.cl /public_html/inicio/js WS_FTP.LOG
2017.05.01 19:24 B G:\CONTENEDOR\sitios\activos\tlc\inicio\js\uisearch.js --> hs33.ihosting.cl /public_html/inicio/js uisearch.js
2017.05.01 19:24 B G:\CONTENEDOR\sitios\activos\tlc\inicio\js\responsiveslides.min.js --> hs33.ihosting.cl /public_html/inicio/js responsiveslides.min.js
2017.05.01 19:24 B G:\CONTENEDOR\sitios\activos\tlc\inicio\js\nav.js --> hs33.ihosting.cl /public_html/inicio/js nav.js
2017.05.01 19:24 B G:\CONTENEDOR\sitios\activos\tlc\inicio\js\jquery.wmuSlider.js --> hs33.ihosting.cl /public_html/inicio/js jquery.wmuSlider.js
2017.05.01 19:24 B G:\CONTENEDOR\sitios\activos\tlc\inicio\js\jquery.etalage.min.js --> hs33.ihosting.cl /public_html/inicio/js jquery.etalage.min.js
2017.05.01 19:24 B G:\CONTENEDOR\sitios\activos\tlc\inicio\js\jquery.easydropdown.js --> hs33.ihosting.cl /public_html/inicio/js jquery.easydropdown.js
2017.05.01 19:24 B G:\CONTENEDOR\sitios\activos\tlc\inicio\js\jquery-1.11.1.min.js --> hs33.ihosting.cl /public_html/inicio/js jquery-1.11.1.min.js
2017.05.01 19:24 B G:\CONTENEDOR\sitios\activos\tlc\inicio\js\easyResponsiveTabs.js --> hs33.ihosting.cl /public_html/inicio/js easyResponsiveTabs.js
2017.05.01 19:24 B G:\CONTENEDOR\sitios\activos\tlc\inicio\js\classie.js --> hs33.ihosting.cl /public_html/inicio/js classie.js
