2016.09.14 21:09 B G:\CONTENEDOR\sitios\activos\AEROEXPRESS\ckeditor\plugins\smiley\images\wink_smile.png <-- AEROEXPRESS /public_html/ckeditor/plugins/smiley/images wink_smile.png
2016.09.14 21:09 B G:\CONTENEDOR\sitios\activos\AEROEXPRESS\ckeditor\plugins\smiley\images\wink_smile.gif <-- AEROEXPRESS /public_html/ckeditor/plugins/smiley/images wink_smile.gif
2016.09.14 21:09 B G:\CONTENEDOR\sitios\activos\AEROEXPRESS\ckeditor\plugins\smiley\images\whatchutalkingabout_smile.png <-- AEROEXPRESS /public_html/ckeditor/plugins/smiley/images whatchutalkingabout_smile.png
2016.09.14 21:09 B G:\CONTENEDOR\sitios\activos\AEROEXPRESS\ckeditor\plugins\smiley\images\whatchutalkingabout_smile.gif <-- AEROEXPRESS /public_html/ckeditor/plugins/smiley/images whatchutalkingabout_smile.gif
2016.09.14 21:09 B G:\CONTENEDOR\sitios\activos\AEROEXPRESS\ckeditor\plugins\smiley\images\tounge_smile.gif <-- AEROEXPRESS /public_html/ckeditor/plugins/smiley/images tounge_smile.gif
2016.09.14 21:09 B G:\CONTENEDOR\sitios\activos\AEROEXPRESS\ckeditor\plugins\smiley\images\tongue_smile.png <-- AEROEXPRESS /public_html/ckeditor/plugins/smiley/images tongue_smile.png
2016.09.14 21:09 B G:\CONTENEDOR\sitios\activos\AEROEXPRESS\ckeditor\plugins\smiley\images\tongue_smile.gif <-- AEROEXPRESS /public_html/ckeditor/plugins/smiley/images tongue_smile.gif
2016.09.14 21:09 B G:\CONTENEDOR\sitios\activos\AEROEXPRESS\ckeditor\plugins\smiley\images\thumbs_up.png <-- AEROEXPRESS /public_html/ckeditor/plugins/smiley/images thumbs_up.png
2016.09.14 21:09 B G:\CONTENEDOR\sitios\activos\AEROEXPRESS\ckeditor\plugins\smiley\images\thumbs_up.gif <-- AEROEXPRESS /public_html/ckeditor/plugins/smiley/images thumbs_up.gif
2016.09.14 21:09 B G:\CONTENEDOR\sitios\activos\AEROEXPRESS\ckeditor\plugins\smiley\images\thumbs_down.png <-- AEROEXPRESS /public_html/ckeditor/plugins/smiley/images thumbs_down.png
2016.09.14 21:09 B G:\CONTENEDOR\sitios\activos\AEROEXPRESS\ckeditor\plugins\smiley\images\thumbs_down.gif <-- AEROEXPRESS /public_html/ckeditor/plugins/smiley/images thumbs_down.gif
2016.09.14 21:09 B G:\CONTENEDOR\sitios\activos\AEROEXPRESS\ckeditor\plugins\smiley\images\teeth_smile.png <-- AEROEXPRESS /public_html/ckeditor/plugins/smiley/images teeth_smile.png
2016.09.14 21:09 B G:\CONTENEDOR\sitios\activos\AEROEXPRESS\ckeditor\plugins\smiley\images\teeth_smile.gif <-- AEROEXPRESS /public_html/ckeditor/plugins/smiley/images teeth_smile.gif
2016.09.14 21:09 B G:\CONTENEDOR\sitios\activos\AEROEXPRESS\ckeditor\plugins\smiley\images\shades_smile.png <-- AEROEXPRESS /public_html/ckeditor/plugins/smiley/images shades_smile.png
2016.09.14 21:09 B G:\CONTENEDOR\sitios\activos\AEROEXPRESS\ckeditor\plugins\smiley\images\shades_smile.gif <-- AEROEXPRESS /public_html/ckeditor/plugins/smiley/images shades_smile.gif
2016.09.14 21:09 B G:\CONTENEDOR\sitios\activos\AEROEXPRESS\ckeditor\plugins\smiley\images\sad_smile.png <-- AEROEXPRESS /public_html/ckeditor/plugins/smiley/images sad_smile.png
2016.09.14 21:09 B G:\CONTENEDOR\sitios\activos\AEROEXPRESS\ckeditor\plugins\smiley\images\sad_smile.gif <-- AEROEXPRESS /public_html/ckeditor/plugins/smiley/images sad_smile.gif
2016.09.14 21:09 B G:\CONTENEDOR\sitios\activos\AEROEXPRESS\ckeditor\plugins\smiley\images\regular_smile.png <-- AEROEXPRESS /public_html/ckeditor/plugins/smiley/images regular_smile.png
2016.09.14 21:09 B G:\CONTENEDOR\sitios\activos\AEROEXPRESS\ckeditor\plugins\smiley\images\regular_smile.gif <-- AEROEXPRESS /public_html/ckeditor/plugins/smiley/images regular_smile.gif
2016.09.14 21:09 B G:\CONTENEDOR\sitios\activos\AEROEXPRESS\ckeditor\plugins\smiley\images\omg_smile.png <-- AEROEXPRESS /public_html/ckeditor/plugins/smiley/images omg_smile.png
2016.09.14 21:09 B G:\CONTENEDOR\sitios\activos\AEROEXPRESS\ckeditor\plugins\smiley\images\omg_smile.gif <-- AEROEXPRESS /public_html/ckeditor/plugins/smiley/images omg_smile.gif
2016.09.14 21:09 B G:\CONTENEDOR\sitios\activos\AEROEXPRESS\ckeditor\plugins\smiley\images\lightbulb.png <-- AEROEXPRESS /public_html/ckeditor/plugins/smiley/images lightbulb.png
2016.09.14 21:09 B G:\CONTENEDOR\sitios\activos\AEROEXPRESS\ckeditor\plugins\smiley\images\lightbulb.gif <-- AEROEXPRESS /public_html/ckeditor/plugins/smiley/images lightbulb.gif
2016.09.14 21:09 B G:\CONTENEDOR\sitios\activos\AEROEXPRESS\ckeditor\plugins\smiley\images\kiss.png <-- AEROEXPRESS /public_html/ckeditor/plugins/smiley/images kiss.png
2016.09.14 21:09 B G:\CONTENEDOR\sitios\activos\AEROEXPRESS\ckeditor\plugins\smiley\images\kiss.gif <-- AEROEXPRESS /public_html/ckeditor/plugins/smiley/images kiss.gif
2016.09.14 21:09 B G:\CONTENEDOR\sitios\activos\AEROEXPRESS\ckeditor\plugins\smiley\images\heart.png <-- AEROEXPRESS /public_html/ckeditor/plugins/smiley/images heart.png
2016.09.14 21:09 B G:\CONTENEDOR\sitios\activos\AEROEXPRESS\ckeditor\plugins\smiley\images\heart.gif <-- AEROEXPRESS /public_html/ckeditor/plugins/smiley/images heart.gif
2016.09.14 21:09 B G:\CONTENEDOR\sitios\activos\AEROEXPRESS\ckeditor\plugins\smiley\images\envelope.png <-- AEROEXPRESS /public_html/ckeditor/plugins/smiley/images envelope.png
2016.09.14 21:09 B G:\CONTENEDOR\sitios\activos\AEROEXPRESS\ckeditor\plugins\smiley\images\envelope.gif <-- AEROEXPRESS /public_html/ckeditor/plugins/smiley/images envelope.gif
2016.09.14 21:09 B G:\CONTENEDOR\sitios\activos\AEROEXPRESS\ckeditor\plugins\smiley\images\embarrassed_smile.png <-- AEROEXPRESS /public_html/ckeditor/plugins/smiley/images embarrassed_smile.png
2016.09.14 21:09 B G:\CONTENEDOR\sitios\activos\AEROEXPRESS\ckeditor\plugins\smiley\images\embarrassed_smile.gif <-- AEROEXPRESS /public_html/ckeditor/plugins/smiley/images embarrassed_smile.gif
2016.09.14 21:09 B G:\CONTENEDOR\sitios\activos\AEROEXPRESS\ckeditor\plugins\smiley\images\embaressed_smile.gif <-- AEROEXPRESS /public_html/ckeditor/plugins/smiley/images embaressed_smile.gif
2016.09.14 21:09 B G:\CONTENEDOR\sitios\activos\AEROEXPRESS\ckeditor\plugins\smiley\images\devil_smile.png <-- AEROEXPRESS /public_html/ckeditor/plugins/smiley/images devil_smile.png
2016.09.14 21:09 B G:\CONTENEDOR\sitios\activos\AEROEXPRESS\ckeditor\plugins\smiley\images\devil_smile.gif <-- AEROEXPRESS /public_html/ckeditor/plugins/smiley/images devil_smile.gif
2016.09.14 21:09 B G:\CONTENEDOR\sitios\activos\AEROEXPRESS\ckeditor\plugins\smiley\images\cry_smile.png <-- AEROEXPRESS /public_html/ckeditor/plugins/smiley/images cry_smile.png
2016.09.14 21:09 B G:\CONTENEDOR\sitios\activos\AEROEXPRESS\ckeditor\plugins\smiley\images\cry_smile.gif <-- AEROEXPRESS /public_html/ckeditor/plugins/smiley/images cry_smile.gif
2016.09.14 21:09 B G:\CONTENEDOR\sitios\activos\AEROEXPRESS\ckeditor\plugins\smiley\images\confused_smile.png <-- AEROEXPRESS /public_html/ckeditor/plugins/smiley/images confused_smile.png
2016.09.14 21:09 B G:\CONTENEDOR\sitios\activos\AEROEXPRESS\ckeditor\plugins\smiley\images\confused_smile.gif <-- AEROEXPRESS /public_html/ckeditor/plugins/smiley/images confused_smile.gif
2016.09.14 21:09 B G:\CONTENEDOR\sitios\activos\AEROEXPRESS\ckeditor\plugins\smiley\images\broken_heart.png <-- AEROEXPRESS /public_html/ckeditor/plugins/smiley/images broken_heart.png
2016.09.14 21:09 B G:\CONTENEDOR\sitios\activos\AEROEXPRESS\ckeditor\plugins\smiley\images\broken_heart.gif <-- AEROEXPRESS /public_html/ckeditor/plugins/smiley/images broken_heart.gif
2016.09.14 21:09 B G:\CONTENEDOR\sitios\activos\AEROEXPRESS\ckeditor\plugins\smiley\images\angry_smile.png <-- AEROEXPRESS /public_html/ckeditor/plugins/smiley/images angry_smile.png
2016.09.14 21:09 B G:\CONTENEDOR\sitios\activos\AEROEXPRESS\ckeditor\plugins\smiley\images\angry_smile.gif <-- AEROEXPRESS /public_html/ckeditor/plugins/smiley/images angry_smile.gif
2016.09.14 21:09 B G:\CONTENEDOR\sitios\activos\AEROEXPRESS\ckeditor\plugins\smiley\images\angel_smile.png <-- AEROEXPRESS /public_html/ckeditor/plugins/smiley/images angel_smile.png
2016.09.14 21:09 B G:\CONTENEDOR\sitios\activos\AEROEXPRESS\ckeditor\plugins\smiley\images\angel_smile.gif <-- AEROEXPRESS /public_html/ckeditor/plugins/smiley/images angel_smile.gif
2017.03.15 13:58 B G:\CONTENEDOR\sitios\activos\AEROEXPRESS\ckeditor\plugins\smiley\images\angel_smile.gif --> hs20.ihosting.cl /public_html/desarrollo/tlc/ckeditor/plugins/smiley/images angel_smile.gif
2017.03.15 13:58 B G:\CONTENEDOR\sitios\activos\AEROEXPRESS\ckeditor\plugins\smiley\images\angel_smile.png --> hs20.ihosting.cl /public_html/desarrollo/tlc/ckeditor/plugins/smiley/images angel_smile.png
2017.03.15 13:58 B G:\CONTENEDOR\sitios\activos\AEROEXPRESS\ckeditor\plugins\smiley\images\angry_smile.gif --> hs20.ihosting.cl /public_html/desarrollo/tlc/ckeditor/plugins/smiley/images angry_smile.gif
2017.03.15 13:58 B G:\CONTENEDOR\sitios\activos\AEROEXPRESS\ckeditor\plugins\smiley\images\angry_smile.png --> hs20.ihosting.cl /public_html/desarrollo/tlc/ckeditor/plugins/smiley/images angry_smile.png
2017.03.15 13:58 B G:\CONTENEDOR\sitios\activos\AEROEXPRESS\ckeditor\plugins\smiley\images\broken_heart.gif --> hs20.ihosting.cl /public_html/desarrollo/tlc/ckeditor/plugins/smiley/images broken_heart.gif
2017.03.15 13:58 B G:\CONTENEDOR\sitios\activos\AEROEXPRESS\ckeditor\plugins\smiley\images\broken_heart.png --> hs20.ihosting.cl /public_html/desarrollo/tlc/ckeditor/plugins/smiley/images broken_heart.png
2017.03.15 13:58 B G:\CONTENEDOR\sitios\activos\AEROEXPRESS\ckeditor\plugins\smiley\images\confused_smile.gif --> hs20.ihosting.cl /public_html/desarrollo/tlc/ckeditor/plugins/smiley/images confused_smile.gif
2017.03.15 13:58 B G:\CONTENEDOR\sitios\activos\AEROEXPRESS\ckeditor\plugins\smiley\images\confused_smile.png --> hs20.ihosting.cl /public_html/desarrollo/tlc/ckeditor/plugins/smiley/images confused_smile.png
2017.03.15 13:58 B G:\CONTENEDOR\sitios\activos\AEROEXPRESS\ckeditor\plugins\smiley\images\cry_smile.gif --> hs20.ihosting.cl /public_html/desarrollo/tlc/ckeditor/plugins/smiley/images cry_smile.gif
2017.03.15 13:58 B G:\CONTENEDOR\sitios\activos\AEROEXPRESS\ckeditor\plugins\smiley\images\cry_smile.png --> hs20.ihosting.cl /public_html/desarrollo/tlc/ckeditor/plugins/smiley/images cry_smile.png
2017.03.15 13:58 B G:\CONTENEDOR\sitios\activos\AEROEXPRESS\ckeditor\plugins\smiley\images\devil_smile.gif --> hs20.ihosting.cl /public_html/desarrollo/tlc/ckeditor/plugins/smiley/images devil_smile.gif
2017.03.15 13:58 B G:\CONTENEDOR\sitios\activos\AEROEXPRESS\ckeditor\plugins\smiley\images\devil_smile.png --> hs20.ihosting.cl /public_html/desarrollo/tlc/ckeditor/plugins/smiley/images devil_smile.png
2017.03.15 13:58 B G:\CONTENEDOR\sitios\activos\AEROEXPRESS\ckeditor\plugins\smiley\images\embaressed_smile.gif --> hs20.ihosting.cl /public_html/desarrollo/tlc/ckeditor/plugins/smiley/images embaressed_smile.gif
2017.03.15 13:58 B G:\CONTENEDOR\sitios\activos\AEROEXPRESS\ckeditor\plugins\smiley\images\embarrassed_smile.gif --> hs20.ihosting.cl /public_html/desarrollo/tlc/ckeditor/plugins/smiley/images embarrassed_smile.gif
2017.03.15 13:58 B G:\CONTENEDOR\sitios\activos\AEROEXPRESS\ckeditor\plugins\smiley\images\embarrassed_smile.png --> hs20.ihosting.cl /public_html/desarrollo/tlc/ckeditor/plugins/smiley/images embarrassed_smile.png
2017.03.15 13:58 B G:\CONTENEDOR\sitios\activos\AEROEXPRESS\ckeditor\plugins\smiley\images\envelope.gif --> hs20.ihosting.cl /public_html/desarrollo/tlc/ckeditor/plugins/smiley/images envelope.gif
2017.03.15 13:58 B G:\CONTENEDOR\sitios\activos\AEROEXPRESS\ckeditor\plugins\smiley\images\envelope.png --> hs20.ihosting.cl /public_html/desarrollo/tlc/ckeditor/plugins/smiley/images envelope.png
2017.03.15 13:58 B G:\CONTENEDOR\sitios\activos\AEROEXPRESS\ckeditor\plugins\smiley\images\heart.gif --> hs20.ihosting.cl /public_html/desarrollo/tlc/ckeditor/plugins/smiley/images heart.gif
2017.03.15 13:58 B G:\CONTENEDOR\sitios\activos\AEROEXPRESS\ckeditor\plugins\smiley\images\heart.png --> hs20.ihosting.cl /public_html/desarrollo/tlc/ckeditor/plugins/smiley/images heart.png
2017.03.15 13:58 B G:\CONTENEDOR\sitios\activos\AEROEXPRESS\ckeditor\plugins\smiley\images\kiss.gif --> hs20.ihosting.cl /public_html/desarrollo/tlc/ckeditor/plugins/smiley/images kiss.gif
2017.03.15 13:58 B G:\CONTENEDOR\sitios\activos\AEROEXPRESS\ckeditor\plugins\smiley\images\kiss.png --> hs20.ihosting.cl /public_html/desarrollo/tlc/ckeditor/plugins/smiley/images kiss.png
2017.03.15 13:58 B G:\CONTENEDOR\sitios\activos\AEROEXPRESS\ckeditor\plugins\smiley\images\lightbulb.gif --> hs20.ihosting.cl /public_html/desarrollo/tlc/ckeditor/plugins/smiley/images lightbulb.gif
2017.03.15 13:58 B G:\CONTENEDOR\sitios\activos\AEROEXPRESS\ckeditor\plugins\smiley\images\lightbulb.png --> hs20.ihosting.cl /public_html/desarrollo/tlc/ckeditor/plugins/smiley/images lightbulb.png
2017.03.15 13:58 B G:\CONTENEDOR\sitios\activos\AEROEXPRESS\ckeditor\plugins\smiley\images\omg_smile.gif --> hs20.ihosting.cl /public_html/desarrollo/tlc/ckeditor/plugins/smiley/images omg_smile.gif
2017.03.15 13:58 B G:\CONTENEDOR\sitios\activos\AEROEXPRESS\ckeditor\plugins\smiley\images\omg_smile.png --> hs20.ihosting.cl /public_html/desarrollo/tlc/ckeditor/plugins/smiley/images omg_smile.png
2017.03.15 13:58 B G:\CONTENEDOR\sitios\activos\AEROEXPRESS\ckeditor\plugins\smiley\images\regular_smile.gif --> hs20.ihosting.cl /public_html/desarrollo/tlc/ckeditor/plugins/smiley/images regular_smile.gif
2017.03.15 13:58 B G:\CONTENEDOR\sitios\activos\AEROEXPRESS\ckeditor\plugins\smiley\images\regular_smile.png --> hs20.ihosting.cl /public_html/desarrollo/tlc/ckeditor/plugins/smiley/images regular_smile.png
2017.03.15 13:58 B G:\CONTENEDOR\sitios\activos\AEROEXPRESS\ckeditor\plugins\smiley\images\sad_smile.gif --> hs20.ihosting.cl /public_html/desarrollo/tlc/ckeditor/plugins/smiley/images sad_smile.gif
2017.03.15 13:58 B G:\CONTENEDOR\sitios\activos\AEROEXPRESS\ckeditor\plugins\smiley\images\sad_smile.png --> hs20.ihosting.cl /public_html/desarrollo/tlc/ckeditor/plugins/smiley/images sad_smile.png
2017.03.15 13:58 B G:\CONTENEDOR\sitios\activos\AEROEXPRESS\ckeditor\plugins\smiley\images\shades_smile.gif --> hs20.ihosting.cl /public_html/desarrollo/tlc/ckeditor/plugins/smiley/images shades_smile.gif
2017.03.15 13:58 B G:\CONTENEDOR\sitios\activos\AEROEXPRESS\ckeditor\plugins\smiley\images\shades_smile.png --> hs20.ihosting.cl /public_html/desarrollo/tlc/ckeditor/plugins/smiley/images shades_smile.png
2017.03.15 13:58 B G:\CONTENEDOR\sitios\activos\AEROEXPRESS\ckeditor\plugins\smiley\images\teeth_smile.gif --> hs20.ihosting.cl /public_html/desarrollo/tlc/ckeditor/plugins/smiley/images teeth_smile.gif
2017.03.15 13:58 B G:\CONTENEDOR\sitios\activos\AEROEXPRESS\ckeditor\plugins\smiley\images\teeth_smile.png --> hs20.ihosting.cl /public_html/desarrollo/tlc/ckeditor/plugins/smiley/images teeth_smile.png
2017.03.15 13:58 B G:\CONTENEDOR\sitios\activos\AEROEXPRESS\ckeditor\plugins\smiley\images\thumbs_down.gif --> hs20.ihosting.cl /public_html/desarrollo/tlc/ckeditor/plugins/smiley/images thumbs_down.gif
2017.03.15 13:58 B G:\CONTENEDOR\sitios\activos\AEROEXPRESS\ckeditor\plugins\smiley\images\thumbs_down.png --> hs20.ihosting.cl /public_html/desarrollo/tlc/ckeditor/plugins/smiley/images thumbs_down.png
2017.03.15 13:58 B G:\CONTENEDOR\sitios\activos\AEROEXPRESS\ckeditor\plugins\smiley\images\thumbs_up.gif --> hs20.ihosting.cl /public_html/desarrollo/tlc/ckeditor/plugins/smiley/images thumbs_up.gif
2017.03.15 13:58 B G:\CONTENEDOR\sitios\activos\AEROEXPRESS\ckeditor\plugins\smiley\images\thumbs_up.png --> hs20.ihosting.cl /public_html/desarrollo/tlc/ckeditor/plugins/smiley/images thumbs_up.png
2017.03.15 13:58 B G:\CONTENEDOR\sitios\activos\AEROEXPRESS\ckeditor\plugins\smiley\images\tongue_smile.gif --> hs20.ihosting.cl /public_html/desarrollo/tlc/ckeditor/plugins/smiley/images tongue_smile.gif
2017.03.15 13:58 B G:\CONTENEDOR\sitios\activos\AEROEXPRESS\ckeditor\plugins\smiley\images\tongue_smile.png --> hs20.ihosting.cl /public_html/desarrollo/tlc/ckeditor/plugins/smiley/images tongue_smile.png
2017.03.15 13:58 B G:\CONTENEDOR\sitios\activos\AEROEXPRESS\ckeditor\plugins\smiley\images\tounge_smile.gif --> hs20.ihosting.cl /public_html/desarrollo/tlc/ckeditor/plugins/smiley/images tounge_smile.gif
2017.03.15 13:58 B G:\CONTENEDOR\sitios\activos\AEROEXPRESS\ckeditor\plugins\smiley\images\whatchutalkingabout_smile.gif --> hs20.ihosting.cl /public_html/desarrollo/tlc/ckeditor/plugins/smiley/images whatchutalkingabout_smile.gif
2017.03.15 13:58 B G:\CONTENEDOR\sitios\activos\AEROEXPRESS\ckeditor\plugins\smiley\images\whatchutalkingabout_smile.png --> hs20.ihosting.cl /public_html/desarrollo/tlc/ckeditor/plugins/smiley/images whatchutalkingabout_smile.png
2017.03.15 13:58 B G:\CONTENEDOR\sitios\activos\AEROEXPRESS\ckeditor\plugins\smiley\images\wink_smile.gif --> hs20.ihosting.cl /public_html/desarrollo/tlc/ckeditor/plugins/smiley/images wink_smile.gif
2017.03.15 13:58 B G:\CONTENEDOR\sitios\activos\AEROEXPRESS\ckeditor\plugins\smiley\images\wink_smile.png --> hs20.ihosting.cl /public_html/desarrollo/tlc/ckeditor/plugins/smiley/images wink_smile.png
2017.03.15 13:58 B G:\CONTENEDOR\sitios\activos\AEROEXPRESS\ckeditor\plugins\smiley\images\WS_FTP.LOG --> hs20.ihosting.cl /public_html/desarrollo/tlc/ckeditor/plugins/smiley/images WS_FTP.LOG
