2016.09.14 21:06 B G:\CONTENEDOR\sitios\activos\AEROEXPRESS\webpanel\assets\plugins\Font-Awesome\src\assets\less\variables.less <-- AEROEXPRESS /public_html/webpanel/assets/plugins/Font-Awesome/src/assets/less variables.less
2016.09.14 21:06 B G:\CONTENEDOR\sitios\activos\AEROEXPRESS\webpanel\assets\plugins\Font-Awesome\src\assets\less\sticky-footer.less <-- AEROEXPRESS /public_html/webpanel/assets/plugins/Font-Awesome/src/assets/less sticky-footer.less
2016.09.14 21:06 B G:\CONTENEDOR\sitios\activos\AEROEXPRESS\webpanel\assets\plugins\Font-Awesome\src\assets\less\site.less <-- AEROEXPRESS /public_html/webpanel/assets/plugins/Font-Awesome/src/assets/less site.less
2016.09.14 21:06 B G:\CONTENEDOR\sitios\activos\AEROEXPRESS\webpanel\assets\plugins\Font-Awesome\src\assets\less\responsive.less <-- AEROEXPRESS /public_html/webpanel/assets/plugins/Font-Awesome/src/assets/less responsive.less
2016.09.14 21:06 B G:\CONTENEDOR\sitios\activos\AEROEXPRESS\webpanel\assets\plugins\Font-Awesome\src\assets\less\responsive-navbar.less <-- AEROEXPRESS /public_html/webpanel/assets/plugins/Font-Awesome/src/assets/less responsive-navbar.less
2016.09.14 21:06 B G:\CONTENEDOR\sitios\activos\AEROEXPRESS\webpanel\assets\plugins\Font-Awesome\src\assets\less\responsive-768px-979px.less <-- AEROEXPRESS /public_html/webpanel/assets/plugins/Font-Awesome/src/assets/less responsive-768px-979px.less
2016.09.14 21:06 B G:\CONTENEDOR\sitios\activos\AEROEXPRESS\webpanel\assets\plugins\Font-Awesome\src\assets\less\responsive-767px-max.less <-- AEROEXPRESS /public_html/webpanel/assets/plugins/Font-Awesome/src/assets/less responsive-767px-max.less
2016.09.14 21:06 B G:\CONTENEDOR\sitios\activos\AEROEXPRESS\webpanel\assets\plugins\Font-Awesome\src\assets\less\responsive-1200px-min.less <-- AEROEXPRESS /public_html/webpanel/assets/plugins/Font-Awesome/src/assets/less responsive-1200px-min.less
2016.09.14 21:06 B G:\CONTENEDOR\sitios\activos\AEROEXPRESS\webpanel\assets\plugins\Font-Awesome\src\assets\less\mixins.less <-- AEROEXPRESS /public_html/webpanel/assets/plugins/Font-Awesome/src/assets/less mixins.less
2016.09.14 21:06 B G:\CONTENEDOR\sitios\activos\AEROEXPRESS\webpanel\assets\plugins\Font-Awesome\src\assets\less\lazy.less <-- AEROEXPRESS /public_html/webpanel/assets/plugins/Font-Awesome/src/assets/less lazy.less
2017.03.15 14:06 B G:\CONTENEDOR\sitios\activos\AEROEXPRESS\webpanel\assets\plugins\Font-Awesome\src\assets\less\lazy.less --> hs20.ihosting.cl /public_html/desarrollo/tlc/webpanel/assets/plugins/Font-Awesome/src/assets/less lazy.less
2017.03.15 14:06 B G:\CONTENEDOR\sitios\activos\AEROEXPRESS\webpanel\assets\plugins\Font-Awesome\src\assets\less\mixins.less --> hs20.ihosting.cl /public_html/desarrollo/tlc/webpanel/assets/plugins/Font-Awesome/src/assets/less mixins.less
2017.03.15 14:06 B G:\CONTENEDOR\sitios\activos\AEROEXPRESS\webpanel\assets\plugins\Font-Awesome\src\assets\less\responsive-1200px-min.less --> hs20.ihosting.cl /public_html/desarrollo/tlc/webpanel/assets/plugins/Font-Awesome/src/assets/less responsive-1200px-min.less
2017.03.15 14:06 B G:\CONTENEDOR\sitios\activos\AEROEXPRESS\webpanel\assets\plugins\Font-Awesome\src\assets\less\responsive-767px-max.less --> hs20.ihosting.cl /public_html/desarrollo/tlc/webpanel/assets/plugins/Font-Awesome/src/assets/less responsive-767px-max.less
2017.03.15 14:06 B G:\CONTENEDOR\sitios\activos\AEROEXPRESS\webpanel\assets\plugins\Font-Awesome\src\assets\less\responsive-768px-979px.less --> hs20.ihosting.cl /public_html/desarrollo/tlc/webpanel/assets/plugins/Font-Awesome/src/assets/less responsive-768px-979px.less
2017.03.15 14:06 B G:\CONTENEDOR\sitios\activos\AEROEXPRESS\webpanel\assets\plugins\Font-Awesome\src\assets\less\responsive-navbar.less --> hs20.ihosting.cl /public_html/desarrollo/tlc/webpanel/assets/plugins/Font-Awesome/src/assets/less responsive-navbar.less
2017.03.15 14:06 B G:\CONTENEDOR\sitios\activos\AEROEXPRESS\webpanel\assets\plugins\Font-Awesome\src\assets\less\responsive.less --> hs20.ihosting.cl /public_html/desarrollo/tlc/webpanel/assets/plugins/Font-Awesome/src/assets/less responsive.less
2017.03.15 14:06 B G:\CONTENEDOR\sitios\activos\AEROEXPRESS\webpanel\assets\plugins\Font-Awesome\src\assets\less\site.less --> hs20.ihosting.cl /public_html/desarrollo/tlc/webpanel/assets/plugins/Font-Awesome/src/assets/less site.less
2017.03.15 14:06 B G:\CONTENEDOR\sitios\activos\AEROEXPRESS\webpanel\assets\plugins\Font-Awesome\src\assets\less\sticky-footer.less --> hs20.ihosting.cl /public_html/desarrollo/tlc/webpanel/assets/plugins/Font-Awesome/src/assets/less sticky-footer.less
2017.03.15 14:06 B G:\CONTENEDOR\sitios\activos\AEROEXPRESS\webpanel\assets\plugins\Font-Awesome\src\assets\less\variables.less --> hs20.ihosting.cl /public_html/desarrollo/tlc/webpanel/assets/plugins/Font-Awesome/src/assets/less variables.less
2017.03.15 14:06 B G:\CONTENEDOR\sitios\activos\AEROEXPRESS\webpanel\assets\plugins\Font-Awesome\src\assets\less\WS_FTP.LOG --> hs20.ihosting.cl /public_html/desarrollo/tlc/webpanel/assets/plugins/Font-Awesome/src/assets/less WS_FTP.LOG
