2016.03.10 01:45 B G:\CONTENEDOR\sitios\activos\aeroshop\images\pic13.jpg --> hs12.ihosting.cl /httpdocs/desarrollo/aeroexpress/images pic13.jpg
2016.03.10 01:45 B G:\CONTENEDOR\sitios\activos\aeroshop\images\pic12.jpg --> hs12.ihosting.cl /httpdocs/desarrollo/aeroexpress/images pic12.jpg
2016.03.10 01:45 B G:\CONTENEDOR\sitios\activos\aeroshop\images\pic11.jpg --> hs12.ihosting.cl /httpdocs/desarrollo/aeroexpress/images pic11.jpg
2016.03.10 01:45 B G:\CONTENEDOR\sitios\activos\aeroshop\images\pic10.jpg --> hs12.ihosting.cl /httpdocs/desarrollo/aeroexpress/images pic10.jpg
2016.03.10 01:45 B G:\CONTENEDOR\sitios\activos\aeroshop\images\pic9.jpg --> hs12.ihosting.cl /httpdocs/desarrollo/aeroexpress/images pic9.jpg
2016.03.10 01:45 B G:\CONTENEDOR\sitios\activos\aeroshop\images\pic8.jpg --> hs12.ihosting.cl /httpdocs/desarrollo/aeroexpress/images pic8.jpg
2016.03.10 01:45 B G:\CONTENEDOR\sitios\activos\aeroshop\images\pic7.jpg --> hs12.ihosting.cl /httpdocs/desarrollo/aeroexpress/images pic7.jpg
2016.03.10 01:45 B G:\CONTENEDOR\sitios\activos\aeroshop\images\pic6.jpg --> hs12.ihosting.cl /httpdocs/desarrollo/aeroexpress/images pic6.jpg
2016.03.10 01:45 B G:\CONTENEDOR\sitios\activos\aeroshop\images\pic5.jpg --> hs12.ihosting.cl /httpdocs/desarrollo/aeroexpress/images pic5.jpg
2016.03.10 01:45 B G:\CONTENEDOR\sitios\activos\aeroshop\images\pic4.jpg --> hs12.ihosting.cl /httpdocs/desarrollo/aeroexpress/images pic4.jpg
2016.03.10 01:45 B G:\CONTENEDOR\sitios\activos\aeroshop\images\pic3.jpg --> hs12.ihosting.cl /httpdocs/desarrollo/aeroexpress/images pic3.jpg
2016.03.10 01:45 B G:\CONTENEDOR\sitios\activos\aeroshop\images\pic2.jpg --> hs12.ihosting.cl /httpdocs/desarrollo/aeroexpress/images pic2.jpg
2016.03.10 01:45 B G:\CONTENEDOR\sitios\activos\aeroshop\images\pic1.jpg --> hs12.ihosting.cl /httpdocs/desarrollo/aeroexpress/images pic1.jpg
2016.03.10 01:45 B G:\CONTENEDOR\sitios\activos\aeroshop\images\p1.jpg --> hs12.ihosting.cl /httpdocs/desarrollo/aeroexpress/images p1.jpg
2016.03.10 01:45 B G:\CONTENEDOR\sitios\activos\aeroshop\images\b1.jpg --> hs12.ihosting.cl /httpdocs/desarrollo/aeroexpress/images b1.jpg
2016.03.10 01:45 B G:\CONTENEDOR\sitios\activos\aeroshop\images\b2.jpg --> hs12.ihosting.cl /httpdocs/desarrollo/aeroexpress/images b2.jpg
2016.03.10 01:45 B G:\CONTENEDOR\sitios\activos\aeroshop\images\b4.jpg --> hs12.ihosting.cl /httpdocs/desarrollo/aeroexpress/images b4.jpg
2016.03.10 01:45 B G:\CONTENEDOR\sitios\activos\aeroshop\images\b3.jpg --> hs12.ihosting.cl /httpdocs/desarrollo/aeroexpress/images b3.jpg
2016.03.10 01:45 B G:\CONTENEDOR\sitios\activos\aeroshop\images\clearence.png --> hs12.ihosting.cl /httpdocs/desarrollo/aeroexpress/images clearence.png
2016.03.10 01:45 B G:\CONTENEDOR\sitios\activos\aeroshop\images\logo.png --> hs12.ihosting.cl /httpdocs/desarrollo/aeroexpress/images logo.png
2016.03.10 01:45 B G:\CONTENEDOR\sitios\activos\aeroshop\images\nav_icon.png --> hs12.ihosting.cl /httpdocs/desarrollo/aeroexpress/images nav_icon.png
2016.03.10 01:45 B G:\CONTENEDOR\sitios\activos\aeroshop\images\tick1.png --> hs12.ihosting.cl /httpdocs/desarrollo/aeroexpress/images tick1.png
2016.03.10 01:45 B G:\CONTENEDOR\sitios\activos\aeroshop\images\product_arrow.png --> hs12.ihosting.cl /httpdocs/desarrollo/aeroexpress/images product_arrow.png
2016.03.10 01:45 B G:\CONTENEDOR\sitios\activos\aeroshop\images\img-sprite.png --> hs12.ihosting.cl /httpdocs/desarrollo/aeroexpress/images img-sprite.png
2016.03.10 01:45 B G:\CONTENEDOR\sitios\activos\aeroshop\images\review.png --> hs12.ihosting.cl /httpdocs/desarrollo/aeroexpress/images review.png
2016.03.10 01:45 B G:\CONTENEDOR\sitios\activos\aeroshop\images\back.png --> hs12.ihosting.cl /httpdocs/desarrollo/aeroexpress/images back.png
2016.03.10 01:45 B G:\CONTENEDOR\sitios\activos\aeroshop\images\s9.jpg --> hs12.ihosting.cl /httpdocs/desarrollo/aeroexpress/images s9.jpg
2016.03.10 01:45 B G:\CONTENEDOR\sitios\activos\aeroshop\images\s10.jpg --> hs12.ihosting.cl /httpdocs/desarrollo/aeroexpress/images s10.jpg
2016.03.10 01:45 B G:\CONTENEDOR\sitios\activos\aeroshop\images\s8.jpg --> hs12.ihosting.cl /httpdocs/desarrollo/aeroexpress/images s8.jpg
2016.03.10 01:45 B G:\CONTENEDOR\sitios\activos\aeroshop\images\s7.jpg --> hs12.ihosting.cl /httpdocs/desarrollo/aeroexpress/images s7.jpg
2016.03.10 01:45 B G:\CONTENEDOR\sitios\activos\aeroshop\images\s4.jpg --> hs12.ihosting.cl /httpdocs/desarrollo/aeroexpress/images s4.jpg
2016.03.10 01:45 B G:\CONTENEDOR\sitios\activos\aeroshop\images\s6.jpg --> hs12.ihosting.cl /httpdocs/desarrollo/aeroexpress/images s6.jpg
2016.03.10 01:45 B G:\CONTENEDOR\sitios\activos\aeroshop\images\s5.jpg --> hs12.ihosting.cl /httpdocs/desarrollo/aeroexpress/images s5.jpg
2016.03.10 01:45 B G:\CONTENEDOR\sitios\activos\aeroshop\images\s3.jpg --> hs12.ihosting.cl /httpdocs/desarrollo/aeroexpress/images s3.jpg
2016.03.10 01:45 B G:\CONTENEDOR\sitios\activos\aeroshop\images\s2.jpg --> hs12.ihosting.cl /httpdocs/desarrollo/aeroexpress/images s2.jpg
2016.03.10 01:45 B G:\CONTENEDOR\sitios\activos\aeroshop\images\s1.jpg --> hs12.ihosting.cl /httpdocs/desarrollo/aeroexpress/images s1.jpg
2016.03.10 01:45 B G:\CONTENEDOR\sitios\activos\aeroshop\images\p_minus.png --> hs12.ihosting.cl /httpdocs/desarrollo/aeroexpress/images p_minus.png
2016.03.10 01:45 B G:\CONTENEDOR\sitios\activos\aeroshop\images\p_plus.png --> hs12.ihosting.cl /httpdocs/desarrollo/aeroexpress/images p_plus.png
2016.03.10 01:45 B G:\CONTENEDOR\sitios\activos\aeroshop\images\p9.jpg --> hs12.ihosting.cl /httpdocs/desarrollo/aeroexpress/images p9.jpg
2016.03.10 01:45 B G:\CONTENEDOR\sitios\activos\aeroshop\images\p8.jpg --> hs12.ihosting.cl /httpdocs/desarrollo/aeroexpress/images p8.jpg
2016.03.10 01:45 B G:\CONTENEDOR\sitios\activos\aeroshop\images\p7.jpg --> hs12.ihosting.cl /httpdocs/desarrollo/aeroexpress/images p7.jpg
2016.03.10 01:45 B G:\CONTENEDOR\sitios\activos\aeroshop\images\p6.jpg --> hs12.ihosting.cl /httpdocs/desarrollo/aeroexpress/images p6.jpg
2016.03.10 01:45 B G:\CONTENEDOR\sitios\activos\aeroshop\images\p5.jpg --> hs12.ihosting.cl /httpdocs/desarrollo/aeroexpress/images p5.jpg
2016.03.10 01:45 B G:\CONTENEDOR\sitios\activos\aeroshop\images\p4.jpg --> hs12.ihosting.cl /httpdocs/desarrollo/aeroexpress/images p4.jpg
2016.03.10 01:45 B G:\CONTENEDOR\sitios\activos\aeroshop\images\p3.jpg --> hs12.ihosting.cl /httpdocs/desarrollo/aeroexpress/images p3.jpg
2016.03.10 01:45 B G:\CONTENEDOR\sitios\activos\aeroshop\images\p2.jpg --> hs12.ihosting.cl /httpdocs/desarrollo/aeroexpress/images p2.jpg
2016.03.10 01:45 B G:\CONTENEDOR\sitios\activos\aeroshop\images\arrow2.gif --> hs12.ihosting.cl /httpdocs/desarrollo/aeroexpress/images arrow2.gif
2016.03.10 01:45 B G:\CONTENEDOR\sitios\activos\aeroshop\images\pr_arrow.png --> hs12.ihosting.cl /httpdocs/desarrollo/aeroexpress/images pr_arrow.png
2016.03.10 01:45 B G:\CONTENEDOR\sitios\activos\aeroshop\images\product.png --> hs12.ihosting.cl /httpdocs/desarrollo/aeroexpress/images product.png
2016.03.10 01:45 B G:\CONTENEDOR\sitios\activos\aeroshop\images\home.png --> hs12.ihosting.cl /httpdocs/desarrollo/aeroexpress/images home.png
2016.03.10 01:45 B G:\CONTENEDOR\sitios\activos\aeroshop\images\secure.png --> hs12.ihosting.cl /httpdocs/desarrollo/aeroexpress/images secure.png
2016.03.10 01:45 B G:\CONTENEDOR\sitios\activos\aeroshop\images\paypal.png --> hs12.ihosting.cl /httpdocs/desarrollo/aeroexpress/images paypal.png
2016.03.10 01:45 B G:\CONTENEDOR\sitios\activos\aeroshop\images\br8.jpg --> hs12.ihosting.cl /httpdocs/desarrollo/aeroexpress/images br8.jpg
2016.03.10 01:45 B G:\CONTENEDOR\sitios\activos\aeroshop\images\br7.jpg --> hs12.ihosting.cl /httpdocs/desarrollo/aeroexpress/images br7.jpg
2016.03.10 01:45 B G:\CONTENEDOR\sitios\activos\aeroshop\images\br6.jpg --> hs12.ihosting.cl /httpdocs/desarrollo/aeroexpress/images br6.jpg
2016.03.10 01:45 B G:\CONTENEDOR\sitios\activos\aeroshop\images\br5.jpg --> hs12.ihosting.cl /httpdocs/desarrollo/aeroexpress/images br5.jpg
2016.03.10 01:45 B G:\CONTENEDOR\sitios\activos\aeroshop\images\br4.jpg --> hs12.ihosting.cl /httpdocs/desarrollo/aeroexpress/images br4.jpg
2016.03.10 01:45 B G:\CONTENEDOR\sitios\activos\aeroshop\images\br3.jpg --> hs12.ihosting.cl /httpdocs/desarrollo/aeroexpress/images br3.jpg
2016.03.10 01:45 B G:\CONTENEDOR\sitios\activos\aeroshop\images\br2.jpg --> hs12.ihosting.cl /httpdocs/desarrollo/aeroexpress/images br2.jpg
2016.03.10 01:45 B G:\CONTENEDOR\sitios\activos\aeroshop\images\br1.jpg --> hs12.ihosting.cl /httpdocs/desarrollo/aeroexpress/images br1.jpg
2016.03.10 01:45 B G:\CONTENEDOR\sitios\activos\aeroshop\images\shop.png --> hs12.ihosting.cl /httpdocs/desarrollo/aeroexpress/images shop.png
2016.03.10 01:45 B G:\CONTENEDOR\sitios\activos\aeroshop\images\sale.jpg --> hs12.ihosting.cl /httpdocs/desarrollo/aeroexpress/images sale.jpg
2016.03.10 01:45 B G:\CONTENEDOR\sitios\activos\aeroshop\images\brands.jpg --> hs12.ihosting.cl /httpdocs/desarrollo/aeroexpress/images brands.jpg
2016.03.10 01:45 B G:\CONTENEDOR\sitios\activos\aeroshop\images\plus.png --> hs12.ihosting.cl /httpdocs/desarrollo/aeroexpress/images plus.png
2016.03.10 01:45 B G:\CONTENEDOR\sitios\activos\aeroshop\images\banner4.jpg --> hs12.ihosting.cl /httpdocs/desarrollo/aeroexpress/images banner4.jpg
2016.03.10 01:45 B G:\CONTENEDOR\sitios\activos\aeroshop\images\arrows.png --> hs12.ihosting.cl /httpdocs/desarrollo/aeroexpress/images arrows.png
2016.03.10 01:45 B G:\CONTENEDOR\sitios\activos\aeroshop\images\banner1.jpg --> hs12.ihosting.cl /httpdocs/desarrollo/aeroexpress/images banner1.jpg
2016.03.10 01:45 B G:\CONTENEDOR\sitios\activos\aeroshop\images\banner.jpg --> hs12.ihosting.cl /httpdocs/desarrollo/aeroexpress/images banner.jpg
2016.03.10 01:45 B G:\CONTENEDOR\sitios\activos\aeroshop\images\arrow_h.png --> hs12.ihosting.cl /httpdocs/desarrollo/aeroexpress/images arrow_h.png
2016.03.10 01:45 B G:\CONTENEDOR\sitios\activos\aeroshop\images\bag.png --> hs12.ihosting.cl /httpdocs/desarrollo/aeroexpress/images bag.png
2016.03.10 01:45 B G:\CONTENEDOR\sitios\activos\aeroshop\images\arrow1.png --> hs12.ihosting.cl /httpdocs/desarrollo/aeroexpress/images arrow1.png
2016.03.10 01:45 B G:\CONTENEDOR\sitios\activos\aeroshop\images\arrow.png --> hs12.ihosting.cl /httpdocs/desarrollo/aeroexpress/images arrow.png
2016.03.10 01:45 B G:\CONTENEDOR\sitios\activos\aeroshop\images\search_h.png --> hs12.ihosting.cl /httpdocs/desarrollo/aeroexpress/images search_h.png
2016.03.10 01:45 B G:\CONTENEDOR\sitios\activos\aeroshop\images\close.png --> hs12.ihosting.cl /httpdocs/desarrollo/aeroexpress/images close.png
2016.03.10 01:45 B G:\CONTENEDOR\sitios\activos\aeroshop\images\search.png --> hs12.ihosting.cl /httpdocs/desarrollo/aeroexpress/images search.png
2016.03.10 01:45 B G:\CONTENEDOR\sitios\activos\aeroshop\images\Thumbs.db --> hs12.ihosting.cl /httpdocs/desarrollo/aeroexpress/images Thumbs.db
2016.03.24 13:44 B G:\CONTENEDOR\sitios\activos\AEROEXPRESS\images\b1.jpg --> hs12.ihosting.cl /httpdocs/desarrollo/aeropost/landing/libros/images b1.jpg
2016.09.14 20:59 B G:\CONTENEDOR\sitios\activos\AEROEXPRESS\inicio\images\WS_FTP.LOG <-- AEROEXPRESS /public_html/inicio/images WS_FTP.LOG
2016.09.14 20:59 B G:\CONTENEDOR\sitios\activos\AEROEXPRESS\inicio\images\tick1.png <-- AEROEXPRESS /public_html/inicio/images tick1.png
2016.09.14 20:59 B G:\CONTENEDOR\sitios\activos\AEROEXPRESS\inicio\images\Thumbs.db <-- AEROEXPRESS /public_html/inicio/images Thumbs.db
2016.09.14 20:59 B G:\CONTENEDOR\sitios\activos\AEROEXPRESS\inicio\images\shop.png <-- AEROEXPRESS /public_html/inicio/images shop.png
2016.09.14 20:59 B G:\CONTENEDOR\sitios\activos\AEROEXPRESS\inicio\images\secure.png <-- AEROEXPRESS /public_html/inicio/images secure.png
2016.09.14 20:59 B G:\CONTENEDOR\sitios\activos\AEROEXPRESS\inicio\images\search_h.png <-- AEROEXPRESS /public_html/inicio/images search_h.png
2016.09.14 20:59 B G:\CONTENEDOR\sitios\activos\AEROEXPRESS\inicio\images\search.png <-- AEROEXPRESS /public_html/inicio/images search.png
2016.09.14 20:59 B G:\CONTENEDOR\sitios\activos\AEROEXPRESS\inicio\images\sale.jpg <-- AEROEXPRESS /public_html/inicio/images sale.jpg
2016.09.14 20:59 B G:\CONTENEDOR\sitios\activos\AEROEXPRESS\inicio\images\s9.jpg <-- AEROEXPRESS /public_html/inicio/images s9.jpg
2016.09.14 20:59 B G:\CONTENEDOR\sitios\activos\AEROEXPRESS\inicio\images\s8.jpg <-- AEROEXPRESS /public_html/inicio/images s8.jpg
2016.09.14 20:59 B G:\CONTENEDOR\sitios\activos\AEROEXPRESS\inicio\images\s7.jpg <-- AEROEXPRESS /public_html/inicio/images s7.jpg
2016.09.14 20:59 B G:\CONTENEDOR\sitios\activos\AEROEXPRESS\inicio\images\s6.jpg <-- AEROEXPRESS /public_html/inicio/images s6.jpg
2016.09.14 20:59 B G:\CONTENEDOR\sitios\activos\AEROEXPRESS\inicio\images\s5.jpg <-- AEROEXPRESS /public_html/inicio/images s5.jpg
2016.09.14 20:59 B G:\CONTENEDOR\sitios\activos\AEROEXPRESS\inicio\images\s4.jpg <-- AEROEXPRESS /public_html/inicio/images s4.jpg
2016.09.14 20:59 B G:\CONTENEDOR\sitios\activos\AEROEXPRESS\inicio\images\s3.jpg <-- AEROEXPRESS /public_html/inicio/images s3.jpg
2016.09.14 20:59 B G:\CONTENEDOR\sitios\activos\AEROEXPRESS\inicio\images\s2.jpg <-- AEROEXPRESS /public_html/inicio/images s2.jpg
2016.09.14 20:59 B G:\CONTENEDOR\sitios\activos\AEROEXPRESS\inicio\images\s10.jpg <-- AEROEXPRESS /public_html/inicio/images s10.jpg
2016.09.14 20:59 B G:\CONTENEDOR\sitios\activos\AEROEXPRESS\inicio\images\s1.jpg <-- AEROEXPRESS /public_html/inicio/images s1.jpg
2016.09.14 20:59 B G:\CONTENEDOR\sitios\activos\AEROEXPRESS\inicio\images\review.png <-- AEROEXPRESS /public_html/inicio/images review.png
2016.09.14 20:59 B G:\CONTENEDOR\sitios\activos\AEROEXPRESS\inicio\images\product_arrow.png <-- AEROEXPRESS /public_html/inicio/images product_arrow.png
2016.09.14 20:59 B G:\CONTENEDOR\sitios\activos\AEROEXPRESS\inicio\images\product.png <-- AEROEXPRESS /public_html/inicio/images product.png
2016.09.14 20:59 B G:\CONTENEDOR\sitios\activos\AEROEXPRESS\inicio\images\pr_arrow.png <-- AEROEXPRESS /public_html/inicio/images pr_arrow.png
2016.09.14 20:59 B G:\CONTENEDOR\sitios\activos\AEROEXPRESS\inicio\images\plus.png <-- AEROEXPRESS /public_html/inicio/images plus.png
2016.09.14 20:59 B G:\CONTENEDOR\sitios\activos\AEROEXPRESS\inicio\images\pic9.jpg <-- AEROEXPRESS /public_html/inicio/images pic9.jpg
2016.09.14 20:59 B G:\CONTENEDOR\sitios\activos\AEROEXPRESS\inicio\images\pic8.jpg <-- AEROEXPRESS /public_html/inicio/images pic8.jpg
2016.09.14 20:59 B G:\CONTENEDOR\sitios\activos\AEROEXPRESS\inicio\images\pic7.jpg <-- AEROEXPRESS /public_html/inicio/images pic7.jpg
2016.09.14 20:59 B G:\CONTENEDOR\sitios\activos\AEROEXPRESS\inicio\images\pic6.jpg <-- AEROEXPRESS /public_html/inicio/images pic6.jpg
2016.09.14 20:59 B G:\CONTENEDOR\sitios\activos\AEROEXPRESS\inicio\images\pic5.jpg <-- AEROEXPRESS /public_html/inicio/images pic5.jpg
2016.09.14 20:59 B G:\CONTENEDOR\sitios\activos\AEROEXPRESS\inicio\images\pic4.jpg <-- AEROEXPRESS /public_html/inicio/images pic4.jpg
2016.09.14 20:59 B G:\CONTENEDOR\sitios\activos\AEROEXPRESS\inicio\images\pic3.jpg <-- AEROEXPRESS /public_html/inicio/images pic3.jpg
2016.09.14 20:59 B G:\CONTENEDOR\sitios\activos\AEROEXPRESS\inicio\images\pic2.jpg <-- AEROEXPRESS /public_html/inicio/images pic2.jpg
2016.09.14 20:59 B G:\CONTENEDOR\sitios\activos\AEROEXPRESS\inicio\images\pic13.jpg <-- AEROEXPRESS /public_html/inicio/images pic13.jpg
2016.09.14 20:59 B G:\CONTENEDOR\sitios\activos\AEROEXPRESS\inicio\images\pic12.jpg <-- AEROEXPRESS /public_html/inicio/images pic12.jpg
2016.09.14 20:59 B G:\CONTENEDOR\sitios\activos\AEROEXPRESS\inicio\images\pic11.jpg <-- AEROEXPRESS /public_html/inicio/images pic11.jpg
2016.09.14 20:59 B G:\CONTENEDOR\sitios\activos\AEROEXPRESS\inicio\images\pic10.jpg <-- AEROEXPRESS /public_html/inicio/images pic10.jpg
2016.09.14 20:59 B G:\CONTENEDOR\sitios\activos\AEROEXPRESS\inicio\images\pic1.jpg <-- AEROEXPRESS /public_html/inicio/images pic1.jpg
2016.09.14 20:59 B G:\CONTENEDOR\sitios\activos\AEROEXPRESS\inicio\images\paypal.png <-- AEROEXPRESS /public_html/inicio/images paypal.png
2016.09.14 20:59 B G:\CONTENEDOR\sitios\activos\AEROEXPRESS\inicio\images\p_plus.png <-- AEROEXPRESS /public_html/inicio/images p_plus.png
2016.09.14 20:59 B G:\CONTENEDOR\sitios\activos\AEROEXPRESS\inicio\images\p_minus.png <-- AEROEXPRESS /public_html/inicio/images p_minus.png
2016.09.14 20:59 B G:\CONTENEDOR\sitios\activos\AEROEXPRESS\inicio\images\p9.jpg <-- AEROEXPRESS /public_html/inicio/images p9.jpg
2016.09.14 20:59 B G:\CONTENEDOR\sitios\activos\AEROEXPRESS\inicio\images\p8.jpg <-- AEROEXPRESS /public_html/inicio/images p8.jpg
2016.09.14 20:59 B G:\CONTENEDOR\sitios\activos\AEROEXPRESS\inicio\images\p7.jpg <-- AEROEXPRESS /public_html/inicio/images p7.jpg
2016.09.14 20:59 B G:\CONTENEDOR\sitios\activos\AEROEXPRESS\inicio\images\p6.jpg <-- AEROEXPRESS /public_html/inicio/images p6.jpg
2016.09.14 20:59 B G:\CONTENEDOR\sitios\activos\AEROEXPRESS\inicio\images\p5.jpg <-- AEROEXPRESS /public_html/inicio/images p5.jpg
2016.09.14 20:59 B G:\CONTENEDOR\sitios\activos\AEROEXPRESS\inicio\images\p4.jpg <-- AEROEXPRESS /public_html/inicio/images p4.jpg
2016.09.14 20:59 B G:\CONTENEDOR\sitios\activos\AEROEXPRESS\inicio\images\p3.jpg <-- AEROEXPRESS /public_html/inicio/images p3.jpg
2016.09.14 20:59 B G:\CONTENEDOR\sitios\activos\AEROEXPRESS\inicio\images\p2.jpg <-- AEROEXPRESS /public_html/inicio/images p2.jpg
2016.09.14 20:59 B G:\CONTENEDOR\sitios\activos\AEROEXPRESS\inicio\images\p1.jpg <-- AEROEXPRESS /public_html/inicio/images p1.jpg
2016.09.14 20:59 B G:\CONTENEDOR\sitios\activos\AEROEXPRESS\inicio\images\nav_icon.png <-- AEROEXPRESS /public_html/inicio/images nav_icon.png
2016.09.14 20:59 B G:\CONTENEDOR\sitios\activos\AEROEXPRESS\inicio\images\logo.png <-- AEROEXPRESS /public_html/inicio/images logo.png
2016.09.14 20:59 B G:\CONTENEDOR\sitios\activos\AEROEXPRESS\inicio\images\img-sprite.png <-- AEROEXPRESS /public_html/inicio/images img-sprite.png
2016.09.14 20:59 B G:\CONTENEDOR\sitios\activos\AEROEXPRESS\inicio\images\home.png <-- AEROEXPRESS /public_html/inicio/images home.png
2016.09.14 20:59 B G:\CONTENEDOR\sitios\activos\AEROEXPRESS\inicio\images\close.png <-- AEROEXPRESS /public_html/inicio/images close.png
2016.09.14 20:59 B G:\CONTENEDOR\sitios\activos\AEROEXPRESS\inicio\images\clearence.png <-- AEROEXPRESS /public_html/inicio/images clearence.png
2016.09.14 20:59 B G:\CONTENEDOR\sitios\activos\AEROEXPRESS\inicio\images\brands.jpg <-- AEROEXPRESS /public_html/inicio/images brands.jpg
2016.09.14 20:59 B G:\CONTENEDOR\sitios\activos\AEROEXPRESS\inicio\images\br8.jpg <-- AEROEXPRESS /public_html/inicio/images br8.jpg
2016.09.14 20:59 B G:\CONTENEDOR\sitios\activos\AEROEXPRESS\inicio\images\br7.jpg <-- AEROEXPRESS /public_html/inicio/images br7.jpg
2016.09.14 20:59 B G:\CONTENEDOR\sitios\activos\AEROEXPRESS\inicio\images\br6.jpg <-- AEROEXPRESS /public_html/inicio/images br6.jpg
2016.09.14 20:59 B G:\CONTENEDOR\sitios\activos\AEROEXPRESS\inicio\images\br5.jpg <-- AEROEXPRESS /public_html/inicio/images br5.jpg
2016.09.14 20:59 B G:\CONTENEDOR\sitios\activos\AEROEXPRESS\inicio\images\br4.jpg <-- AEROEXPRESS /public_html/inicio/images br4.jpg
2016.09.14 20:59 B G:\CONTENEDOR\sitios\activos\AEROEXPRESS\inicio\images\br3.jpg <-- AEROEXPRESS /public_html/inicio/images br3.jpg
2016.09.14 20:59 B G:\CONTENEDOR\sitios\activos\AEROEXPRESS\inicio\images\br2.jpg <-- AEROEXPRESS /public_html/inicio/images br2.jpg
2016.09.14 20:59 B G:\CONTENEDOR\sitios\activos\AEROEXPRESS\inicio\images\br1.jpg <-- AEROEXPRESS /public_html/inicio/images br1.jpg
2016.09.14 20:59 B G:\CONTENEDOR\sitios\activos\AEROEXPRESS\inicio\images\back.png <-- AEROEXPRESS /public_html/inicio/images back.png
2016.09.14 20:59 B G:\CONTENEDOR\sitios\activos\AEROEXPRESS\inicio\images\b4.jpg <-- AEROEXPRESS /public_html/inicio/images b4.jpg
2016.09.14 20:59 B G:\CONTENEDOR\sitios\activos\AEROEXPRESS\inicio\images\b3.jpg <-- AEROEXPRESS /public_html/inicio/images b3.jpg
2016.09.14 20:59 B G:\CONTENEDOR\sitios\activos\AEROEXPRESS\inicio\images\b2.jpg <-- AEROEXPRESS /public_html/inicio/images b2.jpg
2016.09.14 20:59 B G:\CONTENEDOR\sitios\activos\AEROEXPRESS\inicio\images\b1.jpg <-- AEROEXPRESS /public_html/inicio/images b1.jpg
2016.09.14 20:59 B G:\CONTENEDOR\sitios\activos\AEROEXPRESS\inicio\images\arrows.png <-- AEROEXPRESS /public_html/inicio/images arrows.png
2016.09.14 20:59 B G:\CONTENEDOR\sitios\activos\AEROEXPRESS\inicio\images\arrow_h.png <-- AEROEXPRESS /public_html/inicio/images arrow_h.png
2016.09.14 20:59 B G:\CONTENEDOR\sitios\activos\AEROEXPRESS\inicio\images\arrow2.gif <-- AEROEXPRESS /public_html/inicio/images arrow2.gif
2016.09.14 20:59 B G:\CONTENEDOR\sitios\activos\AEROEXPRESS\inicio\images\arrow1.png <-- AEROEXPRESS /public_html/inicio/images arrow1.png
2016.09.14 20:59 B G:\CONTENEDOR\sitios\activos\AEROEXPRESS\inicio\images\arrow.png <-- AEROEXPRESS /public_html/inicio/images arrow.png
2017.03.15 14:00 B G:\CONTENEDOR\sitios\activos\AEROEXPRESS\inicio\images\arrow.png --> hs20.ihosting.cl /public_html/desarrollo/tlc/inicio/images arrow.png
2017.03.15 14:00 B G:\CONTENEDOR\sitios\activos\AEROEXPRESS\inicio\images\arrow1.png --> hs20.ihosting.cl /public_html/desarrollo/tlc/inicio/images arrow1.png
2017.03.15 14:00 B G:\CONTENEDOR\sitios\activos\AEROEXPRESS\inicio\images\arrow2.gif --> hs20.ihosting.cl /public_html/desarrollo/tlc/inicio/images arrow2.gif
2017.03.15 14:00 B G:\CONTENEDOR\sitios\activos\AEROEXPRESS\inicio\images\arrow_h.png --> hs20.ihosting.cl /public_html/desarrollo/tlc/inicio/images arrow_h.png
2017.03.15 14:00 B G:\CONTENEDOR\sitios\activos\AEROEXPRESS\inicio\images\arrows.png --> hs20.ihosting.cl /public_html/desarrollo/tlc/inicio/images arrows.png
2017.03.15 14:00 B G:\CONTENEDOR\sitios\activos\AEROEXPRESS\inicio\images\b1.jpg --> hs20.ihosting.cl /public_html/desarrollo/tlc/inicio/images b1.jpg
2017.03.15 14:00 B G:\CONTENEDOR\sitios\activos\AEROEXPRESS\inicio\images\b2.jpg --> hs20.ihosting.cl /public_html/desarrollo/tlc/inicio/images b2.jpg
2017.03.15 14:00 B G:\CONTENEDOR\sitios\activos\AEROEXPRESS\inicio\images\b3.jpg --> hs20.ihosting.cl /public_html/desarrollo/tlc/inicio/images b3.jpg
2017.03.15 14:00 B G:\CONTENEDOR\sitios\activos\AEROEXPRESS\inicio\images\b4.jpg --> hs20.ihosting.cl /public_html/desarrollo/tlc/inicio/images b4.jpg
2017.03.15 14:00 B G:\CONTENEDOR\sitios\activos\AEROEXPRESS\inicio\images\back.png --> hs20.ihosting.cl /public_html/desarrollo/tlc/inicio/images back.png
2017.03.15 14:00 B G:\CONTENEDOR\sitios\activos\AEROEXPRESS\inicio\images\bag.png --> hs20.ihosting.cl /public_html/desarrollo/tlc/inicio/images bag.png
2017.03.15 14:00 B G:\CONTENEDOR\sitios\activos\AEROEXPRESS\inicio\images\banda_calculadora.png --> hs20.ihosting.cl /public_html/desarrollo/tlc/inicio/images banda_calculadora.png
2017.03.15 14:00 B G:\CONTENEDOR\sitios\activos\AEROEXPRESS\inicio\images\banda_como.jpg --> hs20.ihosting.cl /public_html/desarrollo/tlc/inicio/images banda_como.jpg
2017.03.15 14:00 B G:\CONTENEDOR\sitios\activos\AEROEXPRESS\inicio\images\banda_como.png --> hs20.ihosting.cl /public_html/desarrollo/tlc/inicio/images banda_como.png
2017.03.15 14:01 B G:\CONTENEDOR\sitios\activos\AEROEXPRESS\inicio\images\banda_contacto.png --> hs20.ihosting.cl /public_html/desarrollo/tlc/inicio/images banda_contacto.png
2017.03.15 14:01 B G:\CONTENEDOR\sitios\activos\AEROEXPRESS\inicio\images\banda_lo_compramos.png --> hs20.ihosting.cl /public_html/desarrollo/tlc/inicio/images banda_lo_compramos.png
2017.03.15 14:01 B G:\CONTENEDOR\sitios\activos\AEROEXPRESS\inicio\images\banda_mail.png --> hs20.ihosting.cl /public_html/desarrollo/tlc/inicio/images banda_mail.png
2017.03.15 14:01 B G:\CONTENEDOR\sitios\activos\AEROEXPRESS\inicio\images\banda_registro.png --> hs20.ihosting.cl /public_html/desarrollo/tlc/inicio/images banda_registro.png
2017.03.15 14:01 B G:\CONTENEDOR\sitios\activos\AEROEXPRESS\inicio\images\banda_tarifas.jpg --> hs20.ihosting.cl /public_html/desarrollo/tlc/inicio/images banda_tarifas.jpg
2017.03.15 14:01 B G:\CONTENEDOR\sitios\activos\AEROEXPRESS\inicio\images\banda_tarifas.png --> hs20.ihosting.cl /public_html/desarrollo/tlc/inicio/images banda_tarifas.png
2017.03.15 14:01 B G:\CONTENEDOR\sitios\activos\AEROEXPRESS\inicio\images\banda_tiendas.jpg --> hs20.ihosting.cl /public_html/desarrollo/tlc/inicio/images banda_tiendas.jpg
2017.03.15 14:01 B G:\CONTENEDOR\sitios\activos\AEROEXPRESS\inicio\images\banda_tiendas.png --> hs20.ihosting.cl /public_html/desarrollo/tlc/inicio/images banda_tiendas.png
2017.03.15 14:01 B G:\CONTENEDOR\sitios\activos\AEROEXPRESS\inicio\images\banner.jpg --> hs20.ihosting.cl /public_html/desarrollo/tlc/inicio/images banner.jpg
2017.03.15 14:01 B G:\CONTENEDOR\sitios\activos\AEROEXPRESS\inicio\images\banner1.jpg --> hs20.ihosting.cl /public_html/desarrollo/tlc/inicio/images banner1.jpg
2017.03.15 14:01 B G:\CONTENEDOR\sitios\activos\AEROEXPRESS\inicio\images\banner4.jpg --> hs20.ihosting.cl /public_html/desarrollo/tlc/inicio/images banner4.jpg
2017.03.15 14:01 B G:\CONTENEDOR\sitios\activos\AEROEXPRESS\inicio\images\br1.jpg --> hs20.ihosting.cl /public_html/desarrollo/tlc/inicio/images br1.jpg
2017.03.15 14:01 B G:\CONTENEDOR\sitios\activos\AEROEXPRESS\inicio\images\br2.jpg --> hs20.ihosting.cl /public_html/desarrollo/tlc/inicio/images br2.jpg
2017.03.15 14:01 B G:\CONTENEDOR\sitios\activos\AEROEXPRESS\inicio\images\br3.jpg --> hs20.ihosting.cl /public_html/desarrollo/tlc/inicio/images br3.jpg
2017.03.15 14:01 B G:\CONTENEDOR\sitios\activos\AEROEXPRESS\inicio\images\br4.jpg --> hs20.ihosting.cl /public_html/desarrollo/tlc/inicio/images br4.jpg
2017.03.15 14:01 B G:\CONTENEDOR\sitios\activos\AEROEXPRESS\inicio\images\br5.jpg --> hs20.ihosting.cl /public_html/desarrollo/tlc/inicio/images br5.jpg
2017.03.15 14:01 B G:\CONTENEDOR\sitios\activos\AEROEXPRESS\inicio\images\br6.jpg --> hs20.ihosting.cl /public_html/desarrollo/tlc/inicio/images br6.jpg
2017.03.15 14:01 B G:\CONTENEDOR\sitios\activos\AEROEXPRESS\inicio\images\br7.jpg --> hs20.ihosting.cl /public_html/desarrollo/tlc/inicio/images br7.jpg
2017.03.15 14:01 B G:\CONTENEDOR\sitios\activos\AEROEXPRESS\inicio\images\br8.jpg --> hs20.ihosting.cl /public_html/desarrollo/tlc/inicio/images br8.jpg
2017.03.15 14:01 B G:\CONTENEDOR\sitios\activos\AEROEXPRESS\inicio\images\brands.jpg --> hs20.ihosting.cl /public_html/desarrollo/tlc/inicio/images brands.jpg
2017.03.15 14:01 B G:\CONTENEDOR\sitios\activos\AEROEXPRESS\inicio\images\clearence.png --> hs20.ihosting.cl /public_html/desarrollo/tlc/inicio/images clearence.png
2017.03.15 14:01 B G:\CONTENEDOR\sitios\activos\AEROEXPRESS\inicio\images\close.png --> hs20.ihosting.cl /public_html/desarrollo/tlc/inicio/images close.png
2017.03.15 14:01 B G:\CONTENEDOR\sitios\activos\AEROEXPRESS\inicio\images\home.png --> hs20.ihosting.cl /public_html/desarrollo/tlc/inicio/images home.png
2017.03.15 14:01 B G:\CONTENEDOR\sitios\activos\AEROEXPRESS\inicio\images\img-sprite.png --> hs20.ihosting.cl /public_html/desarrollo/tlc/inicio/images img-sprite.png
2017.03.15 14:01 B G:\CONTENEDOR\sitios\activos\AEROEXPRESS\inicio\images\logo.png --> hs20.ihosting.cl /public_html/desarrollo/tlc/inicio/images logo.png
2017.03.15 14:01 B G:\CONTENEDOR\sitios\activos\AEROEXPRESS\inicio\images\nav_icon.png --> hs20.ihosting.cl /public_html/desarrollo/tlc/inicio/images nav_icon.png
2017.03.15 14:01 B G:\CONTENEDOR\sitios\activos\AEROEXPRESS\inicio\images\p1.jpg --> hs20.ihosting.cl /public_html/desarrollo/tlc/inicio/images p1.jpg
2017.03.15 14:01 B G:\CONTENEDOR\sitios\activos\AEROEXPRESS\inicio\images\p2.jpg --> hs20.ihosting.cl /public_html/desarrollo/tlc/inicio/images p2.jpg
2017.03.15 14:01 B G:\CONTENEDOR\sitios\activos\AEROEXPRESS\inicio\images\p3.jpg --> hs20.ihosting.cl /public_html/desarrollo/tlc/inicio/images p3.jpg
2017.03.15 14:01 B G:\CONTENEDOR\sitios\activos\AEROEXPRESS\inicio\images\p4.jpg --> hs20.ihosting.cl /public_html/desarrollo/tlc/inicio/images p4.jpg
2017.03.15 14:01 B G:\CONTENEDOR\sitios\activos\AEROEXPRESS\inicio\images\p5.jpg --> hs20.ihosting.cl /public_html/desarrollo/tlc/inicio/images p5.jpg
2017.03.15 14:01 B G:\CONTENEDOR\sitios\activos\AEROEXPRESS\inicio\images\p6.jpg --> hs20.ihosting.cl /public_html/desarrollo/tlc/inicio/images p6.jpg
2017.03.15 14:01 B G:\CONTENEDOR\sitios\activos\AEROEXPRESS\inicio\images\p7.jpg --> hs20.ihosting.cl /public_html/desarrollo/tlc/inicio/images p7.jpg
2017.03.15 14:01 B G:\CONTENEDOR\sitios\activos\AEROEXPRESS\inicio\images\p8.jpg --> hs20.ihosting.cl /public_html/desarrollo/tlc/inicio/images p8.jpg
2017.03.15 14:01 B G:\CONTENEDOR\sitios\activos\AEROEXPRESS\inicio\images\p9.jpg --> hs20.ihosting.cl /public_html/desarrollo/tlc/inicio/images p9.jpg
2017.03.15 14:01 B G:\CONTENEDOR\sitios\activos\AEROEXPRESS\inicio\images\p_minus.png --> hs20.ihosting.cl /public_html/desarrollo/tlc/inicio/images p_minus.png
2017.03.15 14:01 B G:\CONTENEDOR\sitios\activos\AEROEXPRESS\inicio\images\p_plus.png --> hs20.ihosting.cl /public_html/desarrollo/tlc/inicio/images p_plus.png
2017.03.15 14:01 B G:\CONTENEDOR\sitios\activos\AEROEXPRESS\inicio\images\paypal.png --> hs20.ihosting.cl /public_html/desarrollo/tlc/inicio/images paypal.png
2017.03.15 14:01 B G:\CONTENEDOR\sitios\activos\AEROEXPRESS\inicio\images\pic1.jpg --> hs20.ihosting.cl /public_html/desarrollo/tlc/inicio/images pic1.jpg
2017.03.15 14:01 B G:\CONTENEDOR\sitios\activos\AEROEXPRESS\inicio\images\pic10.jpg --> hs20.ihosting.cl /public_html/desarrollo/tlc/inicio/images pic10.jpg
2017.03.15 14:01 B G:\CONTENEDOR\sitios\activos\AEROEXPRESS\inicio\images\pic11.jpg --> hs20.ihosting.cl /public_html/desarrollo/tlc/inicio/images pic11.jpg
2017.03.15 14:01 B G:\CONTENEDOR\sitios\activos\AEROEXPRESS\inicio\images\pic12.jpg --> hs20.ihosting.cl /public_html/desarrollo/tlc/inicio/images pic12.jpg
2017.03.15 14:01 B G:\CONTENEDOR\sitios\activos\AEROEXPRESS\inicio\images\pic13.jpg --> hs20.ihosting.cl /public_html/desarrollo/tlc/inicio/images pic13.jpg
2017.03.15 14:01 B G:\CONTENEDOR\sitios\activos\AEROEXPRESS\inicio\images\pic2.jpg --> hs20.ihosting.cl /public_html/desarrollo/tlc/inicio/images pic2.jpg
2017.03.15 14:01 B G:\CONTENEDOR\sitios\activos\AEROEXPRESS\inicio\images\pic3.jpg --> hs20.ihosting.cl /public_html/desarrollo/tlc/inicio/images pic3.jpg
2017.03.15 14:01 B G:\CONTENEDOR\sitios\activos\AEROEXPRESS\inicio\images\pic4.jpg --> hs20.ihosting.cl /public_html/desarrollo/tlc/inicio/images pic4.jpg
2017.03.15 14:01 B G:\CONTENEDOR\sitios\activos\AEROEXPRESS\inicio\images\pic5.jpg --> hs20.ihosting.cl /public_html/desarrollo/tlc/inicio/images pic5.jpg
2017.03.15 14:01 B G:\CONTENEDOR\sitios\activos\AEROEXPRESS\inicio\images\pic6.jpg --> hs20.ihosting.cl /public_html/desarrollo/tlc/inicio/images pic6.jpg
2017.03.15 14:01 B G:\CONTENEDOR\sitios\activos\AEROEXPRESS\inicio\images\pic7.jpg --> hs20.ihosting.cl /public_html/desarrollo/tlc/inicio/images pic7.jpg
2017.03.15 14:01 B G:\CONTENEDOR\sitios\activos\AEROEXPRESS\inicio\images\pic8.jpg --> hs20.ihosting.cl /public_html/desarrollo/tlc/inicio/images pic8.jpg
2017.03.15 14:01 B G:\CONTENEDOR\sitios\activos\AEROEXPRESS\inicio\images\pic9.jpg --> hs20.ihosting.cl /public_html/desarrollo/tlc/inicio/images pic9.jpg
2017.03.15 14:01 B G:\CONTENEDOR\sitios\activos\AEROEXPRESS\inicio\images\plus.png --> hs20.ihosting.cl /public_html/desarrollo/tlc/inicio/images plus.png
2017.03.15 14:01 B G:\CONTENEDOR\sitios\activos\AEROEXPRESS\inicio\images\pr_arrow.png --> hs20.ihosting.cl /public_html/desarrollo/tlc/inicio/images pr_arrow.png
2017.03.15 14:01 B G:\CONTENEDOR\sitios\activos\AEROEXPRESS\inicio\images\product.png --> hs20.ihosting.cl /public_html/desarrollo/tlc/inicio/images product.png
2017.03.15 14:01 B G:\CONTENEDOR\sitios\activos\AEROEXPRESS\inicio\images\product_arrow.png --> hs20.ihosting.cl /public_html/desarrollo/tlc/inicio/images product_arrow.png
2017.03.15 14:01 B G:\CONTENEDOR\sitios\activos\AEROEXPRESS\inicio\images\review.png --> hs20.ihosting.cl /public_html/desarrollo/tlc/inicio/images review.png
2017.03.15 14:01 B G:\CONTENEDOR\sitios\activos\AEROEXPRESS\inicio\images\s1.jpg --> hs20.ihosting.cl /public_html/desarrollo/tlc/inicio/images s1.jpg
2017.03.15 14:01 B G:\CONTENEDOR\sitios\activos\AEROEXPRESS\inicio\images\s10.jpg --> hs20.ihosting.cl /public_html/desarrollo/tlc/inicio/images s10.jpg
2017.03.15 14:01 B G:\CONTENEDOR\sitios\activos\AEROEXPRESS\inicio\images\s2.jpg --> hs20.ihosting.cl /public_html/desarrollo/tlc/inicio/images s2.jpg
2017.03.15 14:01 B G:\CONTENEDOR\sitios\activos\AEROEXPRESS\inicio\images\s3.jpg --> hs20.ihosting.cl /public_html/desarrollo/tlc/inicio/images s3.jpg
2017.03.15 14:01 B G:\CONTENEDOR\sitios\activos\AEROEXPRESS\inicio\images\s4.jpg --> hs20.ihosting.cl /public_html/desarrollo/tlc/inicio/images s4.jpg
2017.03.15 14:01 B G:\CONTENEDOR\sitios\activos\AEROEXPRESS\inicio\images\s5.jpg --> hs20.ihosting.cl /public_html/desarrollo/tlc/inicio/images s5.jpg
2017.03.15 14:01 B G:\CONTENEDOR\sitios\activos\AEROEXPRESS\inicio\images\s6.jpg --> hs20.ihosting.cl /public_html/desarrollo/tlc/inicio/images s6.jpg
2017.03.15 14:01 B G:\CONTENEDOR\sitios\activos\AEROEXPRESS\inicio\images\s7.jpg --> hs20.ihosting.cl /public_html/desarrollo/tlc/inicio/images s7.jpg
2017.03.15 14:01 B G:\CONTENEDOR\sitios\activos\AEROEXPRESS\inicio\images\s8.jpg --> hs20.ihosting.cl /public_html/desarrollo/tlc/inicio/images s8.jpg
2017.03.15 14:01 B G:\CONTENEDOR\sitios\activos\AEROEXPRESS\inicio\images\s9.jpg --> hs20.ihosting.cl /public_html/desarrollo/tlc/inicio/images s9.jpg
2017.03.15 14:01 B G:\CONTENEDOR\sitios\activos\AEROEXPRESS\inicio\images\sale.jpg --> hs20.ihosting.cl /public_html/desarrollo/tlc/inicio/images sale.jpg
2017.03.15 14:01 B G:\CONTENEDOR\sitios\activos\AEROEXPRESS\inicio\images\search.png --> hs20.ihosting.cl /public_html/desarrollo/tlc/inicio/images search.png
2017.03.15 14:01 B G:\CONTENEDOR\sitios\activos\AEROEXPRESS\inicio\images\search_h.png --> hs20.ihosting.cl /public_html/desarrollo/tlc/inicio/images search_h.png
2017.03.15 14:01 B G:\CONTENEDOR\sitios\activos\AEROEXPRESS\inicio\images\secure.png --> hs20.ihosting.cl /public_html/desarrollo/tlc/inicio/images secure.png
2017.03.15 14:01 B G:\CONTENEDOR\sitios\activos\AEROEXPRESS\inicio\images\shop.png --> hs20.ihosting.cl /public_html/desarrollo/tlc/inicio/images shop.png
2017.03.15 14:01 B G:\CONTENEDOR\sitios\activos\AEROEXPRESS\inicio\images\t1.jpg --> hs20.ihosting.cl /public_html/desarrollo/tlc/inicio/images t1.jpg
2017.03.15 14:01 B G:\CONTENEDOR\sitios\activos\AEROEXPRESS\inicio\images\t2.jpg --> hs20.ihosting.cl /public_html/desarrollo/tlc/inicio/images t2.jpg
2017.03.15 14:01 B G:\CONTENEDOR\sitios\activos\AEROEXPRESS\inicio\images\t3.jpg --> hs20.ihosting.cl /public_html/desarrollo/tlc/inicio/images t3.jpg
2017.03.15 14:01 B G:\CONTENEDOR\sitios\activos\AEROEXPRESS\inicio\images\t4.jpg --> hs20.ihosting.cl /public_html/desarrollo/tlc/inicio/images t4.jpg
2017.03.15 14:01 B G:\CONTENEDOR\sitios\activos\AEROEXPRESS\inicio\images\Thumbs.db --> hs20.ihosting.cl /public_html/desarrollo/tlc/inicio/images Thumbs.db
2017.03.15 14:01 B G:\CONTENEDOR\sitios\activos\AEROEXPRESS\inicio\images\tick1.png --> hs20.ihosting.cl /public_html/desarrollo/tlc/inicio/images tick1.png
2017.03.15 14:01 B G:\CONTENEDOR\sitios\activos\AEROEXPRESS\inicio\images\WS_FTP.LOG --> hs20.ihosting.cl /public_html/desarrollo/tlc/inicio/images WS_FTP.LOG
2017.03.20 21:19 B G:\CONTENEDOR\sitios\activos\tlc\inicio\images\logo.png --> hs20.ihosting.cl /public_html/desarrollo/tlc/inicio logo.png
2017.03.20 21:22 B G:\CONTENEDOR\sitios\activos\tlc\inicio\images\logo.png --> hs20.ihosting.cl /public_html/desarrollo/tlc/inicio/images logo.png
2017.03.20 21:32 B G:\CONTENEDOR\sitios\activos\tlc\inicio\images\banner7.jpg --> hs20.ihosting.cl /public_html/desarrollo/tlc/inicio/images banner7.jpg
2017.03.20 21:32 B G:\CONTENEDOR\sitios\activos\tlc\inicio\images\banner6.jpg --> hs20.ihosting.cl /public_html/desarrollo/tlc/inicio/images banner6.jpg
2017.03.20 21:32 B G:\CONTENEDOR\sitios\activos\tlc\inicio\images\banner5.jpg --> hs20.ihosting.cl /public_html/desarrollo/tlc/inicio/images banner5.jpg
2017.03.20 21:32 B G:\CONTENEDOR\sitios\activos\tlc\inicio\images\banner4.jpg --> hs20.ihosting.cl /public_html/desarrollo/tlc/inicio/images banner4.jpg
2017.03.20 21:32 B G:\CONTENEDOR\sitios\activos\tlc\inicio\images\banner3.jpg --> hs20.ihosting.cl /public_html/desarrollo/tlc/inicio/images banner3.jpg
2017.03.20 21:32 B G:\CONTENEDOR\sitios\activos\tlc\inicio\images\banner2.jpg --> hs20.ihosting.cl /public_html/desarrollo/tlc/inicio/images banner2.jpg
2017.03.20 21:32 B G:\CONTENEDOR\sitios\activos\tlc\inicio\images\banner1.jpg --> hs20.ihosting.cl /public_html/desarrollo/tlc/inicio/images banner1.jpg
2017.03.20 21:32 B G:\CONTENEDOR\sitios\activos\tlc\inicio\images\banner.jpg --> hs20.ihosting.cl /public_html/desarrollo/tlc/inicio/images banner.jpg
2017.03.20 21:42 B G:\CONTENEDOR\sitios\activos\tlc\inicio\images\banner7.png --> hs20.ihosting.cl /public_html/desarrollo/tlc/inicio/images banner7.png
2017.03.20 21:42 B G:\CONTENEDOR\sitios\activos\tlc\inicio\images\banner6.png --> hs20.ihosting.cl /public_html/desarrollo/tlc/inicio/images banner6.png
2017.03.20 21:42 B G:\CONTENEDOR\sitios\activos\tlc\inicio\images\banner5.png --> hs20.ihosting.cl /public_html/desarrollo/tlc/inicio/images banner5.png
2017.03.20 21:42 B G:\CONTENEDOR\sitios\activos\tlc\inicio\images\banner4.png --> hs20.ihosting.cl /public_html/desarrollo/tlc/inicio/images banner4.png
2017.03.20 21:43 B G:\CONTENEDOR\sitios\activos\tlc\inicio\images\banner3.png --> hs20.ihosting.cl /public_html/desarrollo/tlc/inicio/images banner3.png
2017.03.20 21:43 B G:\CONTENEDOR\sitios\activos\tlc\inicio\images\banner2.png --> hs20.ihosting.cl /public_html/desarrollo/tlc/inicio/images banner2.png
2017.03.20 21:43 B G:\CONTENEDOR\sitios\activos\tlc\inicio\images\banner1.png --> hs20.ihosting.cl /public_html/desarrollo/tlc/inicio/images banner1.png
2017.03.20 21:43 B G:\CONTENEDOR\sitios\activos\tlc\inicio\images\banner.png --> hs20.ihosting.cl /public_html/desarrollo/tlc/inicio/images banner.png
2017.03.20 21:55 B G:\CONTENEDOR\sitios\activos\tlc\inicio\images\shop.png --> hs20.ihosting.cl /public_html/desarrollo/tlc/inicio/images shop.png
2017.03.20 21:56 B G:\CONTENEDOR\sitios\activos\tlc\inicio\images\shop.png --> hs20.ihosting.cl /public_html/desarrollo/tlc/inicio/images shop.png
2017.03.20 23:32 B G:\CONTENEDOR\sitios\activos\tlc\inicio\images\banda_tiendas.png --> hs20.ihosting.cl /public_html/desarrollo/tlc/inicio/images banda_tiendas.png
2017.03.20 23:32 B G:\CONTENEDOR\sitios\activos\tlc\inicio\images\banda_lo_compramos.png --> hs20.ihosting.cl /public_html/desarrollo/tlc/inicio/images banda_lo_compramos.png
2017.03.20 23:32 B G:\CONTENEDOR\sitios\activos\tlc\inicio\images\banda_calculadora.png --> hs20.ihosting.cl /public_html/desarrollo/tlc/inicio/images banda_calculadora.png
2017.03.20 23:36 B G:\CONTENEDOR\sitios\activos\tlc\inicio\images\banda_tarifas.png --> hs20.ihosting.cl /public_html/desarrollo/tlc/inicio/images banda_tarifas.png
2017.03.20 23:36 B G:\CONTENEDOR\sitios\activos\tlc\inicio\images\banda_tiendas.png --> hs20.ihosting.cl /public_html/desarrollo/tlc/inicio/images banda_tiendas.png
2017.03.20 23:40 B G:\CONTENEDOR\sitios\activos\tlc\inicio\images\banda_como.png --> hs20.ihosting.cl /public_html/desarrollo/tlc/inicio/images banda_como.png
2017.03.20 23:42 B G:\CONTENEDOR\sitios\activos\tlc\inicio\images\banda_registro.png --> hs20.ihosting.cl /public_html/desarrollo/tlc/inicio/images banda_registro.png
2017.03.20 23:46 B G:\CONTENEDOR\sitios\activos\tlc\inicio\images\banda_contacto.png --> hs20.ihosting.cl /public_html/desarrollo/tlc/inicio/images banda_contacto.png
2017.03.20 23:58 B G:\CONTENEDOR\sitios\activos\tlc\inicio\images\banda_mail.png --> hs20.ihosting.cl /public_html/desarrollo/tlc/inicio/images banda_mail.png
2017.03.20 23:58 B G:\CONTENEDOR\sitios\activos\tlc\inicio\images\WS_FTP.LOG --> hs20.ihosting.cl /public_html/desarrollo/tlc/inicio/images WS_FTP.LOG
2017.03.20 23:58 B G:\CONTENEDOR\sitios\activos\tlc\inicio\images\banda_contacto.png --> hs20.ihosting.cl /public_html/desarrollo/tlc/inicio/images banda_contacto.png
2017.03.20 23:58 B G:\CONTENEDOR\sitios\activos\tlc\inicio\images\banda_registro.png --> hs20.ihosting.cl /public_html/desarrollo/tlc/inicio/images banda_registro.png
2017.03.20 23:58 B G:\CONTENEDOR\sitios\activos\tlc\inicio\images\banda_como.png --> hs20.ihosting.cl /public_html/desarrollo/tlc/inicio/images banda_como.png
2017.03.20 23:59 B G:\CONTENEDOR\sitios\activos\tlc\inicio\images\banda_tarifas.png --> hs20.ihosting.cl /public_html/desarrollo/tlc/inicio/images banda_tarifas.png
2017.03.20 23:59 B G:\CONTENEDOR\sitios\activos\tlc\inicio\images\banda_tiendas.png --> hs20.ihosting.cl /public_html/desarrollo/tlc/inicio/images banda_tiendas.png
2017.03.20 23:59 B G:\CONTENEDOR\sitios\activos\tlc\inicio\images\banda_lo_compramos.png --> hs20.ihosting.cl /public_html/desarrollo/tlc/inicio/images banda_lo_compramos.png
2017.03.20 23:59 B G:\CONTENEDOR\sitios\activos\tlc\inicio\images\banda_calculadora.png --> hs20.ihosting.cl /public_html/desarrollo/tlc/inicio/images banda_calculadora.png
2017.03.20 23:59 B G:\CONTENEDOR\sitios\activos\tlc\inicio\images\shop.png --> hs20.ihosting.cl /public_html/desarrollo/tlc/inicio/images shop.png
2017.03.20 23:59 B G:\CONTENEDOR\sitios\activos\tlc\inicio\images\banner7.png --> hs20.ihosting.cl /public_html/desarrollo/tlc/inicio/images banner7.png
2017.03.20 23:59 B G:\CONTENEDOR\sitios\activos\tlc\inicio\images\banner6.png --> hs20.ihosting.cl /public_html/desarrollo/tlc/inicio/images banner6.png
2017.03.20 23:59 B G:\CONTENEDOR\sitios\activos\tlc\inicio\images\banner5.png --> hs20.ihosting.cl /public_html/desarrollo/tlc/inicio/images banner5.png
2017.03.20 23:59 B G:\CONTENEDOR\sitios\activos\tlc\inicio\images\banner4.png --> hs20.ihosting.cl /public_html/desarrollo/tlc/inicio/images banner4.png
2017.03.20 23:59 B G:\CONTENEDOR\sitios\activos\tlc\inicio\images\banner3.png --> hs20.ihosting.cl /public_html/desarrollo/tlc/inicio/images banner3.png
2017.03.20 23:59 B G:\CONTENEDOR\sitios\activos\tlc\inicio\images\banner2.png --> hs20.ihosting.cl /public_html/desarrollo/tlc/inicio/images banner2.png
2017.03.20 23:59 B G:\CONTENEDOR\sitios\activos\tlc\inicio\images\banner1.png --> hs20.ihosting.cl /public_html/desarrollo/tlc/inicio/images banner1.png
2017.03.20 23:59 B G:\CONTENEDOR\sitios\activos\tlc\inicio\images\banner.png --> hs20.ihosting.cl /public_html/desarrollo/tlc/inicio/images banner.png
2017.03.20 23:59 B G:\CONTENEDOR\sitios\activos\tlc\inicio\images\logo.png --> hs20.ihosting.cl /public_html/desarrollo/tlc/inicio/images logo.png
2017.03.20 23:59 B G:\CONTENEDOR\sitios\activos\tlc\inicio\images\t1.jpg --> hs20.ihosting.cl /public_html/desarrollo/tlc/inicio/images t1.jpg
2017.03.20 23:59 B G:\CONTENEDOR\sitios\activos\tlc\inicio\images\t4.jpg --> hs20.ihosting.cl /public_html/desarrollo/tlc/inicio/images t4.jpg
2017.03.20 23:59 B G:\CONTENEDOR\sitios\activos\tlc\inicio\images\t3.jpg --> hs20.ihosting.cl /public_html/desarrollo/tlc/inicio/images t3.jpg
2017.03.20 23:59 B G:\CONTENEDOR\sitios\activos\tlc\inicio\images\t2.jpg --> hs20.ihosting.cl /public_html/desarrollo/tlc/inicio/images t2.jpg
2017.03.20 23:59 B G:\CONTENEDOR\sitios\activos\tlc\inicio\images\bag.png --> hs20.ihosting.cl /public_html/desarrollo/tlc/inicio/images bag.png
2017.03.20 23:59 B G:\CONTENEDOR\sitios\activos\tlc\inicio\images\tick1.png --> hs20.ihosting.cl /public_html/desarrollo/tlc/inicio/images tick1.png
2017.03.20 23:59 B G:\CONTENEDOR\sitios\activos\tlc\inicio\images\Thumbs.db --> hs20.ihosting.cl /public_html/desarrollo/tlc/inicio/images Thumbs.db
2017.03.20 23:59 B G:\CONTENEDOR\sitios\activos\tlc\inicio\images\secure.png --> hs20.ihosting.cl /public_html/desarrollo/tlc/inicio/images secure.png
2017.03.20 23:59 B G:\CONTENEDOR\sitios\activos\tlc\inicio\images\search_h.png --> hs20.ihosting.cl /public_html/desarrollo/tlc/inicio/images search_h.png
2017.03.20 23:59 B G:\CONTENEDOR\sitios\activos\tlc\inicio\images\search.png --> hs20.ihosting.cl /public_html/desarrollo/tlc/inicio/images search.png
2017.03.20 23:59 B G:\CONTENEDOR\sitios\activos\tlc\inicio\images\sale.jpg --> hs20.ihosting.cl /public_html/desarrollo/tlc/inicio/images sale.jpg
2017.03.20 23:59 B G:\CONTENEDOR\sitios\activos\tlc\inicio\images\review.png --> hs20.ihosting.cl /public_html/desarrollo/tlc/inicio/images review.png
2017.03.20 23:59 B G:\CONTENEDOR\sitios\activos\tlc\inicio\images\product_arrow.png --> hs20.ihosting.cl /public_html/desarrollo/tlc/inicio/images product_arrow.png
2017.03.20 23:59 B G:\CONTENEDOR\sitios\activos\tlc\inicio\images\pr_arrow.png --> hs20.ihosting.cl /public_html/desarrollo/tlc/inicio/images pr_arrow.png
2017.03.20 23:59 B G:\CONTENEDOR\sitios\activos\tlc\inicio\images\plus.png --> hs20.ihosting.cl /public_html/desarrollo/tlc/inicio/images plus.png
2017.03.20 23:59 B G:\CONTENEDOR\sitios\activos\tlc\inicio\images\pic9.jpg --> hs20.ihosting.cl /public_html/desarrollo/tlc/inicio/images pic9.jpg
2017.03.20 23:59 B G:\CONTENEDOR\sitios\activos\tlc\inicio\images\pic8.jpg --> hs20.ihosting.cl /public_html/desarrollo/tlc/inicio/images pic8.jpg
2017.03.20 23:59 B G:\CONTENEDOR\sitios\activos\tlc\inicio\images\pic7.jpg --> hs20.ihosting.cl /public_html/desarrollo/tlc/inicio/images pic7.jpg
2017.03.20 23:59 B G:\CONTENEDOR\sitios\activos\tlc\inicio\images\pic6.jpg --> hs20.ihosting.cl /public_html/desarrollo/tlc/inicio/images pic6.jpg
2017.03.21 00:00 B G:\CONTENEDOR\sitios\activos\tlc\inicio\images\pic5.jpg --> hs20.ihosting.cl /public_html/desarrollo/tlc/inicio/images pic5.jpg
2017.03.21 00:00 B G:\CONTENEDOR\sitios\activos\tlc\inicio\images\pic4.jpg --> hs20.ihosting.cl /public_html/desarrollo/tlc/inicio/images pic4.jpg
2017.03.21 00:00 B G:\CONTENEDOR\sitios\activos\tlc\inicio\images\pic3.jpg --> hs20.ihosting.cl /public_html/desarrollo/tlc/inicio/images pic3.jpg
2017.03.21 00:00 B G:\CONTENEDOR\sitios\activos\tlc\inicio\images\pic2.jpg --> hs20.ihosting.cl /public_html/desarrollo/tlc/inicio/images pic2.jpg
2017.03.21 00:00 B G:\CONTENEDOR\sitios\activos\tlc\inicio\images\pic13.jpg --> hs20.ihosting.cl /public_html/desarrollo/tlc/inicio/images pic13.jpg
2017.03.21 00:00 B G:\CONTENEDOR\sitios\activos\tlc\inicio\images\pic12.jpg --> hs20.ihosting.cl /public_html/desarrollo/tlc/inicio/images pic12.jpg
2017.03.21 00:00 B G:\CONTENEDOR\sitios\activos\tlc\inicio\images\pic11.jpg --> hs20.ihosting.cl /public_html/desarrollo/tlc/inicio/images pic11.jpg
2017.03.21 00:00 B G:\CONTENEDOR\sitios\activos\tlc\inicio\images\pic10.jpg --> hs20.ihosting.cl /public_html/desarrollo/tlc/inicio/images pic10.jpg
2017.03.21 00:00 B G:\CONTENEDOR\sitios\activos\tlc\inicio\images\pic1.jpg --> hs20.ihosting.cl /public_html/desarrollo/tlc/inicio/images pic1.jpg
2017.03.21 00:00 B G:\CONTENEDOR\sitios\activos\tlc\inicio\images\paypal.png --> hs20.ihosting.cl /public_html/desarrollo/tlc/inicio/images paypal.png
2017.03.21 00:00 B G:\CONTENEDOR\sitios\activos\tlc\inicio\images\p_plus.png --> hs20.ihosting.cl /public_html/desarrollo/tlc/inicio/images p_plus.png
2017.03.21 00:00 B G:\CONTENEDOR\sitios\activos\tlc\inicio\images\p_minus.png --> hs20.ihosting.cl /public_html/desarrollo/tlc/inicio/images p_minus.png
2017.03.21 00:00 B G:\CONTENEDOR\sitios\activos\tlc\inicio\images\p1.jpg --> hs20.ihosting.cl /public_html/desarrollo/tlc/inicio/images p1.jpg
2017.03.21 00:00 B G:\CONTENEDOR\sitios\activos\tlc\inicio\images\nav_icon.png --> hs20.ihosting.cl /public_html/desarrollo/tlc/inicio/images nav_icon.png
2017.03.21 00:00 B G:\CONTENEDOR\sitios\activos\tlc\inicio\images\img-sprite.png --> hs20.ihosting.cl /public_html/desarrollo/tlc/inicio/images img-sprite.png
2017.03.21 00:00 B G:\CONTENEDOR\sitios\activos\tlc\inicio\images\home.png --> hs20.ihosting.cl /public_html/desarrollo/tlc/inicio/images home.png
2017.03.21 00:00 B G:\CONTENEDOR\sitios\activos\tlc\inicio\images\close.png --> hs20.ihosting.cl /public_html/desarrollo/tlc/inicio/images close.png
2017.03.21 00:00 B G:\CONTENEDOR\sitios\activos\tlc\inicio\images\clearence.png --> hs20.ihosting.cl /public_html/desarrollo/tlc/inicio/images clearence.png
2017.03.21 00:00 B G:\CONTENEDOR\sitios\activos\tlc\inicio\images\brands.jpg --> hs20.ihosting.cl /public_html/desarrollo/tlc/inicio/images brands.jpg
2017.03.21 00:00 B G:\CONTENEDOR\sitios\activos\tlc\inicio\images\br8.jpg --> hs20.ihosting.cl /public_html/desarrollo/tlc/inicio/images br8.jpg
2017.03.21 00:00 B G:\CONTENEDOR\sitios\activos\tlc\inicio\images\br7.jpg --> hs20.ihosting.cl /public_html/desarrollo/tlc/inicio/images br7.jpg
2017.03.21 00:00 B G:\CONTENEDOR\sitios\activos\tlc\inicio\images\br6.jpg --> hs20.ihosting.cl /public_html/desarrollo/tlc/inicio/images br6.jpg
2017.03.21 00:00 B G:\CONTENEDOR\sitios\activos\tlc\inicio\images\br5.jpg --> hs20.ihosting.cl /public_html/desarrollo/tlc/inicio/images br5.jpg
2017.03.21 00:00 B G:\CONTENEDOR\sitios\activos\tlc\inicio\images\br4.jpg --> hs20.ihosting.cl /public_html/desarrollo/tlc/inicio/images br4.jpg
2017.03.21 00:00 B G:\CONTENEDOR\sitios\activos\tlc\inicio\images\br3.jpg --> hs20.ihosting.cl /public_html/desarrollo/tlc/inicio/images br3.jpg
2017.03.21 00:00 B G:\CONTENEDOR\sitios\activos\tlc\inicio\images\br2.jpg --> hs20.ihosting.cl /public_html/desarrollo/tlc/inicio/images br2.jpg
2017.03.21 00:00 B G:\CONTENEDOR\sitios\activos\tlc\inicio\images\br1.jpg --> hs20.ihosting.cl /public_html/desarrollo/tlc/inicio/images br1.jpg
2017.03.21 00:00 B G:\CONTENEDOR\sitios\activos\tlc\inicio\images\back.png --> hs20.ihosting.cl /public_html/desarrollo/tlc/inicio/images back.png
2017.03.21 00:00 B G:\CONTENEDOR\sitios\activos\tlc\inicio\images\b4.jpg --> hs20.ihosting.cl /public_html/desarrollo/tlc/inicio/images b4.jpg
2017.03.21 00:00 B G:\CONTENEDOR\sitios\activos\tlc\inicio\images\b3.jpg --> hs20.ihosting.cl /public_html/desarrollo/tlc/inicio/images b3.jpg
2017.03.21 00:00 B G:\CONTENEDOR\sitios\activos\tlc\inicio\images\b2.jpg --> hs20.ihosting.cl /public_html/desarrollo/tlc/inicio/images b2.jpg
2017.03.21 00:00 B G:\CONTENEDOR\sitios\activos\tlc\inicio\images\b1.jpg --> hs20.ihosting.cl /public_html/desarrollo/tlc/inicio/images b1.jpg
2017.03.21 00:00 B G:\CONTENEDOR\sitios\activos\tlc\inicio\images\arrows.png --> hs20.ihosting.cl /public_html/desarrollo/tlc/inicio/images arrows.png
2017.03.21 00:00 B G:\CONTENEDOR\sitios\activos\tlc\inicio\images\arrow_h.png --> hs20.ihosting.cl /public_html/desarrollo/tlc/inicio/images arrow_h.png
2017.03.21 00:00 B G:\CONTENEDOR\sitios\activos\tlc\inicio\images\arrow2.gif --> hs20.ihosting.cl /public_html/desarrollo/tlc/inicio/images arrow2.gif
2017.03.21 00:00 B G:\CONTENEDOR\sitios\activos\tlc\inicio\images\arrow1.png --> hs20.ihosting.cl /public_html/desarrollo/tlc/inicio/images arrow1.png
2017.03.21 00:00 B G:\CONTENEDOR\sitios\activos\tlc\inicio\images\arrow.png --> hs20.ihosting.cl /public_html/desarrollo/tlc/inicio/images arrow.png
2017.05.01 19:21 B G:\CONTENEDOR\sitios\activos\tlc\inicio\images\WS_FTP.LOG --> hs33.ihosting.cl /public_html/inicio/images WS_FTP.LOG
2017.05.01 19:22 B G:\CONTENEDOR\sitios\activos\tlc\inicio\images\banda_mail.png --> hs33.ihosting.cl /public_html/inicio/images banda_mail.png
2017.05.01 19:22 B G:\CONTENEDOR\sitios\activos\tlc\inicio\images\banda_contacto.png --> hs33.ihosting.cl /public_html/inicio/images banda_contacto.png
2017.05.01 19:22 B G:\CONTENEDOR\sitios\activos\tlc\inicio\images\banda_registro.png --> hs33.ihosting.cl /public_html/inicio/images banda_registro.png
2017.05.01 19:22 B G:\CONTENEDOR\sitios\activos\tlc\inicio\images\banda_como.png --> hs33.ihosting.cl /public_html/inicio/images banda_como.png
2017.05.01 19:22 B G:\CONTENEDOR\sitios\activos\tlc\inicio\images\banda_tarifas.png --> hs33.ihosting.cl /public_html/inicio/images banda_tarifas.png
2017.05.01 19:22 B G:\CONTENEDOR\sitios\activos\tlc\inicio\images\banda_tiendas.png --> hs33.ihosting.cl /public_html/inicio/images banda_tiendas.png
2017.05.01 19:22 B G:\CONTENEDOR\sitios\activos\tlc\inicio\images\banda_lo_compramos.png --> hs33.ihosting.cl /public_html/inicio/images banda_lo_compramos.png
2017.05.01 19:22 B G:\CONTENEDOR\sitios\activos\tlc\inicio\images\banda_calculadora.png --> hs33.ihosting.cl /public_html/inicio/images banda_calculadora.png
2017.05.01 19:22 B G:\CONTENEDOR\sitios\activos\tlc\inicio\images\shop.png --> hs33.ihosting.cl /public_html/inicio/images shop.png
2017.05.01 19:22 B G:\CONTENEDOR\sitios\activos\tlc\inicio\images\banner7.png --> hs33.ihosting.cl /public_html/inicio/images banner7.png
2017.05.01 19:22 B G:\CONTENEDOR\sitios\activos\tlc\inicio\images\banner6.png --> hs33.ihosting.cl /public_html/inicio/images banner6.png
2017.05.01 19:22 B G:\CONTENEDOR\sitios\activos\tlc\inicio\images\banner5.png --> hs33.ihosting.cl /public_html/inicio/images banner5.png
2017.05.01 19:22 B G:\CONTENEDOR\sitios\activos\tlc\inicio\images\banner4.png --> hs33.ihosting.cl /public_html/inicio/images banner4.png
2017.05.01 19:22 B G:\CONTENEDOR\sitios\activos\tlc\inicio\images\banner3.png --> hs33.ihosting.cl /public_html/inicio/images banner3.png
2017.05.01 19:22 B G:\CONTENEDOR\sitios\activos\tlc\inicio\images\banner2.png --> hs33.ihosting.cl /public_html/inicio/images banner2.png
2017.05.01 19:22 B G:\CONTENEDOR\sitios\activos\tlc\inicio\images\banner1.png --> hs33.ihosting.cl /public_html/inicio/images banner1.png
2017.05.01 19:23 B G:\CONTENEDOR\sitios\activos\tlc\inicio\images\banner.png --> hs33.ihosting.cl /public_html/inicio/images banner.png
2017.05.01 19:23 B G:\CONTENEDOR\sitios\activos\tlc\inicio\images\logo.png --> hs33.ihosting.cl /public_html/inicio/images logo.png
2017.05.01 19:23 B G:\CONTENEDOR\sitios\activos\tlc\inicio\images\t1.jpg --> hs33.ihosting.cl /public_html/inicio/images t1.jpg
2017.05.01 19:23 B G:\CONTENEDOR\sitios\activos\tlc\inicio\images\t4.jpg --> hs33.ihosting.cl /public_html/inicio/images t4.jpg
2017.05.01 19:23 B G:\CONTENEDOR\sitios\activos\tlc\inicio\images\t3.jpg --> hs33.ihosting.cl /public_html/inicio/images t3.jpg
2017.05.01 19:23 B G:\CONTENEDOR\sitios\activos\tlc\inicio\images\t2.jpg --> hs33.ihosting.cl /public_html/inicio/images t2.jpg
2017.05.01 19:23 B G:\CONTENEDOR\sitios\activos\tlc\inicio\images\bag.png --> hs33.ihosting.cl /public_html/inicio/images bag.png
2017.05.01 19:23 B G:\CONTENEDOR\sitios\activos\tlc\inicio\images\tick1.png --> hs33.ihosting.cl /public_html/inicio/images tick1.png
2017.05.01 19:23 B G:\CONTENEDOR\sitios\activos\tlc\inicio\images\Thumbs.db --> hs33.ihosting.cl /public_html/inicio/images Thumbs.db
2017.05.01 19:23 B G:\CONTENEDOR\sitios\activos\tlc\inicio\images\secure.png --> hs33.ihosting.cl /public_html/inicio/images secure.png
2017.05.01 19:23 B G:\CONTENEDOR\sitios\activos\tlc\inicio\images\search_h.png --> hs33.ihosting.cl /public_html/inicio/images search_h.png
2017.05.01 19:23 B G:\CONTENEDOR\sitios\activos\tlc\inicio\images\search.png --> hs33.ihosting.cl /public_html/inicio/images search.png
2017.05.01 19:23 B G:\CONTENEDOR\sitios\activos\tlc\inicio\images\sale.jpg --> hs33.ihosting.cl /public_html/inicio/images sale.jpg
2017.05.01 19:23 B G:\CONTENEDOR\sitios\activos\tlc\inicio\images\review.png --> hs33.ihosting.cl /public_html/inicio/images review.png
2017.05.01 19:23 B G:\CONTENEDOR\sitios\activos\tlc\inicio\images\product_arrow.png --> hs33.ihosting.cl /public_html/inicio/images product_arrow.png
2017.05.01 19:23 B G:\CONTENEDOR\sitios\activos\tlc\inicio\images\pr_arrow.png --> hs33.ihosting.cl /public_html/inicio/images pr_arrow.png
2017.05.01 19:23 B G:\CONTENEDOR\sitios\activos\tlc\inicio\images\plus.png --> hs33.ihosting.cl /public_html/inicio/images plus.png
2017.05.01 19:23 B G:\CONTENEDOR\sitios\activos\tlc\inicio\images\pic9.jpg --> hs33.ihosting.cl /public_html/inicio/images pic9.jpg
2017.05.01 19:23 B G:\CONTENEDOR\sitios\activos\tlc\inicio\images\pic8.jpg --> hs33.ihosting.cl /public_html/inicio/images pic8.jpg
2017.05.01 19:23 B G:\CONTENEDOR\sitios\activos\tlc\inicio\images\pic7.jpg --> hs33.ihosting.cl /public_html/inicio/images pic7.jpg
2017.05.01 19:23 B G:\CONTENEDOR\sitios\activos\tlc\inicio\images\pic6.jpg --> hs33.ihosting.cl /public_html/inicio/images pic6.jpg
2017.05.01 19:23 B G:\CONTENEDOR\sitios\activos\tlc\inicio\images\pic5.jpg --> hs33.ihosting.cl /public_html/inicio/images pic5.jpg
2017.05.01 19:23 B G:\CONTENEDOR\sitios\activos\tlc\inicio\images\pic4.jpg --> hs33.ihosting.cl /public_html/inicio/images pic4.jpg
2017.05.01 19:23 B G:\CONTENEDOR\sitios\activos\tlc\inicio\images\pic3.jpg --> hs33.ihosting.cl /public_html/inicio/images pic3.jpg
2017.05.01 19:23 B G:\CONTENEDOR\sitios\activos\tlc\inicio\images\pic2.jpg --> hs33.ihosting.cl /public_html/inicio/images pic2.jpg
2017.05.01 19:23 B G:\CONTENEDOR\sitios\activos\tlc\inicio\images\pic13.jpg --> hs33.ihosting.cl /public_html/inicio/images pic13.jpg
2017.05.01 19:23 B G:\CONTENEDOR\sitios\activos\tlc\inicio\images\pic12.jpg --> hs33.ihosting.cl /public_html/inicio/images pic12.jpg
2017.05.01 19:23 B G:\CONTENEDOR\sitios\activos\tlc\inicio\images\pic11.jpg --> hs33.ihosting.cl /public_html/inicio/images pic11.jpg
2017.05.01 19:23 B G:\CONTENEDOR\sitios\activos\tlc\inicio\images\pic10.jpg --> hs33.ihosting.cl /public_html/inicio/images pic10.jpg
2017.05.01 19:23 B G:\CONTENEDOR\sitios\activos\tlc\inicio\images\pic1.jpg --> hs33.ihosting.cl /public_html/inicio/images pic1.jpg
2017.05.01 19:23 B G:\CONTENEDOR\sitios\activos\tlc\inicio\images\paypal.png --> hs33.ihosting.cl /public_html/inicio/images paypal.png
2017.05.01 19:23 B G:\CONTENEDOR\sitios\activos\tlc\inicio\images\p_plus.png --> hs33.ihosting.cl /public_html/inicio/images p_plus.png
2017.05.01 19:23 B G:\CONTENEDOR\sitios\activos\tlc\inicio\images\p_minus.png --> hs33.ihosting.cl /public_html/inicio/images p_minus.png
2017.05.01 19:23 B G:\CONTENEDOR\sitios\activos\tlc\inicio\images\p1.jpg --> hs33.ihosting.cl /public_html/inicio/images p1.jpg
2017.05.01 19:23 B G:\CONTENEDOR\sitios\activos\tlc\inicio\images\nav_icon.png --> hs33.ihosting.cl /public_html/inicio/images nav_icon.png
2017.05.01 19:23 B G:\CONTENEDOR\sitios\activos\tlc\inicio\images\img-sprite.png --> hs33.ihosting.cl /public_html/inicio/images img-sprite.png
2017.05.01 19:23 B G:\CONTENEDOR\sitios\activos\tlc\inicio\images\home.png --> hs33.ihosting.cl /public_html/inicio/images home.png
2017.05.01 19:23 B G:\CONTENEDOR\sitios\activos\tlc\inicio\images\close.png --> hs33.ihosting.cl /public_html/inicio/images close.png
2017.05.01 19:23 B G:\CONTENEDOR\sitios\activos\tlc\inicio\images\clearence.png --> hs33.ihosting.cl /public_html/inicio/images clearence.png
2017.05.01 19:23 B G:\CONTENEDOR\sitios\activos\tlc\inicio\images\brands.jpg --> hs33.ihosting.cl /public_html/inicio/images brands.jpg
2017.05.01 19:23 B G:\CONTENEDOR\sitios\activos\tlc\inicio\images\br8.jpg --> hs33.ihosting.cl /public_html/inicio/images br8.jpg
2017.05.01 19:23 B G:\CONTENEDOR\sitios\activos\tlc\inicio\images\br7.jpg --> hs33.ihosting.cl /public_html/inicio/images br7.jpg
2017.05.01 19:23 B G:\CONTENEDOR\sitios\activos\tlc\inicio\images\br6.jpg --> hs33.ihosting.cl /public_html/inicio/images br6.jpg
2017.05.01 19:23 B G:\CONTENEDOR\sitios\activos\tlc\inicio\images\br5.jpg --> hs33.ihosting.cl /public_html/inicio/images br5.jpg
2017.05.01 19:23 B G:\CONTENEDOR\sitios\activos\tlc\inicio\images\br4.jpg --> hs33.ihosting.cl /public_html/inicio/images br4.jpg
2017.05.01 19:23 B G:\CONTENEDOR\sitios\activos\tlc\inicio\images\br3.jpg --> hs33.ihosting.cl /public_html/inicio/images br3.jpg
2017.05.01 19:23 B G:\CONTENEDOR\sitios\activos\tlc\inicio\images\br2.jpg --> hs33.ihosting.cl /public_html/inicio/images br2.jpg
2017.05.01 19:23 B G:\CONTENEDOR\sitios\activos\tlc\inicio\images\br1.jpg --> hs33.ihosting.cl /public_html/inicio/images br1.jpg
2017.05.01 19:23 B G:\CONTENEDOR\sitios\activos\tlc\inicio\images\back.png --> hs33.ihosting.cl /public_html/inicio/images back.png
2017.05.01 19:23 B G:\CONTENEDOR\sitios\activos\tlc\inicio\images\b4.jpg --> hs33.ihosting.cl /public_html/inicio/images b4.jpg
2017.05.01 19:23 B G:\CONTENEDOR\sitios\activos\tlc\inicio\images\b3.jpg --> hs33.ihosting.cl /public_html/inicio/images b3.jpg
2017.05.01 19:23 B G:\CONTENEDOR\sitios\activos\tlc\inicio\images\b2.jpg --> hs33.ihosting.cl /public_html/inicio/images b2.jpg
2017.05.01 19:23 B G:\CONTENEDOR\sitios\activos\tlc\inicio\images\b1.jpg --> hs33.ihosting.cl /public_html/inicio/images b1.jpg
2017.05.01 19:23 B G:\CONTENEDOR\sitios\activos\tlc\inicio\images\arrows.png --> hs33.ihosting.cl /public_html/inicio/images arrows.png
2017.05.01 19:23 B G:\CONTENEDOR\sitios\activos\tlc\inicio\images\arrow_h.png --> hs33.ihosting.cl /public_html/inicio/images arrow_h.png
2017.05.01 19:23 B G:\CONTENEDOR\sitios\activos\tlc\inicio\images\arrow2.gif --> hs33.ihosting.cl /public_html/inicio/images arrow2.gif
2017.05.01 19:23 B G:\CONTENEDOR\sitios\activos\tlc\inicio\images\arrow1.png --> hs33.ihosting.cl /public_html/inicio/images arrow1.png
2017.05.01 19:23 B G:\CONTENEDOR\sitios\activos\tlc\inicio\images\arrow.png --> hs33.ihosting.cl /public_html/inicio/images arrow.png
