2016.09.14 21:02 B G:\CONTENEDOR\sitios\activos\AEROEXPRESS\webpanel\assets\plugins\timepicker\spec\js\libs\bootstrap\docs\assets\ico\favicon.png <-- AEROEXPRESS /public_html/webpanel/assets/plugins/timepicker/spec/js/libs/bootstrap/docs/assets/ico favicon.png
2016.09.14 21:02 B G:\CONTENEDOR\sitios\activos\AEROEXPRESS\webpanel\assets\plugins\timepicker\spec\js\libs\bootstrap\docs\assets\ico\favicon.ico <-- AEROEXPRESS /public_html/webpanel/assets/plugins/timepicker/spec/js/libs/bootstrap/docs/assets/ico favicon.ico
2016.09.14 21:02 B G:\CONTENEDOR\sitios\activos\AEROEXPRESS\webpanel\assets\plugins\timepicker\spec\js\libs\bootstrap\docs\assets\ico\apple-touch-icon-72-precomposed.png <-- AEROEXPRESS /public_html/webpanel/assets/plugins/timepicker/spec/js/libs/bootstrap/docs/assets/ico apple-touch-icon-72-precomposed.png
2016.09.14 21:02 B G:\CONTENEDOR\sitios\activos\AEROEXPRESS\webpanel\assets\plugins\timepicker\spec\js\libs\bootstrap\docs\assets\ico\apple-touch-icon-57-precomposed.png <-- AEROEXPRESS /public_html/webpanel/assets/plugins/timepicker/spec/js/libs/bootstrap/docs/assets/ico apple-touch-icon-57-precomposed.png
2016.09.14 21:02 B G:\CONTENEDOR\sitios\activos\AEROEXPRESS\webpanel\assets\plugins\timepicker\spec\js\libs\bootstrap\docs\assets\ico\apple-touch-icon-144-precomposed.png <-- AEROEXPRESS /public_html/webpanel/assets/plugins/timepicker/spec/js/libs/bootstrap/docs/assets/ico apple-touch-icon-144-precomposed.png
2016.09.14 21:02 B G:\CONTENEDOR\sitios\activos\AEROEXPRESS\webpanel\assets\plugins\timepicker\spec\js\libs\bootstrap\docs\assets\ico\apple-touch-icon-114-precomposed.png <-- AEROEXPRESS /public_html/webpanel/assets/plugins/timepicker/spec/js/libs/bootstrap/docs/assets/ico apple-touch-icon-114-precomposed.png
2017.03.15 14:12 B G:\CONTENEDOR\sitios\activos\AEROEXPRESS\webpanel\assets\plugins\timepicker\spec\js\libs\bootstrap\docs\assets\ico\apple-touch-icon-114-precomposed.png --> hs20.ihosting.cl /public_html/desarrollo/tlc/webpanel/assets/plugins/timepicker/spec/js/libs/bootstrap/docs/assets/ico apple-touch-icon-114-precomposed.png
2017.03.15 14:12 B G:\CONTENEDOR\sitios\activos\AEROEXPRESS\webpanel\assets\plugins\timepicker\spec\js\libs\bootstrap\docs\assets\ico\apple-touch-icon-144-precomposed.png --> hs20.ihosting.cl /public_html/desarrollo/tlc/webpanel/assets/plugins/timepicker/spec/js/libs/bootstrap/docs/assets/ico apple-touch-icon-144-precomposed.png
2017.03.15 14:12 B G:\CONTENEDOR\sitios\activos\AEROEXPRESS\webpanel\assets\plugins\timepicker\spec\js\libs\bootstrap\docs\assets\ico\apple-touch-icon-57-precomposed.png --> hs20.ihosting.cl /public_html/desarrollo/tlc/webpanel/assets/plugins/timepicker/spec/js/libs/bootstrap/docs/assets/ico apple-touch-icon-57-precomposed.png
2017.03.15 14:12 B G:\CONTENEDOR\sitios\activos\AEROEXPRESS\webpanel\assets\plugins\timepicker\spec\js\libs\bootstrap\docs\assets\ico\apple-touch-icon-72-precomposed.png --> hs20.ihosting.cl /public_html/desarrollo/tlc/webpanel/assets/plugins/timepicker/spec/js/libs/bootstrap/docs/assets/ico apple-touch-icon-72-precomposed.png
2017.03.15 14:12 B G:\CONTENEDOR\sitios\activos\AEROEXPRESS\webpanel\assets\plugins\timepicker\spec\js\libs\bootstrap\docs\assets\ico\favicon.ico --> hs20.ihosting.cl /public_html/desarrollo/tlc/webpanel/assets/plugins/timepicker/spec/js/libs/bootstrap/docs/assets/ico favicon.ico
2017.03.15 14:12 B G:\CONTENEDOR\sitios\activos\AEROEXPRESS\webpanel\assets\plugins\timepicker\spec\js\libs\bootstrap\docs\assets\ico\favicon.png --> hs20.ihosting.cl /public_html/desarrollo/tlc/webpanel/assets/plugins/timepicker/spec/js/libs/bootstrap/docs/assets/ico favicon.png
2017.03.15 14:12 B G:\CONTENEDOR\sitios\activos\AEROEXPRESS\webpanel\assets\plugins\timepicker\spec\js\libs\bootstrap\docs\assets\ico\WS_FTP.LOG --> hs20.ihosting.cl /public_html/desarrollo/tlc/webpanel/assets/plugins/timepicker/spec/js/libs/bootstrap/docs/assets/ico WS_FTP.LOG
2017.05.01 19:32 B G:\CONTENEDOR\sitios\activos\tlc\webpanel\assets\plugins\timepicker\spec\js\libs\bootstrap\docs\assets\ico\WS_FTP.LOG --> hs33.ihosting.cl /public_html/webpanel/assets/plugins/timepicker/spec/js/libs/bootstrap/docs/assets/ico WS_FTP.LOG
2017.05.01 19:32 B G:\CONTENEDOR\sitios\activos\tlc\webpanel\assets\plugins\timepicker\spec\js\libs\bootstrap\docs\assets\ico\favicon.png --> hs33.ihosting.cl /public_html/webpanel/assets/plugins/timepicker/spec/js/libs/bootstrap/docs/assets/ico favicon.png
2017.05.01 19:32 B G:\CONTENEDOR\sitios\activos\tlc\webpanel\assets\plugins\timepicker\spec\js\libs\bootstrap\docs\assets\ico\favicon.ico --> hs33.ihosting.cl /public_html/webpanel/assets/plugins/timepicker/spec/js/libs/bootstrap/docs/assets/ico favicon.ico
2017.05.01 19:32 B G:\CONTENEDOR\sitios\activos\tlc\webpanel\assets\plugins\timepicker\spec\js\libs\bootstrap\docs\assets\ico\apple-touch-icon-72-precomposed.png --> hs33.ihosting.cl /public_html/webpanel/assets/plugins/timepicker/spec/js/libs/bootstrap/docs/assets/ico apple-touch-icon-72-precomposed.png
2017.05.01 19:32 B G:\CONTENEDOR\sitios\activos\tlc\webpanel\assets\plugins\timepicker\spec\js\libs\bootstrap\docs\assets\ico\apple-touch-icon-57-precomposed.png --> hs33.ihosting.cl /public_html/webpanel/assets/plugins/timepicker/spec/js/libs/bootstrap/docs/assets/ico apple-touch-icon-57-precomposed.png
2017.05.01 19:32 B G:\CONTENEDOR\sitios\activos\tlc\webpanel\assets\plugins\timepicker\spec\js\libs\bootstrap\docs\assets\ico\apple-touch-icon-144-precomposed.png --> hs33.ihosting.cl /public_html/webpanel/assets/plugins/timepicker/spec/js/libs/bootstrap/docs/assets/ico apple-touch-icon-144-precomposed.png
2017.05.01 19:32 B G:\CONTENEDOR\sitios\activos\tlc\webpanel\assets\plugins\timepicker\spec\js\libs\bootstrap\docs\assets\ico\apple-touch-icon-114-precomposed.png --> hs33.ihosting.cl /public_html/webpanel/assets/plugins/timepicker/spec/js/libs/bootstrap/docs/assets/ico apple-touch-icon-114-precomposed.png
