2016.09.14 21:00 B G:\CONTENEDOR\sitios\activos\AEROEXPRESS\webpanel\assets\plugins\wysihtml5\lib\css\wysiwyg-color.css <-- AEROEXPRESS /public_html/webpanel/assets/plugins/wysihtml5/lib/css wysiwyg-color.css
2016.09.14 21:00 B G:\CONTENEDOR\sitios\activos\AEROEXPRESS\webpanel\assets\plugins\wysihtml5\lib\css\prettify.css <-- AEROEXPRESS /public_html/webpanel/assets/plugins/wysihtml5/lib/css prettify.css
2016.09.14 21:00 B G:\CONTENEDOR\sitios\activos\AEROEXPRESS\webpanel\assets\plugins\wysihtml5\lib\css\bootstrap.min.css <-- AEROEXPRESS /public_html/webpanel/assets/plugins/wysihtml5/lib/css bootstrap.min.css
2016.09.14 21:00 B G:\CONTENEDOR\sitios\activos\AEROEXPRESS\webpanel\assets\plugins\wysihtml5\lib\css\bootstrap.css <-- AEROEXPRESS /public_html/webpanel/assets/plugins/wysihtml5/lib/css bootstrap.css
2016.09.14 21:00 B G:\CONTENEDOR\sitios\activos\AEROEXPRESS\webpanel\assets\plugins\wysihtml5\lib\css\bootstrap-responsive.min.css <-- AEROEXPRESS /public_html/webpanel/assets/plugins/wysihtml5/lib/css bootstrap-responsive.min.css
2016.09.14 21:00 B G:\CONTENEDOR\sitios\activos\AEROEXPRESS\webpanel\assets\plugins\wysihtml5\lib\css\bootstrap-responsive.css <-- AEROEXPRESS /public_html/webpanel/assets/plugins/wysihtml5/lib/css bootstrap-responsive.css
2017.03.15 14:15 B G:\CONTENEDOR\sitios\activos\AEROEXPRESS\webpanel\assets\plugins\wysihtml5\lib\css\bootstrap-responsive.css --> hs20.ihosting.cl /public_html/desarrollo/tlc/webpanel/assets/plugins/wysihtml5/lib/css bootstrap-responsive.css
2017.03.15 14:15 B G:\CONTENEDOR\sitios\activos\AEROEXPRESS\webpanel\assets\plugins\wysihtml5\lib\css\bootstrap-responsive.min.css --> hs20.ihosting.cl /public_html/desarrollo/tlc/webpanel/assets/plugins/wysihtml5/lib/css bootstrap-responsive.min.css
2017.03.15 14:15 B G:\CONTENEDOR\sitios\activos\AEROEXPRESS\webpanel\assets\plugins\wysihtml5\lib\css\bootstrap.css --> hs20.ihosting.cl /public_html/desarrollo/tlc/webpanel/assets/plugins/wysihtml5/lib/css bootstrap.css
2017.03.15 14:15 B G:\CONTENEDOR\sitios\activos\AEROEXPRESS\webpanel\assets\plugins\wysihtml5\lib\css\bootstrap.min.css --> hs20.ihosting.cl /public_html/desarrollo/tlc/webpanel/assets/plugins/wysihtml5/lib/css bootstrap.min.css
2017.03.15 14:15 B G:\CONTENEDOR\sitios\activos\AEROEXPRESS\webpanel\assets\plugins\wysihtml5\lib\css\prettify.css --> hs20.ihosting.cl /public_html/desarrollo/tlc/webpanel/assets/plugins/wysihtml5/lib/css prettify.css
2017.03.15 14:15 B G:\CONTENEDOR\sitios\activos\AEROEXPRESS\webpanel\assets\plugins\wysihtml5\lib\css\WS_FTP.LOG --> hs20.ihosting.cl /public_html/desarrollo/tlc/webpanel/assets/plugins/wysihtml5/lib/css WS_FTP.LOG
2017.03.15 14:15 B G:\CONTENEDOR\sitios\activos\AEROEXPRESS\webpanel\assets\plugins\wysihtml5\lib\css\wysiwyg-color.css --> hs20.ihosting.cl /public_html/desarrollo/tlc/webpanel/assets/plugins/wysihtml5/lib/css wysiwyg-color.css
2017.05.01 19:26 B G:\CONTENEDOR\sitios\activos\tlc\webpanel\assets\plugins\wysihtml5\lib\css\WS_FTP.LOG --> hs33.ihosting.cl /public_html/webpanel/assets/plugins/wysihtml5/lib/css WS_FTP.LOG
2017.05.01 19:26 B G:\CONTENEDOR\sitios\activos\tlc\webpanel\assets\plugins\wysihtml5\lib\css\wysiwyg-color.css --> hs33.ihosting.cl /public_html/webpanel/assets/plugins/wysihtml5/lib/css wysiwyg-color.css
2017.05.01 19:26 B G:\CONTENEDOR\sitios\activos\tlc\webpanel\assets\plugins\wysihtml5\lib\css\prettify.css --> hs33.ihosting.cl /public_html/webpanel/assets/plugins/wysihtml5/lib/css prettify.css
2017.05.01 19:26 B G:\CONTENEDOR\sitios\activos\tlc\webpanel\assets\plugins\wysihtml5\lib\css\bootstrap.min.css --> hs33.ihosting.cl /public_html/webpanel/assets/plugins/wysihtml5/lib/css bootstrap.min.css
2017.05.01 19:26 B G:\CONTENEDOR\sitios\activos\tlc\webpanel\assets\plugins\wysihtml5\lib\css\bootstrap.css --> hs33.ihosting.cl /public_html/webpanel/assets/plugins/wysihtml5/lib/css bootstrap.css
2017.05.01 19:26 B G:\CONTENEDOR\sitios\activos\tlc\webpanel\assets\plugins\wysihtml5\lib\css\bootstrap-responsive.min.css --> hs33.ihosting.cl /public_html/webpanel/assets/plugins/wysihtml5/lib/css bootstrap-responsive.min.css
2017.05.01 19:26 B G:\CONTENEDOR\sitios\activos\tlc\webpanel\assets\plugins\wysihtml5\lib\css\bootstrap-responsive.css --> hs33.ihosting.cl /public_html/webpanel/assets/plugins/wysihtml5/lib/css bootstrap-responsive.css
