2016.09.14 21:05 B G:\CONTENEDOR\sitios\activos\AEROEXPRESS\webpanel\assets\plugins\gmaps\examples\travel_route.html <-- AEROEXPRESS /public_html/webpanel/assets/plugins/gmaps/examples travel_route.html
2016.09.14 21:05 B G:\CONTENEDOR\sitios\activos\AEROEXPRESS\webpanel\assets\plugins\gmaps\examples\styled_maps.html <-- AEROEXPRESS /public_html/webpanel/assets/plugins/gmaps/examples styled_maps.html
2016.09.14 21:05 B G:\CONTENEDOR\sitios\activos\AEROEXPRESS\webpanel\assets\plugins\gmaps\examples\static_styles.html <-- AEROEXPRESS /public_html/webpanel/assets/plugins/gmaps/examples static_styles.html
2016.09.14 21:05 B G:\CONTENEDOR\sitios\activos\AEROEXPRESS\webpanel\assets\plugins\gmaps\examples\static_polylines.html <-- AEROEXPRESS /public_html/webpanel/assets/plugins/gmaps/examples static_polylines.html
2016.09.14 21:05 B G:\CONTENEDOR\sitios\activos\AEROEXPRESS\webpanel\assets\plugins\gmaps\examples\static_markers.html <-- AEROEXPRESS /public_html/webpanel/assets/plugins/gmaps/examples static_markers.html
2016.09.14 21:05 B G:\CONTENEDOR\sitios\activos\AEROEXPRESS\webpanel\assets\plugins\gmaps\examples\static.html <-- AEROEXPRESS /public_html/webpanel/assets/plugins/gmaps/examples static.html
2016.09.14 21:05 B G:\CONTENEDOR\sitios\activos\AEROEXPRESS\webpanel\assets\plugins\gmaps\examples\routes_advanced.html <-- AEROEXPRESS /public_html/webpanel/assets/plugins/gmaps/examples routes_advanced.html
2016.09.14 21:05 B G:\CONTENEDOR\sitios\activos\AEROEXPRESS\webpanel\assets\plugins\gmaps\examples\routes.html <-- AEROEXPRESS /public_html/webpanel/assets/plugins/gmaps/examples routes.html
2016.09.14 21:05 B G:\CONTENEDOR\sitios\activos\AEROEXPRESS\webpanel\assets\plugins\gmaps\examples\polylines.html <-- AEROEXPRESS /public_html/webpanel/assets/plugins/gmaps/examples polylines.html
2016.09.14 21:05 B G:\CONTENEDOR\sitios\activos\AEROEXPRESS\webpanel\assets\plugins\gmaps\examples\polygons.html <-- AEROEXPRESS /public_html/webpanel/assets/plugins/gmaps/examples polygons.html
2016.09.14 21:05 B G:\CONTENEDOR\sitios\activos\AEROEXPRESS\webpanel\assets\plugins\gmaps\examples\overlays.html <-- AEROEXPRESS /public_html/webpanel/assets/plugins/gmaps/examples overlays.html
2016.09.14 21:05 B G:\CONTENEDOR\sitios\activos\AEROEXPRESS\webpanel\assets\plugins\gmaps\examples\overlay_map_types.html <-- AEROEXPRESS /public_html/webpanel/assets/plugins/gmaps/examples overlay_map_types.html
2016.09.14 21:05 B G:\CONTENEDOR\sitios\activos\AEROEXPRESS\webpanel\assets\plugins\gmaps\examples\markers.html <-- AEROEXPRESS /public_html/webpanel/assets/plugins/gmaps/examples markers.html
2016.09.14 21:05 B G:\CONTENEDOR\sitios\activos\AEROEXPRESS\webpanel\assets\plugins\gmaps\examples\marker_clusterer.html <-- AEROEXPRESS /public_html/webpanel/assets/plugins/gmaps/examples marker_clusterer.html
2016.09.14 21:05 B G:\CONTENEDOR\sitios\activos\AEROEXPRESS\webpanel\assets\plugins\gmaps\examples\map_types.html <-- AEROEXPRESS /public_html/webpanel/assets/plugins/gmaps/examples map_types.html
2016.09.14 21:05 B G:\CONTENEDOR\sitios\activos\AEROEXPRESS\webpanel\assets\plugins\gmaps\examples\map_events.html <-- AEROEXPRESS /public_html/webpanel/assets/plugins/gmaps/examples map_events.html
2016.09.14 21:05 B G:\CONTENEDOR\sitios\activos\AEROEXPRESS\webpanel\assets\plugins\gmaps\examples\layers_places.html <-- AEROEXPRESS /public_html/webpanel/assets/plugins/gmaps/examples layers_places.html
2016.09.14 21:05 B G:\CONTENEDOR\sitios\activos\AEROEXPRESS\webpanel\assets\plugins\gmaps\examples\layers.html <-- AEROEXPRESS /public_html/webpanel/assets/plugins/gmaps/examples layers.html
2016.09.14 21:05 B G:\CONTENEDOR\sitios\activos\AEROEXPRESS\webpanel\assets\plugins\gmaps\examples\kml.html <-- AEROEXPRESS /public_html/webpanel/assets/plugins/gmaps/examples kml.html
2016.09.14 21:05 B G:\CONTENEDOR\sitios\activos\AEROEXPRESS\webpanel\assets\plugins\gmaps\examples\geometry.html <-- AEROEXPRESS /public_html/webpanel/assets/plugins/gmaps/examples geometry.html
2016.09.14 21:05 B G:\CONTENEDOR\sitios\activos\AEROEXPRESS\webpanel\assets\plugins\gmaps\examples\geolocation.html <-- AEROEXPRESS /public_html/webpanel/assets/plugins/gmaps/examples geolocation.html
2016.09.14 21:05 B G:\CONTENEDOR\sitios\activos\AEROEXPRESS\webpanel\assets\plugins\gmaps\examples\geofences.html <-- AEROEXPRESS /public_html/webpanel/assets/plugins/gmaps/examples geofences.html
2016.09.14 21:05 B G:\CONTENEDOR\sitios\activos\AEROEXPRESS\webpanel\assets\plugins\gmaps\examples\geocoding.html <-- AEROEXPRESS /public_html/webpanel/assets/plugins/gmaps/examples geocoding.html
2016.09.14 21:05 B G:\CONTENEDOR\sitios\activos\AEROEXPRESS\webpanel\assets\plugins\gmaps\examples\fusion_tables.html <-- AEROEXPRESS /public_html/webpanel/assets/plugins/gmaps/examples fusion_tables.html
2016.09.14 21:05 B G:\CONTENEDOR\sitios\activos\AEROEXPRESS\webpanel\assets\plugins\gmaps\examples\examples.css <-- AEROEXPRESS /public_html/webpanel/assets/plugins/gmaps/examples examples.css
2016.09.14 21:05 B G:\CONTENEDOR\sitios\activos\AEROEXPRESS\webpanel\assets\plugins\gmaps\examples\elevation_routes.html <-- AEROEXPRESS /public_html/webpanel/assets/plugins/gmaps/examples elevation_routes.html
2016.09.14 21:05 B G:\CONTENEDOR\sitios\activos\AEROEXPRESS\webpanel\assets\plugins\gmaps\examples\elevation_locations.html <-- AEROEXPRESS /public_html/webpanel/assets/plugins/gmaps/examples elevation_locations.html
2016.09.14 21:05 B G:\CONTENEDOR\sitios\activos\AEROEXPRESS\webpanel\assets\plugins\gmaps\examples\custom_controls.html <-- AEROEXPRESS /public_html/webpanel/assets/plugins/gmaps/examples custom_controls.html
2016.09.14 21:05 B G:\CONTENEDOR\sitios\activos\AEROEXPRESS\webpanel\assets\plugins\gmaps\examples\context_menu.html <-- AEROEXPRESS /public_html/webpanel/assets/plugins/gmaps/examples context_menu.html
2016.09.14 21:05 B G:\CONTENEDOR\sitios\activos\AEROEXPRESS\webpanel\assets\plugins\gmaps\examples\basic.html <-- AEROEXPRESS /public_html/webpanel/assets/plugins/gmaps/examples basic.html
2017.03.15 14:07 B G:\CONTENEDOR\sitios\activos\AEROEXPRESS\webpanel\assets\plugins\gmaps\examples\basic.html --> hs20.ihosting.cl /public_html/desarrollo/tlc/webpanel/assets/plugins/gmaps/examples basic.html
2017.03.15 14:07 B G:\CONTENEDOR\sitios\activos\AEROEXPRESS\webpanel\assets\plugins\gmaps\examples\context_menu.html --> hs20.ihosting.cl /public_html/desarrollo/tlc/webpanel/assets/plugins/gmaps/examples context_menu.html
2017.03.15 14:07 B G:\CONTENEDOR\sitios\activos\AEROEXPRESS\webpanel\assets\plugins\gmaps\examples\custom_controls.html --> hs20.ihosting.cl /public_html/desarrollo/tlc/webpanel/assets/plugins/gmaps/examples custom_controls.html
2017.03.15 14:07 B G:\CONTENEDOR\sitios\activos\AEROEXPRESS\webpanel\assets\plugins\gmaps\examples\elevation_locations.html --> hs20.ihosting.cl /public_html/desarrollo/tlc/webpanel/assets/plugins/gmaps/examples elevation_locations.html
2017.03.15 14:07 B G:\CONTENEDOR\sitios\activos\AEROEXPRESS\webpanel\assets\plugins\gmaps\examples\elevation_routes.html --> hs20.ihosting.cl /public_html/desarrollo/tlc/webpanel/assets/plugins/gmaps/examples elevation_routes.html
2017.03.15 14:07 B G:\CONTENEDOR\sitios\activos\AEROEXPRESS\webpanel\assets\plugins\gmaps\examples\examples.css --> hs20.ihosting.cl /public_html/desarrollo/tlc/webpanel/assets/plugins/gmaps/examples examples.css
2017.03.15 14:07 B G:\CONTENEDOR\sitios\activos\AEROEXPRESS\webpanel\assets\plugins\gmaps\examples\fusion_tables.html --> hs20.ihosting.cl /public_html/desarrollo/tlc/webpanel/assets/plugins/gmaps/examples fusion_tables.html
2017.03.15 14:07 B G:\CONTENEDOR\sitios\activos\AEROEXPRESS\webpanel\assets\plugins\gmaps\examples\geocoding.html --> hs20.ihosting.cl /public_html/desarrollo/tlc/webpanel/assets/plugins/gmaps/examples geocoding.html
2017.03.15 14:07 B G:\CONTENEDOR\sitios\activos\AEROEXPRESS\webpanel\assets\plugins\gmaps\examples\geofences.html --> hs20.ihosting.cl /public_html/desarrollo/tlc/webpanel/assets/plugins/gmaps/examples geofences.html
2017.03.15 14:07 B G:\CONTENEDOR\sitios\activos\AEROEXPRESS\webpanel\assets\plugins\gmaps\examples\geolocation.html --> hs20.ihosting.cl /public_html/desarrollo/tlc/webpanel/assets/plugins/gmaps/examples geolocation.html
2017.03.15 14:07 B G:\CONTENEDOR\sitios\activos\AEROEXPRESS\webpanel\assets\plugins\gmaps\examples\geometry.html --> hs20.ihosting.cl /public_html/desarrollo/tlc/webpanel/assets/plugins/gmaps/examples geometry.html
2017.03.15 14:07 B G:\CONTENEDOR\sitios\activos\AEROEXPRESS\webpanel\assets\plugins\gmaps\examples\kml.html --> hs20.ihosting.cl /public_html/desarrollo/tlc/webpanel/assets/plugins/gmaps/examples kml.html
2017.03.15 14:07 B G:\CONTENEDOR\sitios\activos\AEROEXPRESS\webpanel\assets\plugins\gmaps\examples\layers.html --> hs20.ihosting.cl /public_html/desarrollo/tlc/webpanel/assets/plugins/gmaps/examples layers.html
2017.03.15 14:07 B G:\CONTENEDOR\sitios\activos\AEROEXPRESS\webpanel\assets\plugins\gmaps\examples\layers_places.html --> hs20.ihosting.cl /public_html/desarrollo/tlc/webpanel/assets/plugins/gmaps/examples layers_places.html
2017.03.15 14:07 B G:\CONTENEDOR\sitios\activos\AEROEXPRESS\webpanel\assets\plugins\gmaps\examples\map_events.html --> hs20.ihosting.cl /public_html/desarrollo/tlc/webpanel/assets/plugins/gmaps/examples map_events.html
2017.03.15 14:07 B G:\CONTENEDOR\sitios\activos\AEROEXPRESS\webpanel\assets\plugins\gmaps\examples\map_types.html --> hs20.ihosting.cl /public_html/desarrollo/tlc/webpanel/assets/plugins/gmaps/examples map_types.html
2017.03.15 14:07 B G:\CONTENEDOR\sitios\activos\AEROEXPRESS\webpanel\assets\plugins\gmaps\examples\marker_clusterer.html --> hs20.ihosting.cl /public_html/desarrollo/tlc/webpanel/assets/plugins/gmaps/examples marker_clusterer.html
2017.03.15 14:07 B G:\CONTENEDOR\sitios\activos\AEROEXPRESS\webpanel\assets\plugins\gmaps\examples\markers.html --> hs20.ihosting.cl /public_html/desarrollo/tlc/webpanel/assets/plugins/gmaps/examples markers.html
2017.03.15 14:07 B G:\CONTENEDOR\sitios\activos\AEROEXPRESS\webpanel\assets\plugins\gmaps\examples\overlay_map_types.html --> hs20.ihosting.cl /public_html/desarrollo/tlc/webpanel/assets/plugins/gmaps/examples overlay_map_types.html
2017.03.15 14:07 B G:\CONTENEDOR\sitios\activos\AEROEXPRESS\webpanel\assets\plugins\gmaps\examples\overlays.html --> hs20.ihosting.cl /public_html/desarrollo/tlc/webpanel/assets/plugins/gmaps/examples overlays.html
2017.03.15 14:07 B G:\CONTENEDOR\sitios\activos\AEROEXPRESS\webpanel\assets\plugins\gmaps\examples\polygons.html --> hs20.ihosting.cl /public_html/desarrollo/tlc/webpanel/assets/plugins/gmaps/examples polygons.html
2017.03.15 14:07 B G:\CONTENEDOR\sitios\activos\AEROEXPRESS\webpanel\assets\plugins\gmaps\examples\polylines.html --> hs20.ihosting.cl /public_html/desarrollo/tlc/webpanel/assets/plugins/gmaps/examples polylines.html
2017.03.15 14:07 B G:\CONTENEDOR\sitios\activos\AEROEXPRESS\webpanel\assets\plugins\gmaps\examples\routes.html --> hs20.ihosting.cl /public_html/desarrollo/tlc/webpanel/assets/plugins/gmaps/examples routes.html
2017.03.15 14:07 B G:\CONTENEDOR\sitios\activos\AEROEXPRESS\webpanel\assets\plugins\gmaps\examples\routes_advanced.html --> hs20.ihosting.cl /public_html/desarrollo/tlc/webpanel/assets/plugins/gmaps/examples routes_advanced.html
2017.03.15 14:07 B G:\CONTENEDOR\sitios\activos\AEROEXPRESS\webpanel\assets\plugins\gmaps\examples\static.html --> hs20.ihosting.cl /public_html/desarrollo/tlc/webpanel/assets/plugins/gmaps/examples static.html
2017.03.15 14:07 B G:\CONTENEDOR\sitios\activos\AEROEXPRESS\webpanel\assets\plugins\gmaps\examples\static_markers.html --> hs20.ihosting.cl /public_html/desarrollo/tlc/webpanel/assets/plugins/gmaps/examples static_markers.html
2017.03.15 14:07 B G:\CONTENEDOR\sitios\activos\AEROEXPRESS\webpanel\assets\plugins\gmaps\examples\static_polylines.html --> hs20.ihosting.cl /public_html/desarrollo/tlc/webpanel/assets/plugins/gmaps/examples static_polylines.html
2017.03.15 14:07 B G:\CONTENEDOR\sitios\activos\AEROEXPRESS\webpanel\assets\plugins\gmaps\examples\static_styles.html --> hs20.ihosting.cl /public_html/desarrollo/tlc/webpanel/assets/plugins/gmaps/examples static_styles.html
2017.03.15 14:07 B G:\CONTENEDOR\sitios\activos\AEROEXPRESS\webpanel\assets\plugins\gmaps\examples\styled_maps.html --> hs20.ihosting.cl /public_html/desarrollo/tlc/webpanel/assets/plugins/gmaps/examples styled_maps.html
2017.03.15 14:07 B G:\CONTENEDOR\sitios\activos\AEROEXPRESS\webpanel\assets\plugins\gmaps\examples\travel_route.html --> hs20.ihosting.cl /public_html/desarrollo/tlc/webpanel/assets/plugins/gmaps/examples travel_route.html
2017.03.15 14:07 B G:\CONTENEDOR\sitios\activos\AEROEXPRESS\webpanel\assets\plugins\gmaps\examples\WS_FTP.LOG --> hs20.ihosting.cl /public_html/desarrollo/tlc/webpanel/assets/plugins/gmaps/examples WS_FTP.LOG
2017.05.01 19:44 B G:\CONTENEDOR\sitios\activos\tlc\webpanel\assets\plugins\gmaps\examples\WS_FTP.LOG --> hs33.ihosting.cl /public_html/webpanel/assets/plugins/gmaps/examples WS_FTP.LOG
2017.05.01 19:44 B G:\CONTENEDOR\sitios\activos\tlc\webpanel\assets\plugins\gmaps\examples\travel_route.html --> hs33.ihosting.cl /public_html/webpanel/assets/plugins/gmaps/examples travel_route.html
2017.05.01 19:44 B G:\CONTENEDOR\sitios\activos\tlc\webpanel\assets\plugins\gmaps\examples\styled_maps.html --> hs33.ihosting.cl /public_html/webpanel/assets/plugins/gmaps/examples styled_maps.html
2017.05.01 19:44 B G:\CONTENEDOR\sitios\activos\tlc\webpanel\assets\plugins\gmaps\examples\static_styles.html --> hs33.ihosting.cl /public_html/webpanel/assets/plugins/gmaps/examples static_styles.html
2017.05.01 19:44 B G:\CONTENEDOR\sitios\activos\tlc\webpanel\assets\plugins\gmaps\examples\static_polylines.html --> hs33.ihosting.cl /public_html/webpanel/assets/plugins/gmaps/examples static_polylines.html
2017.05.01 19:44 B G:\CONTENEDOR\sitios\activos\tlc\webpanel\assets\plugins\gmaps\examples\static_markers.html --> hs33.ihosting.cl /public_html/webpanel/assets/plugins/gmaps/examples static_markers.html
2017.05.01 19:44 B G:\CONTENEDOR\sitios\activos\tlc\webpanel\assets\plugins\gmaps\examples\static.html --> hs33.ihosting.cl /public_html/webpanel/assets/plugins/gmaps/examples static.html
2017.05.01 19:44 B G:\CONTENEDOR\sitios\activos\tlc\webpanel\assets\plugins\gmaps\examples\routes_advanced.html --> hs33.ihosting.cl /public_html/webpanel/assets/plugins/gmaps/examples routes_advanced.html
2017.05.01 19:44 B G:\CONTENEDOR\sitios\activos\tlc\webpanel\assets\plugins\gmaps\examples\routes.html --> hs33.ihosting.cl /public_html/webpanel/assets/plugins/gmaps/examples routes.html
2017.05.01 19:44 B G:\CONTENEDOR\sitios\activos\tlc\webpanel\assets\plugins\gmaps\examples\polylines.html --> hs33.ihosting.cl /public_html/webpanel/assets/plugins/gmaps/examples polylines.html
2017.05.01 19:44 B G:\CONTENEDOR\sitios\activos\tlc\webpanel\assets\plugins\gmaps\examples\polygons.html --> hs33.ihosting.cl /public_html/webpanel/assets/plugins/gmaps/examples polygons.html
2017.05.01 19:44 B G:\CONTENEDOR\sitios\activos\tlc\webpanel\assets\plugins\gmaps\examples\overlays.html --> hs33.ihosting.cl /public_html/webpanel/assets/plugins/gmaps/examples overlays.html
2017.05.01 19:44 B G:\CONTENEDOR\sitios\activos\tlc\webpanel\assets\plugins\gmaps\examples\overlay_map_types.html --> hs33.ihosting.cl /public_html/webpanel/assets/plugins/gmaps/examples overlay_map_types.html
2017.05.01 19:44 B G:\CONTENEDOR\sitios\activos\tlc\webpanel\assets\plugins\gmaps\examples\markers.html --> hs33.ihosting.cl /public_html/webpanel/assets/plugins/gmaps/examples markers.html
2017.05.01 19:44 B G:\CONTENEDOR\sitios\activos\tlc\webpanel\assets\plugins\gmaps\examples\marker_clusterer.html --> hs33.ihosting.cl /public_html/webpanel/assets/plugins/gmaps/examples marker_clusterer.html
2017.05.01 19:44 B G:\CONTENEDOR\sitios\activos\tlc\webpanel\assets\plugins\gmaps\examples\map_types.html --> hs33.ihosting.cl /public_html/webpanel/assets/plugins/gmaps/examples map_types.html
2017.05.01 19:44 B G:\CONTENEDOR\sitios\activos\tlc\webpanel\assets\plugins\gmaps\examples\map_events.html --> hs33.ihosting.cl /public_html/webpanel/assets/plugins/gmaps/examples map_events.html
2017.05.01 19:44 B G:\CONTENEDOR\sitios\activos\tlc\webpanel\assets\plugins\gmaps\examples\layers_places.html --> hs33.ihosting.cl /public_html/webpanel/assets/plugins/gmaps/examples layers_places.html
2017.05.01 19:44 B G:\CONTENEDOR\sitios\activos\tlc\webpanel\assets\plugins\gmaps\examples\layers.html --> hs33.ihosting.cl /public_html/webpanel/assets/plugins/gmaps/examples layers.html
2017.05.01 19:44 B G:\CONTENEDOR\sitios\activos\tlc\webpanel\assets\plugins\gmaps\examples\kml.html --> hs33.ihosting.cl /public_html/webpanel/assets/plugins/gmaps/examples kml.html
2017.05.01 19:44 B G:\CONTENEDOR\sitios\activos\tlc\webpanel\assets\plugins\gmaps\examples\geometry.html --> hs33.ihosting.cl /public_html/webpanel/assets/plugins/gmaps/examples geometry.html
2017.05.01 19:44 B G:\CONTENEDOR\sitios\activos\tlc\webpanel\assets\plugins\gmaps\examples\geolocation.html --> hs33.ihosting.cl /public_html/webpanel/assets/plugins/gmaps/examples geolocation.html
2017.05.01 19:44 B G:\CONTENEDOR\sitios\activos\tlc\webpanel\assets\plugins\gmaps\examples\geofences.html --> hs33.ihosting.cl /public_html/webpanel/assets/plugins/gmaps/examples geofences.html
2017.05.01 19:44 B G:\CONTENEDOR\sitios\activos\tlc\webpanel\assets\plugins\gmaps\examples\geocoding.html --> hs33.ihosting.cl /public_html/webpanel/assets/plugins/gmaps/examples geocoding.html
2017.05.01 19:44 B G:\CONTENEDOR\sitios\activos\tlc\webpanel\assets\plugins\gmaps\examples\fusion_tables.html --> hs33.ihosting.cl /public_html/webpanel/assets/plugins/gmaps/examples fusion_tables.html
2017.05.01 19:44 B G:\CONTENEDOR\sitios\activos\tlc\webpanel\assets\plugins\gmaps\examples\examples.css --> hs33.ihosting.cl /public_html/webpanel/assets/plugins/gmaps/examples examples.css
2017.05.01 19:44 B G:\CONTENEDOR\sitios\activos\tlc\webpanel\assets\plugins\gmaps\examples\elevation_routes.html --> hs33.ihosting.cl /public_html/webpanel/assets/plugins/gmaps/examples elevation_routes.html
2017.05.01 19:44 B G:\CONTENEDOR\sitios\activos\tlc\webpanel\assets\plugins\gmaps\examples\elevation_locations.html --> hs33.ihosting.cl /public_html/webpanel/assets/plugins/gmaps/examples elevation_locations.html
2017.05.01 19:44 B G:\CONTENEDOR\sitios\activos\tlc\webpanel\assets\plugins\gmaps\examples\custom_controls.html --> hs33.ihosting.cl /public_html/webpanel/assets/plugins/gmaps/examples custom_controls.html
2017.05.01 19:44 B G:\CONTENEDOR\sitios\activos\tlc\webpanel\assets\plugins\gmaps\examples\context_menu.html --> hs33.ihosting.cl /public_html/webpanel/assets/plugins/gmaps/examples context_menu.html
2017.05.01 19:44 B G:\CONTENEDOR\sitios\activos\tlc\webpanel\assets\plugins\gmaps\examples\basic.html --> hs33.ihosting.cl /public_html/webpanel/assets/plugins/gmaps/examples basic.html
