2016.09.14 21:05 B G:\CONTENEDOR\sitios\activos\AEROEXPRESS\webpanel\assets\plugins\formwizard\examples\validate.html <-- AEROEXPRESS /public_html/webpanel/assets/plugins/formwizard/examples validate.html
2016.09.14 21:05 B G:\CONTENEDOR\sitios\activos\AEROEXPRESS\webpanel\assets\plugins\formwizard\examples\store_in_database.html <-- AEROEXPRESS /public_html/webpanel/assets/plugins/formwizard/examples store_in_database.html
2016.09.14 21:05 B G:\CONTENEDOR\sitios\activos\AEROEXPRESS\webpanel\assets\plugins\formwizard\examples\normal_submit.html <-- AEROEXPRESS /public_html/webpanel/assets/plugins/formwizard/examples normal_submit.html
2016.09.14 21:05 B G:\CONTENEDOR\sitios\activos\AEROEXPRESS\webpanel\assets\plugins\formwizard\examples\json.html <-- AEROEXPRESS /public_html/webpanel/assets/plugins/formwizard/examples json.html
2016.09.14 21:05 B G:\CONTENEDOR\sitios\activos\AEROEXPRESS\webpanel\assets\plugins\formwizard\examples\example_9_branching_using_checkbox_radiobutton_hidden_.html <-- AEROEXPRESS /public_html/webpanel/assets/plugins/formwizard/examples example_9_branching_using_checkbox_radiobutton_hidden_.html
2016.09.14 21:05 B G:\CONTENEDOR\sitios\activos\AEROEXPRESS\webpanel\assets\plugins\formwizard\examples\example_8_multiple_wizards.html <-- AEROEXPRESS /public_html/webpanel/assets/plugins/formwizard/examples example_8_multiple_wizards.html
2016.09.14 21:05 B G:\CONTENEDOR\sitios\activos\AEROEXPRESS\webpanel\assets\plugins\formwizard\examples\example_7_transition_animation.html <-- AEROEXPRESS /public_html/webpanel/assets/plugins/formwizard/examples example_7_transition_animation.html
2016.09.14 21:05 B G:\CONTENEDOR\sitios\activos\AEROEXPRESS\webpanel\assets\plugins\formwizard\examples\example_6_remoteAjax_and_events.html <-- AEROEXPRESS /public_html/webpanel/assets/plugins/formwizard/examples example_6_remoteAjax_and_events.html
2016.09.14 21:05 B G:\CONTENEDOR\sitios\activos\AEROEXPRESS\webpanel\assets\plugins\formwizard\examples\example_5_methods.html <-- AEROEXPRESS /public_html/webpanel/assets/plugins/formwizard/examples example_5_methods.html
2016.09.14 21:05 B G:\CONTENEDOR\sitios\activos\AEROEXPRESS\webpanel\assets\plugins\formwizard\examples\example_4_step_shown_event.html <-- AEROEXPRESS /public_html/webpanel/assets/plugins/formwizard/examples example_4_step_shown_event.html
2016.09.14 21:05 B G:\CONTENEDOR\sitios\activos\AEROEXPRESS\webpanel\assets\plugins\formwizard\examples\example_3_bbq_integration_history_handling.html <-- AEROEXPRESS /public_html/webpanel/assets/plugins/formwizard/examples example_3_bbq_integration_history_handling.html
2016.09.14 21:05 B G:\CONTENEDOR\sitios\activos\AEROEXPRESS\webpanel\assets\plugins\formwizard\examples\example_2_branch.html <-- AEROEXPRESS /public_html/webpanel/assets/plugins/formwizard/examples example_2_branch.html
2016.09.14 21:05 B G:\CONTENEDOR\sitios\activos\AEROEXPRESS\webpanel\assets\plugins\formwizard\examples\example_22_before_step_shown_event.html <-- AEROEXPRESS /public_html/webpanel/assets/plugins/formwizard/examples example_22_before_step_shown_event.html
2016.09.14 21:05 B G:\CONTENEDOR\sitios\activos\AEROEXPRESS\webpanel\assets\plugins\formwizard\examples\example_21_add_steps_using_update_steps_method.html <-- AEROEXPRESS /public_html/webpanel/assets/plugins/formwizard/examples example_21_add_steps_using_update_steps_method.html
2016.09.14 21:05 B G:\CONTENEDOR\sitios\activos\AEROEXPRESS\webpanel\assets\plugins\formwizard\examples\example_20_submit_form_without_ajax.html <-- AEROEXPRESS /public_html/webpanel/assets/plugins/formwizard/examples example_20_submit_form_without_ajax.html
2016.09.14 21:05 B G:\CONTENEDOR\sitios\activos\AEROEXPRESS\webpanel\assets\plugins\formwizard\examples\example_1_straight.html <-- AEROEXPRESS /public_html/webpanel/assets/plugins/formwizard/examples example_1_straight.html
2016.09.14 21:05 B G:\CONTENEDOR\sitios\activos\AEROEXPRESS\webpanel\assets\plugins\formwizard\examples\example_19_summary_page.html <-- AEROEXPRESS /public_html/webpanel/assets/plugins/formwizard/examples example_19_summary_page.html
2016.09.14 21:05 B G:\CONTENEDOR\sitios\activos\AEROEXPRESS\webpanel\assets\plugins\formwizard\examples\example_18_disable_jquery_ui_styles_using_disableUIStyles.html <-- AEROEXPRESS /public_html/webpanel/assets/plugins/formwizard/examples example_18_disable_jquery_ui_styles_using_disableUIStyles.html
2016.09.14 21:05 B G:\CONTENEDOR\sitios\activos\AEROEXPRESS\webpanel\assets\plugins\formwizard\examples\example_17_cancel_the_submit_in_using_beforeSubmit_beforeSend_and_beforeSerialize_callbacks.html <-- AEROEXPRESS /public_html/webpanel/assets/plugins/formwizard/examples example_17_cancel_the_submit_in_using_beforeSubmit_beforeSend_and_beforeSerialize_callbacks.html
2016.09.14 21:05 B G:\CONTENEDOR\sitios\activos\AEROEXPRESS\webpanel\assets\plugins\formwizard\examples\example_16_have_the_wizard_ignore_specific_inputs_during_transition.html <-- AEROEXPRESS /public_html/webpanel/assets/plugins/formwizard/examples example_16_have_the_wizard_ignore_specific_inputs_during_transition.html
2016.09.14 21:05 B G:\CONTENEDOR\sitios\activos\AEROEXPRESS\webpanel\assets\plugins\formwizard\examples\example_15_add_and_remove_steps_dynamically.html <-- AEROEXPRESS /public_html/webpanel/assets/plugins/formwizard/examples example_15_add_and_remove_steps_dynamically.html
2016.09.14 21:05 B G:\CONTENEDOR\sitios\activos\AEROEXPRESS\webpanel\assets\plugins\formwizard\examples\example_14_using_fieldset_as_step_identifier.html <-- AEROEXPRESS /public_html/webpanel/assets/plugins/formwizard/examples example_14_using_fieldset_as_step_identifier.html
2016.09.14 21:05 B G:\CONTENEDOR\sitios\activos\AEROEXPRESS\webpanel\assets\plugins\formwizard\examples\example_13_nested_routes.html <-- AEROEXPRESS /public_html/webpanel/assets/plugins/formwizard/examples example_13_nested_routes.html
2016.09.14 21:05 B G:\CONTENEDOR\sitios\activos\AEROEXPRESS\webpanel\assets\plugins\formwizard\examples\example_12_using_remoteAjax_for_all_steps.html <-- AEROEXPRESS /public_html/webpanel/assets/plugins/formwizard/examples example_12_using_remoteAjax_for_all_steps.html
2016.09.14 21:05 B G:\CONTENEDOR\sitios\activos\AEROEXPRESS\webpanel\assets\plugins\formwizard\examples\example_11_changing_options_after_initialization.html <-- AEROEXPRESS /public_html/webpanel/assets/plugins/formwizard/examples example_11_changing_options_after_initialization.html
2016.09.14 21:05 B G:\CONTENEDOR\sitios\activos\AEROEXPRESS\webpanel\assets\plugins\formwizard\examples\example_10_custom_validation_initialization.html <-- AEROEXPRESS /public_html/webpanel/assets/plugins/formwizard/examples example_10_custom_validation_initialization.html
2017.03.15 14:06 B G:\CONTENEDOR\sitios\activos\AEROEXPRESS\webpanel\assets\plugins\formwizard\examples\example_10_custom_validation_initialization.html --> hs20.ihosting.cl /public_html/desarrollo/tlc/webpanel/assets/plugins/formwizard/examples example_10_custom_validation_initialization.html
2017.03.15 14:06 B G:\CONTENEDOR\sitios\activos\AEROEXPRESS\webpanel\assets\plugins\formwizard\examples\example_11_changing_options_after_initialization.html --> hs20.ihosting.cl /public_html/desarrollo/tlc/webpanel/assets/plugins/formwizard/examples example_11_changing_options_after_initialization.html
2017.03.15 14:06 B G:\CONTENEDOR\sitios\activos\AEROEXPRESS\webpanel\assets\plugins\formwizard\examples\example_12_using_remoteAjax_for_all_steps.html --> hs20.ihosting.cl /public_html/desarrollo/tlc/webpanel/assets/plugins/formwizard/examples example_12_using_remoteAjax_for_all_steps.html
2017.03.15 14:06 B G:\CONTENEDOR\sitios\activos\AEROEXPRESS\webpanel\assets\plugins\formwizard\examples\example_13_nested_routes.html --> hs20.ihosting.cl /public_html/desarrollo/tlc/webpanel/assets/plugins/formwizard/examples example_13_nested_routes.html
2017.03.15 14:06 B G:\CONTENEDOR\sitios\activos\AEROEXPRESS\webpanel\assets\plugins\formwizard\examples\example_14_using_fieldset_as_step_identifier.html --> hs20.ihosting.cl /public_html/desarrollo/tlc/webpanel/assets/plugins/formwizard/examples example_14_using_fieldset_as_step_identifier.html
2017.03.15 14:06 B G:\CONTENEDOR\sitios\activos\AEROEXPRESS\webpanel\assets\plugins\formwizard\examples\example_15_add_and_remove_steps_dynamically.html --> hs20.ihosting.cl /public_html/desarrollo/tlc/webpanel/assets/plugins/formwizard/examples example_15_add_and_remove_steps_dynamically.html
2017.03.15 14:06 B G:\CONTENEDOR\sitios\activos\AEROEXPRESS\webpanel\assets\plugins\formwizard\examples\example_16_have_the_wizard_ignore_specific_inputs_during_transition.html --> hs20.ihosting.cl /public_html/desarrollo/tlc/webpanel/assets/plugins/formwizard/examples example_16_have_the_wizard_ignore_specific_inputs_during_transition.html
2017.03.15 14:06 B G:\CONTENEDOR\sitios\activos\AEROEXPRESS\webpanel\assets\plugins\formwizard\examples\example_17_cancel_the_submit_in_using_beforeSubmit_beforeSend_and_beforeSerialize_callbacks.html --> hs20.ihosting.cl /public_html/desarrollo/tlc/webpanel/assets/plugins/formwizard/examples example_17_cancel_the_submit_in_using_beforeSubmit_beforeSend_and_beforeSerialize_callbacks.html
2017.03.15 14:06 B G:\CONTENEDOR\sitios\activos\AEROEXPRESS\webpanel\assets\plugins\formwizard\examples\example_18_disable_jquery_ui_styles_using_disableUIStyles.html --> hs20.ihosting.cl /public_html/desarrollo/tlc/webpanel/assets/plugins/formwizard/examples example_18_disable_jquery_ui_styles_using_disableUIStyles.html
2017.03.15 14:06 B G:\CONTENEDOR\sitios\activos\AEROEXPRESS\webpanel\assets\plugins\formwizard\examples\example_19_summary_page.html --> hs20.ihosting.cl /public_html/desarrollo/tlc/webpanel/assets/plugins/formwizard/examples example_19_summary_page.html
2017.03.15 14:06 B G:\CONTENEDOR\sitios\activos\AEROEXPRESS\webpanel\assets\plugins\formwizard\examples\example_1_straight.html --> hs20.ihosting.cl /public_html/desarrollo/tlc/webpanel/assets/plugins/formwizard/examples example_1_straight.html
2017.03.15 14:06 B G:\CONTENEDOR\sitios\activos\AEROEXPRESS\webpanel\assets\plugins\formwizard\examples\example_20_submit_form_without_ajax.html --> hs20.ihosting.cl /public_html/desarrollo/tlc/webpanel/assets/plugins/formwizard/examples example_20_submit_form_without_ajax.html
2017.03.15 14:06 B G:\CONTENEDOR\sitios\activos\AEROEXPRESS\webpanel\assets\plugins\formwizard\examples\example_21_add_steps_using_update_steps_method.html --> hs20.ihosting.cl /public_html/desarrollo/tlc/webpanel/assets/plugins/formwizard/examples example_21_add_steps_using_update_steps_method.html
2017.03.15 14:06 B G:\CONTENEDOR\sitios\activos\AEROEXPRESS\webpanel\assets\plugins\formwizard\examples\example_22_before_step_shown_event.html --> hs20.ihosting.cl /public_html/desarrollo/tlc/webpanel/assets/plugins/formwizard/examples example_22_before_step_shown_event.html
2017.03.15 14:06 B G:\CONTENEDOR\sitios\activos\AEROEXPRESS\webpanel\assets\plugins\formwizard\examples\example_2_branch.html --> hs20.ihosting.cl /public_html/desarrollo/tlc/webpanel/assets/plugins/formwizard/examples example_2_branch.html
2017.03.15 14:06 B G:\CONTENEDOR\sitios\activos\AEROEXPRESS\webpanel\assets\plugins\formwizard\examples\example_3_bbq_integration_history_handling.html --> hs20.ihosting.cl /public_html/desarrollo/tlc/webpanel/assets/plugins/formwizard/examples example_3_bbq_integration_history_handling.html
2017.03.15 14:06 B G:\CONTENEDOR\sitios\activos\AEROEXPRESS\webpanel\assets\plugins\formwizard\examples\example_4_step_shown_event.html --> hs20.ihosting.cl /public_html/desarrollo/tlc/webpanel/assets/plugins/formwizard/examples example_4_step_shown_event.html
2017.03.15 14:06 B G:\CONTENEDOR\sitios\activos\AEROEXPRESS\webpanel\assets\plugins\formwizard\examples\example_5_methods.html --> hs20.ihosting.cl /public_html/desarrollo/tlc/webpanel/assets/plugins/formwizard/examples example_5_methods.html
2017.03.15 14:06 B G:\CONTENEDOR\sitios\activos\AEROEXPRESS\webpanel\assets\plugins\formwizard\examples\example_6_remoteAjax_and_events.html --> hs20.ihosting.cl /public_html/desarrollo/tlc/webpanel/assets/plugins/formwizard/examples example_6_remoteAjax_and_events.html
2017.03.15 14:06 B G:\CONTENEDOR\sitios\activos\AEROEXPRESS\webpanel\assets\plugins\formwizard\examples\example_7_transition_animation.html --> hs20.ihosting.cl /public_html/desarrollo/tlc/webpanel/assets/plugins/formwizard/examples example_7_transition_animation.html
2017.03.15 14:06 B G:\CONTENEDOR\sitios\activos\AEROEXPRESS\webpanel\assets\plugins\formwizard\examples\example_8_multiple_wizards.html --> hs20.ihosting.cl /public_html/desarrollo/tlc/webpanel/assets/plugins/formwizard/examples example_8_multiple_wizards.html
2017.03.15 14:06 B G:\CONTENEDOR\sitios\activos\AEROEXPRESS\webpanel\assets\plugins\formwizard\examples\example_9_branching_using_checkbox_radiobutton_hidden_.html --> hs20.ihosting.cl /public_html/desarrollo/tlc/webpanel/assets/plugins/formwizard/examples example_9_branching_using_checkbox_radiobutton_hidden_.html
2017.03.15 14:06 B G:\CONTENEDOR\sitios\activos\AEROEXPRESS\webpanel\assets\plugins\formwizard\examples\json.html --> hs20.ihosting.cl /public_html/desarrollo/tlc/webpanel/assets/plugins/formwizard/examples json.html
2017.03.15 14:06 B G:\CONTENEDOR\sitios\activos\AEROEXPRESS\webpanel\assets\plugins\formwizard\examples\normal_submit.html --> hs20.ihosting.cl /public_html/desarrollo/tlc/webpanel/assets/plugins/formwizard/examples normal_submit.html
2017.03.15 14:06 B G:\CONTENEDOR\sitios\activos\AEROEXPRESS\webpanel\assets\plugins\formwizard\examples\store_in_database.html --> hs20.ihosting.cl /public_html/desarrollo/tlc/webpanel/assets/plugins/formwizard/examples store_in_database.html
2017.03.15 14:06 B G:\CONTENEDOR\sitios\activos\AEROEXPRESS\webpanel\assets\plugins\formwizard\examples\validate.html --> hs20.ihosting.cl /public_html/desarrollo/tlc/webpanel/assets/plugins/formwizard/examples validate.html
2017.03.15 14:06 B G:\CONTENEDOR\sitios\activos\AEROEXPRESS\webpanel\assets\plugins\formwizard\examples\WS_FTP.LOG --> hs20.ihosting.cl /public_html/desarrollo/tlc/webpanel/assets/plugins/formwizard/examples WS_FTP.LOG
2017.05.01 19:45 B G:\CONTENEDOR\sitios\activos\tlc\webpanel\assets\plugins\formwizard\examples\WS_FTP.LOG --> hs33.ihosting.cl /public_html/webpanel/assets/plugins/formwizard/examples WS_FTP.LOG
2017.05.01 19:45 B G:\CONTENEDOR\sitios\activos\tlc\webpanel\assets\plugins\formwizard\examples\validate.html --> hs33.ihosting.cl /public_html/webpanel/assets/plugins/formwizard/examples validate.html
2017.05.01 19:45 B G:\CONTENEDOR\sitios\activos\tlc\webpanel\assets\plugins\formwizard\examples\store_in_database.html --> hs33.ihosting.cl /public_html/webpanel/assets/plugins/formwizard/examples store_in_database.html
2017.05.01 19:45 B G:\CONTENEDOR\sitios\activos\tlc\webpanel\assets\plugins\formwizard\examples\normal_submit.html --> hs33.ihosting.cl /public_html/webpanel/assets/plugins/formwizard/examples normal_submit.html
2017.05.01 19:45 B G:\CONTENEDOR\sitios\activos\tlc\webpanel\assets\plugins\formwizard\examples\json.html --> hs33.ihosting.cl /public_html/webpanel/assets/plugins/formwizard/examples json.html
2017.05.01 19:45 B G:\CONTENEDOR\sitios\activos\tlc\webpanel\assets\plugins\formwizard\examples\example_9_branching_using_checkbox_radiobutton_hidden_.html --> hs33.ihosting.cl /public_html/webpanel/assets/plugins/formwizard/examples example_9_branching_using_checkbox_radiobutton_hidden_.html
2017.05.01 19:45 B G:\CONTENEDOR\sitios\activos\tlc\webpanel\assets\plugins\formwizard\examples\example_8_multiple_wizards.html --> hs33.ihosting.cl /public_html/webpanel/assets/plugins/formwizard/examples example_8_multiple_wizards.html
2017.05.01 19:45 B G:\CONTENEDOR\sitios\activos\tlc\webpanel\assets\plugins\formwizard\examples\example_7_transition_animation.html --> hs33.ihosting.cl /public_html/webpanel/assets/plugins/formwizard/examples example_7_transition_animation.html
2017.05.01 19:45 B G:\CONTENEDOR\sitios\activos\tlc\webpanel\assets\plugins\formwizard\examples\example_6_remoteAjax_and_events.html --> hs33.ihosting.cl /public_html/webpanel/assets/plugins/formwizard/examples example_6_remoteAjax_and_events.html
2017.05.01 19:45 B G:\CONTENEDOR\sitios\activos\tlc\webpanel\assets\plugins\formwizard\examples\example_5_methods.html --> hs33.ihosting.cl /public_html/webpanel/assets/plugins/formwizard/examples example_5_methods.html
2017.05.01 19:45 B G:\CONTENEDOR\sitios\activos\tlc\webpanel\assets\plugins\formwizard\examples\example_4_step_shown_event.html --> hs33.ihosting.cl /public_html/webpanel/assets/plugins/formwizard/examples example_4_step_shown_event.html
2017.05.01 19:45 B G:\CONTENEDOR\sitios\activos\tlc\webpanel\assets\plugins\formwizard\examples\example_3_bbq_integration_history_handling.html --> hs33.ihosting.cl /public_html/webpanel/assets/plugins/formwizard/examples example_3_bbq_integration_history_handling.html
2017.05.01 19:45 B G:\CONTENEDOR\sitios\activos\tlc\webpanel\assets\plugins\formwizard\examples\example_2_branch.html --> hs33.ihosting.cl /public_html/webpanel/assets/plugins/formwizard/examples example_2_branch.html
2017.05.01 19:45 B G:\CONTENEDOR\sitios\activos\tlc\webpanel\assets\plugins\formwizard\examples\example_22_before_step_shown_event.html --> hs33.ihosting.cl /public_html/webpanel/assets/plugins/formwizard/examples example_22_before_step_shown_event.html
2017.05.01 19:45 B G:\CONTENEDOR\sitios\activos\tlc\webpanel\assets\plugins\formwizard\examples\example_21_add_steps_using_update_steps_method.html --> hs33.ihosting.cl /public_html/webpanel/assets/plugins/formwizard/examples example_21_add_steps_using_update_steps_method.html
2017.05.01 19:45 B G:\CONTENEDOR\sitios\activos\tlc\webpanel\assets\plugins\formwizard\examples\example_20_submit_form_without_ajax.html --> hs33.ihosting.cl /public_html/webpanel/assets/plugins/formwizard/examples example_20_submit_form_without_ajax.html
2017.05.01 19:45 B G:\CONTENEDOR\sitios\activos\tlc\webpanel\assets\plugins\formwizard\examples\example_1_straight.html --> hs33.ihosting.cl /public_html/webpanel/assets/plugins/formwizard/examples example_1_straight.html
2017.05.01 19:45 B G:\CONTENEDOR\sitios\activos\tlc\webpanel\assets\plugins\formwizard\examples\example_19_summary_page.html --> hs33.ihosting.cl /public_html/webpanel/assets/plugins/formwizard/examples example_19_summary_page.html
2017.05.01 19:45 B G:\CONTENEDOR\sitios\activos\tlc\webpanel\assets\plugins\formwizard\examples\example_18_disable_jquery_ui_styles_using_disableUIStyles.html --> hs33.ihosting.cl /public_html/webpanel/assets/plugins/formwizard/examples example_18_disable_jquery_ui_styles_using_disableUIStyles.html
2017.05.01 19:45 B G:\CONTENEDOR\sitios\activos\tlc\webpanel\assets\plugins\formwizard\examples\example_17_cancel_the_submit_in_using_beforeSubmit_beforeSend_and_beforeSerialize_callbacks.html --> hs33.ihosting.cl /public_html/webpanel/assets/plugins/formwizard/examples example_17_cancel_the_submit_in_using_beforeSubmit_beforeSend_and_beforeSerialize_callbacks.html
2017.05.01 19:45 B G:\CONTENEDOR\sitios\activos\tlc\webpanel\assets\plugins\formwizard\examples\example_16_have_the_wizard_ignore_specific_inputs_during_transition.html --> hs33.ihosting.cl /public_html/webpanel/assets/plugins/formwizard/examples example_16_have_the_wizard_ignore_specific_inputs_during_transition.html
2017.05.01 19:45 B G:\CONTENEDOR\sitios\activos\tlc\webpanel\assets\plugins\formwizard\examples\example_15_add_and_remove_steps_dynamically.html --> hs33.ihosting.cl /public_html/webpanel/assets/plugins/formwizard/examples example_15_add_and_remove_steps_dynamically.html
2017.05.01 19:45 B G:\CONTENEDOR\sitios\activos\tlc\webpanel\assets\plugins\formwizard\examples\example_14_using_fieldset_as_step_identifier.html --> hs33.ihosting.cl /public_html/webpanel/assets/plugins/formwizard/examples example_14_using_fieldset_as_step_identifier.html
2017.05.01 19:45 B G:\CONTENEDOR\sitios\activos\tlc\webpanel\assets\plugins\formwizard\examples\example_13_nested_routes.html --> hs33.ihosting.cl /public_html/webpanel/assets/plugins/formwizard/examples example_13_nested_routes.html
2017.05.01 19:45 B G:\CONTENEDOR\sitios\activos\tlc\webpanel\assets\plugins\formwizard\examples\example_12_using_remoteAjax_for_all_steps.html --> hs33.ihosting.cl /public_html/webpanel/assets/plugins/formwizard/examples example_12_using_remoteAjax_for_all_steps.html
2017.05.01 19:45 B G:\CONTENEDOR\sitios\activos\tlc\webpanel\assets\plugins\formwizard\examples\example_11_changing_options_after_initialization.html --> hs33.ihosting.cl /public_html/webpanel/assets/plugins/formwizard/examples example_11_changing_options_after_initialization.html
2017.05.01 19:45 B G:\CONTENEDOR\sitios\activos\tlc\webpanel\assets\plugins\formwizard\examples\example_10_custom_validation_initialization.html --> hs33.ihosting.cl /public_html/webpanel/assets/plugins/formwizard/examples example_10_custom_validation_initialization.html
