2016.09.14 21:08 B G:\CONTENEDOR\sitios\activos\AEROEXPRESS\webpanel\assets\img\user_old.gif <-- AEROEXPRESS /public_html/webpanel/assets/img user_old.gif
2016.09.14 21:08 B G:\CONTENEDOR\sitios\activos\AEROEXPRESS\webpanel\assets\img\user.gif <-- AEROEXPRESS /public_html/webpanel/assets/img user.gif
2016.09.14 21:08 B G:\CONTENEDOR\sitios\activos\AEROEXPRESS\webpanel\assets\img\px_by_Gre3g.png <-- AEROEXPRESS /public_html/webpanel/assets/img px_by_Gre3g.png
2016.09.14 21:08 B G:\CONTENEDOR\sitios\activos\AEROEXPRESS\webpanel\assets\img\moreNoti_old.jpg <-- AEROEXPRESS /public_html/webpanel/assets/img moreNoti_old.jpg
2016.09.14 21:08 B G:\CONTENEDOR\sitios\activos\AEROEXPRESS\webpanel\assets\img\moreNoti.jpg <-- AEROEXPRESS /public_html/webpanel/assets/img moreNoti.jpg
2016.09.14 21:08 B G:\CONTENEDOR\sitios\activos\AEROEXPRESS\webpanel\assets\img\logo.png <-- AEROEXPRESS /public_html/webpanel/assets/img logo.png
2016.09.14 21:08 B G:\CONTENEDOR\sitios\activos\AEROEXPRESS\webpanel\assets\img\demoUpload.jpg <-- AEROEXPRESS /public_html/webpanel/assets/img demoUpload.jpg
2016.09.14 21:08 B G:\CONTENEDOR\sitios\activos\AEROEXPRESS\webpanel\assets\img\demoImage2.jpg <-- AEROEXPRESS /public_html/webpanel/assets/img demoImage2.jpg
2016.09.14 21:08 B G:\CONTENEDOR\sitios\activos\AEROEXPRESS\webpanel\assets\img\demoImage.jpg <-- AEROEXPRESS /public_html/webpanel/assets/img demoImage.jpg
2016.09.14 21:08 B G:\CONTENEDOR\sitios\activos\AEROEXPRESS\webpanel\assets\img\demoBig2.jpg <-- AEROEXPRESS /public_html/webpanel/assets/img demoBig2.jpg
2016.09.14 21:08 B G:\CONTENEDOR\sitios\activos\AEROEXPRESS\webpanel\assets\img\demoBig.jpg <-- AEROEXPRESS /public_html/webpanel/assets/img demoBig.jpg
2016.09.14 21:08 B G:\CONTENEDOR\sitios\activos\AEROEXPRESS\webpanel\assets\img\cp.png <-- AEROEXPRESS /public_html/webpanel/assets/img cp.png
2016.09.14 21:08 B G:\CONTENEDOR\sitios\activos\AEROEXPRESS\webpanel\assets\img\bg.png <-- AEROEXPRESS /public_html/webpanel/assets/img bg.png
2016.09.14 21:08 B G:\CONTENEDOR\sitios\activos\AEROEXPRESS\webpanel\assets\img\4.png <-- AEROEXPRESS /public_html/webpanel/assets/img 4.png
2016.09.14 21:08 B G:\CONTENEDOR\sitios\activos\AEROEXPRESS\webpanel\assets\img\3.png <-- AEROEXPRESS /public_html/webpanel/assets/img 3.png
2016.09.14 21:08 B G:\CONTENEDOR\sitios\activos\AEROEXPRESS\webpanel\assets\img\2G_B.jpg <-- AEROEXPRESS /public_html/webpanel/assets/img 2G_B.jpg
2016.09.14 21:08 B G:\CONTENEDOR\sitios\activos\AEROEXPRESS\webpanel\assets\img\2G.jpg <-- AEROEXPRESS /public_html/webpanel/assets/img 2G.jpg
2016.09.14 21:08 B G:\CONTENEDOR\sitios\activos\AEROEXPRESS\webpanel\assets\img\2.png <-- AEROEXPRESS /public_html/webpanel/assets/img 2.png
2016.09.14 21:08 B G:\CONTENEDOR\sitios\activos\AEROEXPRESS\webpanel\assets\img\1G_B.jpg <-- AEROEXPRESS /public_html/webpanel/assets/img 1G_B.jpg
2016.09.14 21:08 B G:\CONTENEDOR\sitios\activos\AEROEXPRESS\webpanel\assets\img\1G.jpg <-- AEROEXPRESS /public_html/webpanel/assets/img 1G.jpg
2016.09.14 21:08 B G:\CONTENEDOR\sitios\activos\AEROEXPRESS\webpanel\assets\img\1.png <-- AEROEXPRESS /public_html/webpanel/assets/img 1.png
2017.03.15 14:03 B G:\CONTENEDOR\sitios\activos\AEROEXPRESS\webpanel\assets\img\1.png --> hs20.ihosting.cl /public_html/desarrollo/tlc/webpanel/assets/img 1.png
2017.03.15 14:03 B G:\CONTENEDOR\sitios\activos\AEROEXPRESS\webpanel\assets\img\1G.jpg --> hs20.ihosting.cl /public_html/desarrollo/tlc/webpanel/assets/img 1G.jpg
2017.03.15 14:03 B G:\CONTENEDOR\sitios\activos\AEROEXPRESS\webpanel\assets\img\1G_B.jpg --> hs20.ihosting.cl /public_html/desarrollo/tlc/webpanel/assets/img 1G_B.jpg
2017.03.15 14:03 B G:\CONTENEDOR\sitios\activos\AEROEXPRESS\webpanel\assets\img\2.png --> hs20.ihosting.cl /public_html/desarrollo/tlc/webpanel/assets/img 2.png
2017.03.15 14:03 B G:\CONTENEDOR\sitios\activos\AEROEXPRESS\webpanel\assets\img\2G.jpg --> hs20.ihosting.cl /public_html/desarrollo/tlc/webpanel/assets/img 2G.jpg
2017.03.15 14:03 B G:\CONTENEDOR\sitios\activos\AEROEXPRESS\webpanel\assets\img\2G_B.jpg --> hs20.ihosting.cl /public_html/desarrollo/tlc/webpanel/assets/img 2G_B.jpg
2017.03.15 14:03 B G:\CONTENEDOR\sitios\activos\AEROEXPRESS\webpanel\assets\img\3.png --> hs20.ihosting.cl /public_html/desarrollo/tlc/webpanel/assets/img 3.png
2017.03.15 14:03 B G:\CONTENEDOR\sitios\activos\AEROEXPRESS\webpanel\assets\img\4.png --> hs20.ihosting.cl /public_html/desarrollo/tlc/webpanel/assets/img 4.png
2017.03.15 14:03 B G:\CONTENEDOR\sitios\activos\AEROEXPRESS\webpanel\assets\img\bg.png --> hs20.ihosting.cl /public_html/desarrollo/tlc/webpanel/assets/img bg.png
2017.03.15 14:03 B G:\CONTENEDOR\sitios\activos\AEROEXPRESS\webpanel\assets\img\cp.png --> hs20.ihosting.cl /public_html/desarrollo/tlc/webpanel/assets/img cp.png
2017.03.15 14:03 B G:\CONTENEDOR\sitios\activos\AEROEXPRESS\webpanel\assets\img\demoBig.jpg --> hs20.ihosting.cl /public_html/desarrollo/tlc/webpanel/assets/img demoBig.jpg
2017.03.15 14:03 B G:\CONTENEDOR\sitios\activos\AEROEXPRESS\webpanel\assets\img\demoBig2.jpg --> hs20.ihosting.cl /public_html/desarrollo/tlc/webpanel/assets/img demoBig2.jpg
2017.03.15 14:03 B G:\CONTENEDOR\sitios\activos\AEROEXPRESS\webpanel\assets\img\demoImage.jpg --> hs20.ihosting.cl /public_html/desarrollo/tlc/webpanel/assets/img demoImage.jpg
2017.03.15 14:03 B G:\CONTENEDOR\sitios\activos\AEROEXPRESS\webpanel\assets\img\demoImage2.jpg --> hs20.ihosting.cl /public_html/desarrollo/tlc/webpanel/assets/img demoImage2.jpg
2017.03.15 14:03 B G:\CONTENEDOR\sitios\activos\AEROEXPRESS\webpanel\assets\img\demoUpload.jpg --> hs20.ihosting.cl /public_html/desarrollo/tlc/webpanel/assets/img demoUpload.jpg
2017.03.15 14:03 B G:\CONTENEDOR\sitios\activos\AEROEXPRESS\webpanel\assets\img\logo.png --> hs20.ihosting.cl /public_html/desarrollo/tlc/webpanel/assets/img logo.png
2017.03.15 14:03 B G:\CONTENEDOR\sitios\activos\AEROEXPRESS\webpanel\assets\img\moreNoti.jpg --> hs20.ihosting.cl /public_html/desarrollo/tlc/webpanel/assets/img moreNoti.jpg
2017.03.15 14:03 B G:\CONTENEDOR\sitios\activos\AEROEXPRESS\webpanel\assets\img\moreNoti_old.jpg --> hs20.ihosting.cl /public_html/desarrollo/tlc/webpanel/assets/img moreNoti_old.jpg
2017.03.15 14:03 B G:\CONTENEDOR\sitios\activos\AEROEXPRESS\webpanel\assets\img\px_by_Gre3g.png --> hs20.ihosting.cl /public_html/desarrollo/tlc/webpanel/assets/img px_by_Gre3g.png
2017.03.15 14:03 B G:\CONTENEDOR\sitios\activos\AEROEXPRESS\webpanel\assets\img\user.gif --> hs20.ihosting.cl /public_html/desarrollo/tlc/webpanel/assets/img user.gif
2017.03.15 14:03 B G:\CONTENEDOR\sitios\activos\AEROEXPRESS\webpanel\assets\img\user_old.gif --> hs20.ihosting.cl /public_html/desarrollo/tlc/webpanel/assets/img user_old.gif
2017.03.15 14:03 B G:\CONTENEDOR\sitios\activos\AEROEXPRESS\webpanel\assets\img\WS_FTP.LOG --> hs20.ihosting.cl /public_html/desarrollo/tlc/webpanel/assets/img WS_FTP.LOG
