2016.09.14 21:01 B G:\CONTENEDOR\sitios\activos\AEROEXPRESS\webpanel\assets\plugins\timepicker\spec\js\libs\bootstrap\docs\templates\pages\scaffolding.mustache <-- AEROEXPRESS /public_html/webpanel/assets/plugins/timepicker/spec/js/libs/bootstrap/docs/templates/pages scaffolding.mustache
2016.09.14 21:01 B G:\CONTENEDOR\sitios\activos\AEROEXPRESS\webpanel\assets\plugins\timepicker\spec\js\libs\bootstrap\docs\templates\pages\javascript.mustache <-- AEROEXPRESS /public_html/webpanel/assets/plugins/timepicker/spec/js/libs/bootstrap/docs/templates/pages javascript.mustache
2016.09.14 21:01 B G:\CONTENEDOR\sitios\activos\AEROEXPRESS\webpanel\assets\plugins\timepicker\spec\js\libs\bootstrap\docs\templates\pages\index.mustache <-- AEROEXPRESS /public_html/webpanel/assets/plugins/timepicker/spec/js/libs/bootstrap/docs/templates/pages index.mustache
2016.09.14 21:01 B G:\CONTENEDOR\sitios\activos\AEROEXPRESS\webpanel\assets\plugins\timepicker\spec\js\libs\bootstrap\docs\templates\pages\getting-started.mustache <-- AEROEXPRESS /public_html/webpanel/assets/plugins/timepicker/spec/js/libs/bootstrap/docs/templates/pages getting-started.mustache
2016.09.14 21:01 B G:\CONTENEDOR\sitios\activos\AEROEXPRESS\webpanel\assets\plugins\timepicker\spec\js\libs\bootstrap\docs\templates\pages\extend.mustache <-- AEROEXPRESS /public_html/webpanel/assets/plugins/timepicker/spec/js/libs/bootstrap/docs/templates/pages extend.mustache
2016.09.14 21:01 B G:\CONTENEDOR\sitios\activos\AEROEXPRESS\webpanel\assets\plugins\timepicker\spec\js\libs\bootstrap\docs\templates\pages\customize.mustache <-- AEROEXPRESS /public_html/webpanel/assets/plugins/timepicker/spec/js/libs/bootstrap/docs/templates/pages customize.mustache
2016.09.14 21:01 B G:\CONTENEDOR\sitios\activos\AEROEXPRESS\webpanel\assets\plugins\timepicker\spec\js\libs\bootstrap\docs\templates\pages\components.mustache <-- AEROEXPRESS /public_html/webpanel/assets/plugins/timepicker/spec/js/libs/bootstrap/docs/templates/pages components.mustache
2016.09.14 21:01 B G:\CONTENEDOR\sitios\activos\AEROEXPRESS\webpanel\assets\plugins\timepicker\spec\js\libs\bootstrap\docs\templates\pages\base-css.mustache <-- AEROEXPRESS /public_html/webpanel/assets/plugins/timepicker/spec/js/libs/bootstrap/docs/templates/pages base-css.mustache
2017.03.15 14:13 B G:\CONTENEDOR\sitios\activos\AEROEXPRESS\webpanel\assets\plugins\timepicker\spec\js\libs\bootstrap\docs\templates\pages\base-css.mustache --> hs20.ihosting.cl /public_html/desarrollo/tlc/webpanel/assets/plugins/timepicker/spec/js/libs/bootstrap/docs/templates/pages base-css.mustache
2017.03.15 14:13 B G:\CONTENEDOR\sitios\activos\AEROEXPRESS\webpanel\assets\plugins\timepicker\spec\js\libs\bootstrap\docs\templates\pages\components.mustache --> hs20.ihosting.cl /public_html/desarrollo/tlc/webpanel/assets/plugins/timepicker/spec/js/libs/bootstrap/docs/templates/pages components.mustache
2017.03.15 14:13 B G:\CONTENEDOR\sitios\activos\AEROEXPRESS\webpanel\assets\plugins\timepicker\spec\js\libs\bootstrap\docs\templates\pages\customize.mustache --> hs20.ihosting.cl /public_html/desarrollo/tlc/webpanel/assets/plugins/timepicker/spec/js/libs/bootstrap/docs/templates/pages customize.mustache
2017.03.15 14:13 B G:\CONTENEDOR\sitios\activos\AEROEXPRESS\webpanel\assets\plugins\timepicker\spec\js\libs\bootstrap\docs\templates\pages\extend.mustache --> hs20.ihosting.cl /public_html/desarrollo/tlc/webpanel/assets/plugins/timepicker/spec/js/libs/bootstrap/docs/templates/pages extend.mustache
2017.03.15 14:13 B G:\CONTENEDOR\sitios\activos\AEROEXPRESS\webpanel\assets\plugins\timepicker\spec\js\libs\bootstrap\docs\templates\pages\getting-started.mustache --> hs20.ihosting.cl /public_html/desarrollo/tlc/webpanel/assets/plugins/timepicker/spec/js/libs/bootstrap/docs/templates/pages getting-started.mustache
2017.03.15 14:13 B G:\CONTENEDOR\sitios\activos\AEROEXPRESS\webpanel\assets\plugins\timepicker\spec\js\libs\bootstrap\docs\templates\pages\index.mustache --> hs20.ihosting.cl /public_html/desarrollo/tlc/webpanel/assets/plugins/timepicker/spec/js/libs/bootstrap/docs/templates/pages index.mustache
2017.03.15 14:13 B G:\CONTENEDOR\sitios\activos\AEROEXPRESS\webpanel\assets\plugins\timepicker\spec\js\libs\bootstrap\docs\templates\pages\javascript.mustache --> hs20.ihosting.cl /public_html/desarrollo/tlc/webpanel/assets/plugins/timepicker/spec/js/libs/bootstrap/docs/templates/pages javascript.mustache
2017.03.15 14:13 B G:\CONTENEDOR\sitios\activos\AEROEXPRESS\webpanel\assets\plugins\timepicker\spec\js\libs\bootstrap\docs\templates\pages\scaffolding.mustache --> hs20.ihosting.cl /public_html/desarrollo/tlc/webpanel/assets/plugins/timepicker/spec/js/libs/bootstrap/docs/templates/pages scaffolding.mustache
2017.03.15 14:13 B G:\CONTENEDOR\sitios\activos\AEROEXPRESS\webpanel\assets\plugins\timepicker\spec\js\libs\bootstrap\docs\templates\pages\WS_FTP.LOG --> hs20.ihosting.cl /public_html/desarrollo/tlc/webpanel/assets/plugins/timepicker/spec/js/libs/bootstrap/docs/templates/pages WS_FTP.LOG
2017.05.01 19:31 B G:\CONTENEDOR\sitios\activos\tlc\webpanel\assets\plugins\timepicker\spec\js\libs\bootstrap\docs\templates\pages\WS_FTP.LOG --> hs33.ihosting.cl /public_html/webpanel/assets/plugins/timepicker/spec/js/libs/bootstrap/docs/templates/pages WS_FTP.LOG
2017.05.01 19:31 B G:\CONTENEDOR\sitios\activos\tlc\webpanel\assets\plugins\timepicker\spec\js\libs\bootstrap\docs\templates\pages\scaffolding.mustache --> hs33.ihosting.cl /public_html/webpanel/assets/plugins/timepicker/spec/js/libs/bootstrap/docs/templates/pages scaffolding.mustache
2017.05.01 19:31 B G:\CONTENEDOR\sitios\activos\tlc\webpanel\assets\plugins\timepicker\spec\js\libs\bootstrap\docs\templates\pages\javascript.mustache --> hs33.ihosting.cl /public_html/webpanel/assets/plugins/timepicker/spec/js/libs/bootstrap/docs/templates/pages javascript.mustache
2017.05.01 19:31 B G:\CONTENEDOR\sitios\activos\tlc\webpanel\assets\plugins\timepicker\spec\js\libs\bootstrap\docs\templates\pages\index.mustache --> hs33.ihosting.cl /public_html/webpanel/assets/plugins/timepicker/spec/js/libs/bootstrap/docs/templates/pages index.mustache
2017.05.01 19:31 B G:\CONTENEDOR\sitios\activos\tlc\webpanel\assets\plugins\timepicker\spec\js\libs\bootstrap\docs\templates\pages\getting-started.mustache --> hs33.ihosting.cl /public_html/webpanel/assets/plugins/timepicker/spec/js/libs/bootstrap/docs/templates/pages getting-started.mustache
2017.05.01 19:31 B G:\CONTENEDOR\sitios\activos\tlc\webpanel\assets\plugins\timepicker\spec\js\libs\bootstrap\docs\templates\pages\extend.mustache --> hs33.ihosting.cl /public_html/webpanel/assets/plugins/timepicker/spec/js/libs/bootstrap/docs/templates/pages extend.mustache
2017.05.01 19:31 B G:\CONTENEDOR\sitios\activos\tlc\webpanel\assets\plugins\timepicker\spec\js\libs\bootstrap\docs\templates\pages\customize.mustache --> hs33.ihosting.cl /public_html/webpanel/assets/plugins/timepicker/spec/js/libs/bootstrap/docs/templates/pages customize.mustache
2017.05.01 19:31 B G:\CONTENEDOR\sitios\activos\tlc\webpanel\assets\plugins\timepicker\spec\js\libs\bootstrap\docs\templates\pages\components.mustache --> hs33.ihosting.cl /public_html/webpanel/assets/plugins/timepicker/spec/js/libs/bootstrap/docs/templates/pages components.mustache
2017.05.01 19:31 B G:\CONTENEDOR\sitios\activos\tlc\webpanel\assets\plugins\timepicker\spec\js\libs\bootstrap\docs\templates\pages\base-css.mustache --> hs33.ihosting.cl /public_html/webpanel/assets/plugins/timepicker/spec/js/libs/bootstrap/docs/templates/pages base-css.mustache
