2016.09.14 21:02 B G:\CONTENEDOR\sitios\activos\AEROEXPRESS\webpanel\assets\plugins\tablesorter\js\parsers\parser-metric.js <-- AEROEXPRESS /public_html/webpanel/assets/plugins/tablesorter/js/parsers parser-metric.js
2016.09.14 21:02 B G:\CONTENEDOR\sitios\activos\AEROEXPRESS\webpanel\assets\plugins\tablesorter\js\parsers\parser-input-select.js <-- AEROEXPRESS /public_html/webpanel/assets/plugins/tablesorter/js/parsers parser-input-select.js
2016.09.14 21:02 B G:\CONTENEDOR\sitios\activos\AEROEXPRESS\webpanel\assets\plugins\tablesorter\js\parsers\parser-ignore-articles.js <-- AEROEXPRESS /public_html/webpanel/assets/plugins/tablesorter/js/parsers parser-ignore-articles.js
2016.09.14 21:02 B G:\CONTENEDOR\sitios\activos\AEROEXPRESS\webpanel\assets\plugins\tablesorter\js\parsers\parser-feet-inch-fraction.js <-- AEROEXPRESS /public_html/webpanel/assets/plugins/tablesorter/js/parsers parser-feet-inch-fraction.js
2016.09.14 21:02 B G:\CONTENEDOR\sitios\activos\AEROEXPRESS\webpanel\assets\plugins\tablesorter\js\parsers\parser-date.js <-- AEROEXPRESS /public_html/webpanel/assets/plugins/tablesorter/js/parsers parser-date.js
2016.09.14 21:02 B G:\CONTENEDOR\sitios\activos\AEROEXPRESS\webpanel\assets\plugins\tablesorter\js\parsers\parser-date-weekday.js <-- AEROEXPRESS /public_html/webpanel/assets/plugins/tablesorter/js/parsers parser-date-weekday.js
2016.09.14 21:02 B G:\CONTENEDOR\sitios\activos\AEROEXPRESS\webpanel\assets\plugins\tablesorter\js\parsers\parser-date-two-digit-year.js <-- AEROEXPRESS /public_html/webpanel/assets/plugins/tablesorter/js/parsers parser-date-two-digit-year.js
2016.09.14 21:02 B G:\CONTENEDOR\sitios\activos\AEROEXPRESS\webpanel\assets\plugins\tablesorter\js\parsers\parser-date-month.js <-- AEROEXPRESS /public_html/webpanel/assets/plugins/tablesorter/js/parsers parser-date-month.js
2016.09.14 21:02 B G:\CONTENEDOR\sitios\activos\AEROEXPRESS\webpanel\assets\plugins\tablesorter\js\parsers\parser-date-iso8601.js <-- AEROEXPRESS /public_html/webpanel/assets/plugins/tablesorter/js/parsers parser-date-iso8601.js
2017.03.15 14:12 B G:\CONTENEDOR\sitios\activos\AEROEXPRESS\webpanel\assets\plugins\tablesorter\js\parsers\parser-date-iso8601.js --> hs20.ihosting.cl /public_html/desarrollo/tlc/webpanel/assets/plugins/tablesorter/js/parsers parser-date-iso8601.js
2017.03.15 14:12 B G:\CONTENEDOR\sitios\activos\AEROEXPRESS\webpanel\assets\plugins\tablesorter\js\parsers\parser-date-month.js --> hs20.ihosting.cl /public_html/desarrollo/tlc/webpanel/assets/plugins/tablesorter/js/parsers parser-date-month.js
2017.03.15 14:12 B G:\CONTENEDOR\sitios\activos\AEROEXPRESS\webpanel\assets\plugins\tablesorter\js\parsers\parser-date-two-digit-year.js --> hs20.ihosting.cl /public_html/desarrollo/tlc/webpanel/assets/plugins/tablesorter/js/parsers parser-date-two-digit-year.js
2017.03.15 14:12 B G:\CONTENEDOR\sitios\activos\AEROEXPRESS\webpanel\assets\plugins\tablesorter\js\parsers\parser-date-weekday.js --> hs20.ihosting.cl /public_html/desarrollo/tlc/webpanel/assets/plugins/tablesorter/js/parsers parser-date-weekday.js
2017.03.15 14:12 B G:\CONTENEDOR\sitios\activos\AEROEXPRESS\webpanel\assets\plugins\tablesorter\js\parsers\parser-date.js --> hs20.ihosting.cl /public_html/desarrollo/tlc/webpanel/assets/plugins/tablesorter/js/parsers parser-date.js
2017.03.15 14:12 B G:\CONTENEDOR\sitios\activos\AEROEXPRESS\webpanel\assets\plugins\tablesorter\js\parsers\parser-feet-inch-fraction.js --> hs20.ihosting.cl /public_html/desarrollo/tlc/webpanel/assets/plugins/tablesorter/js/parsers parser-feet-inch-fraction.js
2017.03.15 14:12 B G:\CONTENEDOR\sitios\activos\AEROEXPRESS\webpanel\assets\plugins\tablesorter\js\parsers\parser-ignore-articles.js --> hs20.ihosting.cl /public_html/desarrollo/tlc/webpanel/assets/plugins/tablesorter/js/parsers parser-ignore-articles.js
2017.03.15 14:12 B G:\CONTENEDOR\sitios\activos\AEROEXPRESS\webpanel\assets\plugins\tablesorter\js\parsers\parser-input-select.js --> hs20.ihosting.cl /public_html/desarrollo/tlc/webpanel/assets/plugins/tablesorter/js/parsers parser-input-select.js
2017.03.15 14:12 B G:\CONTENEDOR\sitios\activos\AEROEXPRESS\webpanel\assets\plugins\tablesorter\js\parsers\parser-metric.js --> hs20.ihosting.cl /public_html/desarrollo/tlc/webpanel/assets/plugins/tablesorter/js/parsers parser-metric.js
2017.03.15 14:12 B G:\CONTENEDOR\sitios\activos\AEROEXPRESS\webpanel\assets\plugins\tablesorter\js\parsers\WS_FTP.LOG --> hs20.ihosting.cl /public_html/desarrollo/tlc/webpanel/assets/plugins/tablesorter/js/parsers WS_FTP.LOG
2017.05.01 19:33 B G:\CONTENEDOR\sitios\activos\tlc\webpanel\assets\plugins\tablesorter\js\parsers\WS_FTP.LOG --> hs33.ihosting.cl /public_html/webpanel/assets/plugins/tablesorter/js/parsers WS_FTP.LOG
2017.05.01 19:33 B G:\CONTENEDOR\sitios\activos\tlc\webpanel\assets\plugins\tablesorter\js\parsers\parser-metric.js --> hs33.ihosting.cl /public_html/webpanel/assets/plugins/tablesorter/js/parsers parser-metric.js
2017.05.01 19:33 B G:\CONTENEDOR\sitios\activos\tlc\webpanel\assets\plugins\tablesorter\js\parsers\parser-input-select.js --> hs33.ihosting.cl /public_html/webpanel/assets/plugins/tablesorter/js/parsers parser-input-select.js
2017.05.01 19:33 B G:\CONTENEDOR\sitios\activos\tlc\webpanel\assets\plugins\tablesorter\js\parsers\parser-ignore-articles.js --> hs33.ihosting.cl /public_html/webpanel/assets/plugins/tablesorter/js/parsers parser-ignore-articles.js
2017.05.01 19:33 B G:\CONTENEDOR\sitios\activos\tlc\webpanel\assets\plugins\tablesorter\js\parsers\parser-feet-inch-fraction.js --> hs33.ihosting.cl /public_html/webpanel/assets/plugins/tablesorter/js/parsers parser-feet-inch-fraction.js
2017.05.01 19:33 B G:\CONTENEDOR\sitios\activos\tlc\webpanel\assets\plugins\tablesorter\js\parsers\parser-date.js --> hs33.ihosting.cl /public_html/webpanel/assets/plugins/tablesorter/js/parsers parser-date.js
2017.05.01 19:33 B G:\CONTENEDOR\sitios\activos\tlc\webpanel\assets\plugins\tablesorter\js\parsers\parser-date-weekday.js --> hs33.ihosting.cl /public_html/webpanel/assets/plugins/tablesorter/js/parsers parser-date-weekday.js
2017.05.01 19:33 B G:\CONTENEDOR\sitios\activos\tlc\webpanel\assets\plugins\tablesorter\js\parsers\parser-date-two-digit-year.js --> hs33.ihosting.cl /public_html/webpanel/assets/plugins/tablesorter/js/parsers parser-date-two-digit-year.js
2017.05.01 19:33 B G:\CONTENEDOR\sitios\activos\tlc\webpanel\assets\plugins\tablesorter\js\parsers\parser-date-month.js --> hs33.ihosting.cl /public_html/webpanel/assets/plugins/tablesorter/js/parsers parser-date-month.js
2017.05.01 19:33 B G:\CONTENEDOR\sitios\activos\tlc\webpanel\assets\plugins\tablesorter\js\parsers\parser-date-iso8601.js --> hs33.ihosting.cl /public_html/webpanel/assets/plugins/tablesorter/js/parsers parser-date-iso8601.js
