2016.09.14 21:08 B G:\CONTENEDOR\sitios\activos\AEROEXPRESS\webpanel\error_log <-- AEROEXPRESS /public_html/webpanel error_log
2016.09.14 21:08 B G:\CONTENEDOR\sitios\activos\AEROEXPRESS\webpanel\adm_registrocunsulta.php <-- AEROEXPRESS /public_html/webpanel adm_registrocunsulta.php
2016.09.14 21:08 B G:\CONTENEDOR\sitios\activos\AEROEXPRESS\webpanel\header.php <-- AEROEXPRESS /public_html/webpanel header.php
2016.09.14 21:08 B G:\CONTENEDOR\sitios\activos\AEROEXPRESS\webpanel\login.php <-- AEROEXPRESS /public_html/webpanel login.php
2016.09.14 21:08 B G:\CONTENEDOR\sitios\activos\AEROEXPRESS\webpanel\adm_configuracion.php <-- AEROEXPRESS /public_html/webpanel adm_configuracion.php
2016.09.14 21:08 B G:\CONTENEDOR\sitios\activos\AEROEXPRESS\webpanel\testphp.php <-- AEROEXPRESS /public_html/webpanel testphp.php
2016.09.14 21:08 B G:\CONTENEDOR\sitios\activos\AEROEXPRESS\webpanel\phpThumb.php <-- AEROEXPRESS /public_html/webpanel phpThumb.php
2016.09.14 21:08 B G:\CONTENEDOR\sitios\activos\AEROEXPRESS\webpanel\pagination.php <-- AEROEXPRESS /public_html/webpanel pagination.php
2016.09.14 21:08 B G:\CONTENEDOR\sitios\activos\AEROEXPRESS\webpanel\logout.php <-- AEROEXPRESS /public_html/webpanel logout.php
2016.09.14 21:08 B G:\CONTENEDOR\sitios\activos\AEROEXPRESS\webpanel\logic.php <-- AEROEXPRESS /public_html/webpanel logic.php
2016.09.14 21:08 B G:\CONTENEDOR\sitios\activos\AEROEXPRESS\webpanel\lateral.php <-- AEROEXPRESS /public_html/webpanel lateral.php
2016.09.14 21:08 B G:\CONTENEDOR\sitios\activos\AEROEXPRESS\webpanel\inicio.php <-- AEROEXPRESS /public_html/webpanel inicio.php
2016.09.14 21:08 B G:\CONTENEDOR\sitios\activos\AEROEXPRESS\webpanel\index.htm <-- AEROEXPRESS /public_html/webpanel index.htm
2016.09.14 21:08 B G:\CONTENEDOR\sitios\activos\AEROEXPRESS\webpanel\header_vista.php <-- AEROEXPRESS /public_html/webpanel header_vista.php
2016.09.14 21:08 B G:\CONTENEDOR\sitios\activos\AEROEXPRESS\webpanel\header3.php <-- AEROEXPRESS /public_html/webpanel header3.php
2016.09.14 21:08 B G:\CONTENEDOR\sitios\activos\AEROEXPRESS\webpanel\header2.php <-- AEROEXPRESS /public_html/webpanel header2.php
2016.09.14 21:08 B G:\CONTENEDOR\sitios\activos\AEROEXPRESS\webpanel\ftpsync.php <-- AEROEXPRESS /public_html/webpanel ftpsync.php
2016.09.14 21:08 B G:\CONTENEDOR\sitios\activos\AEROEXPRESS\webpanel\footer2.php <-- AEROEXPRESS /public_html/webpanel footer2.php
2016.09.14 21:08 B G:\CONTENEDOR\sitios\activos\AEROEXPRESS\webpanel\excel_registros.php <-- AEROEXPRESS /public_html/webpanel excel_registros.php
2016.09.14 21:08 B G:\CONTENEDOR\sitios\activos\AEROEXPRESS\webpanel\cuerpo_resultados2.php <-- AEROEXPRESS /public_html/webpanel cuerpo_resultados2.php
2016.09.14 21:08 B G:\CONTENEDOR\sitios\activos\AEROEXPRESS\webpanel\codigo.php <-- AEROEXPRESS /public_html/webpanel codigo.php
2016.09.14 21:08 B G:\CONTENEDOR\sitios\activos\AEROEXPRESS\webpanel\class.phpmailer.php <-- AEROEXPRESS /public_html/webpanel class.phpmailer.php
2016.09.14 21:08 B G:\CONTENEDOR\sitios\activos\AEROEXPRESS\webpanel\boton_permiso.php <-- AEROEXPRESS /public_html/webpanel boton_permiso.php
2016.09.14 21:08 B G:\CONTENEDOR\sitios\activos\AEROEXPRESS\webpanel\adm_vendedores.php <-- AEROEXPRESS /public_html/webpanel adm_vendedores.php
2016.09.14 21:08 B G:\CONTENEDOR\sitios\activos\AEROEXPRESS\webpanel\adm_usuariosadm.php <-- AEROEXPRESS /public_html/webpanel adm_usuariosadm.php
2016.09.14 21:08 B G:\CONTENEDOR\sitios\activos\AEROEXPRESS\webpanel\adm_usuarios2.php <-- AEROEXPRESS /public_html/webpanel adm_usuarios2.php
2016.09.14 21:08 B G:\CONTENEDOR\sitios\activos\AEROEXPRESS\webpanel\adm_usuarios.php <-- AEROEXPRESS /public_html/webpanel adm_usuarios.php
2016.09.14 21:08 B G:\CONTENEDOR\sitios\activos\AEROEXPRESS\webpanel\adm_test.php <-- AEROEXPRESS /public_html/webpanel adm_test.php
2016.09.14 21:08 B G:\CONTENEDOR\sitios\activos\AEROEXPRESS\webpanel\adm_secciones.php <-- AEROEXPRESS /public_html/webpanel adm_secciones.php
2016.09.14 21:08 B G:\CONTENEDOR\sitios\activos\AEROEXPRESS\webpanel\adm_registros.php <-- AEROEXPRESS /public_html/webpanel adm_registros.php
2016.09.14 21:08 B G:\CONTENEDOR\sitios\activos\AEROEXPRESS\webpanel\adm_permisos_pop.php <-- AEROEXPRESS /public_html/webpanel adm_permisos_pop.php
2016.09.14 21:08 B G:\CONTENEDOR\sitios\activos\AEROEXPRESS\webpanel\adm_misdatos.php <-- AEROEXPRESS /public_html/webpanel adm_misdatos.php
2016.09.14 21:08 B G:\CONTENEDOR\sitios\activos\AEROEXPRESS\webpanel\acceso_denegado_secciones.php <-- AEROEXPRESS /public_html/webpanel acceso_denegado_secciones.php
2016.09.14 21:08 B G:\CONTENEDOR\sitios\activos\AEROEXPRESS\webpanel\acceso_denegado.php <-- AEROEXPRESS /public_html/webpanel acceso_denegado.php
2016.09.14 21:08 B G:\CONTENEDOR\sitios\activos\AEROEXPRESS\webpanel\a_banco.php <-- AEROEXPRESS /public_html/webpanel a_banco.php
2017.03.15 14:16 B G:\CONTENEDOR\sitios\activos\AEROEXPRESS\webpanel\a_banco.php --> hs20.ihosting.cl /public_html/desarrollo/tlc/webpanel a_banco.php
2017.03.15 14:16 B G:\CONTENEDOR\sitios\activos\AEROEXPRESS\webpanel\acceso_denegado.php --> hs20.ihosting.cl /public_html/desarrollo/tlc/webpanel acceso_denegado.php
2017.03.15 14:16 B G:\CONTENEDOR\sitios\activos\AEROEXPRESS\webpanel\acceso_denegado_secciones.php --> hs20.ihosting.cl /public_html/desarrollo/tlc/webpanel acceso_denegado_secciones.php
2017.03.15 14:16 B G:\CONTENEDOR\sitios\activos\AEROEXPRESS\webpanel\adm_configuracion.php --> hs20.ihosting.cl /public_html/desarrollo/tlc/webpanel adm_configuracion.php
2017.03.15 14:16 B G:\CONTENEDOR\sitios\activos\AEROEXPRESS\webpanel\adm_misdatos.php --> hs20.ihosting.cl /public_html/desarrollo/tlc/webpanel adm_misdatos.php
2017.03.15 14:16 B G:\CONTENEDOR\sitios\activos\AEROEXPRESS\webpanel\adm_permisos_pop.php --> hs20.ihosting.cl /public_html/desarrollo/tlc/webpanel adm_permisos_pop.php
2017.03.15 14:16 B G:\CONTENEDOR\sitios\activos\AEROEXPRESS\webpanel\adm_registrocunsulta.php --> hs20.ihosting.cl /public_html/desarrollo/tlc/webpanel adm_registrocunsulta.php
2017.03.15 14:16 B G:\CONTENEDOR\sitios\activos\AEROEXPRESS\webpanel\adm_registros.php --> hs20.ihosting.cl /public_html/desarrollo/tlc/webpanel adm_registros.php
2017.03.15 14:16 B G:\CONTENEDOR\sitios\activos\AEROEXPRESS\webpanel\adm_secciones.php --> hs20.ihosting.cl /public_html/desarrollo/tlc/webpanel adm_secciones.php
2017.03.15 14:16 B G:\CONTENEDOR\sitios\activos\AEROEXPRESS\webpanel\adm_test.php --> hs20.ihosting.cl /public_html/desarrollo/tlc/webpanel adm_test.php
2017.03.15 14:16 B G:\CONTENEDOR\sitios\activos\AEROEXPRESS\webpanel\adm_usuarios.php --> hs20.ihosting.cl /public_html/desarrollo/tlc/webpanel adm_usuarios.php
2017.03.15 14:16 B G:\CONTENEDOR\sitios\activos\AEROEXPRESS\webpanel\adm_usuarios2.php --> hs20.ihosting.cl /public_html/desarrollo/tlc/webpanel adm_usuarios2.php
2017.03.15 14:16 B G:\CONTENEDOR\sitios\activos\AEROEXPRESS\webpanel\adm_usuariosadm.php --> hs20.ihosting.cl /public_html/desarrollo/tlc/webpanel adm_usuariosadm.php
2017.03.15 14:16 B G:\CONTENEDOR\sitios\activos\AEROEXPRESS\webpanel\adm_vendedores.php --> hs20.ihosting.cl /public_html/desarrollo/tlc/webpanel adm_vendedores.php
2017.03.15 14:16 B G:\CONTENEDOR\sitios\activos\AEROEXPRESS\webpanel\boton_permiso.php --> hs20.ihosting.cl /public_html/desarrollo/tlc/webpanel boton_permiso.php
2017.03.15 14:16 B G:\CONTENEDOR\sitios\activos\AEROEXPRESS\webpanel\class.phpmailer.php --> hs20.ihosting.cl /public_html/desarrollo/tlc/webpanel class.phpmailer.php
2017.03.15 14:16 B G:\CONTENEDOR\sitios\activos\AEROEXPRESS\webpanel\codigo.php --> hs20.ihosting.cl /public_html/desarrollo/tlc/webpanel codigo.php
2017.03.15 14:16 B G:\CONTENEDOR\sitios\activos\AEROEXPRESS\webpanel\cuerpo_resultados2.php --> hs20.ihosting.cl /public_html/desarrollo/tlc/webpanel cuerpo_resultados2.php
2017.03.15 14:16 B G:\CONTENEDOR\sitios\activos\AEROEXPRESS\webpanel\error_log --> hs20.ihosting.cl /public_html/desarrollo/tlc/webpanel error_log
2017.03.15 14:16 B G:\CONTENEDOR\sitios\activos\AEROEXPRESS\webpanel\excel_registros.php --> hs20.ihosting.cl /public_html/desarrollo/tlc/webpanel excel_registros.php
2017.03.15 14:16 B G:\CONTENEDOR\sitios\activos\AEROEXPRESS\webpanel\footer2.php --> hs20.ihosting.cl /public_html/desarrollo/tlc/webpanel footer2.php
2017.03.15 14:16 B G:\CONTENEDOR\sitios\activos\AEROEXPRESS\webpanel\ftpsync.php --> hs20.ihosting.cl /public_html/desarrollo/tlc/webpanel ftpsync.php
2017.03.15 14:16 B G:\CONTENEDOR\sitios\activos\AEROEXPRESS\webpanel\header.php --> hs20.ihosting.cl /public_html/desarrollo/tlc/webpanel header.php
2017.03.15 14:16 B G:\CONTENEDOR\sitios\activos\AEROEXPRESS\webpanel\header2.php --> hs20.ihosting.cl /public_html/desarrollo/tlc/webpanel header2.php
2017.03.15 14:16 B G:\CONTENEDOR\sitios\activos\AEROEXPRESS\webpanel\header3.php --> hs20.ihosting.cl /public_html/desarrollo/tlc/webpanel header3.php
2017.03.15 14:16 B G:\CONTENEDOR\sitios\activos\AEROEXPRESS\webpanel\header_vista.php --> hs20.ihosting.cl /public_html/desarrollo/tlc/webpanel header_vista.php
2017.03.15 14:16 B G:\CONTENEDOR\sitios\activos\AEROEXPRESS\webpanel\index.htm --> hs20.ihosting.cl /public_html/desarrollo/tlc/webpanel index.htm
2017.03.15 14:16 B G:\CONTENEDOR\sitios\activos\AEROEXPRESS\webpanel\inicio.php --> hs20.ihosting.cl /public_html/desarrollo/tlc/webpanel inicio.php
2017.03.15 14:16 B G:\CONTENEDOR\sitios\activos\AEROEXPRESS\webpanel\lateral.php --> hs20.ihosting.cl /public_html/desarrollo/tlc/webpanel lateral.php
2017.03.15 14:16 B G:\CONTENEDOR\sitios\activos\AEROEXPRESS\webpanel\logic.php --> hs20.ihosting.cl /public_html/desarrollo/tlc/webpanel logic.php
2017.03.15 14:16 B G:\CONTENEDOR\sitios\activos\AEROEXPRESS\webpanel\login.php --> hs20.ihosting.cl /public_html/desarrollo/tlc/webpanel login.php
2017.03.15 14:16 B G:\CONTENEDOR\sitios\activos\AEROEXPRESS\webpanel\logout.php --> hs20.ihosting.cl /public_html/desarrollo/tlc/webpanel logout.php
2017.03.15 14:16 B G:\CONTENEDOR\sitios\activos\AEROEXPRESS\webpanel\pagination.php --> hs20.ihosting.cl /public_html/desarrollo/tlc/webpanel pagination.php
2017.03.15 14:16 B G:\CONTENEDOR\sitios\activos\AEROEXPRESS\webpanel\phpThumb.php --> hs20.ihosting.cl /public_html/desarrollo/tlc/webpanel phpThumb.php
2017.03.15 14:16 B G:\CONTENEDOR\sitios\activos\AEROEXPRESS\webpanel\testphp.php --> hs20.ihosting.cl /public_html/desarrollo/tlc/webpanel testphp.php
2017.03.15 14:16 B G:\CONTENEDOR\sitios\activos\AEROEXPRESS\webpanel\WS_FTP.LOG --> hs20.ihosting.cl /public_html/desarrollo/tlc/webpanel WS_FTP.LOG
