2016.09.14 21:05 B G:\CONTENEDOR\sitios\activos\AEROEXPRESS\webpanel\assets\plugins\formwizard\examples\css\base\images\ui-icons_cd0a0a_256x240.png <-- AEROEXPRESS /public_html/webpanel/assets/plugins/formwizard/examples/css/base/images ui-icons_cd0a0a_256x240.png
2016.09.14 21:05 B G:\CONTENEDOR\sitios\activos\AEROEXPRESS\webpanel\assets\plugins\formwizard\examples\css\base\images\ui-icons_888888_256x240.png <-- AEROEXPRESS /public_html/webpanel/assets/plugins/formwizard/examples/css/base/images ui-icons_888888_256x240.png
2016.09.14 21:05 B G:\CONTENEDOR\sitios\activos\AEROEXPRESS\webpanel\assets\plugins\formwizard\examples\css\base\images\ui-icons_454545_256x240.png <-- AEROEXPRESS /public_html/webpanel/assets/plugins/formwizard/examples/css/base/images ui-icons_454545_256x240.png
2016.09.14 21:05 B G:\CONTENEDOR\sitios\activos\AEROEXPRESS\webpanel\assets\plugins\formwizard\examples\css\base\images\ui-icons_2e83ff_256x240.png <-- AEROEXPRESS /public_html/webpanel/assets/plugins/formwizard/examples/css/base/images ui-icons_2e83ff_256x240.png
2016.09.14 21:05 B G:\CONTENEDOR\sitios\activos\AEROEXPRESS\webpanel\assets\plugins\formwizard\examples\css\base\images\ui-icons_222222_256x240.png <-- AEROEXPRESS /public_html/webpanel/assets/plugins/formwizard/examples/css/base/images ui-icons_222222_256x240.png
2016.09.14 21:05 B G:\CONTENEDOR\sitios\activos\AEROEXPRESS\webpanel\assets\plugins\formwizard\examples\css\base\images\ui-bg_highlight-soft_75_cccccc_1x100.png <-- AEROEXPRESS /public_html/webpanel/assets/plugins/formwizard/examples/css/base/images ui-bg_highlight-soft_75_cccccc_1x100.png
2016.09.14 21:05 B G:\CONTENEDOR\sitios\activos\AEROEXPRESS\webpanel\assets\plugins\formwizard\examples\css\base\images\ui-bg_glass_95_fef1ec_1x400.png <-- AEROEXPRESS /public_html/webpanel/assets/plugins/formwizard/examples/css/base/images ui-bg_glass_95_fef1ec_1x400.png
2016.09.14 21:05 B G:\CONTENEDOR\sitios\activos\AEROEXPRESS\webpanel\assets\plugins\formwizard\examples\css\base\images\ui-bg_glass_75_e6e6e6_1x400.png <-- AEROEXPRESS /public_html/webpanel/assets/plugins/formwizard/examples/css/base/images ui-bg_glass_75_e6e6e6_1x400.png
2016.09.14 21:05 B G:\CONTENEDOR\sitios\activos\AEROEXPRESS\webpanel\assets\plugins\formwizard\examples\css\base\images\ui-bg_glass_75_dadada_1x400.png <-- AEROEXPRESS /public_html/webpanel/assets/plugins/formwizard/examples/css/base/images ui-bg_glass_75_dadada_1x400.png
2016.09.14 21:05 B G:\CONTENEDOR\sitios\activos\AEROEXPRESS\webpanel\assets\plugins\formwizard\examples\css\base\images\ui-bg_glass_65_ffffff_1x400.png <-- AEROEXPRESS /public_html/webpanel/assets/plugins/formwizard/examples/css/base/images ui-bg_glass_65_ffffff_1x400.png
2016.09.14 21:05 B G:\CONTENEDOR\sitios\activos\AEROEXPRESS\webpanel\assets\plugins\formwizard\examples\css\base\images\ui-bg_glass_55_fbf9ee_1x400.png <-- AEROEXPRESS /public_html/webpanel/assets/plugins/formwizard/examples/css/base/images ui-bg_glass_55_fbf9ee_1x400.png
2016.09.14 21:05 B G:\CONTENEDOR\sitios\activos\AEROEXPRESS\webpanel\assets\plugins\formwizard\examples\css\base\images\ui-bg_flat_75_ffffff_40x100.png <-- AEROEXPRESS /public_html/webpanel/assets/plugins/formwizard/examples/css/base/images ui-bg_flat_75_ffffff_40x100.png
2016.09.14 21:05 B G:\CONTENEDOR\sitios\activos\AEROEXPRESS\webpanel\assets\plugins\formwizard\examples\css\base\images\ui-bg_flat_0_aaaaaa_40x100.png <-- AEROEXPRESS /public_html/webpanel/assets/plugins/formwizard/examples/css/base/images ui-bg_flat_0_aaaaaa_40x100.png
2017.03.15 14:06 B G:\CONTENEDOR\sitios\activos\AEROEXPRESS\webpanel\assets\plugins\formwizard\examples\css\base\images\ui-bg_flat_0_aaaaaa_40x100.png --> hs20.ihosting.cl /public_html/desarrollo/tlc/webpanel/assets/plugins/formwizard/examples/css/base/images ui-bg_flat_0_aaaaaa_40x100.png
2017.03.15 14:06 B G:\CONTENEDOR\sitios\activos\AEROEXPRESS\webpanel\assets\plugins\formwizard\examples\css\base\images\ui-bg_flat_75_ffffff_40x100.png --> hs20.ihosting.cl /public_html/desarrollo/tlc/webpanel/assets/plugins/formwizard/examples/css/base/images ui-bg_flat_75_ffffff_40x100.png
2017.03.15 14:06 B G:\CONTENEDOR\sitios\activos\AEROEXPRESS\webpanel\assets\plugins\formwizard\examples\css\base\images\ui-bg_glass_55_fbf9ee_1x400.png --> hs20.ihosting.cl /public_html/desarrollo/tlc/webpanel/assets/plugins/formwizard/examples/css/base/images ui-bg_glass_55_fbf9ee_1x400.png
2017.03.15 14:06 B G:\CONTENEDOR\sitios\activos\AEROEXPRESS\webpanel\assets\plugins\formwizard\examples\css\base\images\ui-bg_glass_65_ffffff_1x400.png --> hs20.ihosting.cl /public_html/desarrollo/tlc/webpanel/assets/plugins/formwizard/examples/css/base/images ui-bg_glass_65_ffffff_1x400.png
2017.03.15 14:06 B G:\CONTENEDOR\sitios\activos\AEROEXPRESS\webpanel\assets\plugins\formwizard\examples\css\base\images\ui-bg_glass_75_dadada_1x400.png --> hs20.ihosting.cl /public_html/desarrollo/tlc/webpanel/assets/plugins/formwizard/examples/css/base/images ui-bg_glass_75_dadada_1x400.png
2017.03.15 14:06 B G:\CONTENEDOR\sitios\activos\AEROEXPRESS\webpanel\assets\plugins\formwizard\examples\css\base\images\ui-bg_glass_75_e6e6e6_1x400.png --> hs20.ihosting.cl /public_html/desarrollo/tlc/webpanel/assets/plugins/formwizard/examples/css/base/images ui-bg_glass_75_e6e6e6_1x400.png
2017.03.15 14:06 B G:\CONTENEDOR\sitios\activos\AEROEXPRESS\webpanel\assets\plugins\formwizard\examples\css\base\images\ui-bg_glass_95_fef1ec_1x400.png --> hs20.ihosting.cl /public_html/desarrollo/tlc/webpanel/assets/plugins/formwizard/examples/css/base/images ui-bg_glass_95_fef1ec_1x400.png
2017.03.15 14:06 B G:\CONTENEDOR\sitios\activos\AEROEXPRESS\webpanel\assets\plugins\formwizard\examples\css\base\images\ui-bg_highlight-soft_75_cccccc_1x100.png --> hs20.ihosting.cl /public_html/desarrollo/tlc/webpanel/assets/plugins/formwizard/examples/css/base/images ui-bg_highlight-soft_75_cccccc_1x100.png
2017.03.15 14:06 B G:\CONTENEDOR\sitios\activos\AEROEXPRESS\webpanel\assets\plugins\formwizard\examples\css\base\images\ui-icons_222222_256x240.png --> hs20.ihosting.cl /public_html/desarrollo/tlc/webpanel/assets/plugins/formwizard/examples/css/base/images ui-icons_222222_256x240.png
2017.03.15 14:06 B G:\CONTENEDOR\sitios\activos\AEROEXPRESS\webpanel\assets\plugins\formwizard\examples\css\base\images\ui-icons_2e83ff_256x240.png --> hs20.ihosting.cl /public_html/desarrollo/tlc/webpanel/assets/plugins/formwizard/examples/css/base/images ui-icons_2e83ff_256x240.png
2017.03.15 14:06 B G:\CONTENEDOR\sitios\activos\AEROEXPRESS\webpanel\assets\plugins\formwizard\examples\css\base\images\ui-icons_454545_256x240.png --> hs20.ihosting.cl /public_html/desarrollo/tlc/webpanel/assets/plugins/formwizard/examples/css/base/images ui-icons_454545_256x240.png
2017.03.15 14:06 B G:\CONTENEDOR\sitios\activos\AEROEXPRESS\webpanel\assets\plugins\formwizard\examples\css\base\images\ui-icons_888888_256x240.png --> hs20.ihosting.cl /public_html/desarrollo/tlc/webpanel/assets/plugins/formwizard/examples/css/base/images ui-icons_888888_256x240.png
2017.03.15 14:06 B G:\CONTENEDOR\sitios\activos\AEROEXPRESS\webpanel\assets\plugins\formwizard\examples\css\base\images\ui-icons_cd0a0a_256x240.png --> hs20.ihosting.cl /public_html/desarrollo/tlc/webpanel/assets/plugins/formwizard/examples/css/base/images ui-icons_cd0a0a_256x240.png
2017.03.15 14:06 B G:\CONTENEDOR\sitios\activos\AEROEXPRESS\webpanel\assets\plugins\formwizard\examples\css\base\images\WS_FTP.LOG --> hs20.ihosting.cl /public_html/desarrollo/tlc/webpanel/assets/plugins/formwizard/examples/css/base/images WS_FTP.LOG
2017.05.01 19:45 B G:\CONTENEDOR\sitios\activos\tlc\webpanel\assets\plugins\formwizard\examples\css\base\images\WS_FTP.LOG --> hs33.ihosting.cl /public_html/webpanel/assets/plugins/formwizard/examples/css/base/images WS_FTP.LOG
2017.05.01 19:45 B G:\CONTENEDOR\sitios\activos\tlc\webpanel\assets\plugins\formwizard\examples\css\base\images\ui-icons_cd0a0a_256x240.png --> hs33.ihosting.cl /public_html/webpanel/assets/plugins/formwizard/examples/css/base/images ui-icons_cd0a0a_256x240.png
2017.05.01 19:45 B G:\CONTENEDOR\sitios\activos\tlc\webpanel\assets\plugins\formwizard\examples\css\base\images\ui-icons_888888_256x240.png --> hs33.ihosting.cl /public_html/webpanel/assets/plugins/formwizard/examples/css/base/images ui-icons_888888_256x240.png
2017.05.01 19:45 B G:\CONTENEDOR\sitios\activos\tlc\webpanel\assets\plugins\formwizard\examples\css\base\images\ui-icons_454545_256x240.png --> hs33.ihosting.cl /public_html/webpanel/assets/plugins/formwizard/examples/css/base/images ui-icons_454545_256x240.png
2017.05.01 19:45 B G:\CONTENEDOR\sitios\activos\tlc\webpanel\assets\plugins\formwizard\examples\css\base\images\ui-icons_2e83ff_256x240.png --> hs33.ihosting.cl /public_html/webpanel/assets/plugins/formwizard/examples/css/base/images ui-icons_2e83ff_256x240.png
2017.05.01 19:45 B G:\CONTENEDOR\sitios\activos\tlc\webpanel\assets\plugins\formwizard\examples\css\base\images\ui-icons_222222_256x240.png --> hs33.ihosting.cl /public_html/webpanel/assets/plugins/formwizard/examples/css/base/images ui-icons_222222_256x240.png
2017.05.01 19:45 B G:\CONTENEDOR\sitios\activos\tlc\webpanel\assets\plugins\formwizard\examples\css\base\images\ui-bg_highlight-soft_75_cccccc_1x100.png --> hs33.ihosting.cl /public_html/webpanel/assets/plugins/formwizard/examples/css/base/images ui-bg_highlight-soft_75_cccccc_1x100.png
2017.05.01 19:45 B G:\CONTENEDOR\sitios\activos\tlc\webpanel\assets\plugins\formwizard\examples\css\base\images\ui-bg_glass_95_fef1ec_1x400.png --> hs33.ihosting.cl /public_html/webpanel/assets/plugins/formwizard/examples/css/base/images ui-bg_glass_95_fef1ec_1x400.png
2017.05.01 19:45 B G:\CONTENEDOR\sitios\activos\tlc\webpanel\assets\plugins\formwizard\examples\css\base\images\ui-bg_glass_75_e6e6e6_1x400.png --> hs33.ihosting.cl /public_html/webpanel/assets/plugins/formwizard/examples/css/base/images ui-bg_glass_75_e6e6e6_1x400.png
2017.05.01 19:45 B G:\CONTENEDOR\sitios\activos\tlc\webpanel\assets\plugins\formwizard\examples\css\base\images\ui-bg_glass_75_dadada_1x400.png --> hs33.ihosting.cl /public_html/webpanel/assets/plugins/formwizard/examples/css/base/images ui-bg_glass_75_dadada_1x400.png
2017.05.01 19:45 B G:\CONTENEDOR\sitios\activos\tlc\webpanel\assets\plugins\formwizard\examples\css\base\images\ui-bg_glass_65_ffffff_1x400.png --> hs33.ihosting.cl /public_html/webpanel/assets/plugins/formwizard/examples/css/base/images ui-bg_glass_65_ffffff_1x400.png
2017.05.01 19:45 B G:\CONTENEDOR\sitios\activos\tlc\webpanel\assets\plugins\formwizard\examples\css\base\images\ui-bg_glass_55_fbf9ee_1x400.png --> hs33.ihosting.cl /public_html/webpanel/assets/plugins/formwizard/examples/css/base/images ui-bg_glass_55_fbf9ee_1x400.png
2017.05.01 19:45 B G:\CONTENEDOR\sitios\activos\tlc\webpanel\assets\plugins\formwizard\examples\css\base\images\ui-bg_flat_75_ffffff_40x100.png --> hs33.ihosting.cl /public_html/webpanel/assets/plugins/formwizard/examples/css/base/images ui-bg_flat_75_ffffff_40x100.png
2017.05.01 19:45 B G:\CONTENEDOR\sitios\activos\tlc\webpanel\assets\plugins\formwizard\examples\css\base\images\ui-bg_flat_0_aaaaaa_40x100.png --> hs33.ihosting.cl /public_html/webpanel/assets/plugins/formwizard/examples/css/base/images ui-bg_flat_0_aaaaaa_40x100.png
