2016.09.14 21:02 B G:\CONTENEDOR\sitios\activos\AEROEXPRESS\webpanel\assets\plugins\tablesorter\docs\assets\City3.json <-- AEROEXPRESS /public_html/webpanel/assets/plugins/tablesorter/docs/assets City3.json
2016.09.14 21:02 B G:\CONTENEDOR\sitios\activos\AEROEXPRESS\webpanel\assets\plugins\tablesorter\docs\assets\City2.json <-- AEROEXPRESS /public_html/webpanel/assets/plugins/tablesorter/docs/assets City2.json
2016.09.14 21:02 B G:\CONTENEDOR\sitios\activos\AEROEXPRESS\webpanel\assets\plugins\tablesorter\docs\assets\City1.json <-- AEROEXPRESS /public_html/webpanel/assets/plugins/tablesorter/docs/assets City1.json
2016.09.14 21:02 B G:\CONTENEDOR\sitios\activos\AEROEXPRESS\webpanel\assets\plugins\tablesorter\docs\assets\City0.json <-- AEROEXPRESS /public_html/webpanel/assets/plugins/tablesorter/docs/assets City0.json
2016.09.14 21:02 B G:\CONTENEDOR\sitios\activos\AEROEXPRESS\webpanel\assets\plugins\tablesorter\docs\assets\build.txt <-- AEROEXPRESS /public_html/webpanel/assets/plugins/tablesorter/docs/assets build.txt
2016.09.14 21:02 B G:\CONTENEDOR\sitios\activos\AEROEXPRESS\webpanel\assets\plugins\tablesorter\docs\assets\build.json <-- AEROEXPRESS /public_html/webpanel/assets/plugins/tablesorter/docs/assets build.json
2016.09.14 21:02 B G:\CONTENEDOR\sitios\activos\AEROEXPRESS\webpanel\assets\plugins\tablesorter\docs\assets\ajax-content.html <-- AEROEXPRESS /public_html/webpanel/assets/plugins/tablesorter/docs/assets ajax-content.html
2017.03.15 14:11 B G:\CONTENEDOR\sitios\activos\AEROEXPRESS\webpanel\assets\plugins\tablesorter\docs\assets\ajax-content.html --> hs20.ihosting.cl /public_html/desarrollo/tlc/webpanel/assets/plugins/tablesorter/docs/assets ajax-content.html
2017.03.15 14:11 B G:\CONTENEDOR\sitios\activos\AEROEXPRESS\webpanel\assets\plugins\tablesorter\docs\assets\build.json --> hs20.ihosting.cl /public_html/desarrollo/tlc/webpanel/assets/plugins/tablesorter/docs/assets build.json
2017.03.15 14:11 B G:\CONTENEDOR\sitios\activos\AEROEXPRESS\webpanel\assets\plugins\tablesorter\docs\assets\build.txt --> hs20.ihosting.cl /public_html/desarrollo/tlc/webpanel/assets/plugins/tablesorter/docs/assets build.txt
2017.03.15 14:11 B G:\CONTENEDOR\sitios\activos\AEROEXPRESS\webpanel\assets\plugins\tablesorter\docs\assets\City0.json --> hs20.ihosting.cl /public_html/desarrollo/tlc/webpanel/assets/plugins/tablesorter/docs/assets City0.json
2017.03.15 14:11 B G:\CONTENEDOR\sitios\activos\AEROEXPRESS\webpanel\assets\plugins\tablesorter\docs\assets\City1.json --> hs20.ihosting.cl /public_html/desarrollo/tlc/webpanel/assets/plugins/tablesorter/docs/assets City1.json
2017.03.15 14:11 B G:\CONTENEDOR\sitios\activos\AEROEXPRESS\webpanel\assets\plugins\tablesorter\docs\assets\City2.json --> hs20.ihosting.cl /public_html/desarrollo/tlc/webpanel/assets/plugins/tablesorter/docs/assets City2.json
2017.03.15 14:11 B G:\CONTENEDOR\sitios\activos\AEROEXPRESS\webpanel\assets\plugins\tablesorter\docs\assets\City3.json --> hs20.ihosting.cl /public_html/desarrollo/tlc/webpanel/assets/plugins/tablesorter/docs/assets City3.json
2017.03.15 14:11 B G:\CONTENEDOR\sitios\activos\AEROEXPRESS\webpanel\assets\plugins\tablesorter\docs\assets\WS_FTP.LOG --> hs20.ihosting.cl /public_html/desarrollo/tlc/webpanel/assets/plugins/tablesorter/docs/assets WS_FTP.LOG
2017.05.01 19:33 B G:\CONTENEDOR\sitios\activos\tlc\webpanel\assets\plugins\tablesorter\docs\assets\WS_FTP.LOG --> hs33.ihosting.cl /public_html/webpanel/assets/plugins/tablesorter/docs/assets WS_FTP.LOG
2017.05.01 19:33 B G:\CONTENEDOR\sitios\activos\tlc\webpanel\assets\plugins\tablesorter\docs\assets\City3.json --> hs33.ihosting.cl /public_html/webpanel/assets/plugins/tablesorter/docs/assets City3.json
2017.05.01 19:33 B G:\CONTENEDOR\sitios\activos\tlc\webpanel\assets\plugins\tablesorter\docs\assets\City2.json --> hs33.ihosting.cl /public_html/webpanel/assets/plugins/tablesorter/docs/assets City2.json
2017.05.01 19:33 B G:\CONTENEDOR\sitios\activos\tlc\webpanel\assets\plugins\tablesorter\docs\assets\City1.json --> hs33.ihosting.cl /public_html/webpanel/assets/plugins/tablesorter/docs/assets City1.json
2017.05.01 19:33 B G:\CONTENEDOR\sitios\activos\tlc\webpanel\assets\plugins\tablesorter\docs\assets\City0.json --> hs33.ihosting.cl /public_html/webpanel/assets/plugins/tablesorter/docs/assets City0.json
2017.05.01 19:33 B G:\CONTENEDOR\sitios\activos\tlc\webpanel\assets\plugins\tablesorter\docs\assets\build.txt --> hs33.ihosting.cl /public_html/webpanel/assets/plugins/tablesorter/docs/assets build.txt
2017.05.01 19:33 B G:\CONTENEDOR\sitios\activos\tlc\webpanel\assets\plugins\tablesorter\docs\assets\build.json --> hs33.ihosting.cl /public_html/webpanel/assets/plugins/tablesorter/docs/assets build.json
2017.05.01 19:33 B G:\CONTENEDOR\sitios\activos\tlc\webpanel\assets\plugins\tablesorter\docs\assets\ajax-content.html --> hs33.ihosting.cl /public_html/webpanel/assets/plugins/tablesorter/docs/assets ajax-content.html
