2016.09.14 21:02 B G:\CONTENEDOR\sitios\activos\AEROEXPRESS\webpanel\assets\plugins\tablesorter\css\images\white-unsorted.gif <-- AEROEXPRESS /public_html/webpanel/assets/plugins/tablesorter/css/images white-unsorted.gif
2016.09.14 21:02 B G:\CONTENEDOR\sitios\activos\AEROEXPRESS\webpanel\assets\plugins\tablesorter\css\images\white-desc.gif <-- AEROEXPRESS /public_html/webpanel/assets/plugins/tablesorter/css/images white-desc.gif
2016.09.14 21:02 B G:\CONTENEDOR\sitios\activos\AEROEXPRESS\webpanel\assets\plugins\tablesorter\css\images\white-asc.gif <-- AEROEXPRESS /public_html/webpanel/assets/plugins/tablesorter/css/images white-asc.gif
2016.09.14 21:02 B G:\CONTENEDOR\sitios\activos\AEROEXPRESS\webpanel\assets\plugins\tablesorter\css\images\ice-unsorted.gif <-- AEROEXPRESS /public_html/webpanel/assets/plugins/tablesorter/css/images ice-unsorted.gif
2016.09.14 21:02 B G:\CONTENEDOR\sitios\activos\AEROEXPRESS\webpanel\assets\plugins\tablesorter\css\images\ice-desc.gif <-- AEROEXPRESS /public_html/webpanel/assets/plugins/tablesorter/css/images ice-desc.gif
2016.09.14 21:02 B G:\CONTENEDOR\sitios\activos\AEROEXPRESS\webpanel\assets\plugins\tablesorter\css\images\ice-asc.gif <-- AEROEXPRESS /public_html/webpanel/assets/plugins/tablesorter/css/images ice-asc.gif
2016.09.14 21:02 B G:\CONTENEDOR\sitios\activos\AEROEXPRESS\webpanel\assets\plugins\tablesorter\css\images\green-unsorted.gif <-- AEROEXPRESS /public_html/webpanel/assets/plugins/tablesorter/css/images green-unsorted.gif
2016.09.14 21:02 B G:\CONTENEDOR\sitios\activos\AEROEXPRESS\webpanel\assets\plugins\tablesorter\css\images\green-header.gif <-- AEROEXPRESS /public_html/webpanel/assets/plugins/tablesorter/css/images green-header.gif
2016.09.14 21:02 B G:\CONTENEDOR\sitios\activos\AEROEXPRESS\webpanel\assets\plugins\tablesorter\css\images\green-desc.gif <-- AEROEXPRESS /public_html/webpanel/assets/plugins/tablesorter/css/images green-desc.gif
2016.09.14 21:02 B G:\CONTENEDOR\sitios\activos\AEROEXPRESS\webpanel\assets\plugins\tablesorter\css\images\green-asc.gif <-- AEROEXPRESS /public_html/webpanel/assets/plugins/tablesorter/css/images green-asc.gif
2016.09.14 21:02 B G:\CONTENEDOR\sitios\activos\AEROEXPRESS\webpanel\assets\plugins\tablesorter\css\images\dropbox-desc.png <-- AEROEXPRESS /public_html/webpanel/assets/plugins/tablesorter/css/images dropbox-desc.png
2016.09.14 21:02 B G:\CONTENEDOR\sitios\activos\AEROEXPRESS\webpanel\assets\plugins\tablesorter\css\images\dropbox-desc-hovered.png <-- AEROEXPRESS /public_html/webpanel/assets/plugins/tablesorter/css/images dropbox-desc-hovered.png
2016.09.14 21:02 B G:\CONTENEDOR\sitios\activos\AEROEXPRESS\webpanel\assets\plugins\tablesorter\css\images\dropbox-asc.png <-- AEROEXPRESS /public_html/webpanel/assets/plugins/tablesorter/css/images dropbox-asc.png
2016.09.14 21:02 B G:\CONTENEDOR\sitios\activos\AEROEXPRESS\webpanel\assets\plugins\tablesorter\css\images\dropbox-asc-hovered.png <-- AEROEXPRESS /public_html/webpanel/assets/plugins/tablesorter/css/images dropbox-asc-hovered.png
2016.09.14 21:02 B G:\CONTENEDOR\sitios\activos\AEROEXPRESS\webpanel\assets\plugins\tablesorter\css\images\black-unsorted.gif <-- AEROEXPRESS /public_html/webpanel/assets/plugins/tablesorter/css/images black-unsorted.gif
2016.09.14 21:02 B G:\CONTENEDOR\sitios\activos\AEROEXPRESS\webpanel\assets\plugins\tablesorter\css\images\black-desc.gif <-- AEROEXPRESS /public_html/webpanel/assets/plugins/tablesorter/css/images black-desc.gif
2016.09.14 21:02 B G:\CONTENEDOR\sitios\activos\AEROEXPRESS\webpanel\assets\plugins\tablesorter\css\images\black-asc.gif <-- AEROEXPRESS /public_html/webpanel/assets/plugins/tablesorter/css/images black-asc.gif
2017.03.15 14:11 B G:\CONTENEDOR\sitios\activos\AEROEXPRESS\webpanel\assets\plugins\tablesorter\css\images\black-asc.gif --> hs20.ihosting.cl /public_html/desarrollo/tlc/webpanel/assets/plugins/tablesorter/css/images black-asc.gif
2017.03.15 14:11 B G:\CONTENEDOR\sitios\activos\AEROEXPRESS\webpanel\assets\plugins\tablesorter\css\images\black-desc.gif --> hs20.ihosting.cl /public_html/desarrollo/tlc/webpanel/assets/plugins/tablesorter/css/images black-desc.gif
2017.03.15 14:11 B G:\CONTENEDOR\sitios\activos\AEROEXPRESS\webpanel\assets\plugins\tablesorter\css\images\black-unsorted.gif --> hs20.ihosting.cl /public_html/desarrollo/tlc/webpanel/assets/plugins/tablesorter/css/images black-unsorted.gif
2017.03.15 14:11 B G:\CONTENEDOR\sitios\activos\AEROEXPRESS\webpanel\assets\plugins\tablesorter\css\images\dropbox-asc-hovered.png --> hs20.ihosting.cl /public_html/desarrollo/tlc/webpanel/assets/plugins/tablesorter/css/images dropbox-asc-hovered.png
2017.03.15 14:11 B G:\CONTENEDOR\sitios\activos\AEROEXPRESS\webpanel\assets\plugins\tablesorter\css\images\dropbox-asc.png --> hs20.ihosting.cl /public_html/desarrollo/tlc/webpanel/assets/plugins/tablesorter/css/images dropbox-asc.png
2017.03.15 14:11 B G:\CONTENEDOR\sitios\activos\AEROEXPRESS\webpanel\assets\plugins\tablesorter\css\images\dropbox-desc-hovered.png --> hs20.ihosting.cl /public_html/desarrollo/tlc/webpanel/assets/plugins/tablesorter/css/images dropbox-desc-hovered.png
2017.03.15 14:11 B G:\CONTENEDOR\sitios\activos\AEROEXPRESS\webpanel\assets\plugins\tablesorter\css\images\dropbox-desc.png --> hs20.ihosting.cl /public_html/desarrollo/tlc/webpanel/assets/plugins/tablesorter/css/images dropbox-desc.png
2017.03.15 14:11 B G:\CONTENEDOR\sitios\activos\AEROEXPRESS\webpanel\assets\plugins\tablesorter\css\images\green-asc.gif --> hs20.ihosting.cl /public_html/desarrollo/tlc/webpanel/assets/plugins/tablesorter/css/images green-asc.gif
2017.03.15 14:11 B G:\CONTENEDOR\sitios\activos\AEROEXPRESS\webpanel\assets\plugins\tablesorter\css\images\green-desc.gif --> hs20.ihosting.cl /public_html/desarrollo/tlc/webpanel/assets/plugins/tablesorter/css/images green-desc.gif
2017.03.15 14:11 B G:\CONTENEDOR\sitios\activos\AEROEXPRESS\webpanel\assets\plugins\tablesorter\css\images\green-header.gif --> hs20.ihosting.cl /public_html/desarrollo/tlc/webpanel/assets/plugins/tablesorter/css/images green-header.gif
2017.03.15 14:11 B G:\CONTENEDOR\sitios\activos\AEROEXPRESS\webpanel\assets\plugins\tablesorter\css\images\green-unsorted.gif --> hs20.ihosting.cl /public_html/desarrollo/tlc/webpanel/assets/plugins/tablesorter/css/images green-unsorted.gif
2017.03.15 14:11 B G:\CONTENEDOR\sitios\activos\AEROEXPRESS\webpanel\assets\plugins\tablesorter\css\images\ice-asc.gif --> hs20.ihosting.cl /public_html/desarrollo/tlc/webpanel/assets/plugins/tablesorter/css/images ice-asc.gif
2017.03.15 14:11 B G:\CONTENEDOR\sitios\activos\AEROEXPRESS\webpanel\assets\plugins\tablesorter\css\images\ice-desc.gif --> hs20.ihosting.cl /public_html/desarrollo/tlc/webpanel/assets/plugins/tablesorter/css/images ice-desc.gif
2017.03.15 14:11 B G:\CONTENEDOR\sitios\activos\AEROEXPRESS\webpanel\assets\plugins\tablesorter\css\images\ice-unsorted.gif --> hs20.ihosting.cl /public_html/desarrollo/tlc/webpanel/assets/plugins/tablesorter/css/images ice-unsorted.gif
2017.03.15 14:11 B G:\CONTENEDOR\sitios\activos\AEROEXPRESS\webpanel\assets\plugins\tablesorter\css\images\white-asc.gif --> hs20.ihosting.cl /public_html/desarrollo/tlc/webpanel/assets/plugins/tablesorter/css/images white-asc.gif
2017.03.15 14:11 B G:\CONTENEDOR\sitios\activos\AEROEXPRESS\webpanel\assets\plugins\tablesorter\css\images\white-desc.gif --> hs20.ihosting.cl /public_html/desarrollo/tlc/webpanel/assets/plugins/tablesorter/css/images white-desc.gif
2017.03.15 14:11 B G:\CONTENEDOR\sitios\activos\AEROEXPRESS\webpanel\assets\plugins\tablesorter\css\images\white-unsorted.gif --> hs20.ihosting.cl /public_html/desarrollo/tlc/webpanel/assets/plugins/tablesorter/css/images white-unsorted.gif
2017.03.15 14:11 B G:\CONTENEDOR\sitios\activos\AEROEXPRESS\webpanel\assets\plugins\tablesorter\css\images\WS_FTP.LOG --> hs20.ihosting.cl /public_html/desarrollo/tlc/webpanel/assets/plugins/tablesorter/css/images WS_FTP.LOG
2017.05.01 19:34 B G:\CONTENEDOR\sitios\activos\tlc\webpanel\assets\plugins\tablesorter\css\images\WS_FTP.LOG --> hs33.ihosting.cl /public_html/webpanel/assets/plugins/tablesorter/css/images WS_FTP.LOG
2017.05.01 19:34 B G:\CONTENEDOR\sitios\activos\tlc\webpanel\assets\plugins\tablesorter\css\images\white-unsorted.gif --> hs33.ihosting.cl /public_html/webpanel/assets/plugins/tablesorter/css/images white-unsorted.gif
2017.05.01 19:34 B G:\CONTENEDOR\sitios\activos\tlc\webpanel\assets\plugins\tablesorter\css\images\white-desc.gif --> hs33.ihosting.cl /public_html/webpanel/assets/plugins/tablesorter/css/images white-desc.gif
2017.05.01 19:34 B G:\CONTENEDOR\sitios\activos\tlc\webpanel\assets\plugins\tablesorter\css\images\white-asc.gif --> hs33.ihosting.cl /public_html/webpanel/assets/plugins/tablesorter/css/images white-asc.gif
2017.05.01 19:34 B G:\CONTENEDOR\sitios\activos\tlc\webpanel\assets\plugins\tablesorter\css\images\ice-unsorted.gif --> hs33.ihosting.cl /public_html/webpanel/assets/plugins/tablesorter/css/images ice-unsorted.gif
2017.05.01 19:34 B G:\CONTENEDOR\sitios\activos\tlc\webpanel\assets\plugins\tablesorter\css\images\ice-desc.gif --> hs33.ihosting.cl /public_html/webpanel/assets/plugins/tablesorter/css/images ice-desc.gif
2017.05.01 19:34 B G:\CONTENEDOR\sitios\activos\tlc\webpanel\assets\plugins\tablesorter\css\images\ice-asc.gif --> hs33.ihosting.cl /public_html/webpanel/assets/plugins/tablesorter/css/images ice-asc.gif
2017.05.01 19:34 B G:\CONTENEDOR\sitios\activos\tlc\webpanel\assets\plugins\tablesorter\css\images\green-unsorted.gif --> hs33.ihosting.cl /public_html/webpanel/assets/plugins/tablesorter/css/images green-unsorted.gif
2017.05.01 19:34 B G:\CONTENEDOR\sitios\activos\tlc\webpanel\assets\plugins\tablesorter\css\images\green-header.gif --> hs33.ihosting.cl /public_html/webpanel/assets/plugins/tablesorter/css/images green-header.gif
2017.05.01 19:34 B G:\CONTENEDOR\sitios\activos\tlc\webpanel\assets\plugins\tablesorter\css\images\green-desc.gif --> hs33.ihosting.cl /public_html/webpanel/assets/plugins/tablesorter/css/images green-desc.gif
2017.05.01 19:34 B G:\CONTENEDOR\sitios\activos\tlc\webpanel\assets\plugins\tablesorter\css\images\green-asc.gif --> hs33.ihosting.cl /public_html/webpanel/assets/plugins/tablesorter/css/images green-asc.gif
2017.05.01 19:34 B G:\CONTENEDOR\sitios\activos\tlc\webpanel\assets\plugins\tablesorter\css\images\dropbox-desc.png --> hs33.ihosting.cl /public_html/webpanel/assets/plugins/tablesorter/css/images dropbox-desc.png
2017.05.01 19:34 B G:\CONTENEDOR\sitios\activos\tlc\webpanel\assets\plugins\tablesorter\css\images\dropbox-desc-hovered.png --> hs33.ihosting.cl /public_html/webpanel/assets/plugins/tablesorter/css/images dropbox-desc-hovered.png
2017.05.01 19:34 B G:\CONTENEDOR\sitios\activos\tlc\webpanel\assets\plugins\tablesorter\css\images\dropbox-asc.png --> hs33.ihosting.cl /public_html/webpanel/assets/plugins/tablesorter/css/images dropbox-asc.png
2017.05.01 19:34 B G:\CONTENEDOR\sitios\activos\tlc\webpanel\assets\plugins\tablesorter\css\images\dropbox-asc-hovered.png --> hs33.ihosting.cl /public_html/webpanel/assets/plugins/tablesorter/css/images dropbox-asc-hovered.png
2017.05.01 19:34 B G:\CONTENEDOR\sitios\activos\tlc\webpanel\assets\plugins\tablesorter\css\images\black-unsorted.gif --> hs33.ihosting.cl /public_html/webpanel/assets/plugins/tablesorter/css/images black-unsorted.gif
2017.05.01 19:34 B G:\CONTENEDOR\sitios\activos\tlc\webpanel\assets\plugins\tablesorter\css\images\black-desc.gif --> hs33.ihosting.cl /public_html/webpanel/assets/plugins/tablesorter/css/images black-desc.gif
2017.05.01 19:34 B G:\CONTENEDOR\sitios\activos\tlc\webpanel\assets\plugins\tablesorter\css\images\black-asc.gif --> hs33.ihosting.cl /public_html/webpanel/assets/plugins/tablesorter/css/images black-asc.gif
