2016.09.14 21:05 B G:\CONTENEDOR\sitios\activos\AEROEXPRESS\webpanel\assets\plugins\fullcalendar-1.6.2\demos\cupertino\images\ui-icons_ffffff_256x240.png <-- AEROEXPRESS /public_html/webpanel/assets/plugins/fullcalendar-1.6.2/demos/cupertino/images ui-icons_ffffff_256x240.png
2016.09.14 21:05 B G:\CONTENEDOR\sitios\activos\AEROEXPRESS\webpanel\assets\plugins\fullcalendar-1.6.2\demos\cupertino\images\ui-icons_72a7cf_256x240.png <-- AEROEXPRESS /public_html/webpanel/assets/plugins/fullcalendar-1.6.2/demos/cupertino/images ui-icons_72a7cf_256x240.png
2016.09.14 21:05 B G:\CONTENEDOR\sitios\activos\AEROEXPRESS\webpanel\assets\plugins\fullcalendar-1.6.2\demos\cupertino\images\ui-icons_3d80b3_256x240.png <-- AEROEXPRESS /public_html/webpanel/assets/plugins/fullcalendar-1.6.2/demos/cupertino/images ui-icons_3d80b3_256x240.png
2016.09.14 21:05 B G:\CONTENEDOR\sitios\activos\AEROEXPRESS\webpanel\assets\plugins\fullcalendar-1.6.2\demos\cupertino\images\ui-icons_2e83ff_256x240.png <-- AEROEXPRESS /public_html/webpanel/assets/plugins/fullcalendar-1.6.2/demos/cupertino/images ui-icons_2e83ff_256x240.png
2016.09.14 21:05 B G:\CONTENEDOR\sitios\activos\AEROEXPRESS\webpanel\assets\plugins\fullcalendar-1.6.2\demos\cupertino\images\ui-icons_2694e8_256x240.png <-- AEROEXPRESS /public_html/webpanel/assets/plugins/fullcalendar-1.6.2/demos/cupertino/images ui-icons_2694e8_256x240.png
2016.09.14 21:05 B G:\CONTENEDOR\sitios\activos\AEROEXPRESS\webpanel\assets\plugins\fullcalendar-1.6.2\demos\cupertino\images\ui-bg_highlight-soft_25_ffef8f_1x100.png <-- AEROEXPRESS /public_html/webpanel/assets/plugins/fullcalendar-1.6.2/demos/cupertino/images ui-bg_highlight-soft_25_ffef8f_1x100.png
2016.09.14 21:05 B G:\CONTENEDOR\sitios\activos\AEROEXPRESS\webpanel\assets\plugins\fullcalendar-1.6.2\demos\cupertino\images\ui-bg_highlight-soft_100_deedf7_1x100.png <-- AEROEXPRESS /public_html/webpanel/assets/plugins/fullcalendar-1.6.2/demos/cupertino/images ui-bg_highlight-soft_100_deedf7_1x100.png
2016.09.14 21:05 B G:\CONTENEDOR\sitios\activos\AEROEXPRESS\webpanel\assets\plugins\fullcalendar-1.6.2\demos\cupertino\images\ui-bg_highlight-hard_70_000000_1x100.png <-- AEROEXPRESS /public_html/webpanel/assets/plugins/fullcalendar-1.6.2/demos/cupertino/images ui-bg_highlight-hard_70_000000_1x100.png
2016.09.14 21:05 B G:\CONTENEDOR\sitios\activos\AEROEXPRESS\webpanel\assets\plugins\fullcalendar-1.6.2\demos\cupertino\images\ui-bg_highlight-hard_100_f2f5f7_1x100.png <-- AEROEXPRESS /public_html/webpanel/assets/plugins/fullcalendar-1.6.2/demos/cupertino/images ui-bg_highlight-hard_100_f2f5f7_1x100.png
2016.09.14 21:05 B G:\CONTENEDOR\sitios\activos\AEROEXPRESS\webpanel\assets\plugins\fullcalendar-1.6.2\demos\cupertino\images\ui-bg_glass_80_d7ebf9_1x400.png <-- AEROEXPRESS /public_html/webpanel/assets/plugins/fullcalendar-1.6.2/demos/cupertino/images ui-bg_glass_80_d7ebf9_1x400.png
2016.09.14 21:05 B G:\CONTENEDOR\sitios\activos\AEROEXPRESS\webpanel\assets\plugins\fullcalendar-1.6.2\demos\cupertino\images\ui-bg_glass_50_3baae3_1x400.png <-- AEROEXPRESS /public_html/webpanel/assets/plugins/fullcalendar-1.6.2/demos/cupertino/images ui-bg_glass_50_3baae3_1x400.png
2016.09.14 21:05 B G:\CONTENEDOR\sitios\activos\AEROEXPRESS\webpanel\assets\plugins\fullcalendar-1.6.2\demos\cupertino\images\ui-bg_glass_100_e4f1fb_1x400.png <-- AEROEXPRESS /public_html/webpanel/assets/plugins/fullcalendar-1.6.2/demos/cupertino/images ui-bg_glass_100_e4f1fb_1x400.png
2016.09.14 21:05 B G:\CONTENEDOR\sitios\activos\AEROEXPRESS\webpanel\assets\plugins\fullcalendar-1.6.2\demos\cupertino\images\ui-bg_flat_15_cd0a0a_40x100.png <-- AEROEXPRESS /public_html/webpanel/assets/plugins/fullcalendar-1.6.2/demos/cupertino/images ui-bg_flat_15_cd0a0a_40x100.png
2016.09.14 21:05 B G:\CONTENEDOR\sitios\activos\AEROEXPRESS\webpanel\assets\plugins\fullcalendar-1.6.2\demos\cupertino\images\ui-bg_diagonals-thick_90_eeeeee_40x40.png <-- AEROEXPRESS /public_html/webpanel/assets/plugins/fullcalendar-1.6.2/demos/cupertino/images ui-bg_diagonals-thick_90_eeeeee_40x40.png
2016.09.14 21:05 B G:\CONTENEDOR\sitios\activos\AEROEXPRESS\webpanel\assets\plugins\fullcalendar-1.6.2\demos\cupertino\images\animated-overlay.gif <-- AEROEXPRESS /public_html/webpanel/assets/plugins/fullcalendar-1.6.2/demos/cupertino/images animated-overlay.gif
2017.03.15 14:06 B G:\CONTENEDOR\sitios\activos\AEROEXPRESS\webpanel\assets\plugins\fullcalendar-1.6.2\demos\cupertino\images\animated-overlay.gif --> hs20.ihosting.cl /public_html/desarrollo/tlc/webpanel/assets/plugins/fullcalendar-1.6.2/demos/cupertino/images animated-overlay.gif
2017.03.15 14:06 B G:\CONTENEDOR\sitios\activos\AEROEXPRESS\webpanel\assets\plugins\fullcalendar-1.6.2\demos\cupertino\images\ui-bg_diagonals-thick_90_eeeeee_40x40.png --> hs20.ihosting.cl /public_html/desarrollo/tlc/webpanel/assets/plugins/fullcalendar-1.6.2/demos/cupertino/images ui-bg_diagonals-thick_90_eeeeee_40x40.png
2017.03.15 14:06 B G:\CONTENEDOR\sitios\activos\AEROEXPRESS\webpanel\assets\plugins\fullcalendar-1.6.2\demos\cupertino\images\ui-bg_flat_15_cd0a0a_40x100.png --> hs20.ihosting.cl /public_html/desarrollo/tlc/webpanel/assets/plugins/fullcalendar-1.6.2/demos/cupertino/images ui-bg_flat_15_cd0a0a_40x100.png
2017.03.15 14:06 B G:\CONTENEDOR\sitios\activos\AEROEXPRESS\webpanel\assets\plugins\fullcalendar-1.6.2\demos\cupertino\images\ui-bg_glass_100_e4f1fb_1x400.png --> hs20.ihosting.cl /public_html/desarrollo/tlc/webpanel/assets/plugins/fullcalendar-1.6.2/demos/cupertino/images ui-bg_glass_100_e4f1fb_1x400.png
2017.03.15 14:06 B G:\CONTENEDOR\sitios\activos\AEROEXPRESS\webpanel\assets\plugins\fullcalendar-1.6.2\demos\cupertino\images\ui-bg_glass_50_3baae3_1x400.png --> hs20.ihosting.cl /public_html/desarrollo/tlc/webpanel/assets/plugins/fullcalendar-1.6.2/demos/cupertino/images ui-bg_glass_50_3baae3_1x400.png
2017.03.15 14:06 B G:\CONTENEDOR\sitios\activos\AEROEXPRESS\webpanel\assets\plugins\fullcalendar-1.6.2\demos\cupertino\images\ui-bg_glass_80_d7ebf9_1x400.png --> hs20.ihosting.cl /public_html/desarrollo/tlc/webpanel/assets/plugins/fullcalendar-1.6.2/demos/cupertino/images ui-bg_glass_80_d7ebf9_1x400.png
2017.03.15 14:06 B G:\CONTENEDOR\sitios\activos\AEROEXPRESS\webpanel\assets\plugins\fullcalendar-1.6.2\demos\cupertino\images\ui-bg_highlight-hard_100_f2f5f7_1x100.png --> hs20.ihosting.cl /public_html/desarrollo/tlc/webpanel/assets/plugins/fullcalendar-1.6.2/demos/cupertino/images ui-bg_highlight-hard_100_f2f5f7_1x100.png
2017.03.15 14:06 B G:\CONTENEDOR\sitios\activos\AEROEXPRESS\webpanel\assets\plugins\fullcalendar-1.6.2\demos\cupertino\images\ui-bg_highlight-hard_70_000000_1x100.png --> hs20.ihosting.cl /public_html/desarrollo/tlc/webpanel/assets/plugins/fullcalendar-1.6.2/demos/cupertino/images ui-bg_highlight-hard_70_000000_1x100.png
2017.03.15 14:06 B G:\CONTENEDOR\sitios\activos\AEROEXPRESS\webpanel\assets\plugins\fullcalendar-1.6.2\demos\cupertino\images\ui-bg_highlight-soft_100_deedf7_1x100.png --> hs20.ihosting.cl /public_html/desarrollo/tlc/webpanel/assets/plugins/fullcalendar-1.6.2/demos/cupertino/images ui-bg_highlight-soft_100_deedf7_1x100.png
2017.03.15 14:06 B G:\CONTENEDOR\sitios\activos\AEROEXPRESS\webpanel\assets\plugins\fullcalendar-1.6.2\demos\cupertino\images\ui-bg_highlight-soft_25_ffef8f_1x100.png --> hs20.ihosting.cl /public_html/desarrollo/tlc/webpanel/assets/plugins/fullcalendar-1.6.2/demos/cupertino/images ui-bg_highlight-soft_25_ffef8f_1x100.png
2017.03.15 14:06 B G:\CONTENEDOR\sitios\activos\AEROEXPRESS\webpanel\assets\plugins\fullcalendar-1.6.2\demos\cupertino\images\ui-icons_2694e8_256x240.png --> hs20.ihosting.cl /public_html/desarrollo/tlc/webpanel/assets/plugins/fullcalendar-1.6.2/demos/cupertino/images ui-icons_2694e8_256x240.png
2017.03.15 14:06 B G:\CONTENEDOR\sitios\activos\AEROEXPRESS\webpanel\assets\plugins\fullcalendar-1.6.2\demos\cupertino\images\ui-icons_2e83ff_256x240.png --> hs20.ihosting.cl /public_html/desarrollo/tlc/webpanel/assets/plugins/fullcalendar-1.6.2/demos/cupertino/images ui-icons_2e83ff_256x240.png
2017.03.15 14:06 B G:\CONTENEDOR\sitios\activos\AEROEXPRESS\webpanel\assets\plugins\fullcalendar-1.6.2\demos\cupertino\images\ui-icons_3d80b3_256x240.png --> hs20.ihosting.cl /public_html/desarrollo/tlc/webpanel/assets/plugins/fullcalendar-1.6.2/demos/cupertino/images ui-icons_3d80b3_256x240.png
2017.03.15 14:06 B G:\CONTENEDOR\sitios\activos\AEROEXPRESS\webpanel\assets\plugins\fullcalendar-1.6.2\demos\cupertino\images\ui-icons_72a7cf_256x240.png --> hs20.ihosting.cl /public_html/desarrollo/tlc/webpanel/assets/plugins/fullcalendar-1.6.2/demos/cupertino/images ui-icons_72a7cf_256x240.png
2017.03.15 14:06 B G:\CONTENEDOR\sitios\activos\AEROEXPRESS\webpanel\assets\plugins\fullcalendar-1.6.2\demos\cupertino\images\ui-icons_ffffff_256x240.png --> hs20.ihosting.cl /public_html/desarrollo/tlc/webpanel/assets/plugins/fullcalendar-1.6.2/demos/cupertino/images ui-icons_ffffff_256x240.png
2017.03.15 14:06 B G:\CONTENEDOR\sitios\activos\AEROEXPRESS\webpanel\assets\plugins\fullcalendar-1.6.2\demos\cupertino\images\WS_FTP.LOG --> hs20.ihosting.cl /public_html/desarrollo/tlc/webpanel/assets/plugins/fullcalendar-1.6.2/demos/cupertino/images WS_FTP.LOG
2017.05.01 19:44 B G:\CONTENEDOR\sitios\activos\tlc\webpanel\assets\plugins\fullcalendar-1.6.2\demos\cupertino\images\WS_FTP.LOG --> hs33.ihosting.cl /public_html/webpanel/assets/plugins/fullcalendar-1.6.2/demos/cupertino/images WS_FTP.LOG
2017.05.01 19:44 B G:\CONTENEDOR\sitios\activos\tlc\webpanel\assets\plugins\fullcalendar-1.6.2\demos\cupertino\images\ui-icons_ffffff_256x240.png --> hs33.ihosting.cl /public_html/webpanel/assets/plugins/fullcalendar-1.6.2/demos/cupertino/images ui-icons_ffffff_256x240.png
2017.05.01 19:44 B G:\CONTENEDOR\sitios\activos\tlc\webpanel\assets\plugins\fullcalendar-1.6.2\demos\cupertino\images\ui-icons_72a7cf_256x240.png --> hs33.ihosting.cl /public_html/webpanel/assets/plugins/fullcalendar-1.6.2/demos/cupertino/images ui-icons_72a7cf_256x240.png
2017.05.01 19:44 B G:\CONTENEDOR\sitios\activos\tlc\webpanel\assets\plugins\fullcalendar-1.6.2\demos\cupertino\images\ui-icons_3d80b3_256x240.png --> hs33.ihosting.cl /public_html/webpanel/assets/plugins/fullcalendar-1.6.2/demos/cupertino/images ui-icons_3d80b3_256x240.png
2017.05.01 19:44 B G:\CONTENEDOR\sitios\activos\tlc\webpanel\assets\plugins\fullcalendar-1.6.2\demos\cupertino\images\ui-icons_2e83ff_256x240.png --> hs33.ihosting.cl /public_html/webpanel/assets/plugins/fullcalendar-1.6.2/demos/cupertino/images ui-icons_2e83ff_256x240.png
2017.05.01 19:44 B G:\CONTENEDOR\sitios\activos\tlc\webpanel\assets\plugins\fullcalendar-1.6.2\demos\cupertino\images\ui-icons_2694e8_256x240.png --> hs33.ihosting.cl /public_html/webpanel/assets/plugins/fullcalendar-1.6.2/demos/cupertino/images ui-icons_2694e8_256x240.png
2017.05.01 19:44 B G:\CONTENEDOR\sitios\activos\tlc\webpanel\assets\plugins\fullcalendar-1.6.2\demos\cupertino\images\ui-bg_highlight-soft_25_ffef8f_1x100.png --> hs33.ihosting.cl /public_html/webpanel/assets/plugins/fullcalendar-1.6.2/demos/cupertino/images ui-bg_highlight-soft_25_ffef8f_1x100.png
2017.05.01 19:44 B G:\CONTENEDOR\sitios\activos\tlc\webpanel\assets\plugins\fullcalendar-1.6.2\demos\cupertino\images\ui-bg_highlight-soft_100_deedf7_1x100.png --> hs33.ihosting.cl /public_html/webpanel/assets/plugins/fullcalendar-1.6.2/demos/cupertino/images ui-bg_highlight-soft_100_deedf7_1x100.png
2017.05.01 19:44 B G:\CONTENEDOR\sitios\activos\tlc\webpanel\assets\plugins\fullcalendar-1.6.2\demos\cupertino\images\ui-bg_highlight-hard_70_000000_1x100.png --> hs33.ihosting.cl /public_html/webpanel/assets/plugins/fullcalendar-1.6.2/demos/cupertino/images ui-bg_highlight-hard_70_000000_1x100.png
2017.05.01 19:44 B G:\CONTENEDOR\sitios\activos\tlc\webpanel\assets\plugins\fullcalendar-1.6.2\demos\cupertino\images\ui-bg_highlight-hard_100_f2f5f7_1x100.png --> hs33.ihosting.cl /public_html/webpanel/assets/plugins/fullcalendar-1.6.2/demos/cupertino/images ui-bg_highlight-hard_100_f2f5f7_1x100.png
2017.05.01 19:44 B G:\CONTENEDOR\sitios\activos\tlc\webpanel\assets\plugins\fullcalendar-1.6.2\demos\cupertino\images\ui-bg_glass_80_d7ebf9_1x400.png --> hs33.ihosting.cl /public_html/webpanel/assets/plugins/fullcalendar-1.6.2/demos/cupertino/images ui-bg_glass_80_d7ebf9_1x400.png
2017.05.01 19:44 B G:\CONTENEDOR\sitios\activos\tlc\webpanel\assets\plugins\fullcalendar-1.6.2\demos\cupertino\images\ui-bg_glass_50_3baae3_1x400.png --> hs33.ihosting.cl /public_html/webpanel/assets/plugins/fullcalendar-1.6.2/demos/cupertino/images ui-bg_glass_50_3baae3_1x400.png
2017.05.01 19:44 B G:\CONTENEDOR\sitios\activos\tlc\webpanel\assets\plugins\fullcalendar-1.6.2\demos\cupertino\images\ui-bg_glass_100_e4f1fb_1x400.png --> hs33.ihosting.cl /public_html/webpanel/assets/plugins/fullcalendar-1.6.2/demos/cupertino/images ui-bg_glass_100_e4f1fb_1x400.png
2017.05.01 19:44 B G:\CONTENEDOR\sitios\activos\tlc\webpanel\assets\plugins\fullcalendar-1.6.2\demos\cupertino\images\ui-bg_flat_15_cd0a0a_40x100.png --> hs33.ihosting.cl /public_html/webpanel/assets/plugins/fullcalendar-1.6.2/demos/cupertino/images ui-bg_flat_15_cd0a0a_40x100.png
2017.05.01 19:44 B G:\CONTENEDOR\sitios\activos\tlc\webpanel\assets\plugins\fullcalendar-1.6.2\demos\cupertino\images\ui-bg_diagonals-thick_90_eeeeee_40x40.png --> hs33.ihosting.cl /public_html/webpanel/assets/plugins/fullcalendar-1.6.2/demos/cupertino/images ui-bg_diagonals-thick_90_eeeeee_40x40.png
2017.05.01 19:44 B G:\CONTENEDOR\sitios\activos\tlc\webpanel\assets\plugins\fullcalendar-1.6.2\demos\cupertino\images\animated-overlay.gif --> hs33.ihosting.cl /public_html/webpanel/assets/plugins/fullcalendar-1.6.2/demos/cupertino/images animated-overlay.gif
