2016.09.14 21:09 B G:\CONTENEDOR\sitios\activos\AEROEXPRESS\ckeditor\plugins\specialchar\dialogs\lang\zh.js <-- AEROEXPRESS /public_html/ckeditor/plugins/specialchar/dialogs/lang zh.js
2016.09.14 21:09 B G:\CONTENEDOR\sitios\activos\AEROEXPRESS\ckeditor\plugins\specialchar\dialogs\lang\zh-cn.js <-- AEROEXPRESS /public_html/ckeditor/plugins/specialchar/dialogs/lang zh-cn.js
2016.09.14 21:09 B G:\CONTENEDOR\sitios\activos\AEROEXPRESS\ckeditor\plugins\specialchar\dialogs\lang\vi.js <-- AEROEXPRESS /public_html/ckeditor/plugins/specialchar/dialogs/lang vi.js
2016.09.14 21:09 B G:\CONTENEDOR\sitios\activos\AEROEXPRESS\ckeditor\plugins\specialchar\dialogs\lang\uk.js <-- AEROEXPRESS /public_html/ckeditor/plugins/specialchar/dialogs/lang uk.js
2016.09.14 21:09 B G:\CONTENEDOR\sitios\activos\AEROEXPRESS\ckeditor\plugins\specialchar\dialogs\lang\ug.js <-- AEROEXPRESS /public_html/ckeditor/plugins/specialchar/dialogs/lang ug.js
2016.09.14 21:09 B G:\CONTENEDOR\sitios\activos\AEROEXPRESS\ckeditor\plugins\specialchar\dialogs\lang\tt.js <-- AEROEXPRESS /public_html/ckeditor/plugins/specialchar/dialogs/lang tt.js
2016.09.14 21:09 B G:\CONTENEDOR\sitios\activos\AEROEXPRESS\ckeditor\plugins\specialchar\dialogs\lang\tr.js <-- AEROEXPRESS /public_html/ckeditor/plugins/specialchar/dialogs/lang tr.js
2016.09.14 21:09 B G:\CONTENEDOR\sitios\activos\AEROEXPRESS\ckeditor\plugins\specialchar\dialogs\lang\th.js <-- AEROEXPRESS /public_html/ckeditor/plugins/specialchar/dialogs/lang th.js
2016.09.14 21:09 B G:\CONTENEDOR\sitios\activos\AEROEXPRESS\ckeditor\plugins\specialchar\dialogs\lang\sv.js <-- AEROEXPRESS /public_html/ckeditor/plugins/specialchar/dialogs/lang sv.js
2016.09.14 21:09 B G:\CONTENEDOR\sitios\activos\AEROEXPRESS\ckeditor\plugins\specialchar\dialogs\lang\sq.js <-- AEROEXPRESS /public_html/ckeditor/plugins/specialchar/dialogs/lang sq.js
2016.09.14 21:09 B G:\CONTENEDOR\sitios\activos\AEROEXPRESS\ckeditor\plugins\specialchar\dialogs\lang\sl.js <-- AEROEXPRESS /public_html/ckeditor/plugins/specialchar/dialogs/lang sl.js
2016.09.14 21:09 B G:\CONTENEDOR\sitios\activos\AEROEXPRESS\ckeditor\plugins\specialchar\dialogs\lang\sk.js <-- AEROEXPRESS /public_html/ckeditor/plugins/specialchar/dialogs/lang sk.js
2016.09.14 21:09 B G:\CONTENEDOR\sitios\activos\AEROEXPRESS\ckeditor\plugins\specialchar\dialogs\lang\si.js <-- AEROEXPRESS /public_html/ckeditor/plugins/specialchar/dialogs/lang si.js
2016.09.14 21:09 B G:\CONTENEDOR\sitios\activos\AEROEXPRESS\ckeditor\plugins\specialchar\dialogs\lang\ru.js <-- AEROEXPRESS /public_html/ckeditor/plugins/specialchar/dialogs/lang ru.js
2016.09.14 21:09 B G:\CONTENEDOR\sitios\activos\AEROEXPRESS\ckeditor\plugins\specialchar\dialogs\lang\pt.js <-- AEROEXPRESS /public_html/ckeditor/plugins/specialchar/dialogs/lang pt.js
2016.09.14 21:09 B G:\CONTENEDOR\sitios\activos\AEROEXPRESS\ckeditor\plugins\specialchar\dialogs\lang\pt-br.js <-- AEROEXPRESS /public_html/ckeditor/plugins/specialchar/dialogs/lang pt-br.js
2016.09.14 21:09 B G:\CONTENEDOR\sitios\activos\AEROEXPRESS\ckeditor\plugins\specialchar\dialogs\lang\pl.js <-- AEROEXPRESS /public_html/ckeditor/plugins/specialchar/dialogs/lang pl.js
2016.09.14 21:09 B G:\CONTENEDOR\sitios\activos\AEROEXPRESS\ckeditor\plugins\specialchar\dialogs\lang\no.js <-- AEROEXPRESS /public_html/ckeditor/plugins/specialchar/dialogs/lang no.js
2016.09.14 21:09 B G:\CONTENEDOR\sitios\activos\AEROEXPRESS\ckeditor\plugins\specialchar\dialogs\lang\nl.js <-- AEROEXPRESS /public_html/ckeditor/plugins/specialchar/dialogs/lang nl.js
2016.09.14 21:09 B G:\CONTENEDOR\sitios\activos\AEROEXPRESS\ckeditor\plugins\specialchar\dialogs\lang\nb.js <-- AEROEXPRESS /public_html/ckeditor/plugins/specialchar/dialogs/lang nb.js
2016.09.14 21:09 B G:\CONTENEDOR\sitios\activos\AEROEXPRESS\ckeditor\plugins\specialchar\dialogs\lang\lv.js <-- AEROEXPRESS /public_html/ckeditor/plugins/specialchar/dialogs/lang lv.js
2016.09.14 21:09 B G:\CONTENEDOR\sitios\activos\AEROEXPRESS\ckeditor\plugins\specialchar\dialogs\lang\lt.js <-- AEROEXPRESS /public_html/ckeditor/plugins/specialchar/dialogs/lang lt.js
2016.09.14 21:09 B G:\CONTENEDOR\sitios\activos\AEROEXPRESS\ckeditor\plugins\specialchar\dialogs\lang\ku.js <-- AEROEXPRESS /public_html/ckeditor/plugins/specialchar/dialogs/lang ku.js
2016.09.14 21:09 B G:\CONTENEDOR\sitios\activos\AEROEXPRESS\ckeditor\plugins\specialchar\dialogs\lang\km.js <-- AEROEXPRESS /public_html/ckeditor/plugins/specialchar/dialogs/lang km.js
2016.09.14 21:09 B G:\CONTENEDOR\sitios\activos\AEROEXPRESS\ckeditor\plugins\specialchar\dialogs\lang\ja.js <-- AEROEXPRESS /public_html/ckeditor/plugins/specialchar/dialogs/lang ja.js
2016.09.14 21:09 B G:\CONTENEDOR\sitios\activos\AEROEXPRESS\ckeditor\plugins\specialchar\dialogs\lang\it.js <-- AEROEXPRESS /public_html/ckeditor/plugins/specialchar/dialogs/lang it.js
2016.09.14 21:09 B G:\CONTENEDOR\sitios\activos\AEROEXPRESS\ckeditor\plugins\specialchar\dialogs\lang\id.js <-- AEROEXPRESS /public_html/ckeditor/plugins/specialchar/dialogs/lang id.js
2016.09.14 21:09 B G:\CONTENEDOR\sitios\activos\AEROEXPRESS\ckeditor\plugins\specialchar\dialogs\lang\hu.js <-- AEROEXPRESS /public_html/ckeditor/plugins/specialchar/dialogs/lang hu.js
2016.09.14 21:09 B G:\CONTENEDOR\sitios\activos\AEROEXPRESS\ckeditor\plugins\specialchar\dialogs\lang\hr.js <-- AEROEXPRESS /public_html/ckeditor/plugins/specialchar/dialogs/lang hr.js
2016.09.14 21:09 B G:\CONTENEDOR\sitios\activos\AEROEXPRESS\ckeditor\plugins\specialchar\dialogs\lang\he.js <-- AEROEXPRESS /public_html/ckeditor/plugins/specialchar/dialogs/lang he.js
2016.09.14 21:09 B G:\CONTENEDOR\sitios\activos\AEROEXPRESS\ckeditor\plugins\specialchar\dialogs\lang\gl.js <-- AEROEXPRESS /public_html/ckeditor/plugins/specialchar/dialogs/lang gl.js
2016.09.14 21:09 B G:\CONTENEDOR\sitios\activos\AEROEXPRESS\ckeditor\plugins\specialchar\dialogs\lang\fr.js <-- AEROEXPRESS /public_html/ckeditor/plugins/specialchar/dialogs/lang fr.js
2016.09.14 21:09 B G:\CONTENEDOR\sitios\activos\AEROEXPRESS\ckeditor\plugins\specialchar\dialogs\lang\fr-ca.js <-- AEROEXPRESS /public_html/ckeditor/plugins/specialchar/dialogs/lang fr-ca.js
2016.09.14 21:09 B G:\CONTENEDOR\sitios\activos\AEROEXPRESS\ckeditor\plugins\specialchar\dialogs\lang\fi.js <-- AEROEXPRESS /public_html/ckeditor/plugins/specialchar/dialogs/lang fi.js
2016.09.14 21:09 B G:\CONTENEDOR\sitios\activos\AEROEXPRESS\ckeditor\plugins\specialchar\dialogs\lang\fa.js <-- AEROEXPRESS /public_html/ckeditor/plugins/specialchar/dialogs/lang fa.js
2016.09.14 21:09 B G:\CONTENEDOR\sitios\activos\AEROEXPRESS\ckeditor\plugins\specialchar\dialogs\lang\et.js <-- AEROEXPRESS /public_html/ckeditor/plugins/specialchar/dialogs/lang et.js
2016.09.14 21:09 B G:\CONTENEDOR\sitios\activos\AEROEXPRESS\ckeditor\plugins\specialchar\dialogs\lang\es.js <-- AEROEXPRESS /public_html/ckeditor/plugins/specialchar/dialogs/lang es.js
2016.09.14 21:09 B G:\CONTENEDOR\sitios\activos\AEROEXPRESS\ckeditor\plugins\specialchar\dialogs\lang\eo.js <-- AEROEXPRESS /public_html/ckeditor/plugins/specialchar/dialogs/lang eo.js
2016.09.14 21:09 B G:\CONTENEDOR\sitios\activos\AEROEXPRESS\ckeditor\plugins\specialchar\dialogs\lang\en.js <-- AEROEXPRESS /public_html/ckeditor/plugins/specialchar/dialogs/lang en.js
2016.09.14 21:09 B G:\CONTENEDOR\sitios\activos\AEROEXPRESS\ckeditor\plugins\specialchar\dialogs\lang\en-gb.js <-- AEROEXPRESS /public_html/ckeditor/plugins/specialchar/dialogs/lang en-gb.js
2016.09.14 21:09 B G:\CONTENEDOR\sitios\activos\AEROEXPRESS\ckeditor\plugins\specialchar\dialogs\lang\el.js <-- AEROEXPRESS /public_html/ckeditor/plugins/specialchar/dialogs/lang el.js
2016.09.14 21:09 B G:\CONTENEDOR\sitios\activos\AEROEXPRESS\ckeditor\plugins\specialchar\dialogs\lang\de.js <-- AEROEXPRESS /public_html/ckeditor/plugins/specialchar/dialogs/lang de.js
2016.09.14 21:09 B G:\CONTENEDOR\sitios\activos\AEROEXPRESS\ckeditor\plugins\specialchar\dialogs\lang\da.js <-- AEROEXPRESS /public_html/ckeditor/plugins/specialchar/dialogs/lang da.js
2016.09.14 21:09 B G:\CONTENEDOR\sitios\activos\AEROEXPRESS\ckeditor\plugins\specialchar\dialogs\lang\cy.js <-- AEROEXPRESS /public_html/ckeditor/plugins/specialchar/dialogs/lang cy.js
2016.09.14 21:09 B G:\CONTENEDOR\sitios\activos\AEROEXPRESS\ckeditor\plugins\specialchar\dialogs\lang\cs.js <-- AEROEXPRESS /public_html/ckeditor/plugins/specialchar/dialogs/lang cs.js
2016.09.14 21:09 B G:\CONTENEDOR\sitios\activos\AEROEXPRESS\ckeditor\plugins\specialchar\dialogs\lang\ca.js <-- AEROEXPRESS /public_html/ckeditor/plugins/specialchar/dialogs/lang ca.js
2016.09.14 21:09 B G:\CONTENEDOR\sitios\activos\AEROEXPRESS\ckeditor\plugins\specialchar\dialogs\lang\bg.js <-- AEROEXPRESS /public_html/ckeditor/plugins/specialchar/dialogs/lang bg.js
2016.09.14 21:09 B G:\CONTENEDOR\sitios\activos\AEROEXPRESS\ckeditor\plugins\specialchar\dialogs\lang\ar.js <-- AEROEXPRESS /public_html/ckeditor/plugins/specialchar/dialogs/lang ar.js
2016.09.14 21:09 B G:\CONTENEDOR\sitios\activos\AEROEXPRESS\ckeditor\plugins\specialchar\dialogs\lang\af.js <-- AEROEXPRESS /public_html/ckeditor/plugins/specialchar/dialogs/lang af.js
2016.09.14 21:09 B G:\CONTENEDOR\sitios\activos\AEROEXPRESS\ckeditor\plugins\specialchar\dialogs\lang\_translationstatus.txt <-- AEROEXPRESS /public_html/ckeditor/plugins/specialchar/dialogs/lang _translationstatus.txt
2017.03.15 13:58 B G:\CONTENEDOR\sitios\activos\AEROEXPRESS\ckeditor\plugins\specialchar\dialogs\lang\_translationstatus.txt --> hs20.ihosting.cl /public_html/desarrollo/tlc/ckeditor/plugins/specialchar/dialogs/lang _translationstatus.txt
2017.03.15 13:58 B G:\CONTENEDOR\sitios\activos\AEROEXPRESS\ckeditor\plugins\specialchar\dialogs\lang\af.js --> hs20.ihosting.cl /public_html/desarrollo/tlc/ckeditor/plugins/specialchar/dialogs/lang af.js
2017.03.15 13:58 B G:\CONTENEDOR\sitios\activos\AEROEXPRESS\ckeditor\plugins\specialchar\dialogs\lang\ar.js --> hs20.ihosting.cl /public_html/desarrollo/tlc/ckeditor/plugins/specialchar/dialogs/lang ar.js
2017.03.15 13:58 B G:\CONTENEDOR\sitios\activos\AEROEXPRESS\ckeditor\plugins\specialchar\dialogs\lang\bg.js --> hs20.ihosting.cl /public_html/desarrollo/tlc/ckeditor/plugins/specialchar/dialogs/lang bg.js
2017.03.15 13:58 B G:\CONTENEDOR\sitios\activos\AEROEXPRESS\ckeditor\plugins\specialchar\dialogs\lang\ca.js --> hs20.ihosting.cl /public_html/desarrollo/tlc/ckeditor/plugins/specialchar/dialogs/lang ca.js
2017.03.15 13:58 B G:\CONTENEDOR\sitios\activos\AEROEXPRESS\ckeditor\plugins\specialchar\dialogs\lang\cs.js --> hs20.ihosting.cl /public_html/desarrollo/tlc/ckeditor/plugins/specialchar/dialogs/lang cs.js
2017.03.15 13:58 B G:\CONTENEDOR\sitios\activos\AEROEXPRESS\ckeditor\plugins\specialchar\dialogs\lang\cy.js --> hs20.ihosting.cl /public_html/desarrollo/tlc/ckeditor/plugins/specialchar/dialogs/lang cy.js
2017.03.15 13:58 B G:\CONTENEDOR\sitios\activos\AEROEXPRESS\ckeditor\plugins\specialchar\dialogs\lang\da.js --> hs20.ihosting.cl /public_html/desarrollo/tlc/ckeditor/plugins/specialchar/dialogs/lang da.js
2017.03.15 13:58 B G:\CONTENEDOR\sitios\activos\AEROEXPRESS\ckeditor\plugins\specialchar\dialogs\lang\de.js --> hs20.ihosting.cl /public_html/desarrollo/tlc/ckeditor/plugins/specialchar/dialogs/lang de.js
2017.03.15 13:58 B G:\CONTENEDOR\sitios\activos\AEROEXPRESS\ckeditor\plugins\specialchar\dialogs\lang\el.js --> hs20.ihosting.cl /public_html/desarrollo/tlc/ckeditor/plugins/specialchar/dialogs/lang el.js
2017.03.15 13:58 B G:\CONTENEDOR\sitios\activos\AEROEXPRESS\ckeditor\plugins\specialchar\dialogs\lang\en-gb.js --> hs20.ihosting.cl /public_html/desarrollo/tlc/ckeditor/plugins/specialchar/dialogs/lang en-gb.js
2017.03.15 13:58 B G:\CONTENEDOR\sitios\activos\AEROEXPRESS\ckeditor\plugins\specialchar\dialogs\lang\en.js --> hs20.ihosting.cl /public_html/desarrollo/tlc/ckeditor/plugins/specialchar/dialogs/lang en.js
2017.03.15 13:58 B G:\CONTENEDOR\sitios\activos\AEROEXPRESS\ckeditor\plugins\specialchar\dialogs\lang\eo.js --> hs20.ihosting.cl /public_html/desarrollo/tlc/ckeditor/plugins/specialchar/dialogs/lang eo.js
2017.03.15 13:58 B G:\CONTENEDOR\sitios\activos\AEROEXPRESS\ckeditor\plugins\specialchar\dialogs\lang\es.js --> hs20.ihosting.cl /public_html/desarrollo/tlc/ckeditor/plugins/specialchar/dialogs/lang es.js
2017.03.15 13:58 B G:\CONTENEDOR\sitios\activos\AEROEXPRESS\ckeditor\plugins\specialchar\dialogs\lang\et.js --> hs20.ihosting.cl /public_html/desarrollo/tlc/ckeditor/plugins/specialchar/dialogs/lang et.js
2017.03.15 13:58 B G:\CONTENEDOR\sitios\activos\AEROEXPRESS\ckeditor\plugins\specialchar\dialogs\lang\fa.js --> hs20.ihosting.cl /public_html/desarrollo/tlc/ckeditor/plugins/specialchar/dialogs/lang fa.js
2017.03.15 13:58 B G:\CONTENEDOR\sitios\activos\AEROEXPRESS\ckeditor\plugins\specialchar\dialogs\lang\fi.js --> hs20.ihosting.cl /public_html/desarrollo/tlc/ckeditor/plugins/specialchar/dialogs/lang fi.js
2017.03.15 13:58 B G:\CONTENEDOR\sitios\activos\AEROEXPRESS\ckeditor\plugins\specialchar\dialogs\lang\fr-ca.js --> hs20.ihosting.cl /public_html/desarrollo/tlc/ckeditor/plugins/specialchar/dialogs/lang fr-ca.js
2017.03.15 13:58 B G:\CONTENEDOR\sitios\activos\AEROEXPRESS\ckeditor\plugins\specialchar\dialogs\lang\fr.js --> hs20.ihosting.cl /public_html/desarrollo/tlc/ckeditor/plugins/specialchar/dialogs/lang fr.js
2017.03.15 13:58 B G:\CONTENEDOR\sitios\activos\AEROEXPRESS\ckeditor\plugins\specialchar\dialogs\lang\gl.js --> hs20.ihosting.cl /public_html/desarrollo/tlc/ckeditor/plugins/specialchar/dialogs/lang gl.js
2017.03.15 13:58 B G:\CONTENEDOR\sitios\activos\AEROEXPRESS\ckeditor\plugins\specialchar\dialogs\lang\he.js --> hs20.ihosting.cl /public_html/desarrollo/tlc/ckeditor/plugins/specialchar/dialogs/lang he.js
2017.03.15 13:58 B G:\CONTENEDOR\sitios\activos\AEROEXPRESS\ckeditor\plugins\specialchar\dialogs\lang\hr.js --> hs20.ihosting.cl /public_html/desarrollo/tlc/ckeditor/plugins/specialchar/dialogs/lang hr.js
2017.03.15 13:58 B G:\CONTENEDOR\sitios\activos\AEROEXPRESS\ckeditor\plugins\specialchar\dialogs\lang\hu.js --> hs20.ihosting.cl /public_html/desarrollo/tlc/ckeditor/plugins/specialchar/dialogs/lang hu.js
2017.03.15 13:58 B G:\CONTENEDOR\sitios\activos\AEROEXPRESS\ckeditor\plugins\specialchar\dialogs\lang\id.js --> hs20.ihosting.cl /public_html/desarrollo/tlc/ckeditor/plugins/specialchar/dialogs/lang id.js
2017.03.15 13:58 B G:\CONTENEDOR\sitios\activos\AEROEXPRESS\ckeditor\plugins\specialchar\dialogs\lang\it.js --> hs20.ihosting.cl /public_html/desarrollo/tlc/ckeditor/plugins/specialchar/dialogs/lang it.js
2017.03.15 13:58 B G:\CONTENEDOR\sitios\activos\AEROEXPRESS\ckeditor\plugins\specialchar\dialogs\lang\ja.js --> hs20.ihosting.cl /public_html/desarrollo/tlc/ckeditor/plugins/specialchar/dialogs/lang ja.js
2017.03.15 13:58 B G:\CONTENEDOR\sitios\activos\AEROEXPRESS\ckeditor\plugins\specialchar\dialogs\lang\km.js --> hs20.ihosting.cl /public_html/desarrollo/tlc/ckeditor/plugins/specialchar/dialogs/lang km.js
2017.03.15 13:58 B G:\CONTENEDOR\sitios\activos\AEROEXPRESS\ckeditor\plugins\specialchar\dialogs\lang\ku.js --> hs20.ihosting.cl /public_html/desarrollo/tlc/ckeditor/plugins/specialchar/dialogs/lang ku.js
2017.03.15 13:58 B G:\CONTENEDOR\sitios\activos\AEROEXPRESS\ckeditor\plugins\specialchar\dialogs\lang\lt.js --> hs20.ihosting.cl /public_html/desarrollo/tlc/ckeditor/plugins/specialchar/dialogs/lang lt.js
2017.03.15 13:58 B G:\CONTENEDOR\sitios\activos\AEROEXPRESS\ckeditor\plugins\specialchar\dialogs\lang\lv.js --> hs20.ihosting.cl /public_html/desarrollo/tlc/ckeditor/plugins/specialchar/dialogs/lang lv.js
2017.03.15 13:58 B G:\CONTENEDOR\sitios\activos\AEROEXPRESS\ckeditor\plugins\specialchar\dialogs\lang\nb.js --> hs20.ihosting.cl /public_html/desarrollo/tlc/ckeditor/plugins/specialchar/dialogs/lang nb.js
2017.03.15 13:58 B G:\CONTENEDOR\sitios\activos\AEROEXPRESS\ckeditor\plugins\specialchar\dialogs\lang\nl.js --> hs20.ihosting.cl /public_html/desarrollo/tlc/ckeditor/plugins/specialchar/dialogs/lang nl.js
2017.03.15 13:58 B G:\CONTENEDOR\sitios\activos\AEROEXPRESS\ckeditor\plugins\specialchar\dialogs\lang\no.js --> hs20.ihosting.cl /public_html/desarrollo/tlc/ckeditor/plugins/specialchar/dialogs/lang no.js
2017.03.15 13:58 B G:\CONTENEDOR\sitios\activos\AEROEXPRESS\ckeditor\plugins\specialchar\dialogs\lang\pl.js --> hs20.ihosting.cl /public_html/desarrollo/tlc/ckeditor/plugins/specialchar/dialogs/lang pl.js
2017.03.15 13:58 B G:\CONTENEDOR\sitios\activos\AEROEXPRESS\ckeditor\plugins\specialchar\dialogs\lang\pt-br.js --> hs20.ihosting.cl /public_html/desarrollo/tlc/ckeditor/plugins/specialchar/dialogs/lang pt-br.js
2017.03.15 13:58 B G:\CONTENEDOR\sitios\activos\AEROEXPRESS\ckeditor\plugins\specialchar\dialogs\lang\pt.js --> hs20.ihosting.cl /public_html/desarrollo/tlc/ckeditor/plugins/specialchar/dialogs/lang pt.js
2017.03.15 13:58 B G:\CONTENEDOR\sitios\activos\AEROEXPRESS\ckeditor\plugins\specialchar\dialogs\lang\ru.js --> hs20.ihosting.cl /public_html/desarrollo/tlc/ckeditor/plugins/specialchar/dialogs/lang ru.js
2017.03.15 13:58 B G:\CONTENEDOR\sitios\activos\AEROEXPRESS\ckeditor\plugins\specialchar\dialogs\lang\si.js --> hs20.ihosting.cl /public_html/desarrollo/tlc/ckeditor/plugins/specialchar/dialogs/lang si.js
2017.03.15 13:58 B G:\CONTENEDOR\sitios\activos\AEROEXPRESS\ckeditor\plugins\specialchar\dialogs\lang\sk.js --> hs20.ihosting.cl /public_html/desarrollo/tlc/ckeditor/plugins/specialchar/dialogs/lang sk.js
2017.03.15 13:58 B G:\CONTENEDOR\sitios\activos\AEROEXPRESS\ckeditor\plugins\specialchar\dialogs\lang\sl.js --> hs20.ihosting.cl /public_html/desarrollo/tlc/ckeditor/plugins/specialchar/dialogs/lang sl.js
2017.03.15 13:58 B G:\CONTENEDOR\sitios\activos\AEROEXPRESS\ckeditor\plugins\specialchar\dialogs\lang\sq.js --> hs20.ihosting.cl /public_html/desarrollo/tlc/ckeditor/plugins/specialchar/dialogs/lang sq.js
2017.03.15 13:58 B G:\CONTENEDOR\sitios\activos\AEROEXPRESS\ckeditor\plugins\specialchar\dialogs\lang\sv.js --> hs20.ihosting.cl /public_html/desarrollo/tlc/ckeditor/plugins/specialchar/dialogs/lang sv.js
2017.03.15 13:58 B G:\CONTENEDOR\sitios\activos\AEROEXPRESS\ckeditor\plugins\specialchar\dialogs\lang\th.js --> hs20.ihosting.cl /public_html/desarrollo/tlc/ckeditor/plugins/specialchar/dialogs/lang th.js
2017.03.15 13:58 B G:\CONTENEDOR\sitios\activos\AEROEXPRESS\ckeditor\plugins\specialchar\dialogs\lang\tr.js --> hs20.ihosting.cl /public_html/desarrollo/tlc/ckeditor/plugins/specialchar/dialogs/lang tr.js
2017.03.15 13:58 B G:\CONTENEDOR\sitios\activos\AEROEXPRESS\ckeditor\plugins\specialchar\dialogs\lang\tt.js --> hs20.ihosting.cl /public_html/desarrollo/tlc/ckeditor/plugins/specialchar/dialogs/lang tt.js
2017.03.15 13:58 B G:\CONTENEDOR\sitios\activos\AEROEXPRESS\ckeditor\plugins\specialchar\dialogs\lang\ug.js --> hs20.ihosting.cl /public_html/desarrollo/tlc/ckeditor/plugins/specialchar/dialogs/lang ug.js
2017.03.15 13:58 B G:\CONTENEDOR\sitios\activos\AEROEXPRESS\ckeditor\plugins\specialchar\dialogs\lang\uk.js --> hs20.ihosting.cl /public_html/desarrollo/tlc/ckeditor/plugins/specialchar/dialogs/lang uk.js
2017.03.15 13:58 B G:\CONTENEDOR\sitios\activos\AEROEXPRESS\ckeditor\plugins\specialchar\dialogs\lang\vi.js --> hs20.ihosting.cl /public_html/desarrollo/tlc/ckeditor/plugins/specialchar/dialogs/lang vi.js
2017.03.15 13:58 B G:\CONTENEDOR\sitios\activos\AEROEXPRESS\ckeditor\plugins\specialchar\dialogs\lang\WS_FTP.LOG --> hs20.ihosting.cl /public_html/desarrollo/tlc/ckeditor/plugins/specialchar/dialogs/lang WS_FTP.LOG
2017.03.15 13:58 B G:\CONTENEDOR\sitios\activos\AEROEXPRESS\ckeditor\plugins\specialchar\dialogs\lang\zh-cn.js --> hs20.ihosting.cl /public_html/desarrollo/tlc/ckeditor/plugins/specialchar/dialogs/lang zh-cn.js
2017.03.15 13:58 B G:\CONTENEDOR\sitios\activos\AEROEXPRESS\ckeditor\plugins\specialchar\dialogs\lang\zh.js --> hs20.ihosting.cl /public_html/desarrollo/tlc/ckeditor/plugins/specialchar/dialogs/lang zh.js
