2016.09.14 21:09 B G:\CONTENEDOR\sitios\activos\AEROEXPRESS\ckeditor\plugins\showblocks\images\block_pre.png <-- AEROEXPRESS /public_html/ckeditor/plugins/showblocks/images block_pre.png
2016.09.14 21:09 B G:\CONTENEDOR\sitios\activos\AEROEXPRESS\ckeditor\plugins\showblocks\images\block_p.png <-- AEROEXPRESS /public_html/ckeditor/plugins/showblocks/images block_p.png
2016.09.14 21:09 B G:\CONTENEDOR\sitios\activos\AEROEXPRESS\ckeditor\plugins\showblocks\images\block_h6.png <-- AEROEXPRESS /public_html/ckeditor/plugins/showblocks/images block_h6.png
2016.09.14 21:09 B G:\CONTENEDOR\sitios\activos\AEROEXPRESS\ckeditor\plugins\showblocks\images\block_h5.png <-- AEROEXPRESS /public_html/ckeditor/plugins/showblocks/images block_h5.png
2016.09.14 21:09 B G:\CONTENEDOR\sitios\activos\AEROEXPRESS\ckeditor\plugins\showblocks\images\block_h4.png <-- AEROEXPRESS /public_html/ckeditor/plugins/showblocks/images block_h4.png
2016.09.14 21:09 B G:\CONTENEDOR\sitios\activos\AEROEXPRESS\ckeditor\plugins\showblocks\images\block_h3.png <-- AEROEXPRESS /public_html/ckeditor/plugins/showblocks/images block_h3.png
2016.09.14 21:09 B G:\CONTENEDOR\sitios\activos\AEROEXPRESS\ckeditor\plugins\showblocks\images\block_h2.png <-- AEROEXPRESS /public_html/ckeditor/plugins/showblocks/images block_h2.png
2016.09.14 21:09 B G:\CONTENEDOR\sitios\activos\AEROEXPRESS\ckeditor\plugins\showblocks\images\block_h1.png <-- AEROEXPRESS /public_html/ckeditor/plugins/showblocks/images block_h1.png
2016.09.14 21:09 B G:\CONTENEDOR\sitios\activos\AEROEXPRESS\ckeditor\plugins\showblocks\images\block_div.png <-- AEROEXPRESS /public_html/ckeditor/plugins/showblocks/images block_div.png
2016.09.14 21:09 B G:\CONTENEDOR\sitios\activos\AEROEXPRESS\ckeditor\plugins\showblocks\images\block_blockquote.png <-- AEROEXPRESS /public_html/ckeditor/plugins/showblocks/images block_blockquote.png
2016.09.14 21:09 B G:\CONTENEDOR\sitios\activos\AEROEXPRESS\ckeditor\plugins\showblocks\images\block_address.png <-- AEROEXPRESS /public_html/ckeditor/plugins/showblocks/images block_address.png
2017.03.15 13:58 B G:\CONTENEDOR\sitios\activos\AEROEXPRESS\ckeditor\plugins\showblocks\images\block_address.png --> hs20.ihosting.cl /public_html/desarrollo/tlc/ckeditor/plugins/showblocks/images block_address.png
2017.03.15 13:58 B G:\CONTENEDOR\sitios\activos\AEROEXPRESS\ckeditor\plugins\showblocks\images\block_blockquote.png --> hs20.ihosting.cl /public_html/desarrollo/tlc/ckeditor/plugins/showblocks/images block_blockquote.png
2017.03.15 13:58 B G:\CONTENEDOR\sitios\activos\AEROEXPRESS\ckeditor\plugins\showblocks\images\block_div.png --> hs20.ihosting.cl /public_html/desarrollo/tlc/ckeditor/plugins/showblocks/images block_div.png
2017.03.15 13:58 B G:\CONTENEDOR\sitios\activos\AEROEXPRESS\ckeditor\plugins\showblocks\images\block_h1.png --> hs20.ihosting.cl /public_html/desarrollo/tlc/ckeditor/plugins/showblocks/images block_h1.png
2017.03.15 13:58 B G:\CONTENEDOR\sitios\activos\AEROEXPRESS\ckeditor\plugins\showblocks\images\block_h2.png --> hs20.ihosting.cl /public_html/desarrollo/tlc/ckeditor/plugins/showblocks/images block_h2.png
2017.03.15 13:58 B G:\CONTENEDOR\sitios\activos\AEROEXPRESS\ckeditor\plugins\showblocks\images\block_h3.png --> hs20.ihosting.cl /public_html/desarrollo/tlc/ckeditor/plugins/showblocks/images block_h3.png
2017.03.15 13:58 B G:\CONTENEDOR\sitios\activos\AEROEXPRESS\ckeditor\plugins\showblocks\images\block_h4.png --> hs20.ihosting.cl /public_html/desarrollo/tlc/ckeditor/plugins/showblocks/images block_h4.png
2017.03.15 13:58 B G:\CONTENEDOR\sitios\activos\AEROEXPRESS\ckeditor\plugins\showblocks\images\block_h5.png --> hs20.ihosting.cl /public_html/desarrollo/tlc/ckeditor/plugins/showblocks/images block_h5.png
2017.03.15 13:58 B G:\CONTENEDOR\sitios\activos\AEROEXPRESS\ckeditor\plugins\showblocks\images\block_h6.png --> hs20.ihosting.cl /public_html/desarrollo/tlc/ckeditor/plugins/showblocks/images block_h6.png
2017.03.15 13:58 B G:\CONTENEDOR\sitios\activos\AEROEXPRESS\ckeditor\plugins\showblocks\images\block_p.png --> hs20.ihosting.cl /public_html/desarrollo/tlc/ckeditor/plugins/showblocks/images block_p.png
2017.03.15 13:58 B G:\CONTENEDOR\sitios\activos\AEROEXPRESS\ckeditor\plugins\showblocks\images\block_pre.png --> hs20.ihosting.cl /public_html/desarrollo/tlc/ckeditor/plugins/showblocks/images block_pre.png
2017.03.15 13:58 B G:\CONTENEDOR\sitios\activos\AEROEXPRESS\ckeditor\plugins\showblocks\images\WS_FTP.LOG --> hs20.ihosting.cl /public_html/desarrollo/tlc/ckeditor/plugins/showblocks/images WS_FTP.LOG
