2016.09.14 21:00 B G:\CONTENEDOR\sitios\activos\AEROEXPRESS\webpanel\assets\plugins\wysihtml5\src\locales\bootstrap-wysihtml5.zh-TW.js <-- AEROEXPRESS /public_html/webpanel/assets/plugins/wysihtml5/src/locales bootstrap-wysihtml5.zh-TW.js
2016.09.14 21:00 B G:\CONTENEDOR\sitios\activos\AEROEXPRESS\webpanel\assets\plugins\wysihtml5\src\locales\bootstrap-wysihtml5.zh-CN.js <-- AEROEXPRESS /public_html/webpanel/assets/plugins/wysihtml5/src/locales bootstrap-wysihtml5.zh-CN.js
2016.09.14 21:00 B G:\CONTENEDOR\sitios\activos\AEROEXPRESS\webpanel\assets\plugins\wysihtml5\src\locales\bootstrap-wysihtml5.ua-UA.js <-- AEROEXPRESS /public_html/webpanel/assets/plugins/wysihtml5/src/locales bootstrap-wysihtml5.ua-UA.js
2016.09.14 21:00 B G:\CONTENEDOR\sitios\activos\AEROEXPRESS\webpanel\assets\plugins\wysihtml5\src\locales\bootstrap-wysihtml5.tr-TR.js <-- AEROEXPRESS /public_html/webpanel/assets/plugins/wysihtml5/src/locales bootstrap-wysihtml5.tr-TR.js
2016.09.14 21:00 B G:\CONTENEDOR\sitios\activos\AEROEXPRESS\webpanel\assets\plugins\wysihtml5\src\locales\bootstrap-wysihtml5.sv-SE.js <-- AEROEXPRESS /public_html/webpanel/assets/plugins/wysihtml5/src/locales bootstrap-wysihtml5.sv-SE.js
2016.09.14 21:00 B G:\CONTENEDOR\sitios\activos\AEROEXPRESS\webpanel\assets\plugins\wysihtml5\src\locales\bootstrap-wysihtml5.sk-SK.js <-- AEROEXPRESS /public_html/webpanel/assets/plugins/wysihtml5/src/locales bootstrap-wysihtml5.sk-SK.js
2016.09.14 21:00 B G:\CONTENEDOR\sitios\activos\AEROEXPRESS\webpanel\assets\plugins\wysihtml5\src\locales\bootstrap-wysihtml5.ru-RU.js <-- AEROEXPRESS /public_html/webpanel/assets/plugins/wysihtml5/src/locales bootstrap-wysihtml5.ru-RU.js
2016.09.14 21:00 B G:\CONTENEDOR\sitios\activos\AEROEXPRESS\webpanel\assets\plugins\wysihtml5\src\locales\bootstrap-wysihtml5.pt-BR.js <-- AEROEXPRESS /public_html/webpanel/assets/plugins/wysihtml5/src/locales bootstrap-wysihtml5.pt-BR.js
2016.09.14 21:00 B G:\CONTENEDOR\sitios\activos\AEROEXPRESS\webpanel\assets\plugins\wysihtml5\src\locales\bootstrap-wysihtml5.pl-PL.js <-- AEROEXPRESS /public_html/webpanel/assets/plugins/wysihtml5/src/locales bootstrap-wysihtml5.pl-PL.js
2016.09.14 21:00 B G:\CONTENEDOR\sitios\activos\AEROEXPRESS\webpanel\assets\plugins\wysihtml5\src\locales\bootstrap-wysihtml5.nl-NL.js <-- AEROEXPRESS /public_html/webpanel/assets/plugins/wysihtml5/src/locales bootstrap-wysihtml5.nl-NL.js
2016.09.14 21:00 B G:\CONTENEDOR\sitios\activos\AEROEXPRESS\webpanel\assets\plugins\wysihtml5\src\locales\bootstrap-wysihtml5.nb-NB.js <-- AEROEXPRESS /public_html/webpanel/assets/plugins/wysihtml5/src/locales bootstrap-wysihtml5.nb-NB.js
2016.09.14 21:00 B G:\CONTENEDOR\sitios\activos\AEROEXPRESS\webpanel\assets\plugins\wysihtml5\src\locales\bootstrap-wysihtml5.mo-MD.js <-- AEROEXPRESS /public_html/webpanel/assets/plugins/wysihtml5/src/locales bootstrap-wysihtml5.mo-MD.js
2016.09.14 21:00 B G:\CONTENEDOR\sitios\activos\AEROEXPRESS\webpanel\assets\plugins\wysihtml5\src\locales\bootstrap-wysihtml5.lt-LT.js <-- AEROEXPRESS /public_html/webpanel/assets/plugins/wysihtml5/src/locales bootstrap-wysihtml5.lt-LT.js
2016.09.14 21:00 B G:\CONTENEDOR\sitios\activos\AEROEXPRESS\webpanel\assets\plugins\wysihtml5\src\locales\bootstrap-wysihtml5.ko-KR.js <-- AEROEXPRESS /public_html/webpanel/assets/plugins/wysihtml5/src/locales bootstrap-wysihtml5.ko-KR.js
2016.09.14 21:00 B G:\CONTENEDOR\sitios\activos\AEROEXPRESS\webpanel\assets\plugins\wysihtml5\src\locales\bootstrap-wysihtml5.ja-JP.js <-- AEROEXPRESS /public_html/webpanel/assets/plugins/wysihtml5/src/locales bootstrap-wysihtml5.ja-JP.js
2016.09.14 21:00 B G:\CONTENEDOR\sitios\activos\AEROEXPRESS\webpanel\assets\plugins\wysihtml5\src\locales\bootstrap-wysihtml5.it-IT.js <-- AEROEXPRESS /public_html/webpanel/assets/plugins/wysihtml5/src/locales bootstrap-wysihtml5.it-IT.js
2016.09.14 21:00 B G:\CONTENEDOR\sitios\activos\AEROEXPRESS\webpanel\assets\plugins\wysihtml5\src\locales\bootstrap-wysihtml5.hr-HR.js <-- AEROEXPRESS /public_html/webpanel/assets/plugins/wysihtml5/src/locales bootstrap-wysihtml5.hr-HR.js
2016.09.14 21:00 B G:\CONTENEDOR\sitios\activos\AEROEXPRESS\webpanel\assets\plugins\wysihtml5\src\locales\bootstrap-wysihtml5.fr-FR.js <-- AEROEXPRESS /public_html/webpanel/assets/plugins/wysihtml5/src/locales bootstrap-wysihtml5.fr-FR.js
2016.09.14 21:00 B G:\CONTENEDOR\sitios\activos\AEROEXPRESS\webpanel\assets\plugins\wysihtml5\src\locales\bootstrap-wysihtml5.es-ES.js <-- AEROEXPRESS /public_html/webpanel/assets/plugins/wysihtml5/src/locales bootstrap-wysihtml5.es-ES.js
2016.09.14 21:00 B G:\CONTENEDOR\sitios\activos\AEROEXPRESS\webpanel\assets\plugins\wysihtml5\src\locales\bootstrap-wysihtml5.es-AR.js <-- AEROEXPRESS /public_html/webpanel/assets/plugins/wysihtml5/src/locales bootstrap-wysihtml5.es-AR.js
2016.09.14 21:00 B G:\CONTENEDOR\sitios\activos\AEROEXPRESS\webpanel\assets\plugins\wysihtml5\src\locales\bootstrap-wysihtml5.el-GR.js <-- AEROEXPRESS /public_html/webpanel/assets/plugins/wysihtml5/src/locales bootstrap-wysihtml5.el-GR.js
2016.09.14 21:00 B G:\CONTENEDOR\sitios\activos\AEROEXPRESS\webpanel\assets\plugins\wysihtml5\src\locales\bootstrap-wysihtml5.de-DE.js <-- AEROEXPRESS /public_html/webpanel/assets/plugins/wysihtml5/src/locales bootstrap-wysihtml5.de-DE.js
2016.09.14 21:00 B G:\CONTENEDOR\sitios\activos\AEROEXPRESS\webpanel\assets\plugins\wysihtml5\src\locales\bootstrap-wysihtml5.da-DK.js <-- AEROEXPRESS /public_html/webpanel/assets/plugins/wysihtml5/src/locales bootstrap-wysihtml5.da-DK.js
2016.09.14 21:00 B G:\CONTENEDOR\sitios\activos\AEROEXPRESS\webpanel\assets\plugins\wysihtml5\src\locales\bootstrap-wysihtml5.cs-CZ.js <-- AEROEXPRESS /public_html/webpanel/assets/plugins/wysihtml5/src/locales bootstrap-wysihtml5.cs-CZ.js
2016.09.14 21:00 B G:\CONTENEDOR\sitios\activos\AEROEXPRESS\webpanel\assets\plugins\wysihtml5\src\locales\bootstrap-wysihtml5.ca-CT.js <-- AEROEXPRESS /public_html/webpanel/assets/plugins/wysihtml5/src/locales bootstrap-wysihtml5.ca-CT.js
2016.09.14 21:00 B G:\CONTENEDOR\sitios\activos\AEROEXPRESS\webpanel\assets\plugins\wysihtml5\src\locales\bootstrap-wysihtml5.bg-BG.js <-- AEROEXPRESS /public_html/webpanel/assets/plugins/wysihtml5/src/locales bootstrap-wysihtml5.bg-BG.js
2016.09.14 21:00 B G:\CONTENEDOR\sitios\activos\AEROEXPRESS\webpanel\assets\plugins\wysihtml5\src\locales\bootstrap-wysihtml5.ar-AR.js <-- AEROEXPRESS /public_html/webpanel/assets/plugins/wysihtml5/src/locales bootstrap-wysihtml5.ar-AR.js
2017.03.15 14:15 B G:\CONTENEDOR\sitios\activos\AEROEXPRESS\webpanel\assets\plugins\wysihtml5\src\locales\bootstrap-wysihtml5.ar-AR.js --> hs20.ihosting.cl /public_html/desarrollo/tlc/webpanel/assets/plugins/wysihtml5/src/locales bootstrap-wysihtml5.ar-AR.js
2017.03.15 14:15 B G:\CONTENEDOR\sitios\activos\AEROEXPRESS\webpanel\assets\plugins\wysihtml5\src\locales\bootstrap-wysihtml5.bg-BG.js --> hs20.ihosting.cl /public_html/desarrollo/tlc/webpanel/assets/plugins/wysihtml5/src/locales bootstrap-wysihtml5.bg-BG.js
2017.03.15 14:15 B G:\CONTENEDOR\sitios\activos\AEROEXPRESS\webpanel\assets\plugins\wysihtml5\src\locales\bootstrap-wysihtml5.ca-CT.js --> hs20.ihosting.cl /public_html/desarrollo/tlc/webpanel/assets/plugins/wysihtml5/src/locales bootstrap-wysihtml5.ca-CT.js
2017.03.15 14:15 B G:\CONTENEDOR\sitios\activos\AEROEXPRESS\webpanel\assets\plugins\wysihtml5\src\locales\bootstrap-wysihtml5.cs-CZ.js --> hs20.ihosting.cl /public_html/desarrollo/tlc/webpanel/assets/plugins/wysihtml5/src/locales bootstrap-wysihtml5.cs-CZ.js
2017.03.15 14:15 B G:\CONTENEDOR\sitios\activos\AEROEXPRESS\webpanel\assets\plugins\wysihtml5\src\locales\bootstrap-wysihtml5.da-DK.js --> hs20.ihosting.cl /public_html/desarrollo/tlc/webpanel/assets/plugins/wysihtml5/src/locales bootstrap-wysihtml5.da-DK.js
2017.03.15 14:15 B G:\CONTENEDOR\sitios\activos\AEROEXPRESS\webpanel\assets\plugins\wysihtml5\src\locales\bootstrap-wysihtml5.de-DE.js --> hs20.ihosting.cl /public_html/desarrollo/tlc/webpanel/assets/plugins/wysihtml5/src/locales bootstrap-wysihtml5.de-DE.js
2017.03.15 14:15 B G:\CONTENEDOR\sitios\activos\AEROEXPRESS\webpanel\assets\plugins\wysihtml5\src\locales\bootstrap-wysihtml5.el-GR.js --> hs20.ihosting.cl /public_html/desarrollo/tlc/webpanel/assets/plugins/wysihtml5/src/locales bootstrap-wysihtml5.el-GR.js
2017.03.15 14:15 B G:\CONTENEDOR\sitios\activos\AEROEXPRESS\webpanel\assets\plugins\wysihtml5\src\locales\bootstrap-wysihtml5.es-AR.js --> hs20.ihosting.cl /public_html/desarrollo/tlc/webpanel/assets/plugins/wysihtml5/src/locales bootstrap-wysihtml5.es-AR.js
2017.03.15 14:15 B G:\CONTENEDOR\sitios\activos\AEROEXPRESS\webpanel\assets\plugins\wysihtml5\src\locales\bootstrap-wysihtml5.es-ES.js --> hs20.ihosting.cl /public_html/desarrollo/tlc/webpanel/assets/plugins/wysihtml5/src/locales bootstrap-wysihtml5.es-ES.js
2017.03.15 14:15 B G:\CONTENEDOR\sitios\activos\AEROEXPRESS\webpanel\assets\plugins\wysihtml5\src\locales\bootstrap-wysihtml5.fr-FR.js --> hs20.ihosting.cl /public_html/desarrollo/tlc/webpanel/assets/plugins/wysihtml5/src/locales bootstrap-wysihtml5.fr-FR.js
2017.03.15 14:15 B G:\CONTENEDOR\sitios\activos\AEROEXPRESS\webpanel\assets\plugins\wysihtml5\src\locales\bootstrap-wysihtml5.hr-HR.js --> hs20.ihosting.cl /public_html/desarrollo/tlc/webpanel/assets/plugins/wysihtml5/src/locales bootstrap-wysihtml5.hr-HR.js
2017.03.15 14:15 B G:\CONTENEDOR\sitios\activos\AEROEXPRESS\webpanel\assets\plugins\wysihtml5\src\locales\bootstrap-wysihtml5.it-IT.js --> hs20.ihosting.cl /public_html/desarrollo/tlc/webpanel/assets/plugins/wysihtml5/src/locales bootstrap-wysihtml5.it-IT.js
2017.03.15 14:15 B G:\CONTENEDOR\sitios\activos\AEROEXPRESS\webpanel\assets\plugins\wysihtml5\src\locales\bootstrap-wysihtml5.ja-JP.js --> hs20.ihosting.cl /public_html/desarrollo/tlc/webpanel/assets/plugins/wysihtml5/src/locales bootstrap-wysihtml5.ja-JP.js
2017.03.15 14:15 B G:\CONTENEDOR\sitios\activos\AEROEXPRESS\webpanel\assets\plugins\wysihtml5\src\locales\bootstrap-wysihtml5.ko-KR.js --> hs20.ihosting.cl /public_html/desarrollo/tlc/webpanel/assets/plugins/wysihtml5/src/locales bootstrap-wysihtml5.ko-KR.js
2017.03.15 14:15 B G:\CONTENEDOR\sitios\activos\AEROEXPRESS\webpanel\assets\plugins\wysihtml5\src\locales\bootstrap-wysihtml5.lt-LT.js --> hs20.ihosting.cl /public_html/desarrollo/tlc/webpanel/assets/plugins/wysihtml5/src/locales bootstrap-wysihtml5.lt-LT.js
2017.03.15 14:15 B G:\CONTENEDOR\sitios\activos\AEROEXPRESS\webpanel\assets\plugins\wysihtml5\src\locales\bootstrap-wysihtml5.mo-MD.js --> hs20.ihosting.cl /public_html/desarrollo/tlc/webpanel/assets/plugins/wysihtml5/src/locales bootstrap-wysihtml5.mo-MD.js
2017.03.15 14:15 B G:\CONTENEDOR\sitios\activos\AEROEXPRESS\webpanel\assets\plugins\wysihtml5\src\locales\bootstrap-wysihtml5.nb-NB.js --> hs20.ihosting.cl /public_html/desarrollo/tlc/webpanel/assets/plugins/wysihtml5/src/locales bootstrap-wysihtml5.nb-NB.js
2017.03.15 14:15 B G:\CONTENEDOR\sitios\activos\AEROEXPRESS\webpanel\assets\plugins\wysihtml5\src\locales\bootstrap-wysihtml5.nl-NL.js --> hs20.ihosting.cl /public_html/desarrollo/tlc/webpanel/assets/plugins/wysihtml5/src/locales bootstrap-wysihtml5.nl-NL.js
2017.03.15 14:15 B G:\CONTENEDOR\sitios\activos\AEROEXPRESS\webpanel\assets\plugins\wysihtml5\src\locales\bootstrap-wysihtml5.pl-PL.js --> hs20.ihosting.cl /public_html/desarrollo/tlc/webpanel/assets/plugins/wysihtml5/src/locales bootstrap-wysihtml5.pl-PL.js
2017.03.15 14:15 B G:\CONTENEDOR\sitios\activos\AEROEXPRESS\webpanel\assets\plugins\wysihtml5\src\locales\bootstrap-wysihtml5.pt-BR.js --> hs20.ihosting.cl /public_html/desarrollo/tlc/webpanel/assets/plugins/wysihtml5/src/locales bootstrap-wysihtml5.pt-BR.js
2017.03.15 14:15 B G:\CONTENEDOR\sitios\activos\AEROEXPRESS\webpanel\assets\plugins\wysihtml5\src\locales\bootstrap-wysihtml5.ru-RU.js --> hs20.ihosting.cl /public_html/desarrollo/tlc/webpanel/assets/plugins/wysihtml5/src/locales bootstrap-wysihtml5.ru-RU.js
2017.03.15 14:15 B G:\CONTENEDOR\sitios\activos\AEROEXPRESS\webpanel\assets\plugins\wysihtml5\src\locales\bootstrap-wysihtml5.sk-SK.js --> hs20.ihosting.cl /public_html/desarrollo/tlc/webpanel/assets/plugins/wysihtml5/src/locales bootstrap-wysihtml5.sk-SK.js
2017.03.15 14:15 B G:\CONTENEDOR\sitios\activos\AEROEXPRESS\webpanel\assets\plugins\wysihtml5\src\locales\bootstrap-wysihtml5.sv-SE.js --> hs20.ihosting.cl /public_html/desarrollo/tlc/webpanel/assets/plugins/wysihtml5/src/locales bootstrap-wysihtml5.sv-SE.js
2017.03.15 14:15 B G:\CONTENEDOR\sitios\activos\AEROEXPRESS\webpanel\assets\plugins\wysihtml5\src\locales\bootstrap-wysihtml5.tr-TR.js --> hs20.ihosting.cl /public_html/desarrollo/tlc/webpanel/assets/plugins/wysihtml5/src/locales bootstrap-wysihtml5.tr-TR.js
2017.03.15 14:15 B G:\CONTENEDOR\sitios\activos\AEROEXPRESS\webpanel\assets\plugins\wysihtml5\src\locales\bootstrap-wysihtml5.ua-UA.js --> hs20.ihosting.cl /public_html/desarrollo/tlc/webpanel/assets/plugins/wysihtml5/src/locales bootstrap-wysihtml5.ua-UA.js
2017.03.15 14:15 B G:\CONTENEDOR\sitios\activos\AEROEXPRESS\webpanel\assets\plugins\wysihtml5\src\locales\bootstrap-wysihtml5.zh-CN.js --> hs20.ihosting.cl /public_html/desarrollo/tlc/webpanel/assets/plugins/wysihtml5/src/locales bootstrap-wysihtml5.zh-CN.js
2017.03.15 14:15 B G:\CONTENEDOR\sitios\activos\AEROEXPRESS\webpanel\assets\plugins\wysihtml5\src\locales\bootstrap-wysihtml5.zh-TW.js --> hs20.ihosting.cl /public_html/desarrollo/tlc/webpanel/assets/plugins/wysihtml5/src/locales bootstrap-wysihtml5.zh-TW.js
2017.03.15 14:15 B G:\CONTENEDOR\sitios\activos\AEROEXPRESS\webpanel\assets\plugins\wysihtml5\src\locales\WS_FTP.LOG --> hs20.ihosting.cl /public_html/desarrollo/tlc/webpanel/assets/plugins/wysihtml5/src/locales WS_FTP.LOG
2017.05.01 19:26 B G:\CONTENEDOR\sitios\activos\tlc\webpanel\assets\plugins\wysihtml5\src\locales\WS_FTP.LOG --> hs33.ihosting.cl /public_html/webpanel/assets/plugins/wysihtml5/src/locales WS_FTP.LOG
2017.05.01 19:26 B G:\CONTENEDOR\sitios\activos\tlc\webpanel\assets\plugins\wysihtml5\src\locales\bootstrap-wysihtml5.zh-TW.js --> hs33.ihosting.cl /public_html/webpanel/assets/plugins/wysihtml5/src/locales bootstrap-wysihtml5.zh-TW.js
2017.05.01 19:26 B G:\CONTENEDOR\sitios\activos\tlc\webpanel\assets\plugins\wysihtml5\src\locales\bootstrap-wysihtml5.zh-CN.js --> hs33.ihosting.cl /public_html/webpanel/assets/plugins/wysihtml5/src/locales bootstrap-wysihtml5.zh-CN.js
2017.05.01 19:26 B G:\CONTENEDOR\sitios\activos\tlc\webpanel\assets\plugins\wysihtml5\src\locales\bootstrap-wysihtml5.ua-UA.js --> hs33.ihosting.cl /public_html/webpanel/assets/plugins/wysihtml5/src/locales bootstrap-wysihtml5.ua-UA.js
2017.05.01 19:26 B G:\CONTENEDOR\sitios\activos\tlc\webpanel\assets\plugins\wysihtml5\src\locales\bootstrap-wysihtml5.tr-TR.js --> hs33.ihosting.cl /public_html/webpanel/assets/plugins/wysihtml5/src/locales bootstrap-wysihtml5.tr-TR.js
2017.05.01 19:26 B G:\CONTENEDOR\sitios\activos\tlc\webpanel\assets\plugins\wysihtml5\src\locales\bootstrap-wysihtml5.sv-SE.js --> hs33.ihosting.cl /public_html/webpanel/assets/plugins/wysihtml5/src/locales bootstrap-wysihtml5.sv-SE.js
2017.05.01 19:26 B G:\CONTENEDOR\sitios\activos\tlc\webpanel\assets\plugins\wysihtml5\src\locales\bootstrap-wysihtml5.sk-SK.js --> hs33.ihosting.cl /public_html/webpanel/assets/plugins/wysihtml5/src/locales bootstrap-wysihtml5.sk-SK.js
2017.05.01 19:26 B G:\CONTENEDOR\sitios\activos\tlc\webpanel\assets\plugins\wysihtml5\src\locales\bootstrap-wysihtml5.ru-RU.js --> hs33.ihosting.cl /public_html/webpanel/assets/plugins/wysihtml5/src/locales bootstrap-wysihtml5.ru-RU.js
2017.05.01 19:26 B G:\CONTENEDOR\sitios\activos\tlc\webpanel\assets\plugins\wysihtml5\src\locales\bootstrap-wysihtml5.pt-BR.js --> hs33.ihosting.cl /public_html/webpanel/assets/plugins/wysihtml5/src/locales bootstrap-wysihtml5.pt-BR.js
2017.05.01 19:26 B G:\CONTENEDOR\sitios\activos\tlc\webpanel\assets\plugins\wysihtml5\src\locales\bootstrap-wysihtml5.pl-PL.js --> hs33.ihosting.cl /public_html/webpanel/assets/plugins/wysihtml5/src/locales bootstrap-wysihtml5.pl-PL.js
2017.05.01 19:26 B G:\CONTENEDOR\sitios\activos\tlc\webpanel\assets\plugins\wysihtml5\src\locales\bootstrap-wysihtml5.nl-NL.js --> hs33.ihosting.cl /public_html/webpanel/assets/plugins/wysihtml5/src/locales bootstrap-wysihtml5.nl-NL.js
2017.05.01 19:26 B G:\CONTENEDOR\sitios\activos\tlc\webpanel\assets\plugins\wysihtml5\src\locales\bootstrap-wysihtml5.nb-NB.js --> hs33.ihosting.cl /public_html/webpanel/assets/plugins/wysihtml5/src/locales bootstrap-wysihtml5.nb-NB.js
2017.05.01 19:26 B G:\CONTENEDOR\sitios\activos\tlc\webpanel\assets\plugins\wysihtml5\src\locales\bootstrap-wysihtml5.mo-MD.js --> hs33.ihosting.cl /public_html/webpanel/assets/plugins/wysihtml5/src/locales bootstrap-wysihtml5.mo-MD.js
2017.05.01 19:26 B G:\CONTENEDOR\sitios\activos\tlc\webpanel\assets\plugins\wysihtml5\src\locales\bootstrap-wysihtml5.lt-LT.js --> hs33.ihosting.cl /public_html/webpanel/assets/plugins/wysihtml5/src/locales bootstrap-wysihtml5.lt-LT.js
2017.05.01 19:26 B G:\CONTENEDOR\sitios\activos\tlc\webpanel\assets\plugins\wysihtml5\src\locales\bootstrap-wysihtml5.ko-KR.js --> hs33.ihosting.cl /public_html/webpanel/assets/plugins/wysihtml5/src/locales bootstrap-wysihtml5.ko-KR.js
2017.05.01 19:26 B G:\CONTENEDOR\sitios\activos\tlc\webpanel\assets\plugins\wysihtml5\src\locales\bootstrap-wysihtml5.ja-JP.js --> hs33.ihosting.cl /public_html/webpanel/assets/plugins/wysihtml5/src/locales bootstrap-wysihtml5.ja-JP.js
2017.05.01 19:26 B G:\CONTENEDOR\sitios\activos\tlc\webpanel\assets\plugins\wysihtml5\src\locales\bootstrap-wysihtml5.it-IT.js --> hs33.ihosting.cl /public_html/webpanel/assets/plugins/wysihtml5/src/locales bootstrap-wysihtml5.it-IT.js
2017.05.01 19:26 B G:\CONTENEDOR\sitios\activos\tlc\webpanel\assets\plugins\wysihtml5\src\locales\bootstrap-wysihtml5.hr-HR.js --> hs33.ihosting.cl /public_html/webpanel/assets/plugins/wysihtml5/src/locales bootstrap-wysihtml5.hr-HR.js
2017.05.01 19:26 B G:\CONTENEDOR\sitios\activos\tlc\webpanel\assets\plugins\wysihtml5\src\locales\bootstrap-wysihtml5.fr-FR.js --> hs33.ihosting.cl /public_html/webpanel/assets/plugins/wysihtml5/src/locales bootstrap-wysihtml5.fr-FR.js
2017.05.01 19:26 B G:\CONTENEDOR\sitios\activos\tlc\webpanel\assets\plugins\wysihtml5\src\locales\bootstrap-wysihtml5.es-ES.js --> hs33.ihosting.cl /public_html/webpanel/assets/plugins/wysihtml5/src/locales bootstrap-wysihtml5.es-ES.js
2017.05.01 19:26 B G:\CONTENEDOR\sitios\activos\tlc\webpanel\assets\plugins\wysihtml5\src\locales\bootstrap-wysihtml5.es-AR.js --> hs33.ihosting.cl /public_html/webpanel/assets/plugins/wysihtml5/src/locales bootstrap-wysihtml5.es-AR.js
2017.05.01 19:26 B G:\CONTENEDOR\sitios\activos\tlc\webpanel\assets\plugins\wysihtml5\src\locales\bootstrap-wysihtml5.el-GR.js --> hs33.ihosting.cl /public_html/webpanel/assets/plugins/wysihtml5/src/locales bootstrap-wysihtml5.el-GR.js
2017.05.01 19:26 B G:\CONTENEDOR\sitios\activos\tlc\webpanel\assets\plugins\wysihtml5\src\locales\bootstrap-wysihtml5.de-DE.js --> hs33.ihosting.cl /public_html/webpanel/assets/plugins/wysihtml5/src/locales bootstrap-wysihtml5.de-DE.js
2017.05.01 19:26 B G:\CONTENEDOR\sitios\activos\tlc\webpanel\assets\plugins\wysihtml5\src\locales\bootstrap-wysihtml5.da-DK.js --> hs33.ihosting.cl /public_html/webpanel/assets/plugins/wysihtml5/src/locales bootstrap-wysihtml5.da-DK.js
2017.05.01 19:26 B G:\CONTENEDOR\sitios\activos\tlc\webpanel\assets\plugins\wysihtml5\src\locales\bootstrap-wysihtml5.cs-CZ.js --> hs33.ihosting.cl /public_html/webpanel/assets/plugins/wysihtml5/src/locales bootstrap-wysihtml5.cs-CZ.js
2017.05.01 19:26 B G:\CONTENEDOR\sitios\activos\tlc\webpanel\assets\plugins\wysihtml5\src\locales\bootstrap-wysihtml5.ca-CT.js --> hs33.ihosting.cl /public_html/webpanel/assets/plugins/wysihtml5/src/locales bootstrap-wysihtml5.ca-CT.js
2017.05.01 19:26 B G:\CONTENEDOR\sitios\activos\tlc\webpanel\assets\plugins\wysihtml5\src\locales\bootstrap-wysihtml5.bg-BG.js --> hs33.ihosting.cl /public_html/webpanel/assets/plugins/wysihtml5/src/locales bootstrap-wysihtml5.bg-BG.js
2017.05.01 19:26 B G:\CONTENEDOR\sitios\activos\tlc\webpanel\assets\plugins\wysihtml5\src\locales\bootstrap-wysihtml5.ar-AR.js --> hs33.ihosting.cl /public_html/webpanel/assets/plugins/wysihtml5/src/locales bootstrap-wysihtml5.ar-AR.js
