2016.09.14 21:01 B G:\CONTENEDOR\sitios\activos\AEROEXPRESS\webpanel\assets\plugins\timepicker\spec\js\libs\bootstrap\docs\assets\js\README.md <-- AEROEXPRESS /public_html/webpanel/assets/plugins/timepicker/spec/js/libs/bootstrap/docs/assets/js README.md
2016.09.14 21:01 B G:\CONTENEDOR\sitios\activos\AEROEXPRESS\webpanel\assets\plugins\timepicker\spec\js\libs\bootstrap\docs\assets\js\jquery.js <-- AEROEXPRESS /public_html/webpanel/assets/plugins/timepicker/spec/js/libs/bootstrap/docs/assets/js jquery.js
2016.09.14 21:01 B G:\CONTENEDOR\sitios\activos\AEROEXPRESS\webpanel\assets\plugins\timepicker\spec\js\libs\bootstrap\docs\assets\js\html5shiv.js <-- AEROEXPRESS /public_html/webpanel/assets/plugins/timepicker/spec/js/libs/bootstrap/docs/assets/js html5shiv.js
2016.09.14 21:01 B G:\CONTENEDOR\sitios\activos\AEROEXPRESS\webpanel\assets\plugins\timepicker\spec\js\libs\bootstrap\docs\assets\js\bootstrap.min.js <-- AEROEXPRESS /public_html/webpanel/assets/plugins/timepicker/spec/js/libs/bootstrap/docs/assets/js bootstrap.min.js
2016.09.14 21:01 B G:\CONTENEDOR\sitios\activos\AEROEXPRESS\webpanel\assets\plugins\timepicker\spec\js\libs\bootstrap\docs\assets\js\bootstrap.js <-- AEROEXPRESS /public_html/webpanel/assets/plugins/timepicker/spec/js/libs/bootstrap/docs/assets/js bootstrap.js
2016.09.14 21:01 B G:\CONTENEDOR\sitios\activos\AEROEXPRESS\webpanel\assets\plugins\timepicker\spec\js\libs\bootstrap\docs\assets\js\bootstrap-typeahead.js <-- AEROEXPRESS /public_html/webpanel/assets/plugins/timepicker/spec/js/libs/bootstrap/docs/assets/js bootstrap-typeahead.js
2016.09.14 21:01 B G:\CONTENEDOR\sitios\activos\AEROEXPRESS\webpanel\assets\plugins\timepicker\spec\js\libs\bootstrap\docs\assets\js\bootstrap-transition.js <-- AEROEXPRESS /public_html/webpanel/assets/plugins/timepicker/spec/js/libs/bootstrap/docs/assets/js bootstrap-transition.js
2016.09.14 21:01 B G:\CONTENEDOR\sitios\activos\AEROEXPRESS\webpanel\assets\plugins\timepicker\spec\js\libs\bootstrap\docs\assets\js\bootstrap-tooltip.js <-- AEROEXPRESS /public_html/webpanel/assets/plugins/timepicker/spec/js/libs/bootstrap/docs/assets/js bootstrap-tooltip.js
2016.09.14 21:01 B G:\CONTENEDOR\sitios\activos\AEROEXPRESS\webpanel\assets\plugins\timepicker\spec\js\libs\bootstrap\docs\assets\js\bootstrap-tab.js <-- AEROEXPRESS /public_html/webpanel/assets/plugins/timepicker/spec/js/libs/bootstrap/docs/assets/js bootstrap-tab.js
2016.09.14 21:01 B G:\CONTENEDOR\sitios\activos\AEROEXPRESS\webpanel\assets\plugins\timepicker\spec\js\libs\bootstrap\docs\assets\js\bootstrap-scrollspy.js <-- AEROEXPRESS /public_html/webpanel/assets/plugins/timepicker/spec/js/libs/bootstrap/docs/assets/js bootstrap-scrollspy.js
2016.09.14 21:01 B G:\CONTENEDOR\sitios\activos\AEROEXPRESS\webpanel\assets\plugins\timepicker\spec\js\libs\bootstrap\docs\assets\js\bootstrap-popover.js <-- AEROEXPRESS /public_html/webpanel/assets/plugins/timepicker/spec/js/libs/bootstrap/docs/assets/js bootstrap-popover.js
2016.09.14 21:01 B G:\CONTENEDOR\sitios\activos\AEROEXPRESS\webpanel\assets\plugins\timepicker\spec\js\libs\bootstrap\docs\assets\js\bootstrap-modal.js <-- AEROEXPRESS /public_html/webpanel/assets/plugins/timepicker/spec/js/libs/bootstrap/docs/assets/js bootstrap-modal.js
2016.09.14 21:01 B G:\CONTENEDOR\sitios\activos\AEROEXPRESS\webpanel\assets\plugins\timepicker\spec\js\libs\bootstrap\docs\assets\js\bootstrap-dropdown.js <-- AEROEXPRESS /public_html/webpanel/assets/plugins/timepicker/spec/js/libs/bootstrap/docs/assets/js bootstrap-dropdown.js
2016.09.14 21:01 B G:\CONTENEDOR\sitios\activos\AEROEXPRESS\webpanel\assets\plugins\timepicker\spec\js\libs\bootstrap\docs\assets\js\bootstrap-collapse.js <-- AEROEXPRESS /public_html/webpanel/assets/plugins/timepicker/spec/js/libs/bootstrap/docs/assets/js bootstrap-collapse.js
2016.09.14 21:01 B G:\CONTENEDOR\sitios\activos\AEROEXPRESS\webpanel\assets\plugins\timepicker\spec\js\libs\bootstrap\docs\assets\js\bootstrap-carousel.js <-- AEROEXPRESS /public_html/webpanel/assets/plugins/timepicker/spec/js/libs/bootstrap/docs/assets/js bootstrap-carousel.js
2016.09.14 21:01 B G:\CONTENEDOR\sitios\activos\AEROEXPRESS\webpanel\assets\plugins\timepicker\spec\js\libs\bootstrap\docs\assets\js\bootstrap-button.js <-- AEROEXPRESS /public_html/webpanel/assets/plugins/timepicker/spec/js/libs/bootstrap/docs/assets/js bootstrap-button.js
2016.09.14 21:01 B G:\CONTENEDOR\sitios\activos\AEROEXPRESS\webpanel\assets\plugins\timepicker\spec\js\libs\bootstrap\docs\assets\js\bootstrap-alert.js <-- AEROEXPRESS /public_html/webpanel/assets/plugins/timepicker/spec/js/libs/bootstrap/docs/assets/js bootstrap-alert.js
2016.09.14 21:01 B G:\CONTENEDOR\sitios\activos\AEROEXPRESS\webpanel\assets\plugins\timepicker\spec\js\libs\bootstrap\docs\assets\js\bootstrap-affix.js <-- AEROEXPRESS /public_html/webpanel/assets/plugins/timepicker/spec/js/libs/bootstrap/docs/assets/js bootstrap-affix.js
2016.09.14 21:01 B G:\CONTENEDOR\sitios\activos\AEROEXPRESS\webpanel\assets\plugins\timepicker\spec\js\libs\bootstrap\docs\assets\js\application.js <-- AEROEXPRESS /public_html/webpanel/assets/plugins/timepicker/spec/js/libs/bootstrap/docs/assets/js application.js
2017.03.15 14:13 B G:\CONTENEDOR\sitios\activos\AEROEXPRESS\webpanel\assets\plugins\timepicker\spec\js\libs\bootstrap\docs\assets\js\application.js --> hs20.ihosting.cl /public_html/desarrollo/tlc/webpanel/assets/plugins/timepicker/spec/js/libs/bootstrap/docs/assets/js application.js
2017.03.15 14:13 B G:\CONTENEDOR\sitios\activos\AEROEXPRESS\webpanel\assets\plugins\timepicker\spec\js\libs\bootstrap\docs\assets\js\bootstrap-affix.js --> hs20.ihosting.cl /public_html/desarrollo/tlc/webpanel/assets/plugins/timepicker/spec/js/libs/bootstrap/docs/assets/js bootstrap-affix.js
2017.03.15 14:13 B G:\CONTENEDOR\sitios\activos\AEROEXPRESS\webpanel\assets\plugins\timepicker\spec\js\libs\bootstrap\docs\assets\js\bootstrap-alert.js --> hs20.ihosting.cl /public_html/desarrollo/tlc/webpanel/assets/plugins/timepicker/spec/js/libs/bootstrap/docs/assets/js bootstrap-alert.js
2017.03.15 14:13 B G:\CONTENEDOR\sitios\activos\AEROEXPRESS\webpanel\assets\plugins\timepicker\spec\js\libs\bootstrap\docs\assets\js\bootstrap-button.js --> hs20.ihosting.cl /public_html/desarrollo/tlc/webpanel/assets/plugins/timepicker/spec/js/libs/bootstrap/docs/assets/js bootstrap-button.js
2017.03.15 14:13 B G:\CONTENEDOR\sitios\activos\AEROEXPRESS\webpanel\assets\plugins\timepicker\spec\js\libs\bootstrap\docs\assets\js\bootstrap-carousel.js --> hs20.ihosting.cl /public_html/desarrollo/tlc/webpanel/assets/plugins/timepicker/spec/js/libs/bootstrap/docs/assets/js bootstrap-carousel.js
2017.03.15 14:13 B G:\CONTENEDOR\sitios\activos\AEROEXPRESS\webpanel\assets\plugins\timepicker\spec\js\libs\bootstrap\docs\assets\js\bootstrap-collapse.js --> hs20.ihosting.cl /public_html/desarrollo/tlc/webpanel/assets/plugins/timepicker/spec/js/libs/bootstrap/docs/assets/js bootstrap-collapse.js
2017.03.15 14:13 B G:\CONTENEDOR\sitios\activos\AEROEXPRESS\webpanel\assets\plugins\timepicker\spec\js\libs\bootstrap\docs\assets\js\bootstrap-dropdown.js --> hs20.ihosting.cl /public_html/desarrollo/tlc/webpanel/assets/plugins/timepicker/spec/js/libs/bootstrap/docs/assets/js bootstrap-dropdown.js
2017.03.15 14:13 B G:\CONTENEDOR\sitios\activos\AEROEXPRESS\webpanel\assets\plugins\timepicker\spec\js\libs\bootstrap\docs\assets\js\bootstrap-modal.js --> hs20.ihosting.cl /public_html/desarrollo/tlc/webpanel/assets/plugins/timepicker/spec/js/libs/bootstrap/docs/assets/js bootstrap-modal.js
2017.03.15 14:13 B G:\CONTENEDOR\sitios\activos\AEROEXPRESS\webpanel\assets\plugins\timepicker\spec\js\libs\bootstrap\docs\assets\js\bootstrap-popover.js --> hs20.ihosting.cl /public_html/desarrollo/tlc/webpanel/assets/plugins/timepicker/spec/js/libs/bootstrap/docs/assets/js bootstrap-popover.js
2017.03.15 14:13 B G:\CONTENEDOR\sitios\activos\AEROEXPRESS\webpanel\assets\plugins\timepicker\spec\js\libs\bootstrap\docs\assets\js\bootstrap-scrollspy.js --> hs20.ihosting.cl /public_html/desarrollo/tlc/webpanel/assets/plugins/timepicker/spec/js/libs/bootstrap/docs/assets/js bootstrap-scrollspy.js
2017.03.15 14:13 B G:\CONTENEDOR\sitios\activos\AEROEXPRESS\webpanel\assets\plugins\timepicker\spec\js\libs\bootstrap\docs\assets\js\bootstrap-tab.js --> hs20.ihosting.cl /public_html/desarrollo/tlc/webpanel/assets/plugins/timepicker/spec/js/libs/bootstrap/docs/assets/js bootstrap-tab.js
2017.03.15 14:13 B G:\CONTENEDOR\sitios\activos\AEROEXPRESS\webpanel\assets\plugins\timepicker\spec\js\libs\bootstrap\docs\assets\js\bootstrap-tooltip.js --> hs20.ihosting.cl /public_html/desarrollo/tlc/webpanel/assets/plugins/timepicker/spec/js/libs/bootstrap/docs/assets/js bootstrap-tooltip.js
2017.03.15 14:13 B G:\CONTENEDOR\sitios\activos\AEROEXPRESS\webpanel\assets\plugins\timepicker\spec\js\libs\bootstrap\docs\assets\js\bootstrap-transition.js --> hs20.ihosting.cl /public_html/desarrollo/tlc/webpanel/assets/plugins/timepicker/spec/js/libs/bootstrap/docs/assets/js bootstrap-transition.js
2017.03.15 14:13 B G:\CONTENEDOR\sitios\activos\AEROEXPRESS\webpanel\assets\plugins\timepicker\spec\js\libs\bootstrap\docs\assets\js\bootstrap-typeahead.js --> hs20.ihosting.cl /public_html/desarrollo/tlc/webpanel/assets/plugins/timepicker/spec/js/libs/bootstrap/docs/assets/js bootstrap-typeahead.js
2017.03.15 14:13 B G:\CONTENEDOR\sitios\activos\AEROEXPRESS\webpanel\assets\plugins\timepicker\spec\js\libs\bootstrap\docs\assets\js\bootstrap.js --> hs20.ihosting.cl /public_html/desarrollo/tlc/webpanel/assets/plugins/timepicker/spec/js/libs/bootstrap/docs/assets/js bootstrap.js
2017.03.15 14:13 B G:\CONTENEDOR\sitios\activos\AEROEXPRESS\webpanel\assets\plugins\timepicker\spec\js\libs\bootstrap\docs\assets\js\bootstrap.min.js --> hs20.ihosting.cl /public_html/desarrollo/tlc/webpanel/assets/plugins/timepicker/spec/js/libs/bootstrap/docs/assets/js bootstrap.min.js
2017.03.15 14:13 B G:\CONTENEDOR\sitios\activos\AEROEXPRESS\webpanel\assets\plugins\timepicker\spec\js\libs\bootstrap\docs\assets\js\html5shiv.js --> hs20.ihosting.cl /public_html/desarrollo/tlc/webpanel/assets/plugins/timepicker/spec/js/libs/bootstrap/docs/assets/js html5shiv.js
2017.03.15 14:13 B G:\CONTENEDOR\sitios\activos\AEROEXPRESS\webpanel\assets\plugins\timepicker\spec\js\libs\bootstrap\docs\assets\js\jquery.js --> hs20.ihosting.cl /public_html/desarrollo/tlc/webpanel/assets/plugins/timepicker/spec/js/libs/bootstrap/docs/assets/js jquery.js
2017.03.15 14:13 B G:\CONTENEDOR\sitios\activos\AEROEXPRESS\webpanel\assets\plugins\timepicker\spec\js\libs\bootstrap\docs\assets\js\README.md --> hs20.ihosting.cl /public_html/desarrollo/tlc/webpanel/assets/plugins/timepicker/spec/js/libs/bootstrap/docs/assets/js README.md
2017.03.15 14:13 B G:\CONTENEDOR\sitios\activos\AEROEXPRESS\webpanel\assets\plugins\timepicker\spec\js\libs\bootstrap\docs\assets\js\WS_FTP.LOG --> hs20.ihosting.cl /public_html/desarrollo/tlc/webpanel/assets/plugins/timepicker/spec/js/libs/bootstrap/docs/assets/js WS_FTP.LOG
2017.05.01 19:31 B G:\CONTENEDOR\sitios\activos\tlc\webpanel\assets\plugins\timepicker\spec\js\libs\bootstrap\docs\assets\js\WS_FTP.LOG --> hs33.ihosting.cl /public_html/webpanel/assets/plugins/timepicker/spec/js/libs/bootstrap/docs/assets/js WS_FTP.LOG
2017.05.01 19:31 B G:\CONTENEDOR\sitios\activos\tlc\webpanel\assets\plugins\timepicker\spec\js\libs\bootstrap\docs\assets\js\README.md --> hs33.ihosting.cl /public_html/webpanel/assets/plugins/timepicker/spec/js/libs/bootstrap/docs/assets/js README.md
2017.05.01 19:31 B G:\CONTENEDOR\sitios\activos\tlc\webpanel\assets\plugins\timepicker\spec\js\libs\bootstrap\docs\assets\js\jquery.js --> hs33.ihosting.cl /public_html/webpanel/assets/plugins/timepicker/spec/js/libs/bootstrap/docs/assets/js jquery.js
2017.05.01 19:31 B G:\CONTENEDOR\sitios\activos\tlc\webpanel\assets\plugins\timepicker\spec\js\libs\bootstrap\docs\assets\js\html5shiv.js --> hs33.ihosting.cl /public_html/webpanel/assets/plugins/timepicker/spec/js/libs/bootstrap/docs/assets/js html5shiv.js
2017.05.01 19:31 B G:\CONTENEDOR\sitios\activos\tlc\webpanel\assets\plugins\timepicker\spec\js\libs\bootstrap\docs\assets\js\bootstrap.min.js --> hs33.ihosting.cl /public_html/webpanel/assets/plugins/timepicker/spec/js/libs/bootstrap/docs/assets/js bootstrap.min.js
2017.05.01 19:31 B G:\CONTENEDOR\sitios\activos\tlc\webpanel\assets\plugins\timepicker\spec\js\libs\bootstrap\docs\assets\js\bootstrap.js --> hs33.ihosting.cl /public_html/webpanel/assets/plugins/timepicker/spec/js/libs/bootstrap/docs/assets/js bootstrap.js
2017.05.01 19:31 B G:\CONTENEDOR\sitios\activos\tlc\webpanel\assets\plugins\timepicker\spec\js\libs\bootstrap\docs\assets\js\bootstrap-typeahead.js --> hs33.ihosting.cl /public_html/webpanel/assets/plugins/timepicker/spec/js/libs/bootstrap/docs/assets/js bootstrap-typeahead.js
2017.05.01 19:31 B G:\CONTENEDOR\sitios\activos\tlc\webpanel\assets\plugins\timepicker\spec\js\libs\bootstrap\docs\assets\js\bootstrap-transition.js --> hs33.ihosting.cl /public_html/webpanel/assets/plugins/timepicker/spec/js/libs/bootstrap/docs/assets/js bootstrap-transition.js
2017.05.01 19:31 B G:\CONTENEDOR\sitios\activos\tlc\webpanel\assets\plugins\timepicker\spec\js\libs\bootstrap\docs\assets\js\bootstrap-tooltip.js --> hs33.ihosting.cl /public_html/webpanel/assets/plugins/timepicker/spec/js/libs/bootstrap/docs/assets/js bootstrap-tooltip.js
2017.05.01 19:31 B G:\CONTENEDOR\sitios\activos\tlc\webpanel\assets\plugins\timepicker\spec\js\libs\bootstrap\docs\assets\js\bootstrap-tab.js --> hs33.ihosting.cl /public_html/webpanel/assets/plugins/timepicker/spec/js/libs/bootstrap/docs/assets/js bootstrap-tab.js
2017.05.01 19:31 B G:\CONTENEDOR\sitios\activos\tlc\webpanel\assets\plugins\timepicker\spec\js\libs\bootstrap\docs\assets\js\bootstrap-scrollspy.js --> hs33.ihosting.cl /public_html/webpanel/assets/plugins/timepicker/spec/js/libs/bootstrap/docs/assets/js bootstrap-scrollspy.js
2017.05.01 19:31 B G:\CONTENEDOR\sitios\activos\tlc\webpanel\assets\plugins\timepicker\spec\js\libs\bootstrap\docs\assets\js\bootstrap-popover.js --> hs33.ihosting.cl /public_html/webpanel/assets/plugins/timepicker/spec/js/libs/bootstrap/docs/assets/js bootstrap-popover.js
2017.05.01 19:31 B G:\CONTENEDOR\sitios\activos\tlc\webpanel\assets\plugins\timepicker\spec\js\libs\bootstrap\docs\assets\js\bootstrap-modal.js --> hs33.ihosting.cl /public_html/webpanel/assets/plugins/timepicker/spec/js/libs/bootstrap/docs/assets/js bootstrap-modal.js
2017.05.01 19:31 B G:\CONTENEDOR\sitios\activos\tlc\webpanel\assets\plugins\timepicker\spec\js\libs\bootstrap\docs\assets\js\bootstrap-dropdown.js --> hs33.ihosting.cl /public_html/webpanel/assets/plugins/timepicker/spec/js/libs/bootstrap/docs/assets/js bootstrap-dropdown.js
2017.05.01 19:31 B G:\CONTENEDOR\sitios\activos\tlc\webpanel\assets\plugins\timepicker\spec\js\libs\bootstrap\docs\assets\js\bootstrap-collapse.js --> hs33.ihosting.cl /public_html/webpanel/assets/plugins/timepicker/spec/js/libs/bootstrap/docs/assets/js bootstrap-collapse.js
2017.05.01 19:31 B G:\CONTENEDOR\sitios\activos\tlc\webpanel\assets\plugins\timepicker\spec\js\libs\bootstrap\docs\assets\js\bootstrap-carousel.js --> hs33.ihosting.cl /public_html/webpanel/assets/plugins/timepicker/spec/js/libs/bootstrap/docs/assets/js bootstrap-carousel.js
2017.05.01 19:31 B G:\CONTENEDOR\sitios\activos\tlc\webpanel\assets\plugins\timepicker\spec\js\libs\bootstrap\docs\assets\js\bootstrap-button.js --> hs33.ihosting.cl /public_html/webpanel/assets/plugins/timepicker/spec/js/libs/bootstrap/docs/assets/js bootstrap-button.js
2017.05.01 19:31 B G:\CONTENEDOR\sitios\activos\tlc\webpanel\assets\plugins\timepicker\spec\js\libs\bootstrap\docs\assets\js\bootstrap-alert.js --> hs33.ihosting.cl /public_html/webpanel/assets/plugins/timepicker/spec/js/libs/bootstrap/docs/assets/js bootstrap-alert.js
2017.05.01 19:31 B G:\CONTENEDOR\sitios\activos\tlc\webpanel\assets\plugins\timepicker\spec\js\libs\bootstrap\docs\assets\js\bootstrap-affix.js --> hs33.ihosting.cl /public_html/webpanel/assets/plugins/timepicker/spec/js/libs/bootstrap/docs/assets/js bootstrap-affix.js
2017.05.01 19:31 B G:\CONTENEDOR\sitios\activos\tlc\webpanel\assets\plugins\timepicker\spec\js\libs\bootstrap\docs\assets\js\application.js --> hs33.ihosting.cl /public_html/webpanel/assets/plugins/timepicker/spec/js/libs/bootstrap/docs/assets/js application.js
