2016.09.14 21:06 B G:\CONTENEDOR\sitios\activos\AEROEXPRESS\webpanel\assets\plugins\Font-Awesome\src\assets\less\bootstrap-2.3.2\wells.less <-- AEROEXPRESS /public_html/webpanel/assets/plugins/Font-Awesome/src/assets/less/bootstrap-2.3.2 wells.less
2016.09.14 21:06 B G:\CONTENEDOR\sitios\activos\AEROEXPRESS\webpanel\assets\plugins\Font-Awesome\src\assets\less\bootstrap-2.3.2\variables.less <-- AEROEXPRESS /public_html/webpanel/assets/plugins/Font-Awesome/src/assets/less/bootstrap-2.3.2 variables.less
2016.09.14 21:06 B G:\CONTENEDOR\sitios\activos\AEROEXPRESS\webpanel\assets\plugins\Font-Awesome\src\assets\less\bootstrap-2.3.2\utilities.less <-- AEROEXPRESS /public_html/webpanel/assets/plugins/Font-Awesome/src/assets/less/bootstrap-2.3.2 utilities.less
2016.09.14 21:06 B G:\CONTENEDOR\sitios\activos\AEROEXPRESS\webpanel\assets\plugins\Font-Awesome\src\assets\less\bootstrap-2.3.2\type.less <-- AEROEXPRESS /public_html/webpanel/assets/plugins/Font-Awesome/src/assets/less/bootstrap-2.3.2 type.less
2016.09.14 21:06 B G:\CONTENEDOR\sitios\activos\AEROEXPRESS\webpanel\assets\plugins\Font-Awesome\src\assets\less\bootstrap-2.3.2\tooltip.less <-- AEROEXPRESS /public_html/webpanel/assets/plugins/Font-Awesome/src/assets/less/bootstrap-2.3.2 tooltip.less
2016.09.14 21:06 B G:\CONTENEDOR\sitios\activos\AEROEXPRESS\webpanel\assets\plugins\Font-Awesome\src\assets\less\bootstrap-2.3.2\thumbnails.less <-- AEROEXPRESS /public_html/webpanel/assets/plugins/Font-Awesome/src/assets/less/bootstrap-2.3.2 thumbnails.less
2016.09.14 21:06 B G:\CONTENEDOR\sitios\activos\AEROEXPRESS\webpanel\assets\plugins\Font-Awesome\src\assets\less\bootstrap-2.3.2\tables.less <-- AEROEXPRESS /public_html/webpanel/assets/plugins/Font-Awesome/src/assets/less/bootstrap-2.3.2 tables.less
2016.09.14 21:06 B G:\CONTENEDOR\sitios\activos\AEROEXPRESS\webpanel\assets\plugins\Font-Awesome\src\assets\less\bootstrap-2.3.2\sprites.less <-- AEROEXPRESS /public_html/webpanel/assets/plugins/Font-Awesome/src/assets/less/bootstrap-2.3.2 sprites.less
2016.09.14 21:06 B G:\CONTENEDOR\sitios\activos\AEROEXPRESS\webpanel\assets\plugins\Font-Awesome\src\assets\less\bootstrap-2.3.2\scaffolding.less <-- AEROEXPRESS /public_html/webpanel/assets/plugins/Font-Awesome/src/assets/less/bootstrap-2.3.2 scaffolding.less
2016.09.14 21:06 B G:\CONTENEDOR\sitios\activos\AEROEXPRESS\webpanel\assets\plugins\Font-Awesome\src\assets\less\bootstrap-2.3.2\responsive.less <-- AEROEXPRESS /public_html/webpanel/assets/plugins/Font-Awesome/src/assets/less/bootstrap-2.3.2 responsive.less
2016.09.14 21:06 B G:\CONTENEDOR\sitios\activos\AEROEXPRESS\webpanel\assets\plugins\Font-Awesome\src\assets\less\bootstrap-2.3.2\responsive-utilities.less <-- AEROEXPRESS /public_html/webpanel/assets/plugins/Font-Awesome/src/assets/less/bootstrap-2.3.2 responsive-utilities.less
2016.09.14 21:06 B G:\CONTENEDOR\sitios\activos\AEROEXPRESS\webpanel\assets\plugins\Font-Awesome\src\assets\less\bootstrap-2.3.2\responsive-navbar.less <-- AEROEXPRESS /public_html/webpanel/assets/plugins/Font-Awesome/src/assets/less/bootstrap-2.3.2 responsive-navbar.less
2016.09.14 21:06 B G:\CONTENEDOR\sitios\activos\AEROEXPRESS\webpanel\assets\plugins\Font-Awesome\src\assets\less\bootstrap-2.3.2\responsive-768px-979px.less <-- AEROEXPRESS /public_html/webpanel/assets/plugins/Font-Awesome/src/assets/less/bootstrap-2.3.2 responsive-768px-979px.less
2016.09.14 21:06 B G:\CONTENEDOR\sitios\activos\AEROEXPRESS\webpanel\assets\plugins\Font-Awesome\src\assets\less\bootstrap-2.3.2\responsive-767px-max.less <-- AEROEXPRESS /public_html/webpanel/assets/plugins/Font-Awesome/src/assets/less/bootstrap-2.3.2 responsive-767px-max.less
2016.09.14 21:06 B G:\CONTENEDOR\sitios\activos\AEROEXPRESS\webpanel\assets\plugins\Font-Awesome\src\assets\less\bootstrap-2.3.2\responsive-1200px-min.less <-- AEROEXPRESS /public_html/webpanel/assets/plugins/Font-Awesome/src/assets/less/bootstrap-2.3.2 responsive-1200px-min.less
2016.09.14 21:06 B G:\CONTENEDOR\sitios\activos\AEROEXPRESS\webpanel\assets\plugins\Font-Awesome\src\assets\less\bootstrap-2.3.2\reset.less <-- AEROEXPRESS /public_html/webpanel/assets/plugins/Font-Awesome/src/assets/less/bootstrap-2.3.2 reset.less
2016.09.14 21:06 B G:\CONTENEDOR\sitios\activos\AEROEXPRESS\webpanel\assets\plugins\Font-Awesome\src\assets\less\bootstrap-2.3.2\progress-bars.less <-- AEROEXPRESS /public_html/webpanel/assets/plugins/Font-Awesome/src/assets/less/bootstrap-2.3.2 progress-bars.less
2016.09.14 21:06 B G:\CONTENEDOR\sitios\activos\AEROEXPRESS\webpanel\assets\plugins\Font-Awesome\src\assets\less\bootstrap-2.3.2\popovers.less <-- AEROEXPRESS /public_html/webpanel/assets/plugins/Font-Awesome/src/assets/less/bootstrap-2.3.2 popovers.less
2016.09.14 21:06 B G:\CONTENEDOR\sitios\activos\AEROEXPRESS\webpanel\assets\plugins\Font-Awesome\src\assets\less\bootstrap-2.3.2\pagination.less <-- AEROEXPRESS /public_html/webpanel/assets/plugins/Font-Awesome/src/assets/less/bootstrap-2.3.2 pagination.less
2016.09.14 21:06 B G:\CONTENEDOR\sitios\activos\AEROEXPRESS\webpanel\assets\plugins\Font-Awesome\src\assets\less\bootstrap-2.3.2\pager.less <-- AEROEXPRESS /public_html/webpanel/assets/plugins/Font-Awesome/src/assets/less/bootstrap-2.3.2 pager.less
2016.09.14 21:06 B G:\CONTENEDOR\sitios\activos\AEROEXPRESS\webpanel\assets\plugins\Font-Awesome\src\assets\less\bootstrap-2.3.2\navs.less <-- AEROEXPRESS /public_html/webpanel/assets/plugins/Font-Awesome/src/assets/less/bootstrap-2.3.2 navs.less
2016.09.14 21:06 B G:\CONTENEDOR\sitios\activos\AEROEXPRESS\webpanel\assets\plugins\Font-Awesome\src\assets\less\bootstrap-2.3.2\navbar.less <-- AEROEXPRESS /public_html/webpanel/assets/plugins/Font-Awesome/src/assets/less/bootstrap-2.3.2 navbar.less
2016.09.14 21:06 B G:\CONTENEDOR\sitios\activos\AEROEXPRESS\webpanel\assets\plugins\Font-Awesome\src\assets\less\bootstrap-2.3.2\modals.less <-- AEROEXPRESS /public_html/webpanel/assets/plugins/Font-Awesome/src/assets/less/bootstrap-2.3.2 modals.less
2016.09.14 21:06 B G:\CONTENEDOR\sitios\activos\AEROEXPRESS\webpanel\assets\plugins\Font-Awesome\src\assets\less\bootstrap-2.3.2\mixins.less <-- AEROEXPRESS /public_html/webpanel/assets/plugins/Font-Awesome/src/assets/less/bootstrap-2.3.2 mixins.less
2016.09.14 21:06 B G:\CONTENEDOR\sitios\activos\AEROEXPRESS\webpanel\assets\plugins\Font-Awesome\src\assets\less\bootstrap-2.3.2\media.less <-- AEROEXPRESS /public_html/webpanel/assets/plugins/Font-Awesome/src/assets/less/bootstrap-2.3.2 media.less
2016.09.14 21:06 B G:\CONTENEDOR\sitios\activos\AEROEXPRESS\webpanel\assets\plugins\Font-Awesome\src\assets\less\bootstrap-2.3.2\layouts.less <-- AEROEXPRESS /public_html/webpanel/assets/plugins/Font-Awesome/src/assets/less/bootstrap-2.3.2 layouts.less
2016.09.14 21:06 B G:\CONTENEDOR\sitios\activos\AEROEXPRESS\webpanel\assets\plugins\Font-Awesome\src\assets\less\bootstrap-2.3.2\labels-badges.less <-- AEROEXPRESS /public_html/webpanel/assets/plugins/Font-Awesome/src/assets/less/bootstrap-2.3.2 labels-badges.less
2016.09.14 21:06 B G:\CONTENEDOR\sitios\activos\AEROEXPRESS\webpanel\assets\plugins\Font-Awesome\src\assets\less\bootstrap-2.3.2\hero-unit.less <-- AEROEXPRESS /public_html/webpanel/assets/plugins/Font-Awesome/src/assets/less/bootstrap-2.3.2 hero-unit.less
2016.09.14 21:06 B G:\CONTENEDOR\sitios\activos\AEROEXPRESS\webpanel\assets\plugins\Font-Awesome\src\assets\less\bootstrap-2.3.2\grid.less <-- AEROEXPRESS /public_html/webpanel/assets/plugins/Font-Awesome/src/assets/less/bootstrap-2.3.2 grid.less
2016.09.14 21:06 B G:\CONTENEDOR\sitios\activos\AEROEXPRESS\webpanel\assets\plugins\Font-Awesome\src\assets\less\bootstrap-2.3.2\forms.less <-- AEROEXPRESS /public_html/webpanel/assets/plugins/Font-Awesome/src/assets/less/bootstrap-2.3.2 forms.less
2016.09.14 21:06 B G:\CONTENEDOR\sitios\activos\AEROEXPRESS\webpanel\assets\plugins\Font-Awesome\src\assets\less\bootstrap-2.3.2\dropdowns.less <-- AEROEXPRESS /public_html/webpanel/assets/plugins/Font-Awesome/src/assets/less/bootstrap-2.3.2 dropdowns.less
2016.09.14 21:06 B G:\CONTENEDOR\sitios\activos\AEROEXPRESS\webpanel\assets\plugins\Font-Awesome\src\assets\less\bootstrap-2.3.2\component-animations.less <-- AEROEXPRESS /public_html/webpanel/assets/plugins/Font-Awesome/src/assets/less/bootstrap-2.3.2 component-animations.less
2016.09.14 21:06 B G:\CONTENEDOR\sitios\activos\AEROEXPRESS\webpanel\assets\plugins\Font-Awesome\src\assets\less\bootstrap-2.3.2\code.less <-- AEROEXPRESS /public_html/webpanel/assets/plugins/Font-Awesome/src/assets/less/bootstrap-2.3.2 code.less
2016.09.14 21:06 B G:\CONTENEDOR\sitios\activos\AEROEXPRESS\webpanel\assets\plugins\Font-Awesome\src\assets\less\bootstrap-2.3.2\close.less <-- AEROEXPRESS /public_html/webpanel/assets/plugins/Font-Awesome/src/assets/less/bootstrap-2.3.2 close.less
2016.09.14 21:06 B G:\CONTENEDOR\sitios\activos\AEROEXPRESS\webpanel\assets\plugins\Font-Awesome\src\assets\less\bootstrap-2.3.2\carousel.less <-- AEROEXPRESS /public_html/webpanel/assets/plugins/Font-Awesome/src/assets/less/bootstrap-2.3.2 carousel.less
2016.09.14 21:06 B G:\CONTENEDOR\sitios\activos\AEROEXPRESS\webpanel\assets\plugins\Font-Awesome\src\assets\less\bootstrap-2.3.2\buttons.less <-- AEROEXPRESS /public_html/webpanel/assets/plugins/Font-Awesome/src/assets/less/bootstrap-2.3.2 buttons.less
2016.09.14 21:06 B G:\CONTENEDOR\sitios\activos\AEROEXPRESS\webpanel\assets\plugins\Font-Awesome\src\assets\less\bootstrap-2.3.2\button-groups.less <-- AEROEXPRESS /public_html/webpanel/assets/plugins/Font-Awesome/src/assets/less/bootstrap-2.3.2 button-groups.less
2016.09.14 21:06 B G:\CONTENEDOR\sitios\activos\AEROEXPRESS\webpanel\assets\plugins\Font-Awesome\src\assets\less\bootstrap-2.3.2\breadcrumbs.less <-- AEROEXPRESS /public_html/webpanel/assets/plugins/Font-Awesome/src/assets/less/bootstrap-2.3.2 breadcrumbs.less
2016.09.14 21:06 B G:\CONTENEDOR\sitios\activos\AEROEXPRESS\webpanel\assets\plugins\Font-Awesome\src\assets\less\bootstrap-2.3.2\bootstrap.less <-- AEROEXPRESS /public_html/webpanel/assets/plugins/Font-Awesome/src/assets/less/bootstrap-2.3.2 bootstrap.less
2016.09.14 21:06 B G:\CONTENEDOR\sitios\activos\AEROEXPRESS\webpanel\assets\plugins\Font-Awesome\src\assets\less\bootstrap-2.3.2\alerts.less <-- AEROEXPRESS /public_html/webpanel/assets/plugins/Font-Awesome/src/assets/less/bootstrap-2.3.2 alerts.less
2016.09.14 21:06 B G:\CONTENEDOR\sitios\activos\AEROEXPRESS\webpanel\assets\plugins\Font-Awesome\src\assets\less\bootstrap-2.3.2\accordion.less <-- AEROEXPRESS /public_html/webpanel/assets/plugins/Font-Awesome/src/assets/less/bootstrap-2.3.2 accordion.less
2017.03.15 14:06 B G:\CONTENEDOR\sitios\activos\AEROEXPRESS\webpanel\assets\plugins\Font-Awesome\src\assets\less\bootstrap-2.3.2\accordion.less --> hs20.ihosting.cl /public_html/desarrollo/tlc/webpanel/assets/plugins/Font-Awesome/src/assets/less/bootstrap-2.3.2 accordion.less
2017.03.15 14:06 B G:\CONTENEDOR\sitios\activos\AEROEXPRESS\webpanel\assets\plugins\Font-Awesome\src\assets\less\bootstrap-2.3.2\alerts.less --> hs20.ihosting.cl /public_html/desarrollo/tlc/webpanel/assets/plugins/Font-Awesome/src/assets/less/bootstrap-2.3.2 alerts.less
2017.03.15 14:06 B G:\CONTENEDOR\sitios\activos\AEROEXPRESS\webpanel\assets\plugins\Font-Awesome\src\assets\less\bootstrap-2.3.2\bootstrap.less --> hs20.ihosting.cl /public_html/desarrollo/tlc/webpanel/assets/plugins/Font-Awesome/src/assets/less/bootstrap-2.3.2 bootstrap.less
2017.03.15 14:06 B G:\CONTENEDOR\sitios\activos\AEROEXPRESS\webpanel\assets\plugins\Font-Awesome\src\assets\less\bootstrap-2.3.2\breadcrumbs.less --> hs20.ihosting.cl /public_html/desarrollo/tlc/webpanel/assets/plugins/Font-Awesome/src/assets/less/bootstrap-2.3.2 breadcrumbs.less
2017.03.15 14:06 B G:\CONTENEDOR\sitios\activos\AEROEXPRESS\webpanel\assets\plugins\Font-Awesome\src\assets\less\bootstrap-2.3.2\button-groups.less --> hs20.ihosting.cl /public_html/desarrollo/tlc/webpanel/assets/plugins/Font-Awesome/src/assets/less/bootstrap-2.3.2 button-groups.less
2017.03.15 14:06 B G:\CONTENEDOR\sitios\activos\AEROEXPRESS\webpanel\assets\plugins\Font-Awesome\src\assets\less\bootstrap-2.3.2\buttons.less --> hs20.ihosting.cl /public_html/desarrollo/tlc/webpanel/assets/plugins/Font-Awesome/src/assets/less/bootstrap-2.3.2 buttons.less
2017.03.15 14:06 B G:\CONTENEDOR\sitios\activos\AEROEXPRESS\webpanel\assets\plugins\Font-Awesome\src\assets\less\bootstrap-2.3.2\carousel.less --> hs20.ihosting.cl /public_html/desarrollo/tlc/webpanel/assets/plugins/Font-Awesome/src/assets/less/bootstrap-2.3.2 carousel.less
2017.03.15 14:06 B G:\CONTENEDOR\sitios\activos\AEROEXPRESS\webpanel\assets\plugins\Font-Awesome\src\assets\less\bootstrap-2.3.2\close.less --> hs20.ihosting.cl /public_html/desarrollo/tlc/webpanel/assets/plugins/Font-Awesome/src/assets/less/bootstrap-2.3.2 close.less
2017.03.15 14:06 B G:\CONTENEDOR\sitios\activos\AEROEXPRESS\webpanel\assets\plugins\Font-Awesome\src\assets\less\bootstrap-2.3.2\code.less --> hs20.ihosting.cl /public_html/desarrollo/tlc/webpanel/assets/plugins/Font-Awesome/src/assets/less/bootstrap-2.3.2 code.less
2017.03.15 14:06 B G:\CONTENEDOR\sitios\activos\AEROEXPRESS\webpanel\assets\plugins\Font-Awesome\src\assets\less\bootstrap-2.3.2\component-animations.less --> hs20.ihosting.cl /public_html/desarrollo/tlc/webpanel/assets/plugins/Font-Awesome/src/assets/less/bootstrap-2.3.2 component-animations.less
2017.03.15 14:06 B G:\CONTENEDOR\sitios\activos\AEROEXPRESS\webpanel\assets\plugins\Font-Awesome\src\assets\less\bootstrap-2.3.2\dropdowns.less --> hs20.ihosting.cl /public_html/desarrollo/tlc/webpanel/assets/plugins/Font-Awesome/src/assets/less/bootstrap-2.3.2 dropdowns.less
2017.03.15 14:06 B G:\CONTENEDOR\sitios\activos\AEROEXPRESS\webpanel\assets\plugins\Font-Awesome\src\assets\less\bootstrap-2.3.2\forms.less --> hs20.ihosting.cl /public_html/desarrollo/tlc/webpanel/assets/plugins/Font-Awesome/src/assets/less/bootstrap-2.3.2 forms.less
2017.03.15 14:06 B G:\CONTENEDOR\sitios\activos\AEROEXPRESS\webpanel\assets\plugins\Font-Awesome\src\assets\less\bootstrap-2.3.2\grid.less --> hs20.ihosting.cl /public_html/desarrollo/tlc/webpanel/assets/plugins/Font-Awesome/src/assets/less/bootstrap-2.3.2 grid.less
2017.03.15 14:06 B G:\CONTENEDOR\sitios\activos\AEROEXPRESS\webpanel\assets\plugins\Font-Awesome\src\assets\less\bootstrap-2.3.2\hero-unit.less --> hs20.ihosting.cl /public_html/desarrollo/tlc/webpanel/assets/plugins/Font-Awesome/src/assets/less/bootstrap-2.3.2 hero-unit.less
2017.03.15 14:06 B G:\CONTENEDOR\sitios\activos\AEROEXPRESS\webpanel\assets\plugins\Font-Awesome\src\assets\less\bootstrap-2.3.2\labels-badges.less --> hs20.ihosting.cl /public_html/desarrollo/tlc/webpanel/assets/plugins/Font-Awesome/src/assets/less/bootstrap-2.3.2 labels-badges.less
2017.03.15 14:06 B G:\CONTENEDOR\sitios\activos\AEROEXPRESS\webpanel\assets\plugins\Font-Awesome\src\assets\less\bootstrap-2.3.2\layouts.less --> hs20.ihosting.cl /public_html/desarrollo/tlc/webpanel/assets/plugins/Font-Awesome/src/assets/less/bootstrap-2.3.2 layouts.less
2017.03.15 14:06 B G:\CONTENEDOR\sitios\activos\AEROEXPRESS\webpanel\assets\plugins\Font-Awesome\src\assets\less\bootstrap-2.3.2\media.less --> hs20.ihosting.cl /public_html/desarrollo/tlc/webpanel/assets/plugins/Font-Awesome/src/assets/less/bootstrap-2.3.2 media.less
2017.03.15 14:06 B G:\CONTENEDOR\sitios\activos\AEROEXPRESS\webpanel\assets\plugins\Font-Awesome\src\assets\less\bootstrap-2.3.2\mixins.less --> hs20.ihosting.cl /public_html/desarrollo/tlc/webpanel/assets/plugins/Font-Awesome/src/assets/less/bootstrap-2.3.2 mixins.less
2017.03.15 14:06 B G:\CONTENEDOR\sitios\activos\AEROEXPRESS\webpanel\assets\plugins\Font-Awesome\src\assets\less\bootstrap-2.3.2\modals.less --> hs20.ihosting.cl /public_html/desarrollo/tlc/webpanel/assets/plugins/Font-Awesome/src/assets/less/bootstrap-2.3.2 modals.less
2017.03.15 14:06 B G:\CONTENEDOR\sitios\activos\AEROEXPRESS\webpanel\assets\plugins\Font-Awesome\src\assets\less\bootstrap-2.3.2\navbar.less --> hs20.ihosting.cl /public_html/desarrollo/tlc/webpanel/assets/plugins/Font-Awesome/src/assets/less/bootstrap-2.3.2 navbar.less
2017.03.15 14:06 B G:\CONTENEDOR\sitios\activos\AEROEXPRESS\webpanel\assets\plugins\Font-Awesome\src\assets\less\bootstrap-2.3.2\navs.less --> hs20.ihosting.cl /public_html/desarrollo/tlc/webpanel/assets/plugins/Font-Awesome/src/assets/less/bootstrap-2.3.2 navs.less
2017.03.15 14:06 B G:\CONTENEDOR\sitios\activos\AEROEXPRESS\webpanel\assets\plugins\Font-Awesome\src\assets\less\bootstrap-2.3.2\pager.less --> hs20.ihosting.cl /public_html/desarrollo/tlc/webpanel/assets/plugins/Font-Awesome/src/assets/less/bootstrap-2.3.2 pager.less
2017.03.15 14:06 B G:\CONTENEDOR\sitios\activos\AEROEXPRESS\webpanel\assets\plugins\Font-Awesome\src\assets\less\bootstrap-2.3.2\pagination.less --> hs20.ihosting.cl /public_html/desarrollo/tlc/webpanel/assets/plugins/Font-Awesome/src/assets/less/bootstrap-2.3.2 pagination.less
2017.03.15 14:06 B G:\CONTENEDOR\sitios\activos\AEROEXPRESS\webpanel\assets\plugins\Font-Awesome\src\assets\less\bootstrap-2.3.2\popovers.less --> hs20.ihosting.cl /public_html/desarrollo/tlc/webpanel/assets/plugins/Font-Awesome/src/assets/less/bootstrap-2.3.2 popovers.less
2017.03.15 14:06 B G:\CONTENEDOR\sitios\activos\AEROEXPRESS\webpanel\assets\plugins\Font-Awesome\src\assets\less\bootstrap-2.3.2\progress-bars.less --> hs20.ihosting.cl /public_html/desarrollo/tlc/webpanel/assets/plugins/Font-Awesome/src/assets/less/bootstrap-2.3.2 progress-bars.less
2017.03.15 14:06 B G:\CONTENEDOR\sitios\activos\AEROEXPRESS\webpanel\assets\plugins\Font-Awesome\src\assets\less\bootstrap-2.3.2\reset.less --> hs20.ihosting.cl /public_html/desarrollo/tlc/webpanel/assets/plugins/Font-Awesome/src/assets/less/bootstrap-2.3.2 reset.less
2017.03.15 14:06 B G:\CONTENEDOR\sitios\activos\AEROEXPRESS\webpanel\assets\plugins\Font-Awesome\src\assets\less\bootstrap-2.3.2\responsive-1200px-min.less --> hs20.ihosting.cl /public_html/desarrollo/tlc/webpanel/assets/plugins/Font-Awesome/src/assets/less/bootstrap-2.3.2 responsive-1200px-min.less
2017.03.15 14:06 B G:\CONTENEDOR\sitios\activos\AEROEXPRESS\webpanel\assets\plugins\Font-Awesome\src\assets\less\bootstrap-2.3.2\responsive-767px-max.less --> hs20.ihosting.cl /public_html/desarrollo/tlc/webpanel/assets/plugins/Font-Awesome/src/assets/less/bootstrap-2.3.2 responsive-767px-max.less
2017.03.15 14:06 B G:\CONTENEDOR\sitios\activos\AEROEXPRESS\webpanel\assets\plugins\Font-Awesome\src\assets\less\bootstrap-2.3.2\responsive-768px-979px.less --> hs20.ihosting.cl /public_html/desarrollo/tlc/webpanel/assets/plugins/Font-Awesome/src/assets/less/bootstrap-2.3.2 responsive-768px-979px.less
2017.03.15 14:06 B G:\CONTENEDOR\sitios\activos\AEROEXPRESS\webpanel\assets\plugins\Font-Awesome\src\assets\less\bootstrap-2.3.2\responsive-navbar.less --> hs20.ihosting.cl /public_html/desarrollo/tlc/webpanel/assets/plugins/Font-Awesome/src/assets/less/bootstrap-2.3.2 responsive-navbar.less
2017.03.15 14:06 B G:\CONTENEDOR\sitios\activos\AEROEXPRESS\webpanel\assets\plugins\Font-Awesome\src\assets\less\bootstrap-2.3.2\responsive-utilities.less --> hs20.ihosting.cl /public_html/desarrollo/tlc/webpanel/assets/plugins/Font-Awesome/src/assets/less/bootstrap-2.3.2 responsive-utilities.less
2017.03.15 14:06 B G:\CONTENEDOR\sitios\activos\AEROEXPRESS\webpanel\assets\plugins\Font-Awesome\src\assets\less\bootstrap-2.3.2\responsive.less --> hs20.ihosting.cl /public_html/desarrollo/tlc/webpanel/assets/plugins/Font-Awesome/src/assets/less/bootstrap-2.3.2 responsive.less
2017.03.15 14:06 B G:\CONTENEDOR\sitios\activos\AEROEXPRESS\webpanel\assets\plugins\Font-Awesome\src\assets\less\bootstrap-2.3.2\scaffolding.less --> hs20.ihosting.cl /public_html/desarrollo/tlc/webpanel/assets/plugins/Font-Awesome/src/assets/less/bootstrap-2.3.2 scaffolding.less
2017.03.15 14:06 B G:\CONTENEDOR\sitios\activos\AEROEXPRESS\webpanel\assets\plugins\Font-Awesome\src\assets\less\bootstrap-2.3.2\sprites.less --> hs20.ihosting.cl /public_html/desarrollo/tlc/webpanel/assets/plugins/Font-Awesome/src/assets/less/bootstrap-2.3.2 sprites.less
2017.03.15 14:06 B G:\CONTENEDOR\sitios\activos\AEROEXPRESS\webpanel\assets\plugins\Font-Awesome\src\assets\less\bootstrap-2.3.2\tables.less --> hs20.ihosting.cl /public_html/desarrollo/tlc/webpanel/assets/plugins/Font-Awesome/src/assets/less/bootstrap-2.3.2 tables.less
2017.03.15 14:06 B G:\CONTENEDOR\sitios\activos\AEROEXPRESS\webpanel\assets\plugins\Font-Awesome\src\assets\less\bootstrap-2.3.2\thumbnails.less --> hs20.ihosting.cl /public_html/desarrollo/tlc/webpanel/assets/plugins/Font-Awesome/src/assets/less/bootstrap-2.3.2 thumbnails.less
2017.03.15 14:06 B G:\CONTENEDOR\sitios\activos\AEROEXPRESS\webpanel\assets\plugins\Font-Awesome\src\assets\less\bootstrap-2.3.2\tooltip.less --> hs20.ihosting.cl /public_html/desarrollo/tlc/webpanel/assets/plugins/Font-Awesome/src/assets/less/bootstrap-2.3.2 tooltip.less
2017.03.15 14:06 B G:\CONTENEDOR\sitios\activos\AEROEXPRESS\webpanel\assets\plugins\Font-Awesome\src\assets\less\bootstrap-2.3.2\type.less --> hs20.ihosting.cl /public_html/desarrollo/tlc/webpanel/assets/plugins/Font-Awesome/src/assets/less/bootstrap-2.3.2 type.less
2017.03.15 14:06 B G:\CONTENEDOR\sitios\activos\AEROEXPRESS\webpanel\assets\plugins\Font-Awesome\src\assets\less\bootstrap-2.3.2\utilities.less --> hs20.ihosting.cl /public_html/desarrollo/tlc/webpanel/assets/plugins/Font-Awesome/src/assets/less/bootstrap-2.3.2 utilities.less
2017.03.15 14:06 B G:\CONTENEDOR\sitios\activos\AEROEXPRESS\webpanel\assets\plugins\Font-Awesome\src\assets\less\bootstrap-2.3.2\variables.less --> hs20.ihosting.cl /public_html/desarrollo/tlc/webpanel/assets/plugins/Font-Awesome/src/assets/less/bootstrap-2.3.2 variables.less
2017.03.15 14:06 B G:\CONTENEDOR\sitios\activos\AEROEXPRESS\webpanel\assets\plugins\Font-Awesome\src\assets\less\bootstrap-2.3.2\wells.less --> hs20.ihosting.cl /public_html/desarrollo/tlc/webpanel/assets/plugins/Font-Awesome/src/assets/less/bootstrap-2.3.2 wells.less
2017.03.15 14:06 B G:\CONTENEDOR\sitios\activos\AEROEXPRESS\webpanel\assets\plugins\Font-Awesome\src\assets\less\bootstrap-2.3.2\WS_FTP.LOG --> hs20.ihosting.cl /public_html/desarrollo/tlc/webpanel/assets/plugins/Font-Awesome/src/assets/less/bootstrap-2.3.2 WS_FTP.LOG
