2016.09.14 21:07 B G:\CONTENEDOR\sitios\activos\AEROEXPRESS\webpanel\assets\plugins\countdown\jquery.countdown.min.js <-- AEROEXPRESS /public_html/webpanel/assets/plugins/countdown jquery.countdown.min.js
2016.09.14 21:07 B G:\CONTENEDOR\sitios\activos\AEROEXPRESS\webpanel\assets\plugins\countdown\jquery.countdown.js <-- AEROEXPRESS /public_html/webpanel/assets/plugins/countdown jquery.countdown.js
2016.09.14 21:07 B G:\CONTENEDOR\sitios\activos\AEROEXPRESS\webpanel\assets\plugins\countdown\jquery.countdown.css <-- AEROEXPRESS /public_html/webpanel/assets/plugins/countdown jquery.countdown.css
2016.09.14 21:07 B G:\CONTENEDOR\sitios\activos\AEROEXPRESS\webpanel\assets\plugins\countdown\jquery.countdown-zh-TW.js <-- AEROEXPRESS /public_html/webpanel/assets/plugins/countdown jquery.countdown-zh-TW.js
2016.09.14 21:07 B G:\CONTENEDOR\sitios\activos\AEROEXPRESS\webpanel\assets\plugins\countdown\jquery.countdown-zh-CN.js <-- AEROEXPRESS /public_html/webpanel/assets/plugins/countdown jquery.countdown-zh-CN.js
2016.09.14 21:07 B G:\CONTENEDOR\sitios\activos\AEROEXPRESS\webpanel\assets\plugins\countdown\jquery.countdown-vi.js <-- AEROEXPRESS /public_html/webpanel/assets/plugins/countdown jquery.countdown-vi.js
2016.09.14 21:07 B G:\CONTENEDOR\sitios\activos\AEROEXPRESS\webpanel\assets\plugins\countdown\jquery.countdown-uz.js <-- AEROEXPRESS /public_html/webpanel/assets/plugins/countdown jquery.countdown-uz.js
2016.09.14 21:07 B G:\CONTENEDOR\sitios\activos\AEROEXPRESS\webpanel\assets\plugins\countdown\jquery.countdown-uk.js <-- AEROEXPRESS /public_html/webpanel/assets/plugins/countdown jquery.countdown-uk.js
2016.09.14 21:07 B G:\CONTENEDOR\sitios\activos\AEROEXPRESS\webpanel\assets\plugins\countdown\jquery.countdown-tr.js <-- AEROEXPRESS /public_html/webpanel/assets/plugins/countdown jquery.countdown-tr.js
2016.09.14 21:07 B G:\CONTENEDOR\sitios\activos\AEROEXPRESS\webpanel\assets\plugins\countdown\jquery.countdown-th.js <-- AEROEXPRESS /public_html/webpanel/assets/plugins/countdown jquery.countdown-th.js
2016.09.14 21:07 B G:\CONTENEDOR\sitios\activos\AEROEXPRESS\webpanel\assets\plugins\countdown\jquery.countdown-sv.js <-- AEROEXPRESS /public_html/webpanel/assets/plugins/countdown jquery.countdown-sv.js
2016.09.14 21:07 B G:\CONTENEDOR\sitios\activos\AEROEXPRESS\webpanel\assets\plugins\countdown\jquery.countdown-sr.js <-- AEROEXPRESS /public_html/webpanel/assets/plugins/countdown jquery.countdown-sr.js
2016.09.14 21:07 B G:\CONTENEDOR\sitios\activos\AEROEXPRESS\webpanel\assets\plugins\countdown\jquery.countdown-sr-SR.js <-- AEROEXPRESS /public_html/webpanel/assets/plugins/countdown jquery.countdown-sr-SR.js
2016.09.14 21:07 B G:\CONTENEDOR\sitios\activos\AEROEXPRESS\webpanel\assets\plugins\countdown\jquery.countdown-sq.js <-- AEROEXPRESS /public_html/webpanel/assets/plugins/countdown jquery.countdown-sq.js
2016.09.14 21:07 B G:\CONTENEDOR\sitios\activos\AEROEXPRESS\webpanel\assets\plugins\countdown\jquery.countdown-sl.js <-- AEROEXPRESS /public_html/webpanel/assets/plugins/countdown jquery.countdown-sl.js
2016.09.14 21:07 B G:\CONTENEDOR\sitios\activos\AEROEXPRESS\webpanel\assets\plugins\countdown\jquery.countdown-sk.js <-- AEROEXPRESS /public_html/webpanel/assets/plugins/countdown jquery.countdown-sk.js
2016.09.14 21:07 B G:\CONTENEDOR\sitios\activos\AEROEXPRESS\webpanel\assets\plugins\countdown\jquery.countdown-ru.js <-- AEROEXPRESS /public_html/webpanel/assets/plugins/countdown jquery.countdown-ru.js
2016.09.14 21:07 B G:\CONTENEDOR\sitios\activos\AEROEXPRESS\webpanel\assets\plugins\countdown\jquery.countdown-ro.js <-- AEROEXPRESS /public_html/webpanel/assets/plugins/countdown jquery.countdown-ro.js
2016.09.14 21:07 B G:\CONTENEDOR\sitios\activos\AEROEXPRESS\webpanel\assets\plugins\countdown\jquery.countdown-pt-BR.js <-- AEROEXPRESS /public_html/webpanel/assets/plugins/countdown jquery.countdown-pt-BR.js
2016.09.14 21:07 B G:\CONTENEDOR\sitios\activos\AEROEXPRESS\webpanel\assets\plugins\countdown\jquery.countdown-pl.js <-- AEROEXPRESS /public_html/webpanel/assets/plugins/countdown jquery.countdown-pl.js
2016.09.14 21:07 B G:\CONTENEDOR\sitios\activos\AEROEXPRESS\webpanel\assets\plugins\countdown\jquery.countdown-nl.js <-- AEROEXPRESS /public_html/webpanel/assets/plugins/countdown jquery.countdown-nl.js
2016.09.14 21:07 B G:\CONTENEDOR\sitios\activos\AEROEXPRESS\webpanel\assets\plugins\countdown\jquery.countdown-nb.js <-- AEROEXPRESS /public_html/webpanel/assets/plugins/countdown jquery.countdown-nb.js
2016.09.14 21:07 B G:\CONTENEDOR\sitios\activos\AEROEXPRESS\webpanel\assets\plugins\countdown\jquery.countdown-my.js <-- AEROEXPRESS /public_html/webpanel/assets/plugins/countdown jquery.countdown-my.js
2016.09.14 21:07 B G:\CONTENEDOR\sitios\activos\AEROEXPRESS\webpanel\assets\plugins\countdown\jquery.countdown-ms.js <-- AEROEXPRESS /public_html/webpanel/assets/plugins/countdown jquery.countdown-ms.js
2016.09.14 21:07 B G:\CONTENEDOR\sitios\activos\AEROEXPRESS\webpanel\assets\plugins\countdown\jquery.countdown-ml.js <-- AEROEXPRESS /public_html/webpanel/assets/plugins/countdown jquery.countdown-ml.js
2016.09.14 21:07 B G:\CONTENEDOR\sitios\activos\AEROEXPRESS\webpanel\assets\plugins\countdown\jquery.countdown-lv.js <-- AEROEXPRESS /public_html/webpanel/assets/plugins/countdown jquery.countdown-lv.js
2016.09.14 21:07 B G:\CONTENEDOR\sitios\activos\AEROEXPRESS\webpanel\assets\plugins\countdown\jquery.countdown-lt.js <-- AEROEXPRESS /public_html/webpanel/assets/plugins/countdown jquery.countdown-lt.js
2016.09.14 21:07 B G:\CONTENEDOR\sitios\activos\AEROEXPRESS\webpanel\assets\plugins\countdown\jquery.countdown-ko.js <-- AEROEXPRESS /public_html/webpanel/assets/plugins/countdown jquery.countdown-ko.js
2016.09.14 21:07 B G:\CONTENEDOR\sitios\activos\AEROEXPRESS\webpanel\assets\plugins\countdown\jquery.countdown-kn.js <-- AEROEXPRESS /public_html/webpanel/assets/plugins/countdown jquery.countdown-kn.js
2016.09.14 21:07 B G:\CONTENEDOR\sitios\activos\AEROEXPRESS\webpanel\assets\plugins\countdown\jquery.countdown-ja.js <-- AEROEXPRESS /public_html/webpanel/assets/plugins/countdown jquery.countdown-ja.js
2016.09.14 21:07 B G:\CONTENEDOR\sitios\activos\AEROEXPRESS\webpanel\assets\plugins\countdown\jquery.countdown-it.js <-- AEROEXPRESS /public_html/webpanel/assets/plugins/countdown jquery.countdown-it.js
2016.09.14 21:07 B G:\CONTENEDOR\sitios\activos\AEROEXPRESS\webpanel\assets\plugins\countdown\jquery.countdown-id.js <-- AEROEXPRESS /public_html/webpanel/assets/plugins/countdown jquery.countdown-id.js
2016.09.14 21:07 B G:\CONTENEDOR\sitios\activos\AEROEXPRESS\webpanel\assets\plugins\countdown\jquery.countdown-hy.js <-- AEROEXPRESS /public_html/webpanel/assets/plugins/countdown jquery.countdown-hy.js
2016.09.14 21:07 B G:\CONTENEDOR\sitios\activos\AEROEXPRESS\webpanel\assets\plugins\countdown\jquery.countdown-hu.js <-- AEROEXPRESS /public_html/webpanel/assets/plugins/countdown jquery.countdown-hu.js
2016.09.14 21:07 B G:\CONTENEDOR\sitios\activos\AEROEXPRESS\webpanel\assets\plugins\countdown\jquery.countdown-hr.js <-- AEROEXPRESS /public_html/webpanel/assets/plugins/countdown jquery.countdown-hr.js
2016.09.14 21:07 B G:\CONTENEDOR\sitios\activos\AEROEXPRESS\webpanel\assets\plugins\countdown\jquery.countdown-he.js <-- AEROEXPRESS /public_html/webpanel/assets/plugins/countdown jquery.countdown-he.js
2016.09.14 21:07 B G:\CONTENEDOR\sitios\activos\AEROEXPRESS\webpanel\assets\plugins\countdown\jquery.countdown-gu.js <-- AEROEXPRESS /public_html/webpanel/assets/plugins/countdown jquery.countdown-gu.js
2016.09.14 21:07 B G:\CONTENEDOR\sitios\activos\AEROEXPRESS\webpanel\assets\plugins\countdown\jquery.countdown-gl.js <-- AEROEXPRESS /public_html/webpanel/assets/plugins/countdown jquery.countdown-gl.js
2016.09.14 21:07 B G:\CONTENEDOR\sitios\activos\AEROEXPRESS\webpanel\assets\plugins\countdown\jquery.countdown-fr.js <-- AEROEXPRESS /public_html/webpanel/assets/plugins/countdown jquery.countdown-fr.js
2016.09.14 21:07 B G:\CONTENEDOR\sitios\activos\AEROEXPRESS\webpanel\assets\plugins\countdown\jquery.countdown-fi.js <-- AEROEXPRESS /public_html/webpanel/assets/plugins/countdown jquery.countdown-fi.js
2016.09.14 21:07 B G:\CONTENEDOR\sitios\activos\AEROEXPRESS\webpanel\assets\plugins\countdown\jquery.countdown-fa.js <-- AEROEXPRESS /public_html/webpanel/assets/plugins/countdown jquery.countdown-fa.js
2016.09.14 21:07 B G:\CONTENEDOR\sitios\activos\AEROEXPRESS\webpanel\assets\plugins\countdown\jquery.countdown-et.js <-- AEROEXPRESS /public_html/webpanel/assets/plugins/countdown jquery.countdown-et.js
2016.09.14 21:07 B G:\CONTENEDOR\sitios\activos\AEROEXPRESS\webpanel\assets\plugins\countdown\jquery.countdown-es.js <-- AEROEXPRESS /public_html/webpanel/assets/plugins/countdown jquery.countdown-es.js
2016.09.14 21:07 B G:\CONTENEDOR\sitios\activos\AEROEXPRESS\webpanel\assets\plugins\countdown\jquery.countdown-el.js <-- AEROEXPRESS /public_html/webpanel/assets/plugins/countdown jquery.countdown-el.js
2016.09.14 21:07 B G:\CONTENEDOR\sitios\activos\AEROEXPRESS\webpanel\assets\plugins\countdown\jquery.countdown-de.js <-- AEROEXPRESS /public_html/webpanel/assets/plugins/countdown jquery.countdown-de.js
2016.09.14 21:07 B G:\CONTENEDOR\sitios\activos\AEROEXPRESS\webpanel\assets\plugins\countdown\jquery.countdown-da.js <-- AEROEXPRESS /public_html/webpanel/assets/plugins/countdown jquery.countdown-da.js
2016.09.14 21:07 B G:\CONTENEDOR\sitios\activos\AEROEXPRESS\webpanel\assets\plugins\countdown\jquery.countdown-cy.js <-- AEROEXPRESS /public_html/webpanel/assets/plugins/countdown jquery.countdown-cy.js
2016.09.14 21:07 B G:\CONTENEDOR\sitios\activos\AEROEXPRESS\webpanel\assets\plugins\countdown\jquery.countdown-cs.js <-- AEROEXPRESS /public_html/webpanel/assets/plugins/countdown jquery.countdown-cs.js
2016.09.14 21:07 B G:\CONTENEDOR\sitios\activos\AEROEXPRESS\webpanel\assets\plugins\countdown\jquery.countdown-ca.js <-- AEROEXPRESS /public_html/webpanel/assets/plugins/countdown jquery.countdown-ca.js
2016.09.14 21:07 B G:\CONTENEDOR\sitios\activos\AEROEXPRESS\webpanel\assets\plugins\countdown\jquery.countdown-bs.js <-- AEROEXPRESS /public_html/webpanel/assets/plugins/countdown jquery.countdown-bs.js
2016.09.14 21:07 B G:\CONTENEDOR\sitios\activos\AEROEXPRESS\webpanel\assets\plugins\countdown\jquery.countdown-bn.js <-- AEROEXPRESS /public_html/webpanel/assets/plugins/countdown jquery.countdown-bn.js
2016.09.14 21:07 B G:\CONTENEDOR\sitios\activos\AEROEXPRESS\webpanel\assets\plugins\countdown\jquery.countdown-bg.js <-- AEROEXPRESS /public_html/webpanel/assets/plugins/countdown jquery.countdown-bg.js
2016.09.14 21:07 B G:\CONTENEDOR\sitios\activos\AEROEXPRESS\webpanel\assets\plugins\countdown\jquery.countdown-ar.js <-- AEROEXPRESS /public_html/webpanel/assets/plugins/countdown jquery.countdown-ar.js
2016.09.14 21:07 B G:\CONTENEDOR\sitios\activos\AEROEXPRESS\webpanel\assets\plugins\countdown\countdownLED.png <-- AEROEXPRESS /public_html/webpanel/assets/plugins/countdown countdownLED.png
2016.09.14 21:07 B G:\CONTENEDOR\sitios\activos\AEROEXPRESS\webpanel\assets\plugins\countdown\countdownGlowing.gif <-- AEROEXPRESS /public_html/webpanel/assets/plugins/countdown countdownGlowing.gif
2017.03.15 14:04 B G:\CONTENEDOR\sitios\activos\AEROEXPRESS\webpanel\assets\plugins\countdown\countdownGlowing.gif --> hs20.ihosting.cl /public_html/desarrollo/tlc/webpanel/assets/plugins/countdown countdownGlowing.gif
2017.03.15 14:04 B G:\CONTENEDOR\sitios\activos\AEROEXPRESS\webpanel\assets\plugins\countdown\countdownLED.png --> hs20.ihosting.cl /public_html/desarrollo/tlc/webpanel/assets/plugins/countdown countdownLED.png
2017.03.15 14:04 B G:\CONTENEDOR\sitios\activos\AEROEXPRESS\webpanel\assets\plugins\countdown\jquery.countdown-ar.js --> hs20.ihosting.cl /public_html/desarrollo/tlc/webpanel/assets/plugins/countdown jquery.countdown-ar.js
2017.03.15 14:04 B G:\CONTENEDOR\sitios\activos\AEROEXPRESS\webpanel\assets\plugins\countdown\jquery.countdown-bg.js --> hs20.ihosting.cl /public_html/desarrollo/tlc/webpanel/assets/plugins/countdown jquery.countdown-bg.js
2017.03.15 14:04 B G:\CONTENEDOR\sitios\activos\AEROEXPRESS\webpanel\assets\plugins\countdown\jquery.countdown-bn.js --> hs20.ihosting.cl /public_html/desarrollo/tlc/webpanel/assets/plugins/countdown jquery.countdown-bn.js
2017.03.15 14:04 B G:\CONTENEDOR\sitios\activos\AEROEXPRESS\webpanel\assets\plugins\countdown\jquery.countdown-bs.js --> hs20.ihosting.cl /public_html/desarrollo/tlc/webpanel/assets/plugins/countdown jquery.countdown-bs.js
2017.03.15 14:04 B G:\CONTENEDOR\sitios\activos\AEROEXPRESS\webpanel\assets\plugins\countdown\jquery.countdown-ca.js --> hs20.ihosting.cl /public_html/desarrollo/tlc/webpanel/assets/plugins/countdown jquery.countdown-ca.js
2017.03.15 14:04 B G:\CONTENEDOR\sitios\activos\AEROEXPRESS\webpanel\assets\plugins\countdown\jquery.countdown-cs.js --> hs20.ihosting.cl /public_html/desarrollo/tlc/webpanel/assets/plugins/countdown jquery.countdown-cs.js
2017.03.15 14:04 B G:\CONTENEDOR\sitios\activos\AEROEXPRESS\webpanel\assets\plugins\countdown\jquery.countdown-cy.js --> hs20.ihosting.cl /public_html/desarrollo/tlc/webpanel/assets/plugins/countdown jquery.countdown-cy.js
2017.03.15 14:04 B G:\CONTENEDOR\sitios\activos\AEROEXPRESS\webpanel\assets\plugins\countdown\jquery.countdown-da.js --> hs20.ihosting.cl /public_html/desarrollo/tlc/webpanel/assets/plugins/countdown jquery.countdown-da.js
2017.03.15 14:04 B G:\CONTENEDOR\sitios\activos\AEROEXPRESS\webpanel\assets\plugins\countdown\jquery.countdown-de.js --> hs20.ihosting.cl /public_html/desarrollo/tlc/webpanel/assets/plugins/countdown jquery.countdown-de.js
2017.03.15 14:04 B G:\CONTENEDOR\sitios\activos\AEROEXPRESS\webpanel\assets\plugins\countdown\jquery.countdown-el.js --> hs20.ihosting.cl /public_html/desarrollo/tlc/webpanel/assets/plugins/countdown jquery.countdown-el.js
2017.03.15 14:04 B G:\CONTENEDOR\sitios\activos\AEROEXPRESS\webpanel\assets\plugins\countdown\jquery.countdown-es.js --> hs20.ihosting.cl /public_html/desarrollo/tlc/webpanel/assets/plugins/countdown jquery.countdown-es.js
2017.03.15 14:04 B G:\CONTENEDOR\sitios\activos\AEROEXPRESS\webpanel\assets\plugins\countdown\jquery.countdown-et.js --> hs20.ihosting.cl /public_html/desarrollo/tlc/webpanel/assets/plugins/countdown jquery.countdown-et.js
2017.03.15 14:04 B G:\CONTENEDOR\sitios\activos\AEROEXPRESS\webpanel\assets\plugins\countdown\jquery.countdown-fa.js --> hs20.ihosting.cl /public_html/desarrollo/tlc/webpanel/assets/plugins/countdown jquery.countdown-fa.js
2017.03.15 14:04 B G:\CONTENEDOR\sitios\activos\AEROEXPRESS\webpanel\assets\plugins\countdown\jquery.countdown-fi.js --> hs20.ihosting.cl /public_html/desarrollo/tlc/webpanel/assets/plugins/countdown jquery.countdown-fi.js
2017.03.15 14:04 B G:\CONTENEDOR\sitios\activos\AEROEXPRESS\webpanel\assets\plugins\countdown\jquery.countdown-fr.js --> hs20.ihosting.cl /public_html/desarrollo/tlc/webpanel/assets/plugins/countdown jquery.countdown-fr.js
2017.03.15 14:04 B G:\CONTENEDOR\sitios\activos\AEROEXPRESS\webpanel\assets\plugins\countdown\jquery.countdown-gl.js --> hs20.ihosting.cl /public_html/desarrollo/tlc/webpanel/assets/plugins/countdown jquery.countdown-gl.js
2017.03.15 14:04 B G:\CONTENEDOR\sitios\activos\AEROEXPRESS\webpanel\assets\plugins\countdown\jquery.countdown-gu.js --> hs20.ihosting.cl /public_html/desarrollo/tlc/webpanel/assets/plugins/countdown jquery.countdown-gu.js
2017.03.15 14:04 B G:\CONTENEDOR\sitios\activos\AEROEXPRESS\webpanel\assets\plugins\countdown\jquery.countdown-he.js --> hs20.ihosting.cl /public_html/desarrollo/tlc/webpanel/assets/plugins/countdown jquery.countdown-he.js
2017.03.15 14:04 B G:\CONTENEDOR\sitios\activos\AEROEXPRESS\webpanel\assets\plugins\countdown\jquery.countdown-hr.js --> hs20.ihosting.cl /public_html/desarrollo/tlc/webpanel/assets/plugins/countdown jquery.countdown-hr.js
2017.03.15 14:04 B G:\CONTENEDOR\sitios\activos\AEROEXPRESS\webpanel\assets\plugins\countdown\jquery.countdown-hu.js --> hs20.ihosting.cl /public_html/desarrollo/tlc/webpanel/assets/plugins/countdown jquery.countdown-hu.js
2017.03.15 14:04 B G:\CONTENEDOR\sitios\activos\AEROEXPRESS\webpanel\assets\plugins\countdown\jquery.countdown-hy.js --> hs20.ihosting.cl /public_html/desarrollo/tlc/webpanel/assets/plugins/countdown jquery.countdown-hy.js
2017.03.15 14:04 B G:\CONTENEDOR\sitios\activos\AEROEXPRESS\webpanel\assets\plugins\countdown\jquery.countdown-id.js --> hs20.ihosting.cl /public_html/desarrollo/tlc/webpanel/assets/plugins/countdown jquery.countdown-id.js
2017.03.15 14:04 B G:\CONTENEDOR\sitios\activos\AEROEXPRESS\webpanel\assets\plugins\countdown\jquery.countdown-it.js --> hs20.ihosting.cl /public_html/desarrollo/tlc/webpanel/assets/plugins/countdown jquery.countdown-it.js
2017.03.15 14:04 B G:\CONTENEDOR\sitios\activos\AEROEXPRESS\webpanel\assets\plugins\countdown\jquery.countdown-ja.js --> hs20.ihosting.cl /public_html/desarrollo/tlc/webpanel/assets/plugins/countdown jquery.countdown-ja.js
2017.03.15 14:04 B G:\CONTENEDOR\sitios\activos\AEROEXPRESS\webpanel\assets\plugins\countdown\jquery.countdown-kn.js --> hs20.ihosting.cl /public_html/desarrollo/tlc/webpanel/assets/plugins/countdown jquery.countdown-kn.js
2017.03.15 14:04 B G:\CONTENEDOR\sitios\activos\AEROEXPRESS\webpanel\assets\plugins\countdown\jquery.countdown-ko.js --> hs20.ihosting.cl /public_html/desarrollo/tlc/webpanel/assets/plugins/countdown jquery.countdown-ko.js
2017.03.15 14:04 B G:\CONTENEDOR\sitios\activos\AEROEXPRESS\webpanel\assets\plugins\countdown\jquery.countdown-lt.js --> hs20.ihosting.cl /public_html/desarrollo/tlc/webpanel/assets/plugins/countdown jquery.countdown-lt.js
2017.03.15 14:04 B G:\CONTENEDOR\sitios\activos\AEROEXPRESS\webpanel\assets\plugins\countdown\jquery.countdown-lv.js --> hs20.ihosting.cl /public_html/desarrollo/tlc/webpanel/assets/plugins/countdown jquery.countdown-lv.js
2017.03.15 14:04 B G:\CONTENEDOR\sitios\activos\AEROEXPRESS\webpanel\assets\plugins\countdown\jquery.countdown-ml.js --> hs20.ihosting.cl /public_html/desarrollo/tlc/webpanel/assets/plugins/countdown jquery.countdown-ml.js
2017.03.15 14:04 B G:\CONTENEDOR\sitios\activos\AEROEXPRESS\webpanel\assets\plugins\countdown\jquery.countdown-ms.js --> hs20.ihosting.cl /public_html/desarrollo/tlc/webpanel/assets/plugins/countdown jquery.countdown-ms.js
2017.03.15 14:04 B G:\CONTENEDOR\sitios\activos\AEROEXPRESS\webpanel\assets\plugins\countdown\jquery.countdown-my.js --> hs20.ihosting.cl /public_html/desarrollo/tlc/webpanel/assets/plugins/countdown jquery.countdown-my.js
2017.03.15 14:04 B G:\CONTENEDOR\sitios\activos\AEROEXPRESS\webpanel\assets\plugins\countdown\jquery.countdown-nb.js --> hs20.ihosting.cl /public_html/desarrollo/tlc/webpanel/assets/plugins/countdown jquery.countdown-nb.js
2017.03.15 14:04 B G:\CONTENEDOR\sitios\activos\AEROEXPRESS\webpanel\assets\plugins\countdown\jquery.countdown-nl.js --> hs20.ihosting.cl /public_html/desarrollo/tlc/webpanel/assets/plugins/countdown jquery.countdown-nl.js
2017.03.15 14:04 B G:\CONTENEDOR\sitios\activos\AEROEXPRESS\webpanel\assets\plugins\countdown\jquery.countdown-pl.js --> hs20.ihosting.cl /public_html/desarrollo/tlc/webpanel/assets/plugins/countdown jquery.countdown-pl.js
2017.03.15 14:04 B G:\CONTENEDOR\sitios\activos\AEROEXPRESS\webpanel\assets\plugins\countdown\jquery.countdown-pt-BR.js --> hs20.ihosting.cl /public_html/desarrollo/tlc/webpanel/assets/plugins/countdown jquery.countdown-pt-BR.js
2017.03.15 14:04 B G:\CONTENEDOR\sitios\activos\AEROEXPRESS\webpanel\assets\plugins\countdown\jquery.countdown-ro.js --> hs20.ihosting.cl /public_html/desarrollo/tlc/webpanel/assets/plugins/countdown jquery.countdown-ro.js
2017.03.15 14:04 B G:\CONTENEDOR\sitios\activos\AEROEXPRESS\webpanel\assets\plugins\countdown\jquery.countdown-ru.js --> hs20.ihosting.cl /public_html/desarrollo/tlc/webpanel/assets/plugins/countdown jquery.countdown-ru.js
2017.03.15 14:04 B G:\CONTENEDOR\sitios\activos\AEROEXPRESS\webpanel\assets\plugins\countdown\jquery.countdown-sk.js --> hs20.ihosting.cl /public_html/desarrollo/tlc/webpanel/assets/plugins/countdown jquery.countdown-sk.js
2017.03.15 14:04 B G:\CONTENEDOR\sitios\activos\AEROEXPRESS\webpanel\assets\plugins\countdown\jquery.countdown-sl.js --> hs20.ihosting.cl /public_html/desarrollo/tlc/webpanel/assets/plugins/countdown jquery.countdown-sl.js
2017.03.15 14:04 B G:\CONTENEDOR\sitios\activos\AEROEXPRESS\webpanel\assets\plugins\countdown\jquery.countdown-sq.js --> hs20.ihosting.cl /public_html/desarrollo/tlc/webpanel/assets/plugins/countdown jquery.countdown-sq.js
2017.03.15 14:04 B G:\CONTENEDOR\sitios\activos\AEROEXPRESS\webpanel\assets\plugins\countdown\jquery.countdown-sr-SR.js --> hs20.ihosting.cl /public_html/desarrollo/tlc/webpanel/assets/plugins/countdown jquery.countdown-sr-SR.js
2017.03.15 14:04 B G:\CONTENEDOR\sitios\activos\AEROEXPRESS\webpanel\assets\plugins\countdown\jquery.countdown-sr.js --> hs20.ihosting.cl /public_html/desarrollo/tlc/webpanel/assets/plugins/countdown jquery.countdown-sr.js
2017.03.15 14:04 B G:\CONTENEDOR\sitios\activos\AEROEXPRESS\webpanel\assets\plugins\countdown\jquery.countdown-sv.js --> hs20.ihosting.cl /public_html/desarrollo/tlc/webpanel/assets/plugins/countdown jquery.countdown-sv.js
2017.03.15 14:04 B G:\CONTENEDOR\sitios\activos\AEROEXPRESS\webpanel\assets\plugins\countdown\jquery.countdown-th.js --> hs20.ihosting.cl /public_html/desarrollo/tlc/webpanel/assets/plugins/countdown jquery.countdown-th.js
2017.03.15 14:04 B G:\CONTENEDOR\sitios\activos\AEROEXPRESS\webpanel\assets\plugins\countdown\jquery.countdown-tr.js --> hs20.ihosting.cl /public_html/desarrollo/tlc/webpanel/assets/plugins/countdown jquery.countdown-tr.js
2017.03.15 14:04 B G:\CONTENEDOR\sitios\activos\AEROEXPRESS\webpanel\assets\plugins\countdown\jquery.countdown-uk.js --> hs20.ihosting.cl /public_html/desarrollo/tlc/webpanel/assets/plugins/countdown jquery.countdown-uk.js
2017.03.15 14:04 B G:\CONTENEDOR\sitios\activos\AEROEXPRESS\webpanel\assets\plugins\countdown\jquery.countdown-uz.js --> hs20.ihosting.cl /public_html/desarrollo/tlc/webpanel/assets/plugins/countdown jquery.countdown-uz.js
2017.03.15 14:04 B G:\CONTENEDOR\sitios\activos\AEROEXPRESS\webpanel\assets\plugins\countdown\jquery.countdown-vi.js --> hs20.ihosting.cl /public_html/desarrollo/tlc/webpanel/assets/plugins/countdown jquery.countdown-vi.js
2017.03.15 14:04 B G:\CONTENEDOR\sitios\activos\AEROEXPRESS\webpanel\assets\plugins\countdown\jquery.countdown-zh-CN.js --> hs20.ihosting.cl /public_html/desarrollo/tlc/webpanel/assets/plugins/countdown jquery.countdown-zh-CN.js
2017.03.15 14:04 B G:\CONTENEDOR\sitios\activos\AEROEXPRESS\webpanel\assets\plugins\countdown\jquery.countdown-zh-TW.js --> hs20.ihosting.cl /public_html/desarrollo/tlc/webpanel/assets/plugins/countdown jquery.countdown-zh-TW.js
2017.03.15 14:04 B G:\CONTENEDOR\sitios\activos\AEROEXPRESS\webpanel\assets\plugins\countdown\jquery.countdown.css --> hs20.ihosting.cl /public_html/desarrollo/tlc/webpanel/assets/plugins/countdown jquery.countdown.css
2017.03.15 14:04 B G:\CONTENEDOR\sitios\activos\AEROEXPRESS\webpanel\assets\plugins\countdown\jquery.countdown.js --> hs20.ihosting.cl /public_html/desarrollo/tlc/webpanel/assets/plugins/countdown jquery.countdown.js
2017.03.15 14:04 B G:\CONTENEDOR\sitios\activos\AEROEXPRESS\webpanel\assets\plugins\countdown\jquery.countdown.min.js --> hs20.ihosting.cl /public_html/desarrollo/tlc/webpanel/assets/plugins/countdown jquery.countdown.min.js
2017.03.15 14:04 B G:\CONTENEDOR\sitios\activos\AEROEXPRESS\webpanel\assets\plugins\countdown\WS_FTP.LOG --> hs20.ihosting.cl /public_html/desarrollo/tlc/webpanel/assets/plugins/countdown WS_FTP.LOG
