2016.09.14 21:03 B G:\CONTENEDOR\sitios\activos\AEROEXPRESS\webpanel\assets\plugins\pagedown\Markdown.Sanitizer.js <-- AEROEXPRESS /public_html/webpanel/assets/plugins/pagedown Markdown.Sanitizer.js
2016.09.14 21:03 B G:\CONTENEDOR\sitios\activos\AEROEXPRESS\webpanel\assets\plugins\pagedown\Markdown.Editor.less <-- AEROEXPRESS /public_html/webpanel/assets/plugins/pagedown Markdown.Editor.less
2016.09.14 21:03 B G:\CONTENEDOR\sitios\activos\AEROEXPRESS\webpanel\assets\plugins\pagedown\Markdown.Editor.js <-- AEROEXPRESS /public_html/webpanel/assets/plugins/pagedown Markdown.Editor.js
2016.09.14 21:03 B G:\CONTENEDOR\sitios\activos\AEROEXPRESS\webpanel\assets\plugins\pagedown\Markdown.Editor.Icons.png <-- AEROEXPRESS /public_html/webpanel/assets/plugins/pagedown Markdown.Editor.Icons.png
2016.09.14 21:03 B G:\CONTENEDOR\sitios\activos\AEROEXPRESS\webpanel\assets\plugins\pagedown\Markdown.Editor.Icons.fw.png <-- AEROEXPRESS /public_html/webpanel/assets/plugins/pagedown Markdown.Editor.Icons.fw.png
2016.09.14 21:03 B G:\CONTENEDOR\sitios\activos\AEROEXPRESS\webpanel\assets\plugins\pagedown\Markdown.Converter.js <-- AEROEXPRESS /public_html/webpanel/assets/plugins/pagedown Markdown.Converter.js
2017.03.15 14:11 B G:\CONTENEDOR\sitios\activos\AEROEXPRESS\webpanel\assets\plugins\pagedown\Markdown.Converter.js --> hs20.ihosting.cl /public_html/desarrollo/tlc/webpanel/assets/plugins/pagedown Markdown.Converter.js
2017.03.15 14:11 B G:\CONTENEDOR\sitios\activos\AEROEXPRESS\webpanel\assets\plugins\pagedown\Markdown.Editor.Icons.fw.png --> hs20.ihosting.cl /public_html/desarrollo/tlc/webpanel/assets/plugins/pagedown Markdown.Editor.Icons.fw.png
2017.03.15 14:11 B G:\CONTENEDOR\sitios\activos\AEROEXPRESS\webpanel\assets\plugins\pagedown\Markdown.Editor.Icons.png --> hs20.ihosting.cl /public_html/desarrollo/tlc/webpanel/assets/plugins/pagedown Markdown.Editor.Icons.png
2017.03.15 14:11 B G:\CONTENEDOR\sitios\activos\AEROEXPRESS\webpanel\assets\plugins\pagedown\Markdown.Editor.js --> hs20.ihosting.cl /public_html/desarrollo/tlc/webpanel/assets/plugins/pagedown Markdown.Editor.js
2017.03.15 14:11 B G:\CONTENEDOR\sitios\activos\AEROEXPRESS\webpanel\assets\plugins\pagedown\Markdown.Editor.less --> hs20.ihosting.cl /public_html/desarrollo/tlc/webpanel/assets/plugins/pagedown Markdown.Editor.less
2017.03.15 14:11 B G:\CONTENEDOR\sitios\activos\AEROEXPRESS\webpanel\assets\plugins\pagedown\Markdown.Sanitizer.js --> hs20.ihosting.cl /public_html/desarrollo/tlc/webpanel/assets/plugins/pagedown Markdown.Sanitizer.js
2017.03.15 14:11 B G:\CONTENEDOR\sitios\activos\AEROEXPRESS\webpanel\assets\plugins\pagedown\WS_FTP.LOG --> hs20.ihosting.cl /public_html/desarrollo/tlc/webpanel/assets/plugins/pagedown WS_FTP.LOG
2017.05.01 19:37 B G:\CONTENEDOR\sitios\activos\tlc\webpanel\assets\plugins\pagedown\WS_FTP.LOG --> hs33.ihosting.cl /public_html/webpanel/assets/plugins/pagedown WS_FTP.LOG
2017.05.01 19:37 B G:\CONTENEDOR\sitios\activos\tlc\webpanel\assets\plugins\pagedown\Markdown.Sanitizer.js --> hs33.ihosting.cl /public_html/webpanel/assets/plugins/pagedown Markdown.Sanitizer.js
2017.05.01 19:37 B G:\CONTENEDOR\sitios\activos\tlc\webpanel\assets\plugins\pagedown\Markdown.Editor.less --> hs33.ihosting.cl /public_html/webpanel/assets/plugins/pagedown Markdown.Editor.less
2017.05.01 19:37 B G:\CONTENEDOR\sitios\activos\tlc\webpanel\assets\plugins\pagedown\Markdown.Editor.js --> hs33.ihosting.cl /public_html/webpanel/assets/plugins/pagedown Markdown.Editor.js
2017.05.01 19:37 B G:\CONTENEDOR\sitios\activos\tlc\webpanel\assets\plugins\pagedown\Markdown.Editor.Icons.png --> hs33.ihosting.cl /public_html/webpanel/assets/plugins/pagedown Markdown.Editor.Icons.png
2017.05.01 19:37 B G:\CONTENEDOR\sitios\activos\tlc\webpanel\assets\plugins\pagedown\Markdown.Editor.Icons.fw.png --> hs33.ihosting.cl /public_html/webpanel/assets/plugins/pagedown Markdown.Editor.Icons.fw.png
2017.05.01 19:37 B G:\CONTENEDOR\sitios\activos\tlc\webpanel\assets\plugins\pagedown\Markdown.Converter.js --> hs33.ihosting.cl /public_html/webpanel/assets/plugins/pagedown Markdown.Converter.js
