2016.09.14 21:05 B G:\CONTENEDOR\sitios\activos\AEROEXPRESS\webpanel\assets\plugins\gmaps\lib\gmaps.utils.js <-- AEROEXPRESS /public_html/webpanel/assets/plugins/gmaps/lib gmaps.utils.js
2016.09.14 21:05 B G:\CONTENEDOR\sitios\activos\AEROEXPRESS\webpanel\assets\plugins\gmaps\lib\gmaps.styles.js <-- AEROEXPRESS /public_html/webpanel/assets/plugins/gmaps/lib gmaps.styles.js
2016.09.14 21:05 B G:\CONTENEDOR\sitios\activos\AEROEXPRESS\webpanel\assets\plugins\gmaps\lib\gmaps.streetview.js <-- AEROEXPRESS /public_html/webpanel/assets/plugins/gmaps/lib gmaps.streetview.js
2016.09.14 21:05 B G:\CONTENEDOR\sitios\activos\AEROEXPRESS\webpanel\assets\plugins\gmaps\lib\gmaps.static.js <-- AEROEXPRESS /public_html/webpanel/assets/plugins/gmaps/lib gmaps.static.js
2016.09.14 21:05 B G:\CONTENEDOR\sitios\activos\AEROEXPRESS\webpanel\assets\plugins\gmaps\lib\gmaps.routes.js <-- AEROEXPRESS /public_html/webpanel/assets/plugins/gmaps/lib gmaps.routes.js
2016.09.14 21:05 B G:\CONTENEDOR\sitios\activos\AEROEXPRESS\webpanel\assets\plugins\gmaps\lib\gmaps.overlays.js <-- AEROEXPRESS /public_html/webpanel/assets/plugins/gmaps/lib gmaps.overlays.js
2016.09.14 21:05 B G:\CONTENEDOR\sitios\activos\AEROEXPRESS\webpanel\assets\plugins\gmaps\lib\gmaps.native_extensions.js <-- AEROEXPRESS /public_html/webpanel/assets/plugins/gmaps/lib gmaps.native_extensions.js
2016.09.14 21:05 B G:\CONTENEDOR\sitios\activos\AEROEXPRESS\webpanel\assets\plugins\gmaps\lib\gmaps.markers.js <-- AEROEXPRESS /public_html/webpanel/assets/plugins/gmaps/lib gmaps.markers.js
2016.09.14 21:05 B G:\CONTENEDOR\sitios\activos\AEROEXPRESS\webpanel\assets\plugins\gmaps\lib\gmaps.map_types.js <-- AEROEXPRESS /public_html/webpanel/assets/plugins/gmaps/lib gmaps.map_types.js
2016.09.14 21:05 B G:\CONTENEDOR\sitios\activos\AEROEXPRESS\webpanel\assets\plugins\gmaps\lib\gmaps.layers.js <-- AEROEXPRESS /public_html/webpanel/assets/plugins/gmaps/lib gmaps.layers.js
2016.09.14 21:05 B G:\CONTENEDOR\sitios\activos\AEROEXPRESS\webpanel\assets\plugins\gmaps\lib\gmaps.geometry.js <-- AEROEXPRESS /public_html/webpanel/assets/plugins/gmaps/lib gmaps.geometry.js
2016.09.14 21:05 B G:\CONTENEDOR\sitios\activos\AEROEXPRESS\webpanel\assets\plugins\gmaps\lib\gmaps.geofences.js <-- AEROEXPRESS /public_html/webpanel/assets/plugins/gmaps/lib gmaps.geofences.js
2016.09.14 21:05 B G:\CONTENEDOR\sitios\activos\AEROEXPRESS\webpanel\assets\plugins\gmaps\lib\gmaps.events.js <-- AEROEXPRESS /public_html/webpanel/assets/plugins/gmaps/lib gmaps.events.js
2016.09.14 21:05 B G:\CONTENEDOR\sitios\activos\AEROEXPRESS\webpanel\assets\plugins\gmaps\lib\gmaps.core.js <-- AEROEXPRESS /public_html/webpanel/assets/plugins/gmaps/lib gmaps.core.js
2016.09.14 21:05 B G:\CONTENEDOR\sitios\activos\AEROEXPRESS\webpanel\assets\plugins\gmaps\lib\gmaps.controls.js <-- AEROEXPRESS /public_html/webpanel/assets/plugins/gmaps/lib gmaps.controls.js
2017.03.15 14:07 B G:\CONTENEDOR\sitios\activos\AEROEXPRESS\webpanel\assets\plugins\gmaps\lib\gmaps.controls.js --> hs20.ihosting.cl /public_html/desarrollo/tlc/webpanel/assets/plugins/gmaps/lib gmaps.controls.js
2017.03.15 14:07 B G:\CONTENEDOR\sitios\activos\AEROEXPRESS\webpanel\assets\plugins\gmaps\lib\gmaps.core.js --> hs20.ihosting.cl /public_html/desarrollo/tlc/webpanel/assets/plugins/gmaps/lib gmaps.core.js
2017.03.15 14:07 B G:\CONTENEDOR\sitios\activos\AEROEXPRESS\webpanel\assets\plugins\gmaps\lib\gmaps.events.js --> hs20.ihosting.cl /public_html/desarrollo/tlc/webpanel/assets/plugins/gmaps/lib gmaps.events.js
2017.03.15 14:07 B G:\CONTENEDOR\sitios\activos\AEROEXPRESS\webpanel\assets\plugins\gmaps\lib\gmaps.geofences.js --> hs20.ihosting.cl /public_html/desarrollo/tlc/webpanel/assets/plugins/gmaps/lib gmaps.geofences.js
2017.03.15 14:07 B G:\CONTENEDOR\sitios\activos\AEROEXPRESS\webpanel\assets\plugins\gmaps\lib\gmaps.geometry.js --> hs20.ihosting.cl /public_html/desarrollo/tlc/webpanel/assets/plugins/gmaps/lib gmaps.geometry.js
2017.03.15 14:07 B G:\CONTENEDOR\sitios\activos\AEROEXPRESS\webpanel\assets\plugins\gmaps\lib\gmaps.layers.js --> hs20.ihosting.cl /public_html/desarrollo/tlc/webpanel/assets/plugins/gmaps/lib gmaps.layers.js
2017.03.15 14:07 B G:\CONTENEDOR\sitios\activos\AEROEXPRESS\webpanel\assets\plugins\gmaps\lib\gmaps.map_types.js --> hs20.ihosting.cl /public_html/desarrollo/tlc/webpanel/assets/plugins/gmaps/lib gmaps.map_types.js
2017.03.15 14:07 B G:\CONTENEDOR\sitios\activos\AEROEXPRESS\webpanel\assets\plugins\gmaps\lib\gmaps.markers.js --> hs20.ihosting.cl /public_html/desarrollo/tlc/webpanel/assets/plugins/gmaps/lib gmaps.markers.js
2017.03.15 14:07 B G:\CONTENEDOR\sitios\activos\AEROEXPRESS\webpanel\assets\plugins\gmaps\lib\gmaps.native_extensions.js --> hs20.ihosting.cl /public_html/desarrollo/tlc/webpanel/assets/plugins/gmaps/lib gmaps.native_extensions.js
2017.03.15 14:07 B G:\CONTENEDOR\sitios\activos\AEROEXPRESS\webpanel\assets\plugins\gmaps\lib\gmaps.overlays.js --> hs20.ihosting.cl /public_html/desarrollo/tlc/webpanel/assets/plugins/gmaps/lib gmaps.overlays.js
2017.03.15 14:07 B G:\CONTENEDOR\sitios\activos\AEROEXPRESS\webpanel\assets\plugins\gmaps\lib\gmaps.routes.js --> hs20.ihosting.cl /public_html/desarrollo/tlc/webpanel/assets/plugins/gmaps/lib gmaps.routes.js
2017.03.15 14:07 B G:\CONTENEDOR\sitios\activos\AEROEXPRESS\webpanel\assets\plugins\gmaps\lib\gmaps.static.js --> hs20.ihosting.cl /public_html/desarrollo/tlc/webpanel/assets/plugins/gmaps/lib gmaps.static.js
2017.03.15 14:07 B G:\CONTENEDOR\sitios\activos\AEROEXPRESS\webpanel\assets\plugins\gmaps\lib\gmaps.streetview.js --> hs20.ihosting.cl /public_html/desarrollo/tlc/webpanel/assets/plugins/gmaps/lib gmaps.streetview.js
2017.03.15 14:07 B G:\CONTENEDOR\sitios\activos\AEROEXPRESS\webpanel\assets\plugins\gmaps\lib\gmaps.styles.js --> hs20.ihosting.cl /public_html/desarrollo/tlc/webpanel/assets/plugins/gmaps/lib gmaps.styles.js
2017.03.15 14:07 B G:\CONTENEDOR\sitios\activos\AEROEXPRESS\webpanel\assets\plugins\gmaps\lib\gmaps.utils.js --> hs20.ihosting.cl /public_html/desarrollo/tlc/webpanel/assets/plugins/gmaps/lib gmaps.utils.js
2017.03.15 14:07 B G:\CONTENEDOR\sitios\activos\AEROEXPRESS\webpanel\assets\plugins\gmaps\lib\WS_FTP.LOG --> hs20.ihosting.cl /public_html/desarrollo/tlc/webpanel/assets/plugins/gmaps/lib WS_FTP.LOG
2017.05.01 19:44 B G:\CONTENEDOR\sitios\activos\tlc\webpanel\assets\plugins\gmaps\lib\WS_FTP.LOG --> hs33.ihosting.cl /public_html/webpanel/assets/plugins/gmaps/lib WS_FTP.LOG
2017.05.01 19:44 B G:\CONTENEDOR\sitios\activos\tlc\webpanel\assets\plugins\gmaps\lib\gmaps.utils.js --> hs33.ihosting.cl /public_html/webpanel/assets/plugins/gmaps/lib gmaps.utils.js
2017.05.01 19:44 B G:\CONTENEDOR\sitios\activos\tlc\webpanel\assets\plugins\gmaps\lib\gmaps.styles.js --> hs33.ihosting.cl /public_html/webpanel/assets/plugins/gmaps/lib gmaps.styles.js
2017.05.01 19:44 B G:\CONTENEDOR\sitios\activos\tlc\webpanel\assets\plugins\gmaps\lib\gmaps.streetview.js --> hs33.ihosting.cl /public_html/webpanel/assets/plugins/gmaps/lib gmaps.streetview.js
2017.05.01 19:44 B G:\CONTENEDOR\sitios\activos\tlc\webpanel\assets\plugins\gmaps\lib\gmaps.static.js --> hs33.ihosting.cl /public_html/webpanel/assets/plugins/gmaps/lib gmaps.static.js
2017.05.01 19:44 B G:\CONTENEDOR\sitios\activos\tlc\webpanel\assets\plugins\gmaps\lib\gmaps.routes.js --> hs33.ihosting.cl /public_html/webpanel/assets/plugins/gmaps/lib gmaps.routes.js
2017.05.01 19:44 B G:\CONTENEDOR\sitios\activos\tlc\webpanel\assets\plugins\gmaps\lib\gmaps.overlays.js --> hs33.ihosting.cl /public_html/webpanel/assets/plugins/gmaps/lib gmaps.overlays.js
2017.05.01 19:44 B G:\CONTENEDOR\sitios\activos\tlc\webpanel\assets\plugins\gmaps\lib\gmaps.native_extensions.js --> hs33.ihosting.cl /public_html/webpanel/assets/plugins/gmaps/lib gmaps.native_extensions.js
2017.05.01 19:44 B G:\CONTENEDOR\sitios\activos\tlc\webpanel\assets\plugins\gmaps\lib\gmaps.markers.js --> hs33.ihosting.cl /public_html/webpanel/assets/plugins/gmaps/lib gmaps.markers.js
2017.05.01 19:44 B G:\CONTENEDOR\sitios\activos\tlc\webpanel\assets\plugins\gmaps\lib\gmaps.map_types.js --> hs33.ihosting.cl /public_html/webpanel/assets/plugins/gmaps/lib gmaps.map_types.js
2017.05.01 19:44 B G:\CONTENEDOR\sitios\activos\tlc\webpanel\assets\plugins\gmaps\lib\gmaps.layers.js --> hs33.ihosting.cl /public_html/webpanel/assets/plugins/gmaps/lib gmaps.layers.js
2017.05.01 19:44 B G:\CONTENEDOR\sitios\activos\tlc\webpanel\assets\plugins\gmaps\lib\gmaps.geometry.js --> hs33.ihosting.cl /public_html/webpanel/assets/plugins/gmaps/lib gmaps.geometry.js
2017.05.01 19:44 B G:\CONTENEDOR\sitios\activos\tlc\webpanel\assets\plugins\gmaps\lib\gmaps.geofences.js --> hs33.ihosting.cl /public_html/webpanel/assets/plugins/gmaps/lib gmaps.geofences.js
2017.05.01 19:44 B G:\CONTENEDOR\sitios\activos\tlc\webpanel\assets\plugins\gmaps\lib\gmaps.events.js --> hs33.ihosting.cl /public_html/webpanel/assets/plugins/gmaps/lib gmaps.events.js
2017.05.01 19:44 B G:\CONTENEDOR\sitios\activos\tlc\webpanel\assets\plugins\gmaps\lib\gmaps.core.js --> hs33.ihosting.cl /public_html/webpanel/assets/plugins/gmaps/lib gmaps.core.js
2017.05.01 19:44 B G:\CONTENEDOR\sitios\activos\tlc\webpanel\assets\plugins\gmaps\lib\gmaps.controls.js --> hs33.ihosting.cl /public_html/webpanel/assets/plugins/gmaps/lib gmaps.controls.js
