2016.09.14 21:08 B G:\CONTENEDOR\sitios\activos\AEROEXPRESS\webpanel\assets\css\style.css <-- AEROEXPRESS /public_html/webpanel/assets/css style.css
2016.09.14 21:08 B G:\CONTENEDOR\sitios\activos\AEROEXPRESS\webpanel\assets\css\Offline.css <-- AEROEXPRESS /public_html/webpanel/assets/css Offline.css
2016.09.14 21:08 B G:\CONTENEDOR\sitios\activos\AEROEXPRESS\webpanel\assets\css\MoneAdmin.css <-- AEROEXPRESS /public_html/webpanel/assets/css MoneAdmin.css
2016.09.14 21:08 B G:\CONTENEDOR\sitios\activos\AEROEXPRESS\webpanel\assets\css\Markdown.Editor.hack.css <-- AEROEXPRESS /public_html/webpanel/assets/css Markdown.Editor.hack.css
2016.09.14 21:08 B G:\CONTENEDOR\sitios\activos\AEROEXPRESS\webpanel\assets\css\main.min.css <-- AEROEXPRESS /public_html/webpanel/assets/css main.min.css
2016.09.14 21:08 B G:\CONTENEDOR\sitios\activos\AEROEXPRESS\webpanel\assets\css\main.css <-- AEROEXPRESS /public_html/webpanel/assets/css main.css
2016.09.14 21:08 B G:\CONTENEDOR\sitios\activos\AEROEXPRESS\webpanel\assets\css\login.css <-- AEROEXPRESS /public_html/webpanel/assets/css login.css
2016.09.14 21:08 B G:\CONTENEDOR\sitios\activos\AEROEXPRESS\webpanel\assets\css\layout2.min.css <-- AEROEXPRESS /public_html/webpanel/assets/css layout2.min.css
2016.09.14 21:08 B G:\CONTENEDOR\sitios\activos\AEROEXPRESS\webpanel\assets\css\layout2.css <-- AEROEXPRESS /public_html/webpanel/assets/css layout2.css
2016.09.14 21:08 B G:\CONTENEDOR\sitios\activos\AEROEXPRESS\webpanel\assets\css\jquery.cleditor-hack.css <-- AEROEXPRESS /public_html/webpanel/assets/css jquery.cleditor-hack.css
2016.09.14 21:08 B G:\CONTENEDOR\sitios\activos\AEROEXPRESS\webpanel\assets\css\jquery-ui.css <-- AEROEXPRESS /public_html/webpanel/assets/css jquery-ui.css
2016.09.14 21:08 B G:\CONTENEDOR\sitios\activos\AEROEXPRESS\webpanel\assets\css\jqstooltip.css <-- AEROEXPRESS /public_html/webpanel/assets/css jqstooltip.css
2016.09.14 21:08 B G:\CONTENEDOR\sitios\activos\AEROEXPRESS\webpanel\assets\css\error.css <-- AEROEXPRESS /public_html/webpanel/assets/css error.css
2016.09.14 21:08 B G:\CONTENEDOR\sitios\activos\AEROEXPRESS\webpanel\assets\css\countdown.css <-- AEROEXPRESS /public_html/webpanel/assets/css countdown.css
2016.09.14 21:08 B G:\CONTENEDOR\sitios\activos\AEROEXPRESS\webpanel\assets\css\calendar.css <-- AEROEXPRESS /public_html/webpanel/assets/css calendar.css
2016.09.14 21:08 B G:\CONTENEDOR\sitios\activos\AEROEXPRESS\webpanel\assets\css\bootstrap-wysihtml5-hack.css <-- AEROEXPRESS /public_html/webpanel/assets/css bootstrap-wysihtml5-hack.css
2016.09.14 21:08 B G:\CONTENEDOR\sitios\activos\AEROEXPRESS\webpanel\assets\css\bootstrap-fileupload.min.css <-- AEROEXPRESS /public_html/webpanel/assets/css bootstrap-fileupload.min.css
2017.03.15 14:03 B G:\CONTENEDOR\sitios\activos\AEROEXPRESS\webpanel\assets\css\bootstrap-fileupload.min.css --> hs20.ihosting.cl /public_html/desarrollo/tlc/webpanel/assets/css bootstrap-fileupload.min.css
2017.03.15 14:03 B G:\CONTENEDOR\sitios\activos\AEROEXPRESS\webpanel\assets\css\bootstrap-wysihtml5-hack.css --> hs20.ihosting.cl /public_html/desarrollo/tlc/webpanel/assets/css bootstrap-wysihtml5-hack.css
2017.03.15 14:03 B G:\CONTENEDOR\sitios\activos\AEROEXPRESS\webpanel\assets\css\calendar.css --> hs20.ihosting.cl /public_html/desarrollo/tlc/webpanel/assets/css calendar.css
2017.03.15 14:03 B G:\CONTENEDOR\sitios\activos\AEROEXPRESS\webpanel\assets\css\countdown.css --> hs20.ihosting.cl /public_html/desarrollo/tlc/webpanel/assets/css countdown.css
2017.03.15 14:03 B G:\CONTENEDOR\sitios\activos\AEROEXPRESS\webpanel\assets\css\error.css --> hs20.ihosting.cl /public_html/desarrollo/tlc/webpanel/assets/css error.css
2017.03.15 14:03 B G:\CONTENEDOR\sitios\activos\AEROEXPRESS\webpanel\assets\css\jqstooltip.css --> hs20.ihosting.cl /public_html/desarrollo/tlc/webpanel/assets/css jqstooltip.css
2017.03.15 14:03 B G:\CONTENEDOR\sitios\activos\AEROEXPRESS\webpanel\assets\css\jquery-ui.css --> hs20.ihosting.cl /public_html/desarrollo/tlc/webpanel/assets/css jquery-ui.css
2017.03.15 14:03 B G:\CONTENEDOR\sitios\activos\AEROEXPRESS\webpanel\assets\css\jquery.cleditor-hack.css --> hs20.ihosting.cl /public_html/desarrollo/tlc/webpanel/assets/css jquery.cleditor-hack.css
2017.03.15 14:03 B G:\CONTENEDOR\sitios\activos\AEROEXPRESS\webpanel\assets\css\layout2.css --> hs20.ihosting.cl /public_html/desarrollo/tlc/webpanel/assets/css layout2.css
2017.03.15 14:03 B G:\CONTENEDOR\sitios\activos\AEROEXPRESS\webpanel\assets\css\layout2.min.css --> hs20.ihosting.cl /public_html/desarrollo/tlc/webpanel/assets/css layout2.min.css
2017.03.15 14:03 B G:\CONTENEDOR\sitios\activos\AEROEXPRESS\webpanel\assets\css\login.css --> hs20.ihosting.cl /public_html/desarrollo/tlc/webpanel/assets/css login.css
2017.03.15 14:03 B G:\CONTENEDOR\sitios\activos\AEROEXPRESS\webpanel\assets\css\main.css --> hs20.ihosting.cl /public_html/desarrollo/tlc/webpanel/assets/css main.css
2017.03.15 14:03 B G:\CONTENEDOR\sitios\activos\AEROEXPRESS\webpanel\assets\css\main.min.css --> hs20.ihosting.cl /public_html/desarrollo/tlc/webpanel/assets/css main.min.css
2017.03.15 14:03 B G:\CONTENEDOR\sitios\activos\AEROEXPRESS\webpanel\assets\css\Markdown.Editor.hack.css --> hs20.ihosting.cl /public_html/desarrollo/tlc/webpanel/assets/css Markdown.Editor.hack.css
2017.03.15 14:03 B G:\CONTENEDOR\sitios\activos\AEROEXPRESS\webpanel\assets\css\MoneAdmin.css --> hs20.ihosting.cl /public_html/desarrollo/tlc/webpanel/assets/css MoneAdmin.css
2017.03.15 14:03 B G:\CONTENEDOR\sitios\activos\AEROEXPRESS\webpanel\assets\css\Offline.css --> hs20.ihosting.cl /public_html/desarrollo/tlc/webpanel/assets/css Offline.css
2017.03.15 14:03 B G:\CONTENEDOR\sitios\activos\AEROEXPRESS\webpanel\assets\css\style.css --> hs20.ihosting.cl /public_html/desarrollo/tlc/webpanel/assets/css style.css
2017.03.15 14:03 B G:\CONTENEDOR\sitios\activos\AEROEXPRESS\webpanel\assets\css\theme.css --> hs20.ihosting.cl /public_html/desarrollo/tlc/webpanel/assets/css theme.css
2017.03.15 14:03 B G:\CONTENEDOR\sitios\activos\AEROEXPRESS\webpanel\assets\css\WS_FTP.LOG --> hs20.ihosting.cl /public_html/desarrollo/tlc/webpanel/assets/css WS_FTP.LOG
