2016.09.14 21:04 B G:\CONTENEDOR\sitios\activos\AEROEXPRESS\webpanel\assets\plugins\jasny\js\bootstrap.js <-- AEROEXPRESS /public_html/webpanel/assets/plugins/jasny/js bootstrap.js
2016.09.14 21:04 B G:\CONTENEDOR\sitios\activos\AEROEXPRESS\webpanel\assets\plugins\jasny\js\bootstrap-typeahead.js <-- AEROEXPRESS /public_html/webpanel/assets/plugins/jasny/js bootstrap-typeahead.js
2016.09.14 21:04 B G:\CONTENEDOR\sitios\activos\AEROEXPRESS\webpanel\assets\plugins\jasny\js\bootstrap-transition.js <-- AEROEXPRESS /public_html/webpanel/assets/plugins/jasny/js bootstrap-transition.js
2016.09.14 21:04 B G:\CONTENEDOR\sitios\activos\AEROEXPRESS\webpanel\assets\plugins\jasny\js\bootstrap-tooltip.js <-- AEROEXPRESS /public_html/webpanel/assets/plugins/jasny/js bootstrap-tooltip.js
2016.09.14 21:04 B G:\CONTENEDOR\sitios\activos\AEROEXPRESS\webpanel\assets\plugins\jasny\js\bootstrap-tab.js <-- AEROEXPRESS /public_html/webpanel/assets/plugins/jasny/js bootstrap-tab.js
2016.09.14 21:04 B G:\CONTENEDOR\sitios\activos\AEROEXPRESS\webpanel\assets\plugins\jasny\js\bootstrap-scrollspy.js <-- AEROEXPRESS /public_html/webpanel/assets/plugins/jasny/js bootstrap-scrollspy.js
2016.09.14 21:04 B G:\CONTENEDOR\sitios\activos\AEROEXPRESS\webpanel\assets\plugins\jasny\js\bootstrap-rowlink.js <-- AEROEXPRESS /public_html/webpanel/assets/plugins/jasny/js bootstrap-rowlink.js
2016.09.14 21:04 B G:\CONTENEDOR\sitios\activos\AEROEXPRESS\webpanel\assets\plugins\jasny\js\bootstrap-popover.js <-- AEROEXPRESS /public_html/webpanel/assets/plugins/jasny/js bootstrap-popover.js
2016.09.14 21:04 B G:\CONTENEDOR\sitios\activos\AEROEXPRESS\webpanel\assets\plugins\jasny\js\bootstrap-modal.js <-- AEROEXPRESS /public_html/webpanel/assets/plugins/jasny/js bootstrap-modal.js
2016.09.14 21:04 B G:\CONTENEDOR\sitios\activos\AEROEXPRESS\webpanel\assets\plugins\jasny\js\bootstrap-inputmask.js <-- AEROEXPRESS /public_html/webpanel/assets/plugins/jasny/js bootstrap-inputmask.js
2016.09.14 21:04 B G:\CONTENEDOR\sitios\activos\AEROEXPRESS\webpanel\assets\plugins\jasny\js\bootstrap-fileupload.js <-- AEROEXPRESS /public_html/webpanel/assets/plugins/jasny/js bootstrap-fileupload.js
2016.09.14 21:04 B G:\CONTENEDOR\sitios\activos\AEROEXPRESS\webpanel\assets\plugins\jasny\js\bootstrap-dropdown.js <-- AEROEXPRESS /public_html/webpanel/assets/plugins/jasny/js bootstrap-dropdown.js
2016.09.14 21:04 B G:\CONTENEDOR\sitios\activos\AEROEXPRESS\webpanel\assets\plugins\jasny\js\bootstrap-collapse.js <-- AEROEXPRESS /public_html/webpanel/assets/plugins/jasny/js bootstrap-collapse.js
2016.09.14 21:04 B G:\CONTENEDOR\sitios\activos\AEROEXPRESS\webpanel\assets\plugins\jasny\js\bootstrap-carousel.js <-- AEROEXPRESS /public_html/webpanel/assets/plugins/jasny/js bootstrap-carousel.js
2016.09.14 21:04 B G:\CONTENEDOR\sitios\activos\AEROEXPRESS\webpanel\assets\plugins\jasny\js\bootstrap-button.js <-- AEROEXPRESS /public_html/webpanel/assets/plugins/jasny/js bootstrap-button.js
2016.09.14 21:04 B G:\CONTENEDOR\sitios\activos\AEROEXPRESS\webpanel\assets\plugins\jasny\js\bootstrap-alert.js <-- AEROEXPRESS /public_html/webpanel/assets/plugins/jasny/js bootstrap-alert.js
2016.09.14 21:04 B G:\CONTENEDOR\sitios\activos\AEROEXPRESS\webpanel\assets\plugins\jasny\js\bootstrap-affix.js <-- AEROEXPRESS /public_html/webpanel/assets/plugins/jasny/js bootstrap-affix.js
2017.03.15 14:08 B G:\CONTENEDOR\sitios\activos\AEROEXPRESS\webpanel\assets\plugins\jasny\js\bootstrap-affix.js --> hs20.ihosting.cl /public_html/desarrollo/tlc/webpanel/assets/plugins/jasny/js bootstrap-affix.js
2017.03.15 14:08 B G:\CONTENEDOR\sitios\activos\AEROEXPRESS\webpanel\assets\plugins\jasny\js\bootstrap-alert.js --> hs20.ihosting.cl /public_html/desarrollo/tlc/webpanel/assets/plugins/jasny/js bootstrap-alert.js
2017.03.15 14:08 B G:\CONTENEDOR\sitios\activos\AEROEXPRESS\webpanel\assets\plugins\jasny\js\bootstrap-button.js --> hs20.ihosting.cl /public_html/desarrollo/tlc/webpanel/assets/plugins/jasny/js bootstrap-button.js
2017.03.15 14:08 B G:\CONTENEDOR\sitios\activos\AEROEXPRESS\webpanel\assets\plugins\jasny\js\bootstrap-carousel.js --> hs20.ihosting.cl /public_html/desarrollo/tlc/webpanel/assets/plugins/jasny/js bootstrap-carousel.js
2017.03.15 14:08 B G:\CONTENEDOR\sitios\activos\AEROEXPRESS\webpanel\assets\plugins\jasny\js\bootstrap-collapse.js --> hs20.ihosting.cl /public_html/desarrollo/tlc/webpanel/assets/plugins/jasny/js bootstrap-collapse.js
2017.03.15 14:08 B G:\CONTENEDOR\sitios\activos\AEROEXPRESS\webpanel\assets\plugins\jasny\js\bootstrap-dropdown.js --> hs20.ihosting.cl /public_html/desarrollo/tlc/webpanel/assets/plugins/jasny/js bootstrap-dropdown.js
2017.03.15 14:08 B G:\CONTENEDOR\sitios\activos\AEROEXPRESS\webpanel\assets\plugins\jasny\js\bootstrap-fileupload.js --> hs20.ihosting.cl /public_html/desarrollo/tlc/webpanel/assets/plugins/jasny/js bootstrap-fileupload.js
2017.03.15 14:08 B G:\CONTENEDOR\sitios\activos\AEROEXPRESS\webpanel\assets\plugins\jasny\js\bootstrap-inputmask.js --> hs20.ihosting.cl /public_html/desarrollo/tlc/webpanel/assets/plugins/jasny/js bootstrap-inputmask.js
2017.03.15 14:08 B G:\CONTENEDOR\sitios\activos\AEROEXPRESS\webpanel\assets\plugins\jasny\js\bootstrap-modal.js --> hs20.ihosting.cl /public_html/desarrollo/tlc/webpanel/assets/plugins/jasny/js bootstrap-modal.js
2017.03.15 14:08 B G:\CONTENEDOR\sitios\activos\AEROEXPRESS\webpanel\assets\plugins\jasny\js\bootstrap-popover.js --> hs20.ihosting.cl /public_html/desarrollo/tlc/webpanel/assets/plugins/jasny/js bootstrap-popover.js
2017.03.15 14:08 B G:\CONTENEDOR\sitios\activos\AEROEXPRESS\webpanel\assets\plugins\jasny\js\bootstrap-rowlink.js --> hs20.ihosting.cl /public_html/desarrollo/tlc/webpanel/assets/plugins/jasny/js bootstrap-rowlink.js
2017.03.15 14:08 B G:\CONTENEDOR\sitios\activos\AEROEXPRESS\webpanel\assets\plugins\jasny\js\bootstrap-scrollspy.js --> hs20.ihosting.cl /public_html/desarrollo/tlc/webpanel/assets/plugins/jasny/js bootstrap-scrollspy.js
2017.03.15 14:08 B G:\CONTENEDOR\sitios\activos\AEROEXPRESS\webpanel\assets\plugins\jasny\js\bootstrap-tab.js --> hs20.ihosting.cl /public_html/desarrollo/tlc/webpanel/assets/plugins/jasny/js bootstrap-tab.js
2017.03.15 14:08 B G:\CONTENEDOR\sitios\activos\AEROEXPRESS\webpanel\assets\plugins\jasny\js\bootstrap-tooltip.js --> hs20.ihosting.cl /public_html/desarrollo/tlc/webpanel/assets/plugins/jasny/js bootstrap-tooltip.js
2017.03.15 14:08 B G:\CONTENEDOR\sitios\activos\AEROEXPRESS\webpanel\assets\plugins\jasny\js\bootstrap-transition.js --> hs20.ihosting.cl /public_html/desarrollo/tlc/webpanel/assets/plugins/jasny/js bootstrap-transition.js
2017.03.15 14:08 B G:\CONTENEDOR\sitios\activos\AEROEXPRESS\webpanel\assets\plugins\jasny\js\bootstrap-typeahead.js --> hs20.ihosting.cl /public_html/desarrollo/tlc/webpanel/assets/plugins/jasny/js bootstrap-typeahead.js
2017.03.15 14:08 B G:\CONTENEDOR\sitios\activos\AEROEXPRESS\webpanel\assets\plugins\jasny\js\bootstrap.js --> hs20.ihosting.cl /public_html/desarrollo/tlc/webpanel/assets/plugins/jasny/js bootstrap.js
2017.03.15 14:08 B G:\CONTENEDOR\sitios\activos\AEROEXPRESS\webpanel\assets\plugins\jasny\js\WS_FTP.LOG --> hs20.ihosting.cl /public_html/desarrollo/tlc/webpanel/assets/plugins/jasny/js WS_FTP.LOG
2017.05.01 19:41 B G:\CONTENEDOR\sitios\activos\tlc\webpanel\assets\plugins\jasny\js\WS_FTP.LOG --> hs33.ihosting.cl /public_html/webpanel/assets/plugins/jasny/js WS_FTP.LOG
2017.05.01 19:41 B G:\CONTENEDOR\sitios\activos\tlc\webpanel\assets\plugins\jasny\js\bootstrap.js --> hs33.ihosting.cl /public_html/webpanel/assets/plugins/jasny/js bootstrap.js
2017.05.01 19:41 B G:\CONTENEDOR\sitios\activos\tlc\webpanel\assets\plugins\jasny\js\bootstrap-typeahead.js --> hs33.ihosting.cl /public_html/webpanel/assets/plugins/jasny/js bootstrap-typeahead.js
2017.05.01 19:41 B G:\CONTENEDOR\sitios\activos\tlc\webpanel\assets\plugins\jasny\js\bootstrap-transition.js --> hs33.ihosting.cl /public_html/webpanel/assets/plugins/jasny/js bootstrap-transition.js
2017.05.01 19:41 B G:\CONTENEDOR\sitios\activos\tlc\webpanel\assets\plugins\jasny\js\bootstrap-tooltip.js --> hs33.ihosting.cl /public_html/webpanel/assets/plugins/jasny/js bootstrap-tooltip.js
2017.05.01 19:41 B G:\CONTENEDOR\sitios\activos\tlc\webpanel\assets\plugins\jasny\js\bootstrap-tab.js --> hs33.ihosting.cl /public_html/webpanel/assets/plugins/jasny/js bootstrap-tab.js
2017.05.01 19:41 B G:\CONTENEDOR\sitios\activos\tlc\webpanel\assets\plugins\jasny\js\bootstrap-scrollspy.js --> hs33.ihosting.cl /public_html/webpanel/assets/plugins/jasny/js bootstrap-scrollspy.js
2017.05.01 19:41 B G:\CONTENEDOR\sitios\activos\tlc\webpanel\assets\plugins\jasny\js\bootstrap-rowlink.js --> hs33.ihosting.cl /public_html/webpanel/assets/plugins/jasny/js bootstrap-rowlink.js
2017.05.01 19:41 B G:\CONTENEDOR\sitios\activos\tlc\webpanel\assets\plugins\jasny\js\bootstrap-popover.js --> hs33.ihosting.cl /public_html/webpanel/assets/plugins/jasny/js bootstrap-popover.js
2017.05.01 19:41 B G:\CONTENEDOR\sitios\activos\tlc\webpanel\assets\plugins\jasny\js\bootstrap-modal.js --> hs33.ihosting.cl /public_html/webpanel/assets/plugins/jasny/js bootstrap-modal.js
2017.05.01 19:41 B G:\CONTENEDOR\sitios\activos\tlc\webpanel\assets\plugins\jasny\js\bootstrap-inputmask.js --> hs33.ihosting.cl /public_html/webpanel/assets/plugins/jasny/js bootstrap-inputmask.js
2017.05.01 19:41 B G:\CONTENEDOR\sitios\activos\tlc\webpanel\assets\plugins\jasny\js\bootstrap-fileupload.js --> hs33.ihosting.cl /public_html/webpanel/assets/plugins/jasny/js bootstrap-fileupload.js
2017.05.01 19:41 B G:\CONTENEDOR\sitios\activos\tlc\webpanel\assets\plugins\jasny\js\bootstrap-dropdown.js --> hs33.ihosting.cl /public_html/webpanel/assets/plugins/jasny/js bootstrap-dropdown.js
2017.05.01 19:41 B G:\CONTENEDOR\sitios\activos\tlc\webpanel\assets\plugins\jasny\js\bootstrap-collapse.js --> hs33.ihosting.cl /public_html/webpanel/assets/plugins/jasny/js bootstrap-collapse.js
2017.05.01 19:41 B G:\CONTENEDOR\sitios\activos\tlc\webpanel\assets\plugins\jasny\js\bootstrap-carousel.js --> hs33.ihosting.cl /public_html/webpanel/assets/plugins/jasny/js bootstrap-carousel.js
2017.05.01 19:41 B G:\CONTENEDOR\sitios\activos\tlc\webpanel\assets\plugins\jasny\js\bootstrap-button.js --> hs33.ihosting.cl /public_html/webpanel/assets/plugins/jasny/js bootstrap-button.js
2017.05.01 19:41 B G:\CONTENEDOR\sitios\activos\tlc\webpanel\assets\plugins\jasny\js\bootstrap-alert.js --> hs33.ihosting.cl /public_html/webpanel/assets/plugins/jasny/js bootstrap-alert.js
2017.05.01 19:41 B G:\CONTENEDOR\sitios\activos\tlc\webpanel\assets\plugins\jasny\js\bootstrap-affix.js --> hs33.ihosting.cl /public_html/webpanel/assets/plugins/jasny/js bootstrap-affix.js
