2016.09.14 21:05 B G:\CONTENEDOR\sitios\activos\AEROEXPRESS\webpanel\assets\plugins\formwizard\examples\css\ui-lightness\images\ui-icons_ffffff_256x240.png <-- AEROEXPRESS /public_html/webpanel/assets/plugins/formwizard/examples/css/ui-lightness/images ui-icons_ffffff_256x240.png
2016.09.14 21:05 B G:\CONTENEDOR\sitios\activos\AEROEXPRESS\webpanel\assets\plugins\formwizard\examples\css\ui-lightness\images\ui-icons_ffd27a_256x240.png <-- AEROEXPRESS /public_html/webpanel/assets/plugins/formwizard/examples/css/ui-lightness/images ui-icons_ffd27a_256x240.png
2016.09.14 21:05 B G:\CONTENEDOR\sitios\activos\AEROEXPRESS\webpanel\assets\plugins\formwizard\examples\css\ui-lightness\images\ui-icons_ef8c08_256x240.png <-- AEROEXPRESS /public_html/webpanel/assets/plugins/formwizard/examples/css/ui-lightness/images ui-icons_ef8c08_256x240.png
2016.09.14 21:05 B G:\CONTENEDOR\sitios\activos\AEROEXPRESS\webpanel\assets\plugins\formwizard\examples\css\ui-lightness\images\ui-icons_228ef1_256x240.png <-- AEROEXPRESS /public_html/webpanel/assets/plugins/formwizard/examples/css/ui-lightness/images ui-icons_228ef1_256x240.png
2016.09.14 21:05 B G:\CONTENEDOR\sitios\activos\AEROEXPRESS\webpanel\assets\plugins\formwizard\examples\css\ui-lightness\images\ui-icons_222222_256x240.png <-- AEROEXPRESS /public_html/webpanel/assets/plugins/formwizard/examples/css/ui-lightness/images ui-icons_222222_256x240.png
2016.09.14 21:05 B G:\CONTENEDOR\sitios\activos\AEROEXPRESS\webpanel\assets\plugins\formwizard\examples\css\ui-lightness\images\ui-bg_highlight-soft_75_ffe45c_1x100.png <-- AEROEXPRESS /public_html/webpanel/assets/plugins/formwizard/examples/css/ui-lightness/images ui-bg_highlight-soft_75_ffe45c_1x100.png
2016.09.14 21:05 B G:\CONTENEDOR\sitios\activos\AEROEXPRESS\webpanel\assets\plugins\formwizard\examples\css\ui-lightness\images\ui-bg_highlight-soft_100_eeeeee_1x100.png <-- AEROEXPRESS /public_html/webpanel/assets/plugins/formwizard/examples/css/ui-lightness/images ui-bg_highlight-soft_100_eeeeee_1x100.png
2016.09.14 21:05 B G:\CONTENEDOR\sitios\activos\AEROEXPRESS\webpanel\assets\plugins\formwizard\examples\css\ui-lightness\images\ui-bg_gloss-wave_35_f6a828_500x100.png <-- AEROEXPRESS /public_html/webpanel/assets/plugins/formwizard/examples/css/ui-lightness/images ui-bg_gloss-wave_35_f6a828_500x100.png
2016.09.14 21:05 B G:\CONTENEDOR\sitios\activos\AEROEXPRESS\webpanel\assets\plugins\formwizard\examples\css\ui-lightness\images\ui-bg_glass_65_ffffff_1x400.png <-- AEROEXPRESS /public_html/webpanel/assets/plugins/formwizard/examples/css/ui-lightness/images ui-bg_glass_65_ffffff_1x400.png
2016.09.14 21:05 B G:\CONTENEDOR\sitios\activos\AEROEXPRESS\webpanel\assets\plugins\formwizard\examples\css\ui-lightness\images\ui-bg_glass_100_fdf5ce_1x400.png <-- AEROEXPRESS /public_html/webpanel/assets/plugins/formwizard/examples/css/ui-lightness/images ui-bg_glass_100_fdf5ce_1x400.png
2016.09.14 21:05 B G:\CONTENEDOR\sitios\activos\AEROEXPRESS\webpanel\assets\plugins\formwizard\examples\css\ui-lightness\images\ui-bg_glass_100_f6f6f6_1x400.png <-- AEROEXPRESS /public_html/webpanel/assets/plugins/formwizard/examples/css/ui-lightness/images ui-bg_glass_100_f6f6f6_1x400.png
2016.09.14 21:05 B G:\CONTENEDOR\sitios\activos\AEROEXPRESS\webpanel\assets\plugins\formwizard\examples\css\ui-lightness\images\ui-bg_flat_10_000000_40x100.png <-- AEROEXPRESS /public_html/webpanel/assets/plugins/formwizard/examples/css/ui-lightness/images ui-bg_flat_10_000000_40x100.png
2016.09.14 21:05 B G:\CONTENEDOR\sitios\activos\AEROEXPRESS\webpanel\assets\plugins\formwizard\examples\css\ui-lightness\images\ui-bg_diagonals-thick_20_666666_40x40.png <-- AEROEXPRESS /public_html/webpanel/assets/plugins/formwizard/examples/css/ui-lightness/images ui-bg_diagonals-thick_20_666666_40x40.png
2016.09.14 21:05 B G:\CONTENEDOR\sitios\activos\AEROEXPRESS\webpanel\assets\plugins\formwizard\examples\css\ui-lightness\images\ui-bg_diagonals-thick_18_b81900_40x40.png <-- AEROEXPRESS /public_html/webpanel/assets/plugins/formwizard/examples/css/ui-lightness/images ui-bg_diagonals-thick_18_b81900_40x40.png
2016.09.14 21:05 B G:\CONTENEDOR\sitios\activos\AEROEXPRESS\webpanel\assets\plugins\formwizard\examples\css\ui-lightness\images\ui-anim_basic_16x16.gif <-- AEROEXPRESS /public_html/webpanel/assets/plugins/formwizard/examples/css/ui-lightness/images ui-anim_basic_16x16.gif
2017.03.15 14:06 B G:\CONTENEDOR\sitios\activos\AEROEXPRESS\webpanel\assets\plugins\formwizard\examples\css\ui-lightness\images\ui-anim_basic_16x16.gif --> hs20.ihosting.cl /public_html/desarrollo/tlc/webpanel/assets/plugins/formwizard/examples/css/ui-lightness/images ui-anim_basic_16x16.gif
2017.03.15 14:06 B G:\CONTENEDOR\sitios\activos\AEROEXPRESS\webpanel\assets\plugins\formwizard\examples\css\ui-lightness\images\ui-bg_diagonals-thick_18_b81900_40x40.png --> hs20.ihosting.cl /public_html/desarrollo/tlc/webpanel/assets/plugins/formwizard/examples/css/ui-lightness/images ui-bg_diagonals-thick_18_b81900_40x40.png
2017.03.15 14:06 B G:\CONTENEDOR\sitios\activos\AEROEXPRESS\webpanel\assets\plugins\formwizard\examples\css\ui-lightness\images\ui-bg_diagonals-thick_20_666666_40x40.png --> hs20.ihosting.cl /public_html/desarrollo/tlc/webpanel/assets/plugins/formwizard/examples/css/ui-lightness/images ui-bg_diagonals-thick_20_666666_40x40.png
2017.03.15 14:06 B G:\CONTENEDOR\sitios\activos\AEROEXPRESS\webpanel\assets\plugins\formwizard\examples\css\ui-lightness\images\ui-bg_flat_10_000000_40x100.png --> hs20.ihosting.cl /public_html/desarrollo/tlc/webpanel/assets/plugins/formwizard/examples/css/ui-lightness/images ui-bg_flat_10_000000_40x100.png
2017.03.15 14:06 B G:\CONTENEDOR\sitios\activos\AEROEXPRESS\webpanel\assets\plugins\formwizard\examples\css\ui-lightness\images\ui-bg_glass_100_f6f6f6_1x400.png --> hs20.ihosting.cl /public_html/desarrollo/tlc/webpanel/assets/plugins/formwizard/examples/css/ui-lightness/images ui-bg_glass_100_f6f6f6_1x400.png
2017.03.15 14:06 B G:\CONTENEDOR\sitios\activos\AEROEXPRESS\webpanel\assets\plugins\formwizard\examples\css\ui-lightness\images\ui-bg_glass_100_fdf5ce_1x400.png --> hs20.ihosting.cl /public_html/desarrollo/tlc/webpanel/assets/plugins/formwizard/examples/css/ui-lightness/images ui-bg_glass_100_fdf5ce_1x400.png
2017.03.15 14:06 B G:\CONTENEDOR\sitios\activos\AEROEXPRESS\webpanel\assets\plugins\formwizard\examples\css\ui-lightness\images\ui-bg_glass_65_ffffff_1x400.png --> hs20.ihosting.cl /public_html/desarrollo/tlc/webpanel/assets/plugins/formwizard/examples/css/ui-lightness/images ui-bg_glass_65_ffffff_1x400.png
2017.03.15 14:06 B G:\CONTENEDOR\sitios\activos\AEROEXPRESS\webpanel\assets\plugins\formwizard\examples\css\ui-lightness\images\ui-bg_gloss-wave_35_f6a828_500x100.png --> hs20.ihosting.cl /public_html/desarrollo/tlc/webpanel/assets/plugins/formwizard/examples/css/ui-lightness/images ui-bg_gloss-wave_35_f6a828_500x100.png
2017.03.15 14:06 B G:\CONTENEDOR\sitios\activos\AEROEXPRESS\webpanel\assets\plugins\formwizard\examples\css\ui-lightness\images\ui-bg_highlight-soft_100_eeeeee_1x100.png --> hs20.ihosting.cl /public_html/desarrollo/tlc/webpanel/assets/plugins/formwizard/examples/css/ui-lightness/images ui-bg_highlight-soft_100_eeeeee_1x100.png
2017.03.15 14:06 B G:\CONTENEDOR\sitios\activos\AEROEXPRESS\webpanel\assets\plugins\formwizard\examples\css\ui-lightness\images\ui-bg_highlight-soft_75_ffe45c_1x100.png --> hs20.ihosting.cl /public_html/desarrollo/tlc/webpanel/assets/plugins/formwizard/examples/css/ui-lightness/images ui-bg_highlight-soft_75_ffe45c_1x100.png
2017.03.15 14:06 B G:\CONTENEDOR\sitios\activos\AEROEXPRESS\webpanel\assets\plugins\formwizard\examples\css\ui-lightness\images\ui-icons_222222_256x240.png --> hs20.ihosting.cl /public_html/desarrollo/tlc/webpanel/assets/plugins/formwizard/examples/css/ui-lightness/images ui-icons_222222_256x240.png
2017.03.15 14:06 B G:\CONTENEDOR\sitios\activos\AEROEXPRESS\webpanel\assets\plugins\formwizard\examples\css\ui-lightness\images\ui-icons_228ef1_256x240.png --> hs20.ihosting.cl /public_html/desarrollo/tlc/webpanel/assets/plugins/formwizard/examples/css/ui-lightness/images ui-icons_228ef1_256x240.png
2017.03.15 14:06 B G:\CONTENEDOR\sitios\activos\AEROEXPRESS\webpanel\assets\plugins\formwizard\examples\css\ui-lightness\images\ui-icons_ef8c08_256x240.png --> hs20.ihosting.cl /public_html/desarrollo/tlc/webpanel/assets/plugins/formwizard/examples/css/ui-lightness/images ui-icons_ef8c08_256x240.png
2017.03.15 14:06 B G:\CONTENEDOR\sitios\activos\AEROEXPRESS\webpanel\assets\plugins\formwizard\examples\css\ui-lightness\images\ui-icons_ffd27a_256x240.png --> hs20.ihosting.cl /public_html/desarrollo/tlc/webpanel/assets/plugins/formwizard/examples/css/ui-lightness/images ui-icons_ffd27a_256x240.png
2017.03.15 14:06 B G:\CONTENEDOR\sitios\activos\AEROEXPRESS\webpanel\assets\plugins\formwizard\examples\css\ui-lightness\images\ui-icons_ffffff_256x240.png --> hs20.ihosting.cl /public_html/desarrollo/tlc/webpanel/assets/plugins/formwizard/examples/css/ui-lightness/images ui-icons_ffffff_256x240.png
2017.03.15 14:06 B G:\CONTENEDOR\sitios\activos\AEROEXPRESS\webpanel\assets\plugins\formwizard\examples\css\ui-lightness\images\WS_FTP.LOG --> hs20.ihosting.cl /public_html/desarrollo/tlc/webpanel/assets/plugins/formwizard/examples/css/ui-lightness/images WS_FTP.LOG
2017.05.01 19:44 B G:\CONTENEDOR\sitios\activos\tlc\webpanel\assets\plugins\formwizard\examples\css\ui-lightness\images\WS_FTP.LOG --> hs33.ihosting.cl /public_html/webpanel/assets/plugins/formwizard/examples/css/ui-lightness/images WS_FTP.LOG
2017.05.01 19:44 B G:\CONTENEDOR\sitios\activos\tlc\webpanel\assets\plugins\formwizard\examples\css\ui-lightness\images\ui-icons_ffffff_256x240.png --> hs33.ihosting.cl /public_html/webpanel/assets/plugins/formwizard/examples/css/ui-lightness/images ui-icons_ffffff_256x240.png
2017.05.01 19:44 B G:\CONTENEDOR\sitios\activos\tlc\webpanel\assets\plugins\formwizard\examples\css\ui-lightness\images\ui-icons_ffd27a_256x240.png --> hs33.ihosting.cl /public_html/webpanel/assets/plugins/formwizard/examples/css/ui-lightness/images ui-icons_ffd27a_256x240.png
2017.05.01 19:45 B G:\CONTENEDOR\sitios\activos\tlc\webpanel\assets\plugins\formwizard\examples\css\ui-lightness\images\ui-icons_ef8c08_256x240.png --> hs33.ihosting.cl /public_html/webpanel/assets/plugins/formwizard/examples/css/ui-lightness/images ui-icons_ef8c08_256x240.png
2017.05.01 19:45 B G:\CONTENEDOR\sitios\activos\tlc\webpanel\assets\plugins\formwizard\examples\css\ui-lightness\images\ui-icons_228ef1_256x240.png --> hs33.ihosting.cl /public_html/webpanel/assets/plugins/formwizard/examples/css/ui-lightness/images ui-icons_228ef1_256x240.png
2017.05.01 19:45 B G:\CONTENEDOR\sitios\activos\tlc\webpanel\assets\plugins\formwizard\examples\css\ui-lightness\images\ui-icons_222222_256x240.png --> hs33.ihosting.cl /public_html/webpanel/assets/plugins/formwizard/examples/css/ui-lightness/images ui-icons_222222_256x240.png
2017.05.01 19:45 B G:\CONTENEDOR\sitios\activos\tlc\webpanel\assets\plugins\formwizard\examples\css\ui-lightness\images\ui-bg_highlight-soft_75_ffe45c_1x100.png --> hs33.ihosting.cl /public_html/webpanel/assets/plugins/formwizard/examples/css/ui-lightness/images ui-bg_highlight-soft_75_ffe45c_1x100.png
2017.05.01 19:45 B G:\CONTENEDOR\sitios\activos\tlc\webpanel\assets\plugins\formwizard\examples\css\ui-lightness\images\ui-bg_highlight-soft_100_eeeeee_1x100.png --> hs33.ihosting.cl /public_html/webpanel/assets/plugins/formwizard/examples/css/ui-lightness/images ui-bg_highlight-soft_100_eeeeee_1x100.png
2017.05.01 19:45 B G:\CONTENEDOR\sitios\activos\tlc\webpanel\assets\plugins\formwizard\examples\css\ui-lightness\images\ui-bg_gloss-wave_35_f6a828_500x100.png --> hs33.ihosting.cl /public_html/webpanel/assets/plugins/formwizard/examples/css/ui-lightness/images ui-bg_gloss-wave_35_f6a828_500x100.png
2017.05.01 19:45 B G:\CONTENEDOR\sitios\activos\tlc\webpanel\assets\plugins\formwizard\examples\css\ui-lightness\images\ui-bg_glass_65_ffffff_1x400.png --> hs33.ihosting.cl /public_html/webpanel/assets/plugins/formwizard/examples/css/ui-lightness/images ui-bg_glass_65_ffffff_1x400.png
2017.05.01 19:45 B G:\CONTENEDOR\sitios\activos\tlc\webpanel\assets\plugins\formwizard\examples\css\ui-lightness\images\ui-bg_glass_100_fdf5ce_1x400.png --> hs33.ihosting.cl /public_html/webpanel/assets/plugins/formwizard/examples/css/ui-lightness/images ui-bg_glass_100_fdf5ce_1x400.png
2017.05.01 19:45 B G:\CONTENEDOR\sitios\activos\tlc\webpanel\assets\plugins\formwizard\examples\css\ui-lightness\images\ui-bg_glass_100_f6f6f6_1x400.png --> hs33.ihosting.cl /public_html/webpanel/assets/plugins/formwizard/examples/css/ui-lightness/images ui-bg_glass_100_f6f6f6_1x400.png
2017.05.01 19:45 B G:\CONTENEDOR\sitios\activos\tlc\webpanel\assets\plugins\formwizard\examples\css\ui-lightness\images\ui-bg_flat_10_000000_40x100.png --> hs33.ihosting.cl /public_html/webpanel/assets/plugins/formwizard/examples/css/ui-lightness/images ui-bg_flat_10_000000_40x100.png
2017.05.01 19:45 B G:\CONTENEDOR\sitios\activos\tlc\webpanel\assets\plugins\formwizard\examples\css\ui-lightness\images\ui-bg_diagonals-thick_20_666666_40x40.png --> hs33.ihosting.cl /public_html/webpanel/assets/plugins/formwizard/examples/css/ui-lightness/images ui-bg_diagonals-thick_20_666666_40x40.png
2017.05.01 19:45 B G:\CONTENEDOR\sitios\activos\tlc\webpanel\assets\plugins\formwizard\examples\css\ui-lightness\images\ui-bg_diagonals-thick_18_b81900_40x40.png --> hs33.ihosting.cl /public_html/webpanel/assets/plugins/formwizard/examples/css/ui-lightness/images ui-bg_diagonals-thick_18_b81900_40x40.png
2017.05.01 19:45 B G:\CONTENEDOR\sitios\activos\tlc\webpanel\assets\plugins\formwizard\examples\css\ui-lightness\images\ui-anim_basic_16x16.gif --> hs33.ihosting.cl /public_html/webpanel/assets/plugins/formwizard/examples/css/ui-lightness/images ui-anim_basic_16x16.gif
