2016.09.14 21:09 B G:\CONTENEDOR\sitios\activos\AEROEXPRESS\ckeditor\samples\xhtmlstyle.html <-- AEROEXPRESS /public_html/ckeditor/samples xhtmlstyle.html
2016.09.14 21:09 B G:\CONTENEDOR\sitios\activos\AEROEXPRESS\ckeditor\samples\uilanguages.html <-- AEROEXPRESS /public_html/ckeditor/samples uilanguages.html
2016.09.14 21:09 B G:\CONTENEDOR\sitios\activos\AEROEXPRESS\ckeditor\samples\uicolor.html <-- AEROEXPRESS /public_html/ckeditor/samples uicolor.html
2016.09.14 21:09 B G:\CONTENEDOR\sitios\activos\AEROEXPRESS\ckeditor\samples\tabindex.html <-- AEROEXPRESS /public_html/ckeditor/samples tabindex.html
2016.09.14 21:09 B G:\CONTENEDOR\sitios\activos\AEROEXPRESS\ckeditor\samples\sample_posteddata.php <-- AEROEXPRESS /public_html/ckeditor/samples sample_posteddata.php
2016.09.14 21:09 B G:\CONTENEDOR\sitios\activos\AEROEXPRESS\ckeditor\samples\sample.js <-- AEROEXPRESS /public_html/ckeditor/samples sample.js
2016.09.14 21:09 B G:\CONTENEDOR\sitios\activos\AEROEXPRESS\ckeditor\samples\sample.css <-- AEROEXPRESS /public_html/ckeditor/samples sample.css
2016.09.14 21:09 B G:\CONTENEDOR\sitios\activos\AEROEXPRESS\ckeditor\samples\replacebycode.html <-- AEROEXPRESS /public_html/ckeditor/samples replacebycode.html
2016.09.14 21:09 B G:\CONTENEDOR\sitios\activos\AEROEXPRESS\ckeditor\samples\replacebyclass.html <-- AEROEXPRESS /public_html/ckeditor/samples replacebyclass.html
2016.09.14 21:09 B G:\CONTENEDOR\sitios\activos\AEROEXPRESS\ckeditor\samples\readonly.html <-- AEROEXPRESS /public_html/ckeditor/samples readonly.html
2016.09.14 21:09 B G:\CONTENEDOR\sitios\activos\AEROEXPRESS\ckeditor\samples\jquery.html <-- AEROEXPRESS /public_html/ckeditor/samples jquery.html
2016.09.14 21:09 B G:\CONTENEDOR\sitios\activos\AEROEXPRESS\ckeditor\samples\inlinetextarea.html <-- AEROEXPRESS /public_html/ckeditor/samples inlinetextarea.html
2016.09.14 21:09 B G:\CONTENEDOR\sitios\activos\AEROEXPRESS\ckeditor\samples\inlinebycode.html <-- AEROEXPRESS /public_html/ckeditor/samples inlinebycode.html
2016.09.14 21:09 B G:\CONTENEDOR\sitios\activos\AEROEXPRESS\ckeditor\samples\inlineall.html <-- AEROEXPRESS /public_html/ckeditor/samples inlineall.html
2016.09.14 21:09 B G:\CONTENEDOR\sitios\activos\AEROEXPRESS\ckeditor\samples\index.html <-- AEROEXPRESS /public_html/ckeditor/samples index.html
2016.09.14 21:09 B G:\CONTENEDOR\sitios\activos\AEROEXPRESS\ckeditor\samples\divreplace.html <-- AEROEXPRESS /public_html/ckeditor/samples divreplace.html
2016.09.14 21:09 B G:\CONTENEDOR\sitios\activos\AEROEXPRESS\ckeditor\samples\datafiltering.html <-- AEROEXPRESS /public_html/ckeditor/samples datafiltering.html
2016.09.14 21:09 B G:\CONTENEDOR\sitios\activos\AEROEXPRESS\ckeditor\samples\appendto.html <-- AEROEXPRESS /public_html/ckeditor/samples appendto.html
2016.09.14 21:09 B G:\CONTENEDOR\sitios\activos\AEROEXPRESS\ckeditor\samples\api.html <-- AEROEXPRESS /public_html/ckeditor/samples api.html
2016.09.14 21:09 B G:\CONTENEDOR\sitios\activos\AEROEXPRESS\ckeditor\samples\ajax.html <-- AEROEXPRESS /public_html/ckeditor/samples ajax.html
2017.03.15 13:59 B G:\CONTENEDOR\sitios\activos\AEROEXPRESS\ckeditor\samples\ajax.html --> hs20.ihosting.cl /public_html/desarrollo/tlc/ckeditor/samples ajax.html
2017.03.15 13:59 B G:\CONTENEDOR\sitios\activos\AEROEXPRESS\ckeditor\samples\api.html --> hs20.ihosting.cl /public_html/desarrollo/tlc/ckeditor/samples api.html
2017.03.15 13:59 B G:\CONTENEDOR\sitios\activos\AEROEXPRESS\ckeditor\samples\appendto.html --> hs20.ihosting.cl /public_html/desarrollo/tlc/ckeditor/samples appendto.html
2017.03.15 13:59 B G:\CONTENEDOR\sitios\activos\AEROEXPRESS\ckeditor\samples\datafiltering.html --> hs20.ihosting.cl /public_html/desarrollo/tlc/ckeditor/samples datafiltering.html
2017.03.15 13:59 B G:\CONTENEDOR\sitios\activos\AEROEXPRESS\ckeditor\samples\divreplace.html --> hs20.ihosting.cl /public_html/desarrollo/tlc/ckeditor/samples divreplace.html
2017.03.15 13:59 B G:\CONTENEDOR\sitios\activos\AEROEXPRESS\ckeditor\samples\index.html --> hs20.ihosting.cl /public_html/desarrollo/tlc/ckeditor/samples index.html
2017.03.15 13:59 B G:\CONTENEDOR\sitios\activos\AEROEXPRESS\ckeditor\samples\inlineall.html --> hs20.ihosting.cl /public_html/desarrollo/tlc/ckeditor/samples inlineall.html
2017.03.15 13:59 B G:\CONTENEDOR\sitios\activos\AEROEXPRESS\ckeditor\samples\inlinebycode.html --> hs20.ihosting.cl /public_html/desarrollo/tlc/ckeditor/samples inlinebycode.html
2017.03.15 13:59 B G:\CONTENEDOR\sitios\activos\AEROEXPRESS\ckeditor\samples\inlinetextarea.html --> hs20.ihosting.cl /public_html/desarrollo/tlc/ckeditor/samples inlinetextarea.html
2017.03.15 13:59 B G:\CONTENEDOR\sitios\activos\AEROEXPRESS\ckeditor\samples\jquery.html --> hs20.ihosting.cl /public_html/desarrollo/tlc/ckeditor/samples jquery.html
2017.03.15 13:59 B G:\CONTENEDOR\sitios\activos\AEROEXPRESS\ckeditor\samples\readonly.html --> hs20.ihosting.cl /public_html/desarrollo/tlc/ckeditor/samples readonly.html
2017.03.15 13:59 B G:\CONTENEDOR\sitios\activos\AEROEXPRESS\ckeditor\samples\replacebyclass.html --> hs20.ihosting.cl /public_html/desarrollo/tlc/ckeditor/samples replacebyclass.html
2017.03.15 13:59 B G:\CONTENEDOR\sitios\activos\AEROEXPRESS\ckeditor\samples\replacebycode.html --> hs20.ihosting.cl /public_html/desarrollo/tlc/ckeditor/samples replacebycode.html
2017.03.15 13:59 B G:\CONTENEDOR\sitios\activos\AEROEXPRESS\ckeditor\samples\sample.css --> hs20.ihosting.cl /public_html/desarrollo/tlc/ckeditor/samples sample.css
2017.03.15 13:59 B G:\CONTENEDOR\sitios\activos\AEROEXPRESS\ckeditor\samples\sample.js --> hs20.ihosting.cl /public_html/desarrollo/tlc/ckeditor/samples sample.js
2017.03.15 13:59 B G:\CONTENEDOR\sitios\activos\AEROEXPRESS\ckeditor\samples\sample_posteddata.php --> hs20.ihosting.cl /public_html/desarrollo/tlc/ckeditor/samples sample_posteddata.php
2017.03.15 13:59 B G:\CONTENEDOR\sitios\activos\AEROEXPRESS\ckeditor\samples\tabindex.html --> hs20.ihosting.cl /public_html/desarrollo/tlc/ckeditor/samples tabindex.html
2017.03.15 13:59 B G:\CONTENEDOR\sitios\activos\AEROEXPRESS\ckeditor\samples\uicolor.html --> hs20.ihosting.cl /public_html/desarrollo/tlc/ckeditor/samples uicolor.html
2017.03.15 13:59 B G:\CONTENEDOR\sitios\activos\AEROEXPRESS\ckeditor\samples\uilanguages.html --> hs20.ihosting.cl /public_html/desarrollo/tlc/ckeditor/samples uilanguages.html
2017.03.15 13:59 B G:\CONTENEDOR\sitios\activos\AEROEXPRESS\ckeditor\samples\WS_FTP.LOG --> hs20.ihosting.cl /public_html/desarrollo/tlc/ckeditor/samples WS_FTP.LOG
2017.03.15 13:59 B G:\CONTENEDOR\sitios\activos\AEROEXPRESS\ckeditor\samples\xhtmlstyle.html --> hs20.ihosting.cl /public_html/desarrollo/tlc/ckeditor/samples xhtmlstyle.html
