2016.09.14 21:09 B G:\CONTENEDOR\sitios\activos\AEROEXPRESS\img\teamsprite.png <-- AEROEXPRESS /public_html/img teamsprite.png
2016.09.14 21:09 B G:\CONTENEDOR\sitios\activos\AEROEXPRESS\img\oferta.png <-- AEROEXPRESS /public_html/img oferta.png
2016.09.14 21:09 B G:\CONTENEDOR\sitios\activos\AEROEXPRESS\img\logo_mailing.jpg <-- AEROEXPRESS /public_html/img logo_mailing.jpg
2016.09.14 21:09 B G:\CONTENEDOR\sitios\activos\AEROEXPRESS\img\logo.png <-- AEROEXPRESS /public_html/img logo.png
2016.09.14 21:09 B G:\CONTENEDOR\sitios\activos\AEROEXPRESS\img\herobg.jpg <-- AEROEXPRESS /public_html/img herobg.jpg
2016.09.14 21:09 B G:\CONTENEDOR\sitios\activos\AEROEXPRESS\img\header_simulador_alt.png <-- AEROEXPRESS /public_html/img header_simulador_alt.png
2016.09.14 21:09 B G:\CONTENEDOR\sitios\activos\AEROEXPRESS\img\header_mailing.jpg <-- AEROEXPRESS /public_html/img header_mailing.jpg
2016.09.14 21:09 B G:\CONTENEDOR\sitios\activos\AEROEXPRESS\img\footer_centro_amigo.png <-- AEROEXPRESS /public_html/img footer_centro_amigo.png
2016.09.14 21:09 B G:\CONTENEDOR\sitios\activos\AEROEXPRESS\img\c04.jpg <-- AEROEXPRESS /public_html/img c04.jpg
2016.09.14 21:09 B G:\CONTENEDOR\sitios\activos\AEROEXPRESS\img\c03.jpg <-- AEROEXPRESS /public_html/img c03.jpg
2016.09.14 21:09 B G:\CONTENEDOR\sitios\activos\AEROEXPRESS\img\c02.jpg <-- AEROEXPRESS /public_html/img c02.jpg
2016.09.14 21:09 B G:\CONTENEDOR\sitios\activos\AEROEXPRESS\img\c01.jpg <-- AEROEXPRESS /public_html/img c01.jpg
2016.09.14 21:09 B G:\CONTENEDOR\sitios\activos\AEROEXPRESS\img\avbg-01.png <-- AEROEXPRESS /public_html/img avbg-01.png
2016.09.14 21:09 B G:\CONTENEDOR\sitios\activos\AEROEXPRESS\img\av04.png <-- AEROEXPRESS /public_html/img av04.png
2016.09.14 21:09 B G:\CONTENEDOR\sitios\activos\AEROEXPRESS\img\av04.jpg <-- AEROEXPRESS /public_html/img av04.jpg
2016.09.14 21:09 B G:\CONTENEDOR\sitios\activos\AEROEXPRESS\img\av03.png <-- AEROEXPRESS /public_html/img av03.png
2016.09.14 21:09 B G:\CONTENEDOR\sitios\activos\AEROEXPRESS\img\av03.jpg <-- AEROEXPRESS /public_html/img av03.jpg
2016.09.14 21:09 B G:\CONTENEDOR\sitios\activos\AEROEXPRESS\img\av02.png <-- AEROEXPRESS /public_html/img av02.png
2016.09.14 21:09 B G:\CONTENEDOR\sitios\activos\AEROEXPRESS\img\av02.jpg <-- AEROEXPRESS /public_html/img av02.jpg
2016.09.14 21:09 B G:\CONTENEDOR\sitios\activos\AEROEXPRESS\img\av01.png <-- AEROEXPRESS /public_html/img av01.png
2016.09.14 21:09 B G:\CONTENEDOR\sitios\activos\AEROEXPRESS\img\av01.jpg <-- AEROEXPRESS /public_html/img av01.jpg
2016.09.14 21:09 B G:\CONTENEDOR\sitios\activos\AEROEXPRESS\img\arrowup.png <-- AEROEXPRESS /public_html/img arrowup.png
2016.09.14 21:09 B G:\CONTENEDOR\sitios\activos\AEROEXPRESS\img\07.jpg <-- AEROEXPRESS /public_html/img 07.jpg
2016.09.14 21:09 B G:\CONTENEDOR\sitios\activos\AEROEXPRESS\img\06.jpg <-- AEROEXPRESS /public_html/img 06.jpg
2016.09.14 21:09 B G:\CONTENEDOR\sitios\activos\AEROEXPRESS\img\05.jpg <-- AEROEXPRESS /public_html/img 05.jpg
2016.09.14 21:09 B G:\CONTENEDOR\sitios\activos\AEROEXPRESS\img\04.jpg <-- AEROEXPRESS /public_html/img 04.jpg
2016.09.14 21:09 B G:\CONTENEDOR\sitios\activos\AEROEXPRESS\img\03a.jpg <-- AEROEXPRESS /public_html/img 03a.jpg
2016.09.14 21:09 B G:\CONTENEDOR\sitios\activos\AEROEXPRESS\img\03.jpg <-- AEROEXPRESS /public_html/img 03.jpg
2016.09.14 21:09 B G:\CONTENEDOR\sitios\activos\AEROEXPRESS\img\02.jpg <-- AEROEXPRESS /public_html/img 02.jpg
2016.09.14 21:09 B G:\CONTENEDOR\sitios\activos\AEROEXPRESS\img\01.jpg <-- AEROEXPRESS /public_html/img 01.jpg
2016.09.14 21:09 B G:\CONTENEDOR\sitios\activos\AEROEXPRESS\img\.DS_Store <-- AEROEXPRESS /public_html/img .DS_Store
2017.03.15 14:00 B G:\CONTENEDOR\sitios\activos\AEROEXPRESS\img\.DS_Store --> hs20.ihosting.cl /public_html/desarrollo/tlc/img .DS_Store
2017.03.15 14:00 B G:\CONTENEDOR\sitios\activos\AEROEXPRESS\img\01.jpg --> hs20.ihosting.cl /public_html/desarrollo/tlc/img 01.jpg
2017.03.15 14:00 B G:\CONTENEDOR\sitios\activos\AEROEXPRESS\img\02.jpg --> hs20.ihosting.cl /public_html/desarrollo/tlc/img 02.jpg
2017.03.15 14:00 B G:\CONTENEDOR\sitios\activos\AEROEXPRESS\img\03.jpg --> hs20.ihosting.cl /public_html/desarrollo/tlc/img 03.jpg
2017.03.15 14:00 B G:\CONTENEDOR\sitios\activos\AEROEXPRESS\img\03a.jpg --> hs20.ihosting.cl /public_html/desarrollo/tlc/img 03a.jpg
2017.03.15 14:00 B G:\CONTENEDOR\sitios\activos\AEROEXPRESS\img\04.jpg --> hs20.ihosting.cl /public_html/desarrollo/tlc/img 04.jpg
2017.03.15 14:00 B G:\CONTENEDOR\sitios\activos\AEROEXPRESS\img\05.jpg --> hs20.ihosting.cl /public_html/desarrollo/tlc/img 05.jpg
2017.03.15 14:00 B G:\CONTENEDOR\sitios\activos\AEROEXPRESS\img\06.jpg --> hs20.ihosting.cl /public_html/desarrollo/tlc/img 06.jpg
2017.03.15 14:00 B G:\CONTENEDOR\sitios\activos\AEROEXPRESS\img\07.jpg --> hs20.ihosting.cl /public_html/desarrollo/tlc/img 07.jpg
2017.03.15 14:00 B G:\CONTENEDOR\sitios\activos\AEROEXPRESS\img\arrowup.png --> hs20.ihosting.cl /public_html/desarrollo/tlc/img arrowup.png
2017.03.15 14:00 B G:\CONTENEDOR\sitios\activos\AEROEXPRESS\img\av01.jpg --> hs20.ihosting.cl /public_html/desarrollo/tlc/img av01.jpg
2017.03.15 14:00 B G:\CONTENEDOR\sitios\activos\AEROEXPRESS\img\av01.png --> hs20.ihosting.cl /public_html/desarrollo/tlc/img av01.png
2017.03.15 14:00 B G:\CONTENEDOR\sitios\activos\AEROEXPRESS\img\av02.jpg --> hs20.ihosting.cl /public_html/desarrollo/tlc/img av02.jpg
2017.03.15 14:00 B G:\CONTENEDOR\sitios\activos\AEROEXPRESS\img\av02.png --> hs20.ihosting.cl /public_html/desarrollo/tlc/img av02.png
2017.03.15 14:00 B G:\CONTENEDOR\sitios\activos\AEROEXPRESS\img\av03.jpg --> hs20.ihosting.cl /public_html/desarrollo/tlc/img av03.jpg
2017.03.15 14:00 B G:\CONTENEDOR\sitios\activos\AEROEXPRESS\img\av03.png --> hs20.ihosting.cl /public_html/desarrollo/tlc/img av03.png
2017.03.15 14:00 B G:\CONTENEDOR\sitios\activos\AEROEXPRESS\img\av04.jpg --> hs20.ihosting.cl /public_html/desarrollo/tlc/img av04.jpg
2017.03.15 14:00 B G:\CONTENEDOR\sitios\activos\AEROEXPRESS\img\av04.png --> hs20.ihosting.cl /public_html/desarrollo/tlc/img av04.png
2017.03.15 14:00 B G:\CONTENEDOR\sitios\activos\AEROEXPRESS\img\avbg-01.png --> hs20.ihosting.cl /public_html/desarrollo/tlc/img avbg-01.png
2017.03.15 14:00 B G:\CONTENEDOR\sitios\activos\AEROEXPRESS\img\c01.jpg --> hs20.ihosting.cl /public_html/desarrollo/tlc/img c01.jpg
2017.03.15 14:00 B G:\CONTENEDOR\sitios\activos\AEROEXPRESS\img\c02.jpg --> hs20.ihosting.cl /public_html/desarrollo/tlc/img c02.jpg
2017.03.15 14:00 B G:\CONTENEDOR\sitios\activos\AEROEXPRESS\img\c03.jpg --> hs20.ihosting.cl /public_html/desarrollo/tlc/img c03.jpg
2017.03.15 14:00 B G:\CONTENEDOR\sitios\activos\AEROEXPRESS\img\c04.jpg --> hs20.ihosting.cl /public_html/desarrollo/tlc/img c04.jpg
2017.03.15 14:00 B G:\CONTENEDOR\sitios\activos\AEROEXPRESS\img\footer_centro_amigo.png --> hs20.ihosting.cl /public_html/desarrollo/tlc/img footer_centro_amigo.png
2017.03.15 14:00 B G:\CONTENEDOR\sitios\activos\AEROEXPRESS\img\header_mailing.jpg --> hs20.ihosting.cl /public_html/desarrollo/tlc/img header_mailing.jpg
2017.03.15 14:00 B G:\CONTENEDOR\sitios\activos\AEROEXPRESS\img\header_simulador_alt.png --> hs20.ihosting.cl /public_html/desarrollo/tlc/img header_simulador_alt.png
2017.03.15 14:00 B G:\CONTENEDOR\sitios\activos\AEROEXPRESS\img\herobg.jpg --> hs20.ihosting.cl /public_html/desarrollo/tlc/img herobg.jpg
2017.03.15 14:00 B G:\CONTENEDOR\sitios\activos\AEROEXPRESS\img\logo.png --> hs20.ihosting.cl /public_html/desarrollo/tlc/img logo.png
2017.03.15 14:00 B G:\CONTENEDOR\sitios\activos\AEROEXPRESS\img\logo_mailing.jpg --> hs20.ihosting.cl /public_html/desarrollo/tlc/img logo_mailing.jpg
2017.03.15 14:00 B G:\CONTENEDOR\sitios\activos\AEROEXPRESS\img\oferta.png --> hs20.ihosting.cl /public_html/desarrollo/tlc/img oferta.png
2017.03.15 14:00 B G:\CONTENEDOR\sitios\activos\AEROEXPRESS\img\teamsprite.png --> hs20.ihosting.cl /public_html/desarrollo/tlc/img teamsprite.png
2017.03.15 14:00 B G:\CONTENEDOR\sitios\activos\AEROEXPRESS\img\WS_FTP.LOG --> hs20.ihosting.cl /public_html/desarrollo/tlc/img WS_FTP.LOG
