2016.09.14 21:03 B G:\CONTENEDOR\sitios\activos\AEROEXPRESS\webpanel\assets\plugins\pagedown\demo\browser\bootstrap\docs\assets\img\example-sites\totalwireframe.png <-- AEROEXPRESS /public_html/webpanel/assets/plugins/pagedown/demo/browser/bootstrap/docs/assets/img/example-sites totalwireframe.png
2016.09.14 21:03 B G:\CONTENEDOR\sitios\activos\AEROEXPRESS\webpanel\assets\plugins\pagedown\demo\browser\bootstrap\docs\assets\img\example-sites\railwayjs.png <-- AEROEXPRESS /public_html/webpanel/assets/plugins/pagedown/demo/browser/bootstrap/docs/assets/img/example-sites railwayjs.png
2016.09.14 21:03 B G:\CONTENEDOR\sitios\activos\AEROEXPRESS\webpanel\assets\plugins\pagedown\demo\browser\bootstrap\docs\assets\img\example-sites\kippt.png <-- AEROEXPRESS /public_html/webpanel/assets/plugins/pagedown/demo/browser/bootstrap/docs/assets/img/example-sites kippt.png
2016.09.14 21:03 B G:\CONTENEDOR\sitios\activos\AEROEXPRESS\webpanel\assets\plugins\pagedown\demo\browser\bootstrap\docs\assets\img\example-sites\jshint.png <-- AEROEXPRESS /public_html/webpanel/assets/plugins/pagedown/demo/browser/bootstrap/docs/assets/img/example-sites jshint.png
2016.09.14 21:03 B G:\CONTENEDOR\sitios\activos\AEROEXPRESS\webpanel\assets\plugins\pagedown\demo\browser\bootstrap\docs\assets\img\example-sites\fleetio.png <-- AEROEXPRESS /public_html/webpanel/assets/plugins/pagedown/demo/browser/bootstrap/docs/assets/img/example-sites fleetio.png
2016.09.14 21:03 B G:\CONTENEDOR\sitios\activos\AEROEXPRESS\webpanel\assets\plugins\pagedown\demo\browser\bootstrap\docs\assets\img\example-sites\bartop.png <-- AEROEXPRESS /public_html/webpanel/assets/plugins/pagedown/demo/browser/bootstrap/docs/assets/img/example-sites bartop.png
2017.03.15 14:10 B G:\CONTENEDOR\sitios\activos\AEROEXPRESS\webpanel\assets\plugins\pagedown\demo\browser\bootstrap\docs\assets\img\example-sites\bartop.png --> hs20.ihosting.cl /public_html/desarrollo/tlc/webpanel/assets/plugins/pagedown/demo/browser/bootstrap/docs/assets/img/example-sites bartop.png
2017.03.15 14:10 B G:\CONTENEDOR\sitios\activos\AEROEXPRESS\webpanel\assets\plugins\pagedown\demo\browser\bootstrap\docs\assets\img\example-sites\fleetio.png --> hs20.ihosting.cl /public_html/desarrollo/tlc/webpanel/assets/plugins/pagedown/demo/browser/bootstrap/docs/assets/img/example-sites fleetio.png
2017.03.15 14:10 B G:\CONTENEDOR\sitios\activos\AEROEXPRESS\webpanel\assets\plugins\pagedown\demo\browser\bootstrap\docs\assets\img\example-sites\jshint.png --> hs20.ihosting.cl /public_html/desarrollo/tlc/webpanel/assets/plugins/pagedown/demo/browser/bootstrap/docs/assets/img/example-sites jshint.png
2017.03.15 14:10 B G:\CONTENEDOR\sitios\activos\AEROEXPRESS\webpanel\assets\plugins\pagedown\demo\browser\bootstrap\docs\assets\img\example-sites\kippt.png --> hs20.ihosting.cl /public_html/desarrollo/tlc/webpanel/assets/plugins/pagedown/demo/browser/bootstrap/docs/assets/img/example-sites kippt.png
2017.03.15 14:10 B G:\CONTENEDOR\sitios\activos\AEROEXPRESS\webpanel\assets\plugins\pagedown\demo\browser\bootstrap\docs\assets\img\example-sites\railwayjs.png --> hs20.ihosting.cl /public_html/desarrollo/tlc/webpanel/assets/plugins/pagedown/demo/browser/bootstrap/docs/assets/img/example-sites railwayjs.png
2017.03.15 14:10 B G:\CONTENEDOR\sitios\activos\AEROEXPRESS\webpanel\assets\plugins\pagedown\demo\browser\bootstrap\docs\assets\img\example-sites\totalwireframe.png --> hs20.ihosting.cl /public_html/desarrollo/tlc/webpanel/assets/plugins/pagedown/demo/browser/bootstrap/docs/assets/img/example-sites totalwireframe.png
2017.03.15 14:10 B G:\CONTENEDOR\sitios\activos\AEROEXPRESS\webpanel\assets\plugins\pagedown\demo\browser\bootstrap\docs\assets\img\example-sites\WS_FTP.LOG --> hs20.ihosting.cl /public_html/desarrollo/tlc/webpanel/assets/plugins/pagedown/demo/browser/bootstrap/docs/assets/img/example-sites WS_FTP.LOG
2017.05.01 19:36 B G:\CONTENEDOR\sitios\activos\tlc\webpanel\assets\plugins\pagedown\demo\browser\bootstrap\docs\assets\img\example-sites\WS_FTP.LOG --> hs33.ihosting.cl /public_html/webpanel/assets/plugins/pagedown/demo/browser/bootstrap/docs/assets/img/example-sites WS_FTP.LOG
2017.05.01 19:36 B G:\CONTENEDOR\sitios\activos\tlc\webpanel\assets\plugins\pagedown\demo\browser\bootstrap\docs\assets\img\example-sites\totalwireframe.png --> hs33.ihosting.cl /public_html/webpanel/assets/plugins/pagedown/demo/browser/bootstrap/docs/assets/img/example-sites totalwireframe.png
2017.05.01 19:36 B G:\CONTENEDOR\sitios\activos\tlc\webpanel\assets\plugins\pagedown\demo\browser\bootstrap\docs\assets\img\example-sites\railwayjs.png --> hs33.ihosting.cl /public_html/webpanel/assets/plugins/pagedown/demo/browser/bootstrap/docs/assets/img/example-sites railwayjs.png
2017.05.01 19:36 B G:\CONTENEDOR\sitios\activos\tlc\webpanel\assets\plugins\pagedown\demo\browser\bootstrap\docs\assets\img\example-sites\kippt.png --> hs33.ihosting.cl /public_html/webpanel/assets/plugins/pagedown/demo/browser/bootstrap/docs/assets/img/example-sites kippt.png
2017.05.01 19:36 B G:\CONTENEDOR\sitios\activos\tlc\webpanel\assets\plugins\pagedown\demo\browser\bootstrap\docs\assets\img\example-sites\jshint.png --> hs33.ihosting.cl /public_html/webpanel/assets/plugins/pagedown/demo/browser/bootstrap/docs/assets/img/example-sites jshint.png
2017.05.01 19:36 B G:\CONTENEDOR\sitios\activos\tlc\webpanel\assets\plugins\pagedown\demo\browser\bootstrap\docs\assets\img\example-sites\fleetio.png --> hs33.ihosting.cl /public_html/webpanel/assets/plugins/pagedown/demo/browser/bootstrap/docs/assets/img/example-sites fleetio.png
2017.05.01 19:36 B G:\CONTENEDOR\sitios\activos\tlc\webpanel\assets\plugins\pagedown\demo\browser\bootstrap\docs\assets\img\example-sites\bartop.png --> hs33.ihosting.cl /public_html/webpanel/assets/plugins/pagedown/demo/browser/bootstrap/docs/assets/img/example-sites bartop.png
